[2021-10-21 12:01:38,099] {processor.py:163} INFO - Started process (PID=22301) to work on /opt/anaconda3/envs/af2/lib/python3.8/site-packages/airflow/example_dags/subdags/subdag.py
[2021-10-21 12:01:38,100] {processor.py:620} INFO - Processing file /opt/anaconda3/envs/af2/lib/python3.8/site-packages/airflow/example_dags/subdags/subdag.py for tasks to queue
[2021-10-21 12:01:38,100] {logging_mixin.py:109} INFO - [2021-10-21 12:01:38,100] {dagbag.py:500} INFO - Filling up the DagBag from /opt/anaconda3/envs/af2/lib/python3.8/site-packages/airflow/example_dags/subdags/subdag.py
[2021-10-21 12:01:38,113] {processor.py:634} WARNING - No viable dags retrieved from /opt/anaconda3/envs/af2/lib/python3.8/site-packages/airflow/example_dags/subdags/subdag.py
[2021-10-21 12:01:38,113] {processor.py:171} INFO - Processing /opt/anaconda3/envs/af2/lib/python3.8/site-packages/airflow/example_dags/subdags/subdag.py took 0.014 seconds
[2021-10-21 12:02:44,371] {processor.py:163} INFO - Started process (PID=22437) to work on /opt/anaconda3/envs/af2/lib/python3.8/site-packages/airflow/example_dags/subdags/subdag.py
[2021-10-21 12:02:44,372] {processor.py:620} INFO - Processing file /opt/anaconda3/envs/af2/lib/python3.8/site-packages/airflow/example_dags/subdags/subdag.py for tasks to queue
[2021-10-21 12:02:44,372] {logging_mixin.py:109} INFO - [2021-10-21 12:02:44,372] {dagbag.py:500} INFO - Filling up the DagBag from /opt/anaconda3/envs/af2/lib/python3.8/site-packages/airflow/example_dags/subdags/subdag.py
[2021-10-21 12:02:44,384] {processor.py:634} WARNING - No viable dags retrieved from /opt/anaconda3/envs/af2/lib/python3.8/site-packages/airflow/example_dags/subdags/subdag.py
[2021-10-21 12:02:44,385] {processor.py:171} INFO - Processing /opt/anaconda3/envs/af2/lib/python3.8/site-packages/airflow/example_dags/subdags/subdag.py took 0.015 seconds
[2021-10-21 12:03:10,680] {processor.py:163} INFO - Started process (PID=22503) to work on /opt/anaconda3/envs/af2/lib/python3.8/site-packages/airflow/example_dags/subdags/subdag.py
[2021-10-21 12:03:10,681] {processor.py:620} INFO - Processing file /opt/anaconda3/envs/af2/lib/python3.8/site-packages/airflow/example_dags/subdags/subdag.py for tasks to queue
[2021-10-21 12:03:10,681] {logging_mixin.py:109} INFO - [2021-10-21 12:03:10,681] {dagbag.py:500} INFO - Filling up the DagBag from /opt/anaconda3/envs/af2/lib/python3.8/site-packages/airflow/example_dags/subdags/subdag.py
[2021-10-21 12:03:10,695] {processor.py:634} WARNING - No viable dags retrieved from /opt/anaconda3/envs/af2/lib/python3.8/site-packages/airflow/example_dags/subdags/subdag.py
[2021-10-21 12:03:10,697] {processor.py:171} INFO - Processing /opt/anaconda3/envs/af2/lib/python3.8/site-packages/airflow/example_dags/subdags/subdag.py took 0.018 seconds
[2021-10-21 12:04:18,495] {processor.py:163} INFO - Started process (PID=22597) to work on /opt/anaconda3/envs/af2/lib/python3.8/site-packages/airflow/example_dags/subdags/subdag.py
[2021-10-21 12:04:18,496] {processor.py:620} INFO - Processing file /opt/anaconda3/envs/af2/lib/python3.8/site-packages/airflow/example_dags/subdags/subdag.py for tasks to queue
[2021-10-21 12:04:18,496] {logging_mixin.py:109} INFO - [2021-10-21 12:04:18,496] {dagbag.py:500} INFO - Filling up the DagBag from /opt/anaconda3/envs/af2/lib/python3.8/site-packages/airflow/example_dags/subdags/subdag.py
[2021-10-21 12:04:18,510] {processor.py:634} WARNING - No viable dags retrieved from /opt/anaconda3/envs/af2/lib/python3.8/site-packages/airflow/example_dags/subdags/subdag.py
[2021-10-21 12:04:18,510] {processor.py:171} INFO - Processing /opt/anaconda3/envs/af2/lib/python3.8/site-packages/airflow/example_dags/subdags/subdag.py took 0.016 seconds
[2021-10-21 12:05:25,762] {processor.py:163} INFO - Started process (PID=22764) to work on /opt/anaconda3/envs/af2/lib/python3.8/site-packages/airflow/example_dags/subdags/subdag.py
[2021-10-21 12:05:25,762] {processor.py:620} INFO - Processing file /opt/anaconda3/envs/af2/lib/python3.8/site-packages/airflow/example_dags/subdags/subdag.py for tasks to queue
[2021-10-21 12:05:25,762] {logging_mixin.py:109} INFO - [2021-10-21 12:05:25,762] {dagbag.py:500} INFO - Filling up the DagBag from /opt/anaconda3/envs/af2/lib/python3.8/site-packages/airflow/example_dags/subdags/subdag.py
[2021-10-21 12:05:25,775] {processor.py:634} WARNING - No viable dags retrieved from /opt/anaconda3/envs/af2/lib/python3.8/site-packages/airflow/example_dags/subdags/subdag.py
[2021-10-21 12:05:25,776] {processor.py:171} INFO - Processing /opt/anaconda3/envs/af2/lib/python3.8/site-packages/airflow/example_dags/subdags/subdag.py took 0.014 seconds
[2021-10-21 12:11:21,612] {processor.py:163} INFO - Started process (PID=22986) to work on /opt/anaconda3/envs/af2/lib/python3.8/site-packages/airflow/example_dags/subdags/subdag.py
[2021-10-21 12:11:21,614] {processor.py:620} INFO - Processing file /opt/anaconda3/envs/af2/lib/python3.8/site-packages/airflow/example_dags/subdags/subdag.py for tasks to queue
[2021-10-21 12:11:21,614] {logging_mixin.py:109} INFO - [2021-10-21 12:11:21,614] {dagbag.py:500} INFO - Filling up the DagBag from /opt/anaconda3/envs/af2/lib/python3.8/site-packages/airflow/example_dags/subdags/subdag.py
[2021-10-21 12:11:21,627] {processor.py:634} WARNING - No viable dags retrieved from /opt/anaconda3/envs/af2/lib/python3.8/site-packages/airflow/example_dags/subdags/subdag.py
[2021-10-21 12:11:21,628] {processor.py:171} INFO - Processing /opt/anaconda3/envs/af2/lib/python3.8/site-packages/airflow/example_dags/subdags/subdag.py took 0.016 seconds
[2021-10-21 12:12:32,277] {processor.py:163} INFO - Started process (PID=23137) to work on /opt/anaconda3/envs/af2/lib/python3.8/site-packages/airflow/example_dags/subdags/subdag.py
[2021-10-21 12:12:32,278] {processor.py:620} INFO - Processing file /opt/anaconda3/envs/af2/lib/python3.8/site-packages/airflow/example_dags/subdags/subdag.py for tasks to queue
[2021-10-21 12:12:32,278] {logging_mixin.py:109} INFO - [2021-10-21 12:12:32,278] {dagbag.py:500} INFO - Filling up the DagBag from /opt/anaconda3/envs/af2/lib/python3.8/site-packages/airflow/example_dags/subdags/subdag.py
[2021-10-21 12:12:32,291] {processor.py:634} WARNING - No viable dags retrieved from /opt/anaconda3/envs/af2/lib/python3.8/site-packages/airflow/example_dags/subdags/subdag.py
[2021-10-21 12:12:32,292] {processor.py:171} INFO - Processing /opt/anaconda3/envs/af2/lib/python3.8/site-packages/airflow/example_dags/subdags/subdag.py took 0.015 seconds
[2021-10-21 12:13:11,293] {processor.py:163} INFO - Started process (PID=23212) to work on /opt/anaconda3/envs/af2/lib/python3.8/site-packages/airflow/example_dags/subdags/subdag.py
[2021-10-21 12:13:11,294] {processor.py:620} INFO - Processing file /opt/anaconda3/envs/af2/lib/python3.8/site-packages/airflow/example_dags/subdags/subdag.py for tasks to queue
[2021-10-21 12:13:11,294] {logging_mixin.py:109} INFO - [2021-10-21 12:13:11,294] {dagbag.py:500} INFO - Filling up the DagBag from /opt/anaconda3/envs/af2/lib/python3.8/site-packages/airflow/example_dags/subdags/subdag.py
[2021-10-21 12:13:11,307] {processor.py:634} WARNING - No viable dags retrieved from /opt/anaconda3/envs/af2/lib/python3.8/site-packages/airflow/example_dags/subdags/subdag.py
[2021-10-21 12:13:11,308] {processor.py:171} INFO - Processing /opt/anaconda3/envs/af2/lib/python3.8/site-packages/airflow/example_dags/subdags/subdag.py took 0.015 seconds
[2021-10-21 12:13:48,691] {processor.py:163} INFO - Started process (PID=23266) to work on /opt/anaconda3/envs/af2/lib/python3.8/site-packages/airflow/example_dags/subdags/subdag.py
[2021-10-21 12:13:48,692] {processor.py:620} INFO - Processing file /opt/anaconda3/envs/af2/lib/python3.8/site-packages/airflow/example_dags/subdags/subdag.py for tasks to queue
[2021-10-21 12:13:48,692] {logging_mixin.py:109} INFO - [2021-10-21 12:13:48,692] {dagbag.py:500} INFO - Filling up the DagBag from /opt/anaconda3/envs/af2/lib/python3.8/site-packages/airflow/example_dags/subdags/subdag.py
[2021-10-21 12:13:48,706] {processor.py:634} WARNING - No viable dags retrieved from /opt/anaconda3/envs/af2/lib/python3.8/site-packages/airflow/example_dags/subdags/subdag.py
[2021-10-21 12:13:48,707] {processor.py:171} INFO - Processing /opt/anaconda3/envs/af2/lib/python3.8/site-packages/airflow/example_dags/subdags/subdag.py took 0.017 seconds
[2021-10-21 12:14:26,257] {processor.py:163} INFO - Started process (PID=23310) to work on /opt/anaconda3/envs/af2/lib/python3.8/site-packages/airflow/example_dags/subdags/subdag.py
[2021-10-21 12:14:26,258] {processor.py:620} INFO - Processing file /opt/anaconda3/envs/af2/lib/python3.8/site-packages/airflow/example_dags/subdags/subdag.py for tasks to queue
[2021-10-21 12:14:26,258] {logging_mixin.py:109} INFO - [2021-10-21 12:14:26,258] {dagbag.py:500} INFO - Filling up the DagBag from /opt/anaconda3/envs/af2/lib/python3.8/site-packages/airflow/example_dags/subdags/subdag.py
[2021-10-21 12:14:26,271] {processor.py:634} WARNING - No viable dags retrieved from /opt/anaconda3/envs/af2/lib/python3.8/site-packages/airflow/example_dags/subdags/subdag.py
[2021-10-21 12:14:26,272] {processor.py:171} INFO - Processing /opt/anaconda3/envs/af2/lib/python3.8/site-packages/airflow/example_dags/subdags/subdag.py took 0.015 seconds
[2021-10-21 12:15:03,615] {processor.py:163} INFO - Started process (PID=23359) to work on /opt/anaconda3/envs/af2/lib/python3.8/site-packages/airflow/example_dags/subdags/subdag.py
[2021-10-21 12:15:03,617] {processor.py:620} INFO - Processing file /opt/anaconda3/envs/af2/lib/python3.8/site-packages/airflow/example_dags/subdags/subdag.py for tasks to queue
[2021-10-21 12:15:03,617] {logging_mixin.py:109} INFO - [2021-10-21 12:15:03,617] {dagbag.py:500} INFO - Filling up the DagBag from /opt/anaconda3/envs/af2/lib/python3.8/site-packages/airflow/example_dags/subdags/subdag.py
[2021-10-21 12:15:03,630] {processor.py:634} WARNING - No viable dags retrieved from /opt/anaconda3/envs/af2/lib/python3.8/site-packages/airflow/example_dags/subdags/subdag.py
[2021-10-21 12:15:03,631] {processor.py:171} INFO - Processing /opt/anaconda3/envs/af2/lib/python3.8/site-packages/airflow/example_dags/subdags/subdag.py took 0.016 seconds
[2021-10-21 12:15:41,793] {processor.py:163} INFO - Started process (PID=23429) to work on /opt/anaconda3/envs/af2/lib/python3.8/site-packages/airflow/example_dags/subdags/subdag.py
[2021-10-21 12:15:41,793] {processor.py:620} INFO - Processing file /opt/anaconda3/envs/af2/lib/python3.8/site-packages/airflow/example_dags/subdags/subdag.py for tasks to queue
[2021-10-21 12:15:41,793] {logging_mixin.py:109} INFO - [2021-10-21 12:15:41,793] {dagbag.py:500} INFO - Filling up the DagBag from /opt/anaconda3/envs/af2/lib/python3.8/site-packages/airflow/example_dags/subdags/subdag.py
[2021-10-21 12:15:41,806] {processor.py:634} WARNING - No viable dags retrieved from /opt/anaconda3/envs/af2/lib/python3.8/site-packages/airflow/example_dags/subdags/subdag.py
[2021-10-21 12:15:41,807] {processor.py:171} INFO - Processing /opt/anaconda3/envs/af2/lib/python3.8/site-packages/airflow/example_dags/subdags/subdag.py took 0.014 seconds
[2021-10-21 12:16:20,611] {processor.py:163} INFO - Started process (PID=23498) to work on /opt/anaconda3/envs/af2/lib/python3.8/site-packages/airflow/example_dags/subdags/subdag.py
[2021-10-21 12:16:20,612] {processor.py:620} INFO - Processing file /opt/anaconda3/envs/af2/lib/python3.8/site-packages/airflow/example_dags/subdags/subdag.py for tasks to queue
[2021-10-21 12:16:20,612] {logging_mixin.py:109} INFO - [2021-10-21 12:16:20,612] {dagbag.py:500} INFO - Filling up the DagBag from /opt/anaconda3/envs/af2/lib/python3.8/site-packages/airflow/example_dags/subdags/subdag.py
[2021-10-21 12:16:20,624] {processor.py:634} WARNING - No viable dags retrieved from /opt/anaconda3/envs/af2/lib/python3.8/site-packages/airflow/example_dags/subdags/subdag.py
[2021-10-21 12:16:20,625] {processor.py:171} INFO - Processing /opt/anaconda3/envs/af2/lib/python3.8/site-packages/airflow/example_dags/subdags/subdag.py took 0.014 seconds
[2021-10-21 12:16:57,860] {processor.py:163} INFO - Started process (PID=23557) to work on /opt/anaconda3/envs/af2/lib/python3.8/site-packages/airflow/example_dags/subdags/subdag.py
[2021-10-21 12:16:57,861] {processor.py:620} INFO - Processing file /opt/anaconda3/envs/af2/lib/python3.8/site-packages/airflow/example_dags/subdags/subdag.py for tasks to queue
[2021-10-21 12:16:57,861] {logging_mixin.py:109} INFO - [2021-10-21 12:16:57,861] {dagbag.py:500} INFO - Filling up the DagBag from /opt/anaconda3/envs/af2/lib/python3.8/site-packages/airflow/example_dags/subdags/subdag.py
[2021-10-21 12:16:57,873] {processor.py:634} WARNING - No viable dags retrieved from /opt/anaconda3/envs/af2/lib/python3.8/site-packages/airflow/example_dags/subdags/subdag.py
[2021-10-21 12:16:57,874] {processor.py:171} INFO - Processing /opt/anaconda3/envs/af2/lib/python3.8/site-packages/airflow/example_dags/subdags/subdag.py took 0.015 seconds
[2021-10-21 12:17:34,932] {processor.py:163} INFO - Started process (PID=23602) to work on /opt/anaconda3/envs/af2/lib/python3.8/site-packages/airflow/example_dags/subdags/subdag.py
[2021-10-21 12:17:34,932] {processor.py:620} INFO - Processing file /opt/anaconda3/envs/af2/lib/python3.8/site-packages/airflow/example_dags/subdags/subdag.py for tasks to queue
[2021-10-21 12:17:34,932] {logging_mixin.py:109} INFO - [2021-10-21 12:17:34,932] {dagbag.py:500} INFO - Filling up the DagBag from /opt/anaconda3/envs/af2/lib/python3.8/site-packages/airflow/example_dags/subdags/subdag.py
[2021-10-21 12:17:34,946] {processor.py:634} WARNING - No viable dags retrieved from /opt/anaconda3/envs/af2/lib/python3.8/site-packages/airflow/example_dags/subdags/subdag.py
[2021-10-21 12:17:34,947] {processor.py:171} INFO - Processing /opt/anaconda3/envs/af2/lib/python3.8/site-packages/airflow/example_dags/subdags/subdag.py took 0.016 seconds
[2021-10-21 12:18:12,294] {processor.py:163} INFO - Started process (PID=23646) to work on /opt/anaconda3/envs/af2/lib/python3.8/site-packages/airflow/example_dags/subdags/subdag.py
[2021-10-21 12:18:12,294] {processor.py:620} INFO - Processing file /opt/anaconda3/envs/af2/lib/python3.8/site-packages/airflow/example_dags/subdags/subdag.py for tasks to queue
[2021-10-21 12:18:12,295] {logging_mixin.py:109} INFO - [2021-10-21 12:18:12,295] {dagbag.py:500} INFO - Filling up the DagBag from /opt/anaconda3/envs/af2/lib/python3.8/site-packages/airflow/example_dags/subdags/subdag.py
[2021-10-21 12:18:12,308] {processor.py:634} WARNING - No viable dags retrieved from /opt/anaconda3/envs/af2/lib/python3.8/site-packages/airflow/example_dags/subdags/subdag.py
[2021-10-21 12:18:12,309] {processor.py:171} INFO - Processing /opt/anaconda3/envs/af2/lib/python3.8/site-packages/airflow/example_dags/subdags/subdag.py took 0.015 seconds
[2021-10-21 12:18:49,107] {processor.py:163} INFO - Started process (PID=23793) to work on /opt/anaconda3/envs/af2/lib/python3.8/site-packages/airflow/example_dags/subdags/subdag.py
[2021-10-21 12:18:49,108] {processor.py:620} INFO - Processing file /opt/anaconda3/envs/af2/lib/python3.8/site-packages/airflow/example_dags/subdags/subdag.py for tasks to queue
[2021-10-21 12:18:49,109] {logging_mixin.py:109} INFO - [2021-10-21 12:18:49,109] {dagbag.py:500} INFO - Filling up the DagBag from /opt/anaconda3/envs/af2/lib/python3.8/site-packages/airflow/example_dags/subdags/subdag.py
[2021-10-21 12:18:49,122] {processor.py:634} WARNING - No viable dags retrieved from /opt/anaconda3/envs/af2/lib/python3.8/site-packages/airflow/example_dags/subdags/subdag.py
[2021-10-21 12:18:49,122] {processor.py:171} INFO - Processing /opt/anaconda3/envs/af2/lib/python3.8/site-packages/airflow/example_dags/subdags/subdag.py took 0.016 seconds
[2021-10-21 12:19:26,138] {processor.py:163} INFO - Started process (PID=23843) to work on /opt/anaconda3/envs/af2/lib/python3.8/site-packages/airflow/example_dags/subdags/subdag.py
[2021-10-21 12:19:26,139] {processor.py:620} INFO - Processing file /opt/anaconda3/envs/af2/lib/python3.8/site-packages/airflow/example_dags/subdags/subdag.py for tasks to queue
[2021-10-21 12:19:26,140] {logging_mixin.py:109} INFO - [2021-10-21 12:19:26,140] {dagbag.py:500} INFO - Filling up the DagBag from /opt/anaconda3/envs/af2/lib/python3.8/site-packages/airflow/example_dags/subdags/subdag.py
[2021-10-21 12:19:26,153] {processor.py:634} WARNING - No viable dags retrieved from /opt/anaconda3/envs/af2/lib/python3.8/site-packages/airflow/example_dags/subdags/subdag.py
[2021-10-21 12:19:26,153] {processor.py:171} INFO - Processing /opt/anaconda3/envs/af2/lib/python3.8/site-packages/airflow/example_dags/subdags/subdag.py took 0.015 seconds
[2021-10-21 12:20:02,725] {processor.py:163} INFO - Started process (PID=23900) to work on /opt/anaconda3/envs/af2/lib/python3.8/site-packages/airflow/example_dags/subdags/subdag.py
[2021-10-21 12:20:02,726] {processor.py:620} INFO - Processing file /opt/anaconda3/envs/af2/lib/python3.8/site-packages/airflow/example_dags/subdags/subdag.py for tasks to queue
[2021-10-21 12:20:02,726] {logging_mixin.py:109} INFO - [2021-10-21 12:20:02,726] {dagbag.py:500} INFO - Filling up the DagBag from /opt/anaconda3/envs/af2/lib/python3.8/site-packages/airflow/example_dags/subdags/subdag.py
[2021-10-21 12:20:02,739] {processor.py:634} WARNING - No viable dags retrieved from /opt/anaconda3/envs/af2/lib/python3.8/site-packages/airflow/example_dags/subdags/subdag.py
[2021-10-21 12:20:02,740] {processor.py:171} INFO - Processing /opt/anaconda3/envs/af2/lib/python3.8/site-packages/airflow/example_dags/subdags/subdag.py took 0.015 seconds
[2021-10-21 12:20:37,888] {processor.py:163} INFO - Started process (PID=23964) to work on /opt/anaconda3/envs/af2/lib/python3.8/site-packages/airflow/example_dags/subdags/subdag.py
[2021-10-21 12:20:37,889] {processor.py:620} INFO - Processing file /opt/anaconda3/envs/af2/lib/python3.8/site-packages/airflow/example_dags/subdags/subdag.py for tasks to queue
[2021-10-21 12:20:37,889] {logging_mixin.py:109} INFO - [2021-10-21 12:20:37,889] {dagbag.py:500} INFO - Filling up the DagBag from /opt/anaconda3/envs/af2/lib/python3.8/site-packages/airflow/example_dags/subdags/subdag.py
[2021-10-21 12:20:37,903] {processor.py:634} WARNING - No viable dags retrieved from /opt/anaconda3/envs/af2/lib/python3.8/site-packages/airflow/example_dags/subdags/subdag.py
[2021-10-21 12:20:37,904] {processor.py:171} INFO - Processing /opt/anaconda3/envs/af2/lib/python3.8/site-packages/airflow/example_dags/subdags/subdag.py took 0.016 seconds
[2021-10-21 12:21:14,634] {processor.py:163} INFO - Started process (PID=24072) to work on /opt/anaconda3/envs/af2/lib/python3.8/site-packages/airflow/example_dags/subdags/subdag.py
[2021-10-21 12:21:14,634] {processor.py:620} INFO - Processing file /opt/anaconda3/envs/af2/lib/python3.8/site-packages/airflow/example_dags/subdags/subdag.py for tasks to queue
[2021-10-21 12:21:14,634] {logging_mixin.py:109} INFO - [2021-10-21 12:21:14,634] {dagbag.py:500} INFO - Filling up the DagBag from /opt/anaconda3/envs/af2/lib/python3.8/site-packages/airflow/example_dags/subdags/subdag.py
[2021-10-21 12:21:14,647] {processor.py:634} WARNING - No viable dags retrieved from /opt/anaconda3/envs/af2/lib/python3.8/site-packages/airflow/example_dags/subdags/subdag.py
[2021-10-21 12:21:14,648] {processor.py:171} INFO - Processing /opt/anaconda3/envs/af2/lib/python3.8/site-packages/airflow/example_dags/subdags/subdag.py took 0.015 seconds
[2021-10-21 12:21:48,424] {processor.py:163} INFO - Started process (PID=24124) to work on /opt/anaconda3/envs/af2/lib/python3.8/site-packages/airflow/example_dags/subdags/subdag.py
[2021-10-21 12:21:48,425] {processor.py:620} INFO - Processing file /opt/anaconda3/envs/af2/lib/python3.8/site-packages/airflow/example_dags/subdags/subdag.py for tasks to queue
[2021-10-21 12:21:48,425] {logging_mixin.py:109} INFO - [2021-10-21 12:21:48,425] {dagbag.py:500} INFO - Filling up the DagBag from /opt/anaconda3/envs/af2/lib/python3.8/site-packages/airflow/example_dags/subdags/subdag.py
[2021-10-21 12:21:48,438] {processor.py:634} WARNING - No viable dags retrieved from /opt/anaconda3/envs/af2/lib/python3.8/site-packages/airflow/example_dags/subdags/subdag.py
[2021-10-21 12:21:48,439] {processor.py:171} INFO - Processing /opt/anaconda3/envs/af2/lib/python3.8/site-packages/airflow/example_dags/subdags/subdag.py took 0.015 seconds
[2021-10-21 12:22:55,561] {processor.py:163} INFO - Started process (PID=24207) to work on /opt/anaconda3/envs/af2/lib/python3.8/site-packages/airflow/example_dags/subdags/subdag.py
[2021-10-21 12:22:55,561] {processor.py:620} INFO - Processing file /opt/anaconda3/envs/af2/lib/python3.8/site-packages/airflow/example_dags/subdags/subdag.py for tasks to queue
[2021-10-21 12:22:55,562] {logging_mixin.py:109} INFO - [2021-10-21 12:22:55,562] {dagbag.py:500} INFO - Filling up the DagBag from /opt/anaconda3/envs/af2/lib/python3.8/site-packages/airflow/example_dags/subdags/subdag.py
[2021-10-21 12:22:55,575] {processor.py:634} WARNING - No viable dags retrieved from /opt/anaconda3/envs/af2/lib/python3.8/site-packages/airflow/example_dags/subdags/subdag.py
[2021-10-21 12:22:55,576] {processor.py:171} INFO - Processing /opt/anaconda3/envs/af2/lib/python3.8/site-packages/airflow/example_dags/subdags/subdag.py took 0.015 seconds
[2021-10-21 12:23:32,460] {processor.py:163} INFO - Started process (PID=24338) to work on /opt/anaconda3/envs/af2/lib/python3.8/site-packages/airflow/example_dags/subdags/subdag.py
[2021-10-21 12:23:32,460] {processor.py:620} INFO - Processing file /opt/anaconda3/envs/af2/lib/python3.8/site-packages/airflow/example_dags/subdags/subdag.py for tasks to queue
[2021-10-21 12:23:32,461] {logging_mixin.py:109} INFO - [2021-10-21 12:23:32,461] {dagbag.py:500} INFO - Filling up the DagBag from /opt/anaconda3/envs/af2/lib/python3.8/site-packages/airflow/example_dags/subdags/subdag.py
[2021-10-21 12:23:32,474] {processor.py:634} WARNING - No viable dags retrieved from /opt/anaconda3/envs/af2/lib/python3.8/site-packages/airflow/example_dags/subdags/subdag.py
[2021-10-21 12:23:32,475] {processor.py:171} INFO - Processing /opt/anaconda3/envs/af2/lib/python3.8/site-packages/airflow/example_dags/subdags/subdag.py took 0.016 seconds
[2021-10-21 12:24:09,786] {processor.py:163} INFO - Started process (PID=24387) to work on /opt/anaconda3/envs/af2/lib/python3.8/site-packages/airflow/example_dags/subdags/subdag.py
[2021-10-21 12:24:09,787] {processor.py:620} INFO - Processing file /opt/anaconda3/envs/af2/lib/python3.8/site-packages/airflow/example_dags/subdags/subdag.py for tasks to queue
[2021-10-21 12:24:09,788] {logging_mixin.py:109} INFO - [2021-10-21 12:24:09,788] {dagbag.py:500} INFO - Filling up the DagBag from /opt/anaconda3/envs/af2/lib/python3.8/site-packages/airflow/example_dags/subdags/subdag.py
[2021-10-21 12:24:09,801] {processor.py:634} WARNING - No viable dags retrieved from /opt/anaconda3/envs/af2/lib/python3.8/site-packages/airflow/example_dags/subdags/subdag.py
[2021-10-21 12:24:09,802] {processor.py:171} INFO - Processing /opt/anaconda3/envs/af2/lib/python3.8/site-packages/airflow/example_dags/subdags/subdag.py took 0.015 seconds
[2021-10-21 12:24:46,889] {processor.py:163} INFO - Started process (PID=24430) to work on /opt/anaconda3/envs/af2/lib/python3.8/site-packages/airflow/example_dags/subdags/subdag.py
[2021-10-21 12:24:46,890] {processor.py:620} INFO - Processing file /opt/anaconda3/envs/af2/lib/python3.8/site-packages/airflow/example_dags/subdags/subdag.py for tasks to queue
[2021-10-21 12:24:46,891] {logging_mixin.py:109} INFO - [2021-10-21 12:24:46,891] {dagbag.py:500} INFO - Filling up the DagBag from /opt/anaconda3/envs/af2/lib/python3.8/site-packages/airflow/example_dags/subdags/subdag.py
[2021-10-21 12:24:46,903] {processor.py:634} WARNING - No viable dags retrieved from /opt/anaconda3/envs/af2/lib/python3.8/site-packages/airflow/example_dags/subdags/subdag.py
[2021-10-21 12:24:46,904] {processor.py:171} INFO - Processing /opt/anaconda3/envs/af2/lib/python3.8/site-packages/airflow/example_dags/subdags/subdag.py took 0.015 seconds
[2021-10-21 12:25:23,774] {processor.py:163} INFO - Started process (PID=24496) to work on /opt/anaconda3/envs/af2/lib/python3.8/site-packages/airflow/example_dags/subdags/subdag.py
[2021-10-21 12:25:23,775] {processor.py:620} INFO - Processing file /opt/anaconda3/envs/af2/lib/python3.8/site-packages/airflow/example_dags/subdags/subdag.py for tasks to queue
[2021-10-21 12:25:23,775] {logging_mixin.py:109} INFO - [2021-10-21 12:25:23,775] {dagbag.py:500} INFO - Filling up the DagBag from /opt/anaconda3/envs/af2/lib/python3.8/site-packages/airflow/example_dags/subdags/subdag.py
[2021-10-21 12:25:23,789] {processor.py:634} WARNING - No viable dags retrieved from /opt/anaconda3/envs/af2/lib/python3.8/site-packages/airflow/example_dags/subdags/subdag.py
[2021-10-21 12:25:23,790] {processor.py:171} INFO - Processing /opt/anaconda3/envs/af2/lib/python3.8/site-packages/airflow/example_dags/subdags/subdag.py took 0.016 seconds
[2021-10-21 12:25:58,616] {processor.py:163} INFO - Started process (PID=24635) to work on /opt/anaconda3/envs/af2/lib/python3.8/site-packages/airflow/example_dags/subdags/subdag.py
[2021-10-21 12:25:58,617] {processor.py:620} INFO - Processing file /opt/anaconda3/envs/af2/lib/python3.8/site-packages/airflow/example_dags/subdags/subdag.py for tasks to queue
[2021-10-21 12:25:58,617] {logging_mixin.py:109} INFO - [2021-10-21 12:25:58,617] {dagbag.py:500} INFO - Filling up the DagBag from /opt/anaconda3/envs/af2/lib/python3.8/site-packages/airflow/example_dags/subdags/subdag.py
[2021-10-21 12:25:58,630] {processor.py:634} WARNING - No viable dags retrieved from /opt/anaconda3/envs/af2/lib/python3.8/site-packages/airflow/example_dags/subdags/subdag.py
[2021-10-21 12:25:58,631] {processor.py:171} INFO - Processing /opt/anaconda3/envs/af2/lib/python3.8/site-packages/airflow/example_dags/subdags/subdag.py took 0.015 seconds
[2021-10-21 12:26:35,734] {processor.py:163} INFO - Started process (PID=24740) to work on /opt/anaconda3/envs/af2/lib/python3.8/site-packages/airflow/example_dags/subdags/subdag.py
[2021-10-21 12:26:35,735] {processor.py:620} INFO - Processing file /opt/anaconda3/envs/af2/lib/python3.8/site-packages/airflow/example_dags/subdags/subdag.py for tasks to queue
[2021-10-21 12:26:35,735] {logging_mixin.py:109} INFO - [2021-10-21 12:26:35,735] {dagbag.py:500} INFO - Filling up the DagBag from /opt/anaconda3/envs/af2/lib/python3.8/site-packages/airflow/example_dags/subdags/subdag.py
[2021-10-21 12:26:35,748] {processor.py:634} WARNING - No viable dags retrieved from /opt/anaconda3/envs/af2/lib/python3.8/site-packages/airflow/example_dags/subdags/subdag.py
[2021-10-21 12:26:35,749] {processor.py:171} INFO - Processing /opt/anaconda3/envs/af2/lib/python3.8/site-packages/airflow/example_dags/subdags/subdag.py took 0.015 seconds
[2021-10-21 12:27:12,655] {processor.py:163} INFO - Started process (PID=24782) to work on /opt/anaconda3/envs/af2/lib/python3.8/site-packages/airflow/example_dags/subdags/subdag.py
[2021-10-21 12:27:12,656] {processor.py:620} INFO - Processing file /opt/anaconda3/envs/af2/lib/python3.8/site-packages/airflow/example_dags/subdags/subdag.py for tasks to queue
[2021-10-21 12:27:12,656] {logging_mixin.py:109} INFO - [2021-10-21 12:27:12,656] {dagbag.py:500} INFO - Filling up the DagBag from /opt/anaconda3/envs/af2/lib/python3.8/site-packages/airflow/example_dags/subdags/subdag.py
[2021-10-21 12:27:12,669] {processor.py:634} WARNING - No viable dags retrieved from /opt/anaconda3/envs/af2/lib/python3.8/site-packages/airflow/example_dags/subdags/subdag.py
[2021-10-21 12:27:12,670] {processor.py:171} INFO - Processing /opt/anaconda3/envs/af2/lib/python3.8/site-packages/airflow/example_dags/subdags/subdag.py took 0.015 seconds
[2021-10-21 12:27:49,613] {processor.py:163} INFO - Started process (PID=24881) to work on /opt/anaconda3/envs/af2/lib/python3.8/site-packages/airflow/example_dags/subdags/subdag.py
[2021-10-21 12:27:49,613] {processor.py:620} INFO - Processing file /opt/anaconda3/envs/af2/lib/python3.8/site-packages/airflow/example_dags/subdags/subdag.py for tasks to queue
[2021-10-21 12:27:49,614] {logging_mixin.py:109} INFO - [2021-10-21 12:27:49,614] {dagbag.py:500} INFO - Filling up the DagBag from /opt/anaconda3/envs/af2/lib/python3.8/site-packages/airflow/example_dags/subdags/subdag.py
[2021-10-21 12:27:49,626] {processor.py:634} WARNING - No viable dags retrieved from /opt/anaconda3/envs/af2/lib/python3.8/site-packages/airflow/example_dags/subdags/subdag.py
[2021-10-21 12:27:49,627] {processor.py:171} INFO - Processing /opt/anaconda3/envs/af2/lib/python3.8/site-packages/airflow/example_dags/subdags/subdag.py took 0.014 seconds
[2021-10-21 12:28:26,141] {processor.py:163} INFO - Started process (PID=24940) to work on /opt/anaconda3/envs/af2/lib/python3.8/site-packages/airflow/example_dags/subdags/subdag.py
[2021-10-21 12:28:26,142] {processor.py:620} INFO - Processing file /opt/anaconda3/envs/af2/lib/python3.8/site-packages/airflow/example_dags/subdags/subdag.py for tasks to queue
[2021-10-21 12:28:26,143] {logging_mixin.py:109} INFO - [2021-10-21 12:28:26,143] {dagbag.py:500} INFO - Filling up the DagBag from /opt/anaconda3/envs/af2/lib/python3.8/site-packages/airflow/example_dags/subdags/subdag.py
[2021-10-21 12:28:26,156] {processor.py:634} WARNING - No viable dags retrieved from /opt/anaconda3/envs/af2/lib/python3.8/site-packages/airflow/example_dags/subdags/subdag.py
[2021-10-21 12:28:26,157] {processor.py:171} INFO - Processing /opt/anaconda3/envs/af2/lib/python3.8/site-packages/airflow/example_dags/subdags/subdag.py took 0.015 seconds
[2021-10-21 12:29:01,313] {processor.py:163} INFO - Started process (PID=24995) to work on /opt/anaconda3/envs/af2/lib/python3.8/site-packages/airflow/example_dags/subdags/subdag.py
[2021-10-21 12:29:01,314] {processor.py:620} INFO - Processing file /opt/anaconda3/envs/af2/lib/python3.8/site-packages/airflow/example_dags/subdags/subdag.py for tasks to queue
[2021-10-21 12:29:01,314] {logging_mixin.py:109} INFO - [2021-10-21 12:29:01,314] {dagbag.py:500} INFO - Filling up the DagBag from /opt/anaconda3/envs/af2/lib/python3.8/site-packages/airflow/example_dags/subdags/subdag.py
[2021-10-21 12:29:01,327] {processor.py:634} WARNING - No viable dags retrieved from /opt/anaconda3/envs/af2/lib/python3.8/site-packages/airflow/example_dags/subdags/subdag.py
[2021-10-21 12:29:01,328] {processor.py:171} INFO - Processing /opt/anaconda3/envs/af2/lib/python3.8/site-packages/airflow/example_dags/subdags/subdag.py took 0.015 seconds
[2021-10-21 12:29:38,141] {processor.py:163} INFO - Started process (PID=25036) to work on /opt/anaconda3/envs/af2/lib/python3.8/site-packages/airflow/example_dags/subdags/subdag.py
[2021-10-21 12:29:38,141] {processor.py:620} INFO - Processing file /opt/anaconda3/envs/af2/lib/python3.8/site-packages/airflow/example_dags/subdags/subdag.py for tasks to queue
[2021-10-21 12:29:38,141] {logging_mixin.py:109} INFO - [2021-10-21 12:29:38,141] {dagbag.py:500} INFO - Filling up the DagBag from /opt/anaconda3/envs/af2/lib/python3.8/site-packages/airflow/example_dags/subdags/subdag.py
[2021-10-21 12:29:38,154] {processor.py:634} WARNING - No viable dags retrieved from /opt/anaconda3/envs/af2/lib/python3.8/site-packages/airflow/example_dags/subdags/subdag.py
[2021-10-21 12:29:38,155] {processor.py:171} INFO - Processing /opt/anaconda3/envs/af2/lib/python3.8/site-packages/airflow/example_dags/subdags/subdag.py took 0.014 seconds
[2021-10-21 12:30:19,342] {processor.py:163} INFO - Started process (PID=25117) to work on /opt/anaconda3/envs/af2/lib/python3.8/site-packages/airflow/example_dags/subdags/subdag.py
[2021-10-21 12:30:19,343] {processor.py:620} INFO - Processing file /opt/anaconda3/envs/af2/lib/python3.8/site-packages/airflow/example_dags/subdags/subdag.py for tasks to queue
[2021-10-21 12:30:19,343] {logging_mixin.py:109} INFO - [2021-10-21 12:30:19,343] {dagbag.py:500} INFO - Filling up the DagBag from /opt/anaconda3/envs/af2/lib/python3.8/site-packages/airflow/example_dags/subdags/subdag.py
[2021-10-21 12:30:19,356] {processor.py:634} WARNING - No viable dags retrieved from /opt/anaconda3/envs/af2/lib/python3.8/site-packages/airflow/example_dags/subdags/subdag.py
[2021-10-21 12:30:19,357] {processor.py:171} INFO - Processing /opt/anaconda3/envs/af2/lib/python3.8/site-packages/airflow/example_dags/subdags/subdag.py took 0.015 seconds
[2021-10-21 12:30:59,926] {processor.py:163} INFO - Started process (PID=25212) to work on /opt/anaconda3/envs/af2/lib/python3.8/site-packages/airflow/example_dags/subdags/subdag.py
[2021-10-21 12:30:59,928] {processor.py:620} INFO - Processing file /opt/anaconda3/envs/af2/lib/python3.8/site-packages/airflow/example_dags/subdags/subdag.py for tasks to queue
[2021-10-21 12:30:59,928] {logging_mixin.py:109} INFO - [2021-10-21 12:30:59,928] {dagbag.py:500} INFO - Filling up the DagBag from /opt/anaconda3/envs/af2/lib/python3.8/site-packages/airflow/example_dags/subdags/subdag.py
[2021-10-21 12:30:59,940] {processor.py:634} WARNING - No viable dags retrieved from /opt/anaconda3/envs/af2/lib/python3.8/site-packages/airflow/example_dags/subdags/subdag.py
[2021-10-21 12:30:59,941] {processor.py:171} INFO - Processing /opt/anaconda3/envs/af2/lib/python3.8/site-packages/airflow/example_dags/subdags/subdag.py took 0.015 seconds
[2021-10-21 12:31:40,422] {processor.py:163} INFO - Started process (PID=25283) to work on /opt/anaconda3/envs/af2/lib/python3.8/site-packages/airflow/example_dags/subdags/subdag.py
[2021-10-21 12:31:40,425] {processor.py:620} INFO - Processing file /opt/anaconda3/envs/af2/lib/python3.8/site-packages/airflow/example_dags/subdags/subdag.py for tasks to queue
[2021-10-21 12:31:40,425] {logging_mixin.py:109} INFO - [2021-10-21 12:31:40,425] {dagbag.py:500} INFO - Filling up the DagBag from /opt/anaconda3/envs/af2/lib/python3.8/site-packages/airflow/example_dags/subdags/subdag.py
[2021-10-21 12:31:40,438] {processor.py:634} WARNING - No viable dags retrieved from /opt/anaconda3/envs/af2/lib/python3.8/site-packages/airflow/example_dags/subdags/subdag.py
[2021-10-21 12:31:40,439] {processor.py:171} INFO - Processing /opt/anaconda3/envs/af2/lib/python3.8/site-packages/airflow/example_dags/subdags/subdag.py took 0.018 seconds
[2021-10-21 12:32:22,732] {processor.py:163} INFO - Started process (PID=25325) to work on /opt/anaconda3/envs/af2/lib/python3.8/site-packages/airflow/example_dags/subdags/subdag.py
[2021-10-21 12:32:22,732] {processor.py:620} INFO - Processing file /opt/anaconda3/envs/af2/lib/python3.8/site-packages/airflow/example_dags/subdags/subdag.py for tasks to queue
[2021-10-21 12:32:22,732] {logging_mixin.py:109} INFO - [2021-10-21 12:32:22,732] {dagbag.py:500} INFO - Filling up the DagBag from /opt/anaconda3/envs/af2/lib/python3.8/site-packages/airflow/example_dags/subdags/subdag.py
[2021-10-21 12:32:22,745] {processor.py:634} WARNING - No viable dags retrieved from /opt/anaconda3/envs/af2/lib/python3.8/site-packages/airflow/example_dags/subdags/subdag.py
[2021-10-21 12:32:22,745] {processor.py:171} INFO - Processing /opt/anaconda3/envs/af2/lib/python3.8/site-packages/airflow/example_dags/subdags/subdag.py took 0.015 seconds
[2021-10-21 12:33:03,454] {processor.py:163} INFO - Started process (PID=25396) to work on /opt/anaconda3/envs/af2/lib/python3.8/site-packages/airflow/example_dags/subdags/subdag.py
[2021-10-21 12:33:03,454] {processor.py:620} INFO - Processing file /opt/anaconda3/envs/af2/lib/python3.8/site-packages/airflow/example_dags/subdags/subdag.py for tasks to queue
[2021-10-21 12:33:03,454] {logging_mixin.py:109} INFO - [2021-10-21 12:33:03,454] {dagbag.py:500} INFO - Filling up the DagBag from /opt/anaconda3/envs/af2/lib/python3.8/site-packages/airflow/example_dags/subdags/subdag.py
[2021-10-21 12:33:03,466] {processor.py:634} WARNING - No viable dags retrieved from /opt/anaconda3/envs/af2/lib/python3.8/site-packages/airflow/example_dags/subdags/subdag.py
[2021-10-21 12:33:03,467] {processor.py:171} INFO - Processing /opt/anaconda3/envs/af2/lib/python3.8/site-packages/airflow/example_dags/subdags/subdag.py took 0.014 seconds
[2021-10-21 12:33:45,150] {processor.py:163} INFO - Started process (PID=25461) to work on /opt/anaconda3/envs/af2/lib/python3.8/site-packages/airflow/example_dags/subdags/subdag.py
[2021-10-21 12:33:45,152] {processor.py:620} INFO - Processing file /opt/anaconda3/envs/af2/lib/python3.8/site-packages/airflow/example_dags/subdags/subdag.py for tasks to queue
[2021-10-21 12:33:45,152] {logging_mixin.py:109} INFO - [2021-10-21 12:33:45,152] {dagbag.py:500} INFO - Filling up the DagBag from /opt/anaconda3/envs/af2/lib/python3.8/site-packages/airflow/example_dags/subdags/subdag.py
[2021-10-21 12:33:45,164] {processor.py:634} WARNING - No viable dags retrieved from /opt/anaconda3/envs/af2/lib/python3.8/site-packages/airflow/example_dags/subdags/subdag.py
[2021-10-21 12:33:45,165] {processor.py:171} INFO - Processing /opt/anaconda3/envs/af2/lib/python3.8/site-packages/airflow/example_dags/subdags/subdag.py took 0.015 seconds
[2021-10-21 12:34:26,740] {processor.py:163} INFO - Started process (PID=25528) to work on /opt/anaconda3/envs/af2/lib/python3.8/site-packages/airflow/example_dags/subdags/subdag.py
[2021-10-21 12:34:26,741] {processor.py:620} INFO - Processing file /opt/anaconda3/envs/af2/lib/python3.8/site-packages/airflow/example_dags/subdags/subdag.py for tasks to queue
[2021-10-21 12:34:26,741] {logging_mixin.py:109} INFO - [2021-10-21 12:34:26,741] {dagbag.py:500} INFO - Filling up the DagBag from /opt/anaconda3/envs/af2/lib/python3.8/site-packages/airflow/example_dags/subdags/subdag.py
[2021-10-21 12:34:26,753] {processor.py:634} WARNING - No viable dags retrieved from /opt/anaconda3/envs/af2/lib/python3.8/site-packages/airflow/example_dags/subdags/subdag.py
[2021-10-21 12:34:26,754] {processor.py:171} INFO - Processing /opt/anaconda3/envs/af2/lib/python3.8/site-packages/airflow/example_dags/subdags/subdag.py took 0.015 seconds
[2021-10-21 12:35:11,233] {processor.py:163} INFO - Started process (PID=25579) to work on /opt/anaconda3/envs/af2/lib/python3.8/site-packages/airflow/example_dags/subdags/subdag.py
[2021-10-21 12:35:11,233] {processor.py:620} INFO - Processing file /opt/anaconda3/envs/af2/lib/python3.8/site-packages/airflow/example_dags/subdags/subdag.py for tasks to queue
[2021-10-21 12:35:11,233] {logging_mixin.py:109} INFO - [2021-10-21 12:35:11,233] {dagbag.py:500} INFO - Filling up the DagBag from /opt/anaconda3/envs/af2/lib/python3.8/site-packages/airflow/example_dags/subdags/subdag.py
[2021-10-21 12:35:11,246] {processor.py:634} WARNING - No viable dags retrieved from /opt/anaconda3/envs/af2/lib/python3.8/site-packages/airflow/example_dags/subdags/subdag.py
[2021-10-21 12:35:11,247] {processor.py:171} INFO - Processing /opt/anaconda3/envs/af2/lib/python3.8/site-packages/airflow/example_dags/subdags/subdag.py took 0.015 seconds
[2021-10-21 12:35:56,916] {processor.py:163} INFO - Started process (PID=25625) to work on /opt/anaconda3/envs/af2/lib/python3.8/site-packages/airflow/example_dags/subdags/subdag.py
[2021-10-21 12:35:56,916] {processor.py:620} INFO - Processing file /opt/anaconda3/envs/af2/lib/python3.8/site-packages/airflow/example_dags/subdags/subdag.py for tasks to queue
[2021-10-21 12:35:56,916] {logging_mixin.py:109} INFO - [2021-10-21 12:35:56,916] {dagbag.py:500} INFO - Filling up the DagBag from /opt/anaconda3/envs/af2/lib/python3.8/site-packages/airflow/example_dags/subdags/subdag.py
[2021-10-21 12:35:56,929] {processor.py:634} WARNING - No viable dags retrieved from /opt/anaconda3/envs/af2/lib/python3.8/site-packages/airflow/example_dags/subdags/subdag.py
[2021-10-21 12:35:56,930] {processor.py:171} INFO - Processing /opt/anaconda3/envs/af2/lib/python3.8/site-packages/airflow/example_dags/subdags/subdag.py took 0.015 seconds
[2021-10-21 12:36:38,881] {processor.py:163} INFO - Started process (PID=25686) to work on /opt/anaconda3/envs/af2/lib/python3.8/site-packages/airflow/example_dags/subdags/subdag.py
[2021-10-21 12:36:38,881] {processor.py:620} INFO - Processing file /opt/anaconda3/envs/af2/lib/python3.8/site-packages/airflow/example_dags/subdags/subdag.py for tasks to queue
[2021-10-21 12:36:38,881] {logging_mixin.py:109} INFO - [2021-10-21 12:36:38,881] {dagbag.py:500} INFO - Filling up the DagBag from /opt/anaconda3/envs/af2/lib/python3.8/site-packages/airflow/example_dags/subdags/subdag.py
[2021-10-21 12:36:38,893] {processor.py:634} WARNING - No viable dags retrieved from /opt/anaconda3/envs/af2/lib/python3.8/site-packages/airflow/example_dags/subdags/subdag.py
[2021-10-21 12:36:38,894] {processor.py:171} INFO - Processing /opt/anaconda3/envs/af2/lib/python3.8/site-packages/airflow/example_dags/subdags/subdag.py took 0.015 seconds
[2021-10-21 12:37:21,210] {processor.py:163} INFO - Started process (PID=25730) to work on /opt/anaconda3/envs/af2/lib/python3.8/site-packages/airflow/example_dags/subdags/subdag.py
[2021-10-21 12:37:21,210] {processor.py:620} INFO - Processing file /opt/anaconda3/envs/af2/lib/python3.8/site-packages/airflow/example_dags/subdags/subdag.py for tasks to queue
[2021-10-21 12:37:21,211] {logging_mixin.py:109} INFO - [2021-10-21 12:37:21,211] {dagbag.py:500} INFO - Filling up the DagBag from /opt/anaconda3/envs/af2/lib/python3.8/site-packages/airflow/example_dags/subdags/subdag.py
[2021-10-21 12:37:21,223] {processor.py:634} WARNING - No viable dags retrieved from /opt/anaconda3/envs/af2/lib/python3.8/site-packages/airflow/example_dags/subdags/subdag.py
[2021-10-21 12:37:21,224] {processor.py:171} INFO - Processing /opt/anaconda3/envs/af2/lib/python3.8/site-packages/airflow/example_dags/subdags/subdag.py took 0.015 seconds
[2021-10-21 12:38:20,625] {processor.py:163} INFO - Started process (PID=25826) to work on /opt/anaconda3/envs/af2/lib/python3.8/site-packages/airflow/example_dags/subdags/subdag.py
[2021-10-21 12:38:20,626] {processor.py:620} INFO - Processing file /opt/anaconda3/envs/af2/lib/python3.8/site-packages/airflow/example_dags/subdags/subdag.py for tasks to queue
[2021-10-21 12:38:20,626] {logging_mixin.py:109} INFO - [2021-10-21 12:38:20,626] {dagbag.py:500} INFO - Filling up the DagBag from /opt/anaconda3/envs/af2/lib/python3.8/site-packages/airflow/example_dags/subdags/subdag.py
[2021-10-21 12:38:20,639] {processor.py:634} WARNING - No viable dags retrieved from /opt/anaconda3/envs/af2/lib/python3.8/site-packages/airflow/example_dags/subdags/subdag.py
[2021-10-21 12:38:20,640] {processor.py:171} INFO - Processing /opt/anaconda3/envs/af2/lib/python3.8/site-packages/airflow/example_dags/subdags/subdag.py took 0.016 seconds
[2021-10-21 12:39:54,637] {processor.py:163} INFO - Started process (PID=25928) to work on /opt/anaconda3/envs/af2/lib/python3.8/site-packages/airflow/example_dags/subdags/subdag.py
[2021-10-21 12:39:54,637] {processor.py:620} INFO - Processing file /opt/anaconda3/envs/af2/lib/python3.8/site-packages/airflow/example_dags/subdags/subdag.py for tasks to queue
[2021-10-21 12:39:54,637] {logging_mixin.py:109} INFO - [2021-10-21 12:39:54,637] {dagbag.py:500} INFO - Filling up the DagBag from /opt/anaconda3/envs/af2/lib/python3.8/site-packages/airflow/example_dags/subdags/subdag.py
[2021-10-21 12:39:54,650] {processor.py:634} WARNING - No viable dags retrieved from /opt/anaconda3/envs/af2/lib/python3.8/site-packages/airflow/example_dags/subdags/subdag.py
[2021-10-21 12:39:54,650] {processor.py:171} INFO - Processing /opt/anaconda3/envs/af2/lib/python3.8/site-packages/airflow/example_dags/subdags/subdag.py took 0.015 seconds
[2021-10-21 12:40:52,662] {processor.py:163} INFO - Started process (PID=26002) to work on /opt/anaconda3/envs/af2/lib/python3.8/site-packages/airflow/example_dags/subdags/subdag.py
[2021-10-21 12:40:52,663] {processor.py:620} INFO - Processing file /opt/anaconda3/envs/af2/lib/python3.8/site-packages/airflow/example_dags/subdags/subdag.py for tasks to queue
[2021-10-21 12:40:52,663] {logging_mixin.py:109} INFO - [2021-10-21 12:40:52,663] {dagbag.py:500} INFO - Filling up the DagBag from /opt/anaconda3/envs/af2/lib/python3.8/site-packages/airflow/example_dags/subdags/subdag.py
[2021-10-21 12:40:52,675] {processor.py:634} WARNING - No viable dags retrieved from /opt/anaconda3/envs/af2/lib/python3.8/site-packages/airflow/example_dags/subdags/subdag.py
[2021-10-21 12:40:52,676] {processor.py:171} INFO - Processing /opt/anaconda3/envs/af2/lib/python3.8/site-packages/airflow/example_dags/subdags/subdag.py took 0.014 seconds
[2021-10-21 12:41:36,590] {processor.py:163} INFO - Started process (PID=26045) to work on /opt/anaconda3/envs/af2/lib/python3.8/site-packages/airflow/example_dags/subdags/subdag.py
[2021-10-21 12:41:36,591] {processor.py:620} INFO - Processing file /opt/anaconda3/envs/af2/lib/python3.8/site-packages/airflow/example_dags/subdags/subdag.py for tasks to queue
[2021-10-21 12:41:36,591] {logging_mixin.py:109} INFO - [2021-10-21 12:41:36,591] {dagbag.py:500} INFO - Filling up the DagBag from /opt/anaconda3/envs/af2/lib/python3.8/site-packages/airflow/example_dags/subdags/subdag.py
[2021-10-21 12:41:36,604] {processor.py:634} WARNING - No viable dags retrieved from /opt/anaconda3/envs/af2/lib/python3.8/site-packages/airflow/example_dags/subdags/subdag.py
[2021-10-21 12:41:36,606] {processor.py:171} INFO - Processing /opt/anaconda3/envs/af2/lib/python3.8/site-packages/airflow/example_dags/subdags/subdag.py took 0.016 seconds
[2021-10-21 12:42:20,280] {processor.py:163} INFO - Started process (PID=26098) to work on /opt/anaconda3/envs/af2/lib/python3.8/site-packages/airflow/example_dags/subdags/subdag.py
[2021-10-21 12:42:20,281] {processor.py:620} INFO - Processing file /opt/anaconda3/envs/af2/lib/python3.8/site-packages/airflow/example_dags/subdags/subdag.py for tasks to queue
[2021-10-21 12:42:20,281] {logging_mixin.py:109} INFO - [2021-10-21 12:42:20,281] {dagbag.py:500} INFO - Filling up the DagBag from /opt/anaconda3/envs/af2/lib/python3.8/site-packages/airflow/example_dags/subdags/subdag.py
[2021-10-21 12:42:20,293] {processor.py:634} WARNING - No viable dags retrieved from /opt/anaconda3/envs/af2/lib/python3.8/site-packages/airflow/example_dags/subdags/subdag.py
[2021-10-21 12:42:20,294] {processor.py:171} INFO - Processing /opt/anaconda3/envs/af2/lib/python3.8/site-packages/airflow/example_dags/subdags/subdag.py took 0.014 seconds
[2021-10-21 12:43:01,423] {processor.py:163} INFO - Started process (PID=26147) to work on /opt/anaconda3/envs/af2/lib/python3.8/site-packages/airflow/example_dags/subdags/subdag.py
[2021-10-21 12:43:01,424] {processor.py:620} INFO - Processing file /opt/anaconda3/envs/af2/lib/python3.8/site-packages/airflow/example_dags/subdags/subdag.py for tasks to queue
[2021-10-21 12:43:01,424] {logging_mixin.py:109} INFO - [2021-10-21 12:43:01,424] {dagbag.py:500} INFO - Filling up the DagBag from /opt/anaconda3/envs/af2/lib/python3.8/site-packages/airflow/example_dags/subdags/subdag.py
[2021-10-21 12:43:01,436] {processor.py:634} WARNING - No viable dags retrieved from /opt/anaconda3/envs/af2/lib/python3.8/site-packages/airflow/example_dags/subdags/subdag.py
[2021-10-21 12:43:01,437] {processor.py:171} INFO - Processing /opt/anaconda3/envs/af2/lib/python3.8/site-packages/airflow/example_dags/subdags/subdag.py took 0.014 seconds
[2021-10-21 12:43:43,701] {processor.py:163} INFO - Started process (PID=26196) to work on /opt/anaconda3/envs/af2/lib/python3.8/site-packages/airflow/example_dags/subdags/subdag.py
[2021-10-21 12:43:43,701] {processor.py:620} INFO - Processing file /opt/anaconda3/envs/af2/lib/python3.8/site-packages/airflow/example_dags/subdags/subdag.py for tasks to queue
[2021-10-21 12:43:43,701] {logging_mixin.py:109} INFO - [2021-10-21 12:43:43,701] {dagbag.py:500} INFO - Filling up the DagBag from /opt/anaconda3/envs/af2/lib/python3.8/site-packages/airflow/example_dags/subdags/subdag.py
[2021-10-21 12:43:43,714] {processor.py:634} WARNING - No viable dags retrieved from /opt/anaconda3/envs/af2/lib/python3.8/site-packages/airflow/example_dags/subdags/subdag.py
[2021-10-21 12:43:43,715] {processor.py:171} INFO - Processing /opt/anaconda3/envs/af2/lib/python3.8/site-packages/airflow/example_dags/subdags/subdag.py took 0.015 seconds
[2021-10-21 12:44:10,757] {processor.py:163} INFO - Started process (PID=26242) to work on /opt/anaconda3/envs/af2/lib/python3.8/site-packages/airflow/example_dags/subdags/subdag.py
[2021-10-21 12:44:10,757] {processor.py:620} INFO - Processing file /opt/anaconda3/envs/af2/lib/python3.8/site-packages/airflow/example_dags/subdags/subdag.py for tasks to queue
[2021-10-21 12:44:10,757] {logging_mixin.py:109} INFO - [2021-10-21 12:44:10,757] {dagbag.py:500} INFO - Filling up the DagBag from /opt/anaconda3/envs/af2/lib/python3.8/site-packages/airflow/example_dags/subdags/subdag.py
[2021-10-21 12:44:10,769] {processor.py:634} WARNING - No viable dags retrieved from /opt/anaconda3/envs/af2/lib/python3.8/site-packages/airflow/example_dags/subdags/subdag.py
[2021-10-21 12:44:10,770] {processor.py:171} INFO - Processing /opt/anaconda3/envs/af2/lib/python3.8/site-packages/airflow/example_dags/subdags/subdag.py took 0.014 seconds
[2021-10-21 12:45:51,966] {processor.py:163} INFO - Started process (PID=26374) to work on /opt/anaconda3/envs/af2/lib/python3.8/site-packages/airflow/example_dags/subdags/subdag.py
[2021-10-21 12:45:51,966] {processor.py:620} INFO - Processing file /opt/anaconda3/envs/af2/lib/python3.8/site-packages/airflow/example_dags/subdags/subdag.py for tasks to queue
[2021-10-21 12:45:51,966] {logging_mixin.py:109} INFO - [2021-10-21 12:45:51,966] {dagbag.py:500} INFO - Filling up the DagBag from /opt/anaconda3/envs/af2/lib/python3.8/site-packages/airflow/example_dags/subdags/subdag.py
[2021-10-21 12:45:51,981] {processor.py:634} WARNING - No viable dags retrieved from /opt/anaconda3/envs/af2/lib/python3.8/site-packages/airflow/example_dags/subdags/subdag.py
[2021-10-21 12:45:51,982] {processor.py:171} INFO - Processing /opt/anaconda3/envs/af2/lib/python3.8/site-packages/airflow/example_dags/subdags/subdag.py took 0.017 seconds
[2021-10-21 12:46:35,989] {processor.py:163} INFO - Started process (PID=26473) to work on /opt/anaconda3/envs/af2/lib/python3.8/site-packages/airflow/example_dags/subdags/subdag.py
[2021-10-21 12:46:35,990] {processor.py:620} INFO - Processing file /opt/anaconda3/envs/af2/lib/python3.8/site-packages/airflow/example_dags/subdags/subdag.py for tasks to queue
[2021-10-21 12:46:35,991] {logging_mixin.py:109} INFO - [2021-10-21 12:46:35,991] {dagbag.py:500} INFO - Filling up the DagBag from /opt/anaconda3/envs/af2/lib/python3.8/site-packages/airflow/example_dags/subdags/subdag.py
[2021-10-21 12:46:36,003] {processor.py:634} WARNING - No viable dags retrieved from /opt/anaconda3/envs/af2/lib/python3.8/site-packages/airflow/example_dags/subdags/subdag.py
[2021-10-21 12:46:36,004] {processor.py:171} INFO - Processing /opt/anaconda3/envs/af2/lib/python3.8/site-packages/airflow/example_dags/subdags/subdag.py took 0.015 seconds
[2021-10-21 12:47:19,269] {processor.py:163} INFO - Started process (PID=26579) to work on /opt/anaconda3/envs/af2/lib/python3.8/site-packages/airflow/example_dags/subdags/subdag.py
[2021-10-21 12:47:19,270] {processor.py:620} INFO - Processing file /opt/anaconda3/envs/af2/lib/python3.8/site-packages/airflow/example_dags/subdags/subdag.py for tasks to queue
[2021-10-21 12:47:19,270] {logging_mixin.py:109} INFO - [2021-10-21 12:47:19,270] {dagbag.py:500} INFO - Filling up the DagBag from /opt/anaconda3/envs/af2/lib/python3.8/site-packages/airflow/example_dags/subdags/subdag.py
[2021-10-21 12:47:19,282] {processor.py:634} WARNING - No viable dags retrieved from /opt/anaconda3/envs/af2/lib/python3.8/site-packages/airflow/example_dags/subdags/subdag.py
[2021-10-21 12:47:19,283] {processor.py:171} INFO - Processing /opt/anaconda3/envs/af2/lib/python3.8/site-packages/airflow/example_dags/subdags/subdag.py took 0.015 seconds
[2021-10-21 12:48:01,688] {processor.py:163} INFO - Started process (PID=26674) to work on /opt/anaconda3/envs/af2/lib/python3.8/site-packages/airflow/example_dags/subdags/subdag.py
[2021-10-21 12:48:01,689] {processor.py:620} INFO - Processing file /opt/anaconda3/envs/af2/lib/python3.8/site-packages/airflow/example_dags/subdags/subdag.py for tasks to queue
[2021-10-21 12:48:01,690] {logging_mixin.py:109} INFO - [2021-10-21 12:48:01,690] {dagbag.py:500} INFO - Filling up the DagBag from /opt/anaconda3/envs/af2/lib/python3.8/site-packages/airflow/example_dags/subdags/subdag.py
[2021-10-21 12:48:01,702] {processor.py:634} WARNING - No viable dags retrieved from /opt/anaconda3/envs/af2/lib/python3.8/site-packages/airflow/example_dags/subdags/subdag.py
[2021-10-21 12:48:01,702] {processor.py:171} INFO - Processing /opt/anaconda3/envs/af2/lib/python3.8/site-packages/airflow/example_dags/subdags/subdag.py took 0.015 seconds
[2021-10-21 12:48:41,679] {processor.py:163} INFO - Started process (PID=26727) to work on /opt/anaconda3/envs/af2/lib/python3.8/site-packages/airflow/example_dags/subdags/subdag.py
[2021-10-21 12:48:41,680] {processor.py:620} INFO - Processing file /opt/anaconda3/envs/af2/lib/python3.8/site-packages/airflow/example_dags/subdags/subdag.py for tasks to queue
[2021-10-21 12:48:41,680] {logging_mixin.py:109} INFO - [2021-10-21 12:48:41,680] {dagbag.py:500} INFO - Filling up the DagBag from /opt/anaconda3/envs/af2/lib/python3.8/site-packages/airflow/example_dags/subdags/subdag.py
[2021-10-21 12:48:41,692] {processor.py:634} WARNING - No viable dags retrieved from /opt/anaconda3/envs/af2/lib/python3.8/site-packages/airflow/example_dags/subdags/subdag.py
[2021-10-21 12:48:41,693] {processor.py:171} INFO - Processing /opt/anaconda3/envs/af2/lib/python3.8/site-packages/airflow/example_dags/subdags/subdag.py took 0.015 seconds
[2021-10-21 12:49:52,860] {processor.py:163} INFO - Started process (PID=26873) to work on /opt/anaconda3/envs/af2/lib/python3.8/site-packages/airflow/example_dags/subdags/subdag.py
[2021-10-21 12:49:52,861] {processor.py:620} INFO - Processing file /opt/anaconda3/envs/af2/lib/python3.8/site-packages/airflow/example_dags/subdags/subdag.py for tasks to queue
[2021-10-21 12:49:52,862] {logging_mixin.py:109} INFO - [2021-10-21 12:49:52,862] {dagbag.py:500} INFO - Filling up the DagBag from /opt/anaconda3/envs/af2/lib/python3.8/site-packages/airflow/example_dags/subdags/subdag.py
[2021-10-21 12:49:52,874] {processor.py:634} WARNING - No viable dags retrieved from /opt/anaconda3/envs/af2/lib/python3.8/site-packages/airflow/example_dags/subdags/subdag.py
[2021-10-21 12:49:52,875] {processor.py:171} INFO - Processing /opt/anaconda3/envs/af2/lib/python3.8/site-packages/airflow/example_dags/subdags/subdag.py took 0.016 seconds
[2021-10-21 12:51:06,609] {processor.py:163} INFO - Started process (PID=26977) to work on /opt/anaconda3/envs/af2/lib/python3.8/site-packages/airflow/example_dags/subdags/subdag.py
[2021-10-21 12:51:06,609] {processor.py:620} INFO - Processing file /opt/anaconda3/envs/af2/lib/python3.8/site-packages/airflow/example_dags/subdags/subdag.py for tasks to queue
[2021-10-21 12:51:06,609] {logging_mixin.py:109} INFO - [2021-10-21 12:51:06,609] {dagbag.py:500} INFO - Filling up the DagBag from /opt/anaconda3/envs/af2/lib/python3.8/site-packages/airflow/example_dags/subdags/subdag.py
[2021-10-21 12:51:06,622] {processor.py:634} WARNING - No viable dags retrieved from /opt/anaconda3/envs/af2/lib/python3.8/site-packages/airflow/example_dags/subdags/subdag.py
[2021-10-21 12:51:06,622] {processor.py:171} INFO - Processing /opt/anaconda3/envs/af2/lib/python3.8/site-packages/airflow/example_dags/subdags/subdag.py took 0.015 seconds
[2021-10-21 12:52:08,946] {processor.py:163} INFO - Started process (PID=27053) to work on /opt/anaconda3/envs/af2/lib/python3.8/site-packages/airflow/example_dags/subdags/subdag.py
[2021-10-21 12:52:08,946] {processor.py:620} INFO - Processing file /opt/anaconda3/envs/af2/lib/python3.8/site-packages/airflow/example_dags/subdags/subdag.py for tasks to queue
[2021-10-21 12:52:08,947] {logging_mixin.py:109} INFO - [2021-10-21 12:52:08,947] {dagbag.py:500} INFO - Filling up the DagBag from /opt/anaconda3/envs/af2/lib/python3.8/site-packages/airflow/example_dags/subdags/subdag.py
[2021-10-21 12:52:08,959] {processor.py:634} WARNING - No viable dags retrieved from /opt/anaconda3/envs/af2/lib/python3.8/site-packages/airflow/example_dags/subdags/subdag.py
[2021-10-21 12:52:08,960] {processor.py:171} INFO - Processing /opt/anaconda3/envs/af2/lib/python3.8/site-packages/airflow/example_dags/subdags/subdag.py took 0.015 seconds
[2021-10-21 12:53:21,782] {processor.py:163} INFO - Started process (PID=27145) to work on /opt/anaconda3/envs/af2/lib/python3.8/site-packages/airflow/example_dags/subdags/subdag.py
[2021-10-21 12:53:21,783] {processor.py:620} INFO - Processing file /opt/anaconda3/envs/af2/lib/python3.8/site-packages/airflow/example_dags/subdags/subdag.py for tasks to queue
[2021-10-21 12:53:21,783] {logging_mixin.py:109} INFO - [2021-10-21 12:53:21,783] {dagbag.py:500} INFO - Filling up the DagBag from /opt/anaconda3/envs/af2/lib/python3.8/site-packages/airflow/example_dags/subdags/subdag.py
[2021-10-21 12:53:21,796] {processor.py:634} WARNING - No viable dags retrieved from /opt/anaconda3/envs/af2/lib/python3.8/site-packages/airflow/example_dags/subdags/subdag.py
[2021-10-21 12:53:21,796] {processor.py:171} INFO - Processing /opt/anaconda3/envs/af2/lib/python3.8/site-packages/airflow/example_dags/subdags/subdag.py took 0.016 seconds
[2021-10-21 12:54:06,657] {processor.py:163} INFO - Started process (PID=27201) to work on /opt/anaconda3/envs/af2/lib/python3.8/site-packages/airflow/example_dags/subdags/subdag.py
[2021-10-21 12:54:06,658] {processor.py:620} INFO - Processing file /opt/anaconda3/envs/af2/lib/python3.8/site-packages/airflow/example_dags/subdags/subdag.py for tasks to queue
[2021-10-21 12:54:06,659] {logging_mixin.py:109} INFO - [2021-10-21 12:54:06,659] {dagbag.py:500} INFO - Filling up the DagBag from /opt/anaconda3/envs/af2/lib/python3.8/site-packages/airflow/example_dags/subdags/subdag.py
[2021-10-21 12:54:06,672] {processor.py:634} WARNING - No viable dags retrieved from /opt/anaconda3/envs/af2/lib/python3.8/site-packages/airflow/example_dags/subdags/subdag.py
[2021-10-21 12:54:06,673] {processor.py:171} INFO - Processing /opt/anaconda3/envs/af2/lib/python3.8/site-packages/airflow/example_dags/subdags/subdag.py took 0.016 seconds
[2021-10-21 12:54:53,041] {processor.py:163} INFO - Started process (PID=27250) to work on /opt/anaconda3/envs/af2/lib/python3.8/site-packages/airflow/example_dags/subdags/subdag.py
[2021-10-21 12:54:53,041] {processor.py:620} INFO - Processing file /opt/anaconda3/envs/af2/lib/python3.8/site-packages/airflow/example_dags/subdags/subdag.py for tasks to queue
[2021-10-21 12:54:53,041] {logging_mixin.py:109} INFO - [2021-10-21 12:54:53,041] {dagbag.py:500} INFO - Filling up the DagBag from /opt/anaconda3/envs/af2/lib/python3.8/site-packages/airflow/example_dags/subdags/subdag.py
[2021-10-21 12:54:53,053] {processor.py:634} WARNING - No viable dags retrieved from /opt/anaconda3/envs/af2/lib/python3.8/site-packages/airflow/example_dags/subdags/subdag.py
[2021-10-21 12:54:53,054] {processor.py:171} INFO - Processing /opt/anaconda3/envs/af2/lib/python3.8/site-packages/airflow/example_dags/subdags/subdag.py took 0.015 seconds
[2021-10-21 12:55:35,055] {processor.py:163} INFO - Started process (PID=27300) to work on /opt/anaconda3/envs/af2/lib/python3.8/site-packages/airflow/example_dags/subdags/subdag.py
[2021-10-21 12:55:35,055] {processor.py:620} INFO - Processing file /opt/anaconda3/envs/af2/lib/python3.8/site-packages/airflow/example_dags/subdags/subdag.py for tasks to queue
[2021-10-21 12:55:35,056] {logging_mixin.py:109} INFO - [2021-10-21 12:55:35,056] {dagbag.py:500} INFO - Filling up the DagBag from /opt/anaconda3/envs/af2/lib/python3.8/site-packages/airflow/example_dags/subdags/subdag.py
[2021-10-21 12:55:35,068] {processor.py:634} WARNING - No viable dags retrieved from /opt/anaconda3/envs/af2/lib/python3.8/site-packages/airflow/example_dags/subdags/subdag.py
[2021-10-21 12:55:35,069] {processor.py:171} INFO - Processing /opt/anaconda3/envs/af2/lib/python3.8/site-packages/airflow/example_dags/subdags/subdag.py took 0.015 seconds
[2021-10-21 12:56:16,455] {processor.py:163} INFO - Started process (PID=27347) to work on /opt/anaconda3/envs/af2/lib/python3.8/site-packages/airflow/example_dags/subdags/subdag.py
[2021-10-21 12:56:16,456] {processor.py:620} INFO - Processing file /opt/anaconda3/envs/af2/lib/python3.8/site-packages/airflow/example_dags/subdags/subdag.py for tasks to queue
[2021-10-21 12:56:16,456] {logging_mixin.py:109} INFO - [2021-10-21 12:56:16,456] {dagbag.py:500} INFO - Filling up the DagBag from /opt/anaconda3/envs/af2/lib/python3.8/site-packages/airflow/example_dags/subdags/subdag.py
[2021-10-21 12:56:16,468] {processor.py:634} WARNING - No viable dags retrieved from /opt/anaconda3/envs/af2/lib/python3.8/site-packages/airflow/example_dags/subdags/subdag.py
[2021-10-21 12:56:16,469] {processor.py:171} INFO - Processing /opt/anaconda3/envs/af2/lib/python3.8/site-packages/airflow/example_dags/subdags/subdag.py took 0.015 seconds
[2021-10-21 12:57:00,895] {processor.py:163} INFO - Started process (PID=27408) to work on /opt/anaconda3/envs/af2/lib/python3.8/site-packages/airflow/example_dags/subdags/subdag.py
[2021-10-21 12:57:00,896] {processor.py:620} INFO - Processing file /opt/anaconda3/envs/af2/lib/python3.8/site-packages/airflow/example_dags/subdags/subdag.py for tasks to queue
[2021-10-21 12:57:00,896] {logging_mixin.py:109} INFO - [2021-10-21 12:57:00,896] {dagbag.py:500} INFO - Filling up the DagBag from /opt/anaconda3/envs/af2/lib/python3.8/site-packages/airflow/example_dags/subdags/subdag.py
[2021-10-21 12:57:00,908] {processor.py:634} WARNING - No viable dags retrieved from /opt/anaconda3/envs/af2/lib/python3.8/site-packages/airflow/example_dags/subdags/subdag.py
[2021-10-21 12:57:00,909] {processor.py:171} INFO - Processing /opt/anaconda3/envs/af2/lib/python3.8/site-packages/airflow/example_dags/subdags/subdag.py took 0.015 seconds
[2021-10-21 12:57:48,862] {processor.py:163} INFO - Started process (PID=27469) to work on /opt/anaconda3/envs/af2/lib/python3.8/site-packages/airflow/example_dags/subdags/subdag.py
[2021-10-21 12:57:48,863] {processor.py:620} INFO - Processing file /opt/anaconda3/envs/af2/lib/python3.8/site-packages/airflow/example_dags/subdags/subdag.py for tasks to queue
[2021-10-21 12:57:48,863] {logging_mixin.py:109} INFO - [2021-10-21 12:57:48,863] {dagbag.py:500} INFO - Filling up the DagBag from /opt/anaconda3/envs/af2/lib/python3.8/site-packages/airflow/example_dags/subdags/subdag.py
[2021-10-21 12:57:48,876] {processor.py:634} WARNING - No viable dags retrieved from /opt/anaconda3/envs/af2/lib/python3.8/site-packages/airflow/example_dags/subdags/subdag.py
[2021-10-21 12:57:48,877] {processor.py:171} INFO - Processing /opt/anaconda3/envs/af2/lib/python3.8/site-packages/airflow/example_dags/subdags/subdag.py took 0.015 seconds
[2021-10-21 12:58:33,066] {processor.py:163} INFO - Started process (PID=27522) to work on /opt/anaconda3/envs/af2/lib/python3.8/site-packages/airflow/example_dags/subdags/subdag.py
[2021-10-21 12:58:33,067] {processor.py:620} INFO - Processing file /opt/anaconda3/envs/af2/lib/python3.8/site-packages/airflow/example_dags/subdags/subdag.py for tasks to queue
[2021-10-21 12:58:33,067] {logging_mixin.py:109} INFO - [2021-10-21 12:58:33,067] {dagbag.py:500} INFO - Filling up the DagBag from /opt/anaconda3/envs/af2/lib/python3.8/site-packages/airflow/example_dags/subdags/subdag.py
[2021-10-21 12:58:33,080] {processor.py:634} WARNING - No viable dags retrieved from /opt/anaconda3/envs/af2/lib/python3.8/site-packages/airflow/example_dags/subdags/subdag.py
[2021-10-21 12:58:33,081] {processor.py:171} INFO - Processing /opt/anaconda3/envs/af2/lib/python3.8/site-packages/airflow/example_dags/subdags/subdag.py took 0.016 seconds
[2021-10-21 12:59:17,938] {processor.py:163} INFO - Started process (PID=27576) to work on /opt/anaconda3/envs/af2/lib/python3.8/site-packages/airflow/example_dags/subdags/subdag.py
[2021-10-21 12:59:17,939] {processor.py:620} INFO - Processing file /opt/anaconda3/envs/af2/lib/python3.8/site-packages/airflow/example_dags/subdags/subdag.py for tasks to queue
[2021-10-21 12:59:17,939] {logging_mixin.py:109} INFO - [2021-10-21 12:59:17,939] {dagbag.py:500} INFO - Filling up the DagBag from /opt/anaconda3/envs/af2/lib/python3.8/site-packages/airflow/example_dags/subdags/subdag.py
[2021-10-21 12:59:17,952] {processor.py:634} WARNING - No viable dags retrieved from /opt/anaconda3/envs/af2/lib/python3.8/site-packages/airflow/example_dags/subdags/subdag.py
[2021-10-21 12:59:17,953] {processor.py:171} INFO - Processing /opt/anaconda3/envs/af2/lib/python3.8/site-packages/airflow/example_dags/subdags/subdag.py took 0.017 seconds
[2021-10-21 13:00:05,489] {processor.py:163} INFO - Started process (PID=27622) to work on /opt/anaconda3/envs/af2/lib/python3.8/site-packages/airflow/example_dags/subdags/subdag.py
[2021-10-21 13:00:05,489] {processor.py:620} INFO - Processing file /opt/anaconda3/envs/af2/lib/python3.8/site-packages/airflow/example_dags/subdags/subdag.py for tasks to queue
[2021-10-21 13:00:05,490] {logging_mixin.py:109} INFO - [2021-10-21 13:00:05,490] {dagbag.py:500} INFO - Filling up the DagBag from /opt/anaconda3/envs/af2/lib/python3.8/site-packages/airflow/example_dags/subdags/subdag.py
[2021-10-21 13:00:05,502] {processor.py:634} WARNING - No viable dags retrieved from /opt/anaconda3/envs/af2/lib/python3.8/site-packages/airflow/example_dags/subdags/subdag.py
[2021-10-21 13:00:05,502] {processor.py:171} INFO - Processing /opt/anaconda3/envs/af2/lib/python3.8/site-packages/airflow/example_dags/subdags/subdag.py took 0.014 seconds
[2021-10-21 13:00:50,782] {processor.py:163} INFO - Started process (PID=27674) to work on /opt/anaconda3/envs/af2/lib/python3.8/site-packages/airflow/example_dags/subdags/subdag.py
[2021-10-21 13:00:50,782] {processor.py:620} INFO - Processing file /opt/anaconda3/envs/af2/lib/python3.8/site-packages/airflow/example_dags/subdags/subdag.py for tasks to queue
[2021-10-21 13:00:50,782] {logging_mixin.py:109} INFO - [2021-10-21 13:00:50,782] {dagbag.py:500} INFO - Filling up the DagBag from /opt/anaconda3/envs/af2/lib/python3.8/site-packages/airflow/example_dags/subdags/subdag.py
[2021-10-21 13:00:50,794] {processor.py:634} WARNING - No viable dags retrieved from /opt/anaconda3/envs/af2/lib/python3.8/site-packages/airflow/example_dags/subdags/subdag.py
[2021-10-21 13:00:50,795] {processor.py:171} INFO - Processing /opt/anaconda3/envs/af2/lib/python3.8/site-packages/airflow/example_dags/subdags/subdag.py took 0.015 seconds
[2021-10-21 13:01:37,095] {processor.py:163} INFO - Started process (PID=27720) to work on /opt/anaconda3/envs/af2/lib/python3.8/site-packages/airflow/example_dags/subdags/subdag.py
[2021-10-21 13:01:37,096] {processor.py:620} INFO - Processing file /opt/anaconda3/envs/af2/lib/python3.8/site-packages/airflow/example_dags/subdags/subdag.py for tasks to queue
[2021-10-21 13:01:37,097] {logging_mixin.py:109} INFO - [2021-10-21 13:01:37,097] {dagbag.py:500} INFO - Filling up the DagBag from /opt/anaconda3/envs/af2/lib/python3.8/site-packages/airflow/example_dags/subdags/subdag.py
[2021-10-21 13:01:37,109] {processor.py:634} WARNING - No viable dags retrieved from /opt/anaconda3/envs/af2/lib/python3.8/site-packages/airflow/example_dags/subdags/subdag.py
[2021-10-21 13:01:37,109] {processor.py:171} INFO - Processing /opt/anaconda3/envs/af2/lib/python3.8/site-packages/airflow/example_dags/subdags/subdag.py took 0.015 seconds
[2021-10-21 13:02:23,267] {processor.py:163} INFO - Started process (PID=27805) to work on /opt/anaconda3/envs/af2/lib/python3.8/site-packages/airflow/example_dags/subdags/subdag.py
[2021-10-21 13:02:23,268] {processor.py:620} INFO - Processing file /opt/anaconda3/envs/af2/lib/python3.8/site-packages/airflow/example_dags/subdags/subdag.py for tasks to queue
[2021-10-21 13:02:23,268] {logging_mixin.py:109} INFO - [2021-10-21 13:02:23,268] {dagbag.py:500} INFO - Filling up the DagBag from /opt/anaconda3/envs/af2/lib/python3.8/site-packages/airflow/example_dags/subdags/subdag.py
[2021-10-21 13:02:23,280] {processor.py:634} WARNING - No viable dags retrieved from /opt/anaconda3/envs/af2/lib/python3.8/site-packages/airflow/example_dags/subdags/subdag.py
[2021-10-21 13:02:23,281] {processor.py:171} INFO - Processing /opt/anaconda3/envs/af2/lib/python3.8/site-packages/airflow/example_dags/subdags/subdag.py took 0.014 seconds
[2021-10-21 13:03:05,344] {processor.py:163} INFO - Started process (PID=27854) to work on /opt/anaconda3/envs/af2/lib/python3.8/site-packages/airflow/example_dags/subdags/subdag.py
[2021-10-21 13:03:05,344] {processor.py:620} INFO - Processing file /opt/anaconda3/envs/af2/lib/python3.8/site-packages/airflow/example_dags/subdags/subdag.py for tasks to queue
[2021-10-21 13:03:05,344] {logging_mixin.py:109} INFO - [2021-10-21 13:03:05,344] {dagbag.py:500} INFO - Filling up the DagBag from /opt/anaconda3/envs/af2/lib/python3.8/site-packages/airflow/example_dags/subdags/subdag.py
[2021-10-21 13:03:05,356] {processor.py:634} WARNING - No viable dags retrieved from /opt/anaconda3/envs/af2/lib/python3.8/site-packages/airflow/example_dags/subdags/subdag.py
[2021-10-21 13:03:05,357] {processor.py:171} INFO - Processing /opt/anaconda3/envs/af2/lib/python3.8/site-packages/airflow/example_dags/subdags/subdag.py took 0.014 seconds
[2021-10-21 13:03:49,866] {processor.py:163} INFO - Started process (PID=27904) to work on /opt/anaconda3/envs/af2/lib/python3.8/site-packages/airflow/example_dags/subdags/subdag.py
[2021-10-21 13:03:49,867] {processor.py:620} INFO - Processing file /opt/anaconda3/envs/af2/lib/python3.8/site-packages/airflow/example_dags/subdags/subdag.py for tasks to queue
[2021-10-21 13:03:49,867] {logging_mixin.py:109} INFO - [2021-10-21 13:03:49,867] {dagbag.py:500} INFO - Filling up the DagBag from /opt/anaconda3/envs/af2/lib/python3.8/site-packages/airflow/example_dags/subdags/subdag.py
[2021-10-21 13:03:49,880] {processor.py:634} WARNING - No viable dags retrieved from /opt/anaconda3/envs/af2/lib/python3.8/site-packages/airflow/example_dags/subdags/subdag.py
[2021-10-21 13:03:49,881] {processor.py:171} INFO - Processing /opt/anaconda3/envs/af2/lib/python3.8/site-packages/airflow/example_dags/subdags/subdag.py took 0.016 seconds
[2021-10-21 13:04:35,917] {processor.py:163} INFO - Started process (PID=27959) to work on /opt/anaconda3/envs/af2/lib/python3.8/site-packages/airflow/example_dags/subdags/subdag.py
[2021-10-21 13:04:35,918] {processor.py:620} INFO - Processing file /opt/anaconda3/envs/af2/lib/python3.8/site-packages/airflow/example_dags/subdags/subdag.py for tasks to queue
[2021-10-21 13:04:35,918] {logging_mixin.py:109} INFO - [2021-10-21 13:04:35,918] {dagbag.py:500} INFO - Filling up the DagBag from /opt/anaconda3/envs/af2/lib/python3.8/site-packages/airflow/example_dags/subdags/subdag.py
[2021-10-21 13:04:35,931] {processor.py:634} WARNING - No viable dags retrieved from /opt/anaconda3/envs/af2/lib/python3.8/site-packages/airflow/example_dags/subdags/subdag.py
[2021-10-21 13:04:35,932] {processor.py:171} INFO - Processing /opt/anaconda3/envs/af2/lib/python3.8/site-packages/airflow/example_dags/subdags/subdag.py took 0.016 seconds
[2021-10-21 13:05:21,185] {processor.py:163} INFO - Started process (PID=28006) to work on /opt/anaconda3/envs/af2/lib/python3.8/site-packages/airflow/example_dags/subdags/subdag.py
[2021-10-21 13:05:21,185] {processor.py:620} INFO - Processing file /opt/anaconda3/envs/af2/lib/python3.8/site-packages/airflow/example_dags/subdags/subdag.py for tasks to queue
[2021-10-21 13:05:21,185] {logging_mixin.py:109} INFO - [2021-10-21 13:05:21,185] {dagbag.py:500} INFO - Filling up the DagBag from /opt/anaconda3/envs/af2/lib/python3.8/site-packages/airflow/example_dags/subdags/subdag.py
[2021-10-21 13:05:21,197] {processor.py:634} WARNING - No viable dags retrieved from /opt/anaconda3/envs/af2/lib/python3.8/site-packages/airflow/example_dags/subdags/subdag.py
[2021-10-21 13:05:21,198] {processor.py:171} INFO - Processing /opt/anaconda3/envs/af2/lib/python3.8/site-packages/airflow/example_dags/subdags/subdag.py took 0.014 seconds
[2021-10-21 13:06:08,019] {processor.py:163} INFO - Started process (PID=28087) to work on /opt/anaconda3/envs/af2/lib/python3.8/site-packages/airflow/example_dags/subdags/subdag.py
[2021-10-21 13:06:08,019] {processor.py:620} INFO - Processing file /opt/anaconda3/envs/af2/lib/python3.8/site-packages/airflow/example_dags/subdags/subdag.py for tasks to queue
[2021-10-21 13:06:08,019] {logging_mixin.py:109} INFO - [2021-10-21 13:06:08,019] {dagbag.py:500} INFO - Filling up the DagBag from /opt/anaconda3/envs/af2/lib/python3.8/site-packages/airflow/example_dags/subdags/subdag.py
[2021-10-21 13:06:08,032] {processor.py:634} WARNING - No viable dags retrieved from /opt/anaconda3/envs/af2/lib/python3.8/site-packages/airflow/example_dags/subdags/subdag.py
[2021-10-21 13:06:08,033] {processor.py:171} INFO - Processing /opt/anaconda3/envs/af2/lib/python3.8/site-packages/airflow/example_dags/subdags/subdag.py took 0.015 seconds
[2021-10-21 13:06:51,344] {processor.py:163} INFO - Started process (PID=28170) to work on /opt/anaconda3/envs/af2/lib/python3.8/site-packages/airflow/example_dags/subdags/subdag.py
[2021-10-21 13:06:51,345] {processor.py:620} INFO - Processing file /opt/anaconda3/envs/af2/lib/python3.8/site-packages/airflow/example_dags/subdags/subdag.py for tasks to queue
[2021-10-21 13:06:51,345] {logging_mixin.py:109} INFO - [2021-10-21 13:06:51,345] {dagbag.py:500} INFO - Filling up the DagBag from /opt/anaconda3/envs/af2/lib/python3.8/site-packages/airflow/example_dags/subdags/subdag.py
[2021-10-21 13:06:51,357] {processor.py:634} WARNING - No viable dags retrieved from /opt/anaconda3/envs/af2/lib/python3.8/site-packages/airflow/example_dags/subdags/subdag.py
[2021-10-21 13:06:51,358] {processor.py:171} INFO - Processing /opt/anaconda3/envs/af2/lib/python3.8/site-packages/airflow/example_dags/subdags/subdag.py took 0.014 seconds
[2021-10-21 13:07:36,431] {processor.py:163} INFO - Started process (PID=28239) to work on /opt/anaconda3/envs/af2/lib/python3.8/site-packages/airflow/example_dags/subdags/subdag.py
[2021-10-21 13:07:36,431] {processor.py:620} INFO - Processing file /opt/anaconda3/envs/af2/lib/python3.8/site-packages/airflow/example_dags/subdags/subdag.py for tasks to queue
[2021-10-21 13:07:36,432] {logging_mixin.py:109} INFO - [2021-10-21 13:07:36,432] {dagbag.py:500} INFO - Filling up the DagBag from /opt/anaconda3/envs/af2/lib/python3.8/site-packages/airflow/example_dags/subdags/subdag.py
[2021-10-21 13:07:36,446] {processor.py:634} WARNING - No viable dags retrieved from /opt/anaconda3/envs/af2/lib/python3.8/site-packages/airflow/example_dags/subdags/subdag.py
[2021-10-21 13:07:36,447] {processor.py:171} INFO - Processing /opt/anaconda3/envs/af2/lib/python3.8/site-packages/airflow/example_dags/subdags/subdag.py took 0.017 seconds
[2021-10-21 13:08:20,397] {processor.py:163} INFO - Started process (PID=28288) to work on /opt/anaconda3/envs/af2/lib/python3.8/site-packages/airflow/example_dags/subdags/subdag.py
[2021-10-21 13:08:20,398] {processor.py:620} INFO - Processing file /opt/anaconda3/envs/af2/lib/python3.8/site-packages/airflow/example_dags/subdags/subdag.py for tasks to queue
[2021-10-21 13:08:20,399] {logging_mixin.py:109} INFO - [2021-10-21 13:08:20,399] {dagbag.py:500} INFO - Filling up the DagBag from /opt/anaconda3/envs/af2/lib/python3.8/site-packages/airflow/example_dags/subdags/subdag.py
[2021-10-21 13:08:20,411] {processor.py:634} WARNING - No viable dags retrieved from /opt/anaconda3/envs/af2/lib/python3.8/site-packages/airflow/example_dags/subdags/subdag.py
[2021-10-21 13:08:20,412] {processor.py:171} INFO - Processing /opt/anaconda3/envs/af2/lib/python3.8/site-packages/airflow/example_dags/subdags/subdag.py took 0.016 seconds
