[2021-10-21 12:11:59,245] {taskinstance.py:1035} INFO - Dependencies all met for <TaskInstance: bigquery.print_stuff scheduled__2021-10-20T10:11:19.681737+00:00 [queued]>
[2021-10-21 12:11:59,249] {taskinstance.py:1035} INFO - Dependencies all met for <TaskInstance: bigquery.print_stuff scheduled__2021-10-20T10:11:19.681737+00:00 [queued]>
[2021-10-21 12:11:59,249] {taskinstance.py:1241} INFO - 
--------------------------------------------------------------------------------
[2021-10-21 12:11:59,249] {taskinstance.py:1242} INFO - Starting attempt 1 of 4
[2021-10-21 12:11:59,249] {taskinstance.py:1243} INFO - 
--------------------------------------------------------------------------------
[2021-10-21 12:11:59,253] {taskinstance.py:1262} INFO - Executing <Task(BashOperator): print_stuff> on 2021-10-20 10:11:19.681737+00:00
[2021-10-21 12:11:59,257] {standard_task_runner.py:52} INFO - Started process 23085 to run task
[2021-10-21 12:11:59,261] {standard_task_runner.py:76} INFO - Running: ['airflow', 'tasks', 'run', 'bigquery', 'print_stuff', 'scheduled__2021-10-20T10:11:19.681737+00:00', '--job-id', '7', '--raw', '--subdir', 'DAGS_FOLDER/csv_2_bigquery.py', '--cfg-path', '/var/folders/fc/65rvsktx5tv__l89pnq2m4pw0000gn/T/tmpdeuq3d3e', '--error-file', '/var/folders/fc/65rvsktx5tv__l89pnq2m4pw0000gn/T/tmp8e1x8s7w']
[2021-10-21 12:11:59,262] {standard_task_runner.py:77} INFO - Job 7: Subtask print_stuff
[2021-10-21 12:11:59,279] {logging_mixin.py:109} INFO - Running <TaskInstance: bigquery.print_stuff scheduled__2021-10-20T10:11:19.681737+00:00 [running]> on host 28.0.168.192.in-addr.arpa
[2021-10-21 12:11:59,297] {taskinstance.py:1412} INFO - Exporting the following env vars:
AIRFLOW_CTX_DAG_EMAIL=vinzenz@9fwr.com
AIRFLOW_CTX_DAG_OWNER=airflow
AIRFLOW_CTX_DAG_ID=bigquery
AIRFLOW_CTX_TASK_ID=print_stuff
AIRFLOW_CTX_EXECUTION_DATE=2021-10-20T10:11:19.681737+00:00
AIRFLOW_CTX_DAG_RUN_ID=scheduled__2021-10-20T10:11:19.681737+00:00
[2021-10-21 12:11:59,297] {subprocess.py:62} INFO - Tmp dir root location: 
 /var/folders/fc/65rvsktx5tv__l89pnq2m4pw0000gn/T
[2021-10-21 12:11:59,298] {subprocess.py:74} INFO - Running command: ['bash', '-c', 'echo stuff']
[2021-10-21 12:11:59,309] {subprocess.py:85} INFO - Output:
[2021-10-21 12:11:59,315] {subprocess.py:89} INFO - stuff
[2021-10-21 12:11:59,316] {subprocess.py:93} INFO - Command exited with return code 0
[2021-10-21 12:11:59,324] {taskinstance.py:1270} INFO - Marking task as SUCCESS. dag_id=bigquery, task_id=print_stuff, execution_date=20211020T101119, start_date=20211021T101159, end_date=20211021T101159
[2021-10-21 12:11:59,362] {local_task_job.py:154} INFO - Task exited with return code 0
[2021-10-21 12:11:59,370] {local_task_job.py:264} INFO - 0 downstream tasks scheduled from follow-on schedule check
