[2021-10-21 12:39:20,518] {taskinstance.py:1035} INFO - Dependencies all met for <TaskInstance: bigquery.print_stuff manual__2021-10-21T10:39:06.526566+00:00 [queued]>
[2021-10-21 12:39:20,521] {taskinstance.py:1035} INFO - Dependencies all met for <TaskInstance: bigquery.print_stuff manual__2021-10-21T10:39:06.526566+00:00 [queued]>
[2021-10-21 12:39:20,521] {taskinstance.py:1241} INFO - 
--------------------------------------------------------------------------------
[2021-10-21 12:39:20,521] {taskinstance.py:1242} INFO - Starting attempt 1 of 4
[2021-10-21 12:39:20,521] {taskinstance.py:1243} INFO - 
--------------------------------------------------------------------------------
[2021-10-21 12:39:20,525] {taskinstance.py:1262} INFO - Executing <Task(BashOperator): print_stuff> on 2021-10-21 10:39:06.526566+00:00
[2021-10-21 12:39:20,532] {standard_task_runner.py:52} INFO - Started process 25904 to run task
[2021-10-21 12:39:20,536] {standard_task_runner.py:76} INFO - Running: ['airflow', 'tasks', 'run', 'bigquery', 'print_stuff', 'manual__2021-10-21T10:39:06.526566+00:00', '--job-id', '16', '--raw', '--subdir', 'DAGS_FOLDER/csv_2_bigquery.py', '--cfg-path', '/var/folders/fc/65rvsktx5tv__l89pnq2m4pw0000gn/T/tmpzjymdax4', '--error-file', '/var/folders/fc/65rvsktx5tv__l89pnq2m4pw0000gn/T/tmp8wo8geei']
[2021-10-21 12:39:20,537] {standard_task_runner.py:77} INFO - Job 16: Subtask print_stuff
[2021-10-21 12:39:20,555] {logging_mixin.py:109} INFO - Running <TaskInstance: bigquery.print_stuff manual__2021-10-21T10:39:06.526566+00:00 [running]> on host 28.0.168.192.in-addr.arpa
[2021-10-21 12:39:20,570] {taskinstance.py:1412} INFO - Exporting the following env vars:
AIRFLOW_CTX_DAG_EMAIL=vinzenz@9fwr.com
AIRFLOW_CTX_DAG_OWNER=airflow
AIRFLOW_CTX_DAG_ID=bigquery
AIRFLOW_CTX_TASK_ID=print_stuff
AIRFLOW_CTX_EXECUTION_DATE=2021-10-21T10:39:06.526566+00:00
AIRFLOW_CTX_DAG_RUN_ID=manual__2021-10-21T10:39:06.526566+00:00
[2021-10-21 12:39:20,571] {subprocess.py:62} INFO - Tmp dir root location: 
 /var/folders/fc/65rvsktx5tv__l89pnq2m4pw0000gn/T
[2021-10-21 12:39:20,571] {subprocess.py:74} INFO - Running command: ['bash', '-c', 'echo stuff']
[2021-10-21 12:39:20,580] {subprocess.py:85} INFO - Output:
[2021-10-21 12:39:20,584] {subprocess.py:89} INFO - stuff
[2021-10-21 12:39:20,584] {subprocess.py:93} INFO - Command exited with return code 0
[2021-10-21 12:39:20,593] {taskinstance.py:1270} INFO - Marking task as SUCCESS. dag_id=bigquery, task_id=print_stuff, execution_date=20211021T103906, start_date=20211021T103920, end_date=20211021T103920
[2021-10-21 12:39:20,643] {local_task_job.py:154} INFO - Task exited with return code 0
[2021-10-21 12:39:20,655] {local_task_job.py:264} INFO - 0 downstream tasks scheduled from follow-on schedule check
