[2021-10-21 12:45:00,464] {taskinstance.py:1035} INFO - Dependencies all met for <TaskInstance: bigquery.upload manual__2021-10-21T10:44:32.641148+00:00 [queued]>
[2021-10-21 12:45:00,467] {taskinstance.py:1035} INFO - Dependencies all met for <TaskInstance: bigquery.upload manual__2021-10-21T10:44:32.641148+00:00 [queued]>
[2021-10-21 12:45:00,467] {taskinstance.py:1241} INFO - 
--------------------------------------------------------------------------------
[2021-10-21 12:45:00,467] {taskinstance.py:1242} INFO - Starting attempt 1 of 2
[2021-10-21 12:45:00,467] {taskinstance.py:1243} INFO - 
--------------------------------------------------------------------------------
[2021-10-21 12:45:00,471] {taskinstance.py:1262} INFO - Executing <Task(PythonOperator): upload> on 2021-10-21 10:44:32.641148+00:00
[2021-10-21 12:45:00,479] {standard_task_runner.py:52} INFO - Started process 26302 to run task
[2021-10-21 12:45:00,483] {standard_task_runner.py:76} INFO - Running: ['airflow', 'tasks', 'run', 'bigquery', 'upload', 'manual__2021-10-21T10:44:32.641148+00:00', '--job-id', '21', '--raw', '--subdir', 'DAGS_FOLDER/csv_2_bigquery.py', '--cfg-path', '/var/folders/fc/65rvsktx5tv__l89pnq2m4pw0000gn/T/tmpf7ws9unt', '--error-file', '/var/folders/fc/65rvsktx5tv__l89pnq2m4pw0000gn/T/tmppilnedfw']
[2021-10-21 12:45:00,484] {standard_task_runner.py:77} INFO - Job 21: Subtask upload
[2021-10-21 12:45:00,501] {logging_mixin.py:109} INFO - Running <TaskInstance: bigquery.upload manual__2021-10-21T10:44:32.641148+00:00 [running]> on host 28.0.168.192.in-addr.arpa
[2021-10-21 12:45:00,515] {taskinstance.py:1412} INFO - Exporting the following env vars:
AIRFLOW_CTX_DAG_EMAIL=vinzenz@9fwr.com
AIRFLOW_CTX_DAG_OWNER=airflow
AIRFLOW_CTX_DAG_ID=bigquery
AIRFLOW_CTX_TASK_ID=upload
AIRFLOW_CTX_EXECUTION_DATE=2021-10-21T10:44:32.641148+00:00
AIRFLOW_CTX_DAG_RUN_ID=manual__2021-10-21T10:44:32.641148+00:00
[2021-10-21 12:45:05,008] {python.py:152} INFO - Done. Returned value was: None
[2021-10-21 12:45:05,038] {taskinstance.py:1270} INFO - Marking task as SUCCESS. dag_id=bigquery, task_id=upload, execution_date=20211021T104432, start_date=20211021T104500, end_date=20211021T104505
[2021-10-21 12:45:05,089] {local_task_job.py:154} INFO - Task exited with return code 0
[2021-10-21 12:45:05,107] {local_task_job.py:264} INFO - 0 downstream tasks scheduled from follow-on schedule check
