[2021-10-21 12:15:32,548] {taskinstance.py:1035} INFO - Dependencies all met for <TaskInstance: bigquery.print_date manual__2021-10-21T10:15:30.803277+00:00 [queued]>
[2021-10-21 12:15:32,553] {taskinstance.py:1035} INFO - Dependencies all met for <TaskInstance: bigquery.print_date manual__2021-10-21T10:15:30.803277+00:00 [queued]>
[2021-10-21 12:15:32,553] {taskinstance.py:1241} INFO - 
--------------------------------------------------------------------------------
[2021-10-21 12:15:32,553] {taskinstance.py:1242} INFO - Starting attempt 1 of 2
[2021-10-21 12:15:32,553] {taskinstance.py:1243} INFO - 
--------------------------------------------------------------------------------
[2021-10-21 12:15:32,558] {taskinstance.py:1262} INFO - Executing <Task(BashOperator): print_date> on 2021-10-21 10:15:30.803277+00:00
[2021-10-21 12:15:32,563] {standard_task_runner.py:52} INFO - Started process 23406 to run task
[2021-10-21 12:15:32,568] {standard_task_runner.py:76} INFO - Running: ['airflow', 'tasks', 'run', 'bigquery', 'print_date', 'manual__2021-10-21T10:15:30.803277+00:00', '--job-id', '11', '--raw', '--subdir', 'DAGS_FOLDER/csv_2_bigquery.py', '--cfg-path', '/var/folders/fc/65rvsktx5tv__l89pnq2m4pw0000gn/T/tmpby8457zx', '--error-file', '/var/folders/fc/65rvsktx5tv__l89pnq2m4pw0000gn/T/tmpfnmhhzz0']
[2021-10-21 12:15:32,569] {standard_task_runner.py:77} INFO - Job 11: Subtask print_date
[2021-10-21 12:15:32,590] {logging_mixin.py:109} INFO - Running <TaskInstance: bigquery.print_date manual__2021-10-21T10:15:30.803277+00:00 [running]> on host 28.0.168.192.in-addr.arpa
[2021-10-21 12:15:32,605] {taskinstance.py:1412} INFO - Exporting the following env vars:
AIRFLOW_CTX_DAG_EMAIL=vinzenz@9fwr.com
AIRFLOW_CTX_DAG_OWNER=airflow
AIRFLOW_CTX_DAG_ID=bigquery
AIRFLOW_CTX_TASK_ID=print_date
AIRFLOW_CTX_EXECUTION_DATE=2021-10-21T10:15:30.803277+00:00
AIRFLOW_CTX_DAG_RUN_ID=manual__2021-10-21T10:15:30.803277+00:00
[2021-10-21 12:15:32,605] {subprocess.py:62} INFO - Tmp dir root location: 
 /var/folders/fc/65rvsktx5tv__l89pnq2m4pw0000gn/T
[2021-10-21 12:15:32,606] {subprocess.py:74} INFO - Running command: ['bash', '-c', 'date']
[2021-10-21 12:15:32,614] {subprocess.py:85} INFO - Output:
[2021-10-21 12:15:32,625] {subprocess.py:89} INFO - Thu Oct 21 12:15:32 CEST 2021
[2021-10-21 12:15:32,626] {subprocess.py:93} INFO - Command exited with return code 0
[2021-10-21 12:15:32,634] {taskinstance.py:1270} INFO - Marking task as SUCCESS. dag_id=bigquery, task_id=print_date, execution_date=20211021T101530, start_date=20211021T101532, end_date=20211021T101532
[2021-10-21 12:15:32,675] {local_task_job.py:154} INFO - Task exited with return code 0
[2021-10-21 12:15:32,686] {local_task_job.py:264} INFO - 2 downstream tasks scheduled from follow-on schedule check
