[2021-10-21 12:39:26,439] {taskinstance.py:1035} INFO - Dependencies all met for <TaskInstance: bigquery.upload manual__2021-10-21T10:39:06.526566+00:00 [queued]>
[2021-10-21 12:39:26,442] {taskinstance.py:1035} INFO - Dependencies all met for <TaskInstance: bigquery.upload manual__2021-10-21T10:39:06.526566+00:00 [queued]>
[2021-10-21 12:39:26,442] {taskinstance.py:1241} INFO - 
--------------------------------------------------------------------------------
[2021-10-21 12:39:26,442] {taskinstance.py:1242} INFO - Starting attempt 1 of 2
[2021-10-21 12:39:26,442] {taskinstance.py:1243} INFO - 
--------------------------------------------------------------------------------
[2021-10-21 12:39:26,446] {taskinstance.py:1262} INFO - Executing <Task(PythonOperator): upload> on 2021-10-21 10:39:06.526566+00:00
[2021-10-21 12:39:26,454] {standard_task_runner.py:52} INFO - Started process 25908 to run task
[2021-10-21 12:39:26,458] {standard_task_runner.py:76} INFO - Running: ['airflow', 'tasks', 'run', 'bigquery', 'upload', 'manual__2021-10-21T10:39:06.526566+00:00', '--job-id', '17', '--raw', '--subdir', 'DAGS_FOLDER/csv_2_bigquery.py', '--cfg-path', '/var/folders/fc/65rvsktx5tv__l89pnq2m4pw0000gn/T/tmpjxkruetg', '--error-file', '/var/folders/fc/65rvsktx5tv__l89pnq2m4pw0000gn/T/tmpcoj57rxt']
[2021-10-21 12:39:26,459] {standard_task_runner.py:77} INFO - Job 17: Subtask upload
[2021-10-21 12:39:26,480] {logging_mixin.py:109} INFO - Running <TaskInstance: bigquery.upload manual__2021-10-21T10:39:06.526566+00:00 [running]> on host 28.0.168.192.in-addr.arpa
[2021-10-21 12:39:26,494] {taskinstance.py:1412} INFO - Exporting the following env vars:
AIRFLOW_CTX_DAG_EMAIL=vinzenz@9fwr.com
AIRFLOW_CTX_DAG_OWNER=airflow
AIRFLOW_CTX_DAG_ID=bigquery
AIRFLOW_CTX_TASK_ID=upload
AIRFLOW_CTX_EXECUTION_DATE=2021-10-21T10:39:06.526566+00:00
AIRFLOW_CTX_DAG_RUN_ID=manual__2021-10-21T10:39:06.526566+00:00
[2021-10-21 12:39:35,051] {python.py:152} INFO - Done. Returned value was: None
[2021-10-21 12:39:35,080] {taskinstance.py:1270} INFO - Marking task as SUCCESS. dag_id=bigquery, task_id=upload, execution_date=20211021T103906, start_date=20211021T103926, end_date=20211021T103935
[2021-10-21 12:39:35,103] {local_task_job.py:154} INFO - Task exited with return code 0
[2021-10-21 12:39:35,118] {local_task_job.py:264} INFO - 0 downstream tasks scheduled from follow-on schedule check
