[2021-10-21 12:01:57,656] {processor.py:163} INFO - Started process (PID=22368) to work on /opt/anaconda3/envs/af2/lib/python3.8/site-packages/airflow/example_dags/example_trigger_controller_dag.py
[2021-10-21 12:01:57,656] {processor.py:620} INFO - Processing file /opt/anaconda3/envs/af2/lib/python3.8/site-packages/airflow/example_dags/example_trigger_controller_dag.py for tasks to queue
[2021-10-21 12:01:57,656] {logging_mixin.py:109} INFO - [2021-10-21 12:01:57,656] {dagbag.py:500} INFO - Filling up the DagBag from /opt/anaconda3/envs/af2/lib/python3.8/site-packages/airflow/example_dags/example_trigger_controller_dag.py
[2021-10-21 12:01:57,673] {processor.py:632} INFO - DAG(s) dict_keys(['example_trigger_controller_dag']) retrieved from /opt/anaconda3/envs/af2/lib/python3.8/site-packages/airflow/example_dags/example_trigger_controller_dag.py
[2021-10-21 12:01:57,682] {logging_mixin.py:109} INFO - [2021-10-21 12:01:57,681] {dag.py:2389} INFO - Sync 1 DAGs
[2021-10-21 12:01:57,685] {logging_mixin.py:109} INFO - [2021-10-21 12:01:57,685] {dag.py:2914} INFO - Setting next_dagrun for example_trigger_controller_dag to 2021-01-01T00:00:00+00:00
[2021-10-21 12:01:57,689] {processor.py:171} INFO - Processing /opt/anaconda3/envs/af2/lib/python3.8/site-packages/airflow/example_dags/example_trigger_controller_dag.py took 0.033 seconds
[2021-10-21 12:03:30,209] {processor.py:163} INFO - Started process (PID=22540) to work on /opt/anaconda3/envs/af2/lib/python3.8/site-packages/airflow/example_dags/example_trigger_controller_dag.py
[2021-10-21 12:03:30,212] {processor.py:620} INFO - Processing file /opt/anaconda3/envs/af2/lib/python3.8/site-packages/airflow/example_dags/example_trigger_controller_dag.py for tasks to queue
[2021-10-21 12:03:30,212] {logging_mixin.py:109} INFO - [2021-10-21 12:03:30,212] {dagbag.py:500} INFO - Filling up the DagBag from /opt/anaconda3/envs/af2/lib/python3.8/site-packages/airflow/example_dags/example_trigger_controller_dag.py
[2021-10-21 12:03:30,228] {processor.py:632} INFO - DAG(s) dict_keys(['example_trigger_controller_dag']) retrieved from /opt/anaconda3/envs/af2/lib/python3.8/site-packages/airflow/example_dags/example_trigger_controller_dag.py
[2021-10-21 12:03:30,237] {logging_mixin.py:109} INFO - [2021-10-21 12:03:30,237] {dag.py:2389} INFO - Sync 1 DAGs
[2021-10-21 12:03:30,241] {logging_mixin.py:109} INFO - [2021-10-21 12:03:30,240] {dag.py:2914} INFO - Setting next_dagrun for example_trigger_controller_dag to 2021-01-01T00:00:00+00:00
[2021-10-21 12:03:30,244] {processor.py:171} INFO - Processing /opt/anaconda3/envs/af2/lib/python3.8/site-packages/airflow/example_dags/example_trigger_controller_dag.py took 0.035 seconds
[2021-10-21 12:05:45,386] {processor.py:163} INFO - Started process (PID=22810) to work on /opt/anaconda3/envs/af2/lib/python3.8/site-packages/airflow/example_dags/example_trigger_controller_dag.py
[2021-10-21 12:05:45,387] {processor.py:620} INFO - Processing file /opt/anaconda3/envs/af2/lib/python3.8/site-packages/airflow/example_dags/example_trigger_controller_dag.py for tasks to queue
[2021-10-21 12:05:45,387] {logging_mixin.py:109} INFO - [2021-10-21 12:05:45,387] {dagbag.py:500} INFO - Filling up the DagBag from /opt/anaconda3/envs/af2/lib/python3.8/site-packages/airflow/example_dags/example_trigger_controller_dag.py
[2021-10-21 12:05:45,404] {processor.py:632} INFO - DAG(s) dict_keys(['example_trigger_controller_dag']) retrieved from /opt/anaconda3/envs/af2/lib/python3.8/site-packages/airflow/example_dags/example_trigger_controller_dag.py
[2021-10-21 12:05:45,413] {logging_mixin.py:109} INFO - [2021-10-21 12:05:45,413] {dag.py:2389} INFO - Sync 1 DAGs
[2021-10-21 12:05:45,417] {logging_mixin.py:109} INFO - [2021-10-21 12:05:45,417] {dag.py:2914} INFO - Setting next_dagrun for example_trigger_controller_dag to 2021-01-01T00:00:00+00:00
[2021-10-21 12:05:45,420] {processor.py:171} INFO - Processing /opt/anaconda3/envs/af2/lib/python3.8/site-packages/airflow/example_dags/example_trigger_controller_dag.py took 0.035 seconds
[2021-10-21 12:11:41,242] {processor.py:163} INFO - Started process (PID=23034) to work on /opt/anaconda3/envs/af2/lib/python3.8/site-packages/airflow/example_dags/example_trigger_controller_dag.py
[2021-10-21 12:11:41,243] {processor.py:620} INFO - Processing file /opt/anaconda3/envs/af2/lib/python3.8/site-packages/airflow/example_dags/example_trigger_controller_dag.py for tasks to queue
[2021-10-21 12:11:41,243] {logging_mixin.py:109} INFO - [2021-10-21 12:11:41,243] {dagbag.py:500} INFO - Filling up the DagBag from /opt/anaconda3/envs/af2/lib/python3.8/site-packages/airflow/example_dags/example_trigger_controller_dag.py
[2021-10-21 12:11:41,258] {processor.py:632} INFO - DAG(s) dict_keys(['example_trigger_controller_dag']) retrieved from /opt/anaconda3/envs/af2/lib/python3.8/site-packages/airflow/example_dags/example_trigger_controller_dag.py
[2021-10-21 12:11:41,267] {logging_mixin.py:109} INFO - [2021-10-21 12:11:41,267] {dag.py:2389} INFO - Sync 1 DAGs
[2021-10-21 12:11:41,270] {logging_mixin.py:109} INFO - [2021-10-21 12:11:41,270] {dag.py:2914} INFO - Setting next_dagrun for example_trigger_controller_dag to 2021-01-01T00:00:00+00:00
[2021-10-21 12:11:41,274] {processor.py:171} INFO - Processing /opt/anaconda3/envs/af2/lib/python3.8/site-packages/airflow/example_dags/example_trigger_controller_dag.py took 0.032 seconds
[2021-10-21 12:12:52,037] {processor.py:163} INFO - Started process (PID=23184) to work on /opt/anaconda3/envs/af2/lib/python3.8/site-packages/airflow/example_dags/example_trigger_controller_dag.py
[2021-10-21 12:12:52,038] {processor.py:620} INFO - Processing file /opt/anaconda3/envs/af2/lib/python3.8/site-packages/airflow/example_dags/example_trigger_controller_dag.py for tasks to queue
[2021-10-21 12:12:52,038] {logging_mixin.py:109} INFO - [2021-10-21 12:12:52,038] {dagbag.py:500} INFO - Filling up the DagBag from /opt/anaconda3/envs/af2/lib/python3.8/site-packages/airflow/example_dags/example_trigger_controller_dag.py
[2021-10-21 12:12:52,054] {processor.py:632} INFO - DAG(s) dict_keys(['example_trigger_controller_dag']) retrieved from /opt/anaconda3/envs/af2/lib/python3.8/site-packages/airflow/example_dags/example_trigger_controller_dag.py
[2021-10-21 12:12:52,063] {logging_mixin.py:109} INFO - [2021-10-21 12:12:52,063] {dag.py:2389} INFO - Sync 1 DAGs
[2021-10-21 12:12:52,067] {logging_mixin.py:109} INFO - [2021-10-21 12:12:52,067] {dag.py:2914} INFO - Setting next_dagrun for example_trigger_controller_dag to 2021-01-01T00:00:00+00:00
[2021-10-21 12:12:52,070] {processor.py:171} INFO - Processing /opt/anaconda3/envs/af2/lib/python3.8/site-packages/airflow/example_dags/example_trigger_controller_dag.py took 0.033 seconds
[2021-10-21 12:14:06,615] {processor.py:163} INFO - Started process (PID=23286) to work on /opt/anaconda3/envs/af2/lib/python3.8/site-packages/airflow/example_dags/example_trigger_controller_dag.py
[2021-10-21 12:14:06,616] {processor.py:620} INFO - Processing file /opt/anaconda3/envs/af2/lib/python3.8/site-packages/airflow/example_dags/example_trigger_controller_dag.py for tasks to queue
[2021-10-21 12:14:06,616] {logging_mixin.py:109} INFO - [2021-10-21 12:14:06,616] {dagbag.py:500} INFO - Filling up the DagBag from /opt/anaconda3/envs/af2/lib/python3.8/site-packages/airflow/example_dags/example_trigger_controller_dag.py
[2021-10-21 12:14:06,632] {processor.py:632} INFO - DAG(s) dict_keys(['example_trigger_controller_dag']) retrieved from /opt/anaconda3/envs/af2/lib/python3.8/site-packages/airflow/example_dags/example_trigger_controller_dag.py
[2021-10-21 12:14:06,641] {logging_mixin.py:109} INFO - [2021-10-21 12:14:06,641] {dag.py:2389} INFO - Sync 1 DAGs
[2021-10-21 12:14:06,644] {logging_mixin.py:109} INFO - [2021-10-21 12:14:06,644] {dag.py:2914} INFO - Setting next_dagrun for example_trigger_controller_dag to 2021-01-01T00:00:00+00:00
[2021-10-21 12:14:06,647] {processor.py:171} INFO - Processing /opt/anaconda3/envs/af2/lib/python3.8/site-packages/airflow/example_dags/example_trigger_controller_dag.py took 0.033 seconds
[2021-10-21 12:15:21,458] {processor.py:163} INFO - Started process (PID=23384) to work on /opt/anaconda3/envs/af2/lib/python3.8/site-packages/airflow/example_dags/example_trigger_controller_dag.py
[2021-10-21 12:15:21,458] {processor.py:620} INFO - Processing file /opt/anaconda3/envs/af2/lib/python3.8/site-packages/airflow/example_dags/example_trigger_controller_dag.py for tasks to queue
[2021-10-21 12:15:21,459] {logging_mixin.py:109} INFO - [2021-10-21 12:15:21,458] {dagbag.py:500} INFO - Filling up the DagBag from /opt/anaconda3/envs/af2/lib/python3.8/site-packages/airflow/example_dags/example_trigger_controller_dag.py
[2021-10-21 12:15:21,474] {processor.py:632} INFO - DAG(s) dict_keys(['example_trigger_controller_dag']) retrieved from /opt/anaconda3/envs/af2/lib/python3.8/site-packages/airflow/example_dags/example_trigger_controller_dag.py
[2021-10-21 12:15:21,485] {logging_mixin.py:109} INFO - [2021-10-21 12:15:21,485] {dag.py:2389} INFO - Sync 1 DAGs
[2021-10-21 12:15:21,488] {logging_mixin.py:109} INFO - [2021-10-21 12:15:21,488] {dag.py:2914} INFO - Setting next_dagrun for example_trigger_controller_dag to 2021-01-01T00:00:00+00:00
[2021-10-21 12:15:21,492] {processor.py:171} INFO - Processing /opt/anaconda3/envs/af2/lib/python3.8/site-packages/airflow/example_dags/example_trigger_controller_dag.py took 0.034 seconds
[2021-10-21 12:16:38,313] {processor.py:163} INFO - Started process (PID=23523) to work on /opt/anaconda3/envs/af2/lib/python3.8/site-packages/airflow/example_dags/example_trigger_controller_dag.py
[2021-10-21 12:16:38,313] {processor.py:620} INFO - Processing file /opt/anaconda3/envs/af2/lib/python3.8/site-packages/airflow/example_dags/example_trigger_controller_dag.py for tasks to queue
[2021-10-21 12:16:38,313] {logging_mixin.py:109} INFO - [2021-10-21 12:16:38,313] {dagbag.py:500} INFO - Filling up the DagBag from /opt/anaconda3/envs/af2/lib/python3.8/site-packages/airflow/example_dags/example_trigger_controller_dag.py
[2021-10-21 12:16:38,330] {processor.py:632} INFO - DAG(s) dict_keys(['example_trigger_controller_dag']) retrieved from /opt/anaconda3/envs/af2/lib/python3.8/site-packages/airflow/example_dags/example_trigger_controller_dag.py
[2021-10-21 12:16:38,339] {logging_mixin.py:109} INFO - [2021-10-21 12:16:38,339] {dag.py:2389} INFO - Sync 1 DAGs
[2021-10-21 12:16:38,342] {logging_mixin.py:109} INFO - [2021-10-21 12:16:38,342] {dag.py:2914} INFO - Setting next_dagrun for example_trigger_controller_dag to 2021-01-01T00:00:00+00:00
[2021-10-21 12:16:38,346] {processor.py:171} INFO - Processing /opt/anaconda3/envs/af2/lib/python3.8/site-packages/airflow/example_dags/example_trigger_controller_dag.py took 0.033 seconds
[2021-10-21 12:17:52,777] {processor.py:163} INFO - Started process (PID=23624) to work on /opt/anaconda3/envs/af2/lib/python3.8/site-packages/airflow/example_dags/example_trigger_controller_dag.py
[2021-10-21 12:17:52,778] {processor.py:620} INFO - Processing file /opt/anaconda3/envs/af2/lib/python3.8/site-packages/airflow/example_dags/example_trigger_controller_dag.py for tasks to queue
[2021-10-21 12:17:52,779] {logging_mixin.py:109} INFO - [2021-10-21 12:17:52,779] {dagbag.py:500} INFO - Filling up the DagBag from /opt/anaconda3/envs/af2/lib/python3.8/site-packages/airflow/example_dags/example_trigger_controller_dag.py
[2021-10-21 12:17:52,795] {processor.py:632} INFO - DAG(s) dict_keys(['example_trigger_controller_dag']) retrieved from /opt/anaconda3/envs/af2/lib/python3.8/site-packages/airflow/example_dags/example_trigger_controller_dag.py
[2021-10-21 12:17:52,804] {logging_mixin.py:109} INFO - [2021-10-21 12:17:52,804] {dag.py:2389} INFO - Sync 1 DAGs
[2021-10-21 12:17:52,808] {logging_mixin.py:109} INFO - [2021-10-21 12:17:52,808] {dag.py:2914} INFO - Setting next_dagrun for example_trigger_controller_dag to 2021-01-01T00:00:00+00:00
[2021-10-21 12:17:52,811] {processor.py:171} INFO - Processing /opt/anaconda3/envs/af2/lib/python3.8/site-packages/airflow/example_dags/example_trigger_controller_dag.py took 0.034 seconds
[2021-10-21 12:19:06,874] {processor.py:163} INFO - Started process (PID=23812) to work on /opt/anaconda3/envs/af2/lib/python3.8/site-packages/airflow/example_dags/example_trigger_controller_dag.py
[2021-10-21 12:19:06,875] {processor.py:620} INFO - Processing file /opt/anaconda3/envs/af2/lib/python3.8/site-packages/airflow/example_dags/example_trigger_controller_dag.py for tasks to queue
[2021-10-21 12:19:06,875] {logging_mixin.py:109} INFO - [2021-10-21 12:19:06,875] {dagbag.py:500} INFO - Filling up the DagBag from /opt/anaconda3/envs/af2/lib/python3.8/site-packages/airflow/example_dags/example_trigger_controller_dag.py
[2021-10-21 12:19:06,892] {processor.py:632} INFO - DAG(s) dict_keys(['example_trigger_controller_dag']) retrieved from /opt/anaconda3/envs/af2/lib/python3.8/site-packages/airflow/example_dags/example_trigger_controller_dag.py
[2021-10-21 12:19:06,901] {logging_mixin.py:109} INFO - [2021-10-21 12:19:06,901] {dag.py:2389} INFO - Sync 1 DAGs
[2021-10-21 12:19:06,905] {logging_mixin.py:109} INFO - [2021-10-21 12:19:06,905] {dag.py:2914} INFO - Setting next_dagrun for example_trigger_controller_dag to 2021-01-01T00:00:00+00:00
[2021-10-21 12:19:06,908] {processor.py:171} INFO - Processing /opt/anaconda3/envs/af2/lib/python3.8/site-packages/airflow/example_dags/example_trigger_controller_dag.py took 0.034 seconds
[2021-10-21 12:20:18,334] {processor.py:163} INFO - Started process (PID=23927) to work on /opt/anaconda3/envs/af2/lib/python3.8/site-packages/airflow/example_dags/example_trigger_controller_dag.py
[2021-10-21 12:20:18,335] {processor.py:620} INFO - Processing file /opt/anaconda3/envs/af2/lib/python3.8/site-packages/airflow/example_dags/example_trigger_controller_dag.py for tasks to queue
[2021-10-21 12:20:18,335] {logging_mixin.py:109} INFO - [2021-10-21 12:20:18,335] {dagbag.py:500} INFO - Filling up the DagBag from /opt/anaconda3/envs/af2/lib/python3.8/site-packages/airflow/example_dags/example_trigger_controller_dag.py
[2021-10-21 12:20:18,351] {processor.py:632} INFO - DAG(s) dict_keys(['example_trigger_controller_dag']) retrieved from /opt/anaconda3/envs/af2/lib/python3.8/site-packages/airflow/example_dags/example_trigger_controller_dag.py
[2021-10-21 12:20:18,360] {logging_mixin.py:109} INFO - [2021-10-21 12:20:18,360] {dag.py:2389} INFO - Sync 1 DAGs
[2021-10-21 12:20:18,363] {logging_mixin.py:109} INFO - [2021-10-21 12:20:18,363] {dag.py:2914} INFO - Setting next_dagrun for example_trigger_controller_dag to 2021-01-01T00:00:00+00:00
[2021-10-21 12:20:18,367] {processor.py:171} INFO - Processing /opt/anaconda3/envs/af2/lib/python3.8/site-packages/airflow/example_dags/example_trigger_controller_dag.py took 0.033 seconds
[2021-10-21 12:21:30,630] {processor.py:163} INFO - Started process (PID=24092) to work on /opt/anaconda3/envs/af2/lib/python3.8/site-packages/airflow/example_dags/example_trigger_controller_dag.py
[2021-10-21 12:21:30,630] {processor.py:620} INFO - Processing file /opt/anaconda3/envs/af2/lib/python3.8/site-packages/airflow/example_dags/example_trigger_controller_dag.py for tasks to queue
[2021-10-21 12:21:30,630] {logging_mixin.py:109} INFO - [2021-10-21 12:21:30,630] {dagbag.py:500} INFO - Filling up the DagBag from /opt/anaconda3/envs/af2/lib/python3.8/site-packages/airflow/example_dags/example_trigger_controller_dag.py
[2021-10-21 12:21:30,647] {processor.py:632} INFO - DAG(s) dict_keys(['example_trigger_controller_dag']) retrieved from /opt/anaconda3/envs/af2/lib/python3.8/site-packages/airflow/example_dags/example_trigger_controller_dag.py
[2021-10-21 12:21:30,657] {logging_mixin.py:109} INFO - [2021-10-21 12:21:30,657] {dag.py:2389} INFO - Sync 1 DAGs
[2021-10-21 12:21:30,661] {logging_mixin.py:109} INFO - [2021-10-21 12:21:30,661] {dag.py:2914} INFO - Setting next_dagrun for example_trigger_controller_dag to 2021-01-01T00:00:00+00:00
[2021-10-21 12:21:30,665] {processor.py:171} INFO - Processing /opt/anaconda3/envs/af2/lib/python3.8/site-packages/airflow/example_dags/example_trigger_controller_dag.py took 0.036 seconds
[2021-10-21 12:22:36,165] {processor.py:163} INFO - Started process (PID=24185) to work on /opt/anaconda3/envs/af2/lib/python3.8/site-packages/airflow/example_dags/example_trigger_controller_dag.py
[2021-10-21 12:22:36,166] {processor.py:620} INFO - Processing file /opt/anaconda3/envs/af2/lib/python3.8/site-packages/airflow/example_dags/example_trigger_controller_dag.py for tasks to queue
[2021-10-21 12:22:36,166] {logging_mixin.py:109} INFO - [2021-10-21 12:22:36,166] {dagbag.py:500} INFO - Filling up the DagBag from /opt/anaconda3/envs/af2/lib/python3.8/site-packages/airflow/example_dags/example_trigger_controller_dag.py
[2021-10-21 12:22:36,182] {processor.py:632} INFO - DAG(s) dict_keys(['example_trigger_controller_dag']) retrieved from /opt/anaconda3/envs/af2/lib/python3.8/site-packages/airflow/example_dags/example_trigger_controller_dag.py
[2021-10-21 12:22:36,190] {logging_mixin.py:109} INFO - [2021-10-21 12:22:36,190] {dag.py:2389} INFO - Sync 1 DAGs
[2021-10-21 12:22:36,194] {logging_mixin.py:109} INFO - [2021-10-21 12:22:36,194] {dag.py:2914} INFO - Setting next_dagrun for example_trigger_controller_dag to 2021-01-01T00:00:00+00:00
[2021-10-21 12:22:36,197] {processor.py:171} INFO - Processing /opt/anaconda3/envs/af2/lib/python3.8/site-packages/airflow/example_dags/example_trigger_controller_dag.py took 0.032 seconds
[2021-10-21 12:23:50,165] {processor.py:163} INFO - Started process (PID=24362) to work on /opt/anaconda3/envs/af2/lib/python3.8/site-packages/airflow/example_dags/example_trigger_controller_dag.py
[2021-10-21 12:23:50,165] {processor.py:620} INFO - Processing file /opt/anaconda3/envs/af2/lib/python3.8/site-packages/airflow/example_dags/example_trigger_controller_dag.py for tasks to queue
[2021-10-21 12:23:50,165] {logging_mixin.py:109} INFO - [2021-10-21 12:23:50,165] {dagbag.py:500} INFO - Filling up the DagBag from /opt/anaconda3/envs/af2/lib/python3.8/site-packages/airflow/example_dags/example_trigger_controller_dag.py
[2021-10-21 12:23:50,182] {processor.py:632} INFO - DAG(s) dict_keys(['example_trigger_controller_dag']) retrieved from /opt/anaconda3/envs/af2/lib/python3.8/site-packages/airflow/example_dags/example_trigger_controller_dag.py
[2021-10-21 12:23:50,191] {logging_mixin.py:109} INFO - [2021-10-21 12:23:50,191] {dag.py:2389} INFO - Sync 1 DAGs
[2021-10-21 12:23:50,195] {logging_mixin.py:109} INFO - [2021-10-21 12:23:50,195] {dag.py:2914} INFO - Setting next_dagrun for example_trigger_controller_dag to 2021-01-01T00:00:00+00:00
[2021-10-21 12:23:50,198] {processor.py:171} INFO - Processing /opt/anaconda3/envs/af2/lib/python3.8/site-packages/airflow/example_dags/example_trigger_controller_dag.py took 0.034 seconds
[2021-10-21 12:25:04,598] {processor.py:163} INFO - Started process (PID=24466) to work on /opt/anaconda3/envs/af2/lib/python3.8/site-packages/airflow/example_dags/example_trigger_controller_dag.py
[2021-10-21 12:25:04,599] {processor.py:620} INFO - Processing file /opt/anaconda3/envs/af2/lib/python3.8/site-packages/airflow/example_dags/example_trigger_controller_dag.py for tasks to queue
[2021-10-21 12:25:04,599] {logging_mixin.py:109} INFO - [2021-10-21 12:25:04,599] {dagbag.py:500} INFO - Filling up the DagBag from /opt/anaconda3/envs/af2/lib/python3.8/site-packages/airflow/example_dags/example_trigger_controller_dag.py
[2021-10-21 12:25:04,615] {processor.py:632} INFO - DAG(s) dict_keys(['example_trigger_controller_dag']) retrieved from /opt/anaconda3/envs/af2/lib/python3.8/site-packages/airflow/example_dags/example_trigger_controller_dag.py
[2021-10-21 12:25:04,625] {logging_mixin.py:109} INFO - [2021-10-21 12:25:04,625] {dag.py:2389} INFO - Sync 1 DAGs
[2021-10-21 12:25:04,628] {logging_mixin.py:109} INFO - [2021-10-21 12:25:04,628] {dag.py:2914} INFO - Setting next_dagrun for example_trigger_controller_dag to 2021-01-01T00:00:00+00:00
[2021-10-21 12:25:04,632] {processor.py:171} INFO - Processing /opt/anaconda3/envs/af2/lib/python3.8/site-packages/airflow/example_dags/example_trigger_controller_dag.py took 0.035 seconds
[2021-10-21 12:26:16,292] {processor.py:163} INFO - Started process (PID=24709) to work on /opt/anaconda3/envs/af2/lib/python3.8/site-packages/airflow/example_dags/example_trigger_controller_dag.py
[2021-10-21 12:26:16,293] {processor.py:620} INFO - Processing file /opt/anaconda3/envs/af2/lib/python3.8/site-packages/airflow/example_dags/example_trigger_controller_dag.py for tasks to queue
[2021-10-21 12:26:16,293] {logging_mixin.py:109} INFO - [2021-10-21 12:26:16,293] {dagbag.py:500} INFO - Filling up the DagBag from /opt/anaconda3/envs/af2/lib/python3.8/site-packages/airflow/example_dags/example_trigger_controller_dag.py
[2021-10-21 12:26:16,309] {processor.py:632} INFO - DAG(s) dict_keys(['example_trigger_controller_dag']) retrieved from /opt/anaconda3/envs/af2/lib/python3.8/site-packages/airflow/example_dags/example_trigger_controller_dag.py
[2021-10-21 12:26:16,318] {logging_mixin.py:109} INFO - [2021-10-21 12:26:16,318] {dag.py:2389} INFO - Sync 1 DAGs
[2021-10-21 12:26:16,321] {logging_mixin.py:109} INFO - [2021-10-21 12:26:16,321] {dag.py:2914} INFO - Setting next_dagrun for example_trigger_controller_dag to 2021-01-01T00:00:00+00:00
[2021-10-21 12:26:16,325] {processor.py:171} INFO - Processing /opt/anaconda3/envs/af2/lib/python3.8/site-packages/airflow/example_dags/example_trigger_controller_dag.py took 0.033 seconds
[2021-10-21 12:27:30,310] {processor.py:163} INFO - Started process (PID=24822) to work on /opt/anaconda3/envs/af2/lib/python3.8/site-packages/airflow/example_dags/example_trigger_controller_dag.py
[2021-10-21 12:27:30,311] {processor.py:620} INFO - Processing file /opt/anaconda3/envs/af2/lib/python3.8/site-packages/airflow/example_dags/example_trigger_controller_dag.py for tasks to queue
[2021-10-21 12:27:30,311] {logging_mixin.py:109} INFO - [2021-10-21 12:27:30,311] {dagbag.py:500} INFO - Filling up the DagBag from /opt/anaconda3/envs/af2/lib/python3.8/site-packages/airflow/example_dags/example_trigger_controller_dag.py
[2021-10-21 12:27:30,328] {processor.py:632} INFO - DAG(s) dict_keys(['example_trigger_controller_dag']) retrieved from /opt/anaconda3/envs/af2/lib/python3.8/site-packages/airflow/example_dags/example_trigger_controller_dag.py
[2021-10-21 12:27:30,337] {logging_mixin.py:109} INFO - [2021-10-21 12:27:30,337] {dag.py:2389} INFO - Sync 1 DAGs
[2021-10-21 12:27:30,341] {logging_mixin.py:109} INFO - [2021-10-21 12:27:30,341] {dag.py:2914} INFO - Setting next_dagrun for example_trigger_controller_dag to 2021-01-01T00:00:00+00:00
[2021-10-21 12:27:30,345] {processor.py:171} INFO - Processing /opt/anaconda3/envs/af2/lib/python3.8/site-packages/airflow/example_dags/example_trigger_controller_dag.py took 0.035 seconds
[2021-10-21 12:28:41,930] {processor.py:163} INFO - Started process (PID=24961) to work on /opt/anaconda3/envs/af2/lib/python3.8/site-packages/airflow/example_dags/example_trigger_controller_dag.py
[2021-10-21 12:28:41,931] {processor.py:620} INFO - Processing file /opt/anaconda3/envs/af2/lib/python3.8/site-packages/airflow/example_dags/example_trigger_controller_dag.py for tasks to queue
[2021-10-21 12:28:41,931] {logging_mixin.py:109} INFO - [2021-10-21 12:28:41,931] {dagbag.py:500} INFO - Filling up the DagBag from /opt/anaconda3/envs/af2/lib/python3.8/site-packages/airflow/example_dags/example_trigger_controller_dag.py
[2021-10-21 12:28:41,949] {processor.py:632} INFO - DAG(s) dict_keys(['example_trigger_controller_dag']) retrieved from /opt/anaconda3/envs/af2/lib/python3.8/site-packages/airflow/example_dags/example_trigger_controller_dag.py
[2021-10-21 12:28:41,958] {logging_mixin.py:109} INFO - [2021-10-21 12:28:41,958] {dag.py:2389} INFO - Sync 1 DAGs
[2021-10-21 12:28:41,962] {logging_mixin.py:109} INFO - [2021-10-21 12:28:41,962] {dag.py:2914} INFO - Setting next_dagrun for example_trigger_controller_dag to 2021-01-01T00:00:00+00:00
[2021-10-21 12:28:41,965] {processor.py:171} INFO - Processing /opt/anaconda3/envs/af2/lib/python3.8/site-packages/airflow/example_dags/example_trigger_controller_dag.py took 0.036 seconds
[2021-10-21 12:29:55,810] {processor.py:163} INFO - Started process (PID=25056) to work on /opt/anaconda3/envs/af2/lib/python3.8/site-packages/airflow/example_dags/example_trigger_controller_dag.py
[2021-10-21 12:29:55,811] {processor.py:620} INFO - Processing file /opt/anaconda3/envs/af2/lib/python3.8/site-packages/airflow/example_dags/example_trigger_controller_dag.py for tasks to queue
[2021-10-21 12:29:55,811] {logging_mixin.py:109} INFO - [2021-10-21 12:29:55,811] {dagbag.py:500} INFO - Filling up the DagBag from /opt/anaconda3/envs/af2/lib/python3.8/site-packages/airflow/example_dags/example_trigger_controller_dag.py
[2021-10-21 12:29:55,827] {processor.py:632} INFO - DAG(s) dict_keys(['example_trigger_controller_dag']) retrieved from /opt/anaconda3/envs/af2/lib/python3.8/site-packages/airflow/example_dags/example_trigger_controller_dag.py
[2021-10-21 12:29:55,836] {logging_mixin.py:109} INFO - [2021-10-21 12:29:55,836] {dag.py:2389} INFO - Sync 1 DAGs
[2021-10-21 12:29:55,840] {logging_mixin.py:109} INFO - [2021-10-21 12:29:55,840] {dag.py:2914} INFO - Setting next_dagrun for example_trigger_controller_dag to 2021-01-01T00:00:00+00:00
[2021-10-21 12:29:55,844] {processor.py:171} INFO - Processing /opt/anaconda3/envs/af2/lib/python3.8/site-packages/airflow/example_dags/example_trigger_controller_dag.py took 0.034 seconds
[2021-10-21 12:31:17,874] {processor.py:163} INFO - Started process (PID=25248) to work on /opt/anaconda3/envs/af2/lib/python3.8/site-packages/airflow/example_dags/example_trigger_controller_dag.py
[2021-10-21 12:31:17,875] {processor.py:620} INFO - Processing file /opt/anaconda3/envs/af2/lib/python3.8/site-packages/airflow/example_dags/example_trigger_controller_dag.py for tasks to queue
[2021-10-21 12:31:17,875] {logging_mixin.py:109} INFO - [2021-10-21 12:31:17,875] {dagbag.py:500} INFO - Filling up the DagBag from /opt/anaconda3/envs/af2/lib/python3.8/site-packages/airflow/example_dags/example_trigger_controller_dag.py
[2021-10-21 12:31:17,890] {processor.py:632} INFO - DAG(s) dict_keys(['example_trigger_controller_dag']) retrieved from /opt/anaconda3/envs/af2/lib/python3.8/site-packages/airflow/example_dags/example_trigger_controller_dag.py
[2021-10-21 12:31:17,899] {logging_mixin.py:109} INFO - [2021-10-21 12:31:17,898] {dag.py:2389} INFO - Sync 1 DAGs
[2021-10-21 12:31:17,903] {logging_mixin.py:109} INFO - [2021-10-21 12:31:17,903] {dag.py:2914} INFO - Setting next_dagrun for example_trigger_controller_dag to 2021-01-01T00:00:00+00:00
[2021-10-21 12:31:17,906] {processor.py:171} INFO - Processing /opt/anaconda3/envs/af2/lib/python3.8/site-packages/airflow/example_dags/example_trigger_controller_dag.py took 0.033 seconds
[2021-10-21 12:32:39,740] {processor.py:163} INFO - Started process (PID=25344) to work on /opt/anaconda3/envs/af2/lib/python3.8/site-packages/airflow/example_dags/example_trigger_controller_dag.py
[2021-10-21 12:32:39,741] {processor.py:620} INFO - Processing file /opt/anaconda3/envs/af2/lib/python3.8/site-packages/airflow/example_dags/example_trigger_controller_dag.py for tasks to queue
[2021-10-21 12:32:39,741] {logging_mixin.py:109} INFO - [2021-10-21 12:32:39,741] {dagbag.py:500} INFO - Filling up the DagBag from /opt/anaconda3/envs/af2/lib/python3.8/site-packages/airflow/example_dags/example_trigger_controller_dag.py
[2021-10-21 12:32:39,756] {processor.py:632} INFO - DAG(s) dict_keys(['example_trigger_controller_dag']) retrieved from /opt/anaconda3/envs/af2/lib/python3.8/site-packages/airflow/example_dags/example_trigger_controller_dag.py
[2021-10-21 12:32:39,765] {logging_mixin.py:109} INFO - [2021-10-21 12:32:39,765] {dag.py:2389} INFO - Sync 1 DAGs
[2021-10-21 12:32:39,769] {logging_mixin.py:109} INFO - [2021-10-21 12:32:39,769] {dag.py:2914} INFO - Setting next_dagrun for example_trigger_controller_dag to 2021-01-01T00:00:00+00:00
[2021-10-21 12:32:39,772] {processor.py:171} INFO - Processing /opt/anaconda3/envs/af2/lib/python3.8/site-packages/airflow/example_dags/example_trigger_controller_dag.py took 0.034 seconds
[2021-10-21 12:34:02,423] {processor.py:163} INFO - Started process (PID=25498) to work on /opt/anaconda3/envs/af2/lib/python3.8/site-packages/airflow/example_dags/example_trigger_controller_dag.py
[2021-10-21 12:34:02,424] {processor.py:620} INFO - Processing file /opt/anaconda3/envs/af2/lib/python3.8/site-packages/airflow/example_dags/example_trigger_controller_dag.py for tasks to queue
[2021-10-21 12:34:02,424] {logging_mixin.py:109} INFO - [2021-10-21 12:34:02,424] {dagbag.py:500} INFO - Filling up the DagBag from /opt/anaconda3/envs/af2/lib/python3.8/site-packages/airflow/example_dags/example_trigger_controller_dag.py
[2021-10-21 12:34:02,439] {processor.py:632} INFO - DAG(s) dict_keys(['example_trigger_controller_dag']) retrieved from /opt/anaconda3/envs/af2/lib/python3.8/site-packages/airflow/example_dags/example_trigger_controller_dag.py
[2021-10-21 12:34:02,448] {logging_mixin.py:109} INFO - [2021-10-21 12:34:02,448] {dag.py:2389} INFO - Sync 1 DAGs
[2021-10-21 12:34:02,452] {logging_mixin.py:109} INFO - [2021-10-21 12:34:02,452] {dag.py:2914} INFO - Setting next_dagrun for example_trigger_controller_dag to 2021-01-01T00:00:00+00:00
[2021-10-21 12:34:02,455] {processor.py:171} INFO - Processing /opt/anaconda3/envs/af2/lib/python3.8/site-packages/airflow/example_dags/example_trigger_controller_dag.py took 0.033 seconds
[2021-10-21 12:35:29,098] {processor.py:163} INFO - Started process (PID=25601) to work on /opt/anaconda3/envs/af2/lib/python3.8/site-packages/airflow/example_dags/example_trigger_controller_dag.py
[2021-10-21 12:35:29,098] {processor.py:620} INFO - Processing file /opt/anaconda3/envs/af2/lib/python3.8/site-packages/airflow/example_dags/example_trigger_controller_dag.py for tasks to queue
[2021-10-21 12:35:29,099] {logging_mixin.py:109} INFO - [2021-10-21 12:35:29,099] {dagbag.py:500} INFO - Filling up the DagBag from /opt/anaconda3/envs/af2/lib/python3.8/site-packages/airflow/example_dags/example_trigger_controller_dag.py
[2021-10-21 12:35:29,113] {processor.py:632} INFO - DAG(s) dict_keys(['example_trigger_controller_dag']) retrieved from /opt/anaconda3/envs/af2/lib/python3.8/site-packages/airflow/example_dags/example_trigger_controller_dag.py
[2021-10-21 12:35:29,122] {logging_mixin.py:109} INFO - [2021-10-21 12:35:29,122] {dag.py:2389} INFO - Sync 1 DAGs
[2021-10-21 12:35:29,126] {logging_mixin.py:109} INFO - [2021-10-21 12:35:29,126] {dag.py:2914} INFO - Setting next_dagrun for example_trigger_controller_dag to 2021-01-01T00:00:00+00:00
[2021-10-21 12:35:29,130] {processor.py:171} INFO - Processing /opt/anaconda3/envs/af2/lib/python3.8/site-packages/airflow/example_dags/example_trigger_controller_dag.py took 0.033 seconds
[2021-10-21 12:36:56,141] {processor.py:163} INFO - Started process (PID=25707) to work on /opt/anaconda3/envs/af2/lib/python3.8/site-packages/airflow/example_dags/example_trigger_controller_dag.py
[2021-10-21 12:36:56,142] {processor.py:620} INFO - Processing file /opt/anaconda3/envs/af2/lib/python3.8/site-packages/airflow/example_dags/example_trigger_controller_dag.py for tasks to queue
[2021-10-21 12:36:56,143] {logging_mixin.py:109} INFO - [2021-10-21 12:36:56,143] {dagbag.py:500} INFO - Filling up the DagBag from /opt/anaconda3/envs/af2/lib/python3.8/site-packages/airflow/example_dags/example_trigger_controller_dag.py
[2021-10-21 12:36:56,158] {processor.py:632} INFO - DAG(s) dict_keys(['example_trigger_controller_dag']) retrieved from /opt/anaconda3/envs/af2/lib/python3.8/site-packages/airflow/example_dags/example_trigger_controller_dag.py
[2021-10-21 12:36:56,167] {logging_mixin.py:109} INFO - [2021-10-21 12:36:56,166] {dag.py:2389} INFO - Sync 1 DAGs
[2021-10-21 12:36:56,171] {logging_mixin.py:109} INFO - [2021-10-21 12:36:56,171] {dag.py:2914} INFO - Setting next_dagrun for example_trigger_controller_dag to 2021-01-01T00:00:00+00:00
[2021-10-21 12:36:56,174] {processor.py:171} INFO - Processing /opt/anaconda3/envs/af2/lib/python3.8/site-packages/airflow/example_dags/example_trigger_controller_dag.py took 0.034 seconds
[2021-10-21 12:38:40,329] {processor.py:163} INFO - Started process (PID=25862) to work on /opt/anaconda3/envs/af2/lib/python3.8/site-packages/airflow/example_dags/example_trigger_controller_dag.py
[2021-10-21 12:38:40,330] {processor.py:620} INFO - Processing file /opt/anaconda3/envs/af2/lib/python3.8/site-packages/airflow/example_dags/example_trigger_controller_dag.py for tasks to queue
[2021-10-21 12:38:40,330] {logging_mixin.py:109} INFO - [2021-10-21 12:38:40,330] {dagbag.py:500} INFO - Filling up the DagBag from /opt/anaconda3/envs/af2/lib/python3.8/site-packages/airflow/example_dags/example_trigger_controller_dag.py
[2021-10-21 12:38:40,345] {processor.py:632} INFO - DAG(s) dict_keys(['example_trigger_controller_dag']) retrieved from /opt/anaconda3/envs/af2/lib/python3.8/site-packages/airflow/example_dags/example_trigger_controller_dag.py
[2021-10-21 12:38:40,361] {logging_mixin.py:109} INFO - [2021-10-21 12:38:40,361] {dag.py:2389} INFO - Sync 1 DAGs
[2021-10-21 12:38:40,366] {logging_mixin.py:109} INFO - [2021-10-21 12:38:40,366] {dag.py:2914} INFO - Setting next_dagrun for example_trigger_controller_dag to 2021-01-01T00:00:00+00:00
[2021-10-21 12:38:40,370] {processor.py:171} INFO - Processing /opt/anaconda3/envs/af2/lib/python3.8/site-packages/airflow/example_dags/example_trigger_controller_dag.py took 0.042 seconds
[2021-10-21 12:40:14,559] {processor.py:163} INFO - Started process (PID=25950) to work on /opt/anaconda3/envs/af2/lib/python3.8/site-packages/airflow/example_dags/example_trigger_controller_dag.py
[2021-10-21 12:40:14,561] {processor.py:620} INFO - Processing file /opt/anaconda3/envs/af2/lib/python3.8/site-packages/airflow/example_dags/example_trigger_controller_dag.py for tasks to queue
[2021-10-21 12:40:14,561] {logging_mixin.py:109} INFO - [2021-10-21 12:40:14,561] {dagbag.py:500} INFO - Filling up the DagBag from /opt/anaconda3/envs/af2/lib/python3.8/site-packages/airflow/example_dags/example_trigger_controller_dag.py
[2021-10-21 12:40:14,580] {processor.py:632} INFO - DAG(s) dict_keys(['example_trigger_controller_dag']) retrieved from /opt/anaconda3/envs/af2/lib/python3.8/site-packages/airflow/example_dags/example_trigger_controller_dag.py
[2021-10-21 12:40:14,589] {logging_mixin.py:109} INFO - [2021-10-21 12:40:14,589] {dag.py:2389} INFO - Sync 1 DAGs
[2021-10-21 12:40:14,593] {logging_mixin.py:109} INFO - [2021-10-21 12:40:14,593] {dag.py:2914} INFO - Setting next_dagrun for example_trigger_controller_dag to 2021-01-01T00:00:00+00:00
[2021-10-21 12:40:14,596] {processor.py:171} INFO - Processing /opt/anaconda3/envs/af2/lib/python3.8/site-packages/airflow/example_dags/example_trigger_controller_dag.py took 0.038 seconds
[2021-10-21 12:41:11,791] {processor.py:163} INFO - Started process (PID=26024) to work on /opt/anaconda3/envs/af2/lib/python3.8/site-packages/airflow/example_dags/example_trigger_controller_dag.py
[2021-10-21 12:41:11,792] {processor.py:620} INFO - Processing file /opt/anaconda3/envs/af2/lib/python3.8/site-packages/airflow/example_dags/example_trigger_controller_dag.py for tasks to queue
[2021-10-21 12:41:11,792] {logging_mixin.py:109} INFO - [2021-10-21 12:41:11,792] {dagbag.py:500} INFO - Filling up the DagBag from /opt/anaconda3/envs/af2/lib/python3.8/site-packages/airflow/example_dags/example_trigger_controller_dag.py
[2021-10-21 12:41:11,807] {processor.py:632} INFO - DAG(s) dict_keys(['example_trigger_controller_dag']) retrieved from /opt/anaconda3/envs/af2/lib/python3.8/site-packages/airflow/example_dags/example_trigger_controller_dag.py
[2021-10-21 12:41:11,816] {logging_mixin.py:109} INFO - [2021-10-21 12:41:11,816] {dag.py:2389} INFO - Sync 1 DAGs
[2021-10-21 12:41:11,820] {logging_mixin.py:109} INFO - [2021-10-21 12:41:11,820] {dag.py:2914} INFO - Setting next_dagrun for example_trigger_controller_dag to 2021-01-01T00:00:00+00:00
[2021-10-21 12:41:11,823] {processor.py:171} INFO - Processing /opt/anaconda3/envs/af2/lib/python3.8/site-packages/airflow/example_dags/example_trigger_controller_dag.py took 0.032 seconds
[2021-10-21 12:42:39,947] {processor.py:163} INFO - Started process (PID=26124) to work on /opt/anaconda3/envs/af2/lib/python3.8/site-packages/airflow/example_dags/example_trigger_controller_dag.py
[2021-10-21 12:42:39,948] {processor.py:620} INFO - Processing file /opt/anaconda3/envs/af2/lib/python3.8/site-packages/airflow/example_dags/example_trigger_controller_dag.py for tasks to queue
[2021-10-21 12:42:39,949] {logging_mixin.py:109} INFO - [2021-10-21 12:42:39,948] {dagbag.py:500} INFO - Filling up the DagBag from /opt/anaconda3/envs/af2/lib/python3.8/site-packages/airflow/example_dags/example_trigger_controller_dag.py
[2021-10-21 12:42:39,964] {processor.py:632} INFO - DAG(s) dict_keys(['example_trigger_controller_dag']) retrieved from /opt/anaconda3/envs/af2/lib/python3.8/site-packages/airflow/example_dags/example_trigger_controller_dag.py
[2021-10-21 12:42:39,973] {logging_mixin.py:109} INFO - [2021-10-21 12:42:39,973] {dag.py:2389} INFO - Sync 1 DAGs
[2021-10-21 12:42:39,977] {logging_mixin.py:109} INFO - [2021-10-21 12:42:39,977] {dag.py:2914} INFO - Setting next_dagrun for example_trigger_controller_dag to 2021-01-01T00:00:00+00:00
[2021-10-21 12:42:39,980] {processor.py:171} INFO - Processing /opt/anaconda3/envs/af2/lib/python3.8/site-packages/airflow/example_dags/example_trigger_controller_dag.py took 0.034 seconds
[2021-10-21 12:44:30,407] {processor.py:163} INFO - Started process (PID=26279) to work on /opt/anaconda3/envs/af2/lib/python3.8/site-packages/airflow/example_dags/example_trigger_controller_dag.py
[2021-10-21 12:44:30,408] {processor.py:620} INFO - Processing file /opt/anaconda3/envs/af2/lib/python3.8/site-packages/airflow/example_dags/example_trigger_controller_dag.py for tasks to queue
[2021-10-21 12:44:30,408] {logging_mixin.py:109} INFO - [2021-10-21 12:44:30,408] {dagbag.py:500} INFO - Filling up the DagBag from /opt/anaconda3/envs/af2/lib/python3.8/site-packages/airflow/example_dags/example_trigger_controller_dag.py
[2021-10-21 12:44:30,424] {processor.py:632} INFO - DAG(s) dict_keys(['example_trigger_controller_dag']) retrieved from /opt/anaconda3/envs/af2/lib/python3.8/site-packages/airflow/example_dags/example_trigger_controller_dag.py
[2021-10-21 12:44:30,433] {logging_mixin.py:109} INFO - [2021-10-21 12:44:30,433] {dag.py:2389} INFO - Sync 1 DAGs
[2021-10-21 12:44:30,437] {logging_mixin.py:109} INFO - [2021-10-21 12:44:30,437] {dag.py:2914} INFO - Setting next_dagrun for example_trigger_controller_dag to 2021-01-01T00:00:00+00:00
[2021-10-21 12:44:30,440] {processor.py:171} INFO - Processing /opt/anaconda3/envs/af2/lib/python3.8/site-packages/airflow/example_dags/example_trigger_controller_dag.py took 0.035 seconds
[2021-10-21 12:46:12,005] {processor.py:163} INFO - Started process (PID=26424) to work on /opt/anaconda3/envs/af2/lib/python3.8/site-packages/airflow/example_dags/example_trigger_controller_dag.py
[2021-10-21 12:46:12,006] {processor.py:620} INFO - Processing file /opt/anaconda3/envs/af2/lib/python3.8/site-packages/airflow/example_dags/example_trigger_controller_dag.py for tasks to queue
[2021-10-21 12:46:12,007] {logging_mixin.py:109} INFO - [2021-10-21 12:46:12,007] {dagbag.py:500} INFO - Filling up the DagBag from /opt/anaconda3/envs/af2/lib/python3.8/site-packages/airflow/example_dags/example_trigger_controller_dag.py
[2021-10-21 12:46:12,026] {processor.py:632} INFO - DAG(s) dict_keys(['example_trigger_controller_dag']) retrieved from /opt/anaconda3/envs/af2/lib/python3.8/site-packages/airflow/example_dags/example_trigger_controller_dag.py
[2021-10-21 12:46:12,039] {logging_mixin.py:109} INFO - [2021-10-21 12:46:12,039] {dag.py:2389} INFO - Sync 1 DAGs
[2021-10-21 12:46:12,043] {logging_mixin.py:109} INFO - [2021-10-21 12:46:12,043] {dag.py:2914} INFO - Setting next_dagrun for example_trigger_controller_dag to 2021-01-01T00:00:00+00:00
[2021-10-21 12:46:12,047] {processor.py:171} INFO - Processing /opt/anaconda3/envs/af2/lib/python3.8/site-packages/airflow/example_dags/example_trigger_controller_dag.py took 0.043 seconds
[2021-10-21 12:47:38,955] {processor.py:163} INFO - Started process (PID=26631) to work on /opt/anaconda3/envs/af2/lib/python3.8/site-packages/airflow/example_dags/example_trigger_controller_dag.py
[2021-10-21 12:47:38,956] {processor.py:620} INFO - Processing file /opt/anaconda3/envs/af2/lib/python3.8/site-packages/airflow/example_dags/example_trigger_controller_dag.py for tasks to queue
[2021-10-21 12:47:38,956] {logging_mixin.py:109} INFO - [2021-10-21 12:47:38,956] {dagbag.py:500} INFO - Filling up the DagBag from /opt/anaconda3/envs/af2/lib/python3.8/site-packages/airflow/example_dags/example_trigger_controller_dag.py
[2021-10-21 12:47:38,971] {processor.py:632} INFO - DAG(s) dict_keys(['example_trigger_controller_dag']) retrieved from /opt/anaconda3/envs/af2/lib/python3.8/site-packages/airflow/example_dags/example_trigger_controller_dag.py
[2021-10-21 12:47:38,981] {logging_mixin.py:109} INFO - [2021-10-21 12:47:38,981] {dag.py:2389} INFO - Sync 1 DAGs
[2021-10-21 12:47:38,986] {logging_mixin.py:109} INFO - [2021-10-21 12:47:38,986] {dag.py:2914} INFO - Setting next_dagrun for example_trigger_controller_dag to 2021-01-01T00:00:00+00:00
[2021-10-21 12:47:38,990] {processor.py:171} INFO - Processing /opt/anaconda3/envs/af2/lib/python3.8/site-packages/airflow/example_dags/example_trigger_controller_dag.py took 0.036 seconds
[2021-10-21 12:48:57,663] {processor.py:163} INFO - Started process (PID=26759) to work on /opt/anaconda3/envs/af2/lib/python3.8/site-packages/airflow/example_dags/example_trigger_controller_dag.py
[2021-10-21 12:48:57,663] {processor.py:620} INFO - Processing file /opt/anaconda3/envs/af2/lib/python3.8/site-packages/airflow/example_dags/example_trigger_controller_dag.py for tasks to queue
[2021-10-21 12:48:57,664] {logging_mixin.py:109} INFO - [2021-10-21 12:48:57,664] {dagbag.py:500} INFO - Filling up the DagBag from /opt/anaconda3/envs/af2/lib/python3.8/site-packages/airflow/example_dags/example_trigger_controller_dag.py
[2021-10-21 12:48:57,679] {processor.py:632} INFO - DAG(s) dict_keys(['example_trigger_controller_dag']) retrieved from /opt/anaconda3/envs/af2/lib/python3.8/site-packages/airflow/example_dags/example_trigger_controller_dag.py
[2021-10-21 12:48:57,693] {logging_mixin.py:109} INFO - [2021-10-21 12:48:57,693] {dag.py:2389} INFO - Sync 1 DAGs
[2021-10-21 12:48:57,699] {logging_mixin.py:109} INFO - [2021-10-21 12:48:57,698] {dag.py:2914} INFO - Setting next_dagrun for example_trigger_controller_dag to 2021-01-01T00:00:00+00:00
[2021-10-21 12:48:57,703] {processor.py:171} INFO - Processing /opt/anaconda3/envs/af2/lib/python3.8/site-packages/airflow/example_dags/example_trigger_controller_dag.py took 0.041 seconds
[2021-10-21 12:50:12,286] {processor.py:163} INFO - Started process (PID=26895) to work on /opt/anaconda3/envs/af2/lib/python3.8/site-packages/airflow/example_dags/example_trigger_controller_dag.py
[2021-10-21 12:50:12,287] {processor.py:620} INFO - Processing file /opt/anaconda3/envs/af2/lib/python3.8/site-packages/airflow/example_dags/example_trigger_controller_dag.py for tasks to queue
[2021-10-21 12:50:12,287] {logging_mixin.py:109} INFO - [2021-10-21 12:50:12,287] {dagbag.py:500} INFO - Filling up the DagBag from /opt/anaconda3/envs/af2/lib/python3.8/site-packages/airflow/example_dags/example_trigger_controller_dag.py
[2021-10-21 12:50:12,301] {processor.py:632} INFO - DAG(s) dict_keys(['example_trigger_controller_dag']) retrieved from /opt/anaconda3/envs/af2/lib/python3.8/site-packages/airflow/example_dags/example_trigger_controller_dag.py
[2021-10-21 12:50:12,309] {logging_mixin.py:109} INFO - [2021-10-21 12:50:12,309] {dag.py:2389} INFO - Sync 1 DAGs
[2021-10-21 12:50:12,313] {logging_mixin.py:109} INFO - [2021-10-21 12:50:12,313] {dag.py:2914} INFO - Setting next_dagrun for example_trigger_controller_dag to 2021-01-01T00:00:00+00:00
[2021-10-21 12:50:12,317] {processor.py:171} INFO - Processing /opt/anaconda3/envs/af2/lib/python3.8/site-packages/airflow/example_dags/example_trigger_controller_dag.py took 0.032 seconds
[2021-10-21 12:51:26,268] {processor.py:163} INFO - Started process (PID=26999) to work on /opt/anaconda3/envs/af2/lib/python3.8/site-packages/airflow/example_dags/example_trigger_controller_dag.py
[2021-10-21 12:51:26,269] {processor.py:620} INFO - Processing file /opt/anaconda3/envs/af2/lib/python3.8/site-packages/airflow/example_dags/example_trigger_controller_dag.py for tasks to queue
[2021-10-21 12:51:26,269] {logging_mixin.py:109} INFO - [2021-10-21 12:51:26,269] {dagbag.py:500} INFO - Filling up the DagBag from /opt/anaconda3/envs/af2/lib/python3.8/site-packages/airflow/example_dags/example_trigger_controller_dag.py
[2021-10-21 12:51:26,285] {processor.py:632} INFO - DAG(s) dict_keys(['example_trigger_controller_dag']) retrieved from /opt/anaconda3/envs/af2/lib/python3.8/site-packages/airflow/example_dags/example_trigger_controller_dag.py
[2021-10-21 12:51:26,294] {logging_mixin.py:109} INFO - [2021-10-21 12:51:26,294] {dag.py:2389} INFO - Sync 1 DAGs
[2021-10-21 12:51:26,298] {logging_mixin.py:109} INFO - [2021-10-21 12:51:26,298] {dag.py:2914} INFO - Setting next_dagrun for example_trigger_controller_dag to 2021-01-01T00:00:00+00:00
[2021-10-21 12:51:26,302] {processor.py:171} INFO - Processing /opt/anaconda3/envs/af2/lib/python3.8/site-packages/airflow/example_dags/example_trigger_controller_dag.py took 0.035 seconds
[2021-10-21 12:52:28,737] {processor.py:163} INFO - Started process (PID=27077) to work on /opt/anaconda3/envs/af2/lib/python3.8/site-packages/airflow/example_dags/example_trigger_controller_dag.py
[2021-10-21 12:52:28,738] {processor.py:620} INFO - Processing file /opt/anaconda3/envs/af2/lib/python3.8/site-packages/airflow/example_dags/example_trigger_controller_dag.py for tasks to queue
[2021-10-21 12:52:28,738] {logging_mixin.py:109} INFO - [2021-10-21 12:52:28,738] {dagbag.py:500} INFO - Filling up the DagBag from /opt/anaconda3/envs/af2/lib/python3.8/site-packages/airflow/example_dags/example_trigger_controller_dag.py
[2021-10-21 12:52:28,754] {processor.py:632} INFO - DAG(s) dict_keys(['example_trigger_controller_dag']) retrieved from /opt/anaconda3/envs/af2/lib/python3.8/site-packages/airflow/example_dags/example_trigger_controller_dag.py
[2021-10-21 12:52:28,763] {logging_mixin.py:109} INFO - [2021-10-21 12:52:28,763] {dag.py:2389} INFO - Sync 1 DAGs
[2021-10-21 12:52:28,767] {logging_mixin.py:109} INFO - [2021-10-21 12:52:28,767] {dag.py:2914} INFO - Setting next_dagrun for example_trigger_controller_dag to 2021-01-01T00:00:00+00:00
[2021-10-21 12:52:28,771] {processor.py:171} INFO - Processing /opt/anaconda3/envs/af2/lib/python3.8/site-packages/airflow/example_dags/example_trigger_controller_dag.py took 0.035 seconds
[2021-10-21 12:53:41,860] {processor.py:163} INFO - Started process (PID=27170) to work on /opt/anaconda3/envs/af2/lib/python3.8/site-packages/airflow/example_dags/example_trigger_controller_dag.py
[2021-10-21 12:53:41,860] {processor.py:620} INFO - Processing file /opt/anaconda3/envs/af2/lib/python3.8/site-packages/airflow/example_dags/example_trigger_controller_dag.py for tasks to queue
[2021-10-21 12:53:41,860] {logging_mixin.py:109} INFO - [2021-10-21 12:53:41,860] {dagbag.py:500} INFO - Filling up the DagBag from /opt/anaconda3/envs/af2/lib/python3.8/site-packages/airflow/example_dags/example_trigger_controller_dag.py
[2021-10-21 12:53:41,876] {processor.py:632} INFO - DAG(s) dict_keys(['example_trigger_controller_dag']) retrieved from /opt/anaconda3/envs/af2/lib/python3.8/site-packages/airflow/example_dags/example_trigger_controller_dag.py
[2021-10-21 12:53:41,885] {logging_mixin.py:109} INFO - [2021-10-21 12:53:41,885] {dag.py:2389} INFO - Sync 1 DAGs
[2021-10-21 12:53:41,889] {logging_mixin.py:109} INFO - [2021-10-21 12:53:41,889] {dag.py:2914} INFO - Setting next_dagrun for example_trigger_controller_dag to 2021-01-01T00:00:00+00:00
[2021-10-21 12:53:41,892] {processor.py:171} INFO - Processing /opt/anaconda3/envs/af2/lib/python3.8/site-packages/airflow/example_dags/example_trigger_controller_dag.py took 0.034 seconds
[2021-10-21 12:55:10,018] {processor.py:163} INFO - Started process (PID=27271) to work on /opt/anaconda3/envs/af2/lib/python3.8/site-packages/airflow/example_dags/example_trigger_controller_dag.py
[2021-10-21 12:55:10,019] {processor.py:620} INFO - Processing file /opt/anaconda3/envs/af2/lib/python3.8/site-packages/airflow/example_dags/example_trigger_controller_dag.py for tasks to queue
[2021-10-21 12:55:10,019] {logging_mixin.py:109} INFO - [2021-10-21 12:55:10,019] {dagbag.py:500} INFO - Filling up the DagBag from /opt/anaconda3/envs/af2/lib/python3.8/site-packages/airflow/example_dags/example_trigger_controller_dag.py
[2021-10-21 12:55:10,034] {processor.py:632} INFO - DAG(s) dict_keys(['example_trigger_controller_dag']) retrieved from /opt/anaconda3/envs/af2/lib/python3.8/site-packages/airflow/example_dags/example_trigger_controller_dag.py
[2021-10-21 12:55:10,043] {logging_mixin.py:109} INFO - [2021-10-21 12:55:10,043] {dag.py:2389} INFO - Sync 1 DAGs
[2021-10-21 12:55:10,047] {logging_mixin.py:109} INFO - [2021-10-21 12:55:10,047] {dag.py:2914} INFO - Setting next_dagrun for example_trigger_controller_dag to 2021-01-01T00:00:00+00:00
[2021-10-21 12:55:10,050] {processor.py:171} INFO - Processing /opt/anaconda3/envs/af2/lib/python3.8/site-packages/airflow/example_dags/example_trigger_controller_dag.py took 0.033 seconds
[2021-10-21 12:56:36,257] {processor.py:163} INFO - Started process (PID=27374) to work on /opt/anaconda3/envs/af2/lib/python3.8/site-packages/airflow/example_dags/example_trigger_controller_dag.py
[2021-10-21 12:56:36,258] {processor.py:620} INFO - Processing file /opt/anaconda3/envs/af2/lib/python3.8/site-packages/airflow/example_dags/example_trigger_controller_dag.py for tasks to queue
[2021-10-21 12:56:36,258] {logging_mixin.py:109} INFO - [2021-10-21 12:56:36,258] {dagbag.py:500} INFO - Filling up the DagBag from /opt/anaconda3/envs/af2/lib/python3.8/site-packages/airflow/example_dags/example_trigger_controller_dag.py
[2021-10-21 12:56:36,274] {processor.py:632} INFO - DAG(s) dict_keys(['example_trigger_controller_dag']) retrieved from /opt/anaconda3/envs/af2/lib/python3.8/site-packages/airflow/example_dags/example_trigger_controller_dag.py
[2021-10-21 12:56:36,283] {logging_mixin.py:109} INFO - [2021-10-21 12:56:36,283] {dag.py:2389} INFO - Sync 1 DAGs
[2021-10-21 12:56:36,287] {logging_mixin.py:109} INFO - [2021-10-21 12:56:36,287] {dag.py:2914} INFO - Setting next_dagrun for example_trigger_controller_dag to 2021-01-01T00:00:00+00:00
[2021-10-21 12:56:36,290] {processor.py:171} INFO - Processing /opt/anaconda3/envs/af2/lib/python3.8/site-packages/airflow/example_dags/example_trigger_controller_dag.py took 0.034 seconds
[2021-10-21 12:58:08,661] {processor.py:163} INFO - Started process (PID=27491) to work on /opt/anaconda3/envs/af2/lib/python3.8/site-packages/airflow/example_dags/example_trigger_controller_dag.py
[2021-10-21 12:58:08,662] {processor.py:620} INFO - Processing file /opt/anaconda3/envs/af2/lib/python3.8/site-packages/airflow/example_dags/example_trigger_controller_dag.py for tasks to queue
[2021-10-21 12:58:08,662] {logging_mixin.py:109} INFO - [2021-10-21 12:58:08,662] {dagbag.py:500} INFO - Filling up the DagBag from /opt/anaconda3/envs/af2/lib/python3.8/site-packages/airflow/example_dags/example_trigger_controller_dag.py
[2021-10-21 12:58:08,677] {processor.py:632} INFO - DAG(s) dict_keys(['example_trigger_controller_dag']) retrieved from /opt/anaconda3/envs/af2/lib/python3.8/site-packages/airflow/example_dags/example_trigger_controller_dag.py
[2021-10-21 12:58:08,686] {logging_mixin.py:109} INFO - [2021-10-21 12:58:08,686] {dag.py:2389} INFO - Sync 1 DAGs
[2021-10-21 12:58:08,690] {logging_mixin.py:109} INFO - [2021-10-21 12:58:08,690] {dag.py:2914} INFO - Setting next_dagrun for example_trigger_controller_dag to 2021-01-01T00:00:00+00:00
[2021-10-21 12:58:08,693] {processor.py:171} INFO - Processing /opt/anaconda3/envs/af2/lib/python3.8/site-packages/airflow/example_dags/example_trigger_controller_dag.py took 0.033 seconds
[2021-10-21 12:59:37,732] {processor.py:163} INFO - Started process (PID=27598) to work on /opt/anaconda3/envs/af2/lib/python3.8/site-packages/airflow/example_dags/example_trigger_controller_dag.py
[2021-10-21 12:59:37,733] {processor.py:620} INFO - Processing file /opt/anaconda3/envs/af2/lib/python3.8/site-packages/airflow/example_dags/example_trigger_controller_dag.py for tasks to queue
[2021-10-21 12:59:37,733] {logging_mixin.py:109} INFO - [2021-10-21 12:59:37,733] {dagbag.py:500} INFO - Filling up the DagBag from /opt/anaconda3/envs/af2/lib/python3.8/site-packages/airflow/example_dags/example_trigger_controller_dag.py
[2021-10-21 12:59:37,749] {processor.py:632} INFO - DAG(s) dict_keys(['example_trigger_controller_dag']) retrieved from /opt/anaconda3/envs/af2/lib/python3.8/site-packages/airflow/example_dags/example_trigger_controller_dag.py
[2021-10-21 12:59:37,759] {logging_mixin.py:109} INFO - [2021-10-21 12:59:37,759] {dag.py:2389} INFO - Sync 1 DAGs
[2021-10-21 12:59:37,763] {logging_mixin.py:109} INFO - [2021-10-21 12:59:37,763] {dag.py:2914} INFO - Setting next_dagrun for example_trigger_controller_dag to 2021-01-01T00:00:00+00:00
[2021-10-21 12:59:37,767] {processor.py:171} INFO - Processing /opt/anaconda3/envs/af2/lib/python3.8/site-packages/airflow/example_dags/example_trigger_controller_dag.py took 0.036 seconds
[2021-10-21 13:01:10,963] {processor.py:163} INFO - Started process (PID=27696) to work on /opt/anaconda3/envs/af2/lib/python3.8/site-packages/airflow/example_dags/example_trigger_controller_dag.py
[2021-10-21 13:01:10,964] {processor.py:620} INFO - Processing file /opt/anaconda3/envs/af2/lib/python3.8/site-packages/airflow/example_dags/example_trigger_controller_dag.py for tasks to queue
[2021-10-21 13:01:10,964] {logging_mixin.py:109} INFO - [2021-10-21 13:01:10,964] {dagbag.py:500} INFO - Filling up the DagBag from /opt/anaconda3/envs/af2/lib/python3.8/site-packages/airflow/example_dags/example_trigger_controller_dag.py
[2021-10-21 13:01:10,979] {processor.py:632} INFO - DAG(s) dict_keys(['example_trigger_controller_dag']) retrieved from /opt/anaconda3/envs/af2/lib/python3.8/site-packages/airflow/example_dags/example_trigger_controller_dag.py
[2021-10-21 13:01:10,988] {logging_mixin.py:109} INFO - [2021-10-21 13:01:10,988] {dag.py:2389} INFO - Sync 1 DAGs
[2021-10-21 13:01:10,992] {logging_mixin.py:109} INFO - [2021-10-21 13:01:10,992] {dag.py:2914} INFO - Setting next_dagrun for example_trigger_controller_dag to 2021-01-01T00:00:00+00:00
[2021-10-21 13:01:10,996] {processor.py:171} INFO - Processing /opt/anaconda3/envs/af2/lib/python3.8/site-packages/airflow/example_dags/example_trigger_controller_dag.py took 0.033 seconds
[2021-10-21 13:02:41,072] {processor.py:163} INFO - Started process (PID=27828) to work on /opt/anaconda3/envs/af2/lib/python3.8/site-packages/airflow/example_dags/example_trigger_controller_dag.py
[2021-10-21 13:02:41,073] {processor.py:620} INFO - Processing file /opt/anaconda3/envs/af2/lib/python3.8/site-packages/airflow/example_dags/example_trigger_controller_dag.py for tasks to queue
[2021-10-21 13:02:41,073] {logging_mixin.py:109} INFO - [2021-10-21 13:02:41,073] {dagbag.py:500} INFO - Filling up the DagBag from /opt/anaconda3/envs/af2/lib/python3.8/site-packages/airflow/example_dags/example_trigger_controller_dag.py
[2021-10-21 13:02:41,090] {processor.py:632} INFO - DAG(s) dict_keys(['example_trigger_controller_dag']) retrieved from /opt/anaconda3/envs/af2/lib/python3.8/site-packages/airflow/example_dags/example_trigger_controller_dag.py
[2021-10-21 13:02:41,099] {logging_mixin.py:109} INFO - [2021-10-21 13:02:41,099] {dag.py:2389} INFO - Sync 1 DAGs
[2021-10-21 13:02:41,103] {logging_mixin.py:109} INFO - [2021-10-21 13:02:41,103] {dag.py:2914} INFO - Setting next_dagrun for example_trigger_controller_dag to 2021-01-01T00:00:00+00:00
[2021-10-21 13:02:41,107] {processor.py:171} INFO - Processing /opt/anaconda3/envs/af2/lib/python3.8/site-packages/airflow/example_dags/example_trigger_controller_dag.py took 0.036 seconds
[2021-10-21 13:04:09,690] {processor.py:163} INFO - Started process (PID=27928) to work on /opt/anaconda3/envs/af2/lib/python3.8/site-packages/airflow/example_dags/example_trigger_controller_dag.py
[2021-10-21 13:04:09,692] {processor.py:620} INFO - Processing file /opt/anaconda3/envs/af2/lib/python3.8/site-packages/airflow/example_dags/example_trigger_controller_dag.py for tasks to queue
[2021-10-21 13:04:09,692] {logging_mixin.py:109} INFO - [2021-10-21 13:04:09,692] {dagbag.py:500} INFO - Filling up the DagBag from /opt/anaconda3/envs/af2/lib/python3.8/site-packages/airflow/example_dags/example_trigger_controller_dag.py
[2021-10-21 13:04:09,708] {processor.py:632} INFO - DAG(s) dict_keys(['example_trigger_controller_dag']) retrieved from /opt/anaconda3/envs/af2/lib/python3.8/site-packages/airflow/example_dags/example_trigger_controller_dag.py
[2021-10-21 13:04:09,717] {logging_mixin.py:109} INFO - [2021-10-21 13:04:09,717] {dag.py:2389} INFO - Sync 1 DAGs
[2021-10-21 13:04:09,721] {logging_mixin.py:109} INFO - [2021-10-21 13:04:09,721] {dag.py:2914} INFO - Setting next_dagrun for example_trigger_controller_dag to 2021-01-01T00:00:00+00:00
[2021-10-21 13:04:09,725] {processor.py:171} INFO - Processing /opt/anaconda3/envs/af2/lib/python3.8/site-packages/airflow/example_dags/example_trigger_controller_dag.py took 0.036 seconds
[2021-10-21 13:05:41,169] {processor.py:163} INFO - Started process (PID=28035) to work on /opt/anaconda3/envs/af2/lib/python3.8/site-packages/airflow/example_dags/example_trigger_controller_dag.py
[2021-10-21 13:05:41,170] {processor.py:620} INFO - Processing file /opt/anaconda3/envs/af2/lib/python3.8/site-packages/airflow/example_dags/example_trigger_controller_dag.py for tasks to queue
[2021-10-21 13:05:41,170] {logging_mixin.py:109} INFO - [2021-10-21 13:05:41,170] {dagbag.py:500} INFO - Filling up the DagBag from /opt/anaconda3/envs/af2/lib/python3.8/site-packages/airflow/example_dags/example_trigger_controller_dag.py
[2021-10-21 13:05:41,188] {processor.py:632} INFO - DAG(s) dict_keys(['example_trigger_controller_dag']) retrieved from /opt/anaconda3/envs/af2/lib/python3.8/site-packages/airflow/example_dags/example_trigger_controller_dag.py
[2021-10-21 13:05:41,198] {logging_mixin.py:109} INFO - [2021-10-21 13:05:41,198] {dag.py:2389} INFO - Sync 1 DAGs
[2021-10-21 13:05:41,203] {logging_mixin.py:109} INFO - [2021-10-21 13:05:41,203] {dag.py:2914} INFO - Setting next_dagrun for example_trigger_controller_dag to 2021-01-01T00:00:00+00:00
[2021-10-21 13:05:41,207] {processor.py:171} INFO - Processing /opt/anaconda3/envs/af2/lib/python3.8/site-packages/airflow/example_dags/example_trigger_controller_dag.py took 0.039 seconds
[2021-10-21 13:07:11,046] {processor.py:163} INFO - Started process (PID=28196) to work on /opt/anaconda3/envs/af2/lib/python3.8/site-packages/airflow/example_dags/example_trigger_controller_dag.py
[2021-10-21 13:07:11,047] {processor.py:620} INFO - Processing file /opt/anaconda3/envs/af2/lib/python3.8/site-packages/airflow/example_dags/example_trigger_controller_dag.py for tasks to queue
[2021-10-21 13:07:11,048] {logging_mixin.py:109} INFO - [2021-10-21 13:07:11,048] {dagbag.py:500} INFO - Filling up the DagBag from /opt/anaconda3/envs/af2/lib/python3.8/site-packages/airflow/example_dags/example_trigger_controller_dag.py
[2021-10-21 13:07:11,066] {processor.py:632} INFO - DAG(s) dict_keys(['example_trigger_controller_dag']) retrieved from /opt/anaconda3/envs/af2/lib/python3.8/site-packages/airflow/example_dags/example_trigger_controller_dag.py
[2021-10-21 13:07:11,076] {logging_mixin.py:109} INFO - [2021-10-21 13:07:11,076] {dag.py:2389} INFO - Sync 1 DAGs
[2021-10-21 13:07:11,081] {logging_mixin.py:109} INFO - [2021-10-21 13:07:11,081] {dag.py:2914} INFO - Setting next_dagrun for example_trigger_controller_dag to 2021-01-01T00:00:00+00:00
[2021-10-21 13:07:11,085] {processor.py:171} INFO - Processing /opt/anaconda3/envs/af2/lib/python3.8/site-packages/airflow/example_dags/example_trigger_controller_dag.py took 0.040 seconds
