[2021-10-21 12:02:05,652] {processor.py:163} INFO - Started process (PID=22392) to work on /opt/anaconda3/envs/af2/lib/python3.8/site-packages/airflow/example_dags/example_subdag_operator.py
[2021-10-21 12:02:05,653] {processor.py:620} INFO - Processing file /opt/anaconda3/envs/af2/lib/python3.8/site-packages/airflow/example_dags/example_subdag_operator.py for tasks to queue
[2021-10-21 12:02:05,653] {logging_mixin.py:109} INFO - [2021-10-21 12:02:05,653] {dagbag.py:500} INFO - Filling up the DagBag from /opt/anaconda3/envs/af2/lib/python3.8/site-packages/airflow/example_dags/example_subdag_operator.py
[2021-10-21 12:02:05,674] {processor.py:632} INFO - DAG(s) dict_keys(['example_subdag_operator.section-1', 'example_subdag_operator.section-2', 'example_subdag_operator']) retrieved from /opt/anaconda3/envs/af2/lib/python3.8/site-packages/airflow/example_dags/example_subdag_operator.py
[2021-10-21 12:02:05,684] {logging_mixin.py:109} INFO - [2021-10-21 12:02:05,684] {dag.py:2389} INFO - Sync 3 DAGs
[2021-10-21 12:02:05,688] {logging_mixin.py:109} INFO - [2021-10-21 12:02:05,687] {dag.py:2914} INFO - Setting next_dagrun for example_subdag_operator to 2021-10-19T00:00:00+00:00
[2021-10-21 12:02:05,688] {logging_mixin.py:109} INFO - [2021-10-21 12:02:05,688] {dag.py:2914} INFO - Setting next_dagrun for example_subdag_operator.section-1 to None
[2021-10-21 12:02:05,688] {logging_mixin.py:109} INFO - [2021-10-21 12:02:05,688] {dag.py:2914} INFO - Setting next_dagrun for example_subdag_operator.section-2 to None
[2021-10-21 12:02:05,689] {logging_mixin.py:109} INFO - [2021-10-21 12:02:05,689] {dag.py:2389} INFO - Sync 2 DAGs
[2021-10-21 12:02:05,691] {logging_mixin.py:109} INFO - [2021-10-21 12:02:05,691] {dag.py:2914} INFO - Setting next_dagrun for example_subdag_operator.section-1 to None
[2021-10-21 12:02:05,692] {logging_mixin.py:109} INFO - [2021-10-21 12:02:05,692] {dag.py:2914} INFO - Setting next_dagrun for example_subdag_operator.section-2 to None
[2021-10-21 12:02:05,694] {processor.py:171} INFO - Processing /opt/anaconda3/envs/af2/lib/python3.8/site-packages/airflow/example_dags/example_subdag_operator.py took 0.042 seconds
[2021-10-21 12:03:38,070] {processor.py:163} INFO - Started process (PID=22551) to work on /opt/anaconda3/envs/af2/lib/python3.8/site-packages/airflow/example_dags/example_subdag_operator.py
[2021-10-21 12:03:38,071] {processor.py:620} INFO - Processing file /opt/anaconda3/envs/af2/lib/python3.8/site-packages/airflow/example_dags/example_subdag_operator.py for tasks to queue
[2021-10-21 12:03:38,071] {logging_mixin.py:109} INFO - [2021-10-21 12:03:38,071] {dagbag.py:500} INFO - Filling up the DagBag from /opt/anaconda3/envs/af2/lib/python3.8/site-packages/airflow/example_dags/example_subdag_operator.py
[2021-10-21 12:03:38,103] {processor.py:632} INFO - DAG(s) dict_keys(['example_subdag_operator.section-1', 'example_subdag_operator.section-2', 'example_subdag_operator']) retrieved from /opt/anaconda3/envs/af2/lib/python3.8/site-packages/airflow/example_dags/example_subdag_operator.py
[2021-10-21 12:03:38,113] {logging_mixin.py:109} INFO - [2021-10-21 12:03:38,113] {dag.py:2389} INFO - Sync 3 DAGs
[2021-10-21 12:03:38,118] {logging_mixin.py:109} INFO - [2021-10-21 12:03:38,118] {dag.py:2914} INFO - Setting next_dagrun for example_subdag_operator to 2021-10-19T00:00:00+00:00
[2021-10-21 12:03:38,118] {logging_mixin.py:109} INFO - [2021-10-21 12:03:38,118] {dag.py:2914} INFO - Setting next_dagrun for example_subdag_operator.section-1 to None
[2021-10-21 12:03:38,118] {logging_mixin.py:109} INFO - [2021-10-21 12:03:38,118] {dag.py:2914} INFO - Setting next_dagrun for example_subdag_operator.section-2 to None
[2021-10-21 12:03:38,120] {logging_mixin.py:109} INFO - [2021-10-21 12:03:38,120] {dag.py:2389} INFO - Sync 2 DAGs
[2021-10-21 12:03:38,122] {logging_mixin.py:109} INFO - [2021-10-21 12:03:38,122] {dag.py:2914} INFO - Setting next_dagrun for example_subdag_operator.section-1 to None
[2021-10-21 12:03:38,122] {logging_mixin.py:109} INFO - [2021-10-21 12:03:38,122] {dag.py:2914} INFO - Setting next_dagrun for example_subdag_operator.section-2 to None
[2021-10-21 12:03:38,126] {processor.py:171} INFO - Processing /opt/anaconda3/envs/af2/lib/python3.8/site-packages/airflow/example_dags/example_subdag_operator.py took 0.056 seconds
[2021-10-21 12:11:48,944] {processor.py:163} INFO - Started process (PID=23042) to work on /opt/anaconda3/envs/af2/lib/python3.8/site-packages/airflow/example_dags/example_subdag_operator.py
[2021-10-21 12:11:48,944] {processor.py:620} INFO - Processing file /opt/anaconda3/envs/af2/lib/python3.8/site-packages/airflow/example_dags/example_subdag_operator.py for tasks to queue
[2021-10-21 12:11:48,944] {logging_mixin.py:109} INFO - [2021-10-21 12:11:48,944] {dagbag.py:500} INFO - Filling up the DagBag from /opt/anaconda3/envs/af2/lib/python3.8/site-packages/airflow/example_dags/example_subdag_operator.py
[2021-10-21 12:11:48,966] {processor.py:632} INFO - DAG(s) dict_keys(['example_subdag_operator.section-1', 'example_subdag_operator.section-2', 'example_subdag_operator']) retrieved from /opt/anaconda3/envs/af2/lib/python3.8/site-packages/airflow/example_dags/example_subdag_operator.py
[2021-10-21 12:11:48,975] {logging_mixin.py:109} INFO - [2021-10-21 12:11:48,975] {dag.py:2389} INFO - Sync 3 DAGs
[2021-10-21 12:11:48,979] {logging_mixin.py:109} INFO - [2021-10-21 12:11:48,979] {dag.py:2914} INFO - Setting next_dagrun for example_subdag_operator to 2021-10-19T00:00:00+00:00
[2021-10-21 12:11:48,979] {logging_mixin.py:109} INFO - [2021-10-21 12:11:48,979] {dag.py:2914} INFO - Setting next_dagrun for example_subdag_operator.section-1 to None
[2021-10-21 12:11:48,979] {logging_mixin.py:109} INFO - [2021-10-21 12:11:48,979] {dag.py:2914} INFO - Setting next_dagrun for example_subdag_operator.section-2 to None
[2021-10-21 12:11:48,981] {logging_mixin.py:109} INFO - [2021-10-21 12:11:48,981] {dag.py:2389} INFO - Sync 2 DAGs
[2021-10-21 12:11:48,984] {logging_mixin.py:109} INFO - [2021-10-21 12:11:48,984] {dag.py:2914} INFO - Setting next_dagrun for example_subdag_operator.section-1 to None
[2021-10-21 12:11:48,984] {logging_mixin.py:109} INFO - [2021-10-21 12:11:48,984] {dag.py:2914} INFO - Setting next_dagrun for example_subdag_operator.section-2 to None
[2021-10-21 12:11:48,986] {processor.py:171} INFO - Processing /opt/anaconda3/envs/af2/lib/python3.8/site-packages/airflow/example_dags/example_subdag_operator.py took 0.043 seconds
[2021-10-21 12:12:59,766] {processor.py:163} INFO - Started process (PID=23192) to work on /opt/anaconda3/envs/af2/lib/python3.8/site-packages/airflow/example_dags/example_subdag_operator.py
[2021-10-21 12:12:59,766] {processor.py:620} INFO - Processing file /opt/anaconda3/envs/af2/lib/python3.8/site-packages/airflow/example_dags/example_subdag_operator.py for tasks to queue
[2021-10-21 12:12:59,766] {logging_mixin.py:109} INFO - [2021-10-21 12:12:59,766] {dagbag.py:500} INFO - Filling up the DagBag from /opt/anaconda3/envs/af2/lib/python3.8/site-packages/airflow/example_dags/example_subdag_operator.py
[2021-10-21 12:12:59,788] {processor.py:632} INFO - DAG(s) dict_keys(['example_subdag_operator.section-1', 'example_subdag_operator.section-2', 'example_subdag_operator']) retrieved from /opt/anaconda3/envs/af2/lib/python3.8/site-packages/airflow/example_dags/example_subdag_operator.py
[2021-10-21 12:12:59,797] {logging_mixin.py:109} INFO - [2021-10-21 12:12:59,797] {dag.py:2389} INFO - Sync 3 DAGs
[2021-10-21 12:12:59,801] {logging_mixin.py:109} INFO - [2021-10-21 12:12:59,801] {dag.py:2914} INFO - Setting next_dagrun for example_subdag_operator to 2021-10-19T00:00:00+00:00
[2021-10-21 12:12:59,801] {logging_mixin.py:109} INFO - [2021-10-21 12:12:59,801] {dag.py:2914} INFO - Setting next_dagrun for example_subdag_operator.section-1 to None
[2021-10-21 12:12:59,801] {logging_mixin.py:109} INFO - [2021-10-21 12:12:59,801] {dag.py:2914} INFO - Setting next_dagrun for example_subdag_operator.section-2 to None
[2021-10-21 12:12:59,804] {logging_mixin.py:109} INFO - [2021-10-21 12:12:59,804] {dag.py:2389} INFO - Sync 2 DAGs
[2021-10-21 12:12:59,806] {logging_mixin.py:109} INFO - [2021-10-21 12:12:59,806] {dag.py:2914} INFO - Setting next_dagrun for example_subdag_operator.section-1 to None
[2021-10-21 12:12:59,806] {logging_mixin.py:109} INFO - [2021-10-21 12:12:59,806] {dag.py:2914} INFO - Setting next_dagrun for example_subdag_operator.section-2 to None
[2021-10-21 12:12:59,809] {processor.py:171} INFO - Processing /opt/anaconda3/envs/af2/lib/python3.8/site-packages/airflow/example_dags/example_subdag_operator.py took 0.043 seconds
[2021-10-21 12:14:14,532] {processor.py:163} INFO - Started process (PID=23295) to work on /opt/anaconda3/envs/af2/lib/python3.8/site-packages/airflow/example_dags/example_subdag_operator.py
[2021-10-21 12:14:14,533] {processor.py:620} INFO - Processing file /opt/anaconda3/envs/af2/lib/python3.8/site-packages/airflow/example_dags/example_subdag_operator.py for tasks to queue
[2021-10-21 12:14:14,533] {logging_mixin.py:109} INFO - [2021-10-21 12:14:14,533] {dagbag.py:500} INFO - Filling up the DagBag from /opt/anaconda3/envs/af2/lib/python3.8/site-packages/airflow/example_dags/example_subdag_operator.py
[2021-10-21 12:14:14,556] {processor.py:632} INFO - DAG(s) dict_keys(['example_subdag_operator.section-1', 'example_subdag_operator.section-2', 'example_subdag_operator']) retrieved from /opt/anaconda3/envs/af2/lib/python3.8/site-packages/airflow/example_dags/example_subdag_operator.py
[2021-10-21 12:14:14,567] {logging_mixin.py:109} INFO - [2021-10-21 12:14:14,567] {dag.py:2389} INFO - Sync 3 DAGs
[2021-10-21 12:14:14,576] {logging_mixin.py:109} INFO - [2021-10-21 12:14:14,576] {dag.py:2914} INFO - Setting next_dagrun for example_subdag_operator to 2021-10-19T00:00:00+00:00
[2021-10-21 12:14:14,576] {logging_mixin.py:109} INFO - [2021-10-21 12:14:14,576] {dag.py:2914} INFO - Setting next_dagrun for example_subdag_operator.section-1 to None
[2021-10-21 12:14:14,576] {logging_mixin.py:109} INFO - [2021-10-21 12:14:14,576] {dag.py:2914} INFO - Setting next_dagrun for example_subdag_operator.section-2 to None
[2021-10-21 12:14:14,579] {logging_mixin.py:109} INFO - [2021-10-21 12:14:14,579] {dag.py:2389} INFO - Sync 2 DAGs
[2021-10-21 12:14:14,581] {logging_mixin.py:109} INFO - [2021-10-21 12:14:14,581] {dag.py:2914} INFO - Setting next_dagrun for example_subdag_operator.section-1 to None
[2021-10-21 12:14:14,581] {logging_mixin.py:109} INFO - [2021-10-21 12:14:14,581] {dag.py:2914} INFO - Setting next_dagrun for example_subdag_operator.section-2 to None
[2021-10-21 12:14:14,584] {processor.py:171} INFO - Processing /opt/anaconda3/envs/af2/lib/python3.8/site-packages/airflow/example_dags/example_subdag_operator.py took 0.053 seconds
[2021-10-21 12:15:29,307] {processor.py:163} INFO - Started process (PID=23398) to work on /opt/anaconda3/envs/af2/lib/python3.8/site-packages/airflow/example_dags/example_subdag_operator.py
[2021-10-21 12:15:29,308] {processor.py:620} INFO - Processing file /opt/anaconda3/envs/af2/lib/python3.8/site-packages/airflow/example_dags/example_subdag_operator.py for tasks to queue
[2021-10-21 12:15:29,308] {logging_mixin.py:109} INFO - [2021-10-21 12:15:29,308] {dagbag.py:500} INFO - Filling up the DagBag from /opt/anaconda3/envs/af2/lib/python3.8/site-packages/airflow/example_dags/example_subdag_operator.py
[2021-10-21 12:15:29,330] {processor.py:632} INFO - DAG(s) dict_keys(['example_subdag_operator.section-1', 'example_subdag_operator.section-2', 'example_subdag_operator']) retrieved from /opt/anaconda3/envs/af2/lib/python3.8/site-packages/airflow/example_dags/example_subdag_operator.py
[2021-10-21 12:15:29,341] {logging_mixin.py:109} INFO - [2021-10-21 12:15:29,341] {dag.py:2389} INFO - Sync 3 DAGs
[2021-10-21 12:15:29,345] {logging_mixin.py:109} INFO - [2021-10-21 12:15:29,345] {dag.py:2914} INFO - Setting next_dagrun for example_subdag_operator to 2021-10-19T00:00:00+00:00
[2021-10-21 12:15:29,345] {logging_mixin.py:109} INFO - [2021-10-21 12:15:29,345] {dag.py:2914} INFO - Setting next_dagrun for example_subdag_operator.section-1 to None
[2021-10-21 12:15:29,345] {logging_mixin.py:109} INFO - [2021-10-21 12:15:29,345] {dag.py:2914} INFO - Setting next_dagrun for example_subdag_operator.section-2 to None
[2021-10-21 12:15:29,348] {logging_mixin.py:109} INFO - [2021-10-21 12:15:29,348] {dag.py:2389} INFO - Sync 2 DAGs
[2021-10-21 12:15:29,350] {logging_mixin.py:109} INFO - [2021-10-21 12:15:29,350] {dag.py:2914} INFO - Setting next_dagrun for example_subdag_operator.section-1 to None
[2021-10-21 12:15:29,350] {logging_mixin.py:109} INFO - [2021-10-21 12:15:29,350] {dag.py:2914} INFO - Setting next_dagrun for example_subdag_operator.section-2 to None
[2021-10-21 12:15:29,353] {processor.py:171} INFO - Processing /opt/anaconda3/envs/af2/lib/python3.8/site-packages/airflow/example_dags/example_subdag_operator.py took 0.046 seconds
[2021-10-21 12:16:46,049] {processor.py:163} INFO - Started process (PID=23532) to work on /opt/anaconda3/envs/af2/lib/python3.8/site-packages/airflow/example_dags/example_subdag_operator.py
[2021-10-21 12:16:46,050] {processor.py:620} INFO - Processing file /opt/anaconda3/envs/af2/lib/python3.8/site-packages/airflow/example_dags/example_subdag_operator.py for tasks to queue
[2021-10-21 12:16:46,050] {logging_mixin.py:109} INFO - [2021-10-21 12:16:46,050] {dagbag.py:500} INFO - Filling up the DagBag from /opt/anaconda3/envs/af2/lib/python3.8/site-packages/airflow/example_dags/example_subdag_operator.py
[2021-10-21 12:16:46,070] {processor.py:632} INFO - DAG(s) dict_keys(['example_subdag_operator.section-1', 'example_subdag_operator.section-2', 'example_subdag_operator']) retrieved from /opt/anaconda3/envs/af2/lib/python3.8/site-packages/airflow/example_dags/example_subdag_operator.py
[2021-10-21 12:16:46,079] {logging_mixin.py:109} INFO - [2021-10-21 12:16:46,079] {dag.py:2389} INFO - Sync 3 DAGs
[2021-10-21 12:16:46,083] {logging_mixin.py:109} INFO - [2021-10-21 12:16:46,083] {dag.py:2914} INFO - Setting next_dagrun for example_subdag_operator to 2021-10-19T00:00:00+00:00
[2021-10-21 12:16:46,083] {logging_mixin.py:109} INFO - [2021-10-21 12:16:46,083] {dag.py:2914} INFO - Setting next_dagrun for example_subdag_operator.section-1 to None
[2021-10-21 12:16:46,083] {logging_mixin.py:109} INFO - [2021-10-21 12:16:46,083] {dag.py:2914} INFO - Setting next_dagrun for example_subdag_operator.section-2 to None
[2021-10-21 12:16:46,085] {logging_mixin.py:109} INFO - [2021-10-21 12:16:46,085] {dag.py:2389} INFO - Sync 2 DAGs
[2021-10-21 12:16:46,087] {logging_mixin.py:109} INFO - [2021-10-21 12:16:46,087] {dag.py:2914} INFO - Setting next_dagrun for example_subdag_operator.section-1 to None
[2021-10-21 12:16:46,087] {logging_mixin.py:109} INFO - [2021-10-21 12:16:46,087] {dag.py:2914} INFO - Setting next_dagrun for example_subdag_operator.section-2 to None
[2021-10-21 12:16:46,090] {processor.py:171} INFO - Processing /opt/anaconda3/envs/af2/lib/python3.8/site-packages/airflow/example_dags/example_subdag_operator.py took 0.041 seconds
[2021-10-21 12:18:00,636] {processor.py:163} INFO - Started process (PID=23633) to work on /opt/anaconda3/envs/af2/lib/python3.8/site-packages/airflow/example_dags/example_subdag_operator.py
[2021-10-21 12:18:00,637] {processor.py:620} INFO - Processing file /opt/anaconda3/envs/af2/lib/python3.8/site-packages/airflow/example_dags/example_subdag_operator.py for tasks to queue
[2021-10-21 12:18:00,637] {logging_mixin.py:109} INFO - [2021-10-21 12:18:00,637] {dagbag.py:500} INFO - Filling up the DagBag from /opt/anaconda3/envs/af2/lib/python3.8/site-packages/airflow/example_dags/example_subdag_operator.py
[2021-10-21 12:18:00,658] {processor.py:632} INFO - DAG(s) dict_keys(['example_subdag_operator.section-1', 'example_subdag_operator.section-2', 'example_subdag_operator']) retrieved from /opt/anaconda3/envs/af2/lib/python3.8/site-packages/airflow/example_dags/example_subdag_operator.py
[2021-10-21 12:18:00,667] {logging_mixin.py:109} INFO - [2021-10-21 12:18:00,667] {dag.py:2389} INFO - Sync 3 DAGs
[2021-10-21 12:18:00,671] {logging_mixin.py:109} INFO - [2021-10-21 12:18:00,671] {dag.py:2914} INFO - Setting next_dagrun for example_subdag_operator to 2021-10-19T00:00:00+00:00
[2021-10-21 12:18:00,671] {logging_mixin.py:109} INFO - [2021-10-21 12:18:00,671] {dag.py:2914} INFO - Setting next_dagrun for example_subdag_operator.section-1 to None
[2021-10-21 12:18:00,671] {logging_mixin.py:109} INFO - [2021-10-21 12:18:00,671] {dag.py:2914} INFO - Setting next_dagrun for example_subdag_operator.section-2 to None
[2021-10-21 12:18:00,674] {logging_mixin.py:109} INFO - [2021-10-21 12:18:00,674] {dag.py:2389} INFO - Sync 2 DAGs
[2021-10-21 12:18:00,676] {logging_mixin.py:109} INFO - [2021-10-21 12:18:00,676] {dag.py:2914} INFO - Setting next_dagrun for example_subdag_operator.section-1 to None
[2021-10-21 12:18:00,676] {logging_mixin.py:109} INFO - [2021-10-21 12:18:00,676] {dag.py:2914} INFO - Setting next_dagrun for example_subdag_operator.section-2 to None
[2021-10-21 12:18:00,678] {processor.py:171} INFO - Processing /opt/anaconda3/envs/af2/lib/python3.8/site-packages/airflow/example_dags/example_subdag_operator.py took 0.042 seconds
[2021-10-21 12:19:14,674] {processor.py:163} INFO - Started process (PID=23821) to work on /opt/anaconda3/envs/af2/lib/python3.8/site-packages/airflow/example_dags/example_subdag_operator.py
[2021-10-21 12:19:14,674] {processor.py:620} INFO - Processing file /opt/anaconda3/envs/af2/lib/python3.8/site-packages/airflow/example_dags/example_subdag_operator.py for tasks to queue
[2021-10-21 12:19:14,675] {logging_mixin.py:109} INFO - [2021-10-21 12:19:14,675] {dagbag.py:500} INFO - Filling up the DagBag from /opt/anaconda3/envs/af2/lib/python3.8/site-packages/airflow/example_dags/example_subdag_operator.py
[2021-10-21 12:19:14,695] {processor.py:632} INFO - DAG(s) dict_keys(['example_subdag_operator.section-1', 'example_subdag_operator.section-2', 'example_subdag_operator']) retrieved from /opt/anaconda3/envs/af2/lib/python3.8/site-packages/airflow/example_dags/example_subdag_operator.py
[2021-10-21 12:19:14,705] {logging_mixin.py:109} INFO - [2021-10-21 12:19:14,705] {dag.py:2389} INFO - Sync 3 DAGs
[2021-10-21 12:19:14,709] {logging_mixin.py:109} INFO - [2021-10-21 12:19:14,709] {dag.py:2914} INFO - Setting next_dagrun for example_subdag_operator to 2021-10-19T00:00:00+00:00
[2021-10-21 12:19:14,709] {logging_mixin.py:109} INFO - [2021-10-21 12:19:14,709] {dag.py:2914} INFO - Setting next_dagrun for example_subdag_operator.section-1 to None
[2021-10-21 12:19:14,709] {logging_mixin.py:109} INFO - [2021-10-21 12:19:14,709] {dag.py:2914} INFO - Setting next_dagrun for example_subdag_operator.section-2 to None
[2021-10-21 12:19:14,712] {logging_mixin.py:109} INFO - [2021-10-21 12:19:14,712] {dag.py:2389} INFO - Sync 2 DAGs
[2021-10-21 12:19:14,714] {logging_mixin.py:109} INFO - [2021-10-21 12:19:14,714] {dag.py:2914} INFO - Setting next_dagrun for example_subdag_operator.section-1 to None
[2021-10-21 12:19:14,714] {logging_mixin.py:109} INFO - [2021-10-21 12:19:14,714] {dag.py:2914} INFO - Setting next_dagrun for example_subdag_operator.section-2 to None
[2021-10-21 12:19:14,716] {processor.py:171} INFO - Processing /opt/anaconda3/envs/af2/lib/python3.8/site-packages/airflow/example_dags/example_subdag_operator.py took 0.043 seconds
[2021-10-21 12:20:26,357] {processor.py:163} INFO - Started process (PID=23937) to work on /opt/anaconda3/envs/af2/lib/python3.8/site-packages/airflow/example_dags/example_subdag_operator.py
[2021-10-21 12:20:26,358] {processor.py:620} INFO - Processing file /opt/anaconda3/envs/af2/lib/python3.8/site-packages/airflow/example_dags/example_subdag_operator.py for tasks to queue
[2021-10-21 12:20:26,358] {logging_mixin.py:109} INFO - [2021-10-21 12:20:26,358] {dagbag.py:500} INFO - Filling up the DagBag from /opt/anaconda3/envs/af2/lib/python3.8/site-packages/airflow/example_dags/example_subdag_operator.py
[2021-10-21 12:20:26,380] {processor.py:632} INFO - DAG(s) dict_keys(['example_subdag_operator.section-1', 'example_subdag_operator.section-2', 'example_subdag_operator']) retrieved from /opt/anaconda3/envs/af2/lib/python3.8/site-packages/airflow/example_dags/example_subdag_operator.py
[2021-10-21 12:20:26,389] {logging_mixin.py:109} INFO - [2021-10-21 12:20:26,389] {dag.py:2389} INFO - Sync 3 DAGs
[2021-10-21 12:20:26,393] {logging_mixin.py:109} INFO - [2021-10-21 12:20:26,393] {dag.py:2914} INFO - Setting next_dagrun for example_subdag_operator to 2021-10-19T00:00:00+00:00
[2021-10-21 12:20:26,393] {logging_mixin.py:109} INFO - [2021-10-21 12:20:26,393] {dag.py:2914} INFO - Setting next_dagrun for example_subdag_operator.section-1 to None
[2021-10-21 12:20:26,393] {logging_mixin.py:109} INFO - [2021-10-21 12:20:26,393] {dag.py:2914} INFO - Setting next_dagrun for example_subdag_operator.section-2 to None
[2021-10-21 12:20:26,395] {logging_mixin.py:109} INFO - [2021-10-21 12:20:26,395] {dag.py:2389} INFO - Sync 2 DAGs
[2021-10-21 12:20:26,397] {logging_mixin.py:109} INFO - [2021-10-21 12:20:26,397] {dag.py:2914} INFO - Setting next_dagrun for example_subdag_operator.section-1 to None
[2021-10-21 12:20:26,397] {logging_mixin.py:109} INFO - [2021-10-21 12:20:26,397] {dag.py:2914} INFO - Setting next_dagrun for example_subdag_operator.section-2 to None
[2021-10-21 12:20:26,400] {processor.py:171} INFO - Processing /opt/anaconda3/envs/af2/lib/python3.8/site-packages/airflow/example_dags/example_subdag_operator.py took 0.043 seconds
[2021-10-21 12:21:37,552] {processor.py:163} INFO - Started process (PID=24103) to work on /opt/anaconda3/envs/af2/lib/python3.8/site-packages/airflow/example_dags/example_subdag_operator.py
[2021-10-21 12:21:37,553] {processor.py:620} INFO - Processing file /opt/anaconda3/envs/af2/lib/python3.8/site-packages/airflow/example_dags/example_subdag_operator.py for tasks to queue
[2021-10-21 12:21:37,554] {logging_mixin.py:109} INFO - [2021-10-21 12:21:37,554] {dagbag.py:500} INFO - Filling up the DagBag from /opt/anaconda3/envs/af2/lib/python3.8/site-packages/airflow/example_dags/example_subdag_operator.py
[2021-10-21 12:21:37,574] {processor.py:632} INFO - DAG(s) dict_keys(['example_subdag_operator.section-1', 'example_subdag_operator.section-2', 'example_subdag_operator']) retrieved from /opt/anaconda3/envs/af2/lib/python3.8/site-packages/airflow/example_dags/example_subdag_operator.py
[2021-10-21 12:21:37,583] {logging_mixin.py:109} INFO - [2021-10-21 12:21:37,583] {dag.py:2389} INFO - Sync 3 DAGs
[2021-10-21 12:21:37,587] {logging_mixin.py:109} INFO - [2021-10-21 12:21:37,586] {dag.py:2914} INFO - Setting next_dagrun for example_subdag_operator to 2021-10-19T00:00:00+00:00
[2021-10-21 12:21:37,587] {logging_mixin.py:109} INFO - [2021-10-21 12:21:37,587] {dag.py:2914} INFO - Setting next_dagrun for example_subdag_operator.section-1 to None
[2021-10-21 12:21:37,587] {logging_mixin.py:109} INFO - [2021-10-21 12:21:37,587] {dag.py:2914} INFO - Setting next_dagrun for example_subdag_operator.section-2 to None
[2021-10-21 12:21:37,589] {logging_mixin.py:109} INFO - [2021-10-21 12:21:37,589] {dag.py:2389} INFO - Sync 2 DAGs
[2021-10-21 12:21:37,591] {logging_mixin.py:109} INFO - [2021-10-21 12:21:37,591] {dag.py:2914} INFO - Setting next_dagrun for example_subdag_operator.section-1 to None
[2021-10-21 12:21:37,591] {logging_mixin.py:109} INFO - [2021-10-21 12:21:37,591] {dag.py:2914} INFO - Setting next_dagrun for example_subdag_operator.section-2 to None
[2021-10-21 12:21:37,594] {processor.py:171} INFO - Processing /opt/anaconda3/envs/af2/lib/python3.8/site-packages/airflow/example_dags/example_subdag_operator.py took 0.042 seconds
[2021-10-21 12:22:43,988] {processor.py:163} INFO - Started process (PID=24194) to work on /opt/anaconda3/envs/af2/lib/python3.8/site-packages/airflow/example_dags/example_subdag_operator.py
[2021-10-21 12:22:43,990] {processor.py:620} INFO - Processing file /opt/anaconda3/envs/af2/lib/python3.8/site-packages/airflow/example_dags/example_subdag_operator.py for tasks to queue
[2021-10-21 12:22:43,990] {logging_mixin.py:109} INFO - [2021-10-21 12:22:43,990] {dagbag.py:500} INFO - Filling up the DagBag from /opt/anaconda3/envs/af2/lib/python3.8/site-packages/airflow/example_dags/example_subdag_operator.py
[2021-10-21 12:22:44,010] {processor.py:632} INFO - DAG(s) dict_keys(['example_subdag_operator.section-1', 'example_subdag_operator.section-2', 'example_subdag_operator']) retrieved from /opt/anaconda3/envs/af2/lib/python3.8/site-packages/airflow/example_dags/example_subdag_operator.py
[2021-10-21 12:22:44,019] {logging_mixin.py:109} INFO - [2021-10-21 12:22:44,019] {dag.py:2389} INFO - Sync 3 DAGs
[2021-10-21 12:22:44,023] {logging_mixin.py:109} INFO - [2021-10-21 12:22:44,023] {dag.py:2914} INFO - Setting next_dagrun for example_subdag_operator to 2021-10-19T00:00:00+00:00
[2021-10-21 12:22:44,023] {logging_mixin.py:109} INFO - [2021-10-21 12:22:44,023] {dag.py:2914} INFO - Setting next_dagrun for example_subdag_operator.section-1 to None
[2021-10-21 12:22:44,023] {logging_mixin.py:109} INFO - [2021-10-21 12:22:44,023] {dag.py:2914} INFO - Setting next_dagrun for example_subdag_operator.section-2 to None
[2021-10-21 12:22:44,025] {logging_mixin.py:109} INFO - [2021-10-21 12:22:44,025] {dag.py:2389} INFO - Sync 2 DAGs
[2021-10-21 12:22:44,027] {logging_mixin.py:109} INFO - [2021-10-21 12:22:44,027] {dag.py:2914} INFO - Setting next_dagrun for example_subdag_operator.section-1 to None
[2021-10-21 12:22:44,027] {logging_mixin.py:109} INFO - [2021-10-21 12:22:44,027] {dag.py:2914} INFO - Setting next_dagrun for example_subdag_operator.section-2 to None
[2021-10-21 12:22:44,030] {processor.py:171} INFO - Processing /opt/anaconda3/envs/af2/lib/python3.8/site-packages/airflow/example_dags/example_subdag_operator.py took 0.041 seconds
[2021-10-21 12:23:58,086] {processor.py:163} INFO - Started process (PID=24371) to work on /opt/anaconda3/envs/af2/lib/python3.8/site-packages/airflow/example_dags/example_subdag_operator.py
[2021-10-21 12:23:58,088] {processor.py:620} INFO - Processing file /opt/anaconda3/envs/af2/lib/python3.8/site-packages/airflow/example_dags/example_subdag_operator.py for tasks to queue
[2021-10-21 12:23:58,088] {logging_mixin.py:109} INFO - [2021-10-21 12:23:58,088] {dagbag.py:500} INFO - Filling up the DagBag from /opt/anaconda3/envs/af2/lib/python3.8/site-packages/airflow/example_dags/example_subdag_operator.py
[2021-10-21 12:23:58,109] {processor.py:632} INFO - DAG(s) dict_keys(['example_subdag_operator.section-1', 'example_subdag_operator.section-2', 'example_subdag_operator']) retrieved from /opt/anaconda3/envs/af2/lib/python3.8/site-packages/airflow/example_dags/example_subdag_operator.py
[2021-10-21 12:23:58,118] {logging_mixin.py:109} INFO - [2021-10-21 12:23:58,118] {dag.py:2389} INFO - Sync 3 DAGs
[2021-10-21 12:23:58,122] {logging_mixin.py:109} INFO - [2021-10-21 12:23:58,122] {dag.py:2914} INFO - Setting next_dagrun for example_subdag_operator to 2021-10-19T00:00:00+00:00
[2021-10-21 12:23:58,122] {logging_mixin.py:109} INFO - [2021-10-21 12:23:58,122] {dag.py:2914} INFO - Setting next_dagrun for example_subdag_operator.section-1 to None
[2021-10-21 12:23:58,122] {logging_mixin.py:109} INFO - [2021-10-21 12:23:58,122] {dag.py:2914} INFO - Setting next_dagrun for example_subdag_operator.section-2 to None
[2021-10-21 12:23:58,124] {logging_mixin.py:109} INFO - [2021-10-21 12:23:58,124] {dag.py:2389} INFO - Sync 2 DAGs
[2021-10-21 12:23:58,126] {logging_mixin.py:109} INFO - [2021-10-21 12:23:58,126] {dag.py:2914} INFO - Setting next_dagrun for example_subdag_operator.section-1 to None
[2021-10-21 12:23:58,127] {logging_mixin.py:109} INFO - [2021-10-21 12:23:58,127] {dag.py:2914} INFO - Setting next_dagrun for example_subdag_operator.section-2 to None
[2021-10-21 12:23:58,129] {processor.py:171} INFO - Processing /opt/anaconda3/envs/af2/lib/python3.8/site-packages/airflow/example_dags/example_subdag_operator.py took 0.043 seconds
[2021-10-21 12:25:12,341] {processor.py:163} INFO - Started process (PID=24474) to work on /opt/anaconda3/envs/af2/lib/python3.8/site-packages/airflow/example_dags/example_subdag_operator.py
[2021-10-21 12:25:12,342] {processor.py:620} INFO - Processing file /opt/anaconda3/envs/af2/lib/python3.8/site-packages/airflow/example_dags/example_subdag_operator.py for tasks to queue
[2021-10-21 12:25:12,342] {logging_mixin.py:109} INFO - [2021-10-21 12:25:12,342] {dagbag.py:500} INFO - Filling up the DagBag from /opt/anaconda3/envs/af2/lib/python3.8/site-packages/airflow/example_dags/example_subdag_operator.py
[2021-10-21 12:25:12,363] {processor.py:632} INFO - DAG(s) dict_keys(['example_subdag_operator.section-1', 'example_subdag_operator.section-2', 'example_subdag_operator']) retrieved from /opt/anaconda3/envs/af2/lib/python3.8/site-packages/airflow/example_dags/example_subdag_operator.py
[2021-10-21 12:25:12,372] {logging_mixin.py:109} INFO - [2021-10-21 12:25:12,372] {dag.py:2389} INFO - Sync 3 DAGs
[2021-10-21 12:25:12,376] {logging_mixin.py:109} INFO - [2021-10-21 12:25:12,376] {dag.py:2914} INFO - Setting next_dagrun for example_subdag_operator to 2021-10-19T00:00:00+00:00
[2021-10-21 12:25:12,376] {logging_mixin.py:109} INFO - [2021-10-21 12:25:12,376] {dag.py:2914} INFO - Setting next_dagrun for example_subdag_operator.section-1 to None
[2021-10-21 12:25:12,376] {logging_mixin.py:109} INFO - [2021-10-21 12:25:12,376] {dag.py:2914} INFO - Setting next_dagrun for example_subdag_operator.section-2 to None
[2021-10-21 12:25:12,378] {logging_mixin.py:109} INFO - [2021-10-21 12:25:12,378] {dag.py:2389} INFO - Sync 2 DAGs
[2021-10-21 12:25:12,381] {logging_mixin.py:109} INFO - [2021-10-21 12:25:12,381] {dag.py:2914} INFO - Setting next_dagrun for example_subdag_operator.section-1 to None
[2021-10-21 12:25:12,381] {logging_mixin.py:109} INFO - [2021-10-21 12:25:12,381] {dag.py:2914} INFO - Setting next_dagrun for example_subdag_operator.section-2 to None
[2021-10-21 12:25:12,383] {processor.py:171} INFO - Processing /opt/anaconda3/envs/af2/lib/python3.8/site-packages/airflow/example_dags/example_subdag_operator.py took 0.042 seconds
[2021-10-21 12:26:24,141] {processor.py:163} INFO - Started process (PID=24726) to work on /opt/anaconda3/envs/af2/lib/python3.8/site-packages/airflow/example_dags/example_subdag_operator.py
[2021-10-21 12:26:24,142] {processor.py:620} INFO - Processing file /opt/anaconda3/envs/af2/lib/python3.8/site-packages/airflow/example_dags/example_subdag_operator.py for tasks to queue
[2021-10-21 12:26:24,142] {logging_mixin.py:109} INFO - [2021-10-21 12:26:24,142] {dagbag.py:500} INFO - Filling up the DagBag from /opt/anaconda3/envs/af2/lib/python3.8/site-packages/airflow/example_dags/example_subdag_operator.py
[2021-10-21 12:26:24,161] {processor.py:632} INFO - DAG(s) dict_keys(['example_subdag_operator.section-1', 'example_subdag_operator.section-2', 'example_subdag_operator']) retrieved from /opt/anaconda3/envs/af2/lib/python3.8/site-packages/airflow/example_dags/example_subdag_operator.py
[2021-10-21 12:26:24,171] {logging_mixin.py:109} INFO - [2021-10-21 12:26:24,170] {dag.py:2389} INFO - Sync 3 DAGs
[2021-10-21 12:26:24,174] {logging_mixin.py:109} INFO - [2021-10-21 12:26:24,174] {dag.py:2914} INFO - Setting next_dagrun for example_subdag_operator to 2021-10-19T00:00:00+00:00
[2021-10-21 12:26:24,174] {logging_mixin.py:109} INFO - [2021-10-21 12:26:24,174] {dag.py:2914} INFO - Setting next_dagrun for example_subdag_operator.section-1 to None
[2021-10-21 12:26:24,174] {logging_mixin.py:109} INFO - [2021-10-21 12:26:24,174] {dag.py:2914} INFO - Setting next_dagrun for example_subdag_operator.section-2 to None
[2021-10-21 12:26:24,177] {logging_mixin.py:109} INFO - [2021-10-21 12:26:24,177] {dag.py:2389} INFO - Sync 2 DAGs
[2021-10-21 12:26:24,179] {logging_mixin.py:109} INFO - [2021-10-21 12:26:24,179] {dag.py:2914} INFO - Setting next_dagrun for example_subdag_operator.section-1 to None
[2021-10-21 12:26:24,179] {logging_mixin.py:109} INFO - [2021-10-21 12:26:24,179] {dag.py:2914} INFO - Setting next_dagrun for example_subdag_operator.section-2 to None
[2021-10-21 12:26:24,181] {processor.py:171} INFO - Processing /opt/anaconda3/envs/af2/lib/python3.8/site-packages/airflow/example_dags/example_subdag_operator.py took 0.041 seconds
[2021-10-21 12:27:38,111] {processor.py:163} INFO - Started process (PID=24859) to work on /opt/anaconda3/envs/af2/lib/python3.8/site-packages/airflow/example_dags/example_subdag_operator.py
[2021-10-21 12:27:38,112] {processor.py:620} INFO - Processing file /opt/anaconda3/envs/af2/lib/python3.8/site-packages/airflow/example_dags/example_subdag_operator.py for tasks to queue
[2021-10-21 12:27:38,112] {logging_mixin.py:109} INFO - [2021-10-21 12:27:38,112] {dagbag.py:500} INFO - Filling up the DagBag from /opt/anaconda3/envs/af2/lib/python3.8/site-packages/airflow/example_dags/example_subdag_operator.py
[2021-10-21 12:27:38,132] {processor.py:632} INFO - DAG(s) dict_keys(['example_subdag_operator.section-1', 'example_subdag_operator.section-2', 'example_subdag_operator']) retrieved from /opt/anaconda3/envs/af2/lib/python3.8/site-packages/airflow/example_dags/example_subdag_operator.py
[2021-10-21 12:27:38,141] {logging_mixin.py:109} INFO - [2021-10-21 12:27:38,141] {dag.py:2389} INFO - Sync 3 DAGs
[2021-10-21 12:27:38,144] {logging_mixin.py:109} INFO - [2021-10-21 12:27:38,144] {dag.py:2914} INFO - Setting next_dagrun for example_subdag_operator to 2021-10-19T00:00:00+00:00
[2021-10-21 12:27:38,144] {logging_mixin.py:109} INFO - [2021-10-21 12:27:38,144] {dag.py:2914} INFO - Setting next_dagrun for example_subdag_operator.section-1 to None
[2021-10-21 12:27:38,144] {logging_mixin.py:109} INFO - [2021-10-21 12:27:38,144] {dag.py:2914} INFO - Setting next_dagrun for example_subdag_operator.section-2 to None
[2021-10-21 12:27:38,147] {logging_mixin.py:109} INFO - [2021-10-21 12:27:38,147] {dag.py:2389} INFO - Sync 2 DAGs
[2021-10-21 12:27:38,149] {logging_mixin.py:109} INFO - [2021-10-21 12:27:38,149] {dag.py:2914} INFO - Setting next_dagrun for example_subdag_operator.section-1 to None
[2021-10-21 12:27:38,149] {logging_mixin.py:109} INFO - [2021-10-21 12:27:38,149] {dag.py:2914} INFO - Setting next_dagrun for example_subdag_operator.section-2 to None
[2021-10-21 12:27:38,151] {processor.py:171} INFO - Processing /opt/anaconda3/envs/af2/lib/python3.8/site-packages/airflow/example_dags/example_subdag_operator.py took 0.041 seconds
[2021-10-21 12:28:49,810] {processor.py:163} INFO - Started process (PID=24982) to work on /opt/anaconda3/envs/af2/lib/python3.8/site-packages/airflow/example_dags/example_subdag_operator.py
[2021-10-21 12:28:49,811] {processor.py:620} INFO - Processing file /opt/anaconda3/envs/af2/lib/python3.8/site-packages/airflow/example_dags/example_subdag_operator.py for tasks to queue
[2021-10-21 12:28:49,811] {logging_mixin.py:109} INFO - [2021-10-21 12:28:49,811] {dagbag.py:500} INFO - Filling up the DagBag from /opt/anaconda3/envs/af2/lib/python3.8/site-packages/airflow/example_dags/example_subdag_operator.py
[2021-10-21 12:28:49,832] {processor.py:632} INFO - DAG(s) dict_keys(['example_subdag_operator.section-1', 'example_subdag_operator.section-2', 'example_subdag_operator']) retrieved from /opt/anaconda3/envs/af2/lib/python3.8/site-packages/airflow/example_dags/example_subdag_operator.py
[2021-10-21 12:28:49,841] {logging_mixin.py:109} INFO - [2021-10-21 12:28:49,841] {dag.py:2389} INFO - Sync 3 DAGs
[2021-10-21 12:28:49,844] {logging_mixin.py:109} INFO - [2021-10-21 12:28:49,844] {dag.py:2914} INFO - Setting next_dagrun for example_subdag_operator to 2021-10-19T00:00:00+00:00
[2021-10-21 12:28:49,845] {logging_mixin.py:109} INFO - [2021-10-21 12:28:49,845] {dag.py:2914} INFO - Setting next_dagrun for example_subdag_operator.section-1 to None
[2021-10-21 12:28:49,845] {logging_mixin.py:109} INFO - [2021-10-21 12:28:49,845] {dag.py:2914} INFO - Setting next_dagrun for example_subdag_operator.section-2 to None
[2021-10-21 12:28:49,847] {logging_mixin.py:109} INFO - [2021-10-21 12:28:49,847] {dag.py:2389} INFO - Sync 2 DAGs
[2021-10-21 12:28:49,849] {logging_mixin.py:109} INFO - [2021-10-21 12:28:49,849] {dag.py:2914} INFO - Setting next_dagrun for example_subdag_operator.section-1 to None
[2021-10-21 12:28:49,849] {logging_mixin.py:109} INFO - [2021-10-21 12:28:49,849] {dag.py:2914} INFO - Setting next_dagrun for example_subdag_operator.section-2 to None
[2021-10-21 12:28:49,851] {processor.py:171} INFO - Processing /opt/anaconda3/envs/af2/lib/python3.8/site-packages/airflow/example_dags/example_subdag_operator.py took 0.042 seconds
[2021-10-21 12:30:03,589] {processor.py:163} INFO - Started process (PID=25065) to work on /opt/anaconda3/envs/af2/lib/python3.8/site-packages/airflow/example_dags/example_subdag_operator.py
[2021-10-21 12:30:03,590] {processor.py:620} INFO - Processing file /opt/anaconda3/envs/af2/lib/python3.8/site-packages/airflow/example_dags/example_subdag_operator.py for tasks to queue
[2021-10-21 12:30:03,590] {logging_mixin.py:109} INFO - [2021-10-21 12:30:03,590] {dagbag.py:500} INFO - Filling up the DagBag from /opt/anaconda3/envs/af2/lib/python3.8/site-packages/airflow/example_dags/example_subdag_operator.py
[2021-10-21 12:30:03,609] {processor.py:632} INFO - DAG(s) dict_keys(['example_subdag_operator.section-1', 'example_subdag_operator.section-2', 'example_subdag_operator']) retrieved from /opt/anaconda3/envs/af2/lib/python3.8/site-packages/airflow/example_dags/example_subdag_operator.py
[2021-10-21 12:30:03,618] {logging_mixin.py:109} INFO - [2021-10-21 12:30:03,618] {dag.py:2389} INFO - Sync 3 DAGs
[2021-10-21 12:30:03,622] {logging_mixin.py:109} INFO - [2021-10-21 12:30:03,622] {dag.py:2914} INFO - Setting next_dagrun for example_subdag_operator to 2021-10-19T00:00:00+00:00
[2021-10-21 12:30:03,622] {logging_mixin.py:109} INFO - [2021-10-21 12:30:03,622] {dag.py:2914} INFO - Setting next_dagrun for example_subdag_operator.section-1 to None
[2021-10-21 12:30:03,622] {logging_mixin.py:109} INFO - [2021-10-21 12:30:03,622] {dag.py:2914} INFO - Setting next_dagrun for example_subdag_operator.section-2 to None
[2021-10-21 12:30:03,624] {logging_mixin.py:109} INFO - [2021-10-21 12:30:03,624] {dag.py:2389} INFO - Sync 2 DAGs
[2021-10-21 12:30:03,626] {logging_mixin.py:109} INFO - [2021-10-21 12:30:03,626] {dag.py:2914} INFO - Setting next_dagrun for example_subdag_operator.section-1 to None
[2021-10-21 12:30:03,626] {logging_mixin.py:109} INFO - [2021-10-21 12:30:03,626] {dag.py:2914} INFO - Setting next_dagrun for example_subdag_operator.section-2 to None
[2021-10-21 12:30:03,629] {processor.py:171} INFO - Processing /opt/anaconda3/envs/af2/lib/python3.8/site-packages/airflow/example_dags/example_subdag_operator.py took 0.040 seconds
[2021-10-21 12:31:25,205] {processor.py:163} INFO - Started process (PID=25269) to work on /opt/anaconda3/envs/af2/lib/python3.8/site-packages/airflow/example_dags/example_subdag_operator.py
[2021-10-21 12:31:25,206] {processor.py:620} INFO - Processing file /opt/anaconda3/envs/af2/lib/python3.8/site-packages/airflow/example_dags/example_subdag_operator.py for tasks to queue
[2021-10-21 12:31:25,206] {logging_mixin.py:109} INFO - [2021-10-21 12:31:25,206] {dagbag.py:500} INFO - Filling up the DagBag from /opt/anaconda3/envs/af2/lib/python3.8/site-packages/airflow/example_dags/example_subdag_operator.py
[2021-10-21 12:31:25,225] {processor.py:632} INFO - DAG(s) dict_keys(['example_subdag_operator.section-1', 'example_subdag_operator.section-2', 'example_subdag_operator']) retrieved from /opt/anaconda3/envs/af2/lib/python3.8/site-packages/airflow/example_dags/example_subdag_operator.py
[2021-10-21 12:31:25,234] {logging_mixin.py:109} INFO - [2021-10-21 12:31:25,234] {dag.py:2389} INFO - Sync 3 DAGs
[2021-10-21 12:31:25,238] {logging_mixin.py:109} INFO - [2021-10-21 12:31:25,238] {dag.py:2914} INFO - Setting next_dagrun for example_subdag_operator to 2021-10-19T00:00:00+00:00
[2021-10-21 12:31:25,238] {logging_mixin.py:109} INFO - [2021-10-21 12:31:25,238] {dag.py:2914} INFO - Setting next_dagrun for example_subdag_operator.section-1 to None
[2021-10-21 12:31:25,238] {logging_mixin.py:109} INFO - [2021-10-21 12:31:25,238] {dag.py:2914} INFO - Setting next_dagrun for example_subdag_operator.section-2 to None
[2021-10-21 12:31:25,239] {logging_mixin.py:109} INFO - [2021-10-21 12:31:25,239] {dag.py:2389} INFO - Sync 2 DAGs
[2021-10-21 12:31:25,241] {logging_mixin.py:109} INFO - [2021-10-21 12:31:25,241] {dag.py:2914} INFO - Setting next_dagrun for example_subdag_operator.section-1 to None
[2021-10-21 12:31:25,242] {logging_mixin.py:109} INFO - [2021-10-21 12:31:25,242] {dag.py:2914} INFO - Setting next_dagrun for example_subdag_operator.section-2 to None
[2021-10-21 12:31:25,244] {processor.py:171} INFO - Processing /opt/anaconda3/envs/af2/lib/python3.8/site-packages/airflow/example_dags/example_subdag_operator.py took 0.040 seconds
[2021-10-21 12:32:47,553] {processor.py:163} INFO - Started process (PID=25353) to work on /opt/anaconda3/envs/af2/lib/python3.8/site-packages/airflow/example_dags/example_subdag_operator.py
[2021-10-21 12:32:47,553] {processor.py:620} INFO - Processing file /opt/anaconda3/envs/af2/lib/python3.8/site-packages/airflow/example_dags/example_subdag_operator.py for tasks to queue
[2021-10-21 12:32:47,554] {logging_mixin.py:109} INFO - [2021-10-21 12:32:47,554] {dagbag.py:500} INFO - Filling up the DagBag from /opt/anaconda3/envs/af2/lib/python3.8/site-packages/airflow/example_dags/example_subdag_operator.py
[2021-10-21 12:32:47,573] {processor.py:632} INFO - DAG(s) dict_keys(['example_subdag_operator.section-1', 'example_subdag_operator.section-2', 'example_subdag_operator']) retrieved from /opt/anaconda3/envs/af2/lib/python3.8/site-packages/airflow/example_dags/example_subdag_operator.py
[2021-10-21 12:32:47,582] {logging_mixin.py:109} INFO - [2021-10-21 12:32:47,582] {dag.py:2389} INFO - Sync 3 DAGs
[2021-10-21 12:32:47,586] {logging_mixin.py:109} INFO - [2021-10-21 12:32:47,586] {dag.py:2914} INFO - Setting next_dagrun for example_subdag_operator to 2021-10-19T00:00:00+00:00
[2021-10-21 12:32:47,586] {logging_mixin.py:109} INFO - [2021-10-21 12:32:47,586] {dag.py:2914} INFO - Setting next_dagrun for example_subdag_operator.section-1 to None
[2021-10-21 12:32:47,586] {logging_mixin.py:109} INFO - [2021-10-21 12:32:47,586] {dag.py:2914} INFO - Setting next_dagrun for example_subdag_operator.section-2 to None
[2021-10-21 12:32:47,588] {logging_mixin.py:109} INFO - [2021-10-21 12:32:47,588] {dag.py:2389} INFO - Sync 2 DAGs
[2021-10-21 12:32:47,590] {logging_mixin.py:109} INFO - [2021-10-21 12:32:47,590] {dag.py:2914} INFO - Setting next_dagrun for example_subdag_operator.section-1 to None
[2021-10-21 12:32:47,590] {logging_mixin.py:109} INFO - [2021-10-21 12:32:47,590] {dag.py:2914} INFO - Setting next_dagrun for example_subdag_operator.section-2 to None
[2021-10-21 12:32:47,593] {processor.py:171} INFO - Processing /opt/anaconda3/envs/af2/lib/python3.8/site-packages/airflow/example_dags/example_subdag_operator.py took 0.041 seconds
[2021-10-21 12:34:10,216] {processor.py:163} INFO - Started process (PID=25507) to work on /opt/anaconda3/envs/af2/lib/python3.8/site-packages/airflow/example_dags/example_subdag_operator.py
[2021-10-21 12:34:10,218] {processor.py:620} INFO - Processing file /opt/anaconda3/envs/af2/lib/python3.8/site-packages/airflow/example_dags/example_subdag_operator.py for tasks to queue
[2021-10-21 12:34:10,218] {logging_mixin.py:109} INFO - [2021-10-21 12:34:10,218] {dagbag.py:500} INFO - Filling up the DagBag from /opt/anaconda3/envs/af2/lib/python3.8/site-packages/airflow/example_dags/example_subdag_operator.py
[2021-10-21 12:34:10,237] {processor.py:632} INFO - DAG(s) dict_keys(['example_subdag_operator.section-1', 'example_subdag_operator.section-2', 'example_subdag_operator']) retrieved from /opt/anaconda3/envs/af2/lib/python3.8/site-packages/airflow/example_dags/example_subdag_operator.py
[2021-10-21 12:34:10,247] {logging_mixin.py:109} INFO - [2021-10-21 12:34:10,247] {dag.py:2389} INFO - Sync 3 DAGs
[2021-10-21 12:34:10,251] {logging_mixin.py:109} INFO - [2021-10-21 12:34:10,251] {dag.py:2914} INFO - Setting next_dagrun for example_subdag_operator to 2021-10-19T00:00:00+00:00
[2021-10-21 12:34:10,251] {logging_mixin.py:109} INFO - [2021-10-21 12:34:10,251] {dag.py:2914} INFO - Setting next_dagrun for example_subdag_operator.section-1 to None
[2021-10-21 12:34:10,251] {logging_mixin.py:109} INFO - [2021-10-21 12:34:10,251] {dag.py:2914} INFO - Setting next_dagrun for example_subdag_operator.section-2 to None
[2021-10-21 12:34:10,252] {logging_mixin.py:109} INFO - [2021-10-21 12:34:10,252] {dag.py:2389} INFO - Sync 2 DAGs
[2021-10-21 12:34:10,254] {logging_mixin.py:109} INFO - [2021-10-21 12:34:10,254] {dag.py:2914} INFO - Setting next_dagrun for example_subdag_operator.section-1 to None
[2021-10-21 12:34:10,255] {logging_mixin.py:109} INFO - [2021-10-21 12:34:10,255] {dag.py:2914} INFO - Setting next_dagrun for example_subdag_operator.section-2 to None
[2021-10-21 12:34:10,257] {processor.py:171} INFO - Processing /opt/anaconda3/envs/af2/lib/python3.8/site-packages/airflow/example_dags/example_subdag_operator.py took 0.042 seconds
[2021-10-21 12:35:36,993] {processor.py:163} INFO - Started process (PID=25611) to work on /opt/anaconda3/envs/af2/lib/python3.8/site-packages/airflow/example_dags/example_subdag_operator.py
[2021-10-21 12:35:36,994] {processor.py:620} INFO - Processing file /opt/anaconda3/envs/af2/lib/python3.8/site-packages/airflow/example_dags/example_subdag_operator.py for tasks to queue
[2021-10-21 12:35:36,994] {logging_mixin.py:109} INFO - [2021-10-21 12:35:36,994] {dagbag.py:500} INFO - Filling up the DagBag from /opt/anaconda3/envs/af2/lib/python3.8/site-packages/airflow/example_dags/example_subdag_operator.py
[2021-10-21 12:35:37,015] {processor.py:632} INFO - DAG(s) dict_keys(['example_subdag_operator.section-1', 'example_subdag_operator.section-2', 'example_subdag_operator']) retrieved from /opt/anaconda3/envs/af2/lib/python3.8/site-packages/airflow/example_dags/example_subdag_operator.py
[2021-10-21 12:35:37,025] {logging_mixin.py:109} INFO - [2021-10-21 12:35:37,025] {dag.py:2389} INFO - Sync 3 DAGs
[2021-10-21 12:35:37,029] {logging_mixin.py:109} INFO - [2021-10-21 12:35:37,029] {dag.py:2914} INFO - Setting next_dagrun for example_subdag_operator to 2021-10-19T00:00:00+00:00
[2021-10-21 12:35:37,029] {logging_mixin.py:109} INFO - [2021-10-21 12:35:37,029] {dag.py:2914} INFO - Setting next_dagrun for example_subdag_operator.section-1 to None
[2021-10-21 12:35:37,029] {logging_mixin.py:109} INFO - [2021-10-21 12:35:37,029] {dag.py:2914} INFO - Setting next_dagrun for example_subdag_operator.section-2 to None
[2021-10-21 12:35:37,031] {logging_mixin.py:109} INFO - [2021-10-21 12:35:37,031] {dag.py:2389} INFO - Sync 2 DAGs
[2021-10-21 12:35:37,033] {logging_mixin.py:109} INFO - [2021-10-21 12:35:37,033] {dag.py:2914} INFO - Setting next_dagrun for example_subdag_operator.section-1 to None
[2021-10-21 12:35:37,033] {logging_mixin.py:109} INFO - [2021-10-21 12:35:37,033] {dag.py:2914} INFO - Setting next_dagrun for example_subdag_operator.section-2 to None
[2021-10-21 12:35:37,036] {processor.py:171} INFO - Processing /opt/anaconda3/envs/af2/lib/python3.8/site-packages/airflow/example_dags/example_subdag_operator.py took 0.043 seconds
[2021-10-21 12:37:04,013] {processor.py:163} INFO - Started process (PID=25715) to work on /opt/anaconda3/envs/af2/lib/python3.8/site-packages/airflow/example_dags/example_subdag_operator.py
[2021-10-21 12:37:04,014] {processor.py:620} INFO - Processing file /opt/anaconda3/envs/af2/lib/python3.8/site-packages/airflow/example_dags/example_subdag_operator.py for tasks to queue
[2021-10-21 12:37:04,014] {logging_mixin.py:109} INFO - [2021-10-21 12:37:04,014] {dagbag.py:500} INFO - Filling up the DagBag from /opt/anaconda3/envs/af2/lib/python3.8/site-packages/airflow/example_dags/example_subdag_operator.py
[2021-10-21 12:37:04,034] {processor.py:632} INFO - DAG(s) dict_keys(['example_subdag_operator.section-1', 'example_subdag_operator.section-2', 'example_subdag_operator']) retrieved from /opt/anaconda3/envs/af2/lib/python3.8/site-packages/airflow/example_dags/example_subdag_operator.py
[2021-10-21 12:37:04,043] {logging_mixin.py:109} INFO - [2021-10-21 12:37:04,043] {dag.py:2389} INFO - Sync 3 DAGs
[2021-10-21 12:37:04,047] {logging_mixin.py:109} INFO - [2021-10-21 12:37:04,047] {dag.py:2914} INFO - Setting next_dagrun for example_subdag_operator to 2021-10-19T00:00:00+00:00
[2021-10-21 12:37:04,047] {logging_mixin.py:109} INFO - [2021-10-21 12:37:04,047] {dag.py:2914} INFO - Setting next_dagrun for example_subdag_operator.section-1 to None
[2021-10-21 12:37:04,047] {logging_mixin.py:109} INFO - [2021-10-21 12:37:04,047] {dag.py:2914} INFO - Setting next_dagrun for example_subdag_operator.section-2 to None
[2021-10-21 12:37:04,049] {logging_mixin.py:109} INFO - [2021-10-21 12:37:04,049] {dag.py:2389} INFO - Sync 2 DAGs
[2021-10-21 12:37:04,051] {logging_mixin.py:109} INFO - [2021-10-21 12:37:04,051] {dag.py:2914} INFO - Setting next_dagrun for example_subdag_operator.section-1 to None
[2021-10-21 12:37:04,051] {logging_mixin.py:109} INFO - [2021-10-21 12:37:04,051] {dag.py:2914} INFO - Setting next_dagrun for example_subdag_operator.section-2 to None
[2021-10-21 12:37:04,054] {processor.py:171} INFO - Processing /opt/anaconda3/envs/af2/lib/python3.8/site-packages/airflow/example_dags/example_subdag_operator.py took 0.041 seconds
[2021-10-21 12:38:48,180] {processor.py:163} INFO - Started process (PID=25871) to work on /opt/anaconda3/envs/af2/lib/python3.8/site-packages/airflow/example_dags/example_subdag_operator.py
[2021-10-21 12:38:48,180] {processor.py:620} INFO - Processing file /opt/anaconda3/envs/af2/lib/python3.8/site-packages/airflow/example_dags/example_subdag_operator.py for tasks to queue
[2021-10-21 12:38:48,180] {logging_mixin.py:109} INFO - [2021-10-21 12:38:48,180] {dagbag.py:500} INFO - Filling up the DagBag from /opt/anaconda3/envs/af2/lib/python3.8/site-packages/airflow/example_dags/example_subdag_operator.py
[2021-10-21 12:38:48,201] {processor.py:632} INFO - DAG(s) dict_keys(['example_subdag_operator.section-1', 'example_subdag_operator.section-2', 'example_subdag_operator']) retrieved from /opt/anaconda3/envs/af2/lib/python3.8/site-packages/airflow/example_dags/example_subdag_operator.py
[2021-10-21 12:38:48,212] {logging_mixin.py:109} INFO - [2021-10-21 12:38:48,212] {dag.py:2389} INFO - Sync 3 DAGs
[2021-10-21 12:38:48,216] {logging_mixin.py:109} INFO - [2021-10-21 12:38:48,216] {dag.py:2914} INFO - Setting next_dagrun for example_subdag_operator to 2021-10-19T00:00:00+00:00
[2021-10-21 12:38:48,216] {logging_mixin.py:109} INFO - [2021-10-21 12:38:48,216] {dag.py:2914} INFO - Setting next_dagrun for example_subdag_operator.section-1 to None
[2021-10-21 12:38:48,216] {logging_mixin.py:109} INFO - [2021-10-21 12:38:48,216] {dag.py:2914} INFO - Setting next_dagrun for example_subdag_operator.section-2 to None
[2021-10-21 12:38:48,218] {logging_mixin.py:109} INFO - [2021-10-21 12:38:48,217] {dag.py:2389} INFO - Sync 2 DAGs
[2021-10-21 12:38:48,220] {logging_mixin.py:109} INFO - [2021-10-21 12:38:48,220] {dag.py:2914} INFO - Setting next_dagrun for example_subdag_operator.section-1 to None
[2021-10-21 12:38:48,220] {logging_mixin.py:109} INFO - [2021-10-21 12:38:48,220] {dag.py:2914} INFO - Setting next_dagrun for example_subdag_operator.section-2 to None
[2021-10-21 12:38:48,223] {processor.py:171} INFO - Processing /opt/anaconda3/envs/af2/lib/python3.8/site-packages/airflow/example_dags/example_subdag_operator.py took 0.044 seconds
[2021-10-21 12:40:22,469] {processor.py:163} INFO - Started process (PID=25963) to work on /opt/anaconda3/envs/af2/lib/python3.8/site-packages/airflow/example_dags/example_subdag_operator.py
[2021-10-21 12:40:22,470] {processor.py:620} INFO - Processing file /opt/anaconda3/envs/af2/lib/python3.8/site-packages/airflow/example_dags/example_subdag_operator.py for tasks to queue
[2021-10-21 12:40:22,470] {logging_mixin.py:109} INFO - [2021-10-21 12:40:22,470] {dagbag.py:500} INFO - Filling up the DagBag from /opt/anaconda3/envs/af2/lib/python3.8/site-packages/airflow/example_dags/example_subdag_operator.py
[2021-10-21 12:40:22,490] {processor.py:632} INFO - DAG(s) dict_keys(['example_subdag_operator.section-1', 'example_subdag_operator.section-2', 'example_subdag_operator']) retrieved from /opt/anaconda3/envs/af2/lib/python3.8/site-packages/airflow/example_dags/example_subdag_operator.py
[2021-10-21 12:40:22,500] {logging_mixin.py:109} INFO - [2021-10-21 12:40:22,499] {dag.py:2389} INFO - Sync 3 DAGs
[2021-10-21 12:40:22,503] {logging_mixin.py:109} INFO - [2021-10-21 12:40:22,503] {dag.py:2914} INFO - Setting next_dagrun for example_subdag_operator to 2021-10-19T00:00:00+00:00
[2021-10-21 12:40:22,503] {logging_mixin.py:109} INFO - [2021-10-21 12:40:22,503] {dag.py:2914} INFO - Setting next_dagrun for example_subdag_operator.section-1 to None
[2021-10-21 12:40:22,503] {logging_mixin.py:109} INFO - [2021-10-21 12:40:22,503] {dag.py:2914} INFO - Setting next_dagrun for example_subdag_operator.section-2 to None
[2021-10-21 12:40:22,505] {logging_mixin.py:109} INFO - [2021-10-21 12:40:22,505] {dag.py:2389} INFO - Sync 2 DAGs
[2021-10-21 12:40:22,507] {logging_mixin.py:109} INFO - [2021-10-21 12:40:22,507] {dag.py:2914} INFO - Setting next_dagrun for example_subdag_operator.section-1 to None
[2021-10-21 12:40:22,507] {logging_mixin.py:109} INFO - [2021-10-21 12:40:22,507] {dag.py:2914} INFO - Setting next_dagrun for example_subdag_operator.section-2 to None
[2021-10-21 12:40:22,510] {processor.py:171} INFO - Processing /opt/anaconda3/envs/af2/lib/python3.8/site-packages/airflow/example_dags/example_subdag_operator.py took 0.041 seconds
[2021-10-21 12:41:48,409] {processor.py:163} INFO - Started process (PID=26059) to work on /opt/anaconda3/envs/af2/lib/python3.8/site-packages/airflow/example_dags/example_subdag_operator.py
[2021-10-21 12:41:48,410] {processor.py:620} INFO - Processing file /opt/anaconda3/envs/af2/lib/python3.8/site-packages/airflow/example_dags/example_subdag_operator.py for tasks to queue
[2021-10-21 12:41:48,410] {logging_mixin.py:109} INFO - [2021-10-21 12:41:48,410] {dagbag.py:500} INFO - Filling up the DagBag from /opt/anaconda3/envs/af2/lib/python3.8/site-packages/airflow/example_dags/example_subdag_operator.py
[2021-10-21 12:41:48,430] {processor.py:632} INFO - DAG(s) dict_keys(['example_subdag_operator.section-1', 'example_subdag_operator.section-2', 'example_subdag_operator']) retrieved from /opt/anaconda3/envs/af2/lib/python3.8/site-packages/airflow/example_dags/example_subdag_operator.py
[2021-10-21 12:41:48,440] {logging_mixin.py:109} INFO - [2021-10-21 12:41:48,440] {dag.py:2389} INFO - Sync 3 DAGs
[2021-10-21 12:41:48,444] {logging_mixin.py:109} INFO - [2021-10-21 12:41:48,444] {dag.py:2914} INFO - Setting next_dagrun for example_subdag_operator to 2021-10-19T00:00:00+00:00
[2021-10-21 12:41:48,444] {logging_mixin.py:109} INFO - [2021-10-21 12:41:48,444] {dag.py:2914} INFO - Setting next_dagrun for example_subdag_operator.section-1 to None
[2021-10-21 12:41:48,444] {logging_mixin.py:109} INFO - [2021-10-21 12:41:48,444] {dag.py:2914} INFO - Setting next_dagrun for example_subdag_operator.section-2 to None
[2021-10-21 12:41:48,446] {logging_mixin.py:109} INFO - [2021-10-21 12:41:48,446] {dag.py:2389} INFO - Sync 2 DAGs
[2021-10-21 12:41:48,448] {logging_mixin.py:109} INFO - [2021-10-21 12:41:48,448] {dag.py:2914} INFO - Setting next_dagrun for example_subdag_operator.section-1 to None
[2021-10-21 12:41:48,448] {logging_mixin.py:109} INFO - [2021-10-21 12:41:48,448] {dag.py:2914} INFO - Setting next_dagrun for example_subdag_operator.section-2 to None
[2021-10-21 12:41:48,450] {processor.py:171} INFO - Processing /opt/anaconda3/envs/af2/lib/python3.8/site-packages/airflow/example_dags/example_subdag_operator.py took 0.042 seconds
[2021-10-21 12:43:13,434] {processor.py:163} INFO - Started process (PID=26161) to work on /opt/anaconda3/envs/af2/lib/python3.8/site-packages/airflow/example_dags/example_subdag_operator.py
[2021-10-21 12:43:13,434] {processor.py:620} INFO - Processing file /opt/anaconda3/envs/af2/lib/python3.8/site-packages/airflow/example_dags/example_subdag_operator.py for tasks to queue
[2021-10-21 12:43:13,434] {logging_mixin.py:109} INFO - [2021-10-21 12:43:13,434] {dagbag.py:500} INFO - Filling up the DagBag from /opt/anaconda3/envs/af2/lib/python3.8/site-packages/airflow/example_dags/example_subdag_operator.py
[2021-10-21 12:43:13,454] {processor.py:632} INFO - DAG(s) dict_keys(['example_subdag_operator.section-1', 'example_subdag_operator.section-2', 'example_subdag_operator']) retrieved from /opt/anaconda3/envs/af2/lib/python3.8/site-packages/airflow/example_dags/example_subdag_operator.py
[2021-10-21 12:43:13,464] {logging_mixin.py:109} INFO - [2021-10-21 12:43:13,464] {dag.py:2389} INFO - Sync 3 DAGs
[2021-10-21 12:43:13,468] {logging_mixin.py:109} INFO - [2021-10-21 12:43:13,468] {dag.py:2914} INFO - Setting next_dagrun for example_subdag_operator to 2021-10-19T00:00:00+00:00
[2021-10-21 12:43:13,468] {logging_mixin.py:109} INFO - [2021-10-21 12:43:13,468] {dag.py:2914} INFO - Setting next_dagrun for example_subdag_operator.section-1 to None
[2021-10-21 12:43:13,468] {logging_mixin.py:109} INFO - [2021-10-21 12:43:13,468] {dag.py:2914} INFO - Setting next_dagrun for example_subdag_operator.section-2 to None
[2021-10-21 12:43:13,470] {logging_mixin.py:109} INFO - [2021-10-21 12:43:13,470] {dag.py:2389} INFO - Sync 2 DAGs
[2021-10-21 12:43:13,472] {logging_mixin.py:109} INFO - [2021-10-21 12:43:13,472] {dag.py:2914} INFO - Setting next_dagrun for example_subdag_operator.section-1 to None
[2021-10-21 12:43:13,472] {logging_mixin.py:109} INFO - [2021-10-21 12:43:13,472] {dag.py:2914} INFO - Setting next_dagrun for example_subdag_operator.section-2 to None
[2021-10-21 12:43:13,475] {processor.py:171} INFO - Processing /opt/anaconda3/envs/af2/lib/python3.8/site-packages/airflow/example_dags/example_subdag_operator.py took 0.042 seconds
[2021-10-21 12:45:06,175] {processor.py:163} INFO - Started process (PID=26306) to work on /opt/anaconda3/envs/af2/lib/python3.8/site-packages/airflow/example_dags/example_subdag_operator.py
[2021-10-21 12:45:06,175] {processor.py:620} INFO - Processing file /opt/anaconda3/envs/af2/lib/python3.8/site-packages/airflow/example_dags/example_subdag_operator.py for tasks to queue
[2021-10-21 12:45:06,175] {logging_mixin.py:109} INFO - [2021-10-21 12:45:06,175] {dagbag.py:500} INFO - Filling up the DagBag from /opt/anaconda3/envs/af2/lib/python3.8/site-packages/airflow/example_dags/example_subdag_operator.py
[2021-10-21 12:45:06,194] {processor.py:632} INFO - DAG(s) dict_keys(['example_subdag_operator.section-1', 'example_subdag_operator.section-2', 'example_subdag_operator']) retrieved from /opt/anaconda3/envs/af2/lib/python3.8/site-packages/airflow/example_dags/example_subdag_operator.py
[2021-10-21 12:45:06,204] {logging_mixin.py:109} INFO - [2021-10-21 12:45:06,204] {dag.py:2389} INFO - Sync 3 DAGs
[2021-10-21 12:45:06,208] {logging_mixin.py:109} INFO - [2021-10-21 12:45:06,208] {dag.py:2914} INFO - Setting next_dagrun for example_subdag_operator to 2021-10-19T00:00:00+00:00
[2021-10-21 12:45:06,208] {logging_mixin.py:109} INFO - [2021-10-21 12:45:06,208] {dag.py:2914} INFO - Setting next_dagrun for example_subdag_operator.section-1 to None
[2021-10-21 12:45:06,208] {logging_mixin.py:109} INFO - [2021-10-21 12:45:06,208] {dag.py:2914} INFO - Setting next_dagrun for example_subdag_operator.section-2 to None
[2021-10-21 12:45:06,210] {logging_mixin.py:109} INFO - [2021-10-21 12:45:06,210] {dag.py:2389} INFO - Sync 2 DAGs
[2021-10-21 12:45:06,212] {logging_mixin.py:109} INFO - [2021-10-21 12:45:06,212] {dag.py:2914} INFO - Setting next_dagrun for example_subdag_operator.section-1 to None
[2021-10-21 12:45:06,212] {logging_mixin.py:109} INFO - [2021-10-21 12:45:06,212] {dag.py:2914} INFO - Setting next_dagrun for example_subdag_operator.section-2 to None
[2021-10-21 12:45:06,214] {processor.py:171} INFO - Processing /opt/anaconda3/envs/af2/lib/python3.8/site-packages/airflow/example_dags/example_subdag_operator.py took 0.040 seconds
[2021-10-21 12:46:19,962] {processor.py:163} INFO - Started process (PID=26443) to work on /opt/anaconda3/envs/af2/lib/python3.8/site-packages/airflow/example_dags/example_subdag_operator.py
[2021-10-21 12:46:19,962] {processor.py:620} INFO - Processing file /opt/anaconda3/envs/af2/lib/python3.8/site-packages/airflow/example_dags/example_subdag_operator.py for tasks to queue
[2021-10-21 12:46:19,962] {logging_mixin.py:109} INFO - [2021-10-21 12:46:19,962] {dagbag.py:500} INFO - Filling up the DagBag from /opt/anaconda3/envs/af2/lib/python3.8/site-packages/airflow/example_dags/example_subdag_operator.py
[2021-10-21 12:46:19,982] {processor.py:632} INFO - DAG(s) dict_keys(['example_subdag_operator.section-1', 'example_subdag_operator.section-2', 'example_subdag_operator']) retrieved from /opt/anaconda3/envs/af2/lib/python3.8/site-packages/airflow/example_dags/example_subdag_operator.py
[2021-10-21 12:46:19,992] {logging_mixin.py:109} INFO - [2021-10-21 12:46:19,992] {dag.py:2389} INFO - Sync 3 DAGs
[2021-10-21 12:46:19,996] {logging_mixin.py:109} INFO - [2021-10-21 12:46:19,996] {dag.py:2914} INFO - Setting next_dagrun for example_subdag_operator to 2021-10-19T00:00:00+00:00
[2021-10-21 12:46:19,996] {logging_mixin.py:109} INFO - [2021-10-21 12:46:19,996] {dag.py:2914} INFO - Setting next_dagrun for example_subdag_operator.section-1 to None
[2021-10-21 12:46:19,996] {logging_mixin.py:109} INFO - [2021-10-21 12:46:19,996] {dag.py:2914} INFO - Setting next_dagrun for example_subdag_operator.section-2 to None
[2021-10-21 12:46:19,998] {logging_mixin.py:109} INFO - [2021-10-21 12:46:19,998] {dag.py:2389} INFO - Sync 2 DAGs
[2021-10-21 12:46:20,000] {logging_mixin.py:109} INFO - [2021-10-21 12:46:20,000] {dag.py:2914} INFO - Setting next_dagrun for example_subdag_operator.section-1 to None
[2021-10-21 12:46:20,000] {logging_mixin.py:109} INFO - [2021-10-21 12:46:20,000] {dag.py:2914} INFO - Setting next_dagrun for example_subdag_operator.section-2 to None
[2021-10-21 12:46:20,002] {processor.py:171} INFO - Processing /opt/anaconda3/envs/af2/lib/python3.8/site-packages/airflow/example_dags/example_subdag_operator.py took 0.042 seconds
[2021-10-21 12:47:46,749] {processor.py:163} INFO - Started process (PID=26654) to work on /opt/anaconda3/envs/af2/lib/python3.8/site-packages/airflow/example_dags/example_subdag_operator.py
[2021-10-21 12:47:46,750] {processor.py:620} INFO - Processing file /opt/anaconda3/envs/af2/lib/python3.8/site-packages/airflow/example_dags/example_subdag_operator.py for tasks to queue
[2021-10-21 12:47:46,750] {logging_mixin.py:109} INFO - [2021-10-21 12:47:46,750] {dagbag.py:500} INFO - Filling up the DagBag from /opt/anaconda3/envs/af2/lib/python3.8/site-packages/airflow/example_dags/example_subdag_operator.py
[2021-10-21 12:47:46,769] {processor.py:632} INFO - DAG(s) dict_keys(['example_subdag_operator.section-1', 'example_subdag_operator.section-2', 'example_subdag_operator']) retrieved from /opt/anaconda3/envs/af2/lib/python3.8/site-packages/airflow/example_dags/example_subdag_operator.py
[2021-10-21 12:47:46,778] {logging_mixin.py:109} INFO - [2021-10-21 12:47:46,778] {dag.py:2389} INFO - Sync 3 DAGs
[2021-10-21 12:47:46,782] {logging_mixin.py:109} INFO - [2021-10-21 12:47:46,782] {dag.py:2914} INFO - Setting next_dagrun for example_subdag_operator to 2021-10-19T00:00:00+00:00
[2021-10-21 12:47:46,782] {logging_mixin.py:109} INFO - [2021-10-21 12:47:46,782] {dag.py:2914} INFO - Setting next_dagrun for example_subdag_operator.section-1 to None
[2021-10-21 12:47:46,782] {logging_mixin.py:109} INFO - [2021-10-21 12:47:46,782] {dag.py:2914} INFO - Setting next_dagrun for example_subdag_operator.section-2 to None
[2021-10-21 12:47:46,783] {logging_mixin.py:109} INFO - [2021-10-21 12:47:46,783] {dag.py:2389} INFO - Sync 2 DAGs
[2021-10-21 12:47:46,785] {logging_mixin.py:109} INFO - [2021-10-21 12:47:46,785] {dag.py:2914} INFO - Setting next_dagrun for example_subdag_operator.section-1 to None
[2021-10-21 12:47:46,786] {logging_mixin.py:109} INFO - [2021-10-21 12:47:46,786] {dag.py:2914} INFO - Setting next_dagrun for example_subdag_operator.section-2 to None
[2021-10-21 12:47:46,788] {processor.py:171} INFO - Processing /opt/anaconda3/envs/af2/lib/python3.8/site-packages/airflow/example_dags/example_subdag_operator.py took 0.040 seconds
[2021-10-21 12:49:05,558] {processor.py:163} INFO - Started process (PID=26768) to work on /opt/anaconda3/envs/af2/lib/python3.8/site-packages/airflow/example_dags/example_subdag_operator.py
[2021-10-21 12:49:05,559] {processor.py:620} INFO - Processing file /opt/anaconda3/envs/af2/lib/python3.8/site-packages/airflow/example_dags/example_subdag_operator.py for tasks to queue
[2021-10-21 12:49:05,559] {logging_mixin.py:109} INFO - [2021-10-21 12:49:05,559] {dagbag.py:500} INFO - Filling up the DagBag from /opt/anaconda3/envs/af2/lib/python3.8/site-packages/airflow/example_dags/example_subdag_operator.py
[2021-10-21 12:49:05,578] {processor.py:632} INFO - DAG(s) dict_keys(['example_subdag_operator.section-1', 'example_subdag_operator.section-2', 'example_subdag_operator']) retrieved from /opt/anaconda3/envs/af2/lib/python3.8/site-packages/airflow/example_dags/example_subdag_operator.py
[2021-10-21 12:49:05,588] {logging_mixin.py:109} INFO - [2021-10-21 12:49:05,588] {dag.py:2389} INFO - Sync 3 DAGs
[2021-10-21 12:49:05,592] {logging_mixin.py:109} INFO - [2021-10-21 12:49:05,592] {dag.py:2914} INFO - Setting next_dagrun for example_subdag_operator to 2021-10-19T00:00:00+00:00
[2021-10-21 12:49:05,592] {logging_mixin.py:109} INFO - [2021-10-21 12:49:05,592] {dag.py:2914} INFO - Setting next_dagrun for example_subdag_operator.section-1 to None
[2021-10-21 12:49:05,592] {logging_mixin.py:109} INFO - [2021-10-21 12:49:05,592] {dag.py:2914} INFO - Setting next_dagrun for example_subdag_operator.section-2 to None
[2021-10-21 12:49:05,594] {logging_mixin.py:109} INFO - [2021-10-21 12:49:05,594] {dag.py:2389} INFO - Sync 2 DAGs
[2021-10-21 12:49:05,596] {logging_mixin.py:109} INFO - [2021-10-21 12:49:05,596] {dag.py:2914} INFO - Setting next_dagrun for example_subdag_operator.section-1 to None
[2021-10-21 12:49:05,596] {logging_mixin.py:109} INFO - [2021-10-21 12:49:05,596] {dag.py:2914} INFO - Setting next_dagrun for example_subdag_operator.section-2 to None
[2021-10-21 12:49:05,599] {processor.py:171} INFO - Processing /opt/anaconda3/envs/af2/lib/python3.8/site-packages/airflow/example_dags/example_subdag_operator.py took 0.041 seconds
[2021-10-21 12:50:20,125] {processor.py:163} INFO - Started process (PID=26904) to work on /opt/anaconda3/envs/af2/lib/python3.8/site-packages/airflow/example_dags/example_subdag_operator.py
[2021-10-21 12:50:20,126] {processor.py:620} INFO - Processing file /opt/anaconda3/envs/af2/lib/python3.8/site-packages/airflow/example_dags/example_subdag_operator.py for tasks to queue
[2021-10-21 12:50:20,127] {logging_mixin.py:109} INFO - [2021-10-21 12:50:20,127] {dagbag.py:500} INFO - Filling up the DagBag from /opt/anaconda3/envs/af2/lib/python3.8/site-packages/airflow/example_dags/example_subdag_operator.py
[2021-10-21 12:50:20,146] {processor.py:632} INFO - DAG(s) dict_keys(['example_subdag_operator.section-1', 'example_subdag_operator.section-2', 'example_subdag_operator']) retrieved from /opt/anaconda3/envs/af2/lib/python3.8/site-packages/airflow/example_dags/example_subdag_operator.py
[2021-10-21 12:50:20,156] {logging_mixin.py:109} INFO - [2021-10-21 12:50:20,156] {dag.py:2389} INFO - Sync 3 DAGs
[2021-10-21 12:50:20,160] {logging_mixin.py:109} INFO - [2021-10-21 12:50:20,160] {dag.py:2914} INFO - Setting next_dagrun for example_subdag_operator to 2021-10-19T00:00:00+00:00
[2021-10-21 12:50:20,160] {logging_mixin.py:109} INFO - [2021-10-21 12:50:20,160] {dag.py:2914} INFO - Setting next_dagrun for example_subdag_operator.section-1 to None
[2021-10-21 12:50:20,160] {logging_mixin.py:109} INFO - [2021-10-21 12:50:20,160] {dag.py:2914} INFO - Setting next_dagrun for example_subdag_operator.section-2 to None
[2021-10-21 12:50:20,162] {logging_mixin.py:109} INFO - [2021-10-21 12:50:20,161] {dag.py:2389} INFO - Sync 2 DAGs
[2021-10-21 12:50:20,164] {logging_mixin.py:109} INFO - [2021-10-21 12:50:20,164] {dag.py:2914} INFO - Setting next_dagrun for example_subdag_operator.section-1 to None
[2021-10-21 12:50:20,164] {logging_mixin.py:109} INFO - [2021-10-21 12:50:20,164] {dag.py:2914} INFO - Setting next_dagrun for example_subdag_operator.section-2 to None
[2021-10-21 12:50:20,167] {processor.py:171} INFO - Processing /opt/anaconda3/envs/af2/lib/python3.8/site-packages/airflow/example_dags/example_subdag_operator.py took 0.042 seconds
[2021-10-21 12:51:34,068] {processor.py:163} INFO - Started process (PID=27009) to work on /opt/anaconda3/envs/af2/lib/python3.8/site-packages/airflow/example_dags/example_subdag_operator.py
[2021-10-21 12:51:34,068] {processor.py:620} INFO - Processing file /opt/anaconda3/envs/af2/lib/python3.8/site-packages/airflow/example_dags/example_subdag_operator.py for tasks to queue
[2021-10-21 12:51:34,068] {logging_mixin.py:109} INFO - [2021-10-21 12:51:34,068] {dagbag.py:500} INFO - Filling up the DagBag from /opt/anaconda3/envs/af2/lib/python3.8/site-packages/airflow/example_dags/example_subdag_operator.py
[2021-10-21 12:51:34,088] {processor.py:632} INFO - DAG(s) dict_keys(['example_subdag_operator.section-1', 'example_subdag_operator.section-2', 'example_subdag_operator']) retrieved from /opt/anaconda3/envs/af2/lib/python3.8/site-packages/airflow/example_dags/example_subdag_operator.py
[2021-10-21 12:51:34,099] {logging_mixin.py:109} INFO - [2021-10-21 12:51:34,098] {dag.py:2389} INFO - Sync 3 DAGs
[2021-10-21 12:51:34,102] {logging_mixin.py:109} INFO - [2021-10-21 12:51:34,102] {dag.py:2914} INFO - Setting next_dagrun for example_subdag_operator to 2021-10-19T00:00:00+00:00
[2021-10-21 12:51:34,103] {logging_mixin.py:109} INFO - [2021-10-21 12:51:34,103] {dag.py:2914} INFO - Setting next_dagrun for example_subdag_operator.section-1 to None
[2021-10-21 12:51:34,103] {logging_mixin.py:109} INFO - [2021-10-21 12:51:34,103] {dag.py:2914} INFO - Setting next_dagrun for example_subdag_operator.section-2 to None
[2021-10-21 12:51:34,104] {logging_mixin.py:109} INFO - [2021-10-21 12:51:34,104] {dag.py:2389} INFO - Sync 2 DAGs
[2021-10-21 12:51:34,106] {logging_mixin.py:109} INFO - [2021-10-21 12:51:34,106] {dag.py:2914} INFO - Setting next_dagrun for example_subdag_operator.section-1 to None
[2021-10-21 12:51:34,106] {logging_mixin.py:109} INFO - [2021-10-21 12:51:34,106] {dag.py:2914} INFO - Setting next_dagrun for example_subdag_operator.section-2 to None
[2021-10-21 12:51:34,109] {processor.py:171} INFO - Processing /opt/anaconda3/envs/af2/lib/python3.8/site-packages/airflow/example_dags/example_subdag_operator.py took 0.043 seconds
[2021-10-21 12:52:36,705] {processor.py:163} INFO - Started process (PID=27086) to work on /opt/anaconda3/envs/af2/lib/python3.8/site-packages/airflow/example_dags/example_subdag_operator.py
[2021-10-21 12:52:36,707] {processor.py:620} INFO - Processing file /opt/anaconda3/envs/af2/lib/python3.8/site-packages/airflow/example_dags/example_subdag_operator.py for tasks to queue
[2021-10-21 12:52:36,707] {logging_mixin.py:109} INFO - [2021-10-21 12:52:36,707] {dagbag.py:500} INFO - Filling up the DagBag from /opt/anaconda3/envs/af2/lib/python3.8/site-packages/airflow/example_dags/example_subdag_operator.py
[2021-10-21 12:52:36,728] {processor.py:632} INFO - DAG(s) dict_keys(['example_subdag_operator.section-1', 'example_subdag_operator.section-2', 'example_subdag_operator']) retrieved from /opt/anaconda3/envs/af2/lib/python3.8/site-packages/airflow/example_dags/example_subdag_operator.py
[2021-10-21 12:52:36,739] {logging_mixin.py:109} INFO - [2021-10-21 12:52:36,738] {dag.py:2389} INFO - Sync 3 DAGs
[2021-10-21 12:52:36,743] {logging_mixin.py:109} INFO - [2021-10-21 12:52:36,742] {dag.py:2914} INFO - Setting next_dagrun for example_subdag_operator to 2021-10-19T00:00:00+00:00
[2021-10-21 12:52:36,743] {logging_mixin.py:109} INFO - [2021-10-21 12:52:36,743] {dag.py:2914} INFO - Setting next_dagrun for example_subdag_operator.section-1 to None
[2021-10-21 12:52:36,743] {logging_mixin.py:109} INFO - [2021-10-21 12:52:36,743] {dag.py:2914} INFO - Setting next_dagrun for example_subdag_operator.section-2 to None
[2021-10-21 12:52:36,744] {logging_mixin.py:109} INFO - [2021-10-21 12:52:36,744] {dag.py:2389} INFO - Sync 2 DAGs
[2021-10-21 12:52:36,746] {logging_mixin.py:109} INFO - [2021-10-21 12:52:36,746] {dag.py:2914} INFO - Setting next_dagrun for example_subdag_operator.section-1 to None
[2021-10-21 12:52:36,747] {logging_mixin.py:109} INFO - [2021-10-21 12:52:36,747] {dag.py:2914} INFO - Setting next_dagrun for example_subdag_operator.section-2 to None
[2021-10-21 12:52:36,749] {processor.py:171} INFO - Processing /opt/anaconda3/envs/af2/lib/python3.8/site-packages/airflow/example_dags/example_subdag_operator.py took 0.045 seconds
[2021-10-21 12:53:49,780] {processor.py:163} INFO - Started process (PID=27179) to work on /opt/anaconda3/envs/af2/lib/python3.8/site-packages/airflow/example_dags/example_subdag_operator.py
[2021-10-21 12:53:49,780] {processor.py:620} INFO - Processing file /opt/anaconda3/envs/af2/lib/python3.8/site-packages/airflow/example_dags/example_subdag_operator.py for tasks to queue
[2021-10-21 12:53:49,781] {logging_mixin.py:109} INFO - [2021-10-21 12:53:49,781] {dagbag.py:500} INFO - Filling up the DagBag from /opt/anaconda3/envs/af2/lib/python3.8/site-packages/airflow/example_dags/example_subdag_operator.py
[2021-10-21 12:53:49,800] {processor.py:632} INFO - DAG(s) dict_keys(['example_subdag_operator.section-1', 'example_subdag_operator.section-2', 'example_subdag_operator']) retrieved from /opt/anaconda3/envs/af2/lib/python3.8/site-packages/airflow/example_dags/example_subdag_operator.py
[2021-10-21 12:53:49,810] {logging_mixin.py:109} INFO - [2021-10-21 12:53:49,810] {dag.py:2389} INFO - Sync 3 DAGs
[2021-10-21 12:53:49,814] {logging_mixin.py:109} INFO - [2021-10-21 12:53:49,814] {dag.py:2914} INFO - Setting next_dagrun for example_subdag_operator to 2021-10-19T00:00:00+00:00
[2021-10-21 12:53:49,814] {logging_mixin.py:109} INFO - [2021-10-21 12:53:49,814] {dag.py:2914} INFO - Setting next_dagrun for example_subdag_operator.section-1 to None
[2021-10-21 12:53:49,814] {logging_mixin.py:109} INFO - [2021-10-21 12:53:49,814] {dag.py:2914} INFO - Setting next_dagrun for example_subdag_operator.section-2 to None
[2021-10-21 12:53:49,816] {logging_mixin.py:109} INFO - [2021-10-21 12:53:49,816] {dag.py:2389} INFO - Sync 2 DAGs
[2021-10-21 12:53:49,818] {logging_mixin.py:109} INFO - [2021-10-21 12:53:49,818] {dag.py:2914} INFO - Setting next_dagrun for example_subdag_operator.section-1 to None
[2021-10-21 12:53:49,818] {logging_mixin.py:109} INFO - [2021-10-21 12:53:49,818] {dag.py:2914} INFO - Setting next_dagrun for example_subdag_operator.section-2 to None
[2021-10-21 12:53:49,821] {processor.py:171} INFO - Processing /opt/anaconda3/envs/af2/lib/python3.8/site-packages/airflow/example_dags/example_subdag_operator.py took 0.042 seconds
[2021-10-21 12:55:17,977] {processor.py:163} INFO - Started process (PID=27283) to work on /opt/anaconda3/envs/af2/lib/python3.8/site-packages/airflow/example_dags/example_subdag_operator.py
[2021-10-21 12:55:17,978] {processor.py:620} INFO - Processing file /opt/anaconda3/envs/af2/lib/python3.8/site-packages/airflow/example_dags/example_subdag_operator.py for tasks to queue
[2021-10-21 12:55:17,978] {logging_mixin.py:109} INFO - [2021-10-21 12:55:17,978] {dagbag.py:500} INFO - Filling up the DagBag from /opt/anaconda3/envs/af2/lib/python3.8/site-packages/airflow/example_dags/example_subdag_operator.py
[2021-10-21 12:55:17,998] {processor.py:632} INFO - DAG(s) dict_keys(['example_subdag_operator.section-1', 'example_subdag_operator.section-2', 'example_subdag_operator']) retrieved from /opt/anaconda3/envs/af2/lib/python3.8/site-packages/airflow/example_dags/example_subdag_operator.py
[2021-10-21 12:55:18,007] {logging_mixin.py:109} INFO - [2021-10-21 12:55:18,007] {dag.py:2389} INFO - Sync 3 DAGs
[2021-10-21 12:55:18,011] {logging_mixin.py:109} INFO - [2021-10-21 12:55:18,011] {dag.py:2914} INFO - Setting next_dagrun for example_subdag_operator to 2021-10-19T00:00:00+00:00
[2021-10-21 12:55:18,011] {logging_mixin.py:109} INFO - [2021-10-21 12:55:18,011] {dag.py:2914} INFO - Setting next_dagrun for example_subdag_operator.section-1 to None
[2021-10-21 12:55:18,011] {logging_mixin.py:109} INFO - [2021-10-21 12:55:18,011] {dag.py:2914} INFO - Setting next_dagrun for example_subdag_operator.section-2 to None
[2021-10-21 12:55:18,013] {logging_mixin.py:109} INFO - [2021-10-21 12:55:18,013] {dag.py:2389} INFO - Sync 2 DAGs
[2021-10-21 12:55:18,015] {logging_mixin.py:109} INFO - [2021-10-21 12:55:18,015] {dag.py:2914} INFO - Setting next_dagrun for example_subdag_operator.section-1 to None
[2021-10-21 12:55:18,015] {logging_mixin.py:109} INFO - [2021-10-21 12:55:18,015] {dag.py:2914} INFO - Setting next_dagrun for example_subdag_operator.section-2 to None
[2021-10-21 12:55:18,017] {processor.py:171} INFO - Processing /opt/anaconda3/envs/af2/lib/python3.8/site-packages/airflow/example_dags/example_subdag_operator.py took 0.041 seconds
[2021-10-21 12:56:44,669] {processor.py:163} INFO - Started process (PID=27389) to work on /opt/anaconda3/envs/af2/lib/python3.8/site-packages/airflow/example_dags/example_subdag_operator.py
[2021-10-21 12:56:44,670] {processor.py:620} INFO - Processing file /opt/anaconda3/envs/af2/lib/python3.8/site-packages/airflow/example_dags/example_subdag_operator.py for tasks to queue
[2021-10-21 12:56:44,670] {logging_mixin.py:109} INFO - [2021-10-21 12:56:44,670] {dagbag.py:500} INFO - Filling up the DagBag from /opt/anaconda3/envs/af2/lib/python3.8/site-packages/airflow/example_dags/example_subdag_operator.py
[2021-10-21 12:56:44,691] {processor.py:632} INFO - DAG(s) dict_keys(['example_subdag_operator.section-1', 'example_subdag_operator.section-2', 'example_subdag_operator']) retrieved from /opt/anaconda3/envs/af2/lib/python3.8/site-packages/airflow/example_dags/example_subdag_operator.py
[2021-10-21 12:56:44,702] {logging_mixin.py:109} INFO - [2021-10-21 12:56:44,702] {dag.py:2389} INFO - Sync 3 DAGs
[2021-10-21 12:56:44,706] {logging_mixin.py:109} INFO - [2021-10-21 12:56:44,706] {dag.py:2914} INFO - Setting next_dagrun for example_subdag_operator to 2021-10-19T00:00:00+00:00
[2021-10-21 12:56:44,706] {logging_mixin.py:109} INFO - [2021-10-21 12:56:44,706] {dag.py:2914} INFO - Setting next_dagrun for example_subdag_operator.section-1 to None
[2021-10-21 12:56:44,706] {logging_mixin.py:109} INFO - [2021-10-21 12:56:44,706] {dag.py:2914} INFO - Setting next_dagrun for example_subdag_operator.section-2 to None
[2021-10-21 12:56:44,708] {logging_mixin.py:109} INFO - [2021-10-21 12:56:44,708] {dag.py:2389} INFO - Sync 2 DAGs
[2021-10-21 12:56:44,710] {logging_mixin.py:109} INFO - [2021-10-21 12:56:44,710] {dag.py:2914} INFO - Setting next_dagrun for example_subdag_operator.section-1 to None
[2021-10-21 12:56:44,710] {logging_mixin.py:109} INFO - [2021-10-21 12:56:44,710] {dag.py:2914} INFO - Setting next_dagrun for example_subdag_operator.section-2 to None
[2021-10-21 12:56:44,713] {processor.py:171} INFO - Processing /opt/anaconda3/envs/af2/lib/python3.8/site-packages/airflow/example_dags/example_subdag_operator.py took 0.044 seconds
[2021-10-21 12:58:16,578] {processor.py:163} INFO - Started process (PID=27499) to work on /opt/anaconda3/envs/af2/lib/python3.8/site-packages/airflow/example_dags/example_subdag_operator.py
[2021-10-21 12:58:16,580] {processor.py:620} INFO - Processing file /opt/anaconda3/envs/af2/lib/python3.8/site-packages/airflow/example_dags/example_subdag_operator.py for tasks to queue
[2021-10-21 12:58:16,581] {logging_mixin.py:109} INFO - [2021-10-21 12:58:16,581] {dagbag.py:500} INFO - Filling up the DagBag from /opt/anaconda3/envs/af2/lib/python3.8/site-packages/airflow/example_dags/example_subdag_operator.py
[2021-10-21 12:58:16,601] {processor.py:632} INFO - DAG(s) dict_keys(['example_subdag_operator.section-1', 'example_subdag_operator.section-2', 'example_subdag_operator']) retrieved from /opt/anaconda3/envs/af2/lib/python3.8/site-packages/airflow/example_dags/example_subdag_operator.py
[2021-10-21 12:58:16,610] {logging_mixin.py:109} INFO - [2021-10-21 12:58:16,610] {dag.py:2389} INFO - Sync 3 DAGs
[2021-10-21 12:58:16,614] {logging_mixin.py:109} INFO - [2021-10-21 12:58:16,614] {dag.py:2914} INFO - Setting next_dagrun for example_subdag_operator to 2021-10-19T00:00:00+00:00
[2021-10-21 12:58:16,614] {logging_mixin.py:109} INFO - [2021-10-21 12:58:16,614] {dag.py:2914} INFO - Setting next_dagrun for example_subdag_operator.section-1 to None
[2021-10-21 12:58:16,614] {logging_mixin.py:109} INFO - [2021-10-21 12:58:16,614] {dag.py:2914} INFO - Setting next_dagrun for example_subdag_operator.section-2 to None
[2021-10-21 12:58:16,615] {logging_mixin.py:109} INFO - [2021-10-21 12:58:16,615] {dag.py:2389} INFO - Sync 2 DAGs
[2021-10-21 12:58:16,617] {logging_mixin.py:109} INFO - [2021-10-21 12:58:16,617] {dag.py:2914} INFO - Setting next_dagrun for example_subdag_operator.section-1 to None
[2021-10-21 12:58:16,618] {logging_mixin.py:109} INFO - [2021-10-21 12:58:16,618] {dag.py:2914} INFO - Setting next_dagrun for example_subdag_operator.section-2 to None
[2021-10-21 12:58:16,620] {processor.py:171} INFO - Processing /opt/anaconda3/envs/af2/lib/python3.8/site-packages/airflow/example_dags/example_subdag_operator.py took 0.043 seconds
[2021-10-21 12:59:45,674] {processor.py:163} INFO - Started process (PID=27608) to work on /opt/anaconda3/envs/af2/lib/python3.8/site-packages/airflow/example_dags/example_subdag_operator.py
[2021-10-21 12:59:45,675] {processor.py:620} INFO - Processing file /opt/anaconda3/envs/af2/lib/python3.8/site-packages/airflow/example_dags/example_subdag_operator.py for tasks to queue
[2021-10-21 12:59:45,675] {logging_mixin.py:109} INFO - [2021-10-21 12:59:45,675] {dagbag.py:500} INFO - Filling up the DagBag from /opt/anaconda3/envs/af2/lib/python3.8/site-packages/airflow/example_dags/example_subdag_operator.py
[2021-10-21 12:59:45,695] {processor.py:632} INFO - DAG(s) dict_keys(['example_subdag_operator.section-1', 'example_subdag_operator.section-2', 'example_subdag_operator']) retrieved from /opt/anaconda3/envs/af2/lib/python3.8/site-packages/airflow/example_dags/example_subdag_operator.py
[2021-10-21 12:59:45,705] {logging_mixin.py:109} INFO - [2021-10-21 12:59:45,705] {dag.py:2389} INFO - Sync 3 DAGs
[2021-10-21 12:59:45,709] {logging_mixin.py:109} INFO - [2021-10-21 12:59:45,709] {dag.py:2914} INFO - Setting next_dagrun for example_subdag_operator to 2021-10-19T00:00:00+00:00
[2021-10-21 12:59:45,709] {logging_mixin.py:109} INFO - [2021-10-21 12:59:45,709] {dag.py:2914} INFO - Setting next_dagrun for example_subdag_operator.section-1 to None
[2021-10-21 12:59:45,709] {logging_mixin.py:109} INFO - [2021-10-21 12:59:45,709] {dag.py:2914} INFO - Setting next_dagrun for example_subdag_operator.section-2 to None
[2021-10-21 12:59:45,711] {logging_mixin.py:109} INFO - [2021-10-21 12:59:45,710] {dag.py:2389} INFO - Sync 2 DAGs
[2021-10-21 12:59:45,713] {logging_mixin.py:109} INFO - [2021-10-21 12:59:45,713] {dag.py:2914} INFO - Setting next_dagrun for example_subdag_operator.section-1 to None
[2021-10-21 12:59:45,713] {logging_mixin.py:109} INFO - [2021-10-21 12:59:45,713] {dag.py:2914} INFO - Setting next_dagrun for example_subdag_operator.section-2 to None
[2021-10-21 12:59:45,715] {processor.py:171} INFO - Processing /opt/anaconda3/envs/af2/lib/python3.8/site-packages/airflow/example_dags/example_subdag_operator.py took 0.042 seconds
[2021-10-21 13:01:18,832] {processor.py:163} INFO - Started process (PID=27704) to work on /opt/anaconda3/envs/af2/lib/python3.8/site-packages/airflow/example_dags/example_subdag_operator.py
[2021-10-21 13:01:18,833] {processor.py:620} INFO - Processing file /opt/anaconda3/envs/af2/lib/python3.8/site-packages/airflow/example_dags/example_subdag_operator.py for tasks to queue
[2021-10-21 13:01:18,833] {logging_mixin.py:109} INFO - [2021-10-21 13:01:18,833] {dagbag.py:500} INFO - Filling up the DagBag from /opt/anaconda3/envs/af2/lib/python3.8/site-packages/airflow/example_dags/example_subdag_operator.py
[2021-10-21 13:01:18,854] {processor.py:632} INFO - DAG(s) dict_keys(['example_subdag_operator.section-1', 'example_subdag_operator.section-2', 'example_subdag_operator']) retrieved from /opt/anaconda3/envs/af2/lib/python3.8/site-packages/airflow/example_dags/example_subdag_operator.py
[2021-10-21 13:01:18,865] {logging_mixin.py:109} INFO - [2021-10-21 13:01:18,865] {dag.py:2389} INFO - Sync 3 DAGs
[2021-10-21 13:01:18,868] {logging_mixin.py:109} INFO - [2021-10-21 13:01:18,868] {dag.py:2914} INFO - Setting next_dagrun for example_subdag_operator to 2021-10-19T00:00:00+00:00
[2021-10-21 13:01:18,869] {logging_mixin.py:109} INFO - [2021-10-21 13:01:18,869] {dag.py:2914} INFO - Setting next_dagrun for example_subdag_operator.section-1 to None
[2021-10-21 13:01:18,869] {logging_mixin.py:109} INFO - [2021-10-21 13:01:18,869] {dag.py:2914} INFO - Setting next_dagrun for example_subdag_operator.section-2 to None
[2021-10-21 13:01:18,870] {logging_mixin.py:109} INFO - [2021-10-21 13:01:18,870] {dag.py:2389} INFO - Sync 2 DAGs
[2021-10-21 13:01:18,873] {logging_mixin.py:109} INFO - [2021-10-21 13:01:18,873] {dag.py:2914} INFO - Setting next_dagrun for example_subdag_operator.section-1 to None
[2021-10-21 13:01:18,873] {logging_mixin.py:109} INFO - [2021-10-21 13:01:18,873] {dag.py:2914} INFO - Setting next_dagrun for example_subdag_operator.section-2 to None
[2021-10-21 13:01:18,875] {processor.py:171} INFO - Processing /opt/anaconda3/envs/af2/lib/python3.8/site-packages/airflow/example_dags/example_subdag_operator.py took 0.045 seconds
[2021-10-21 13:02:49,032] {processor.py:163} INFO - Started process (PID=27837) to work on /opt/anaconda3/envs/af2/lib/python3.8/site-packages/airflow/example_dags/example_subdag_operator.py
[2021-10-21 13:02:49,033] {processor.py:620} INFO - Processing file /opt/anaconda3/envs/af2/lib/python3.8/site-packages/airflow/example_dags/example_subdag_operator.py for tasks to queue
[2021-10-21 13:02:49,033] {logging_mixin.py:109} INFO - [2021-10-21 13:02:49,033] {dagbag.py:500} INFO - Filling up the DagBag from /opt/anaconda3/envs/af2/lib/python3.8/site-packages/airflow/example_dags/example_subdag_operator.py
[2021-10-21 13:02:49,054] {processor.py:632} INFO - DAG(s) dict_keys(['example_subdag_operator.section-1', 'example_subdag_operator.section-2', 'example_subdag_operator']) retrieved from /opt/anaconda3/envs/af2/lib/python3.8/site-packages/airflow/example_dags/example_subdag_operator.py
[2021-10-21 13:02:49,064] {logging_mixin.py:109} INFO - [2021-10-21 13:02:49,064] {dag.py:2389} INFO - Sync 3 DAGs
[2021-10-21 13:02:49,068] {logging_mixin.py:109} INFO - [2021-10-21 13:02:49,068] {dag.py:2914} INFO - Setting next_dagrun for example_subdag_operator to 2021-10-19T00:00:00+00:00
[2021-10-21 13:02:49,068] {logging_mixin.py:109} INFO - [2021-10-21 13:02:49,068] {dag.py:2914} INFO - Setting next_dagrun for example_subdag_operator.section-1 to None
[2021-10-21 13:02:49,069] {logging_mixin.py:109} INFO - [2021-10-21 13:02:49,068] {dag.py:2914} INFO - Setting next_dagrun for example_subdag_operator.section-2 to None
[2021-10-21 13:02:49,070] {logging_mixin.py:109} INFO - [2021-10-21 13:02:49,070] {dag.py:2389} INFO - Sync 2 DAGs
[2021-10-21 13:02:49,072] {logging_mixin.py:109} INFO - [2021-10-21 13:02:49,072] {dag.py:2914} INFO - Setting next_dagrun for example_subdag_operator.section-1 to None
[2021-10-21 13:02:49,072] {logging_mixin.py:109} INFO - [2021-10-21 13:02:49,072] {dag.py:2914} INFO - Setting next_dagrun for example_subdag_operator.section-2 to None
[2021-10-21 13:02:49,075] {processor.py:171} INFO - Processing /opt/anaconda3/envs/af2/lib/python3.8/site-packages/airflow/example_dags/example_subdag_operator.py took 0.044 seconds
[2021-10-21 13:04:17,570] {processor.py:163} INFO - Started process (PID=27945) to work on /opt/anaconda3/envs/af2/lib/python3.8/site-packages/airflow/example_dags/example_subdag_operator.py
[2021-10-21 13:04:17,570] {processor.py:620} INFO - Processing file /opt/anaconda3/envs/af2/lib/python3.8/site-packages/airflow/example_dags/example_subdag_operator.py for tasks to queue
[2021-10-21 13:04:17,570] {logging_mixin.py:109} INFO - [2021-10-21 13:04:17,570] {dagbag.py:500} INFO - Filling up the DagBag from /opt/anaconda3/envs/af2/lib/python3.8/site-packages/airflow/example_dags/example_subdag_operator.py
[2021-10-21 13:04:17,594] {processor.py:632} INFO - DAG(s) dict_keys(['example_subdag_operator.section-1', 'example_subdag_operator.section-2', 'example_subdag_operator']) retrieved from /opt/anaconda3/envs/af2/lib/python3.8/site-packages/airflow/example_dags/example_subdag_operator.py
[2021-10-21 13:04:17,604] {logging_mixin.py:109} INFO - [2021-10-21 13:04:17,604] {dag.py:2389} INFO - Sync 3 DAGs
[2021-10-21 13:04:17,608] {logging_mixin.py:109} INFO - [2021-10-21 13:04:17,607] {dag.py:2914} INFO - Setting next_dagrun for example_subdag_operator to 2021-10-19T00:00:00+00:00
[2021-10-21 13:04:17,608] {logging_mixin.py:109} INFO - [2021-10-21 13:04:17,608] {dag.py:2914} INFO - Setting next_dagrun for example_subdag_operator.section-1 to None
[2021-10-21 13:04:17,608] {logging_mixin.py:109} INFO - [2021-10-21 13:04:17,608] {dag.py:2914} INFO - Setting next_dagrun for example_subdag_operator.section-2 to None
[2021-10-21 13:04:17,609] {logging_mixin.py:109} INFO - [2021-10-21 13:04:17,609] {dag.py:2389} INFO - Sync 2 DAGs
[2021-10-21 13:04:17,611] {logging_mixin.py:109} INFO - [2021-10-21 13:04:17,611] {dag.py:2914} INFO - Setting next_dagrun for example_subdag_operator.section-1 to None
[2021-10-21 13:04:17,611] {logging_mixin.py:109} INFO - [2021-10-21 13:04:17,611] {dag.py:2914} INFO - Setting next_dagrun for example_subdag_operator.section-2 to None
[2021-10-21 13:04:17,614] {processor.py:171} INFO - Processing /opt/anaconda3/envs/af2/lib/python3.8/site-packages/airflow/example_dags/example_subdag_operator.py took 0.046 seconds
[2021-10-21 13:05:49,300] {processor.py:163} INFO - Started process (PID=28055) to work on /opt/anaconda3/envs/af2/lib/python3.8/site-packages/airflow/example_dags/example_subdag_operator.py
[2021-10-21 13:05:49,301] {processor.py:620} INFO - Processing file /opt/anaconda3/envs/af2/lib/python3.8/site-packages/airflow/example_dags/example_subdag_operator.py for tasks to queue
[2021-10-21 13:05:49,301] {logging_mixin.py:109} INFO - [2021-10-21 13:05:49,301] {dagbag.py:500} INFO - Filling up the DagBag from /opt/anaconda3/envs/af2/lib/python3.8/site-packages/airflow/example_dags/example_subdag_operator.py
[2021-10-21 13:05:49,322] {processor.py:632} INFO - DAG(s) dict_keys(['example_subdag_operator.section-1', 'example_subdag_operator.section-2', 'example_subdag_operator']) retrieved from /opt/anaconda3/envs/af2/lib/python3.8/site-packages/airflow/example_dags/example_subdag_operator.py
[2021-10-21 13:05:49,333] {logging_mixin.py:109} INFO - [2021-10-21 13:05:49,333] {dag.py:2389} INFO - Sync 3 DAGs
[2021-10-21 13:05:49,337] {logging_mixin.py:109} INFO - [2021-10-21 13:05:49,337] {dag.py:2914} INFO - Setting next_dagrun for example_subdag_operator to 2021-10-19T00:00:00+00:00
[2021-10-21 13:05:49,337] {logging_mixin.py:109} INFO - [2021-10-21 13:05:49,337] {dag.py:2914} INFO - Setting next_dagrun for example_subdag_operator.section-1 to None
[2021-10-21 13:05:49,337] {logging_mixin.py:109} INFO - [2021-10-21 13:05:49,337] {dag.py:2914} INFO - Setting next_dagrun for example_subdag_operator.section-2 to None
[2021-10-21 13:05:49,339] {logging_mixin.py:109} INFO - [2021-10-21 13:05:49,339] {dag.py:2389} INFO - Sync 2 DAGs
[2021-10-21 13:05:49,341] {logging_mixin.py:109} INFO - [2021-10-21 13:05:49,341] {dag.py:2914} INFO - Setting next_dagrun for example_subdag_operator.section-1 to None
[2021-10-21 13:05:49,341] {logging_mixin.py:109} INFO - [2021-10-21 13:05:49,341] {dag.py:2914} INFO - Setting next_dagrun for example_subdag_operator.section-2 to None
[2021-10-21 13:05:49,344] {processor.py:171} INFO - Processing /opt/anaconda3/envs/af2/lib/python3.8/site-packages/airflow/example_dags/example_subdag_operator.py took 0.045 seconds
[2021-10-21 13:07:18,972] {processor.py:163} INFO - Started process (PID=28206) to work on /opt/anaconda3/envs/af2/lib/python3.8/site-packages/airflow/example_dags/example_subdag_operator.py
[2021-10-21 13:07:18,973] {processor.py:620} INFO - Processing file /opt/anaconda3/envs/af2/lib/python3.8/site-packages/airflow/example_dags/example_subdag_operator.py for tasks to queue
[2021-10-21 13:07:18,973] {logging_mixin.py:109} INFO - [2021-10-21 13:07:18,973] {dagbag.py:500} INFO - Filling up the DagBag from /opt/anaconda3/envs/af2/lib/python3.8/site-packages/airflow/example_dags/example_subdag_operator.py
[2021-10-21 13:07:18,993] {processor.py:632} INFO - DAG(s) dict_keys(['example_subdag_operator.section-1', 'example_subdag_operator.section-2', 'example_subdag_operator']) retrieved from /opt/anaconda3/envs/af2/lib/python3.8/site-packages/airflow/example_dags/example_subdag_operator.py
[2021-10-21 13:07:19,002] {logging_mixin.py:109} INFO - [2021-10-21 13:07:19,002] {dag.py:2389} INFO - Sync 3 DAGs
[2021-10-21 13:07:19,006] {logging_mixin.py:109} INFO - [2021-10-21 13:07:19,006] {dag.py:2914} INFO - Setting next_dagrun for example_subdag_operator to 2021-10-19T00:00:00+00:00
[2021-10-21 13:07:19,006] {logging_mixin.py:109} INFO - [2021-10-21 13:07:19,006] {dag.py:2914} INFO - Setting next_dagrun for example_subdag_operator.section-1 to None
[2021-10-21 13:07:19,006] {logging_mixin.py:109} INFO - [2021-10-21 13:07:19,006] {dag.py:2914} INFO - Setting next_dagrun for example_subdag_operator.section-2 to None
[2021-10-21 13:07:19,008] {logging_mixin.py:109} INFO - [2021-10-21 13:07:19,008] {dag.py:2389} INFO - Sync 2 DAGs
[2021-10-21 13:07:19,010] {logging_mixin.py:109} INFO - [2021-10-21 13:07:19,010] {dag.py:2914} INFO - Setting next_dagrun for example_subdag_operator.section-1 to None
[2021-10-21 13:07:19,010] {logging_mixin.py:109} INFO - [2021-10-21 13:07:19,010] {dag.py:2914} INFO - Setting next_dagrun for example_subdag_operator.section-2 to None
[2021-10-21 13:07:19,012] {processor.py:171} INFO - Processing /opt/anaconda3/envs/af2/lib/python3.8/site-packages/airflow/example_dags/example_subdag_operator.py took 0.041 seconds
