[2021-10-21 12:02:09,660] {processor.py:163} INFO - Started process (PID=22396) to work on /opt/anaconda3/envs/af2/lib/python3.8/site-packages/airflow/example_dags/example_short_circuit_operator.py
[2021-10-21 12:02:09,660] {processor.py:620} INFO - Processing file /opt/anaconda3/envs/af2/lib/python3.8/site-packages/airflow/example_dags/example_short_circuit_operator.py for tasks to queue
[2021-10-21 12:02:09,660] {logging_mixin.py:109} INFO - [2021-10-21 12:02:09,660] {dagbag.py:500} INFO - Filling up the DagBag from /opt/anaconda3/envs/af2/lib/python3.8/site-packages/airflow/example_dags/example_short_circuit_operator.py
[2021-10-21 12:02:09,684] {processor.py:632} INFO - DAG(s) dict_keys(['example_short_circuit_operator']) retrieved from /opt/anaconda3/envs/af2/lib/python3.8/site-packages/airflow/example_dags/example_short_circuit_operator.py
[2021-10-21 12:02:09,694] {logging_mixin.py:109} INFO - [2021-10-21 12:02:09,693] {dag.py:2389} INFO - Sync 1 DAGs
[2021-10-21 12:02:09,697] {logging_mixin.py:109} INFO - [2021-10-21 12:02:09,697] {dag.py:2914} INFO - Setting next_dagrun for example_short_circuit_operator to 2021-10-20T10:02:09.697502+00:00
[2021-10-21 12:02:09,701] {processor.py:171} INFO - Processing /opt/anaconda3/envs/af2/lib/python3.8/site-packages/airflow/example_dags/example_short_circuit_operator.py took 0.041 seconds
[2021-10-21 12:03:42,026] {processor.py:163} INFO - Started process (PID=22555) to work on /opt/anaconda3/envs/af2/lib/python3.8/site-packages/airflow/example_dags/example_short_circuit_operator.py
[2021-10-21 12:03:42,027] {processor.py:620} INFO - Processing file /opt/anaconda3/envs/af2/lib/python3.8/site-packages/airflow/example_dags/example_short_circuit_operator.py for tasks to queue
[2021-10-21 12:03:42,027] {logging_mixin.py:109} INFO - [2021-10-21 12:03:42,027] {dagbag.py:500} INFO - Filling up the DagBag from /opt/anaconda3/envs/af2/lib/python3.8/site-packages/airflow/example_dags/example_short_circuit_operator.py
[2021-10-21 12:03:42,051] {processor.py:632} INFO - DAG(s) dict_keys(['example_short_circuit_operator']) retrieved from /opt/anaconda3/envs/af2/lib/python3.8/site-packages/airflow/example_dags/example_short_circuit_operator.py
[2021-10-21 12:03:42,060] {logging_mixin.py:109} INFO - [2021-10-21 12:03:42,060] {dag.py:2389} INFO - Sync 1 DAGs
[2021-10-21 12:03:42,065] {logging_mixin.py:109} INFO - [2021-10-21 12:03:42,065] {dag.py:2914} INFO - Setting next_dagrun for example_short_circuit_operator to 2021-10-20T10:03:42.065590+00:00
[2021-10-21 12:03:42,069] {processor.py:171} INFO - Processing /opt/anaconda3/envs/af2/lib/python3.8/site-packages/airflow/example_dags/example_short_circuit_operator.py took 0.043 seconds
[2021-10-21 12:11:52,855] {processor.py:163} INFO - Started process (PID=23047) to work on /opt/anaconda3/envs/af2/lib/python3.8/site-packages/airflow/example_dags/example_short_circuit_operator.py
[2021-10-21 12:11:52,856] {processor.py:620} INFO - Processing file /opt/anaconda3/envs/af2/lib/python3.8/site-packages/airflow/example_dags/example_short_circuit_operator.py for tasks to queue
[2021-10-21 12:11:52,857] {logging_mixin.py:109} INFO - [2021-10-21 12:11:52,857] {dagbag.py:500} INFO - Filling up the DagBag from /opt/anaconda3/envs/af2/lib/python3.8/site-packages/airflow/example_dags/example_short_circuit_operator.py
[2021-10-21 12:11:52,885] {processor.py:632} INFO - DAG(s) dict_keys(['example_short_circuit_operator']) retrieved from /opt/anaconda3/envs/af2/lib/python3.8/site-packages/airflow/example_dags/example_short_circuit_operator.py
[2021-10-21 12:11:52,896] {logging_mixin.py:109} INFO - [2021-10-21 12:11:52,896] {dag.py:2389} INFO - Sync 1 DAGs
[2021-10-21 12:11:52,899] {logging_mixin.py:109} INFO - [2021-10-21 12:11:52,899] {dag.py:2914} INFO - Setting next_dagrun for example_short_circuit_operator to 2021-10-20T10:11:52.899600+00:00
[2021-10-21 12:11:52,903] {processor.py:171} INFO - Processing /opt/anaconda3/envs/af2/lib/python3.8/site-packages/airflow/example_dags/example_short_circuit_operator.py took 0.048 seconds
[2021-10-21 12:13:03,622] {processor.py:163} INFO - Started process (PID=23197) to work on /opt/anaconda3/envs/af2/lib/python3.8/site-packages/airflow/example_dags/example_short_circuit_operator.py
[2021-10-21 12:13:03,622] {processor.py:620} INFO - Processing file /opt/anaconda3/envs/af2/lib/python3.8/site-packages/airflow/example_dags/example_short_circuit_operator.py for tasks to queue
[2021-10-21 12:13:03,622] {logging_mixin.py:109} INFO - [2021-10-21 12:13:03,622] {dagbag.py:500} INFO - Filling up the DagBag from /opt/anaconda3/envs/af2/lib/python3.8/site-packages/airflow/example_dags/example_short_circuit_operator.py
[2021-10-21 12:13:03,652] {processor.py:632} INFO - DAG(s) dict_keys(['example_short_circuit_operator']) retrieved from /opt/anaconda3/envs/af2/lib/python3.8/site-packages/airflow/example_dags/example_short_circuit_operator.py
[2021-10-21 12:13:03,662] {logging_mixin.py:109} INFO - [2021-10-21 12:13:03,662] {dag.py:2389} INFO - Sync 1 DAGs
[2021-10-21 12:13:03,666] {logging_mixin.py:109} INFO - [2021-10-21 12:13:03,666] {dag.py:2914} INFO - Setting next_dagrun for example_short_circuit_operator to 2021-10-20T10:13:03.665976+00:00
[2021-10-21 12:13:03,669] {processor.py:171} INFO - Processing /opt/anaconda3/envs/af2/lib/python3.8/site-packages/airflow/example_dags/example_short_circuit_operator.py took 0.048 seconds
[2021-10-21 12:14:18,459] {processor.py:163} INFO - Started process (PID=23299) to work on /opt/anaconda3/envs/af2/lib/python3.8/site-packages/airflow/example_dags/example_short_circuit_operator.py
[2021-10-21 12:14:18,460] {processor.py:620} INFO - Processing file /opt/anaconda3/envs/af2/lib/python3.8/site-packages/airflow/example_dags/example_short_circuit_operator.py for tasks to queue
[2021-10-21 12:14:18,460] {logging_mixin.py:109} INFO - [2021-10-21 12:14:18,460] {dagbag.py:500} INFO - Filling up the DagBag from /opt/anaconda3/envs/af2/lib/python3.8/site-packages/airflow/example_dags/example_short_circuit_operator.py
[2021-10-21 12:14:18,483] {processor.py:632} INFO - DAG(s) dict_keys(['example_short_circuit_operator']) retrieved from /opt/anaconda3/envs/af2/lib/python3.8/site-packages/airflow/example_dags/example_short_circuit_operator.py
[2021-10-21 12:14:18,493] {logging_mixin.py:109} INFO - [2021-10-21 12:14:18,493] {dag.py:2389} INFO - Sync 1 DAGs
[2021-10-21 12:14:18,497] {logging_mixin.py:109} INFO - [2021-10-21 12:14:18,497] {dag.py:2914} INFO - Setting next_dagrun for example_short_circuit_operator to 2021-10-20T10:14:18.497294+00:00
[2021-10-21 12:14:18,501] {processor.py:171} INFO - Processing /opt/anaconda3/envs/af2/lib/python3.8/site-packages/airflow/example_dags/example_short_circuit_operator.py took 0.041 seconds
[2021-10-21 12:15:33,542] {processor.py:163} INFO - Started process (PID=23408) to work on /opt/anaconda3/envs/af2/lib/python3.8/site-packages/airflow/example_dags/example_short_circuit_operator.py
[2021-10-21 12:15:33,543] {processor.py:620} INFO - Processing file /opt/anaconda3/envs/af2/lib/python3.8/site-packages/airflow/example_dags/example_short_circuit_operator.py for tasks to queue
[2021-10-21 12:15:33,543] {logging_mixin.py:109} INFO - [2021-10-21 12:15:33,543] {dagbag.py:500} INFO - Filling up the DagBag from /opt/anaconda3/envs/af2/lib/python3.8/site-packages/airflow/example_dags/example_short_circuit_operator.py
[2021-10-21 12:15:33,566] {processor.py:632} INFO - DAG(s) dict_keys(['example_short_circuit_operator']) retrieved from /opt/anaconda3/envs/af2/lib/python3.8/site-packages/airflow/example_dags/example_short_circuit_operator.py
[2021-10-21 12:15:33,576] {logging_mixin.py:109} INFO - [2021-10-21 12:15:33,576] {dag.py:2389} INFO - Sync 1 DAGs
[2021-10-21 12:15:33,580] {logging_mixin.py:109} INFO - [2021-10-21 12:15:33,580] {dag.py:2914} INFO - Setting next_dagrun for example_short_circuit_operator to 2021-10-20T10:15:33.579973+00:00
[2021-10-21 12:15:33,583] {processor.py:171} INFO - Processing /opt/anaconda3/envs/af2/lib/python3.8/site-packages/airflow/example_dags/example_short_circuit_operator.py took 0.041 seconds
[2021-10-21 12:16:49,948] {processor.py:163} INFO - Started process (PID=23540) to work on /opt/anaconda3/envs/af2/lib/python3.8/site-packages/airflow/example_dags/example_short_circuit_operator.py
[2021-10-21 12:16:49,949] {processor.py:620} INFO - Processing file /opt/anaconda3/envs/af2/lib/python3.8/site-packages/airflow/example_dags/example_short_circuit_operator.py for tasks to queue
[2021-10-21 12:16:49,949] {logging_mixin.py:109} INFO - [2021-10-21 12:16:49,949] {dagbag.py:500} INFO - Filling up the DagBag from /opt/anaconda3/envs/af2/lib/python3.8/site-packages/airflow/example_dags/example_short_circuit_operator.py
[2021-10-21 12:16:49,973] {processor.py:632} INFO - DAG(s) dict_keys(['example_short_circuit_operator']) retrieved from /opt/anaconda3/envs/af2/lib/python3.8/site-packages/airflow/example_dags/example_short_circuit_operator.py
[2021-10-21 12:16:49,984] {logging_mixin.py:109} INFO - [2021-10-21 12:16:49,984] {dag.py:2389} INFO - Sync 1 DAGs
[2021-10-21 12:16:49,987] {logging_mixin.py:109} INFO - [2021-10-21 12:16:49,987] {dag.py:2914} INFO - Setting next_dagrun for example_short_circuit_operator to 2021-10-20T10:16:49.987753+00:00
[2021-10-21 12:16:49,991] {processor.py:171} INFO - Processing /opt/anaconda3/envs/af2/lib/python3.8/site-packages/airflow/example_dags/example_short_circuit_operator.py took 0.044 seconds
[2021-10-21 12:18:04,477] {processor.py:163} INFO - Started process (PID=23637) to work on /opt/anaconda3/envs/af2/lib/python3.8/site-packages/airflow/example_dags/example_short_circuit_operator.py
[2021-10-21 12:18:04,478] {processor.py:620} INFO - Processing file /opt/anaconda3/envs/af2/lib/python3.8/site-packages/airflow/example_dags/example_short_circuit_operator.py for tasks to queue
[2021-10-21 12:18:04,478] {logging_mixin.py:109} INFO - [2021-10-21 12:18:04,478] {dagbag.py:500} INFO - Filling up the DagBag from /opt/anaconda3/envs/af2/lib/python3.8/site-packages/airflow/example_dags/example_short_circuit_operator.py
[2021-10-21 12:18:04,502] {processor.py:632} INFO - DAG(s) dict_keys(['example_short_circuit_operator']) retrieved from /opt/anaconda3/envs/af2/lib/python3.8/site-packages/airflow/example_dags/example_short_circuit_operator.py
[2021-10-21 12:18:04,512] {logging_mixin.py:109} INFO - [2021-10-21 12:18:04,512] {dag.py:2389} INFO - Sync 1 DAGs
[2021-10-21 12:18:04,516] {logging_mixin.py:109} INFO - [2021-10-21 12:18:04,516] {dag.py:2914} INFO - Setting next_dagrun for example_short_circuit_operator to 2021-10-20T10:18:04.516411+00:00
[2021-10-21 12:18:04,520] {processor.py:171} INFO - Processing /opt/anaconda3/envs/af2/lib/python3.8/site-packages/airflow/example_dags/example_short_circuit_operator.py took 0.043 seconds
[2021-10-21 12:19:18,510] {processor.py:163} INFO - Started process (PID=23834) to work on /opt/anaconda3/envs/af2/lib/python3.8/site-packages/airflow/example_dags/example_short_circuit_operator.py
[2021-10-21 12:19:18,511] {processor.py:620} INFO - Processing file /opt/anaconda3/envs/af2/lib/python3.8/site-packages/airflow/example_dags/example_short_circuit_operator.py for tasks to queue
[2021-10-21 12:19:18,511] {logging_mixin.py:109} INFO - [2021-10-21 12:19:18,511] {dagbag.py:500} INFO - Filling up the DagBag from /opt/anaconda3/envs/af2/lib/python3.8/site-packages/airflow/example_dags/example_short_circuit_operator.py
[2021-10-21 12:19:18,536] {processor.py:632} INFO - DAG(s) dict_keys(['example_short_circuit_operator']) retrieved from /opt/anaconda3/envs/af2/lib/python3.8/site-packages/airflow/example_dags/example_short_circuit_operator.py
[2021-10-21 12:19:18,546] {logging_mixin.py:109} INFO - [2021-10-21 12:19:18,546] {dag.py:2389} INFO - Sync 1 DAGs
[2021-10-21 12:19:18,550] {logging_mixin.py:109} INFO - [2021-10-21 12:19:18,550] {dag.py:2914} INFO - Setting next_dagrun for example_short_circuit_operator to 2021-10-20T10:19:18.550134+00:00
[2021-10-21 12:19:18,554] {processor.py:171} INFO - Processing /opt/anaconda3/envs/af2/lib/python3.8/site-packages/airflow/example_dags/example_short_circuit_operator.py took 0.044 seconds
[2021-10-21 12:20:30,232] {processor.py:163} INFO - Started process (PID=23943) to work on /opt/anaconda3/envs/af2/lib/python3.8/site-packages/airflow/example_dags/example_short_circuit_operator.py
[2021-10-21 12:20:30,233] {processor.py:620} INFO - Processing file /opt/anaconda3/envs/af2/lib/python3.8/site-packages/airflow/example_dags/example_short_circuit_operator.py for tasks to queue
[2021-10-21 12:20:30,234] {logging_mixin.py:109} INFO - [2021-10-21 12:20:30,233] {dagbag.py:500} INFO - Filling up the DagBag from /opt/anaconda3/envs/af2/lib/python3.8/site-packages/airflow/example_dags/example_short_circuit_operator.py
[2021-10-21 12:20:30,258] {processor.py:632} INFO - DAG(s) dict_keys(['example_short_circuit_operator']) retrieved from /opt/anaconda3/envs/af2/lib/python3.8/site-packages/airflow/example_dags/example_short_circuit_operator.py
[2021-10-21 12:20:30,268] {logging_mixin.py:109} INFO - [2021-10-21 12:20:30,268] {dag.py:2389} INFO - Sync 1 DAGs
[2021-10-21 12:20:30,272] {logging_mixin.py:109} INFO - [2021-10-21 12:20:30,272] {dag.py:2914} INFO - Setting next_dagrun for example_short_circuit_operator to 2021-10-20T10:20:30.271969+00:00
[2021-10-21 12:20:30,275] {processor.py:171} INFO - Processing /opt/anaconda3/envs/af2/lib/python3.8/site-packages/airflow/example_dags/example_short_circuit_operator.py took 0.043 seconds
[2021-10-21 12:21:41,422] {processor.py:163} INFO - Started process (PID=24113) to work on /opt/anaconda3/envs/af2/lib/python3.8/site-packages/airflow/example_dags/example_short_circuit_operator.py
[2021-10-21 12:21:41,423] {processor.py:620} INFO - Processing file /opt/anaconda3/envs/af2/lib/python3.8/site-packages/airflow/example_dags/example_short_circuit_operator.py for tasks to queue
[2021-10-21 12:21:41,423] {logging_mixin.py:109} INFO - [2021-10-21 12:21:41,423] {dagbag.py:500} INFO - Filling up the DagBag from /opt/anaconda3/envs/af2/lib/python3.8/site-packages/airflow/example_dags/example_short_circuit_operator.py
[2021-10-21 12:21:41,457] {processor.py:632} INFO - DAG(s) dict_keys(['example_short_circuit_operator']) retrieved from /opt/anaconda3/envs/af2/lib/python3.8/site-packages/airflow/example_dags/example_short_circuit_operator.py
[2021-10-21 12:21:41,472] {logging_mixin.py:109} INFO - [2021-10-21 12:21:41,472] {dag.py:2389} INFO - Sync 1 DAGs
[2021-10-21 12:21:41,477] {logging_mixin.py:109} INFO - [2021-10-21 12:21:41,477] {dag.py:2914} INFO - Setting next_dagrun for example_short_circuit_operator to 2021-10-20T10:21:41.477209+00:00
[2021-10-21 12:21:41,481] {processor.py:171} INFO - Processing /opt/anaconda3/envs/af2/lib/python3.8/site-packages/airflow/example_dags/example_short_circuit_operator.py took 0.059 seconds
[2021-10-21 12:22:47,843] {processor.py:163} INFO - Started process (PID=24198) to work on /opt/anaconda3/envs/af2/lib/python3.8/site-packages/airflow/example_dags/example_short_circuit_operator.py
[2021-10-21 12:22:47,843] {processor.py:620} INFO - Processing file /opt/anaconda3/envs/af2/lib/python3.8/site-packages/airflow/example_dags/example_short_circuit_operator.py for tasks to queue
[2021-10-21 12:22:47,843] {logging_mixin.py:109} INFO - [2021-10-21 12:22:47,843] {dagbag.py:500} INFO - Filling up the DagBag from /opt/anaconda3/envs/af2/lib/python3.8/site-packages/airflow/example_dags/example_short_circuit_operator.py
[2021-10-21 12:22:47,867] {processor.py:632} INFO - DAG(s) dict_keys(['example_short_circuit_operator']) retrieved from /opt/anaconda3/envs/af2/lib/python3.8/site-packages/airflow/example_dags/example_short_circuit_operator.py
[2021-10-21 12:22:47,877] {logging_mixin.py:109} INFO - [2021-10-21 12:22:47,877] {dag.py:2389} INFO - Sync 1 DAGs
[2021-10-21 12:22:47,880] {logging_mixin.py:109} INFO - [2021-10-21 12:22:47,880] {dag.py:2914} INFO - Setting next_dagrun for example_short_circuit_operator to 2021-10-20T10:22:47.880758+00:00
[2021-10-21 12:22:47,884] {processor.py:171} INFO - Processing /opt/anaconda3/envs/af2/lib/python3.8/site-packages/airflow/example_dags/example_short_circuit_operator.py took 0.041 seconds
[2021-10-21 12:24:02,059] {processor.py:163} INFO - Started process (PID=24377) to work on /opt/anaconda3/envs/af2/lib/python3.8/site-packages/airflow/example_dags/example_short_circuit_operator.py
[2021-10-21 12:24:02,059] {processor.py:620} INFO - Processing file /opt/anaconda3/envs/af2/lib/python3.8/site-packages/airflow/example_dags/example_short_circuit_operator.py for tasks to queue
[2021-10-21 12:24:02,060] {logging_mixin.py:109} INFO - [2021-10-21 12:24:02,060] {dagbag.py:500} INFO - Filling up the DagBag from /opt/anaconda3/envs/af2/lib/python3.8/site-packages/airflow/example_dags/example_short_circuit_operator.py
[2021-10-21 12:24:02,085] {processor.py:632} INFO - DAG(s) dict_keys(['example_short_circuit_operator']) retrieved from /opt/anaconda3/envs/af2/lib/python3.8/site-packages/airflow/example_dags/example_short_circuit_operator.py
[2021-10-21 12:24:02,095] {logging_mixin.py:109} INFO - [2021-10-21 12:24:02,095] {dag.py:2389} INFO - Sync 1 DAGs
[2021-10-21 12:24:02,098] {logging_mixin.py:109} INFO - [2021-10-21 12:24:02,098] {dag.py:2914} INFO - Setting next_dagrun for example_short_circuit_operator to 2021-10-20T10:24:02.098784+00:00
[2021-10-21 12:24:02,102] {processor.py:171} INFO - Processing /opt/anaconda3/envs/af2/lib/python3.8/site-packages/airflow/example_dags/example_short_circuit_operator.py took 0.044 seconds
[2021-10-21 12:25:16,126] {processor.py:163} INFO - Started process (PID=24479) to work on /opt/anaconda3/envs/af2/lib/python3.8/site-packages/airflow/example_dags/example_short_circuit_operator.py
[2021-10-21 12:25:16,127] {processor.py:620} INFO - Processing file /opt/anaconda3/envs/af2/lib/python3.8/site-packages/airflow/example_dags/example_short_circuit_operator.py for tasks to queue
[2021-10-21 12:25:16,127] {logging_mixin.py:109} INFO - [2021-10-21 12:25:16,127] {dagbag.py:500} INFO - Filling up the DagBag from /opt/anaconda3/envs/af2/lib/python3.8/site-packages/airflow/example_dags/example_short_circuit_operator.py
[2021-10-21 12:25:16,150] {processor.py:632} INFO - DAG(s) dict_keys(['example_short_circuit_operator']) retrieved from /opt/anaconda3/envs/af2/lib/python3.8/site-packages/airflow/example_dags/example_short_circuit_operator.py
[2021-10-21 12:25:16,161] {logging_mixin.py:109} INFO - [2021-10-21 12:25:16,161] {dag.py:2389} INFO - Sync 1 DAGs
[2021-10-21 12:25:16,165] {logging_mixin.py:109} INFO - [2021-10-21 12:25:16,165] {dag.py:2914} INFO - Setting next_dagrun for example_short_circuit_operator to 2021-10-20T10:25:16.165281+00:00
[2021-10-21 12:25:16,169] {processor.py:171} INFO - Processing /opt/anaconda3/envs/af2/lib/python3.8/site-packages/airflow/example_dags/example_short_circuit_operator.py took 0.043 seconds
[2021-10-21 12:26:28,067] {processor.py:163} INFO - Started process (PID=24731) to work on /opt/anaconda3/envs/af2/lib/python3.8/site-packages/airflow/example_dags/example_short_circuit_operator.py
[2021-10-21 12:26:28,068] {processor.py:620} INFO - Processing file /opt/anaconda3/envs/af2/lib/python3.8/site-packages/airflow/example_dags/example_short_circuit_operator.py for tasks to queue
[2021-10-21 12:26:28,068] {logging_mixin.py:109} INFO - [2021-10-21 12:26:28,068] {dagbag.py:500} INFO - Filling up the DagBag from /opt/anaconda3/envs/af2/lib/python3.8/site-packages/airflow/example_dags/example_short_circuit_operator.py
[2021-10-21 12:26:28,091] {processor.py:632} INFO - DAG(s) dict_keys(['example_short_circuit_operator']) retrieved from /opt/anaconda3/envs/af2/lib/python3.8/site-packages/airflow/example_dags/example_short_circuit_operator.py
[2021-10-21 12:26:28,101] {logging_mixin.py:109} INFO - [2021-10-21 12:26:28,101] {dag.py:2389} INFO - Sync 1 DAGs
[2021-10-21 12:26:28,105] {logging_mixin.py:109} INFO - [2021-10-21 12:26:28,105] {dag.py:2914} INFO - Setting next_dagrun for example_short_circuit_operator to 2021-10-20T10:26:28.104968+00:00
[2021-10-21 12:26:28,108] {processor.py:171} INFO - Processing /opt/anaconda3/envs/af2/lib/python3.8/site-packages/airflow/example_dags/example_short_circuit_operator.py took 0.041 seconds
[2021-10-21 12:27:41,912] {processor.py:163} INFO - Started process (PID=24863) to work on /opt/anaconda3/envs/af2/lib/python3.8/site-packages/airflow/example_dags/example_short_circuit_operator.py
[2021-10-21 12:27:41,913] {processor.py:620} INFO - Processing file /opt/anaconda3/envs/af2/lib/python3.8/site-packages/airflow/example_dags/example_short_circuit_operator.py for tasks to queue
[2021-10-21 12:27:41,913] {logging_mixin.py:109} INFO - [2021-10-21 12:27:41,913] {dagbag.py:500} INFO - Filling up the DagBag from /opt/anaconda3/envs/af2/lib/python3.8/site-packages/airflow/example_dags/example_short_circuit_operator.py
[2021-10-21 12:27:41,935] {processor.py:632} INFO - DAG(s) dict_keys(['example_short_circuit_operator']) retrieved from /opt/anaconda3/envs/af2/lib/python3.8/site-packages/airflow/example_dags/example_short_circuit_operator.py
[2021-10-21 12:27:41,945] {logging_mixin.py:109} INFO - [2021-10-21 12:27:41,945] {dag.py:2389} INFO - Sync 1 DAGs
[2021-10-21 12:27:41,949] {logging_mixin.py:109} INFO - [2021-10-21 12:27:41,949] {dag.py:2914} INFO - Setting next_dagrun for example_short_circuit_operator to 2021-10-20T10:27:41.949098+00:00
[2021-10-21 12:27:41,952] {processor.py:171} INFO - Processing /opt/anaconda3/envs/af2/lib/python3.8/site-packages/airflow/example_dags/example_short_circuit_operator.py took 0.040 seconds
[2021-10-21 12:28:53,608] {processor.py:163} INFO - Started process (PID=24986) to work on /opt/anaconda3/envs/af2/lib/python3.8/site-packages/airflow/example_dags/example_short_circuit_operator.py
[2021-10-21 12:28:53,608] {processor.py:620} INFO - Processing file /opt/anaconda3/envs/af2/lib/python3.8/site-packages/airflow/example_dags/example_short_circuit_operator.py for tasks to queue
[2021-10-21 12:28:53,608] {logging_mixin.py:109} INFO - [2021-10-21 12:28:53,608] {dagbag.py:500} INFO - Filling up the DagBag from /opt/anaconda3/envs/af2/lib/python3.8/site-packages/airflow/example_dags/example_short_circuit_operator.py
[2021-10-21 12:28:53,631] {processor.py:632} INFO - DAG(s) dict_keys(['example_short_circuit_operator']) retrieved from /opt/anaconda3/envs/af2/lib/python3.8/site-packages/airflow/example_dags/example_short_circuit_operator.py
[2021-10-21 12:28:53,641] {logging_mixin.py:109} INFO - [2021-10-21 12:28:53,641] {dag.py:2389} INFO - Sync 1 DAGs
[2021-10-21 12:28:53,644] {logging_mixin.py:109} INFO - [2021-10-21 12:28:53,644] {dag.py:2914} INFO - Setting next_dagrun for example_short_circuit_operator to 2021-10-20T10:28:53.644735+00:00
[2021-10-21 12:28:53,648] {processor.py:171} INFO - Processing /opt/anaconda3/envs/af2/lib/python3.8/site-packages/airflow/example_dags/example_short_circuit_operator.py took 0.040 seconds
[2021-10-21 12:30:07,449] {processor.py:163} INFO - Started process (PID=25078) to work on /opt/anaconda3/envs/af2/lib/python3.8/site-packages/airflow/example_dags/example_short_circuit_operator.py
[2021-10-21 12:30:07,450] {processor.py:620} INFO - Processing file /opt/anaconda3/envs/af2/lib/python3.8/site-packages/airflow/example_dags/example_short_circuit_operator.py for tasks to queue
[2021-10-21 12:30:07,450] {logging_mixin.py:109} INFO - [2021-10-21 12:30:07,450] {dagbag.py:500} INFO - Filling up the DagBag from /opt/anaconda3/envs/af2/lib/python3.8/site-packages/airflow/example_dags/example_short_circuit_operator.py
[2021-10-21 12:30:07,473] {processor.py:632} INFO - DAG(s) dict_keys(['example_short_circuit_operator']) retrieved from /opt/anaconda3/envs/af2/lib/python3.8/site-packages/airflow/example_dags/example_short_circuit_operator.py
[2021-10-21 12:30:07,483] {logging_mixin.py:109} INFO - [2021-10-21 12:30:07,483] {dag.py:2389} INFO - Sync 1 DAGs
[2021-10-21 12:30:07,487] {logging_mixin.py:109} INFO - [2021-10-21 12:30:07,487] {dag.py:2914} INFO - Setting next_dagrun for example_short_circuit_operator to 2021-10-20T10:30:07.487069+00:00
[2021-10-21 12:30:07,490] {processor.py:171} INFO - Processing /opt/anaconda3/envs/af2/lib/python3.8/site-packages/airflow/example_dags/example_short_circuit_operator.py took 0.042 seconds
[2021-10-21 12:31:29,053] {processor.py:163} INFO - Started process (PID=25273) to work on /opt/anaconda3/envs/af2/lib/python3.8/site-packages/airflow/example_dags/example_short_circuit_operator.py
[2021-10-21 12:31:29,054] {processor.py:620} INFO - Processing file /opt/anaconda3/envs/af2/lib/python3.8/site-packages/airflow/example_dags/example_short_circuit_operator.py for tasks to queue
[2021-10-21 12:31:29,055] {logging_mixin.py:109} INFO - [2021-10-21 12:31:29,055] {dagbag.py:500} INFO - Filling up the DagBag from /opt/anaconda3/envs/af2/lib/python3.8/site-packages/airflow/example_dags/example_short_circuit_operator.py
[2021-10-21 12:31:29,079] {processor.py:632} INFO - DAG(s) dict_keys(['example_short_circuit_operator']) retrieved from /opt/anaconda3/envs/af2/lib/python3.8/site-packages/airflow/example_dags/example_short_circuit_operator.py
[2021-10-21 12:31:29,088] {logging_mixin.py:109} INFO - [2021-10-21 12:31:29,088] {dag.py:2389} INFO - Sync 1 DAGs
[2021-10-21 12:31:29,092] {logging_mixin.py:109} INFO - [2021-10-21 12:31:29,092] {dag.py:2914} INFO - Setting next_dagrun for example_short_circuit_operator to 2021-10-20T10:31:29.091950+00:00
[2021-10-21 12:31:29,095] {processor.py:171} INFO - Processing /opt/anaconda3/envs/af2/lib/python3.8/site-packages/airflow/example_dags/example_short_circuit_operator.py took 0.043 seconds
[2021-10-21 12:32:51,537] {processor.py:163} INFO - Started process (PID=25357) to work on /opt/anaconda3/envs/af2/lib/python3.8/site-packages/airflow/example_dags/example_short_circuit_operator.py
[2021-10-21 12:32:51,538] {processor.py:620} INFO - Processing file /opt/anaconda3/envs/af2/lib/python3.8/site-packages/airflow/example_dags/example_short_circuit_operator.py for tasks to queue
[2021-10-21 12:32:51,538] {logging_mixin.py:109} INFO - [2021-10-21 12:32:51,538] {dagbag.py:500} INFO - Filling up the DagBag from /opt/anaconda3/envs/af2/lib/python3.8/site-packages/airflow/example_dags/example_short_circuit_operator.py
[2021-10-21 12:32:51,564] {processor.py:632} INFO - DAG(s) dict_keys(['example_short_circuit_operator']) retrieved from /opt/anaconda3/envs/af2/lib/python3.8/site-packages/airflow/example_dags/example_short_circuit_operator.py
[2021-10-21 12:32:51,575] {logging_mixin.py:109} INFO - [2021-10-21 12:32:51,575] {dag.py:2389} INFO - Sync 1 DAGs
[2021-10-21 12:32:51,580] {logging_mixin.py:109} INFO - [2021-10-21 12:32:51,580] {dag.py:2914} INFO - Setting next_dagrun for example_short_circuit_operator to 2021-10-20T10:32:51.579898+00:00
[2021-10-21 12:32:51,584] {processor.py:171} INFO - Processing /opt/anaconda3/envs/af2/lib/python3.8/site-packages/airflow/example_dags/example_short_circuit_operator.py took 0.048 seconds
[2021-10-21 12:34:14,163] {processor.py:163} INFO - Started process (PID=25512) to work on /opt/anaconda3/envs/af2/lib/python3.8/site-packages/airflow/example_dags/example_short_circuit_operator.py
[2021-10-21 12:34:14,164] {processor.py:620} INFO - Processing file /opt/anaconda3/envs/af2/lib/python3.8/site-packages/airflow/example_dags/example_short_circuit_operator.py for tasks to queue
[2021-10-21 12:34:14,164] {logging_mixin.py:109} INFO - [2021-10-21 12:34:14,164] {dagbag.py:500} INFO - Filling up the DagBag from /opt/anaconda3/envs/af2/lib/python3.8/site-packages/airflow/example_dags/example_short_circuit_operator.py
[2021-10-21 12:34:14,187] {processor.py:632} INFO - DAG(s) dict_keys(['example_short_circuit_operator']) retrieved from /opt/anaconda3/envs/af2/lib/python3.8/site-packages/airflow/example_dags/example_short_circuit_operator.py
[2021-10-21 12:34:14,197] {logging_mixin.py:109} INFO - [2021-10-21 12:34:14,197] {dag.py:2389} INFO - Sync 1 DAGs
[2021-10-21 12:34:14,200] {logging_mixin.py:109} INFO - [2021-10-21 12:34:14,200] {dag.py:2914} INFO - Setting next_dagrun for example_short_circuit_operator to 2021-10-20T10:34:14.200622+00:00
[2021-10-21 12:34:14,204] {processor.py:171} INFO - Processing /opt/anaconda3/envs/af2/lib/python3.8/site-packages/airflow/example_dags/example_short_circuit_operator.py took 0.042 seconds
[2021-10-21 12:35:40,899] {processor.py:163} INFO - Started process (PID=25615) to work on /opt/anaconda3/envs/af2/lib/python3.8/site-packages/airflow/example_dags/example_short_circuit_operator.py
[2021-10-21 12:35:40,900] {processor.py:620} INFO - Processing file /opt/anaconda3/envs/af2/lib/python3.8/site-packages/airflow/example_dags/example_short_circuit_operator.py for tasks to queue
[2021-10-21 12:35:40,900] {logging_mixin.py:109} INFO - [2021-10-21 12:35:40,900] {dagbag.py:500} INFO - Filling up the DagBag from /opt/anaconda3/envs/af2/lib/python3.8/site-packages/airflow/example_dags/example_short_circuit_operator.py
[2021-10-21 12:35:40,929] {processor.py:632} INFO - DAG(s) dict_keys(['example_short_circuit_operator']) retrieved from /opt/anaconda3/envs/af2/lib/python3.8/site-packages/airflow/example_dags/example_short_circuit_operator.py
[2021-10-21 12:35:40,938] {logging_mixin.py:109} INFO - [2021-10-21 12:35:40,938] {dag.py:2389} INFO - Sync 1 DAGs
[2021-10-21 12:35:40,942] {logging_mixin.py:109} INFO - [2021-10-21 12:35:40,942] {dag.py:2914} INFO - Setting next_dagrun for example_short_circuit_operator to 2021-10-20T10:35:40.942609+00:00
[2021-10-21 12:35:40,946] {processor.py:171} INFO - Processing /opt/anaconda3/envs/af2/lib/python3.8/site-packages/airflow/example_dags/example_short_circuit_operator.py took 0.048 seconds
[2021-10-21 12:37:08,068] {processor.py:163} INFO - Started process (PID=25720) to work on /opt/anaconda3/envs/af2/lib/python3.8/site-packages/airflow/example_dags/example_short_circuit_operator.py
[2021-10-21 12:37:08,068] {processor.py:620} INFO - Processing file /opt/anaconda3/envs/af2/lib/python3.8/site-packages/airflow/example_dags/example_short_circuit_operator.py for tasks to queue
[2021-10-21 12:37:08,068] {logging_mixin.py:109} INFO - [2021-10-21 12:37:08,068] {dagbag.py:500} INFO - Filling up the DagBag from /opt/anaconda3/envs/af2/lib/python3.8/site-packages/airflow/example_dags/example_short_circuit_operator.py
[2021-10-21 12:37:08,092] {processor.py:632} INFO - DAG(s) dict_keys(['example_short_circuit_operator']) retrieved from /opt/anaconda3/envs/af2/lib/python3.8/site-packages/airflow/example_dags/example_short_circuit_operator.py
[2021-10-21 12:37:08,102] {logging_mixin.py:109} INFO - [2021-10-21 12:37:08,102] {dag.py:2389} INFO - Sync 1 DAGs
[2021-10-21 12:37:08,106] {logging_mixin.py:109} INFO - [2021-10-21 12:37:08,106] {dag.py:2914} INFO - Setting next_dagrun for example_short_circuit_operator to 2021-10-20T10:37:08.106564+00:00
[2021-10-21 12:37:08,110] {processor.py:171} INFO - Processing /opt/anaconda3/envs/af2/lib/python3.8/site-packages/airflow/example_dags/example_short_circuit_operator.py took 0.043 seconds
[2021-10-21 12:38:52,066] {processor.py:163} INFO - Started process (PID=25875) to work on /opt/anaconda3/envs/af2/lib/python3.8/site-packages/airflow/example_dags/example_short_circuit_operator.py
[2021-10-21 12:38:52,067] {processor.py:620} INFO - Processing file /opt/anaconda3/envs/af2/lib/python3.8/site-packages/airflow/example_dags/example_short_circuit_operator.py for tasks to queue
[2021-10-21 12:38:52,067] {logging_mixin.py:109} INFO - [2021-10-21 12:38:52,067] {dagbag.py:500} INFO - Filling up the DagBag from /opt/anaconda3/envs/af2/lib/python3.8/site-packages/airflow/example_dags/example_short_circuit_operator.py
[2021-10-21 12:38:52,091] {processor.py:632} INFO - DAG(s) dict_keys(['example_short_circuit_operator']) retrieved from /opt/anaconda3/envs/af2/lib/python3.8/site-packages/airflow/example_dags/example_short_circuit_operator.py
[2021-10-21 12:38:52,100] {logging_mixin.py:109} INFO - [2021-10-21 12:38:52,100] {dag.py:2389} INFO - Sync 1 DAGs
[2021-10-21 12:38:52,104] {logging_mixin.py:109} INFO - [2021-10-21 12:38:52,104] {dag.py:2914} INFO - Setting next_dagrun for example_short_circuit_operator to 2021-10-20T10:38:52.104512+00:00
[2021-10-21 12:38:52,108] {processor.py:171} INFO - Processing /opt/anaconda3/envs/af2/lib/python3.8/site-packages/airflow/example_dags/example_short_circuit_operator.py took 0.043 seconds
[2021-10-21 12:40:26,350] {processor.py:163} INFO - Started process (PID=25969) to work on /opt/anaconda3/envs/af2/lib/python3.8/site-packages/airflow/example_dags/example_short_circuit_operator.py
[2021-10-21 12:40:26,351] {processor.py:620} INFO - Processing file /opt/anaconda3/envs/af2/lib/python3.8/site-packages/airflow/example_dags/example_short_circuit_operator.py for tasks to queue
[2021-10-21 12:40:26,351] {logging_mixin.py:109} INFO - [2021-10-21 12:40:26,351] {dagbag.py:500} INFO - Filling up the DagBag from /opt/anaconda3/envs/af2/lib/python3.8/site-packages/airflow/example_dags/example_short_circuit_operator.py
[2021-10-21 12:40:26,382] {processor.py:632} INFO - DAG(s) dict_keys(['example_short_circuit_operator']) retrieved from /opt/anaconda3/envs/af2/lib/python3.8/site-packages/airflow/example_dags/example_short_circuit_operator.py
[2021-10-21 12:40:26,392] {logging_mixin.py:109} INFO - [2021-10-21 12:40:26,391] {dag.py:2389} INFO - Sync 1 DAGs
[2021-10-21 12:40:26,395] {logging_mixin.py:109} INFO - [2021-10-21 12:40:26,395] {dag.py:2914} INFO - Setting next_dagrun for example_short_circuit_operator to 2021-10-20T10:40:26.395564+00:00
[2021-10-21 12:40:26,399] {processor.py:171} INFO - Processing /opt/anaconda3/envs/af2/lib/python3.8/site-packages/airflow/example_dags/example_short_circuit_operator.py took 0.050 seconds
[2021-10-21 12:41:52,273] {processor.py:163} INFO - Started process (PID=26064) to work on /opt/anaconda3/envs/af2/lib/python3.8/site-packages/airflow/example_dags/example_short_circuit_operator.py
[2021-10-21 12:41:52,274] {processor.py:620} INFO - Processing file /opt/anaconda3/envs/af2/lib/python3.8/site-packages/airflow/example_dags/example_short_circuit_operator.py for tasks to queue
[2021-10-21 12:41:52,274] {logging_mixin.py:109} INFO - [2021-10-21 12:41:52,274] {dagbag.py:500} INFO - Filling up the DagBag from /opt/anaconda3/envs/af2/lib/python3.8/site-packages/airflow/example_dags/example_short_circuit_operator.py
[2021-10-21 12:41:52,298] {processor.py:632} INFO - DAG(s) dict_keys(['example_short_circuit_operator']) retrieved from /opt/anaconda3/envs/af2/lib/python3.8/site-packages/airflow/example_dags/example_short_circuit_operator.py
[2021-10-21 12:41:52,307] {logging_mixin.py:109} INFO - [2021-10-21 12:41:52,307] {dag.py:2389} INFO - Sync 1 DAGs
[2021-10-21 12:41:52,311] {logging_mixin.py:109} INFO - [2021-10-21 12:41:52,311] {dag.py:2914} INFO - Setting next_dagrun for example_short_circuit_operator to 2021-10-20T10:41:52.311387+00:00
[2021-10-21 12:41:52,315] {processor.py:171} INFO - Processing /opt/anaconda3/envs/af2/lib/python3.8/site-packages/airflow/example_dags/example_short_circuit_operator.py took 0.042 seconds
[2021-10-21 12:43:17,319] {processor.py:163} INFO - Started process (PID=26165) to work on /opt/anaconda3/envs/af2/lib/python3.8/site-packages/airflow/example_dags/example_short_circuit_operator.py
[2021-10-21 12:43:17,321] {processor.py:620} INFO - Processing file /opt/anaconda3/envs/af2/lib/python3.8/site-packages/airflow/example_dags/example_short_circuit_operator.py for tasks to queue
[2021-10-21 12:43:17,321] {logging_mixin.py:109} INFO - [2021-10-21 12:43:17,321] {dagbag.py:500} INFO - Filling up the DagBag from /opt/anaconda3/envs/af2/lib/python3.8/site-packages/airflow/example_dags/example_short_circuit_operator.py
[2021-10-21 12:43:17,345] {processor.py:632} INFO - DAG(s) dict_keys(['example_short_circuit_operator']) retrieved from /opt/anaconda3/envs/af2/lib/python3.8/site-packages/airflow/example_dags/example_short_circuit_operator.py
[2021-10-21 12:43:17,354] {logging_mixin.py:109} INFO - [2021-10-21 12:43:17,354] {dag.py:2389} INFO - Sync 1 DAGs
[2021-10-21 12:43:17,358] {logging_mixin.py:109} INFO - [2021-10-21 12:43:17,358] {dag.py:2914} INFO - Setting next_dagrun for example_short_circuit_operator to 2021-10-20T10:43:17.358468+00:00
[2021-10-21 12:43:17,362] {processor.py:171} INFO - Processing /opt/anaconda3/envs/af2/lib/python3.8/site-packages/airflow/example_dags/example_short_circuit_operator.py took 0.044 seconds
[2021-10-21 12:45:10,048] {processor.py:163} INFO - Started process (PID=26310) to work on /opt/anaconda3/envs/af2/lib/python3.8/site-packages/airflow/example_dags/example_short_circuit_operator.py
[2021-10-21 12:45:10,050] {processor.py:620} INFO - Processing file /opt/anaconda3/envs/af2/lib/python3.8/site-packages/airflow/example_dags/example_short_circuit_operator.py for tasks to queue
[2021-10-21 12:45:10,050] {logging_mixin.py:109} INFO - [2021-10-21 12:45:10,050] {dagbag.py:500} INFO - Filling up the DagBag from /opt/anaconda3/envs/af2/lib/python3.8/site-packages/airflow/example_dags/example_short_circuit_operator.py
[2021-10-21 12:45:10,075] {processor.py:632} INFO - DAG(s) dict_keys(['example_short_circuit_operator']) retrieved from /opt/anaconda3/envs/af2/lib/python3.8/site-packages/airflow/example_dags/example_short_circuit_operator.py
[2021-10-21 12:45:10,084] {logging_mixin.py:109} INFO - [2021-10-21 12:45:10,084] {dag.py:2389} INFO - Sync 1 DAGs
[2021-10-21 12:45:10,087] {logging_mixin.py:109} INFO - [2021-10-21 12:45:10,087] {dag.py:2914} INFO - Setting next_dagrun for example_short_circuit_operator to 2021-10-20T10:45:10.087728+00:00
[2021-10-21 12:45:10,091] {processor.py:171} INFO - Processing /opt/anaconda3/envs/af2/lib/python3.8/site-packages/airflow/example_dags/example_short_circuit_operator.py took 0.043 seconds
[2021-10-21 12:46:23,959] {processor.py:163} INFO - Started process (PID=26450) to work on /opt/anaconda3/envs/af2/lib/python3.8/site-packages/airflow/example_dags/example_short_circuit_operator.py
[2021-10-21 12:46:23,960] {processor.py:620} INFO - Processing file /opt/anaconda3/envs/af2/lib/python3.8/site-packages/airflow/example_dags/example_short_circuit_operator.py for tasks to queue
[2021-10-21 12:46:23,960] {logging_mixin.py:109} INFO - [2021-10-21 12:46:23,960] {dagbag.py:500} INFO - Filling up the DagBag from /opt/anaconda3/envs/af2/lib/python3.8/site-packages/airflow/example_dags/example_short_circuit_operator.py
[2021-10-21 12:46:23,984] {processor.py:632} INFO - DAG(s) dict_keys(['example_short_circuit_operator']) retrieved from /opt/anaconda3/envs/af2/lib/python3.8/site-packages/airflow/example_dags/example_short_circuit_operator.py
[2021-10-21 12:46:23,994] {logging_mixin.py:109} INFO - [2021-10-21 12:46:23,994] {dag.py:2389} INFO - Sync 1 DAGs
[2021-10-21 12:46:23,998] {logging_mixin.py:109} INFO - [2021-10-21 12:46:23,998] {dag.py:2914} INFO - Setting next_dagrun for example_short_circuit_operator to 2021-10-20T10:46:23.998176+00:00
[2021-10-21 12:46:24,002] {processor.py:171} INFO - Processing /opt/anaconda3/envs/af2/lib/python3.8/site-packages/airflow/example_dags/example_short_circuit_operator.py took 0.044 seconds
[2021-10-21 12:47:50,594] {processor.py:163} INFO - Started process (PID=26667) to work on /opt/anaconda3/envs/af2/lib/python3.8/site-packages/airflow/example_dags/example_short_circuit_operator.py
[2021-10-21 12:47:50,595] {processor.py:620} INFO - Processing file /opt/anaconda3/envs/af2/lib/python3.8/site-packages/airflow/example_dags/example_short_circuit_operator.py for tasks to queue
[2021-10-21 12:47:50,596] {logging_mixin.py:109} INFO - [2021-10-21 12:47:50,596] {dagbag.py:500} INFO - Filling up the DagBag from /opt/anaconda3/envs/af2/lib/python3.8/site-packages/airflow/example_dags/example_short_circuit_operator.py
[2021-10-21 12:47:50,623] {processor.py:632} INFO - DAG(s) dict_keys(['example_short_circuit_operator']) retrieved from /opt/anaconda3/envs/af2/lib/python3.8/site-packages/airflow/example_dags/example_short_circuit_operator.py
[2021-10-21 12:47:50,632] {logging_mixin.py:109} INFO - [2021-10-21 12:47:50,632] {dag.py:2389} INFO - Sync 1 DAGs
[2021-10-21 12:47:50,636] {logging_mixin.py:109} INFO - [2021-10-21 12:47:50,636] {dag.py:2914} INFO - Setting next_dagrun for example_short_circuit_operator to 2021-10-20T10:47:50.636431+00:00
[2021-10-21 12:47:50,639] {processor.py:171} INFO - Processing /opt/anaconda3/envs/af2/lib/python3.8/site-packages/airflow/example_dags/example_short_circuit_operator.py took 0.046 seconds
[2021-10-21 12:49:09,560] {processor.py:163} INFO - Started process (PID=26773) to work on /opt/anaconda3/envs/af2/lib/python3.8/site-packages/airflow/example_dags/example_short_circuit_operator.py
[2021-10-21 12:49:09,561] {processor.py:620} INFO - Processing file /opt/anaconda3/envs/af2/lib/python3.8/site-packages/airflow/example_dags/example_short_circuit_operator.py for tasks to queue
[2021-10-21 12:49:09,561] {logging_mixin.py:109} INFO - [2021-10-21 12:49:09,561] {dagbag.py:500} INFO - Filling up the DagBag from /opt/anaconda3/envs/af2/lib/python3.8/site-packages/airflow/example_dags/example_short_circuit_operator.py
[2021-10-21 12:49:09,584] {processor.py:632} INFO - DAG(s) dict_keys(['example_short_circuit_operator']) retrieved from /opt/anaconda3/envs/af2/lib/python3.8/site-packages/airflow/example_dags/example_short_circuit_operator.py
[2021-10-21 12:49:09,593] {logging_mixin.py:109} INFO - [2021-10-21 12:49:09,593] {dag.py:2389} INFO - Sync 1 DAGs
[2021-10-21 12:49:09,597] {logging_mixin.py:109} INFO - [2021-10-21 12:49:09,596] {dag.py:2914} INFO - Setting next_dagrun for example_short_circuit_operator to 2021-10-20T10:49:09.596864+00:00
[2021-10-21 12:49:09,600] {processor.py:171} INFO - Processing /opt/anaconda3/envs/af2/lib/python3.8/site-packages/airflow/example_dags/example_short_circuit_operator.py took 0.041 seconds
[2021-10-21 12:50:24,073] {processor.py:163} INFO - Started process (PID=26908) to work on /opt/anaconda3/envs/af2/lib/python3.8/site-packages/airflow/example_dags/example_short_circuit_operator.py
[2021-10-21 12:50:24,074] {processor.py:620} INFO - Processing file /opt/anaconda3/envs/af2/lib/python3.8/site-packages/airflow/example_dags/example_short_circuit_operator.py for tasks to queue
[2021-10-21 12:50:24,074] {logging_mixin.py:109} INFO - [2021-10-21 12:50:24,074] {dagbag.py:500} INFO - Filling up the DagBag from /opt/anaconda3/envs/af2/lib/python3.8/site-packages/airflow/example_dags/example_short_circuit_operator.py
[2021-10-21 12:50:24,105] {processor.py:632} INFO - DAG(s) dict_keys(['example_short_circuit_operator']) retrieved from /opt/anaconda3/envs/af2/lib/python3.8/site-packages/airflow/example_dags/example_short_circuit_operator.py
[2021-10-21 12:50:24,117] {logging_mixin.py:109} INFO - [2021-10-21 12:50:24,117] {dag.py:2389} INFO - Sync 1 DAGs
[2021-10-21 12:50:24,122] {logging_mixin.py:109} INFO - [2021-10-21 12:50:24,122] {dag.py:2914} INFO - Setting next_dagrun for example_short_circuit_operator to 2021-10-20T10:50:24.121737+00:00
[2021-10-21 12:50:24,126] {processor.py:171} INFO - Processing /opt/anaconda3/envs/af2/lib/python3.8/site-packages/airflow/example_dags/example_short_circuit_operator.py took 0.054 seconds
[2021-10-21 12:51:37,921] {processor.py:163} INFO - Started process (PID=27013) to work on /opt/anaconda3/envs/af2/lib/python3.8/site-packages/airflow/example_dags/example_short_circuit_operator.py
[2021-10-21 12:51:37,921] {processor.py:620} INFO - Processing file /opt/anaconda3/envs/af2/lib/python3.8/site-packages/airflow/example_dags/example_short_circuit_operator.py for tasks to queue
[2021-10-21 12:51:37,921] {logging_mixin.py:109} INFO - [2021-10-21 12:51:37,921] {dagbag.py:500} INFO - Filling up the DagBag from /opt/anaconda3/envs/af2/lib/python3.8/site-packages/airflow/example_dags/example_short_circuit_operator.py
[2021-10-21 12:51:37,945] {processor.py:632} INFO - DAG(s) dict_keys(['example_short_circuit_operator']) retrieved from /opt/anaconda3/envs/af2/lib/python3.8/site-packages/airflow/example_dags/example_short_circuit_operator.py
[2021-10-21 12:51:37,954] {logging_mixin.py:109} INFO - [2021-10-21 12:51:37,954] {dag.py:2389} INFO - Sync 1 DAGs
[2021-10-21 12:51:37,957] {logging_mixin.py:109} INFO - [2021-10-21 12:51:37,957] {dag.py:2914} INFO - Setting next_dagrun for example_short_circuit_operator to 2021-10-20T10:51:37.957772+00:00
[2021-10-21 12:51:37,961] {processor.py:171} INFO - Processing /opt/anaconda3/envs/af2/lib/python3.8/site-packages/airflow/example_dags/example_short_circuit_operator.py took 0.041 seconds
[2021-10-21 12:52:40,648] {processor.py:163} INFO - Started process (PID=27090) to work on /opt/anaconda3/envs/af2/lib/python3.8/site-packages/airflow/example_dags/example_short_circuit_operator.py
[2021-10-21 12:52:40,648] {processor.py:620} INFO - Processing file /opt/anaconda3/envs/af2/lib/python3.8/site-packages/airflow/example_dags/example_short_circuit_operator.py for tasks to queue
[2021-10-21 12:52:40,649] {logging_mixin.py:109} INFO - [2021-10-21 12:52:40,649] {dagbag.py:500} INFO - Filling up the DagBag from /opt/anaconda3/envs/af2/lib/python3.8/site-packages/airflow/example_dags/example_short_circuit_operator.py
[2021-10-21 12:52:40,673] {processor.py:632} INFO - DAG(s) dict_keys(['example_short_circuit_operator']) retrieved from /opt/anaconda3/envs/af2/lib/python3.8/site-packages/airflow/example_dags/example_short_circuit_operator.py
[2021-10-21 12:52:40,683] {logging_mixin.py:109} INFO - [2021-10-21 12:52:40,683] {dag.py:2389} INFO - Sync 1 DAGs
[2021-10-21 12:52:40,687] {logging_mixin.py:109} INFO - [2021-10-21 12:52:40,687] {dag.py:2914} INFO - Setting next_dagrun for example_short_circuit_operator to 2021-10-20T10:52:40.687151+00:00
[2021-10-21 12:52:40,691] {processor.py:171} INFO - Processing /opt/anaconda3/envs/af2/lib/python3.8/site-packages/airflow/example_dags/example_short_circuit_operator.py took 0.044 seconds
[2021-10-21 12:53:53,673] {processor.py:163} INFO - Started process (PID=27184) to work on /opt/anaconda3/envs/af2/lib/python3.8/site-packages/airflow/example_dags/example_short_circuit_operator.py
[2021-10-21 12:53:53,674] {processor.py:620} INFO - Processing file /opt/anaconda3/envs/af2/lib/python3.8/site-packages/airflow/example_dags/example_short_circuit_operator.py for tasks to queue
[2021-10-21 12:53:53,675] {logging_mixin.py:109} INFO - [2021-10-21 12:53:53,675] {dagbag.py:500} INFO - Filling up the DagBag from /opt/anaconda3/envs/af2/lib/python3.8/site-packages/airflow/example_dags/example_short_circuit_operator.py
[2021-10-21 12:53:53,699] {processor.py:632} INFO - DAG(s) dict_keys(['example_short_circuit_operator']) retrieved from /opt/anaconda3/envs/af2/lib/python3.8/site-packages/airflow/example_dags/example_short_circuit_operator.py
[2021-10-21 12:53:53,709] {logging_mixin.py:109} INFO - [2021-10-21 12:53:53,709] {dag.py:2389} INFO - Sync 1 DAGs
[2021-10-21 12:53:53,712] {logging_mixin.py:109} INFO - [2021-10-21 12:53:53,712] {dag.py:2914} INFO - Setting next_dagrun for example_short_circuit_operator to 2021-10-20T10:53:53.712828+00:00
[2021-10-21 12:53:53,716] {processor.py:171} INFO - Processing /opt/anaconda3/envs/af2/lib/python3.8/site-packages/airflow/example_dags/example_short_circuit_operator.py took 0.044 seconds
[2021-10-21 12:55:21,881] {processor.py:163} INFO - Started process (PID=27287) to work on /opt/anaconda3/envs/af2/lib/python3.8/site-packages/airflow/example_dags/example_short_circuit_operator.py
[2021-10-21 12:55:21,882] {processor.py:620} INFO - Processing file /opt/anaconda3/envs/af2/lib/python3.8/site-packages/airflow/example_dags/example_short_circuit_operator.py for tasks to queue
[2021-10-21 12:55:21,882] {logging_mixin.py:109} INFO - [2021-10-21 12:55:21,882] {dagbag.py:500} INFO - Filling up the DagBag from /opt/anaconda3/envs/af2/lib/python3.8/site-packages/airflow/example_dags/example_short_circuit_operator.py
[2021-10-21 12:55:21,905] {processor.py:632} INFO - DAG(s) dict_keys(['example_short_circuit_operator']) retrieved from /opt/anaconda3/envs/af2/lib/python3.8/site-packages/airflow/example_dags/example_short_circuit_operator.py
[2021-10-21 12:55:21,914] {logging_mixin.py:109} INFO - [2021-10-21 12:55:21,914] {dag.py:2389} INFO - Sync 1 DAGs
[2021-10-21 12:55:21,918] {logging_mixin.py:109} INFO - [2021-10-21 12:55:21,918] {dag.py:2914} INFO - Setting next_dagrun for example_short_circuit_operator to 2021-10-20T10:55:21.918253+00:00
[2021-10-21 12:55:21,921] {processor.py:171} INFO - Processing /opt/anaconda3/envs/af2/lib/python3.8/site-packages/airflow/example_dags/example_short_circuit_operator.py took 0.041 seconds
[2021-10-21 12:56:48,666] {processor.py:163} INFO - Started process (PID=27394) to work on /opt/anaconda3/envs/af2/lib/python3.8/site-packages/airflow/example_dags/example_short_circuit_operator.py
[2021-10-21 12:56:48,667] {processor.py:620} INFO - Processing file /opt/anaconda3/envs/af2/lib/python3.8/site-packages/airflow/example_dags/example_short_circuit_operator.py for tasks to queue
[2021-10-21 12:56:48,667] {logging_mixin.py:109} INFO - [2021-10-21 12:56:48,667] {dagbag.py:500} INFO - Filling up the DagBag from /opt/anaconda3/envs/af2/lib/python3.8/site-packages/airflow/example_dags/example_short_circuit_operator.py
[2021-10-21 12:56:48,690] {processor.py:632} INFO - DAG(s) dict_keys(['example_short_circuit_operator']) retrieved from /opt/anaconda3/envs/af2/lib/python3.8/site-packages/airflow/example_dags/example_short_circuit_operator.py
[2021-10-21 12:56:48,699] {logging_mixin.py:109} INFO - [2021-10-21 12:56:48,699] {dag.py:2389} INFO - Sync 1 DAGs
[2021-10-21 12:56:48,703] {logging_mixin.py:109} INFO - [2021-10-21 12:56:48,703] {dag.py:2914} INFO - Setting next_dagrun for example_short_circuit_operator to 2021-10-20T10:56:48.703059+00:00
[2021-10-21 12:56:48,706] {processor.py:171} INFO - Processing /opt/anaconda3/envs/af2/lib/python3.8/site-packages/airflow/example_dags/example_short_circuit_operator.py took 0.041 seconds
[2021-10-21 12:58:20,526] {processor.py:163} INFO - Started process (PID=27506) to work on /opt/anaconda3/envs/af2/lib/python3.8/site-packages/airflow/example_dags/example_short_circuit_operator.py
[2021-10-21 12:58:20,528] {processor.py:620} INFO - Processing file /opt/anaconda3/envs/af2/lib/python3.8/site-packages/airflow/example_dags/example_short_circuit_operator.py for tasks to queue
[2021-10-21 12:58:20,528] {logging_mixin.py:109} INFO - [2021-10-21 12:58:20,528] {dagbag.py:500} INFO - Filling up the DagBag from /opt/anaconda3/envs/af2/lib/python3.8/site-packages/airflow/example_dags/example_short_circuit_operator.py
[2021-10-21 12:58:20,551] {processor.py:632} INFO - DAG(s) dict_keys(['example_short_circuit_operator']) retrieved from /opt/anaconda3/envs/af2/lib/python3.8/site-packages/airflow/example_dags/example_short_circuit_operator.py
[2021-10-21 12:58:20,561] {logging_mixin.py:109} INFO - [2021-10-21 12:58:20,561] {dag.py:2389} INFO - Sync 1 DAGs
[2021-10-21 12:58:20,565] {logging_mixin.py:109} INFO - [2021-10-21 12:58:20,564] {dag.py:2914} INFO - Setting next_dagrun for example_short_circuit_operator to 2021-10-20T10:58:20.564875+00:00
[2021-10-21 12:58:20,568] {processor.py:171} INFO - Processing /opt/anaconda3/envs/af2/lib/python3.8/site-packages/airflow/example_dags/example_short_circuit_operator.py took 0.043 seconds
[2021-10-21 12:59:49,525] {processor.py:163} INFO - Started process (PID=27613) to work on /opt/anaconda3/envs/af2/lib/python3.8/site-packages/airflow/example_dags/example_short_circuit_operator.py
[2021-10-21 12:59:49,526] {processor.py:620} INFO - Processing file /opt/anaconda3/envs/af2/lib/python3.8/site-packages/airflow/example_dags/example_short_circuit_operator.py for tasks to queue
[2021-10-21 12:59:49,526] {logging_mixin.py:109} INFO - [2021-10-21 12:59:49,526] {dagbag.py:500} INFO - Filling up the DagBag from /opt/anaconda3/envs/af2/lib/python3.8/site-packages/airflow/example_dags/example_short_circuit_operator.py
[2021-10-21 12:59:49,550] {processor.py:632} INFO - DAG(s) dict_keys(['example_short_circuit_operator']) retrieved from /opt/anaconda3/envs/af2/lib/python3.8/site-packages/airflow/example_dags/example_short_circuit_operator.py
[2021-10-21 12:59:49,559] {logging_mixin.py:109} INFO - [2021-10-21 12:59:49,558] {dag.py:2389} INFO - Sync 1 DAGs
[2021-10-21 12:59:49,562] {logging_mixin.py:109} INFO - [2021-10-21 12:59:49,562] {dag.py:2914} INFO - Setting next_dagrun for example_short_circuit_operator to 2021-10-20T10:59:49.562531+00:00
[2021-10-21 12:59:49,566] {processor.py:171} INFO - Processing /opt/anaconda3/envs/af2/lib/python3.8/site-packages/airflow/example_dags/example_short_circuit_operator.py took 0.042 seconds
[2021-10-21 13:01:22,727] {processor.py:163} INFO - Started process (PID=27709) to work on /opt/anaconda3/envs/af2/lib/python3.8/site-packages/airflow/example_dags/example_short_circuit_operator.py
[2021-10-21 13:01:22,727] {processor.py:620} INFO - Processing file /opt/anaconda3/envs/af2/lib/python3.8/site-packages/airflow/example_dags/example_short_circuit_operator.py for tasks to queue
[2021-10-21 13:01:22,728] {logging_mixin.py:109} INFO - [2021-10-21 13:01:22,728] {dagbag.py:500} INFO - Filling up the DagBag from /opt/anaconda3/envs/af2/lib/python3.8/site-packages/airflow/example_dags/example_short_circuit_operator.py
[2021-10-21 13:01:22,753] {processor.py:632} INFO - DAG(s) dict_keys(['example_short_circuit_operator']) retrieved from /opt/anaconda3/envs/af2/lib/python3.8/site-packages/airflow/example_dags/example_short_circuit_operator.py
[2021-10-21 13:01:22,762] {logging_mixin.py:109} INFO - [2021-10-21 13:01:22,762] {dag.py:2389} INFO - Sync 1 DAGs
[2021-10-21 13:01:22,766] {logging_mixin.py:109} INFO - [2021-10-21 13:01:22,766] {dag.py:2914} INFO - Setting next_dagrun for example_short_circuit_operator to 2021-10-20T11:01:22.766395+00:00
[2021-10-21 13:01:22,770] {processor.py:171} INFO - Processing /opt/anaconda3/envs/af2/lib/python3.8/site-packages/airflow/example_dags/example_short_circuit_operator.py took 0.044 seconds
[2021-10-21 13:02:52,946] {processor.py:163} INFO - Started process (PID=27842) to work on /opt/anaconda3/envs/af2/lib/python3.8/site-packages/airflow/example_dags/example_short_circuit_operator.py
[2021-10-21 13:02:52,947] {processor.py:620} INFO - Processing file /opt/anaconda3/envs/af2/lib/python3.8/site-packages/airflow/example_dags/example_short_circuit_operator.py for tasks to queue
[2021-10-21 13:02:52,947] {logging_mixin.py:109} INFO - [2021-10-21 13:02:52,947] {dagbag.py:500} INFO - Filling up the DagBag from /opt/anaconda3/envs/af2/lib/python3.8/site-packages/airflow/example_dags/example_short_circuit_operator.py
[2021-10-21 13:02:52,970] {processor.py:632} INFO - DAG(s) dict_keys(['example_short_circuit_operator']) retrieved from /opt/anaconda3/envs/af2/lib/python3.8/site-packages/airflow/example_dags/example_short_circuit_operator.py
[2021-10-21 13:02:52,979] {logging_mixin.py:109} INFO - [2021-10-21 13:02:52,979] {dag.py:2389} INFO - Sync 1 DAGs
[2021-10-21 13:02:52,982] {logging_mixin.py:109} INFO - [2021-10-21 13:02:52,982] {dag.py:2914} INFO - Setting next_dagrun for example_short_circuit_operator to 2021-10-20T11:02:52.982731+00:00
[2021-10-21 13:02:52,986] {processor.py:171} INFO - Processing /opt/anaconda3/envs/af2/lib/python3.8/site-packages/airflow/example_dags/example_short_circuit_operator.py took 0.040 seconds
[2021-10-21 13:04:21,525] {processor.py:163} INFO - Started process (PID=27949) to work on /opt/anaconda3/envs/af2/lib/python3.8/site-packages/airflow/example_dags/example_short_circuit_operator.py
[2021-10-21 13:04:21,525] {processor.py:620} INFO - Processing file /opt/anaconda3/envs/af2/lib/python3.8/site-packages/airflow/example_dags/example_short_circuit_operator.py for tasks to queue
[2021-10-21 13:04:21,525] {logging_mixin.py:109} INFO - [2021-10-21 13:04:21,525] {dagbag.py:500} INFO - Filling up the DagBag from /opt/anaconda3/envs/af2/lib/python3.8/site-packages/airflow/example_dags/example_short_circuit_operator.py
[2021-10-21 13:04:21,548] {processor.py:632} INFO - DAG(s) dict_keys(['example_short_circuit_operator']) retrieved from /opt/anaconda3/envs/af2/lib/python3.8/site-packages/airflow/example_dags/example_short_circuit_operator.py
[2021-10-21 13:04:21,557] {logging_mixin.py:109} INFO - [2021-10-21 13:04:21,557] {dag.py:2389} INFO - Sync 1 DAGs
[2021-10-21 13:04:21,561] {logging_mixin.py:109} INFO - [2021-10-21 13:04:21,561] {dag.py:2914} INFO - Setting next_dagrun for example_short_circuit_operator to 2021-10-20T11:04:21.561420+00:00
[2021-10-21 13:04:21,564] {processor.py:171} INFO - Processing /opt/anaconda3/envs/af2/lib/python3.8/site-packages/airflow/example_dags/example_short_circuit_operator.py took 0.041 seconds
[2021-10-21 13:05:53,229] {processor.py:163} INFO - Started process (PID=28071) to work on /opt/anaconda3/envs/af2/lib/python3.8/site-packages/airflow/example_dags/example_short_circuit_operator.py
[2021-10-21 13:05:53,229] {processor.py:620} INFO - Processing file /opt/anaconda3/envs/af2/lib/python3.8/site-packages/airflow/example_dags/example_short_circuit_operator.py for tasks to queue
[2021-10-21 13:05:53,230] {logging_mixin.py:109} INFO - [2021-10-21 13:05:53,230] {dagbag.py:500} INFO - Filling up the DagBag from /opt/anaconda3/envs/af2/lib/python3.8/site-packages/airflow/example_dags/example_short_circuit_operator.py
[2021-10-21 13:05:53,254] {processor.py:632} INFO - DAG(s) dict_keys(['example_short_circuit_operator']) retrieved from /opt/anaconda3/envs/af2/lib/python3.8/site-packages/airflow/example_dags/example_short_circuit_operator.py
[2021-10-21 13:05:53,264] {logging_mixin.py:109} INFO - [2021-10-21 13:05:53,264] {dag.py:2389} INFO - Sync 1 DAGs
[2021-10-21 13:05:53,268] {logging_mixin.py:109} INFO - [2021-10-21 13:05:53,268] {dag.py:2914} INFO - Setting next_dagrun for example_short_circuit_operator to 2021-10-20T11:05:53.268121+00:00
[2021-10-21 13:05:53,272] {processor.py:171} INFO - Processing /opt/anaconda3/envs/af2/lib/python3.8/site-packages/airflow/example_dags/example_short_circuit_operator.py took 0.044 seconds
[2021-10-21 13:07:22,857] {processor.py:163} INFO - Started process (PID=28210) to work on /opt/anaconda3/envs/af2/lib/python3.8/site-packages/airflow/example_dags/example_short_circuit_operator.py
[2021-10-21 13:07:22,857] {processor.py:620} INFO - Processing file /opt/anaconda3/envs/af2/lib/python3.8/site-packages/airflow/example_dags/example_short_circuit_operator.py for tasks to queue
[2021-10-21 13:07:22,858] {logging_mixin.py:109} INFO - [2021-10-21 13:07:22,857] {dagbag.py:500} INFO - Filling up the DagBag from /opt/anaconda3/envs/af2/lib/python3.8/site-packages/airflow/example_dags/example_short_circuit_operator.py
[2021-10-21 13:07:22,881] {processor.py:632} INFO - DAG(s) dict_keys(['example_short_circuit_operator']) retrieved from /opt/anaconda3/envs/af2/lib/python3.8/site-packages/airflow/example_dags/example_short_circuit_operator.py
[2021-10-21 13:07:22,890] {logging_mixin.py:109} INFO - [2021-10-21 13:07:22,890] {dag.py:2389} INFO - Sync 1 DAGs
[2021-10-21 13:07:22,894] {logging_mixin.py:109} INFO - [2021-10-21 13:07:22,894] {dag.py:2914} INFO - Setting next_dagrun for example_short_circuit_operator to 2021-10-20T11:07:22.894294+00:00
[2021-10-21 13:07:22,897] {processor.py:171} INFO - Processing /opt/anaconda3/envs/af2/lib/python3.8/site-packages/airflow/example_dags/example_short_circuit_operator.py took 0.042 seconds
