[2021-10-21 12:02:38,604] {processor.py:163} INFO - Started process (PID=22429) to work on /opt/anaconda3/envs/af2/lib/python3.8/site-packages/airflow/example_dags/example_branch_datetime_operator.py
[2021-10-21 12:02:38,604] {processor.py:620} INFO - Processing file /opt/anaconda3/envs/af2/lib/python3.8/site-packages/airflow/example_dags/example_branch_datetime_operator.py for tasks to queue
[2021-10-21 12:02:38,605] {logging_mixin.py:109} INFO - [2021-10-21 12:02:38,605] {dagbag.py:500} INFO - Filling up the DagBag from /opt/anaconda3/envs/af2/lib/python3.8/site-packages/airflow/example_dags/example_branch_datetime_operator.py
[2021-10-21 12:02:38,622] {processor.py:632} INFO - DAG(s) dict_keys(['example_branch_datetime_operator_2']) retrieved from /opt/anaconda3/envs/af2/lib/python3.8/site-packages/airflow/example_dags/example_branch_datetime_operator.py
[2021-10-21 12:02:38,631] {logging_mixin.py:109} INFO - [2021-10-21 12:02:38,631] {dag.py:2389} INFO - Sync 1 DAGs
[2021-10-21 12:02:38,636] {logging_mixin.py:109} INFO - [2021-10-21 12:02:38,636] {dag.py:2914} INFO - Setting next_dagrun for example_branch_datetime_operator_2 to 2021-10-20 00:00:00+00:00
[2021-10-21 12:02:38,639] {processor.py:171} INFO - Processing /opt/anaconda3/envs/af2/lib/python3.8/site-packages/airflow/example_dags/example_branch_datetime_operator.py took 0.035 seconds
[2021-10-21 12:04:10,835] {processor.py:163} INFO - Started process (PID=22588) to work on /opt/anaconda3/envs/af2/lib/python3.8/site-packages/airflow/example_dags/example_branch_datetime_operator.py
[2021-10-21 12:04:10,836] {processor.py:620} INFO - Processing file /opt/anaconda3/envs/af2/lib/python3.8/site-packages/airflow/example_dags/example_branch_datetime_operator.py for tasks to queue
[2021-10-21 12:04:10,836] {logging_mixin.py:109} INFO - [2021-10-21 12:04:10,836] {dagbag.py:500} INFO - Filling up the DagBag from /opt/anaconda3/envs/af2/lib/python3.8/site-packages/airflow/example_dags/example_branch_datetime_operator.py
[2021-10-21 12:04:10,852] {processor.py:632} INFO - DAG(s) dict_keys(['example_branch_datetime_operator_2']) retrieved from /opt/anaconda3/envs/af2/lib/python3.8/site-packages/airflow/example_dags/example_branch_datetime_operator.py
[2021-10-21 12:04:10,861] {logging_mixin.py:109} INFO - [2021-10-21 12:04:10,861] {dag.py:2389} INFO - Sync 1 DAGs
[2021-10-21 12:04:10,866] {logging_mixin.py:109} INFO - [2021-10-21 12:04:10,866] {dag.py:2914} INFO - Setting next_dagrun for example_branch_datetime_operator_2 to 2021-10-20 00:00:00+00:00
[2021-10-21 12:04:10,869] {processor.py:171} INFO - Processing /opt/anaconda3/envs/af2/lib/python3.8/site-packages/airflow/example_dags/example_branch_datetime_operator.py took 0.035 seconds
[2021-10-21 12:12:26,525] {processor.py:163} INFO - Started process (PID=23130) to work on /opt/anaconda3/envs/af2/lib/python3.8/site-packages/airflow/example_dags/example_branch_datetime_operator.py
[2021-10-21 12:12:26,526] {processor.py:620} INFO - Processing file /opt/anaconda3/envs/af2/lib/python3.8/site-packages/airflow/example_dags/example_branch_datetime_operator.py for tasks to queue
[2021-10-21 12:12:26,526] {logging_mixin.py:109} INFO - [2021-10-21 12:12:26,526] {dagbag.py:500} INFO - Filling up the DagBag from /opt/anaconda3/envs/af2/lib/python3.8/site-packages/airflow/example_dags/example_branch_datetime_operator.py
[2021-10-21 12:12:26,542] {processor.py:632} INFO - DAG(s) dict_keys(['example_branch_datetime_operator_2']) retrieved from /opt/anaconda3/envs/af2/lib/python3.8/site-packages/airflow/example_dags/example_branch_datetime_operator.py
[2021-10-21 12:12:26,552] {logging_mixin.py:109} INFO - [2021-10-21 12:12:26,552] {dag.py:2389} INFO - Sync 1 DAGs
[2021-10-21 12:12:26,556] {logging_mixin.py:109} INFO - [2021-10-21 12:12:26,556] {dag.py:2914} INFO - Setting next_dagrun for example_branch_datetime_operator_2 to 2021-10-20 00:00:00+00:00
[2021-10-21 12:12:26,560] {processor.py:171} INFO - Processing /opt/anaconda3/envs/af2/lib/python3.8/site-packages/airflow/example_dags/example_branch_datetime_operator.py took 0.035 seconds
[2021-10-21 12:13:42,678] {processor.py:163} INFO - Started process (PID=23255) to work on /opt/anaconda3/envs/af2/lib/python3.8/site-packages/airflow/example_dags/example_branch_datetime_operator.py
[2021-10-21 12:13:42,678] {processor.py:620} INFO - Processing file /opt/anaconda3/envs/af2/lib/python3.8/site-packages/airflow/example_dags/example_branch_datetime_operator.py for tasks to queue
[2021-10-21 12:13:42,679] {logging_mixin.py:109} INFO - [2021-10-21 12:13:42,679] {dagbag.py:500} INFO - Filling up the DagBag from /opt/anaconda3/envs/af2/lib/python3.8/site-packages/airflow/example_dags/example_branch_datetime_operator.py
[2021-10-21 12:13:42,696] {processor.py:632} INFO - DAG(s) dict_keys(['example_branch_datetime_operator_2']) retrieved from /opt/anaconda3/envs/af2/lib/python3.8/site-packages/airflow/example_dags/example_branch_datetime_operator.py
[2021-10-21 12:13:42,705] {logging_mixin.py:109} INFO - [2021-10-21 12:13:42,705] {dag.py:2389} INFO - Sync 1 DAGs
[2021-10-21 12:13:42,709] {logging_mixin.py:109} INFO - [2021-10-21 12:13:42,709] {dag.py:2914} INFO - Setting next_dagrun for example_branch_datetime_operator_2 to 2021-10-20 00:00:00+00:00
[2021-10-21 12:13:42,712] {processor.py:171} INFO - Processing /opt/anaconda3/envs/af2/lib/python3.8/site-packages/airflow/example_dags/example_branch_datetime_operator.py took 0.035 seconds
[2021-10-21 12:14:57,783] {processor.py:163} INFO - Started process (PID=23353) to work on /opt/anaconda3/envs/af2/lib/python3.8/site-packages/airflow/example_dags/example_branch_datetime_operator.py
[2021-10-21 12:14:57,785] {processor.py:620} INFO - Processing file /opt/anaconda3/envs/af2/lib/python3.8/site-packages/airflow/example_dags/example_branch_datetime_operator.py for tasks to queue
[2021-10-21 12:14:57,785] {logging_mixin.py:109} INFO - [2021-10-21 12:14:57,785] {dagbag.py:500} INFO - Filling up the DagBag from /opt/anaconda3/envs/af2/lib/python3.8/site-packages/airflow/example_dags/example_branch_datetime_operator.py
[2021-10-21 12:14:57,801] {processor.py:632} INFO - DAG(s) dict_keys(['example_branch_datetime_operator_2']) retrieved from /opt/anaconda3/envs/af2/lib/python3.8/site-packages/airflow/example_dags/example_branch_datetime_operator.py
[2021-10-21 12:14:57,810] {logging_mixin.py:109} INFO - [2021-10-21 12:14:57,810] {dag.py:2389} INFO - Sync 1 DAGs
[2021-10-21 12:14:57,814] {logging_mixin.py:109} INFO - [2021-10-21 12:14:57,814] {dag.py:2914} INFO - Setting next_dagrun for example_branch_datetime_operator_2 to 2021-10-20 00:00:00+00:00
[2021-10-21 12:14:57,817] {processor.py:171} INFO - Processing /opt/anaconda3/envs/af2/lib/python3.8/site-packages/airflow/example_dags/example_branch_datetime_operator.py took 0.034 seconds
[2021-10-21 12:16:14,832] {processor.py:163} INFO - Started process (PID=23491) to work on /opt/anaconda3/envs/af2/lib/python3.8/site-packages/airflow/example_dags/example_branch_datetime_operator.py
[2021-10-21 12:16:14,833] {processor.py:620} INFO - Processing file /opt/anaconda3/envs/af2/lib/python3.8/site-packages/airflow/example_dags/example_branch_datetime_operator.py for tasks to queue
[2021-10-21 12:16:14,833] {logging_mixin.py:109} INFO - [2021-10-21 12:16:14,833] {dagbag.py:500} INFO - Filling up the DagBag from /opt/anaconda3/envs/af2/lib/python3.8/site-packages/airflow/example_dags/example_branch_datetime_operator.py
[2021-10-21 12:16:14,850] {processor.py:632} INFO - DAG(s) dict_keys(['example_branch_datetime_operator_2']) retrieved from /opt/anaconda3/envs/af2/lib/python3.8/site-packages/airflow/example_dags/example_branch_datetime_operator.py
[2021-10-21 12:16:14,859] {logging_mixin.py:109} INFO - [2021-10-21 12:16:14,859] {dag.py:2389} INFO - Sync 1 DAGs
[2021-10-21 12:16:14,864] {logging_mixin.py:109} INFO - [2021-10-21 12:16:14,864] {dag.py:2914} INFO - Setting next_dagrun for example_branch_datetime_operator_2 to 2021-10-20 00:00:00+00:00
[2021-10-21 12:16:14,867] {processor.py:171} INFO - Processing /opt/anaconda3/envs/af2/lib/python3.8/site-packages/airflow/example_dags/example_branch_datetime_operator.py took 0.036 seconds
[2021-10-21 12:17:29,150] {processor.py:163} INFO - Started process (PID=23596) to work on /opt/anaconda3/envs/af2/lib/python3.8/site-packages/airflow/example_dags/example_branch_datetime_operator.py
[2021-10-21 12:17:29,151] {processor.py:620} INFO - Processing file /opt/anaconda3/envs/af2/lib/python3.8/site-packages/airflow/example_dags/example_branch_datetime_operator.py for tasks to queue
[2021-10-21 12:17:29,151] {logging_mixin.py:109} INFO - [2021-10-21 12:17:29,151] {dagbag.py:500} INFO - Filling up the DagBag from /opt/anaconda3/envs/af2/lib/python3.8/site-packages/airflow/example_dags/example_branch_datetime_operator.py
[2021-10-21 12:17:29,168] {processor.py:632} INFO - DAG(s) dict_keys(['example_branch_datetime_operator_2']) retrieved from /opt/anaconda3/envs/af2/lib/python3.8/site-packages/airflow/example_dags/example_branch_datetime_operator.py
[2021-10-21 12:17:29,177] {logging_mixin.py:109} INFO - [2021-10-21 12:17:29,177] {dag.py:2389} INFO - Sync 1 DAGs
[2021-10-21 12:17:29,182] {logging_mixin.py:109} INFO - [2021-10-21 12:17:29,181] {dag.py:2914} INFO - Setting next_dagrun for example_branch_datetime_operator_2 to 2021-10-20 00:00:00+00:00
[2021-10-21 12:17:29,185] {processor.py:171} INFO - Processing /opt/anaconda3/envs/af2/lib/python3.8/site-packages/airflow/example_dags/example_branch_datetime_operator.py took 0.036 seconds
[2021-10-21 12:18:43,445] {processor.py:163} INFO - Started process (PID=23772) to work on /opt/anaconda3/envs/af2/lib/python3.8/site-packages/airflow/example_dags/example_branch_datetime_operator.py
[2021-10-21 12:18:43,445] {processor.py:620} INFO - Processing file /opt/anaconda3/envs/af2/lib/python3.8/site-packages/airflow/example_dags/example_branch_datetime_operator.py for tasks to queue
[2021-10-21 12:18:43,445] {logging_mixin.py:109} INFO - [2021-10-21 12:18:43,445] {dagbag.py:500} INFO - Filling up the DagBag from /opt/anaconda3/envs/af2/lib/python3.8/site-packages/airflow/example_dags/example_branch_datetime_operator.py
[2021-10-21 12:18:43,462] {processor.py:632} INFO - DAG(s) dict_keys(['example_branch_datetime_operator_2']) retrieved from /opt/anaconda3/envs/af2/lib/python3.8/site-packages/airflow/example_dags/example_branch_datetime_operator.py
[2021-10-21 12:18:43,472] {logging_mixin.py:109} INFO - [2021-10-21 12:18:43,471] {dag.py:2389} INFO - Sync 1 DAGs
[2021-10-21 12:18:43,476] {logging_mixin.py:109} INFO - [2021-10-21 12:18:43,476] {dag.py:2914} INFO - Setting next_dagrun for example_branch_datetime_operator_2 to 2021-10-20 00:00:00+00:00
[2021-10-21 12:18:43,480] {processor.py:171} INFO - Processing /opt/anaconda3/envs/af2/lib/python3.8/site-packages/airflow/example_dags/example_branch_datetime_operator.py took 0.036 seconds
[2021-10-21 12:19:57,045] {processor.py:163} INFO - Started process (PID=23892) to work on /opt/anaconda3/envs/af2/lib/python3.8/site-packages/airflow/example_dags/example_branch_datetime_operator.py
[2021-10-21 12:19:57,046] {processor.py:620} INFO - Processing file /opt/anaconda3/envs/af2/lib/python3.8/site-packages/airflow/example_dags/example_branch_datetime_operator.py for tasks to queue
[2021-10-21 12:19:57,046] {logging_mixin.py:109} INFO - [2021-10-21 12:19:57,046] {dagbag.py:500} INFO - Filling up the DagBag from /opt/anaconda3/envs/af2/lib/python3.8/site-packages/airflow/example_dags/example_branch_datetime_operator.py
[2021-10-21 12:19:57,063] {processor.py:632} INFO - DAG(s) dict_keys(['example_branch_datetime_operator_2']) retrieved from /opt/anaconda3/envs/af2/lib/python3.8/site-packages/airflow/example_dags/example_branch_datetime_operator.py
[2021-10-21 12:19:57,072] {logging_mixin.py:109} INFO - [2021-10-21 12:19:57,072] {dag.py:2389} INFO - Sync 1 DAGs
[2021-10-21 12:19:57,076] {logging_mixin.py:109} INFO - [2021-10-21 12:19:57,076] {dag.py:2914} INFO - Setting next_dagrun for example_branch_datetime_operator_2 to 2021-10-20 00:00:00+00:00
[2021-10-21 12:19:57,079] {processor.py:171} INFO - Processing /opt/anaconda3/envs/af2/lib/python3.8/site-packages/airflow/example_dags/example_branch_datetime_operator.py took 0.035 seconds
[2021-10-21 12:21:08,902] {processor.py:163} INFO - Started process (PID=24056) to work on /opt/anaconda3/envs/af2/lib/python3.8/site-packages/airflow/example_dags/example_branch_datetime_operator.py
[2021-10-21 12:21:08,903] {processor.py:620} INFO - Processing file /opt/anaconda3/envs/af2/lib/python3.8/site-packages/airflow/example_dags/example_branch_datetime_operator.py for tasks to queue
[2021-10-21 12:21:08,904] {logging_mixin.py:109} INFO - [2021-10-21 12:21:08,904] {dagbag.py:500} INFO - Filling up the DagBag from /opt/anaconda3/envs/af2/lib/python3.8/site-packages/airflow/example_dags/example_branch_datetime_operator.py
[2021-10-21 12:21:08,920] {processor.py:632} INFO - DAG(s) dict_keys(['example_branch_datetime_operator_2']) retrieved from /opt/anaconda3/envs/af2/lib/python3.8/site-packages/airflow/example_dags/example_branch_datetime_operator.py
[2021-10-21 12:21:08,929] {logging_mixin.py:109} INFO - [2021-10-21 12:21:08,929] {dag.py:2389} INFO - Sync 1 DAGs
[2021-10-21 12:21:08,933] {logging_mixin.py:109} INFO - [2021-10-21 12:21:08,933] {dag.py:2914} INFO - Setting next_dagrun for example_branch_datetime_operator_2 to 2021-10-20 00:00:00+00:00
[2021-10-21 12:21:08,936] {processor.py:171} INFO - Processing /opt/anaconda3/envs/af2/lib/python3.8/site-packages/airflow/example_dags/example_branch_datetime_operator.py took 0.034 seconds
[2021-10-21 12:22:14,402] {processor.py:163} INFO - Started process (PID=24160) to work on /opt/anaconda3/envs/af2/lib/python3.8/site-packages/airflow/example_dags/example_branch_datetime_operator.py
[2021-10-21 12:22:14,402] {processor.py:620} INFO - Processing file /opt/anaconda3/envs/af2/lib/python3.8/site-packages/airflow/example_dags/example_branch_datetime_operator.py for tasks to queue
[2021-10-21 12:22:14,402] {logging_mixin.py:109} INFO - [2021-10-21 12:22:14,402] {dagbag.py:500} INFO - Filling up the DagBag from /opt/anaconda3/envs/af2/lib/python3.8/site-packages/airflow/example_dags/example_branch_datetime_operator.py
[2021-10-21 12:22:14,419] {processor.py:632} INFO - DAG(s) dict_keys(['example_branch_datetime_operator_2']) retrieved from /opt/anaconda3/envs/af2/lib/python3.8/site-packages/airflow/example_dags/example_branch_datetime_operator.py
[2021-10-21 12:22:14,428] {logging_mixin.py:109} INFO - [2021-10-21 12:22:14,428] {dag.py:2389} INFO - Sync 1 DAGs
[2021-10-21 12:22:14,433] {logging_mixin.py:109} INFO - [2021-10-21 12:22:14,433] {dag.py:2914} INFO - Setting next_dagrun for example_branch_datetime_operator_2 to 2021-10-20 00:00:00+00:00
[2021-10-21 12:22:14,436] {processor.py:171} INFO - Processing /opt/anaconda3/envs/af2/lib/python3.8/site-packages/airflow/example_dags/example_branch_datetime_operator.py took 0.035 seconds
[2021-10-21 12:23:26,590] {processor.py:163} INFO - Started process (PID=24330) to work on /opt/anaconda3/envs/af2/lib/python3.8/site-packages/airflow/example_dags/example_branch_datetime_operator.py
[2021-10-21 12:23:26,590] {processor.py:620} INFO - Processing file /opt/anaconda3/envs/af2/lib/python3.8/site-packages/airflow/example_dags/example_branch_datetime_operator.py for tasks to queue
[2021-10-21 12:23:26,591] {logging_mixin.py:109} INFO - [2021-10-21 12:23:26,591] {dagbag.py:500} INFO - Filling up the DagBag from /opt/anaconda3/envs/af2/lib/python3.8/site-packages/airflow/example_dags/example_branch_datetime_operator.py
[2021-10-21 12:23:26,609] {processor.py:632} INFO - DAG(s) dict_keys(['example_branch_datetime_operator_2']) retrieved from /opt/anaconda3/envs/af2/lib/python3.8/site-packages/airflow/example_dags/example_branch_datetime_operator.py
[2021-10-21 12:23:26,619] {logging_mixin.py:109} INFO - [2021-10-21 12:23:26,619] {dag.py:2389} INFO - Sync 1 DAGs
[2021-10-21 12:23:26,625] {logging_mixin.py:109} INFO - [2021-10-21 12:23:26,625] {dag.py:2914} INFO - Setting next_dagrun for example_branch_datetime_operator_2 to 2021-10-20 00:00:00+00:00
[2021-10-21 12:23:26,630] {processor.py:171} INFO - Processing /opt/anaconda3/envs/af2/lib/python3.8/site-packages/airflow/example_dags/example_branch_datetime_operator.py took 0.040 seconds
[2021-10-21 12:24:41,121] {processor.py:163} INFO - Started process (PID=24423) to work on /opt/anaconda3/envs/af2/lib/python3.8/site-packages/airflow/example_dags/example_branch_datetime_operator.py
[2021-10-21 12:24:41,122] {processor.py:620} INFO - Processing file /opt/anaconda3/envs/af2/lib/python3.8/site-packages/airflow/example_dags/example_branch_datetime_operator.py for tasks to queue
[2021-10-21 12:24:41,122] {logging_mixin.py:109} INFO - [2021-10-21 12:24:41,122] {dagbag.py:500} INFO - Filling up the DagBag from /opt/anaconda3/envs/af2/lib/python3.8/site-packages/airflow/example_dags/example_branch_datetime_operator.py
[2021-10-21 12:24:41,139] {processor.py:632} INFO - DAG(s) dict_keys(['example_branch_datetime_operator_2']) retrieved from /opt/anaconda3/envs/af2/lib/python3.8/site-packages/airflow/example_dags/example_branch_datetime_operator.py
[2021-10-21 12:24:41,148] {logging_mixin.py:109} INFO - [2021-10-21 12:24:41,148] {dag.py:2389} INFO - Sync 1 DAGs
[2021-10-21 12:24:41,153] {logging_mixin.py:109} INFO - [2021-10-21 12:24:41,153] {dag.py:2914} INFO - Setting next_dagrun for example_branch_datetime_operator_2 to 2021-10-20 00:00:00+00:00
[2021-10-21 12:24:41,157] {processor.py:171} INFO - Processing /opt/anaconda3/envs/af2/lib/python3.8/site-packages/airflow/example_dags/example_branch_datetime_operator.py took 0.036 seconds
[2021-10-21 12:25:53,019] {processor.py:163} INFO - Started process (PID=24572) to work on /opt/anaconda3/envs/af2/lib/python3.8/site-packages/airflow/example_dags/example_branch_datetime_operator.py
[2021-10-21 12:25:53,019] {processor.py:620} INFO - Processing file /opt/anaconda3/envs/af2/lib/python3.8/site-packages/airflow/example_dags/example_branch_datetime_operator.py for tasks to queue
[2021-10-21 12:25:53,020] {logging_mixin.py:109} INFO - [2021-10-21 12:25:53,020] {dagbag.py:500} INFO - Filling up the DagBag from /opt/anaconda3/envs/af2/lib/python3.8/site-packages/airflow/example_dags/example_branch_datetime_operator.py
[2021-10-21 12:25:53,037] {processor.py:632} INFO - DAG(s) dict_keys(['example_branch_datetime_operator_2']) retrieved from /opt/anaconda3/envs/af2/lib/python3.8/site-packages/airflow/example_dags/example_branch_datetime_operator.py
[2021-10-21 12:25:53,048] {logging_mixin.py:109} INFO - [2021-10-21 12:25:53,048] {dag.py:2389} INFO - Sync 1 DAGs
[2021-10-21 12:25:53,053] {logging_mixin.py:109} INFO - [2021-10-21 12:25:53,053] {dag.py:2914} INFO - Setting next_dagrun for example_branch_datetime_operator_2 to 2021-10-20 00:00:00+00:00
[2021-10-21 12:25:53,058] {processor.py:171} INFO - Processing /opt/anaconda3/envs/af2/lib/python3.8/site-packages/airflow/example_dags/example_branch_datetime_operator.py took 0.040 seconds
[2021-10-21 12:27:06,806] {processor.py:163} INFO - Started process (PID=24776) to work on /opt/anaconda3/envs/af2/lib/python3.8/site-packages/airflow/example_dags/example_branch_datetime_operator.py
[2021-10-21 12:27:06,807] {processor.py:620} INFO - Processing file /opt/anaconda3/envs/af2/lib/python3.8/site-packages/airflow/example_dags/example_branch_datetime_operator.py for tasks to queue
[2021-10-21 12:27:06,807] {logging_mixin.py:109} INFO - [2021-10-21 12:27:06,807] {dagbag.py:500} INFO - Filling up the DagBag from /opt/anaconda3/envs/af2/lib/python3.8/site-packages/airflow/example_dags/example_branch_datetime_operator.py
[2021-10-21 12:27:06,824] {processor.py:632} INFO - DAG(s) dict_keys(['example_branch_datetime_operator_2']) retrieved from /opt/anaconda3/envs/af2/lib/python3.8/site-packages/airflow/example_dags/example_branch_datetime_operator.py
[2021-10-21 12:27:06,832] {logging_mixin.py:109} INFO - [2021-10-21 12:27:06,832] {dag.py:2389} INFO - Sync 1 DAGs
[2021-10-21 12:27:06,837] {logging_mixin.py:109} INFO - [2021-10-21 12:27:06,837] {dag.py:2914} INFO - Setting next_dagrun for example_branch_datetime_operator_2 to 2021-10-20 00:00:00+00:00
[2021-10-21 12:27:06,840] {processor.py:171} INFO - Processing /opt/anaconda3/envs/af2/lib/python3.8/site-packages/airflow/example_dags/example_branch_datetime_operator.py took 0.035 seconds
[2021-10-21 12:28:20,404] {processor.py:163} INFO - Started process (PID=24934) to work on /opt/anaconda3/envs/af2/lib/python3.8/site-packages/airflow/example_dags/example_branch_datetime_operator.py
[2021-10-21 12:28:20,405] {processor.py:620} INFO - Processing file /opt/anaconda3/envs/af2/lib/python3.8/site-packages/airflow/example_dags/example_branch_datetime_operator.py for tasks to queue
[2021-10-21 12:28:20,405] {logging_mixin.py:109} INFO - [2021-10-21 12:28:20,405] {dagbag.py:500} INFO - Filling up the DagBag from /opt/anaconda3/envs/af2/lib/python3.8/site-packages/airflow/example_dags/example_branch_datetime_operator.py
[2021-10-21 12:28:20,422] {processor.py:632} INFO - DAG(s) dict_keys(['example_branch_datetime_operator_2']) retrieved from /opt/anaconda3/envs/af2/lib/python3.8/site-packages/airflow/example_dags/example_branch_datetime_operator.py
[2021-10-21 12:28:20,432] {logging_mixin.py:109} INFO - [2021-10-21 12:28:20,432] {dag.py:2389} INFO - Sync 1 DAGs
[2021-10-21 12:28:20,436] {logging_mixin.py:109} INFO - [2021-10-21 12:28:20,436] {dag.py:2914} INFO - Setting next_dagrun for example_branch_datetime_operator_2 to 2021-10-20 00:00:00+00:00
[2021-10-21 12:28:20,440] {processor.py:171} INFO - Processing /opt/anaconda3/envs/af2/lib/python3.8/site-packages/airflow/example_dags/example_branch_datetime_operator.py took 0.036 seconds
[2021-10-21 12:29:32,383] {processor.py:163} INFO - Started process (PID=25030) to work on /opt/anaconda3/envs/af2/lib/python3.8/site-packages/airflow/example_dags/example_branch_datetime_operator.py
[2021-10-21 12:29:32,385] {processor.py:620} INFO - Processing file /opt/anaconda3/envs/af2/lib/python3.8/site-packages/airflow/example_dags/example_branch_datetime_operator.py for tasks to queue
[2021-10-21 12:29:32,385] {logging_mixin.py:109} INFO - [2021-10-21 12:29:32,385] {dagbag.py:500} INFO - Filling up the DagBag from /opt/anaconda3/envs/af2/lib/python3.8/site-packages/airflow/example_dags/example_branch_datetime_operator.py
[2021-10-21 12:29:32,401] {processor.py:632} INFO - DAG(s) dict_keys(['example_branch_datetime_operator_2']) retrieved from /opt/anaconda3/envs/af2/lib/python3.8/site-packages/airflow/example_dags/example_branch_datetime_operator.py
[2021-10-21 12:29:32,410] {logging_mixin.py:109} INFO - [2021-10-21 12:29:32,410] {dag.py:2389} INFO - Sync 1 DAGs
[2021-10-21 12:29:32,416] {logging_mixin.py:109} INFO - [2021-10-21 12:29:32,416] {dag.py:2914} INFO - Setting next_dagrun for example_branch_datetime_operator_2 to 2021-10-20 00:00:00+00:00
[2021-10-21 12:29:32,419] {processor.py:171} INFO - Processing /opt/anaconda3/envs/af2/lib/python3.8/site-packages/airflow/example_dags/example_branch_datetime_operator.py took 0.036 seconds
[2021-10-21 12:30:50,287] {processor.py:163} INFO - Started process (PID=25205) to work on /opt/anaconda3/envs/af2/lib/python3.8/site-packages/airflow/example_dags/example_branch_datetime_operator.py
[2021-10-21 12:30:50,288] {processor.py:620} INFO - Processing file /opt/anaconda3/envs/af2/lib/python3.8/site-packages/airflow/example_dags/example_branch_datetime_operator.py for tasks to queue
[2021-10-21 12:30:50,288] {logging_mixin.py:109} INFO - [2021-10-21 12:30:50,288] {dagbag.py:500} INFO - Filling up the DagBag from /opt/anaconda3/envs/af2/lib/python3.8/site-packages/airflow/example_dags/example_branch_datetime_operator.py
[2021-10-21 12:30:50,304] {processor.py:632} INFO - DAG(s) dict_keys(['example_branch_datetime_operator_2']) retrieved from /opt/anaconda3/envs/af2/lib/python3.8/site-packages/airflow/example_dags/example_branch_datetime_operator.py
[2021-10-21 12:30:50,313] {logging_mixin.py:109} INFO - [2021-10-21 12:30:50,313] {dag.py:2389} INFO - Sync 1 DAGs
[2021-10-21 12:30:50,319] {logging_mixin.py:109} INFO - [2021-10-21 12:30:50,318] {dag.py:2914} INFO - Setting next_dagrun for example_branch_datetime_operator_2 to 2021-10-20 00:00:00+00:00
[2021-10-21 12:30:50,322] {processor.py:171} INFO - Processing /opt/anaconda3/envs/af2/lib/python3.8/site-packages/airflow/example_dags/example_branch_datetime_operator.py took 0.036 seconds
[2021-10-21 12:32:11,816] {processor.py:163} INFO - Started process (PID=25318) to work on /opt/anaconda3/envs/af2/lib/python3.8/site-packages/airflow/example_dags/example_branch_datetime_operator.py
[2021-10-21 12:32:11,817] {processor.py:620} INFO - Processing file /opt/anaconda3/envs/af2/lib/python3.8/site-packages/airflow/example_dags/example_branch_datetime_operator.py for tasks to queue
[2021-10-21 12:32:11,818] {logging_mixin.py:109} INFO - [2021-10-21 12:32:11,818] {dagbag.py:500} INFO - Filling up the DagBag from /opt/anaconda3/envs/af2/lib/python3.8/site-packages/airflow/example_dags/example_branch_datetime_operator.py
[2021-10-21 12:32:11,834] {processor.py:632} INFO - DAG(s) dict_keys(['example_branch_datetime_operator_2']) retrieved from /opt/anaconda3/envs/af2/lib/python3.8/site-packages/airflow/example_dags/example_branch_datetime_operator.py
[2021-10-21 12:32:11,843] {logging_mixin.py:109} INFO - [2021-10-21 12:32:11,843] {dag.py:2389} INFO - Sync 1 DAGs
[2021-10-21 12:32:11,848] {logging_mixin.py:109} INFO - [2021-10-21 12:32:11,848] {dag.py:2914} INFO - Setting next_dagrun for example_branch_datetime_operator_2 to 2021-10-20 00:00:00+00:00
[2021-10-21 12:32:11,852] {processor.py:171} INFO - Processing /opt/anaconda3/envs/af2/lib/python3.8/site-packages/airflow/example_dags/example_branch_datetime_operator.py took 0.036 seconds
[2021-10-21 12:33:34,515] {processor.py:163} INFO - Started process (PID=25452) to work on /opt/anaconda3/envs/af2/lib/python3.8/site-packages/airflow/example_dags/example_branch_datetime_operator.py
[2021-10-21 12:33:34,516] {processor.py:620} INFO - Processing file /opt/anaconda3/envs/af2/lib/python3.8/site-packages/airflow/example_dags/example_branch_datetime_operator.py for tasks to queue
[2021-10-21 12:33:34,516] {logging_mixin.py:109} INFO - [2021-10-21 12:33:34,516] {dagbag.py:500} INFO - Filling up the DagBag from /opt/anaconda3/envs/af2/lib/python3.8/site-packages/airflow/example_dags/example_branch_datetime_operator.py
[2021-10-21 12:33:34,532] {processor.py:632} INFO - DAG(s) dict_keys(['example_branch_datetime_operator_2']) retrieved from /opt/anaconda3/envs/af2/lib/python3.8/site-packages/airflow/example_dags/example_branch_datetime_operator.py
[2021-10-21 12:33:34,540] {logging_mixin.py:109} INFO - [2021-10-21 12:33:34,540] {dag.py:2389} INFO - Sync 1 DAGs
[2021-10-21 12:33:34,545] {logging_mixin.py:109} INFO - [2021-10-21 12:33:34,545] {dag.py:2914} INFO - Setting next_dagrun for example_branch_datetime_operator_2 to 2021-10-20 00:00:00+00:00
[2021-10-21 12:33:34,548] {processor.py:171} INFO - Processing /opt/anaconda3/envs/af2/lib/python3.8/site-packages/airflow/example_dags/example_branch_datetime_operator.py took 0.035 seconds
[2021-10-21 12:34:57,925] {processor.py:163} INFO - Started process (PID=25572) to work on /opt/anaconda3/envs/af2/lib/python3.8/site-packages/airflow/example_dags/example_branch_datetime_operator.py
[2021-10-21 12:34:57,926] {processor.py:620} INFO - Processing file /opt/anaconda3/envs/af2/lib/python3.8/site-packages/airflow/example_dags/example_branch_datetime_operator.py for tasks to queue
[2021-10-21 12:34:57,926] {logging_mixin.py:109} INFO - [2021-10-21 12:34:57,926] {dagbag.py:500} INFO - Filling up the DagBag from /opt/anaconda3/envs/af2/lib/python3.8/site-packages/airflow/example_dags/example_branch_datetime_operator.py
[2021-10-21 12:34:57,942] {processor.py:632} INFO - DAG(s) dict_keys(['example_branch_datetime_operator_2']) retrieved from /opt/anaconda3/envs/af2/lib/python3.8/site-packages/airflow/example_dags/example_branch_datetime_operator.py
[2021-10-21 12:34:57,950] {logging_mixin.py:109} INFO - [2021-10-21 12:34:57,950] {dag.py:2389} INFO - Sync 1 DAGs
[2021-10-21 12:34:57,955] {logging_mixin.py:109} INFO - [2021-10-21 12:34:57,955] {dag.py:2914} INFO - Setting next_dagrun for example_branch_datetime_operator_2 to 2021-10-20 00:00:00+00:00
[2021-10-21 12:34:57,958] {processor.py:171} INFO - Processing /opt/anaconda3/envs/af2/lib/python3.8/site-packages/airflow/example_dags/example_branch_datetime_operator.py took 0.035 seconds
[2021-10-21 12:36:28,285] {processor.py:163} INFO - Started process (PID=25674) to work on /opt/anaconda3/envs/af2/lib/python3.8/site-packages/airflow/example_dags/example_branch_datetime_operator.py
[2021-10-21 12:36:28,286] {processor.py:620} INFO - Processing file /opt/anaconda3/envs/af2/lib/python3.8/site-packages/airflow/example_dags/example_branch_datetime_operator.py for tasks to queue
[2021-10-21 12:36:28,286] {logging_mixin.py:109} INFO - [2021-10-21 12:36:28,286] {dagbag.py:500} INFO - Filling up the DagBag from /opt/anaconda3/envs/af2/lib/python3.8/site-packages/airflow/example_dags/example_branch_datetime_operator.py
[2021-10-21 12:36:28,303] {processor.py:632} INFO - DAG(s) dict_keys(['example_branch_datetime_operator_2']) retrieved from /opt/anaconda3/envs/af2/lib/python3.8/site-packages/airflow/example_dags/example_branch_datetime_operator.py
[2021-10-21 12:36:28,313] {logging_mixin.py:109} INFO - [2021-10-21 12:36:28,312] {dag.py:2389} INFO - Sync 1 DAGs
[2021-10-21 12:36:28,318] {logging_mixin.py:109} INFO - [2021-10-21 12:36:28,318] {dag.py:2914} INFO - Setting next_dagrun for example_branch_datetime_operator_2 to 2021-10-20 00:00:00+00:00
[2021-10-21 12:36:28,322] {processor.py:171} INFO - Processing /opt/anaconda3/envs/af2/lib/python3.8/site-packages/airflow/example_dags/example_branch_datetime_operator.py took 0.038 seconds
[2021-10-21 12:37:52,462] {processor.py:163} INFO - Started process (PID=25766) to work on /opt/anaconda3/envs/af2/lib/python3.8/site-packages/airflow/example_dags/example_branch_datetime_operator.py
[2021-10-21 12:37:52,463] {processor.py:620} INFO - Processing file /opt/anaconda3/envs/af2/lib/python3.8/site-packages/airflow/example_dags/example_branch_datetime_operator.py for tasks to queue
[2021-10-21 12:37:52,463] {logging_mixin.py:109} INFO - [2021-10-21 12:37:52,463] {dagbag.py:500} INFO - Filling up the DagBag from /opt/anaconda3/envs/af2/lib/python3.8/site-packages/airflow/example_dags/example_branch_datetime_operator.py
[2021-10-21 12:37:52,480] {processor.py:632} INFO - DAG(s) dict_keys(['example_branch_datetime_operator_2']) retrieved from /opt/anaconda3/envs/af2/lib/python3.8/site-packages/airflow/example_dags/example_branch_datetime_operator.py
[2021-10-21 12:37:52,491] {logging_mixin.py:109} INFO - [2021-10-21 12:37:52,491] {dag.py:2389} INFO - Sync 1 DAGs
[2021-10-21 12:37:52,496] {logging_mixin.py:109} INFO - [2021-10-21 12:37:52,496] {dag.py:2914} INFO - Setting next_dagrun for example_branch_datetime_operator_2 to 2021-10-20 00:00:00+00:00
[2021-10-21 12:37:52,500] {processor.py:171} INFO - Processing /opt/anaconda3/envs/af2/lib/python3.8/site-packages/airflow/example_dags/example_branch_datetime_operator.py took 0.039 seconds
[2021-10-21 12:39:44,985] {processor.py:163} INFO - Started process (PID=25921) to work on /opt/anaconda3/envs/af2/lib/python3.8/site-packages/airflow/example_dags/example_branch_datetime_operator.py
[2021-10-21 12:39:44,987] {processor.py:620} INFO - Processing file /opt/anaconda3/envs/af2/lib/python3.8/site-packages/airflow/example_dags/example_branch_datetime_operator.py for tasks to queue
[2021-10-21 12:39:44,987] {logging_mixin.py:109} INFO - [2021-10-21 12:39:44,987] {dagbag.py:500} INFO - Filling up the DagBag from /opt/anaconda3/envs/af2/lib/python3.8/site-packages/airflow/example_dags/example_branch_datetime_operator.py
[2021-10-21 12:39:45,002] {processor.py:632} INFO - DAG(s) dict_keys(['example_branch_datetime_operator_2']) retrieved from /opt/anaconda3/envs/af2/lib/python3.8/site-packages/airflow/example_dags/example_branch_datetime_operator.py
[2021-10-21 12:39:45,010] {logging_mixin.py:109} INFO - [2021-10-21 12:39:45,010] {dag.py:2389} INFO - Sync 1 DAGs
[2021-10-21 12:39:45,015] {logging_mixin.py:109} INFO - [2021-10-21 12:39:45,015] {dag.py:2914} INFO - Setting next_dagrun for example_branch_datetime_operator_2 to 2021-10-20 00:00:00+00:00
[2021-10-21 12:39:45,019] {processor.py:171} INFO - Processing /opt/anaconda3/envs/af2/lib/python3.8/site-packages/airflow/example_dags/example_branch_datetime_operator.py took 0.034 seconds
[2021-10-21 12:41:23,456] {processor.py:163} INFO - Started process (PID=26037) to work on /opt/anaconda3/envs/af2/lib/python3.8/site-packages/airflow/example_dags/example_branch_datetime_operator.py
[2021-10-21 12:41:23,456] {processor.py:620} INFO - Processing file /opt/anaconda3/envs/af2/lib/python3.8/site-packages/airflow/example_dags/example_branch_datetime_operator.py for tasks to queue
[2021-10-21 12:41:23,457] {logging_mixin.py:109} INFO - [2021-10-21 12:41:23,457] {dagbag.py:500} INFO - Filling up the DagBag from /opt/anaconda3/envs/af2/lib/python3.8/site-packages/airflow/example_dags/example_branch_datetime_operator.py
[2021-10-21 12:41:23,473] {processor.py:632} INFO - DAG(s) dict_keys(['example_branch_datetime_operator_2']) retrieved from /opt/anaconda3/envs/af2/lib/python3.8/site-packages/airflow/example_dags/example_branch_datetime_operator.py
[2021-10-21 12:41:23,482] {logging_mixin.py:109} INFO - [2021-10-21 12:41:23,482] {dag.py:2389} INFO - Sync 1 DAGs
[2021-10-21 12:41:23,487] {logging_mixin.py:109} INFO - [2021-10-21 12:41:23,487] {dag.py:2914} INFO - Setting next_dagrun for example_branch_datetime_operator_2 to 2021-10-20 00:00:00+00:00
[2021-10-21 12:41:23,490] {processor.py:171} INFO - Processing /opt/anaconda3/envs/af2/lib/python3.8/site-packages/airflow/example_dags/example_branch_datetime_operator.py took 0.035 seconds
[2021-10-21 12:42:51,644] {processor.py:163} INFO - Started process (PID=26138) to work on /opt/anaconda3/envs/af2/lib/python3.8/site-packages/airflow/example_dags/example_branch_datetime_operator.py
[2021-10-21 12:42:51,645] {processor.py:620} INFO - Processing file /opt/anaconda3/envs/af2/lib/python3.8/site-packages/airflow/example_dags/example_branch_datetime_operator.py for tasks to queue
[2021-10-21 12:42:51,645] {logging_mixin.py:109} INFO - [2021-10-21 12:42:51,645] {dagbag.py:500} INFO - Filling up the DagBag from /opt/anaconda3/envs/af2/lib/python3.8/site-packages/airflow/example_dags/example_branch_datetime_operator.py
[2021-10-21 12:42:51,661] {processor.py:632} INFO - DAG(s) dict_keys(['example_branch_datetime_operator_2']) retrieved from /opt/anaconda3/envs/af2/lib/python3.8/site-packages/airflow/example_dags/example_branch_datetime_operator.py
[2021-10-21 12:42:51,670] {logging_mixin.py:109} INFO - [2021-10-21 12:42:51,670] {dag.py:2389} INFO - Sync 1 DAGs
[2021-10-21 12:42:51,674] {logging_mixin.py:109} INFO - [2021-10-21 12:42:51,674] {dag.py:2914} INFO - Setting next_dagrun for example_branch_datetime_operator_2 to 2021-10-20 00:00:00+00:00
[2021-10-21 12:42:51,678] {processor.py:171} INFO - Processing /opt/anaconda3/envs/af2/lib/python3.8/site-packages/airflow/example_dags/example_branch_datetime_operator.py took 0.035 seconds
[2021-10-21 12:45:38,756] {processor.py:163} INFO - Started process (PID=26358) to work on /opt/anaconda3/envs/af2/lib/python3.8/site-packages/airflow/example_dags/example_branch_datetime_operator.py
[2021-10-21 12:45:38,757] {processor.py:620} INFO - Processing file /opt/anaconda3/envs/af2/lib/python3.8/site-packages/airflow/example_dags/example_branch_datetime_operator.py for tasks to queue
[2021-10-21 12:45:38,757] {logging_mixin.py:109} INFO - [2021-10-21 12:45:38,757] {dagbag.py:500} INFO - Filling up the DagBag from /opt/anaconda3/envs/af2/lib/python3.8/site-packages/airflow/example_dags/example_branch_datetime_operator.py
[2021-10-21 12:45:38,776] {processor.py:632} INFO - DAG(s) dict_keys(['example_branch_datetime_operator_2']) retrieved from /opt/anaconda3/envs/af2/lib/python3.8/site-packages/airflow/example_dags/example_branch_datetime_operator.py
[2021-10-21 12:45:38,789] {logging_mixin.py:109} INFO - [2021-10-21 12:45:38,788] {dag.py:2389} INFO - Sync 1 DAGs
[2021-10-21 12:45:38,796] {logging_mixin.py:109} INFO - [2021-10-21 12:45:38,795] {dag.py:2914} INFO - Setting next_dagrun for example_branch_datetime_operator_2 to 2021-10-20 00:00:00+00:00
[2021-10-21 12:45:38,800] {processor.py:171} INFO - Processing /opt/anaconda3/envs/af2/lib/python3.8/site-packages/airflow/example_dags/example_branch_datetime_operator.py took 0.045 seconds
[2021-10-21 12:47:07,093] {processor.py:163} INFO - Started process (PID=26561) to work on /opt/anaconda3/envs/af2/lib/python3.8/site-packages/airflow/example_dags/example_branch_datetime_operator.py
[2021-10-21 12:47:07,094] {processor.py:620} INFO - Processing file /opt/anaconda3/envs/af2/lib/python3.8/site-packages/airflow/example_dags/example_branch_datetime_operator.py for tasks to queue
[2021-10-21 12:47:07,094] {logging_mixin.py:109} INFO - [2021-10-21 12:47:07,094] {dagbag.py:500} INFO - Filling up the DagBag from /opt/anaconda3/envs/af2/lib/python3.8/site-packages/airflow/example_dags/example_branch_datetime_operator.py
[2021-10-21 12:47:07,110] {processor.py:632} INFO - DAG(s) dict_keys(['example_branch_datetime_operator_2']) retrieved from /opt/anaconda3/envs/af2/lib/python3.8/site-packages/airflow/example_dags/example_branch_datetime_operator.py
[2021-10-21 12:47:07,119] {logging_mixin.py:109} INFO - [2021-10-21 12:47:07,119] {dag.py:2389} INFO - Sync 1 DAGs
[2021-10-21 12:47:07,124] {logging_mixin.py:109} INFO - [2021-10-21 12:47:07,124] {dag.py:2914} INFO - Setting next_dagrun for example_branch_datetime_operator_2 to 2021-10-20 00:00:00+00:00
[2021-10-21 12:47:07,127] {processor.py:171} INFO - Processing /opt/anaconda3/envs/af2/lib/python3.8/site-packages/airflow/example_dags/example_branch_datetime_operator.py took 0.035 seconds
[2021-10-21 12:48:30,252] {processor.py:163} INFO - Started process (PID=26709) to work on /opt/anaconda3/envs/af2/lib/python3.8/site-packages/airflow/example_dags/example_branch_datetime_operator.py
[2021-10-21 12:48:30,252] {processor.py:620} INFO - Processing file /opt/anaconda3/envs/af2/lib/python3.8/site-packages/airflow/example_dags/example_branch_datetime_operator.py for tasks to queue
[2021-10-21 12:48:30,252] {logging_mixin.py:109} INFO - [2021-10-21 12:48:30,252] {dagbag.py:500} INFO - Filling up the DagBag from /opt/anaconda3/envs/af2/lib/python3.8/site-packages/airflow/example_dags/example_branch_datetime_operator.py
[2021-10-21 12:48:30,273] {processor.py:632} INFO - DAG(s) dict_keys(['example_branch_datetime_operator_2']) retrieved from /opt/anaconda3/envs/af2/lib/python3.8/site-packages/airflow/example_dags/example_branch_datetime_operator.py
[2021-10-21 12:48:30,281] {logging_mixin.py:109} INFO - [2021-10-21 12:48:30,281] {dag.py:2389} INFO - Sync 1 DAGs
[2021-10-21 12:48:30,286] {logging_mixin.py:109} INFO - [2021-10-21 12:48:30,286] {dag.py:2914} INFO - Setting next_dagrun for example_branch_datetime_operator_2 to 2021-10-20 00:00:00+00:00
[2021-10-21 12:48:30,290] {processor.py:171} INFO - Processing /opt/anaconda3/envs/af2/lib/python3.8/site-packages/airflow/example_dags/example_branch_datetime_operator.py took 0.039 seconds
[2021-10-21 12:50:53,421] {processor.py:163} INFO - Started process (PID=26966) to work on /opt/anaconda3/envs/af2/lib/python3.8/site-packages/airflow/example_dags/example_branch_datetime_operator.py
[2021-10-21 12:50:53,423] {processor.py:620} INFO - Processing file /opt/anaconda3/envs/af2/lib/python3.8/site-packages/airflow/example_dags/example_branch_datetime_operator.py for tasks to queue
[2021-10-21 12:50:53,423] {logging_mixin.py:109} INFO - [2021-10-21 12:50:53,423] {dagbag.py:500} INFO - Filling up the DagBag from /opt/anaconda3/envs/af2/lib/python3.8/site-packages/airflow/example_dags/example_branch_datetime_operator.py
[2021-10-21 12:50:53,439] {processor.py:632} INFO - DAG(s) dict_keys(['example_branch_datetime_operator_2']) retrieved from /opt/anaconda3/envs/af2/lib/python3.8/site-packages/airflow/example_dags/example_branch_datetime_operator.py
[2021-10-21 12:50:53,448] {logging_mixin.py:109} INFO - [2021-10-21 12:50:53,448] {dag.py:2389} INFO - Sync 1 DAGs
[2021-10-21 12:50:53,453] {logging_mixin.py:109} INFO - [2021-10-21 12:50:53,453] {dag.py:2914} INFO - Setting next_dagrun for example_branch_datetime_operator_2 to 2021-10-20 00:00:00+00:00
[2021-10-21 12:50:53,457] {processor.py:171} INFO - Processing /opt/anaconda3/envs/af2/lib/python3.8/site-packages/airflow/example_dags/example_branch_datetime_operator.py took 0.036 seconds
[2021-10-21 12:53:10,078] {processor.py:163} INFO - Started process (PID=27131) to work on /opt/anaconda3/envs/af2/lib/python3.8/site-packages/airflow/example_dags/example_branch_datetime_operator.py
[2021-10-21 12:53:10,079] {processor.py:620} INFO - Processing file /opt/anaconda3/envs/af2/lib/python3.8/site-packages/airflow/example_dags/example_branch_datetime_operator.py for tasks to queue
[2021-10-21 12:53:10,080] {logging_mixin.py:109} INFO - [2021-10-21 12:53:10,080] {dagbag.py:500} INFO - Filling up the DagBag from /opt/anaconda3/envs/af2/lib/python3.8/site-packages/airflow/example_dags/example_branch_datetime_operator.py
[2021-10-21 12:53:10,096] {processor.py:632} INFO - DAG(s) dict_keys(['example_branch_datetime_operator_2']) retrieved from /opt/anaconda3/envs/af2/lib/python3.8/site-packages/airflow/example_dags/example_branch_datetime_operator.py
[2021-10-21 12:53:10,109] {logging_mixin.py:109} INFO - [2021-10-21 12:53:10,109] {dag.py:2389} INFO - Sync 1 DAGs
[2021-10-21 12:53:10,115] {logging_mixin.py:109} INFO - [2021-10-21 12:53:10,115] {dag.py:2914} INFO - Setting next_dagrun for example_branch_datetime_operator_2 to 2021-10-20 00:00:00+00:00
[2021-10-21 12:53:10,118] {processor.py:171} INFO - Processing /opt/anaconda3/envs/af2/lib/python3.8/site-packages/airflow/example_dags/example_branch_datetime_operator.py took 0.040 seconds
[2021-10-21 12:54:35,655] {processor.py:163} INFO - Started process (PID=27239) to work on /opt/anaconda3/envs/af2/lib/python3.8/site-packages/airflow/example_dags/example_branch_datetime_operator.py
[2021-10-21 12:54:35,655] {processor.py:620} INFO - Processing file /opt/anaconda3/envs/af2/lib/python3.8/site-packages/airflow/example_dags/example_branch_datetime_operator.py for tasks to queue
[2021-10-21 12:54:35,655] {logging_mixin.py:109} INFO - [2021-10-21 12:54:35,655] {dagbag.py:500} INFO - Filling up the DagBag from /opt/anaconda3/envs/af2/lib/python3.8/site-packages/airflow/example_dags/example_branch_datetime_operator.py
[2021-10-21 12:54:35,671] {processor.py:632} INFO - DAG(s) dict_keys(['example_branch_datetime_operator_2']) retrieved from /opt/anaconda3/envs/af2/lib/python3.8/site-packages/airflow/example_dags/example_branch_datetime_operator.py
[2021-10-21 12:54:35,680] {logging_mixin.py:109} INFO - [2021-10-21 12:54:35,680] {dag.py:2389} INFO - Sync 1 DAGs
[2021-10-21 12:54:35,685] {logging_mixin.py:109} INFO - [2021-10-21 12:54:35,685] {dag.py:2914} INFO - Setting next_dagrun for example_branch_datetime_operator_2 to 2021-10-20 00:00:00+00:00
[2021-10-21 12:54:35,688] {processor.py:171} INFO - Processing /opt/anaconda3/envs/af2/lib/python3.8/site-packages/airflow/example_dags/example_branch_datetime_operator.py took 0.034 seconds
[2021-10-21 12:56:04,378] {processor.py:163} INFO - Started process (PID=27337) to work on /opt/anaconda3/envs/af2/lib/python3.8/site-packages/airflow/example_dags/example_branch_datetime_operator.py
[2021-10-21 12:56:04,378] {processor.py:620} INFO - Processing file /opt/anaconda3/envs/af2/lib/python3.8/site-packages/airflow/example_dags/example_branch_datetime_operator.py for tasks to queue
[2021-10-21 12:56:04,378] {logging_mixin.py:109} INFO - [2021-10-21 12:56:04,378] {dagbag.py:500} INFO - Filling up the DagBag from /opt/anaconda3/envs/af2/lib/python3.8/site-packages/airflow/example_dags/example_branch_datetime_operator.py
[2021-10-21 12:56:04,394] {processor.py:632} INFO - DAG(s) dict_keys(['example_branch_datetime_operator_2']) retrieved from /opt/anaconda3/envs/af2/lib/python3.8/site-packages/airflow/example_dags/example_branch_datetime_operator.py
[2021-10-21 12:56:04,404] {logging_mixin.py:109} INFO - [2021-10-21 12:56:04,404] {dag.py:2389} INFO - Sync 1 DAGs
[2021-10-21 12:56:04,409] {logging_mixin.py:109} INFO - [2021-10-21 12:56:04,409] {dag.py:2914} INFO - Setting next_dagrun for example_branch_datetime_operator_2 to 2021-10-20 00:00:00+00:00
[2021-10-21 12:56:04,412] {processor.py:171} INFO - Processing /opt/anaconda3/envs/af2/lib/python3.8/site-packages/airflow/example_dags/example_branch_datetime_operator.py took 0.035 seconds
[2021-10-21 12:57:32,614] {processor.py:163} INFO - Started process (PID=27455) to work on /opt/anaconda3/envs/af2/lib/python3.8/site-packages/airflow/example_dags/example_branch_datetime_operator.py
[2021-10-21 12:57:32,614] {processor.py:620} INFO - Processing file /opt/anaconda3/envs/af2/lib/python3.8/site-packages/airflow/example_dags/example_branch_datetime_operator.py for tasks to queue
[2021-10-21 12:57:32,614] {logging_mixin.py:109} INFO - [2021-10-21 12:57:32,614] {dagbag.py:500} INFO - Filling up the DagBag from /opt/anaconda3/envs/af2/lib/python3.8/site-packages/airflow/example_dags/example_branch_datetime_operator.py
[2021-10-21 12:57:32,630] {processor.py:632} INFO - DAG(s) dict_keys(['example_branch_datetime_operator_2']) retrieved from /opt/anaconda3/envs/af2/lib/python3.8/site-packages/airflow/example_dags/example_branch_datetime_operator.py
[2021-10-21 12:57:32,639] {logging_mixin.py:109} INFO - [2021-10-21 12:57:32,639] {dag.py:2389} INFO - Sync 1 DAGs
[2021-10-21 12:57:32,644] {logging_mixin.py:109} INFO - [2021-10-21 12:57:32,644] {dag.py:2914} INFO - Setting next_dagrun for example_branch_datetime_operator_2 to 2021-10-20 00:00:00+00:00
[2021-10-21 12:57:32,648] {processor.py:171} INFO - Processing /opt/anaconda3/envs/af2/lib/python3.8/site-packages/airflow/example_dags/example_branch_datetime_operator.py took 0.035 seconds
[2021-10-21 12:59:04,102] {processor.py:163} INFO - Started process (PID=27563) to work on /opt/anaconda3/envs/af2/lib/python3.8/site-packages/airflow/example_dags/example_branch_datetime_operator.py
[2021-10-21 12:59:04,103] {processor.py:620} INFO - Processing file /opt/anaconda3/envs/af2/lib/python3.8/site-packages/airflow/example_dags/example_branch_datetime_operator.py for tasks to queue
[2021-10-21 12:59:04,103] {logging_mixin.py:109} INFO - [2021-10-21 12:59:04,103] {dagbag.py:500} INFO - Filling up the DagBag from /opt/anaconda3/envs/af2/lib/python3.8/site-packages/airflow/example_dags/example_branch_datetime_operator.py
[2021-10-21 12:59:04,125] {processor.py:632} INFO - DAG(s) dict_keys(['example_branch_datetime_operator_2']) retrieved from /opt/anaconda3/envs/af2/lib/python3.8/site-packages/airflow/example_dags/example_branch_datetime_operator.py
[2021-10-21 12:59:04,136] {logging_mixin.py:109} INFO - [2021-10-21 12:59:04,136] {dag.py:2389} INFO - Sync 1 DAGs
[2021-10-21 12:59:04,143] {logging_mixin.py:109} INFO - [2021-10-21 12:59:04,143] {dag.py:2914} INFO - Setting next_dagrun for example_branch_datetime_operator_2 to 2021-10-20 00:00:00+00:00
[2021-10-21 12:59:04,148] {processor.py:171} INFO - Processing /opt/anaconda3/envs/af2/lib/python3.8/site-packages/airflow/example_dags/example_branch_datetime_operator.py took 0.047 seconds
[2021-10-21 13:00:36,724] {processor.py:163} INFO - Started process (PID=27661) to work on /opt/anaconda3/envs/af2/lib/python3.8/site-packages/airflow/example_dags/example_branch_datetime_operator.py
[2021-10-21 13:00:36,725] {processor.py:620} INFO - Processing file /opt/anaconda3/envs/af2/lib/python3.8/site-packages/airflow/example_dags/example_branch_datetime_operator.py for tasks to queue
[2021-10-21 13:00:36,725] {logging_mixin.py:109} INFO - [2021-10-21 13:00:36,725] {dagbag.py:500} INFO - Filling up the DagBag from /opt/anaconda3/envs/af2/lib/python3.8/site-packages/airflow/example_dags/example_branch_datetime_operator.py
[2021-10-21 13:00:36,741] {processor.py:632} INFO - DAG(s) dict_keys(['example_branch_datetime_operator_2']) retrieved from /opt/anaconda3/envs/af2/lib/python3.8/site-packages/airflow/example_dags/example_branch_datetime_operator.py
[2021-10-21 13:00:36,751] {logging_mixin.py:109} INFO - [2021-10-21 13:00:36,751] {dag.py:2389} INFO - Sync 1 DAGs
[2021-10-21 13:00:36,756] {logging_mixin.py:109} INFO - [2021-10-21 13:00:36,756] {dag.py:2914} INFO - Setting next_dagrun for example_branch_datetime_operator_2 to 2021-10-20 00:00:00+00:00
[2021-10-21 13:00:36,759] {processor.py:171} INFO - Processing /opt/anaconda3/envs/af2/lib/python3.8/site-packages/airflow/example_dags/example_branch_datetime_operator.py took 0.036 seconds
[2021-10-21 13:02:07,778] {processor.py:163} INFO - Started process (PID=27780) to work on /opt/anaconda3/envs/af2/lib/python3.8/site-packages/airflow/example_dags/example_branch_datetime_operator.py
[2021-10-21 13:02:07,779] {processor.py:620} INFO - Processing file /opt/anaconda3/envs/af2/lib/python3.8/site-packages/airflow/example_dags/example_branch_datetime_operator.py for tasks to queue
[2021-10-21 13:02:07,779] {logging_mixin.py:109} INFO - [2021-10-21 13:02:07,779] {dagbag.py:500} INFO - Filling up the DagBag from /opt/anaconda3/envs/af2/lib/python3.8/site-packages/airflow/example_dags/example_branch_datetime_operator.py
[2021-10-21 13:02:07,795] {processor.py:632} INFO - DAG(s) dict_keys(['example_branch_datetime_operator_2']) retrieved from /opt/anaconda3/envs/af2/lib/python3.8/site-packages/airflow/example_dags/example_branch_datetime_operator.py
[2021-10-21 13:02:07,803] {logging_mixin.py:109} INFO - [2021-10-21 13:02:07,803] {dag.py:2389} INFO - Sync 1 DAGs
[2021-10-21 13:02:07,808] {logging_mixin.py:109} INFO - [2021-10-21 13:02:07,808] {dag.py:2914} INFO - Setting next_dagrun for example_branch_datetime_operator_2 to 2021-10-20 00:00:00+00:00
[2021-10-21 13:02:07,812] {processor.py:171} INFO - Processing /opt/anaconda3/envs/af2/lib/python3.8/site-packages/airflow/example_dags/example_branch_datetime_operator.py took 0.035 seconds
[2021-10-21 13:03:36,996] {processor.py:163} INFO - Started process (PID=27893) to work on /opt/anaconda3/envs/af2/lib/python3.8/site-packages/airflow/example_dags/example_branch_datetime_operator.py
[2021-10-21 13:03:36,997] {processor.py:620} INFO - Processing file /opt/anaconda3/envs/af2/lib/python3.8/site-packages/airflow/example_dags/example_branch_datetime_operator.py for tasks to queue
[2021-10-21 13:03:36,997] {logging_mixin.py:109} INFO - [2021-10-21 13:03:36,997] {dagbag.py:500} INFO - Filling up the DagBag from /opt/anaconda3/envs/af2/lib/python3.8/site-packages/airflow/example_dags/example_branch_datetime_operator.py
[2021-10-21 13:03:37,013] {processor.py:632} INFO - DAG(s) dict_keys(['example_branch_datetime_operator_2']) retrieved from /opt/anaconda3/envs/af2/lib/python3.8/site-packages/airflow/example_dags/example_branch_datetime_operator.py
[2021-10-21 13:03:37,024] {logging_mixin.py:109} INFO - [2021-10-21 13:03:37,024] {dag.py:2389} INFO - Sync 1 DAGs
[2021-10-21 13:03:37,030] {logging_mixin.py:109} INFO - [2021-10-21 13:03:37,030] {dag.py:2914} INFO - Setting next_dagrun for example_branch_datetime_operator_2 to 2021-10-20 00:00:00+00:00
[2021-10-21 13:03:37,034] {processor.py:171} INFO - Processing /opt/anaconda3/envs/af2/lib/python3.8/site-packages/airflow/example_dags/example_branch_datetime_operator.py took 0.039 seconds
[2021-10-21 13:05:07,178] {processor.py:163} INFO - Started process (PID=27995) to work on /opt/anaconda3/envs/af2/lib/python3.8/site-packages/airflow/example_dags/example_branch_datetime_operator.py
[2021-10-21 13:05:07,178] {processor.py:620} INFO - Processing file /opt/anaconda3/envs/af2/lib/python3.8/site-packages/airflow/example_dags/example_branch_datetime_operator.py for tasks to queue
[2021-10-21 13:05:07,179] {logging_mixin.py:109} INFO - [2021-10-21 13:05:07,179] {dagbag.py:500} INFO - Filling up the DagBag from /opt/anaconda3/envs/af2/lib/python3.8/site-packages/airflow/example_dags/example_branch_datetime_operator.py
[2021-10-21 13:05:07,194] {processor.py:632} INFO - DAG(s) dict_keys(['example_branch_datetime_operator_2']) retrieved from /opt/anaconda3/envs/af2/lib/python3.8/site-packages/airflow/example_dags/example_branch_datetime_operator.py
[2021-10-21 13:05:07,203] {logging_mixin.py:109} INFO - [2021-10-21 13:05:07,203] {dag.py:2389} INFO - Sync 1 DAGs
[2021-10-21 13:05:07,208] {logging_mixin.py:109} INFO - [2021-10-21 13:05:07,208] {dag.py:2914} INFO - Setting next_dagrun for example_branch_datetime_operator_2 to 2021-10-20 00:00:00+00:00
[2021-10-21 13:05:07,211] {processor.py:171} INFO - Processing /opt/anaconda3/envs/af2/lib/python3.8/site-packages/airflow/example_dags/example_branch_datetime_operator.py took 0.034 seconds
[2021-10-21 13:06:39,117] {processor.py:163} INFO - Started process (PID=28161) to work on /opt/anaconda3/envs/af2/lib/python3.8/site-packages/airflow/example_dags/example_branch_datetime_operator.py
[2021-10-21 13:06:39,117] {processor.py:620} INFO - Processing file /opt/anaconda3/envs/af2/lib/python3.8/site-packages/airflow/example_dags/example_branch_datetime_operator.py for tasks to queue
[2021-10-21 13:06:39,117] {logging_mixin.py:109} INFO - [2021-10-21 13:06:39,117] {dagbag.py:500} INFO - Filling up the DagBag from /opt/anaconda3/envs/af2/lib/python3.8/site-packages/airflow/example_dags/example_branch_datetime_operator.py
[2021-10-21 13:06:39,134] {processor.py:632} INFO - DAG(s) dict_keys(['example_branch_datetime_operator_2']) retrieved from /opt/anaconda3/envs/af2/lib/python3.8/site-packages/airflow/example_dags/example_branch_datetime_operator.py
[2021-10-21 13:06:39,143] {logging_mixin.py:109} INFO - [2021-10-21 13:06:39,143] {dag.py:2389} INFO - Sync 1 DAGs
[2021-10-21 13:06:39,148] {logging_mixin.py:109} INFO - [2021-10-21 13:06:39,148] {dag.py:2914} INFO - Setting next_dagrun for example_branch_datetime_operator_2 to 2021-10-20 00:00:00+00:00
[2021-10-21 13:06:39,152] {processor.py:171} INFO - Processing /opt/anaconda3/envs/af2/lib/python3.8/site-packages/airflow/example_dags/example_branch_datetime_operator.py took 0.037 seconds
[2021-10-21 13:08:07,917] {processor.py:163} INFO - Started process (PID=28278) to work on /opt/anaconda3/envs/af2/lib/python3.8/site-packages/airflow/example_dags/example_branch_datetime_operator.py
[2021-10-21 13:08:07,918] {processor.py:620} INFO - Processing file /opt/anaconda3/envs/af2/lib/python3.8/site-packages/airflow/example_dags/example_branch_datetime_operator.py for tasks to queue
[2021-10-21 13:08:07,918] {logging_mixin.py:109} INFO - [2021-10-21 13:08:07,918] {dagbag.py:500} INFO - Filling up the DagBag from /opt/anaconda3/envs/af2/lib/python3.8/site-packages/airflow/example_dags/example_branch_datetime_operator.py
[2021-10-21 13:08:07,937] {processor.py:632} INFO - DAG(s) dict_keys(['example_branch_datetime_operator_2']) retrieved from /opt/anaconda3/envs/af2/lib/python3.8/site-packages/airflow/example_dags/example_branch_datetime_operator.py
[2021-10-21 13:08:07,949] {logging_mixin.py:109} INFO - [2021-10-21 13:08:07,949] {dag.py:2389} INFO - Sync 1 DAGs
[2021-10-21 13:08:07,955] {logging_mixin.py:109} INFO - [2021-10-21 13:08:07,955] {dag.py:2914} INFO - Setting next_dagrun for example_branch_datetime_operator_2 to 2021-10-20 00:00:00+00:00
[2021-10-21 13:08:07,959] {processor.py:171} INFO - Processing /opt/anaconda3/envs/af2/lib/python3.8/site-packages/airflow/example_dags/example_branch_datetime_operator.py took 0.043 seconds
