[2021-10-21 12:02:34,780] {processor.py:163} INFO - Started process (PID=22425) to work on /opt/anaconda3/envs/af2/lib/python3.8/site-packages/airflow/example_dags/example_branch_labels.py
[2021-10-21 12:02:34,780] {processor.py:620} INFO - Processing file /opt/anaconda3/envs/af2/lib/python3.8/site-packages/airflow/example_dags/example_branch_labels.py for tasks to queue
[2021-10-21 12:02:34,781] {logging_mixin.py:109} INFO - [2021-10-21 12:02:34,781] {dagbag.py:500} INFO - Filling up the DagBag from /opt/anaconda3/envs/af2/lib/python3.8/site-packages/airflow/example_dags/example_branch_labels.py
[2021-10-21 12:02:34,797] {processor.py:632} INFO - DAG(s) dict_keys(['example_branch_labels']) retrieved from /opt/anaconda3/envs/af2/lib/python3.8/site-packages/airflow/example_dags/example_branch_labels.py
[2021-10-21 12:02:34,809] {logging_mixin.py:109} INFO - [2021-10-21 12:02:34,809] {dag.py:2389} INFO - Sync 1 DAGs
[2021-10-21 12:02:34,813] {logging_mixin.py:109} INFO - [2021-10-21 12:02:34,813] {dag.py:2914} INFO - Setting next_dagrun for example_branch_labels to 2021-10-20 00:00:00+00:00
[2021-10-21 12:02:34,817] {processor.py:171} INFO - Processing /opt/anaconda3/envs/af2/lib/python3.8/site-packages/airflow/example_dags/example_branch_labels.py took 0.037 seconds
[2021-10-21 12:04:07,009] {processor.py:163} INFO - Started process (PID=22584) to work on /opt/anaconda3/envs/af2/lib/python3.8/site-packages/airflow/example_dags/example_branch_labels.py
[2021-10-21 12:04:07,010] {processor.py:620} INFO - Processing file /opt/anaconda3/envs/af2/lib/python3.8/site-packages/airflow/example_dags/example_branch_labels.py for tasks to queue
[2021-10-21 12:04:07,010] {logging_mixin.py:109} INFO - [2021-10-21 12:04:07,010] {dagbag.py:500} INFO - Filling up the DagBag from /opt/anaconda3/envs/af2/lib/python3.8/site-packages/airflow/example_dags/example_branch_labels.py
[2021-10-21 12:04:07,025] {processor.py:632} INFO - DAG(s) dict_keys(['example_branch_labels']) retrieved from /opt/anaconda3/envs/af2/lib/python3.8/site-packages/airflow/example_dags/example_branch_labels.py
[2021-10-21 12:04:07,034] {logging_mixin.py:109} INFO - [2021-10-21 12:04:07,034] {dag.py:2389} INFO - Sync 1 DAGs
[2021-10-21 12:04:07,039] {logging_mixin.py:109} INFO - [2021-10-21 12:04:07,039] {dag.py:2914} INFO - Setting next_dagrun for example_branch_labels to 2021-10-20 00:00:00+00:00
[2021-10-21 12:04:07,042] {processor.py:171} INFO - Processing /opt/anaconda3/envs/af2/lib/python3.8/site-packages/airflow/example_dags/example_branch_labels.py took 0.033 seconds
[2021-10-21 12:12:22,640] {processor.py:163} INFO - Started process (PID=23126) to work on /opt/anaconda3/envs/af2/lib/python3.8/site-packages/airflow/example_dags/example_branch_labels.py
[2021-10-21 12:12:22,640] {processor.py:620} INFO - Processing file /opt/anaconda3/envs/af2/lib/python3.8/site-packages/airflow/example_dags/example_branch_labels.py for tasks to queue
[2021-10-21 12:12:22,641] {logging_mixin.py:109} INFO - [2021-10-21 12:12:22,640] {dagbag.py:500} INFO - Filling up the DagBag from /opt/anaconda3/envs/af2/lib/python3.8/site-packages/airflow/example_dags/example_branch_labels.py
[2021-10-21 12:12:22,656] {processor.py:632} INFO - DAG(s) dict_keys(['example_branch_labels']) retrieved from /opt/anaconda3/envs/af2/lib/python3.8/site-packages/airflow/example_dags/example_branch_labels.py
[2021-10-21 12:12:22,666] {logging_mixin.py:109} INFO - [2021-10-21 12:12:22,665] {dag.py:2389} INFO - Sync 1 DAGs
[2021-10-21 12:12:22,670] {logging_mixin.py:109} INFO - [2021-10-21 12:12:22,670] {dag.py:2914} INFO - Setting next_dagrun for example_branch_labels to 2021-10-20 00:00:00+00:00
[2021-10-21 12:12:22,673] {processor.py:171} INFO - Processing /opt/anaconda3/envs/af2/lib/python3.8/site-packages/airflow/example_dags/example_branch_labels.py took 0.034 seconds
[2021-10-21 12:13:38,802] {processor.py:163} INFO - Started process (PID=23251) to work on /opt/anaconda3/envs/af2/lib/python3.8/site-packages/airflow/example_dags/example_branch_labels.py
[2021-10-21 12:13:38,802] {processor.py:620} INFO - Processing file /opt/anaconda3/envs/af2/lib/python3.8/site-packages/airflow/example_dags/example_branch_labels.py for tasks to queue
[2021-10-21 12:13:38,802] {logging_mixin.py:109} INFO - [2021-10-21 12:13:38,802] {dagbag.py:500} INFO - Filling up the DagBag from /opt/anaconda3/envs/af2/lib/python3.8/site-packages/airflow/example_dags/example_branch_labels.py
[2021-10-21 12:13:38,818] {processor.py:632} INFO - DAG(s) dict_keys(['example_branch_labels']) retrieved from /opt/anaconda3/envs/af2/lib/python3.8/site-packages/airflow/example_dags/example_branch_labels.py
[2021-10-21 12:13:38,827] {logging_mixin.py:109} INFO - [2021-10-21 12:13:38,827] {dag.py:2389} INFO - Sync 1 DAGs
[2021-10-21 12:13:38,832] {logging_mixin.py:109} INFO - [2021-10-21 12:13:38,832] {dag.py:2914} INFO - Setting next_dagrun for example_branch_labels to 2021-10-20 00:00:00+00:00
[2021-10-21 12:13:38,835] {processor.py:171} INFO - Processing /opt/anaconda3/envs/af2/lib/python3.8/site-packages/airflow/example_dags/example_branch_labels.py took 0.033 seconds
[2021-10-21 12:14:53,861] {processor.py:163} INFO - Started process (PID=23346) to work on /opt/anaconda3/envs/af2/lib/python3.8/site-packages/airflow/example_dags/example_branch_labels.py
[2021-10-21 12:14:53,862] {processor.py:620} INFO - Processing file /opt/anaconda3/envs/af2/lib/python3.8/site-packages/airflow/example_dags/example_branch_labels.py for tasks to queue
[2021-10-21 12:14:53,862] {logging_mixin.py:109} INFO - [2021-10-21 12:14:53,862] {dagbag.py:500} INFO - Filling up the DagBag from /opt/anaconda3/envs/af2/lib/python3.8/site-packages/airflow/example_dags/example_branch_labels.py
[2021-10-21 12:14:53,881] {processor.py:632} INFO - DAG(s) dict_keys(['example_branch_labels']) retrieved from /opt/anaconda3/envs/af2/lib/python3.8/site-packages/airflow/example_dags/example_branch_labels.py
[2021-10-21 12:14:53,892] {logging_mixin.py:109} INFO - [2021-10-21 12:14:53,892] {dag.py:2389} INFO - Sync 1 DAGs
[2021-10-21 12:14:53,896] {logging_mixin.py:109} INFO - [2021-10-21 12:14:53,896] {dag.py:2914} INFO - Setting next_dagrun for example_branch_labels to 2021-10-20 00:00:00+00:00
[2021-10-21 12:14:53,900] {processor.py:171} INFO - Processing /opt/anaconda3/envs/af2/lib/python3.8/site-packages/airflow/example_dags/example_branch_labels.py took 0.039 seconds
[2021-10-21 12:16:10,992] {processor.py:163} INFO - Started process (PID=23484) to work on /opt/anaconda3/envs/af2/lib/python3.8/site-packages/airflow/example_dags/example_branch_labels.py
[2021-10-21 12:16:10,993] {processor.py:620} INFO - Processing file /opt/anaconda3/envs/af2/lib/python3.8/site-packages/airflow/example_dags/example_branch_labels.py for tasks to queue
[2021-10-21 12:16:10,993] {logging_mixin.py:109} INFO - [2021-10-21 12:16:10,993] {dagbag.py:500} INFO - Filling up the DagBag from /opt/anaconda3/envs/af2/lib/python3.8/site-packages/airflow/example_dags/example_branch_labels.py
[2021-10-21 12:16:11,009] {processor.py:632} INFO - DAG(s) dict_keys(['example_branch_labels']) retrieved from /opt/anaconda3/envs/af2/lib/python3.8/site-packages/airflow/example_dags/example_branch_labels.py
[2021-10-21 12:16:11,018] {logging_mixin.py:109} INFO - [2021-10-21 12:16:11,018] {dag.py:2389} INFO - Sync 1 DAGs
[2021-10-21 12:16:11,022] {logging_mixin.py:109} INFO - [2021-10-21 12:16:11,022] {dag.py:2914} INFO - Setting next_dagrun for example_branch_labels to 2021-10-20 00:00:00+00:00
[2021-10-21 12:16:11,025] {processor.py:171} INFO - Processing /opt/anaconda3/envs/af2/lib/python3.8/site-packages/airflow/example_dags/example_branch_labels.py took 0.033 seconds
[2021-10-21 12:17:25,409] {processor.py:163} INFO - Started process (PID=23591) to work on /opt/anaconda3/envs/af2/lib/python3.8/site-packages/airflow/example_dags/example_branch_labels.py
[2021-10-21 12:17:25,409] {processor.py:620} INFO - Processing file /opt/anaconda3/envs/af2/lib/python3.8/site-packages/airflow/example_dags/example_branch_labels.py for tasks to queue
[2021-10-21 12:17:25,409] {logging_mixin.py:109} INFO - [2021-10-21 12:17:25,409] {dagbag.py:500} INFO - Filling up the DagBag from /opt/anaconda3/envs/af2/lib/python3.8/site-packages/airflow/example_dags/example_branch_labels.py
[2021-10-21 12:17:25,427] {processor.py:632} INFO - DAG(s) dict_keys(['example_branch_labels']) retrieved from /opt/anaconda3/envs/af2/lib/python3.8/site-packages/airflow/example_dags/example_branch_labels.py
[2021-10-21 12:17:25,438] {logging_mixin.py:109} INFO - [2021-10-21 12:17:25,438] {dag.py:2389} INFO - Sync 1 DAGs
[2021-10-21 12:17:25,442] {logging_mixin.py:109} INFO - [2021-10-21 12:17:25,442] {dag.py:2914} INFO - Setting next_dagrun for example_branch_labels to 2021-10-20 00:00:00+00:00
[2021-10-21 12:17:25,446] {processor.py:171} INFO - Processing /opt/anaconda3/envs/af2/lib/python3.8/site-packages/airflow/example_dags/example_branch_labels.py took 0.037 seconds
[2021-10-21 12:18:39,633] {processor.py:163} INFO - Started process (PID=23747) to work on /opt/anaconda3/envs/af2/lib/python3.8/site-packages/airflow/example_dags/example_branch_labels.py
[2021-10-21 12:18:39,634] {processor.py:620} INFO - Processing file /opt/anaconda3/envs/af2/lib/python3.8/site-packages/airflow/example_dags/example_branch_labels.py for tasks to queue
[2021-10-21 12:18:39,634] {logging_mixin.py:109} INFO - [2021-10-21 12:18:39,634] {dagbag.py:500} INFO - Filling up the DagBag from /opt/anaconda3/envs/af2/lib/python3.8/site-packages/airflow/example_dags/example_branch_labels.py
[2021-10-21 12:18:39,650] {processor.py:632} INFO - DAG(s) dict_keys(['example_branch_labels']) retrieved from /opt/anaconda3/envs/af2/lib/python3.8/site-packages/airflow/example_dags/example_branch_labels.py
[2021-10-21 12:18:39,659] {logging_mixin.py:109} INFO - [2021-10-21 12:18:39,659] {dag.py:2389} INFO - Sync 1 DAGs
[2021-10-21 12:18:39,664] {logging_mixin.py:109} INFO - [2021-10-21 12:18:39,664] {dag.py:2914} INFO - Setting next_dagrun for example_branch_labels to 2021-10-20 00:00:00+00:00
[2021-10-21 12:18:39,667] {processor.py:171} INFO - Processing /opt/anaconda3/envs/af2/lib/python3.8/site-packages/airflow/example_dags/example_branch_labels.py took 0.034 seconds
[2021-10-21 12:19:53,199] {processor.py:163} INFO - Started process (PID=23888) to work on /opt/anaconda3/envs/af2/lib/python3.8/site-packages/airflow/example_dags/example_branch_labels.py
[2021-10-21 12:19:53,200] {processor.py:620} INFO - Processing file /opt/anaconda3/envs/af2/lib/python3.8/site-packages/airflow/example_dags/example_branch_labels.py for tasks to queue
[2021-10-21 12:19:53,200] {logging_mixin.py:109} INFO - [2021-10-21 12:19:53,200] {dagbag.py:500} INFO - Filling up the DagBag from /opt/anaconda3/envs/af2/lib/python3.8/site-packages/airflow/example_dags/example_branch_labels.py
[2021-10-21 12:19:53,216] {processor.py:632} INFO - DAG(s) dict_keys(['example_branch_labels']) retrieved from /opt/anaconda3/envs/af2/lib/python3.8/site-packages/airflow/example_dags/example_branch_labels.py
[2021-10-21 12:19:53,225] {logging_mixin.py:109} INFO - [2021-10-21 12:19:53,225] {dag.py:2389} INFO - Sync 1 DAGs
[2021-10-21 12:19:53,229] {logging_mixin.py:109} INFO - [2021-10-21 12:19:53,229] {dag.py:2914} INFO - Setting next_dagrun for example_branch_labels to 2021-10-20 00:00:00+00:00
[2021-10-21 12:19:53,233] {processor.py:171} INFO - Processing /opt/anaconda3/envs/af2/lib/python3.8/site-packages/airflow/example_dags/example_branch_labels.py took 0.034 seconds
[2021-10-21 12:21:05,120] {processor.py:163} INFO - Started process (PID=24052) to work on /opt/anaconda3/envs/af2/lib/python3.8/site-packages/airflow/example_dags/example_branch_labels.py
[2021-10-21 12:21:05,121] {processor.py:620} INFO - Processing file /opt/anaconda3/envs/af2/lib/python3.8/site-packages/airflow/example_dags/example_branch_labels.py for tasks to queue
[2021-10-21 12:21:05,121] {logging_mixin.py:109} INFO - [2021-10-21 12:21:05,121] {dagbag.py:500} INFO - Filling up the DagBag from /opt/anaconda3/envs/af2/lib/python3.8/site-packages/airflow/example_dags/example_branch_labels.py
[2021-10-21 12:21:05,138] {processor.py:632} INFO - DAG(s) dict_keys(['example_branch_labels']) retrieved from /opt/anaconda3/envs/af2/lib/python3.8/site-packages/airflow/example_dags/example_branch_labels.py
[2021-10-21 12:21:05,147] {logging_mixin.py:109} INFO - [2021-10-21 12:21:05,147] {dag.py:2389} INFO - Sync 1 DAGs
[2021-10-21 12:21:05,151] {logging_mixin.py:109} INFO - [2021-10-21 12:21:05,151] {dag.py:2914} INFO - Setting next_dagrun for example_branch_labels to 2021-10-20 00:00:00+00:00
[2021-10-21 12:21:05,155] {processor.py:171} INFO - Processing /opt/anaconda3/envs/af2/lib/python3.8/site-packages/airflow/example_dags/example_branch_labels.py took 0.035 seconds
[2021-10-21 12:22:10,489] {processor.py:163} INFO - Started process (PID=24155) to work on /opt/anaconda3/envs/af2/lib/python3.8/site-packages/airflow/example_dags/example_branch_labels.py
[2021-10-21 12:22:10,489] {processor.py:620} INFO - Processing file /opt/anaconda3/envs/af2/lib/python3.8/site-packages/airflow/example_dags/example_branch_labels.py for tasks to queue
[2021-10-21 12:22:10,490] {logging_mixin.py:109} INFO - [2021-10-21 12:22:10,489] {dagbag.py:500} INFO - Filling up the DagBag from /opt/anaconda3/envs/af2/lib/python3.8/site-packages/airflow/example_dags/example_branch_labels.py
[2021-10-21 12:22:10,511] {processor.py:632} INFO - DAG(s) dict_keys(['example_branch_labels']) retrieved from /opt/anaconda3/envs/af2/lib/python3.8/site-packages/airflow/example_dags/example_branch_labels.py
[2021-10-21 12:22:10,522] {logging_mixin.py:109} INFO - [2021-10-21 12:22:10,522] {dag.py:2389} INFO - Sync 1 DAGs
[2021-10-21 12:22:10,527] {logging_mixin.py:109} INFO - [2021-10-21 12:22:10,527] {dag.py:2914} INFO - Setting next_dagrun for example_branch_labels to 2021-10-20 00:00:00+00:00
[2021-10-21 12:22:10,531] {processor.py:171} INFO - Processing /opt/anaconda3/envs/af2/lib/python3.8/site-packages/airflow/example_dags/example_branch_labels.py took 0.043 seconds
[2021-10-21 12:23:22,746] {processor.py:163} INFO - Started process (PID=24325) to work on /opt/anaconda3/envs/af2/lib/python3.8/site-packages/airflow/example_dags/example_branch_labels.py
[2021-10-21 12:23:22,747] {processor.py:620} INFO - Processing file /opt/anaconda3/envs/af2/lib/python3.8/site-packages/airflow/example_dags/example_branch_labels.py for tasks to queue
[2021-10-21 12:23:22,747] {logging_mixin.py:109} INFO - [2021-10-21 12:23:22,747] {dagbag.py:500} INFO - Filling up the DagBag from /opt/anaconda3/envs/af2/lib/python3.8/site-packages/airflow/example_dags/example_branch_labels.py
[2021-10-21 12:23:22,763] {processor.py:632} INFO - DAG(s) dict_keys(['example_branch_labels']) retrieved from /opt/anaconda3/envs/af2/lib/python3.8/site-packages/airflow/example_dags/example_branch_labels.py
[2021-10-21 12:23:22,771] {logging_mixin.py:109} INFO - [2021-10-21 12:23:22,771] {dag.py:2389} INFO - Sync 1 DAGs
[2021-10-21 12:23:22,776] {logging_mixin.py:109} INFO - [2021-10-21 12:23:22,776] {dag.py:2914} INFO - Setting next_dagrun for example_branch_labels to 2021-10-20 00:00:00+00:00
[2021-10-21 12:23:22,779] {processor.py:171} INFO - Processing /opt/anaconda3/envs/af2/lib/python3.8/site-packages/airflow/example_dags/example_branch_labels.py took 0.033 seconds
[2021-10-21 12:24:37,135] {processor.py:163} INFO - Started process (PID=24418) to work on /opt/anaconda3/envs/af2/lib/python3.8/site-packages/airflow/example_dags/example_branch_labels.py
[2021-10-21 12:24:37,136] {processor.py:620} INFO - Processing file /opt/anaconda3/envs/af2/lib/python3.8/site-packages/airflow/example_dags/example_branch_labels.py for tasks to queue
[2021-10-21 12:24:37,136] {logging_mixin.py:109} INFO - [2021-10-21 12:24:37,136] {dagbag.py:500} INFO - Filling up the DagBag from /opt/anaconda3/envs/af2/lib/python3.8/site-packages/airflow/example_dags/example_branch_labels.py
[2021-10-21 12:24:37,152] {processor.py:632} INFO - DAG(s) dict_keys(['example_branch_labels']) retrieved from /opt/anaconda3/envs/af2/lib/python3.8/site-packages/airflow/example_dags/example_branch_labels.py
[2021-10-21 12:24:37,161] {logging_mixin.py:109} INFO - [2021-10-21 12:24:37,160] {dag.py:2389} INFO - Sync 1 DAGs
[2021-10-21 12:24:37,165] {logging_mixin.py:109} INFO - [2021-10-21 12:24:37,165] {dag.py:2914} INFO - Setting next_dagrun for example_branch_labels to 2021-10-20 00:00:00+00:00
[2021-10-21 12:24:37,168] {processor.py:171} INFO - Processing /opt/anaconda3/envs/af2/lib/python3.8/site-packages/airflow/example_dags/example_branch_labels.py took 0.034 seconds
[2021-10-21 12:25:48,933] {processor.py:163} INFO - Started process (PID=24551) to work on /opt/anaconda3/envs/af2/lib/python3.8/site-packages/airflow/example_dags/example_branch_labels.py
[2021-10-21 12:25:48,934] {processor.py:620} INFO - Processing file /opt/anaconda3/envs/af2/lib/python3.8/site-packages/airflow/example_dags/example_branch_labels.py for tasks to queue
[2021-10-21 12:25:48,934] {logging_mixin.py:109} INFO - [2021-10-21 12:25:48,934] {dagbag.py:500} INFO - Filling up the DagBag from /opt/anaconda3/envs/af2/lib/python3.8/site-packages/airflow/example_dags/example_branch_labels.py
[2021-10-21 12:25:48,951] {processor.py:632} INFO - DAG(s) dict_keys(['example_branch_labels']) retrieved from /opt/anaconda3/envs/af2/lib/python3.8/site-packages/airflow/example_dags/example_branch_labels.py
[2021-10-21 12:25:48,961] {logging_mixin.py:109} INFO - [2021-10-21 12:25:48,961] {dag.py:2389} INFO - Sync 1 DAGs
[2021-10-21 12:25:48,965] {logging_mixin.py:109} INFO - [2021-10-21 12:25:48,965] {dag.py:2914} INFO - Setting next_dagrun for example_branch_labels to 2021-10-20 00:00:00+00:00
[2021-10-21 12:25:48,969] {processor.py:171} INFO - Processing /opt/anaconda3/envs/af2/lib/python3.8/site-packages/airflow/example_dags/example_branch_labels.py took 0.036 seconds
[2021-10-21 12:27:03,020] {processor.py:163} INFO - Started process (PID=24771) to work on /opt/anaconda3/envs/af2/lib/python3.8/site-packages/airflow/example_dags/example_branch_labels.py
[2021-10-21 12:27:03,021] {processor.py:620} INFO - Processing file /opt/anaconda3/envs/af2/lib/python3.8/site-packages/airflow/example_dags/example_branch_labels.py for tasks to queue
[2021-10-21 12:27:03,021] {logging_mixin.py:109} INFO - [2021-10-21 12:27:03,021] {dagbag.py:500} INFO - Filling up the DagBag from /opt/anaconda3/envs/af2/lib/python3.8/site-packages/airflow/example_dags/example_branch_labels.py
[2021-10-21 12:27:03,037] {processor.py:632} INFO - DAG(s) dict_keys(['example_branch_labels']) retrieved from /opt/anaconda3/envs/af2/lib/python3.8/site-packages/airflow/example_dags/example_branch_labels.py
[2021-10-21 12:27:03,046] {logging_mixin.py:109} INFO - [2021-10-21 12:27:03,046] {dag.py:2389} INFO - Sync 1 DAGs
[2021-10-21 12:27:03,050] {logging_mixin.py:109} INFO - [2021-10-21 12:27:03,050] {dag.py:2914} INFO - Setting next_dagrun for example_branch_labels to 2021-10-20 00:00:00+00:00
[2021-10-21 12:27:03,053] {processor.py:171} INFO - Processing /opt/anaconda3/envs/af2/lib/python3.8/site-packages/airflow/example_dags/example_branch_labels.py took 0.034 seconds
[2021-10-21 12:28:16,564] {processor.py:163} INFO - Started process (PID=24926) to work on /opt/anaconda3/envs/af2/lib/python3.8/site-packages/airflow/example_dags/example_branch_labels.py
[2021-10-21 12:28:16,564] {processor.py:620} INFO - Processing file /opt/anaconda3/envs/af2/lib/python3.8/site-packages/airflow/example_dags/example_branch_labels.py for tasks to queue
[2021-10-21 12:28:16,564] {logging_mixin.py:109} INFO - [2021-10-21 12:28:16,564] {dagbag.py:500} INFO - Filling up the DagBag from /opt/anaconda3/envs/af2/lib/python3.8/site-packages/airflow/example_dags/example_branch_labels.py
[2021-10-21 12:28:16,580] {processor.py:632} INFO - DAG(s) dict_keys(['example_branch_labels']) retrieved from /opt/anaconda3/envs/af2/lib/python3.8/site-packages/airflow/example_dags/example_branch_labels.py
[2021-10-21 12:28:16,589] {logging_mixin.py:109} INFO - [2021-10-21 12:28:16,589] {dag.py:2389} INFO - Sync 1 DAGs
[2021-10-21 12:28:16,593] {logging_mixin.py:109} INFO - [2021-10-21 12:28:16,593] {dag.py:2914} INFO - Setting next_dagrun for example_branch_labels to 2021-10-20 00:00:00+00:00
[2021-10-21 12:28:16,596] {processor.py:171} INFO - Processing /opt/anaconda3/envs/af2/lib/python3.8/site-packages/airflow/example_dags/example_branch_labels.py took 0.033 seconds
[2021-10-21 12:29:28,470] {processor.py:163} INFO - Started process (PID=25026) to work on /opt/anaconda3/envs/af2/lib/python3.8/site-packages/airflow/example_dags/example_branch_labels.py
[2021-10-21 12:29:28,471] {processor.py:620} INFO - Processing file /opt/anaconda3/envs/af2/lib/python3.8/site-packages/airflow/example_dags/example_branch_labels.py for tasks to queue
[2021-10-21 12:29:28,471] {logging_mixin.py:109} INFO - [2021-10-21 12:29:28,471] {dagbag.py:500} INFO - Filling up the DagBag from /opt/anaconda3/envs/af2/lib/python3.8/site-packages/airflow/example_dags/example_branch_labels.py
[2021-10-21 12:29:28,487] {processor.py:632} INFO - DAG(s) dict_keys(['example_branch_labels']) retrieved from /opt/anaconda3/envs/af2/lib/python3.8/site-packages/airflow/example_dags/example_branch_labels.py
[2021-10-21 12:29:28,496] {logging_mixin.py:109} INFO - [2021-10-21 12:29:28,496] {dag.py:2389} INFO - Sync 1 DAGs
[2021-10-21 12:29:28,501] {logging_mixin.py:109} INFO - [2021-10-21 12:29:28,500] {dag.py:2914} INFO - Setting next_dagrun for example_branch_labels to 2021-10-20 00:00:00+00:00
[2021-10-21 12:29:28,504] {processor.py:171} INFO - Processing /opt/anaconda3/envs/af2/lib/python3.8/site-packages/airflow/example_dags/example_branch_labels.py took 0.035 seconds
[2021-10-21 12:30:46,488] {processor.py:163} INFO - Started process (PID=25200) to work on /opt/anaconda3/envs/af2/lib/python3.8/site-packages/airflow/example_dags/example_branch_labels.py
[2021-10-21 12:30:46,488] {processor.py:620} INFO - Processing file /opt/anaconda3/envs/af2/lib/python3.8/site-packages/airflow/example_dags/example_branch_labels.py for tasks to queue
[2021-10-21 12:30:46,488] {logging_mixin.py:109} INFO - [2021-10-21 12:30:46,488] {dagbag.py:500} INFO - Filling up the DagBag from /opt/anaconda3/envs/af2/lib/python3.8/site-packages/airflow/example_dags/example_branch_labels.py
[2021-10-21 12:30:46,504] {processor.py:632} INFO - DAG(s) dict_keys(['example_branch_labels']) retrieved from /opt/anaconda3/envs/af2/lib/python3.8/site-packages/airflow/example_dags/example_branch_labels.py
[2021-10-21 12:30:46,515] {logging_mixin.py:109} INFO - [2021-10-21 12:30:46,515] {dag.py:2389} INFO - Sync 1 DAGs
[2021-10-21 12:30:46,520] {logging_mixin.py:109} INFO - [2021-10-21 12:30:46,520] {dag.py:2914} INFO - Setting next_dagrun for example_branch_labels to 2021-10-20 00:00:00+00:00
[2021-10-21 12:30:46,523] {processor.py:171} INFO - Processing /opt/anaconda3/envs/af2/lib/python3.8/site-packages/airflow/example_dags/example_branch_labels.py took 0.037 seconds
[2021-10-21 12:32:07,898] {processor.py:163} INFO - Started process (PID=25313) to work on /opt/anaconda3/envs/af2/lib/python3.8/site-packages/airflow/example_dags/example_branch_labels.py
[2021-10-21 12:32:07,899] {processor.py:620} INFO - Processing file /opt/anaconda3/envs/af2/lib/python3.8/site-packages/airflow/example_dags/example_branch_labels.py for tasks to queue
[2021-10-21 12:32:07,899] {logging_mixin.py:109} INFO - [2021-10-21 12:32:07,899] {dagbag.py:500} INFO - Filling up the DagBag from /opt/anaconda3/envs/af2/lib/python3.8/site-packages/airflow/example_dags/example_branch_labels.py
[2021-10-21 12:32:07,914] {processor.py:632} INFO - DAG(s) dict_keys(['example_branch_labels']) retrieved from /opt/anaconda3/envs/af2/lib/python3.8/site-packages/airflow/example_dags/example_branch_labels.py
[2021-10-21 12:32:07,923] {logging_mixin.py:109} INFO - [2021-10-21 12:32:07,923] {dag.py:2389} INFO - Sync 1 DAGs
[2021-10-21 12:32:07,928] {logging_mixin.py:109} INFO - [2021-10-21 12:32:07,928] {dag.py:2914} INFO - Setting next_dagrun for example_branch_labels to 2021-10-20 00:00:00+00:00
[2021-10-21 12:32:07,931] {processor.py:171} INFO - Processing /opt/anaconda3/envs/af2/lib/python3.8/site-packages/airflow/example_dags/example_branch_labels.py took 0.034 seconds
[2021-10-21 12:33:30,674] {processor.py:163} INFO - Started process (PID=25447) to work on /opt/anaconda3/envs/af2/lib/python3.8/site-packages/airflow/example_dags/example_branch_labels.py
[2021-10-21 12:33:30,675] {processor.py:620} INFO - Processing file /opt/anaconda3/envs/af2/lib/python3.8/site-packages/airflow/example_dags/example_branch_labels.py for tasks to queue
[2021-10-21 12:33:30,675] {logging_mixin.py:109} INFO - [2021-10-21 12:33:30,675] {dagbag.py:500} INFO - Filling up the DagBag from /opt/anaconda3/envs/af2/lib/python3.8/site-packages/airflow/example_dags/example_branch_labels.py
[2021-10-21 12:33:30,690] {processor.py:632} INFO - DAG(s) dict_keys(['example_branch_labels']) retrieved from /opt/anaconda3/envs/af2/lib/python3.8/site-packages/airflow/example_dags/example_branch_labels.py
[2021-10-21 12:33:30,700] {logging_mixin.py:109} INFO - [2021-10-21 12:33:30,700] {dag.py:2389} INFO - Sync 1 DAGs
[2021-10-21 12:33:30,705] {logging_mixin.py:109} INFO - [2021-10-21 12:33:30,705] {dag.py:2914} INFO - Setting next_dagrun for example_branch_labels to 2021-10-20 00:00:00+00:00
[2021-10-21 12:33:30,708] {processor.py:171} INFO - Processing /opt/anaconda3/envs/af2/lib/python3.8/site-packages/airflow/example_dags/example_branch_labels.py took 0.035 seconds
[2021-10-21 12:34:54,073] {processor.py:163} INFO - Started process (PID=25567) to work on /opt/anaconda3/envs/af2/lib/python3.8/site-packages/airflow/example_dags/example_branch_labels.py
[2021-10-21 12:34:54,073] {processor.py:620} INFO - Processing file /opt/anaconda3/envs/af2/lib/python3.8/site-packages/airflow/example_dags/example_branch_labels.py for tasks to queue
[2021-10-21 12:34:54,074] {logging_mixin.py:109} INFO - [2021-10-21 12:34:54,074] {dagbag.py:500} INFO - Filling up the DagBag from /opt/anaconda3/envs/af2/lib/python3.8/site-packages/airflow/example_dags/example_branch_labels.py
[2021-10-21 12:34:54,089] {processor.py:632} INFO - DAG(s) dict_keys(['example_branch_labels']) retrieved from /opt/anaconda3/envs/af2/lib/python3.8/site-packages/airflow/example_dags/example_branch_labels.py
[2021-10-21 12:34:54,098] {logging_mixin.py:109} INFO - [2021-10-21 12:34:54,098] {dag.py:2389} INFO - Sync 1 DAGs
[2021-10-21 12:34:54,103] {logging_mixin.py:109} INFO - [2021-10-21 12:34:54,103] {dag.py:2914} INFO - Setting next_dagrun for example_branch_labels to 2021-10-20 00:00:00+00:00
[2021-10-21 12:34:54,106] {processor.py:171} INFO - Processing /opt/anaconda3/envs/af2/lib/python3.8/site-packages/airflow/example_dags/example_branch_labels.py took 0.034 seconds
[2021-10-21 12:36:24,276] {processor.py:163} INFO - Started process (PID=25669) to work on /opt/anaconda3/envs/af2/lib/python3.8/site-packages/airflow/example_dags/example_branch_labels.py
[2021-10-21 12:36:24,277] {processor.py:620} INFO - Processing file /opt/anaconda3/envs/af2/lib/python3.8/site-packages/airflow/example_dags/example_branch_labels.py for tasks to queue
[2021-10-21 12:36:24,277] {logging_mixin.py:109} INFO - [2021-10-21 12:36:24,277] {dagbag.py:500} INFO - Filling up the DagBag from /opt/anaconda3/envs/af2/lib/python3.8/site-packages/airflow/example_dags/example_branch_labels.py
[2021-10-21 12:36:24,292] {processor.py:632} INFO - DAG(s) dict_keys(['example_branch_labels']) retrieved from /opt/anaconda3/envs/af2/lib/python3.8/site-packages/airflow/example_dags/example_branch_labels.py
[2021-10-21 12:36:24,301] {logging_mixin.py:109} INFO - [2021-10-21 12:36:24,301] {dag.py:2389} INFO - Sync 1 DAGs
[2021-10-21 12:36:24,306] {logging_mixin.py:109} INFO - [2021-10-21 12:36:24,306] {dag.py:2914} INFO - Setting next_dagrun for example_branch_labels to 2021-10-20 00:00:00+00:00
[2021-10-21 12:36:24,310] {processor.py:171} INFO - Processing /opt/anaconda3/envs/af2/lib/python3.8/site-packages/airflow/example_dags/example_branch_labels.py took 0.035 seconds
[2021-10-21 12:37:48,585] {processor.py:163} INFO - Started process (PID=25762) to work on /opt/anaconda3/envs/af2/lib/python3.8/site-packages/airflow/example_dags/example_branch_labels.py
[2021-10-21 12:37:48,585] {processor.py:620} INFO - Processing file /opt/anaconda3/envs/af2/lib/python3.8/site-packages/airflow/example_dags/example_branch_labels.py for tasks to queue
[2021-10-21 12:37:48,585] {logging_mixin.py:109} INFO - [2021-10-21 12:37:48,585] {dagbag.py:500} INFO - Filling up the DagBag from /opt/anaconda3/envs/af2/lib/python3.8/site-packages/airflow/example_dags/example_branch_labels.py
[2021-10-21 12:37:48,602] {processor.py:632} INFO - DAG(s) dict_keys(['example_branch_labels']) retrieved from /opt/anaconda3/envs/af2/lib/python3.8/site-packages/airflow/example_dags/example_branch_labels.py
[2021-10-21 12:37:48,611] {logging_mixin.py:109} INFO - [2021-10-21 12:37:48,611] {dag.py:2389} INFO - Sync 1 DAGs
[2021-10-21 12:37:48,616] {logging_mixin.py:109} INFO - [2021-10-21 12:37:48,616] {dag.py:2914} INFO - Setting next_dagrun for example_branch_labels to 2021-10-20 00:00:00+00:00
[2021-10-21 12:37:48,620] {processor.py:171} INFO - Processing /opt/anaconda3/envs/af2/lib/python3.8/site-packages/airflow/example_dags/example_branch_labels.py took 0.036 seconds
[2021-10-21 12:39:41,110] {processor.py:163} INFO - Started process (PID=25917) to work on /opt/anaconda3/envs/af2/lib/python3.8/site-packages/airflow/example_dags/example_branch_labels.py
[2021-10-21 12:39:41,111] {processor.py:620} INFO - Processing file /opt/anaconda3/envs/af2/lib/python3.8/site-packages/airflow/example_dags/example_branch_labels.py for tasks to queue
[2021-10-21 12:39:41,111] {logging_mixin.py:109} INFO - [2021-10-21 12:39:41,111] {dagbag.py:500} INFO - Filling up the DagBag from /opt/anaconda3/envs/af2/lib/python3.8/site-packages/airflow/example_dags/example_branch_labels.py
[2021-10-21 12:39:41,126] {processor.py:632} INFO - DAG(s) dict_keys(['example_branch_labels']) retrieved from /opt/anaconda3/envs/af2/lib/python3.8/site-packages/airflow/example_dags/example_branch_labels.py
[2021-10-21 12:39:41,136] {logging_mixin.py:109} INFO - [2021-10-21 12:39:41,136] {dag.py:2389} INFO - Sync 1 DAGs
[2021-10-21 12:39:41,141] {logging_mixin.py:109} INFO - [2021-10-21 12:39:41,141] {dag.py:2914} INFO - Setting next_dagrun for example_branch_labels to 2021-10-20 00:00:00+00:00
[2021-10-21 12:39:41,144] {processor.py:171} INFO - Processing /opt/anaconda3/envs/af2/lib/python3.8/site-packages/airflow/example_dags/example_branch_labels.py took 0.035 seconds
[2021-10-21 12:41:19,505] {processor.py:163} INFO - Started process (PID=26032) to work on /opt/anaconda3/envs/af2/lib/python3.8/site-packages/airflow/example_dags/example_branch_labels.py
[2021-10-21 12:41:19,505] {processor.py:620} INFO - Processing file /opt/anaconda3/envs/af2/lib/python3.8/site-packages/airflow/example_dags/example_branch_labels.py for tasks to queue
[2021-10-21 12:41:19,505] {logging_mixin.py:109} INFO - [2021-10-21 12:41:19,505] {dagbag.py:500} INFO - Filling up the DagBag from /opt/anaconda3/envs/af2/lib/python3.8/site-packages/airflow/example_dags/example_branch_labels.py
[2021-10-21 12:41:19,522] {processor.py:632} INFO - DAG(s) dict_keys(['example_branch_labels']) retrieved from /opt/anaconda3/envs/af2/lib/python3.8/site-packages/airflow/example_dags/example_branch_labels.py
[2021-10-21 12:41:19,531] {logging_mixin.py:109} INFO - [2021-10-21 12:41:19,531] {dag.py:2389} INFO - Sync 1 DAGs
[2021-10-21 12:41:19,536] {logging_mixin.py:109} INFO - [2021-10-21 12:41:19,536] {dag.py:2914} INFO - Setting next_dagrun for example_branch_labels to 2021-10-20 00:00:00+00:00
[2021-10-21 12:41:19,540] {processor.py:171} INFO - Processing /opt/anaconda3/envs/af2/lib/python3.8/site-packages/airflow/example_dags/example_branch_labels.py took 0.037 seconds
[2021-10-21 12:42:47,832] {processor.py:163} INFO - Started process (PID=26133) to work on /opt/anaconda3/envs/af2/lib/python3.8/site-packages/airflow/example_dags/example_branch_labels.py
[2021-10-21 12:42:47,833] {processor.py:620} INFO - Processing file /opt/anaconda3/envs/af2/lib/python3.8/site-packages/airflow/example_dags/example_branch_labels.py for tasks to queue
[2021-10-21 12:42:47,833] {logging_mixin.py:109} INFO - [2021-10-21 12:42:47,833] {dagbag.py:500} INFO - Filling up the DagBag from /opt/anaconda3/envs/af2/lib/python3.8/site-packages/airflow/example_dags/example_branch_labels.py
[2021-10-21 12:42:47,848] {processor.py:632} INFO - DAG(s) dict_keys(['example_branch_labels']) retrieved from /opt/anaconda3/envs/af2/lib/python3.8/site-packages/airflow/example_dags/example_branch_labels.py
[2021-10-21 12:42:47,857] {logging_mixin.py:109} INFO - [2021-10-21 12:42:47,857] {dag.py:2389} INFO - Sync 1 DAGs
[2021-10-21 12:42:47,862] {logging_mixin.py:109} INFO - [2021-10-21 12:42:47,862] {dag.py:2914} INFO - Setting next_dagrun for example_branch_labels to 2021-10-20 00:00:00+00:00
[2021-10-21 12:42:47,865] {processor.py:171} INFO - Processing /opt/anaconda3/envs/af2/lib/python3.8/site-packages/airflow/example_dags/example_branch_labels.py took 0.035 seconds
[2021-10-21 12:45:34,704] {processor.py:163} INFO - Started process (PID=26352) to work on /opt/anaconda3/envs/af2/lib/python3.8/site-packages/airflow/example_dags/example_branch_labels.py
[2021-10-21 12:45:34,705] {processor.py:620} INFO - Processing file /opt/anaconda3/envs/af2/lib/python3.8/site-packages/airflow/example_dags/example_branch_labels.py for tasks to queue
[2021-10-21 12:45:34,705] {logging_mixin.py:109} INFO - [2021-10-21 12:45:34,705] {dagbag.py:500} INFO - Filling up the DagBag from /opt/anaconda3/envs/af2/lib/python3.8/site-packages/airflow/example_dags/example_branch_labels.py
[2021-10-21 12:45:34,720] {processor.py:632} INFO - DAG(s) dict_keys(['example_branch_labels']) retrieved from /opt/anaconda3/envs/af2/lib/python3.8/site-packages/airflow/example_dags/example_branch_labels.py
[2021-10-21 12:45:34,729] {logging_mixin.py:109} INFO - [2021-10-21 12:45:34,729] {dag.py:2389} INFO - Sync 1 DAGs
[2021-10-21 12:45:34,734] {logging_mixin.py:109} INFO - [2021-10-21 12:45:34,734] {dag.py:2914} INFO - Setting next_dagrun for example_branch_labels to 2021-10-20 00:00:00+00:00
[2021-10-21 12:45:34,737] {processor.py:171} INFO - Processing /opt/anaconda3/envs/af2/lib/python3.8/site-packages/airflow/example_dags/example_branch_labels.py took 0.034 seconds
[2021-10-21 12:47:03,231] {processor.py:163} INFO - Started process (PID=26539) to work on /opt/anaconda3/envs/af2/lib/python3.8/site-packages/airflow/example_dags/example_branch_labels.py
[2021-10-21 12:47:03,231] {processor.py:620} INFO - Processing file /opt/anaconda3/envs/af2/lib/python3.8/site-packages/airflow/example_dags/example_branch_labels.py for tasks to queue
[2021-10-21 12:47:03,231] {logging_mixin.py:109} INFO - [2021-10-21 12:47:03,231] {dagbag.py:500} INFO - Filling up the DagBag from /opt/anaconda3/envs/af2/lib/python3.8/site-packages/airflow/example_dags/example_branch_labels.py
[2021-10-21 12:47:03,247] {processor.py:632} INFO - DAG(s) dict_keys(['example_branch_labels']) retrieved from /opt/anaconda3/envs/af2/lib/python3.8/site-packages/airflow/example_dags/example_branch_labels.py
[2021-10-21 12:47:03,257] {logging_mixin.py:109} INFO - [2021-10-21 12:47:03,257] {dag.py:2389} INFO - Sync 1 DAGs
[2021-10-21 12:47:03,262] {logging_mixin.py:109} INFO - [2021-10-21 12:47:03,262] {dag.py:2914} INFO - Setting next_dagrun for example_branch_labels to 2021-10-20 00:00:00+00:00
[2021-10-21 12:47:03,265] {processor.py:171} INFO - Processing /opt/anaconda3/envs/af2/lib/python3.8/site-packages/airflow/example_dags/example_branch_labels.py took 0.036 seconds
[2021-10-21 12:48:26,403] {processor.py:163} INFO - Started process (PID=26704) to work on /opt/anaconda3/envs/af2/lib/python3.8/site-packages/airflow/example_dags/example_branch_labels.py
[2021-10-21 12:48:26,403] {processor.py:620} INFO - Processing file /opt/anaconda3/envs/af2/lib/python3.8/site-packages/airflow/example_dags/example_branch_labels.py for tasks to queue
[2021-10-21 12:48:26,404] {logging_mixin.py:109} INFO - [2021-10-21 12:48:26,404] {dagbag.py:500} INFO - Filling up the DagBag from /opt/anaconda3/envs/af2/lib/python3.8/site-packages/airflow/example_dags/example_branch_labels.py
[2021-10-21 12:48:26,419] {processor.py:632} INFO - DAG(s) dict_keys(['example_branch_labels']) retrieved from /opt/anaconda3/envs/af2/lib/python3.8/site-packages/airflow/example_dags/example_branch_labels.py
[2021-10-21 12:48:26,429] {logging_mixin.py:109} INFO - [2021-10-21 12:48:26,429] {dag.py:2389} INFO - Sync 1 DAGs
[2021-10-21 12:48:26,434] {logging_mixin.py:109} INFO - [2021-10-21 12:48:26,434] {dag.py:2914} INFO - Setting next_dagrun for example_branch_labels to 2021-10-20 00:00:00+00:00
[2021-10-21 12:48:26,438] {processor.py:171} INFO - Processing /opt/anaconda3/envs/af2/lib/python3.8/site-packages/airflow/example_dags/example_branch_labels.py took 0.036 seconds
[2021-10-21 12:50:49,557] {processor.py:163} INFO - Started process (PID=26953) to work on /opt/anaconda3/envs/af2/lib/python3.8/site-packages/airflow/example_dags/example_branch_labels.py
[2021-10-21 12:50:49,558] {processor.py:620} INFO - Processing file /opt/anaconda3/envs/af2/lib/python3.8/site-packages/airflow/example_dags/example_branch_labels.py for tasks to queue
[2021-10-21 12:50:49,558] {logging_mixin.py:109} INFO - [2021-10-21 12:50:49,558] {dagbag.py:500} INFO - Filling up the DagBag from /opt/anaconda3/envs/af2/lib/python3.8/site-packages/airflow/example_dags/example_branch_labels.py
[2021-10-21 12:50:49,573] {processor.py:632} INFO - DAG(s) dict_keys(['example_branch_labels']) retrieved from /opt/anaconda3/envs/af2/lib/python3.8/site-packages/airflow/example_dags/example_branch_labels.py
[2021-10-21 12:50:49,583] {logging_mixin.py:109} INFO - [2021-10-21 12:50:49,583] {dag.py:2389} INFO - Sync 1 DAGs
[2021-10-21 12:50:49,588] {logging_mixin.py:109} INFO - [2021-10-21 12:50:49,588] {dag.py:2914} INFO - Setting next_dagrun for example_branch_labels to 2021-10-20 00:00:00+00:00
[2021-10-21 12:50:49,591] {processor.py:171} INFO - Processing /opt/anaconda3/envs/af2/lib/python3.8/site-packages/airflow/example_dags/example_branch_labels.py took 0.035 seconds
[2021-10-21 12:53:06,140] {processor.py:163} INFO - Started process (PID=27121) to work on /opt/anaconda3/envs/af2/lib/python3.8/site-packages/airflow/example_dags/example_branch_labels.py
[2021-10-21 12:53:06,141] {processor.py:620} INFO - Processing file /opt/anaconda3/envs/af2/lib/python3.8/site-packages/airflow/example_dags/example_branch_labels.py for tasks to queue
[2021-10-21 12:53:06,141] {logging_mixin.py:109} INFO - [2021-10-21 12:53:06,141] {dagbag.py:500} INFO - Filling up the DagBag from /opt/anaconda3/envs/af2/lib/python3.8/site-packages/airflow/example_dags/example_branch_labels.py
[2021-10-21 12:53:06,156] {processor.py:632} INFO - DAG(s) dict_keys(['example_branch_labels']) retrieved from /opt/anaconda3/envs/af2/lib/python3.8/site-packages/airflow/example_dags/example_branch_labels.py
[2021-10-21 12:53:06,165] {logging_mixin.py:109} INFO - [2021-10-21 12:53:06,165] {dag.py:2389} INFO - Sync 1 DAGs
[2021-10-21 12:53:06,170] {logging_mixin.py:109} INFO - [2021-10-21 12:53:06,170] {dag.py:2914} INFO - Setting next_dagrun for example_branch_labels to 2021-10-20 00:00:00+00:00
[2021-10-21 12:53:06,173] {processor.py:171} INFO - Processing /opt/anaconda3/envs/af2/lib/python3.8/site-packages/airflow/example_dags/example_branch_labels.py took 0.035 seconds
[2021-10-21 12:54:31,725] {processor.py:163} INFO - Started process (PID=27234) to work on /opt/anaconda3/envs/af2/lib/python3.8/site-packages/airflow/example_dags/example_branch_labels.py
[2021-10-21 12:54:31,726] {processor.py:620} INFO - Processing file /opt/anaconda3/envs/af2/lib/python3.8/site-packages/airflow/example_dags/example_branch_labels.py for tasks to queue
[2021-10-21 12:54:31,726] {logging_mixin.py:109} INFO - [2021-10-21 12:54:31,726] {dagbag.py:500} INFO - Filling up the DagBag from /opt/anaconda3/envs/af2/lib/python3.8/site-packages/airflow/example_dags/example_branch_labels.py
[2021-10-21 12:54:31,742] {processor.py:632} INFO - DAG(s) dict_keys(['example_branch_labels']) retrieved from /opt/anaconda3/envs/af2/lib/python3.8/site-packages/airflow/example_dags/example_branch_labels.py
[2021-10-21 12:54:31,751] {logging_mixin.py:109} INFO - [2021-10-21 12:54:31,751] {dag.py:2389} INFO - Sync 1 DAGs
[2021-10-21 12:54:31,755] {logging_mixin.py:109} INFO - [2021-10-21 12:54:31,755] {dag.py:2914} INFO - Setting next_dagrun for example_branch_labels to 2021-10-20 00:00:00+00:00
[2021-10-21 12:54:31,759] {processor.py:171} INFO - Processing /opt/anaconda3/envs/af2/lib/python3.8/site-packages/airflow/example_dags/example_branch_labels.py took 0.034 seconds
[2021-10-21 12:56:00,436] {processor.py:163} INFO - Started process (PID=27333) to work on /opt/anaconda3/envs/af2/lib/python3.8/site-packages/airflow/example_dags/example_branch_labels.py
[2021-10-21 12:56:00,437] {processor.py:620} INFO - Processing file /opt/anaconda3/envs/af2/lib/python3.8/site-packages/airflow/example_dags/example_branch_labels.py for tasks to queue
[2021-10-21 12:56:00,437] {logging_mixin.py:109} INFO - [2021-10-21 12:56:00,437] {dagbag.py:500} INFO - Filling up the DagBag from /opt/anaconda3/envs/af2/lib/python3.8/site-packages/airflow/example_dags/example_branch_labels.py
[2021-10-21 12:56:00,456] {processor.py:632} INFO - DAG(s) dict_keys(['example_branch_labels']) retrieved from /opt/anaconda3/envs/af2/lib/python3.8/site-packages/airflow/example_dags/example_branch_labels.py
[2021-10-21 12:56:00,465] {logging_mixin.py:109} INFO - [2021-10-21 12:56:00,465] {dag.py:2389} INFO - Sync 1 DAGs
[2021-10-21 12:56:00,470] {logging_mixin.py:109} INFO - [2021-10-21 12:56:00,470] {dag.py:2914} INFO - Setting next_dagrun for example_branch_labels to 2021-10-20 00:00:00+00:00
[2021-10-21 12:56:00,473] {processor.py:171} INFO - Processing /opt/anaconda3/envs/af2/lib/python3.8/site-packages/airflow/example_dags/example_branch_labels.py took 0.038 seconds
[2021-10-21 12:57:28,736] {processor.py:163} INFO - Started process (PID=27448) to work on /opt/anaconda3/envs/af2/lib/python3.8/site-packages/airflow/example_dags/example_branch_labels.py
[2021-10-21 12:57:28,736] {processor.py:620} INFO - Processing file /opt/anaconda3/envs/af2/lib/python3.8/site-packages/airflow/example_dags/example_branch_labels.py for tasks to queue
[2021-10-21 12:57:28,736] {logging_mixin.py:109} INFO - [2021-10-21 12:57:28,736] {dagbag.py:500} INFO - Filling up the DagBag from /opt/anaconda3/envs/af2/lib/python3.8/site-packages/airflow/example_dags/example_branch_labels.py
[2021-10-21 12:57:28,754] {processor.py:632} INFO - DAG(s) dict_keys(['example_branch_labels']) retrieved from /opt/anaconda3/envs/af2/lib/python3.8/site-packages/airflow/example_dags/example_branch_labels.py
[2021-10-21 12:57:28,764] {logging_mixin.py:109} INFO - [2021-10-21 12:57:28,764] {dag.py:2389} INFO - Sync 1 DAGs
[2021-10-21 12:57:28,769] {logging_mixin.py:109} INFO - [2021-10-21 12:57:28,769] {dag.py:2914} INFO - Setting next_dagrun for example_branch_labels to 2021-10-20 00:00:00+00:00
[2021-10-21 12:57:28,773] {processor.py:171} INFO - Processing /opt/anaconda3/envs/af2/lib/python3.8/site-packages/airflow/example_dags/example_branch_labels.py took 0.039 seconds
[2021-10-21 12:59:00,191] {processor.py:163} INFO - Started process (PID=27559) to work on /opt/anaconda3/envs/af2/lib/python3.8/site-packages/airflow/example_dags/example_branch_labels.py
[2021-10-21 12:59:00,192] {processor.py:620} INFO - Processing file /opt/anaconda3/envs/af2/lib/python3.8/site-packages/airflow/example_dags/example_branch_labels.py for tasks to queue
[2021-10-21 12:59:00,192] {logging_mixin.py:109} INFO - [2021-10-21 12:59:00,192] {dagbag.py:500} INFO - Filling up the DagBag from /opt/anaconda3/envs/af2/lib/python3.8/site-packages/airflow/example_dags/example_branch_labels.py
[2021-10-21 12:59:00,207] {processor.py:632} INFO - DAG(s) dict_keys(['example_branch_labels']) retrieved from /opt/anaconda3/envs/af2/lib/python3.8/site-packages/airflow/example_dags/example_branch_labels.py
[2021-10-21 12:59:00,217] {logging_mixin.py:109} INFO - [2021-10-21 12:59:00,217] {dag.py:2389} INFO - Sync 1 DAGs
[2021-10-21 12:59:00,222] {logging_mixin.py:109} INFO - [2021-10-21 12:59:00,222] {dag.py:2914} INFO - Setting next_dagrun for example_branch_labels to 2021-10-20 00:00:00+00:00
[2021-10-21 12:59:00,226] {processor.py:171} INFO - Processing /opt/anaconda3/envs/af2/lib/python3.8/site-packages/airflow/example_dags/example_branch_labels.py took 0.036 seconds
[2021-10-21 13:00:32,876] {processor.py:163} INFO - Started process (PID=27657) to work on /opt/anaconda3/envs/af2/lib/python3.8/site-packages/airflow/example_dags/example_branch_labels.py
[2021-10-21 13:00:32,877] {processor.py:620} INFO - Processing file /opt/anaconda3/envs/af2/lib/python3.8/site-packages/airflow/example_dags/example_branch_labels.py for tasks to queue
[2021-10-21 13:00:32,877] {logging_mixin.py:109} INFO - [2021-10-21 13:00:32,877] {dagbag.py:500} INFO - Filling up the DagBag from /opt/anaconda3/envs/af2/lib/python3.8/site-packages/airflow/example_dags/example_branch_labels.py
[2021-10-21 13:00:32,893] {processor.py:632} INFO - DAG(s) dict_keys(['example_branch_labels']) retrieved from /opt/anaconda3/envs/af2/lib/python3.8/site-packages/airflow/example_dags/example_branch_labels.py
[2021-10-21 13:00:32,901] {logging_mixin.py:109} INFO - [2021-10-21 13:00:32,901] {dag.py:2389} INFO - Sync 1 DAGs
[2021-10-21 13:00:32,906] {logging_mixin.py:109} INFO - [2021-10-21 13:00:32,906] {dag.py:2914} INFO - Setting next_dagrun for example_branch_labels to 2021-10-20 00:00:00+00:00
[2021-10-21 13:00:32,909] {processor.py:171} INFO - Processing /opt/anaconda3/envs/af2/lib/python3.8/site-packages/airflow/example_dags/example_branch_labels.py took 0.034 seconds
[2021-10-21 13:02:03,799] {processor.py:163} INFO - Started process (PID=27757) to work on /opt/anaconda3/envs/af2/lib/python3.8/site-packages/airflow/example_dags/example_branch_labels.py
[2021-10-21 13:02:03,800] {processor.py:620} INFO - Processing file /opt/anaconda3/envs/af2/lib/python3.8/site-packages/airflow/example_dags/example_branch_labels.py for tasks to queue
[2021-10-21 13:02:03,800] {logging_mixin.py:109} INFO - [2021-10-21 13:02:03,800] {dagbag.py:500} INFO - Filling up the DagBag from /opt/anaconda3/envs/af2/lib/python3.8/site-packages/airflow/example_dags/example_branch_labels.py
[2021-10-21 13:02:03,815] {processor.py:632} INFO - DAG(s) dict_keys(['example_branch_labels']) retrieved from /opt/anaconda3/envs/af2/lib/python3.8/site-packages/airflow/example_dags/example_branch_labels.py
[2021-10-21 13:02:03,827] {logging_mixin.py:109} INFO - [2021-10-21 13:02:03,826] {dag.py:2389} INFO - Sync 1 DAGs
[2021-10-21 13:02:03,832] {logging_mixin.py:109} INFO - [2021-10-21 13:02:03,832] {dag.py:2914} INFO - Setting next_dagrun for example_branch_labels to 2021-10-20 00:00:00+00:00
[2021-10-21 13:02:03,835] {processor.py:171} INFO - Processing /opt/anaconda3/envs/af2/lib/python3.8/site-packages/airflow/example_dags/example_branch_labels.py took 0.037 seconds
[2021-10-21 13:03:32,880] {processor.py:163} INFO - Started process (PID=27889) to work on /opt/anaconda3/envs/af2/lib/python3.8/site-packages/airflow/example_dags/example_branch_labels.py
[2021-10-21 13:03:32,881] {processor.py:620} INFO - Processing file /opt/anaconda3/envs/af2/lib/python3.8/site-packages/airflow/example_dags/example_branch_labels.py for tasks to queue
[2021-10-21 13:03:32,881] {logging_mixin.py:109} INFO - [2021-10-21 13:03:32,881] {dagbag.py:500} INFO - Filling up the DagBag from /opt/anaconda3/envs/af2/lib/python3.8/site-packages/airflow/example_dags/example_branch_labels.py
[2021-10-21 13:03:32,897] {processor.py:632} INFO - DAG(s) dict_keys(['example_branch_labels']) retrieved from /opt/anaconda3/envs/af2/lib/python3.8/site-packages/airflow/example_dags/example_branch_labels.py
[2021-10-21 13:03:32,907] {logging_mixin.py:109} INFO - [2021-10-21 13:03:32,906] {dag.py:2389} INFO - Sync 1 DAGs
[2021-10-21 13:03:32,912] {logging_mixin.py:109} INFO - [2021-10-21 13:03:32,912] {dag.py:2914} INFO - Setting next_dagrun for example_branch_labels to 2021-10-20 00:00:00+00:00
[2021-10-21 13:03:32,915] {processor.py:171} INFO - Processing /opt/anaconda3/envs/af2/lib/python3.8/site-packages/airflow/example_dags/example_branch_labels.py took 0.036 seconds
[2021-10-21 13:05:03,301] {processor.py:163} INFO - Started process (PID=27990) to work on /opt/anaconda3/envs/af2/lib/python3.8/site-packages/airflow/example_dags/example_branch_labels.py
[2021-10-21 13:05:03,303] {processor.py:620} INFO - Processing file /opt/anaconda3/envs/af2/lib/python3.8/site-packages/airflow/example_dags/example_branch_labels.py for tasks to queue
[2021-10-21 13:05:03,304] {logging_mixin.py:109} INFO - [2021-10-21 13:05:03,304] {dagbag.py:500} INFO - Filling up the DagBag from /opt/anaconda3/envs/af2/lib/python3.8/site-packages/airflow/example_dags/example_branch_labels.py
[2021-10-21 13:05:03,319] {processor.py:632} INFO - DAG(s) dict_keys(['example_branch_labels']) retrieved from /opt/anaconda3/envs/af2/lib/python3.8/site-packages/airflow/example_dags/example_branch_labels.py
[2021-10-21 13:05:03,328] {logging_mixin.py:109} INFO - [2021-10-21 13:05:03,328] {dag.py:2389} INFO - Sync 1 DAGs
[2021-10-21 13:05:03,333] {logging_mixin.py:109} INFO - [2021-10-21 13:05:03,333] {dag.py:2914} INFO - Setting next_dagrun for example_branch_labels to 2021-10-20 00:00:00+00:00
[2021-10-21 13:05:03,336] {processor.py:171} INFO - Processing /opt/anaconda3/envs/af2/lib/python3.8/site-packages/airflow/example_dags/example_branch_labels.py took 0.036 seconds
[2021-10-21 13:06:35,163] {processor.py:163} INFO - Started process (PID=28155) to work on /opt/anaconda3/envs/af2/lib/python3.8/site-packages/airflow/example_dags/example_branch_labels.py
[2021-10-21 13:06:35,164] {processor.py:620} INFO - Processing file /opt/anaconda3/envs/af2/lib/python3.8/site-packages/airflow/example_dags/example_branch_labels.py for tasks to queue
[2021-10-21 13:06:35,164] {logging_mixin.py:109} INFO - [2021-10-21 13:06:35,164] {dagbag.py:500} INFO - Filling up the DagBag from /opt/anaconda3/envs/af2/lib/python3.8/site-packages/airflow/example_dags/example_branch_labels.py
[2021-10-21 13:06:35,179] {processor.py:632} INFO - DAG(s) dict_keys(['example_branch_labels']) retrieved from /opt/anaconda3/envs/af2/lib/python3.8/site-packages/airflow/example_dags/example_branch_labels.py
[2021-10-21 13:06:35,189] {logging_mixin.py:109} INFO - [2021-10-21 13:06:35,189] {dag.py:2389} INFO - Sync 1 DAGs
[2021-10-21 13:06:35,194] {logging_mixin.py:109} INFO - [2021-10-21 13:06:35,194] {dag.py:2914} INFO - Setting next_dagrun for example_branch_labels to 2021-10-20 00:00:00+00:00
[2021-10-21 13:06:35,198] {processor.py:171} INFO - Processing /opt/anaconda3/envs/af2/lib/python3.8/site-packages/airflow/example_dags/example_branch_labels.py took 0.036 seconds
[2021-10-21 13:08:04,051] {processor.py:163} INFO - Started process (PID=28273) to work on /opt/anaconda3/envs/af2/lib/python3.8/site-packages/airflow/example_dags/example_branch_labels.py
[2021-10-21 13:08:04,052] {processor.py:620} INFO - Processing file /opt/anaconda3/envs/af2/lib/python3.8/site-packages/airflow/example_dags/example_branch_labels.py for tasks to queue
[2021-10-21 13:08:04,052] {logging_mixin.py:109} INFO - [2021-10-21 13:08:04,052] {dagbag.py:500} INFO - Filling up the DagBag from /opt/anaconda3/envs/af2/lib/python3.8/site-packages/airflow/example_dags/example_branch_labels.py
[2021-10-21 13:08:04,067] {processor.py:632} INFO - DAG(s) dict_keys(['example_branch_labels']) retrieved from /opt/anaconda3/envs/af2/lib/python3.8/site-packages/airflow/example_dags/example_branch_labels.py
[2021-10-21 13:08:04,076] {logging_mixin.py:109} INFO - [2021-10-21 13:08:04,076] {dag.py:2389} INFO - Sync 1 DAGs
[2021-10-21 13:08:04,081] {logging_mixin.py:109} INFO - [2021-10-21 13:08:04,081] {dag.py:2914} INFO - Setting next_dagrun for example_branch_labels to 2021-10-20 00:00:00+00:00
[2021-10-21 13:08:04,084] {processor.py:171} INFO - Processing /opt/anaconda3/envs/af2/lib/python3.8/site-packages/airflow/example_dags/example_branch_labels.py took 0.034 seconds
