[2021-10-21 12:02:30,836] {processor.py:163} INFO - Started process (PID=22420) to work on /opt/anaconda3/envs/af2/lib/python3.8/site-packages/airflow/example_dags/example_branch_python_dop_operator_3.py
[2021-10-21 12:02:30,837] {processor.py:620} INFO - Processing file /opt/anaconda3/envs/af2/lib/python3.8/site-packages/airflow/example_dags/example_branch_python_dop_operator_3.py for tasks to queue
[2021-10-21 12:02:30,837] {logging_mixin.py:109} INFO - [2021-10-21 12:02:30,837] {dagbag.py:500} INFO - Filling up the DagBag from /opt/anaconda3/envs/af2/lib/python3.8/site-packages/airflow/example_dags/example_branch_python_dop_operator_3.py
[2021-10-21 12:02:30,862] {processor.py:632} INFO - DAG(s) dict_keys(['example_branch_dop_operator_v3']) retrieved from /opt/anaconda3/envs/af2/lib/python3.8/site-packages/airflow/example_dags/example_branch_python_dop_operator_3.py
[2021-10-21 12:02:30,872] {logging_mixin.py:109} INFO - [2021-10-21 12:02:30,871] {dag.py:2389} INFO - Sync 1 DAGs
[2021-10-21 12:02:30,878] {logging_mixin.py:109} INFO - [2021-10-21 12:02:30,878] {dag.py:2914} INFO - Setting next_dagrun for example_branch_dop_operator_v3 to 2021-10-21T10:01:00+00:00
[2021-10-21 12:02:30,882] {processor.py:171} INFO - Processing /opt/anaconda3/envs/af2/lib/python3.8/site-packages/airflow/example_dags/example_branch_python_dop_operator_3.py took 0.046 seconds
[2021-10-21 12:04:03,210] {processor.py:163} INFO - Started process (PID=22580) to work on /opt/anaconda3/envs/af2/lib/python3.8/site-packages/airflow/example_dags/example_branch_python_dop_operator_3.py
[2021-10-21 12:04:03,210] {processor.py:620} INFO - Processing file /opt/anaconda3/envs/af2/lib/python3.8/site-packages/airflow/example_dags/example_branch_python_dop_operator_3.py for tasks to queue
[2021-10-21 12:04:03,210] {logging_mixin.py:109} INFO - [2021-10-21 12:04:03,210] {dagbag.py:500} INFO - Filling up the DagBag from /opt/anaconda3/envs/af2/lib/python3.8/site-packages/airflow/example_dags/example_branch_python_dop_operator_3.py
[2021-10-21 12:04:03,234] {processor.py:632} INFO - DAG(s) dict_keys(['example_branch_dop_operator_v3']) retrieved from /opt/anaconda3/envs/af2/lib/python3.8/site-packages/airflow/example_dags/example_branch_python_dop_operator_3.py
[2021-10-21 12:04:03,244] {logging_mixin.py:109} INFO - [2021-10-21 12:04:03,244] {dag.py:2389} INFO - Sync 1 DAGs
[2021-10-21 12:04:03,250] {logging_mixin.py:109} INFO - [2021-10-21 12:04:03,250] {dag.py:2914} INFO - Setting next_dagrun for example_branch_dop_operator_v3 to 2021-10-21T10:03:00+00:00
[2021-10-21 12:04:03,254] {processor.py:171} INFO - Processing /opt/anaconda3/envs/af2/lib/python3.8/site-packages/airflow/example_dags/example_branch_python_dop_operator_3.py took 0.045 seconds
[2021-10-21 12:12:18,801] {processor.py:163} INFO - Started process (PID=23119) to work on /opt/anaconda3/envs/af2/lib/python3.8/site-packages/airflow/example_dags/example_branch_python_dop_operator_3.py
[2021-10-21 12:12:18,801] {processor.py:620} INFO - Processing file /opt/anaconda3/envs/af2/lib/python3.8/site-packages/airflow/example_dags/example_branch_python_dop_operator_3.py for tasks to queue
[2021-10-21 12:12:18,801] {logging_mixin.py:109} INFO - [2021-10-21 12:12:18,801] {dagbag.py:500} INFO - Filling up the DagBag from /opt/anaconda3/envs/af2/lib/python3.8/site-packages/airflow/example_dags/example_branch_python_dop_operator_3.py
[2021-10-21 12:12:18,829] {processor.py:632} INFO - DAG(s) dict_keys(['example_branch_dop_operator_v3']) retrieved from /opt/anaconda3/envs/af2/lib/python3.8/site-packages/airflow/example_dags/example_branch_python_dop_operator_3.py
[2021-10-21 12:12:18,840] {logging_mixin.py:109} INFO - [2021-10-21 12:12:18,840] {dag.py:2389} INFO - Sync 1 DAGs
[2021-10-21 12:12:18,847] {logging_mixin.py:109} INFO - [2021-10-21 12:12:18,847] {dag.py:2914} INFO - Setting next_dagrun for example_branch_dop_operator_v3 to 2021-10-21T10:11:00+00:00
[2021-10-21 12:12:18,850] {processor.py:171} INFO - Processing /opt/anaconda3/envs/af2/lib/python3.8/site-packages/airflow/example_dags/example_branch_python_dop_operator_3.py took 0.050 seconds
[2021-10-21 12:13:34,917] {processor.py:163} INFO - Started process (PID=23247) to work on /opt/anaconda3/envs/af2/lib/python3.8/site-packages/airflow/example_dags/example_branch_python_dop_operator_3.py
[2021-10-21 12:13:34,918] {processor.py:620} INFO - Processing file /opt/anaconda3/envs/af2/lib/python3.8/site-packages/airflow/example_dags/example_branch_python_dop_operator_3.py for tasks to queue
[2021-10-21 12:13:34,919] {logging_mixin.py:109} INFO - [2021-10-21 12:13:34,919] {dagbag.py:500} INFO - Filling up the DagBag from /opt/anaconda3/envs/af2/lib/python3.8/site-packages/airflow/example_dags/example_branch_python_dop_operator_3.py
[2021-10-21 12:13:34,943] {processor.py:632} INFO - DAG(s) dict_keys(['example_branch_dop_operator_v3']) retrieved from /opt/anaconda3/envs/af2/lib/python3.8/site-packages/airflow/example_dags/example_branch_python_dop_operator_3.py
[2021-10-21 12:13:34,953] {logging_mixin.py:109} INFO - [2021-10-21 12:13:34,953] {dag.py:2389} INFO - Sync 1 DAGs
[2021-10-21 12:13:34,960] {logging_mixin.py:109} INFO - [2021-10-21 12:13:34,960] {dag.py:2914} INFO - Setting next_dagrun for example_branch_dop_operator_v3 to 2021-10-21T10:12:00+00:00
[2021-10-21 12:13:34,963] {processor.py:171} INFO - Processing /opt/anaconda3/envs/af2/lib/python3.8/site-packages/airflow/example_dags/example_branch_python_dop_operator_3.py took 0.046 seconds
[2021-10-21 12:14:49,897] {processor.py:163} INFO - Started process (PID=23341) to work on /opt/anaconda3/envs/af2/lib/python3.8/site-packages/airflow/example_dags/example_branch_python_dop_operator_3.py
[2021-10-21 12:14:49,897] {processor.py:620} INFO - Processing file /opt/anaconda3/envs/af2/lib/python3.8/site-packages/airflow/example_dags/example_branch_python_dop_operator_3.py for tasks to queue
[2021-10-21 12:14:49,897] {logging_mixin.py:109} INFO - [2021-10-21 12:14:49,897] {dagbag.py:500} INFO - Filling up the DagBag from /opt/anaconda3/envs/af2/lib/python3.8/site-packages/airflow/example_dags/example_branch_python_dop_operator_3.py
[2021-10-21 12:14:49,923] {processor.py:632} INFO - DAG(s) dict_keys(['example_branch_dop_operator_v3']) retrieved from /opt/anaconda3/envs/af2/lib/python3.8/site-packages/airflow/example_dags/example_branch_python_dop_operator_3.py
[2021-10-21 12:14:49,935] {logging_mixin.py:109} INFO - [2021-10-21 12:14:49,935] {dag.py:2389} INFO - Sync 1 DAGs
[2021-10-21 12:14:49,942] {logging_mixin.py:109} INFO - [2021-10-21 12:14:49,942] {dag.py:2914} INFO - Setting next_dagrun for example_branch_dop_operator_v3 to 2021-10-21T10:13:00+00:00
[2021-10-21 12:14:49,946] {processor.py:171} INFO - Processing /opt/anaconda3/envs/af2/lib/python3.8/site-packages/airflow/example_dags/example_branch_python_dop_operator_3.py took 0.050 seconds
[2021-10-21 12:16:07,185] {processor.py:163} INFO - Started process (PID=23478) to work on /opt/anaconda3/envs/af2/lib/python3.8/site-packages/airflow/example_dags/example_branch_python_dop_operator_3.py
[2021-10-21 12:16:07,186] {processor.py:620} INFO - Processing file /opt/anaconda3/envs/af2/lib/python3.8/site-packages/airflow/example_dags/example_branch_python_dop_operator_3.py for tasks to queue
[2021-10-21 12:16:07,187] {logging_mixin.py:109} INFO - [2021-10-21 12:16:07,187] {dagbag.py:500} INFO - Filling up the DagBag from /opt/anaconda3/envs/af2/lib/python3.8/site-packages/airflow/example_dags/example_branch_python_dop_operator_3.py
[2021-10-21 12:16:07,211] {processor.py:632} INFO - DAG(s) dict_keys(['example_branch_dop_operator_v3']) retrieved from /opt/anaconda3/envs/af2/lib/python3.8/site-packages/airflow/example_dags/example_branch_python_dop_operator_3.py
[2021-10-21 12:16:07,220] {logging_mixin.py:109} INFO - [2021-10-21 12:16:07,220] {dag.py:2389} INFO - Sync 1 DAGs
[2021-10-21 12:16:07,227] {logging_mixin.py:109} INFO - [2021-10-21 12:16:07,227] {dag.py:2914} INFO - Setting next_dagrun for example_branch_dop_operator_v3 to 2021-10-21T10:15:00+00:00
[2021-10-21 12:16:07,230] {processor.py:171} INFO - Processing /opt/anaconda3/envs/af2/lib/python3.8/site-packages/airflow/example_dags/example_branch_python_dop_operator_3.py took 0.045 seconds
[2021-10-21 12:17:21,289] {processor.py:163} INFO - Started process (PID=23585) to work on /opt/anaconda3/envs/af2/lib/python3.8/site-packages/airflow/example_dags/example_branch_python_dop_operator_3.py
[2021-10-21 12:17:21,290] {processor.py:620} INFO - Processing file /opt/anaconda3/envs/af2/lib/python3.8/site-packages/airflow/example_dags/example_branch_python_dop_operator_3.py for tasks to queue
[2021-10-21 12:17:21,290] {logging_mixin.py:109} INFO - [2021-10-21 12:17:21,290] {dagbag.py:500} INFO - Filling up the DagBag from /opt/anaconda3/envs/af2/lib/python3.8/site-packages/airflow/example_dags/example_branch_python_dop_operator_3.py
[2021-10-21 12:17:21,314] {processor.py:632} INFO - DAG(s) dict_keys(['example_branch_dop_operator_v3']) retrieved from /opt/anaconda3/envs/af2/lib/python3.8/site-packages/airflow/example_dags/example_branch_python_dop_operator_3.py
[2021-10-21 12:17:21,323] {logging_mixin.py:109} INFO - [2021-10-21 12:17:21,323] {dag.py:2389} INFO - Sync 1 DAGs
[2021-10-21 12:17:21,330] {logging_mixin.py:109} INFO - [2021-10-21 12:17:21,330] {dag.py:2914} INFO - Setting next_dagrun for example_branch_dop_operator_v3 to 2021-10-21T10:16:00+00:00
[2021-10-21 12:17:21,333] {processor.py:171} INFO - Processing /opt/anaconda3/envs/af2/lib/python3.8/site-packages/airflow/example_dags/example_branch_python_dop_operator_3.py took 0.044 seconds
[2021-10-21 12:18:35,787] {processor.py:163} INFO - Started process (PID=23742) to work on /opt/anaconda3/envs/af2/lib/python3.8/site-packages/airflow/example_dags/example_branch_python_dop_operator_3.py
[2021-10-21 12:18:35,788] {processor.py:620} INFO - Processing file /opt/anaconda3/envs/af2/lib/python3.8/site-packages/airflow/example_dags/example_branch_python_dop_operator_3.py for tasks to queue
[2021-10-21 12:18:35,788] {logging_mixin.py:109} INFO - [2021-10-21 12:18:35,788] {dagbag.py:500} INFO - Filling up the DagBag from /opt/anaconda3/envs/af2/lib/python3.8/site-packages/airflow/example_dags/example_branch_python_dop_operator_3.py
[2021-10-21 12:18:35,813] {processor.py:632} INFO - DAG(s) dict_keys(['example_branch_dop_operator_v3']) retrieved from /opt/anaconda3/envs/af2/lib/python3.8/site-packages/airflow/example_dags/example_branch_python_dop_operator_3.py
[2021-10-21 12:18:35,823] {logging_mixin.py:109} INFO - [2021-10-21 12:18:35,823] {dag.py:2389} INFO - Sync 1 DAGs
[2021-10-21 12:18:35,829] {logging_mixin.py:109} INFO - [2021-10-21 12:18:35,829] {dag.py:2914} INFO - Setting next_dagrun for example_branch_dop_operator_v3 to 2021-10-21T10:17:00+00:00
[2021-10-21 12:18:35,833] {processor.py:171} INFO - Processing /opt/anaconda3/envs/af2/lib/python3.8/site-packages/airflow/example_dags/example_branch_python_dop_operator_3.py took 0.046 seconds
[2021-10-21 12:19:49,355] {processor.py:163} INFO - Started process (PID=23876) to work on /opt/anaconda3/envs/af2/lib/python3.8/site-packages/airflow/example_dags/example_branch_python_dop_operator_3.py
[2021-10-21 12:19:49,356] {processor.py:620} INFO - Processing file /opt/anaconda3/envs/af2/lib/python3.8/site-packages/airflow/example_dags/example_branch_python_dop_operator_3.py for tasks to queue
[2021-10-21 12:19:49,356] {logging_mixin.py:109} INFO - [2021-10-21 12:19:49,356] {dagbag.py:500} INFO - Filling up the DagBag from /opt/anaconda3/envs/af2/lib/python3.8/site-packages/airflow/example_dags/example_branch_python_dop_operator_3.py
[2021-10-21 12:19:49,380] {processor.py:632} INFO - DAG(s) dict_keys(['example_branch_dop_operator_v3']) retrieved from /opt/anaconda3/envs/af2/lib/python3.8/site-packages/airflow/example_dags/example_branch_python_dop_operator_3.py
[2021-10-21 12:19:49,389] {logging_mixin.py:109} INFO - [2021-10-21 12:19:49,389] {dag.py:2389} INFO - Sync 1 DAGs
[2021-10-21 12:19:49,395] {logging_mixin.py:109} INFO - [2021-10-21 12:19:49,395] {dag.py:2914} INFO - Setting next_dagrun for example_branch_dop_operator_v3 to 2021-10-21T10:18:00+00:00
[2021-10-21 12:19:49,399] {processor.py:171} INFO - Processing /opt/anaconda3/envs/af2/lib/python3.8/site-packages/airflow/example_dags/example_branch_python_dop_operator_3.py took 0.044 seconds
[2021-10-21 12:21:01,256] {processor.py:163} INFO - Started process (PID=24042) to work on /opt/anaconda3/envs/af2/lib/python3.8/site-packages/airflow/example_dags/example_branch_python_dop_operator_3.py
[2021-10-21 12:21:01,257] {processor.py:620} INFO - Processing file /opt/anaconda3/envs/af2/lib/python3.8/site-packages/airflow/example_dags/example_branch_python_dop_operator_3.py for tasks to queue
[2021-10-21 12:21:01,257] {logging_mixin.py:109} INFO - [2021-10-21 12:21:01,257] {dagbag.py:500} INFO - Filling up the DagBag from /opt/anaconda3/envs/af2/lib/python3.8/site-packages/airflow/example_dags/example_branch_python_dop_operator_3.py
[2021-10-21 12:21:01,281] {processor.py:632} INFO - DAG(s) dict_keys(['example_branch_dop_operator_v3']) retrieved from /opt/anaconda3/envs/af2/lib/python3.8/site-packages/airflow/example_dags/example_branch_python_dop_operator_3.py
[2021-10-21 12:21:01,290] {logging_mixin.py:109} INFO - [2021-10-21 12:21:01,290] {dag.py:2389} INFO - Sync 1 DAGs
[2021-10-21 12:21:01,297] {logging_mixin.py:109} INFO - [2021-10-21 12:21:01,297] {dag.py:2914} INFO - Setting next_dagrun for example_branch_dop_operator_v3 to 2021-10-21T10:20:00+00:00
[2021-10-21 12:21:01,300] {processor.py:171} INFO - Processing /opt/anaconda3/envs/af2/lib/python3.8/site-packages/airflow/example_dags/example_branch_python_dop_operator_3.py took 0.045 seconds
[2021-10-21 12:22:06,499] {processor.py:163} INFO - Started process (PID=24148) to work on /opt/anaconda3/envs/af2/lib/python3.8/site-packages/airflow/example_dags/example_branch_python_dop_operator_3.py
[2021-10-21 12:22:06,499] {processor.py:620} INFO - Processing file /opt/anaconda3/envs/af2/lib/python3.8/site-packages/airflow/example_dags/example_branch_python_dop_operator_3.py for tasks to queue
[2021-10-21 12:22:06,500] {logging_mixin.py:109} INFO - [2021-10-21 12:22:06,500] {dagbag.py:500} INFO - Filling up the DagBag from /opt/anaconda3/envs/af2/lib/python3.8/site-packages/airflow/example_dags/example_branch_python_dop_operator_3.py
[2021-10-21 12:22:06,523] {processor.py:632} INFO - DAG(s) dict_keys(['example_branch_dop_operator_v3']) retrieved from /opt/anaconda3/envs/af2/lib/python3.8/site-packages/airflow/example_dags/example_branch_python_dop_operator_3.py
[2021-10-21 12:22:06,533] {logging_mixin.py:109} INFO - [2021-10-21 12:22:06,533] {dag.py:2389} INFO - Sync 1 DAGs
[2021-10-21 12:22:06,539] {logging_mixin.py:109} INFO - [2021-10-21 12:22:06,539] {dag.py:2914} INFO - Setting next_dagrun for example_branch_dop_operator_v3 to 2021-10-21T10:21:00+00:00
[2021-10-21 12:22:06,543] {processor.py:171} INFO - Processing /opt/anaconda3/envs/af2/lib/python3.8/site-packages/airflow/example_dags/example_branch_python_dop_operator_3.py took 0.044 seconds
[2021-10-21 12:23:18,887] {processor.py:163} INFO - Started process (PID=24320) to work on /opt/anaconda3/envs/af2/lib/python3.8/site-packages/airflow/example_dags/example_branch_python_dop_operator_3.py
[2021-10-21 12:23:18,888] {processor.py:620} INFO - Processing file /opt/anaconda3/envs/af2/lib/python3.8/site-packages/airflow/example_dags/example_branch_python_dop_operator_3.py for tasks to queue
[2021-10-21 12:23:18,889] {logging_mixin.py:109} INFO - [2021-10-21 12:23:18,889] {dagbag.py:500} INFO - Filling up the DagBag from /opt/anaconda3/envs/af2/lib/python3.8/site-packages/airflow/example_dags/example_branch_python_dop_operator_3.py
[2021-10-21 12:23:18,912] {processor.py:632} INFO - DAG(s) dict_keys(['example_branch_dop_operator_v3']) retrieved from /opt/anaconda3/envs/af2/lib/python3.8/site-packages/airflow/example_dags/example_branch_python_dop_operator_3.py
[2021-10-21 12:23:18,921] {logging_mixin.py:109} INFO - [2021-10-21 12:23:18,921] {dag.py:2389} INFO - Sync 1 DAGs
[2021-10-21 12:23:18,928] {logging_mixin.py:109} INFO - [2021-10-21 12:23:18,928] {dag.py:2914} INFO - Setting next_dagrun for example_branch_dop_operator_v3 to 2021-10-21T10:22:00+00:00
[2021-10-21 12:23:18,931] {processor.py:171} INFO - Processing /opt/anaconda3/envs/af2/lib/python3.8/site-packages/airflow/example_dags/example_branch_python_dop_operator_3.py took 0.044 seconds
[2021-10-21 12:24:33,234] {processor.py:163} INFO - Started process (PID=24413) to work on /opt/anaconda3/envs/af2/lib/python3.8/site-packages/airflow/example_dags/example_branch_python_dop_operator_3.py
[2021-10-21 12:24:33,234] {processor.py:620} INFO - Processing file /opt/anaconda3/envs/af2/lib/python3.8/site-packages/airflow/example_dags/example_branch_python_dop_operator_3.py for tasks to queue
[2021-10-21 12:24:33,234] {logging_mixin.py:109} INFO - [2021-10-21 12:24:33,234] {dagbag.py:500} INFO - Filling up the DagBag from /opt/anaconda3/envs/af2/lib/python3.8/site-packages/airflow/example_dags/example_branch_python_dop_operator_3.py
[2021-10-21 12:24:33,258] {processor.py:632} INFO - DAG(s) dict_keys(['example_branch_dop_operator_v3']) retrieved from /opt/anaconda3/envs/af2/lib/python3.8/site-packages/airflow/example_dags/example_branch_python_dop_operator_3.py
[2021-10-21 12:24:33,267] {logging_mixin.py:109} INFO - [2021-10-21 12:24:33,267] {dag.py:2389} INFO - Sync 1 DAGs
[2021-10-21 12:24:33,273] {logging_mixin.py:109} INFO - [2021-10-21 12:24:33,273] {dag.py:2914} INFO - Setting next_dagrun for example_branch_dop_operator_v3 to 2021-10-21T10:23:00+00:00
[2021-10-21 12:24:33,277] {processor.py:171} INFO - Processing /opt/anaconda3/envs/af2/lib/python3.8/site-packages/airflow/example_dags/example_branch_python_dop_operator_3.py took 0.044 seconds
[2021-10-21 12:25:45,086] {processor.py:163} INFO - Started process (PID=24547) to work on /opt/anaconda3/envs/af2/lib/python3.8/site-packages/airflow/example_dags/example_branch_python_dop_operator_3.py
[2021-10-21 12:25:45,087] {processor.py:620} INFO - Processing file /opt/anaconda3/envs/af2/lib/python3.8/site-packages/airflow/example_dags/example_branch_python_dop_operator_3.py for tasks to queue
[2021-10-21 12:25:45,087] {logging_mixin.py:109} INFO - [2021-10-21 12:25:45,087] {dagbag.py:500} INFO - Filling up the DagBag from /opt/anaconda3/envs/af2/lib/python3.8/site-packages/airflow/example_dags/example_branch_python_dop_operator_3.py
[2021-10-21 12:25:45,111] {processor.py:632} INFO - DAG(s) dict_keys(['example_branch_dop_operator_v3']) retrieved from /opt/anaconda3/envs/af2/lib/python3.8/site-packages/airflow/example_dags/example_branch_python_dop_operator_3.py
[2021-10-21 12:25:45,121] {logging_mixin.py:109} INFO - [2021-10-21 12:25:45,121] {dag.py:2389} INFO - Sync 1 DAGs
[2021-10-21 12:25:45,128] {logging_mixin.py:109} INFO - [2021-10-21 12:25:45,128] {dag.py:2914} INFO - Setting next_dagrun for example_branch_dop_operator_v3 to 2021-10-21T10:24:00+00:00
[2021-10-21 12:25:45,131] {processor.py:171} INFO - Processing /opt/anaconda3/envs/af2/lib/python3.8/site-packages/airflow/example_dags/example_branch_python_dop_operator_3.py took 0.045 seconds
[2021-10-21 12:26:59,124] {processor.py:163} INFO - Started process (PID=24767) to work on /opt/anaconda3/envs/af2/lib/python3.8/site-packages/airflow/example_dags/example_branch_python_dop_operator_3.py
[2021-10-21 12:26:59,125] {processor.py:620} INFO - Processing file /opt/anaconda3/envs/af2/lib/python3.8/site-packages/airflow/example_dags/example_branch_python_dop_operator_3.py for tasks to queue
[2021-10-21 12:26:59,125] {logging_mixin.py:109} INFO - [2021-10-21 12:26:59,125] {dagbag.py:500} INFO - Filling up the DagBag from /opt/anaconda3/envs/af2/lib/python3.8/site-packages/airflow/example_dags/example_branch_python_dop_operator_3.py
[2021-10-21 12:26:59,149] {processor.py:632} INFO - DAG(s) dict_keys(['example_branch_dop_operator_v3']) retrieved from /opt/anaconda3/envs/af2/lib/python3.8/site-packages/airflow/example_dags/example_branch_python_dop_operator_3.py
[2021-10-21 12:26:59,159] {logging_mixin.py:109} INFO - [2021-10-21 12:26:59,159] {dag.py:2389} INFO - Sync 1 DAGs
[2021-10-21 12:26:59,166] {logging_mixin.py:109} INFO - [2021-10-21 12:26:59,166] {dag.py:2914} INFO - Setting next_dagrun for example_branch_dop_operator_v3 to 2021-10-21T10:25:00+00:00
[2021-10-21 12:26:59,169] {processor.py:171} INFO - Processing /opt/anaconda3/envs/af2/lib/python3.8/site-packages/airflow/example_dags/example_branch_python_dop_operator_3.py took 0.045 seconds
[2021-10-21 12:28:12,735] {processor.py:163} INFO - Started process (PID=24922) to work on /opt/anaconda3/envs/af2/lib/python3.8/site-packages/airflow/example_dags/example_branch_python_dop_operator_3.py
[2021-10-21 12:28:12,736] {processor.py:620} INFO - Processing file /opt/anaconda3/envs/af2/lib/python3.8/site-packages/airflow/example_dags/example_branch_python_dop_operator_3.py for tasks to queue
[2021-10-21 12:28:12,736] {logging_mixin.py:109} INFO - [2021-10-21 12:28:12,736] {dagbag.py:500} INFO - Filling up the DagBag from /opt/anaconda3/envs/af2/lib/python3.8/site-packages/airflow/example_dags/example_branch_python_dop_operator_3.py
[2021-10-21 12:28:12,761] {processor.py:632} INFO - DAG(s) dict_keys(['example_branch_dop_operator_v3']) retrieved from /opt/anaconda3/envs/af2/lib/python3.8/site-packages/airflow/example_dags/example_branch_python_dop_operator_3.py
[2021-10-21 12:28:12,770] {logging_mixin.py:109} INFO - [2021-10-21 12:28:12,770] {dag.py:2389} INFO - Sync 1 DAGs
[2021-10-21 12:28:12,776] {logging_mixin.py:109} INFO - [2021-10-21 12:28:12,776] {dag.py:2914} INFO - Setting next_dagrun for example_branch_dop_operator_v3 to 2021-10-21T10:27:00+00:00
[2021-10-21 12:28:12,780] {processor.py:171} INFO - Processing /opt/anaconda3/envs/af2/lib/python3.8/site-packages/airflow/example_dags/example_branch_python_dop_operator_3.py took 0.045 seconds
[2021-10-21 12:29:24,597] {processor.py:163} INFO - Started process (PID=25021) to work on /opt/anaconda3/envs/af2/lib/python3.8/site-packages/airflow/example_dags/example_branch_python_dop_operator_3.py
[2021-10-21 12:29:24,598] {processor.py:620} INFO - Processing file /opt/anaconda3/envs/af2/lib/python3.8/site-packages/airflow/example_dags/example_branch_python_dop_operator_3.py for tasks to queue
[2021-10-21 12:29:24,598] {logging_mixin.py:109} INFO - [2021-10-21 12:29:24,598] {dagbag.py:500} INFO - Filling up the DagBag from /opt/anaconda3/envs/af2/lib/python3.8/site-packages/airflow/example_dags/example_branch_python_dop_operator_3.py
[2021-10-21 12:29:24,621] {processor.py:632} INFO - DAG(s) dict_keys(['example_branch_dop_operator_v3']) retrieved from /opt/anaconda3/envs/af2/lib/python3.8/site-packages/airflow/example_dags/example_branch_python_dop_operator_3.py
[2021-10-21 12:29:24,631] {logging_mixin.py:109} INFO - [2021-10-21 12:29:24,630] {dag.py:2389} INFO - Sync 1 DAGs
[2021-10-21 12:29:24,637] {logging_mixin.py:109} INFO - [2021-10-21 12:29:24,637] {dag.py:2914} INFO - Setting next_dagrun for example_branch_dop_operator_v3 to 2021-10-21T10:28:00+00:00
[2021-10-21 12:29:24,640] {processor.py:171} INFO - Processing /opt/anaconda3/envs/af2/lib/python3.8/site-packages/airflow/example_dags/example_branch_python_dop_operator_3.py took 0.044 seconds
[2021-10-21 12:30:42,655] {processor.py:163} INFO - Started process (PID=25196) to work on /opt/anaconda3/envs/af2/lib/python3.8/site-packages/airflow/example_dags/example_branch_python_dop_operator_3.py
[2021-10-21 12:30:42,656] {processor.py:620} INFO - Processing file /opt/anaconda3/envs/af2/lib/python3.8/site-packages/airflow/example_dags/example_branch_python_dop_operator_3.py for tasks to queue
[2021-10-21 12:30:42,656] {logging_mixin.py:109} INFO - [2021-10-21 12:30:42,656] {dagbag.py:500} INFO - Filling up the DagBag from /opt/anaconda3/envs/af2/lib/python3.8/site-packages/airflow/example_dags/example_branch_python_dop_operator_3.py
[2021-10-21 12:30:42,679] {processor.py:632} INFO - DAG(s) dict_keys(['example_branch_dop_operator_v3']) retrieved from /opt/anaconda3/envs/af2/lib/python3.8/site-packages/airflow/example_dags/example_branch_python_dop_operator_3.py
[2021-10-21 12:30:42,688] {logging_mixin.py:109} INFO - [2021-10-21 12:30:42,688] {dag.py:2389} INFO - Sync 1 DAGs
[2021-10-21 12:30:42,694] {logging_mixin.py:109} INFO - [2021-10-21 12:30:42,694] {dag.py:2914} INFO - Setting next_dagrun for example_branch_dop_operator_v3 to 2021-10-21T10:29:00+00:00
[2021-10-21 12:30:42,698] {processor.py:171} INFO - Processing /opt/anaconda3/envs/af2/lib/python3.8/site-packages/airflow/example_dags/example_branch_python_dop_operator_3.py took 0.043 seconds
[2021-10-21 12:32:03,882] {processor.py:163} INFO - Started process (PID=25309) to work on /opt/anaconda3/envs/af2/lib/python3.8/site-packages/airflow/example_dags/example_branch_python_dop_operator_3.py
[2021-10-21 12:32:03,883] {processor.py:620} INFO - Processing file /opt/anaconda3/envs/af2/lib/python3.8/site-packages/airflow/example_dags/example_branch_python_dop_operator_3.py for tasks to queue
[2021-10-21 12:32:03,883] {logging_mixin.py:109} INFO - [2021-10-21 12:32:03,883] {dagbag.py:500} INFO - Filling up the DagBag from /opt/anaconda3/envs/af2/lib/python3.8/site-packages/airflow/example_dags/example_branch_python_dop_operator_3.py
[2021-10-21 12:32:03,907] {processor.py:632} INFO - DAG(s) dict_keys(['example_branch_dop_operator_v3']) retrieved from /opt/anaconda3/envs/af2/lib/python3.8/site-packages/airflow/example_dags/example_branch_python_dop_operator_3.py
[2021-10-21 12:32:03,916] {logging_mixin.py:109} INFO - [2021-10-21 12:32:03,915] {dag.py:2389} INFO - Sync 1 DAGs
[2021-10-21 12:32:03,922] {logging_mixin.py:109} INFO - [2021-10-21 12:32:03,922] {dag.py:2914} INFO - Setting next_dagrun for example_branch_dop_operator_v3 to 2021-10-21T10:31:00+00:00
[2021-10-21 12:32:03,925] {processor.py:171} INFO - Processing /opt/anaconda3/envs/af2/lib/python3.8/site-packages/airflow/example_dags/example_branch_python_dop_operator_3.py took 0.044 seconds
[2021-10-21 12:33:26,838] {processor.py:163} INFO - Started process (PID=25437) to work on /opt/anaconda3/envs/af2/lib/python3.8/site-packages/airflow/example_dags/example_branch_python_dop_operator_3.py
[2021-10-21 12:33:26,839] {processor.py:620} INFO - Processing file /opt/anaconda3/envs/af2/lib/python3.8/site-packages/airflow/example_dags/example_branch_python_dop_operator_3.py for tasks to queue
[2021-10-21 12:33:26,839] {logging_mixin.py:109} INFO - [2021-10-21 12:33:26,839] {dagbag.py:500} INFO - Filling up the DagBag from /opt/anaconda3/envs/af2/lib/python3.8/site-packages/airflow/example_dags/example_branch_python_dop_operator_3.py
[2021-10-21 12:33:26,862] {processor.py:632} INFO - DAG(s) dict_keys(['example_branch_dop_operator_v3']) retrieved from /opt/anaconda3/envs/af2/lib/python3.8/site-packages/airflow/example_dags/example_branch_python_dop_operator_3.py
[2021-10-21 12:33:26,871] {logging_mixin.py:109} INFO - [2021-10-21 12:33:26,870] {dag.py:2389} INFO - Sync 1 DAGs
[2021-10-21 12:33:26,877] {logging_mixin.py:109} INFO - [2021-10-21 12:33:26,877] {dag.py:2914} INFO - Setting next_dagrun for example_branch_dop_operator_v3 to 2021-10-21T10:32:00+00:00
[2021-10-21 12:33:26,880] {processor.py:171} INFO - Processing /opt/anaconda3/envs/af2/lib/python3.8/site-packages/airflow/example_dags/example_branch_python_dop_operator_3.py took 0.044 seconds
[2021-10-21 12:34:50,204] {processor.py:163} INFO - Started process (PID=25562) to work on /opt/anaconda3/envs/af2/lib/python3.8/site-packages/airflow/example_dags/example_branch_python_dop_operator_3.py
[2021-10-21 12:34:50,204] {processor.py:620} INFO - Processing file /opt/anaconda3/envs/af2/lib/python3.8/site-packages/airflow/example_dags/example_branch_python_dop_operator_3.py for tasks to queue
[2021-10-21 12:34:50,204] {logging_mixin.py:109} INFO - [2021-10-21 12:34:50,204] {dagbag.py:500} INFO - Filling up the DagBag from /opt/anaconda3/envs/af2/lib/python3.8/site-packages/airflow/example_dags/example_branch_python_dop_operator_3.py
[2021-10-21 12:34:50,228] {processor.py:632} INFO - DAG(s) dict_keys(['example_branch_dop_operator_v3']) retrieved from /opt/anaconda3/envs/af2/lib/python3.8/site-packages/airflow/example_dags/example_branch_python_dop_operator_3.py
[2021-10-21 12:34:50,236] {logging_mixin.py:109} INFO - [2021-10-21 12:34:50,236] {dag.py:2389} INFO - Sync 1 DAGs
[2021-10-21 12:34:50,243] {logging_mixin.py:109} INFO - [2021-10-21 12:34:50,243] {dag.py:2914} INFO - Setting next_dagrun for example_branch_dop_operator_v3 to 2021-10-21T10:33:00+00:00
[2021-10-21 12:34:50,246] {processor.py:171} INFO - Processing /opt/anaconda3/envs/af2/lib/python3.8/site-packages/airflow/example_dags/example_branch_python_dop_operator_3.py took 0.044 seconds
[2021-10-21 12:36:20,473] {processor.py:163} INFO - Started process (PID=25657) to work on /opt/anaconda3/envs/af2/lib/python3.8/site-packages/airflow/example_dags/example_branch_python_dop_operator_3.py
[2021-10-21 12:36:20,474] {processor.py:620} INFO - Processing file /opt/anaconda3/envs/af2/lib/python3.8/site-packages/airflow/example_dags/example_branch_python_dop_operator_3.py for tasks to queue
[2021-10-21 12:36:20,475] {logging_mixin.py:109} INFO - [2021-10-21 12:36:20,475] {dagbag.py:500} INFO - Filling up the DagBag from /opt/anaconda3/envs/af2/lib/python3.8/site-packages/airflow/example_dags/example_branch_python_dop_operator_3.py
[2021-10-21 12:36:20,499] {processor.py:632} INFO - DAG(s) dict_keys(['example_branch_dop_operator_v3']) retrieved from /opt/anaconda3/envs/af2/lib/python3.8/site-packages/airflow/example_dags/example_branch_python_dop_operator_3.py
[2021-10-21 12:36:20,507] {logging_mixin.py:109} INFO - [2021-10-21 12:36:20,507] {dag.py:2389} INFO - Sync 1 DAGs
[2021-10-21 12:36:20,514] {logging_mixin.py:109} INFO - [2021-10-21 12:36:20,514] {dag.py:2914} INFO - Setting next_dagrun for example_branch_dop_operator_v3 to 2021-10-21T10:35:00+00:00
[2021-10-21 12:36:20,517] {processor.py:171} INFO - Processing /opt/anaconda3/envs/af2/lib/python3.8/site-packages/airflow/example_dags/example_branch_python_dop_operator_3.py took 0.045 seconds
[2021-10-21 12:37:44,729] {processor.py:163} INFO - Started process (PID=25757) to work on /opt/anaconda3/envs/af2/lib/python3.8/site-packages/airflow/example_dags/example_branch_python_dop_operator_3.py
[2021-10-21 12:37:44,729] {processor.py:620} INFO - Processing file /opt/anaconda3/envs/af2/lib/python3.8/site-packages/airflow/example_dags/example_branch_python_dop_operator_3.py for tasks to queue
[2021-10-21 12:37:44,730] {logging_mixin.py:109} INFO - [2021-10-21 12:37:44,730] {dagbag.py:500} INFO - Filling up the DagBag from /opt/anaconda3/envs/af2/lib/python3.8/site-packages/airflow/example_dags/example_branch_python_dop_operator_3.py
[2021-10-21 12:37:44,752] {processor.py:632} INFO - DAG(s) dict_keys(['example_branch_dop_operator_v3']) retrieved from /opt/anaconda3/envs/af2/lib/python3.8/site-packages/airflow/example_dags/example_branch_python_dop_operator_3.py
[2021-10-21 12:37:44,762] {logging_mixin.py:109} INFO - [2021-10-21 12:37:44,762] {dag.py:2389} INFO - Sync 1 DAGs
[2021-10-21 12:37:44,768] {logging_mixin.py:109} INFO - [2021-10-21 12:37:44,768] {dag.py:2914} INFO - Setting next_dagrun for example_branch_dop_operator_v3 to 2021-10-21T10:36:00+00:00
[2021-10-21 12:37:44,773] {processor.py:171} INFO - Processing /opt/anaconda3/envs/af2/lib/python3.8/site-packages/airflow/example_dags/example_branch_python_dop_operator_3.py took 0.045 seconds
[2021-10-21 12:39:38,131] {processor.py:163} INFO - Started process (PID=25912) to work on /opt/anaconda3/envs/af2/lib/python3.8/site-packages/airflow/example_dags/example_branch_python_dop_operator_3.py
[2021-10-21 12:39:38,132] {processor.py:620} INFO - Processing file /opt/anaconda3/envs/af2/lib/python3.8/site-packages/airflow/example_dags/example_branch_python_dop_operator_3.py for tasks to queue
[2021-10-21 12:39:38,132] {logging_mixin.py:109} INFO - [2021-10-21 12:39:38,132] {dagbag.py:500} INFO - Filling up the DagBag from /opt/anaconda3/envs/af2/lib/python3.8/site-packages/airflow/example_dags/example_branch_python_dop_operator_3.py
[2021-10-21 12:39:38,156] {processor.py:632} INFO - DAG(s) dict_keys(['example_branch_dop_operator_v3']) retrieved from /opt/anaconda3/envs/af2/lib/python3.8/site-packages/airflow/example_dags/example_branch_python_dop_operator_3.py
[2021-10-21 12:39:38,166] {logging_mixin.py:109} INFO - [2021-10-21 12:39:38,166] {dag.py:2389} INFO - Sync 1 DAGs
[2021-10-21 12:39:38,172] {logging_mixin.py:109} INFO - [2021-10-21 12:39:38,172] {dag.py:2914} INFO - Setting next_dagrun for example_branch_dop_operator_v3 to 2021-10-21T10:38:00+00:00
[2021-10-21 12:39:38,176] {processor.py:171} INFO - Processing /opt/anaconda3/envs/af2/lib/python3.8/site-packages/airflow/example_dags/example_branch_python_dop_operator_3.py took 0.046 seconds
[2021-10-21 12:41:15,645] {processor.py:163} INFO - Started process (PID=26028) to work on /opt/anaconda3/envs/af2/lib/python3.8/site-packages/airflow/example_dags/example_branch_python_dop_operator_3.py
[2021-10-21 12:41:15,646] {processor.py:620} INFO - Processing file /opt/anaconda3/envs/af2/lib/python3.8/site-packages/airflow/example_dags/example_branch_python_dop_operator_3.py for tasks to queue
[2021-10-21 12:41:15,647] {logging_mixin.py:109} INFO - [2021-10-21 12:41:15,647] {dagbag.py:500} INFO - Filling up the DagBag from /opt/anaconda3/envs/af2/lib/python3.8/site-packages/airflow/example_dags/example_branch_python_dop_operator_3.py
[2021-10-21 12:41:15,670] {processor.py:632} INFO - DAG(s) dict_keys(['example_branch_dop_operator_v3']) retrieved from /opt/anaconda3/envs/af2/lib/python3.8/site-packages/airflow/example_dags/example_branch_python_dop_operator_3.py
[2021-10-21 12:41:15,679] {logging_mixin.py:109} INFO - [2021-10-21 12:41:15,678] {dag.py:2389} INFO - Sync 1 DAGs
[2021-10-21 12:41:15,685] {logging_mixin.py:109} INFO - [2021-10-21 12:41:15,685] {dag.py:2914} INFO - Setting next_dagrun for example_branch_dop_operator_v3 to 2021-10-21T10:40:00+00:00
[2021-10-21 12:41:15,688] {processor.py:171} INFO - Processing /opt/anaconda3/envs/af2/lib/python3.8/site-packages/airflow/example_dags/example_branch_python_dop_operator_3.py took 0.044 seconds
[2021-10-21 12:42:43,987] {processor.py:163} INFO - Started process (PID=26129) to work on /opt/anaconda3/envs/af2/lib/python3.8/site-packages/airflow/example_dags/example_branch_python_dop_operator_3.py
[2021-10-21 12:42:43,988] {processor.py:620} INFO - Processing file /opt/anaconda3/envs/af2/lib/python3.8/site-packages/airflow/example_dags/example_branch_python_dop_operator_3.py for tasks to queue
[2021-10-21 12:42:43,988] {logging_mixin.py:109} INFO - [2021-10-21 12:42:43,988] {dagbag.py:500} INFO - Filling up the DagBag from /opt/anaconda3/envs/af2/lib/python3.8/site-packages/airflow/example_dags/example_branch_python_dop_operator_3.py
[2021-10-21 12:42:44,015] {processor.py:632} INFO - DAG(s) dict_keys(['example_branch_dop_operator_v3']) retrieved from /opt/anaconda3/envs/af2/lib/python3.8/site-packages/airflow/example_dags/example_branch_python_dop_operator_3.py
[2021-10-21 12:42:44,024] {logging_mixin.py:109} INFO - [2021-10-21 12:42:44,024] {dag.py:2389} INFO - Sync 1 DAGs
[2021-10-21 12:42:44,031] {logging_mixin.py:109} INFO - [2021-10-21 12:42:44,031] {dag.py:2914} INFO - Setting next_dagrun for example_branch_dop_operator_v3 to 2021-10-21T10:41:00+00:00
[2021-10-21 12:42:44,035] {processor.py:171} INFO - Processing /opt/anaconda3/envs/af2/lib/python3.8/site-packages/airflow/example_dags/example_branch_python_dop_operator_3.py took 0.049 seconds
[2021-10-21 12:45:30,810] {processor.py:163} INFO - Started process (PID=26343) to work on /opt/anaconda3/envs/af2/lib/python3.8/site-packages/airflow/example_dags/example_branch_python_dop_operator_3.py
[2021-10-21 12:45:30,811] {processor.py:620} INFO - Processing file /opt/anaconda3/envs/af2/lib/python3.8/site-packages/airflow/example_dags/example_branch_python_dop_operator_3.py for tasks to queue
[2021-10-21 12:45:30,811] {logging_mixin.py:109} INFO - [2021-10-21 12:45:30,811] {dagbag.py:500} INFO - Filling up the DagBag from /opt/anaconda3/envs/af2/lib/python3.8/site-packages/airflow/example_dags/example_branch_python_dop_operator_3.py
[2021-10-21 12:45:30,837] {processor.py:632} INFO - DAG(s) dict_keys(['example_branch_dop_operator_v3']) retrieved from /opt/anaconda3/envs/af2/lib/python3.8/site-packages/airflow/example_dags/example_branch_python_dop_operator_3.py
[2021-10-21 12:45:30,848] {logging_mixin.py:109} INFO - [2021-10-21 12:45:30,847] {dag.py:2389} INFO - Sync 1 DAGs
[2021-10-21 12:45:30,855] {logging_mixin.py:109} INFO - [2021-10-21 12:45:30,855] {dag.py:2914} INFO - Setting next_dagrun for example_branch_dop_operator_v3 to 2021-10-21T10:44:00+00:00
[2021-10-21 12:45:30,860] {processor.py:171} INFO - Processing /opt/anaconda3/envs/af2/lib/python3.8/site-packages/airflow/example_dags/example_branch_python_dop_operator_3.py took 0.050 seconds
[2021-10-21 12:46:59,333] {processor.py:163} INFO - Started process (PID=26532) to work on /opt/anaconda3/envs/af2/lib/python3.8/site-packages/airflow/example_dags/example_branch_python_dop_operator_3.py
[2021-10-21 12:46:59,334] {processor.py:620} INFO - Processing file /opt/anaconda3/envs/af2/lib/python3.8/site-packages/airflow/example_dags/example_branch_python_dop_operator_3.py for tasks to queue
[2021-10-21 12:46:59,334] {logging_mixin.py:109} INFO - [2021-10-21 12:46:59,334] {dagbag.py:500} INFO - Filling up the DagBag from /opt/anaconda3/envs/af2/lib/python3.8/site-packages/airflow/example_dags/example_branch_python_dop_operator_3.py
[2021-10-21 12:46:59,359] {processor.py:632} INFO - DAG(s) dict_keys(['example_branch_dop_operator_v3']) retrieved from /opt/anaconda3/envs/af2/lib/python3.8/site-packages/airflow/example_dags/example_branch_python_dop_operator_3.py
[2021-10-21 12:46:59,367] {logging_mixin.py:109} INFO - [2021-10-21 12:46:59,367] {dag.py:2389} INFO - Sync 1 DAGs
[2021-10-21 12:46:59,374] {logging_mixin.py:109} INFO - [2021-10-21 12:46:59,374] {dag.py:2914} INFO - Setting next_dagrun for example_branch_dop_operator_v3 to 2021-10-21T10:45:00+00:00
[2021-10-21 12:46:59,378] {processor.py:171} INFO - Processing /opt/anaconda3/envs/af2/lib/python3.8/site-packages/airflow/example_dags/example_branch_python_dop_operator_3.py took 0.046 seconds
[2021-10-21 12:48:22,551] {processor.py:163} INFO - Started process (PID=26700) to work on /opt/anaconda3/envs/af2/lib/python3.8/site-packages/airflow/example_dags/example_branch_python_dop_operator_3.py
[2021-10-21 12:48:22,552] {processor.py:620} INFO - Processing file /opt/anaconda3/envs/af2/lib/python3.8/site-packages/airflow/example_dags/example_branch_python_dop_operator_3.py for tasks to queue
[2021-10-21 12:48:22,552] {logging_mixin.py:109} INFO - [2021-10-21 12:48:22,552] {dagbag.py:500} INFO - Filling up the DagBag from /opt/anaconda3/envs/af2/lib/python3.8/site-packages/airflow/example_dags/example_branch_python_dop_operator_3.py
[2021-10-21 12:48:22,576] {processor.py:632} INFO - DAG(s) dict_keys(['example_branch_dop_operator_v3']) retrieved from /opt/anaconda3/envs/af2/lib/python3.8/site-packages/airflow/example_dags/example_branch_python_dop_operator_3.py
[2021-10-21 12:48:22,585] {logging_mixin.py:109} INFO - [2021-10-21 12:48:22,585] {dag.py:2389} INFO - Sync 1 DAGs
[2021-10-21 12:48:22,591] {logging_mixin.py:109} INFO - [2021-10-21 12:48:22,591] {dag.py:2914} INFO - Setting next_dagrun for example_branch_dop_operator_v3 to 2021-10-21T10:47:00+00:00
[2021-10-21 12:48:22,595] {processor.py:171} INFO - Processing /opt/anaconda3/envs/af2/lib/python3.8/site-packages/airflow/example_dags/example_branch_python_dop_operator_3.py took 0.045 seconds
[2021-10-21 12:50:45,588] {processor.py:163} INFO - Started process (PID=26942) to work on /opt/anaconda3/envs/af2/lib/python3.8/site-packages/airflow/example_dags/example_branch_python_dop_operator_3.py
[2021-10-21 12:50:45,589] {processor.py:620} INFO - Processing file /opt/anaconda3/envs/af2/lib/python3.8/site-packages/airflow/example_dags/example_branch_python_dop_operator_3.py for tasks to queue
[2021-10-21 12:50:45,589] {logging_mixin.py:109} INFO - [2021-10-21 12:50:45,589] {dagbag.py:500} INFO - Filling up the DagBag from /opt/anaconda3/envs/af2/lib/python3.8/site-packages/airflow/example_dags/example_branch_python_dop_operator_3.py
[2021-10-21 12:50:45,614] {processor.py:632} INFO - DAG(s) dict_keys(['example_branch_dop_operator_v3']) retrieved from /opt/anaconda3/envs/af2/lib/python3.8/site-packages/airflow/example_dags/example_branch_python_dop_operator_3.py
[2021-10-21 12:50:45,624] {logging_mixin.py:109} INFO - [2021-10-21 12:50:45,624] {dag.py:2389} INFO - Sync 1 DAGs
[2021-10-21 12:50:45,631] {logging_mixin.py:109} INFO - [2021-10-21 12:50:45,631] {dag.py:2914} INFO - Setting next_dagrun for example_branch_dop_operator_v3 to 2021-10-21T10:49:00+00:00
[2021-10-21 12:50:45,635] {processor.py:171} INFO - Processing /opt/anaconda3/envs/af2/lib/python3.8/site-packages/airflow/example_dags/example_branch_python_dop_operator_3.py took 0.047 seconds
[2021-10-21 12:53:02,249] {processor.py:163} INFO - Started process (PID=27115) to work on /opt/anaconda3/envs/af2/lib/python3.8/site-packages/airflow/example_dags/example_branch_python_dop_operator_3.py
[2021-10-21 12:53:02,251] {processor.py:620} INFO - Processing file /opt/anaconda3/envs/af2/lib/python3.8/site-packages/airflow/example_dags/example_branch_python_dop_operator_3.py for tasks to queue
[2021-10-21 12:53:02,251] {logging_mixin.py:109} INFO - [2021-10-21 12:53:02,251] {dagbag.py:500} INFO - Filling up the DagBag from /opt/anaconda3/envs/af2/lib/python3.8/site-packages/airflow/example_dags/example_branch_python_dop_operator_3.py
[2021-10-21 12:53:02,275] {processor.py:632} INFO - DAG(s) dict_keys(['example_branch_dop_operator_v3']) retrieved from /opt/anaconda3/envs/af2/lib/python3.8/site-packages/airflow/example_dags/example_branch_python_dop_operator_3.py
[2021-10-21 12:53:02,284] {logging_mixin.py:109} INFO - [2021-10-21 12:53:02,284] {dag.py:2389} INFO - Sync 1 DAGs
[2021-10-21 12:53:02,290] {logging_mixin.py:109} INFO - [2021-10-21 12:53:02,290] {dag.py:2914} INFO - Setting next_dagrun for example_branch_dop_operator_v3 to 2021-10-21T10:52:00+00:00
[2021-10-21 12:53:02,294] {processor.py:171} INFO - Processing /opt/anaconda3/envs/af2/lib/python3.8/site-packages/airflow/example_dags/example_branch_python_dop_operator_3.py took 0.046 seconds
[2021-10-21 12:54:27,778] {processor.py:163} INFO - Started process (PID=27230) to work on /opt/anaconda3/envs/af2/lib/python3.8/site-packages/airflow/example_dags/example_branch_python_dop_operator_3.py
[2021-10-21 12:54:27,778] {processor.py:620} INFO - Processing file /opt/anaconda3/envs/af2/lib/python3.8/site-packages/airflow/example_dags/example_branch_python_dop_operator_3.py for tasks to queue
[2021-10-21 12:54:27,779] {logging_mixin.py:109} INFO - [2021-10-21 12:54:27,779] {dagbag.py:500} INFO - Filling up the DagBag from /opt/anaconda3/envs/af2/lib/python3.8/site-packages/airflow/example_dags/example_branch_python_dop_operator_3.py
[2021-10-21 12:54:27,802] {processor.py:632} INFO - DAG(s) dict_keys(['example_branch_dop_operator_v3']) retrieved from /opt/anaconda3/envs/af2/lib/python3.8/site-packages/airflow/example_dags/example_branch_python_dop_operator_3.py
[2021-10-21 12:54:27,811] {logging_mixin.py:109} INFO - [2021-10-21 12:54:27,811] {dag.py:2389} INFO - Sync 1 DAGs
[2021-10-21 12:54:27,818] {logging_mixin.py:109} INFO - [2021-10-21 12:54:27,817] {dag.py:2914} INFO - Setting next_dagrun for example_branch_dop_operator_v3 to 2021-10-21T10:53:00+00:00
[2021-10-21 12:54:27,821] {processor.py:171} INFO - Processing /opt/anaconda3/envs/af2/lib/python3.8/site-packages/airflow/example_dags/example_branch_python_dop_operator_3.py took 0.044 seconds
[2021-10-21 12:55:56,564] {processor.py:163} INFO - Started process (PID=27329) to work on /opt/anaconda3/envs/af2/lib/python3.8/site-packages/airflow/example_dags/example_branch_python_dop_operator_3.py
[2021-10-21 12:55:56,566] {processor.py:620} INFO - Processing file /opt/anaconda3/envs/af2/lib/python3.8/site-packages/airflow/example_dags/example_branch_python_dop_operator_3.py for tasks to queue
[2021-10-21 12:55:56,566] {logging_mixin.py:109} INFO - [2021-10-21 12:55:56,566] {dagbag.py:500} INFO - Filling up the DagBag from /opt/anaconda3/envs/af2/lib/python3.8/site-packages/airflow/example_dags/example_branch_python_dop_operator_3.py
[2021-10-21 12:55:56,591] {processor.py:632} INFO - DAG(s) dict_keys(['example_branch_dop_operator_v3']) retrieved from /opt/anaconda3/envs/af2/lib/python3.8/site-packages/airflow/example_dags/example_branch_python_dop_operator_3.py
[2021-10-21 12:55:56,600] {logging_mixin.py:109} INFO - [2021-10-21 12:55:56,599] {dag.py:2389} INFO - Sync 1 DAGs
[2021-10-21 12:55:56,606] {logging_mixin.py:109} INFO - [2021-10-21 12:55:56,606] {dag.py:2914} INFO - Setting next_dagrun for example_branch_dop_operator_v3 to 2021-10-21T10:54:00+00:00
[2021-10-21 12:55:56,609] {processor.py:171} INFO - Processing /opt/anaconda3/envs/af2/lib/python3.8/site-packages/airflow/example_dags/example_branch_python_dop_operator_3.py took 0.046 seconds
[2021-10-21 12:57:24,838] {processor.py:163} INFO - Started process (PID=27443) to work on /opt/anaconda3/envs/af2/lib/python3.8/site-packages/airflow/example_dags/example_branch_python_dop_operator_3.py
[2021-10-21 12:57:24,839] {processor.py:620} INFO - Processing file /opt/anaconda3/envs/af2/lib/python3.8/site-packages/airflow/example_dags/example_branch_python_dop_operator_3.py for tasks to queue
[2021-10-21 12:57:24,839] {logging_mixin.py:109} INFO - [2021-10-21 12:57:24,839] {dagbag.py:500} INFO - Filling up the DagBag from /opt/anaconda3/envs/af2/lib/python3.8/site-packages/airflow/example_dags/example_branch_python_dop_operator_3.py
[2021-10-21 12:57:24,865] {processor.py:632} INFO - DAG(s) dict_keys(['example_branch_dop_operator_v3']) retrieved from /opt/anaconda3/envs/af2/lib/python3.8/site-packages/airflow/example_dags/example_branch_python_dop_operator_3.py
[2021-10-21 12:57:24,875] {logging_mixin.py:109} INFO - [2021-10-21 12:57:24,874] {dag.py:2389} INFO - Sync 1 DAGs
[2021-10-21 12:57:24,881] {logging_mixin.py:109} INFO - [2021-10-21 12:57:24,881] {dag.py:2914} INFO - Setting next_dagrun for example_branch_dop_operator_v3 to 2021-10-21T10:56:00+00:00
[2021-10-21 12:57:24,885] {processor.py:171} INFO - Processing /opt/anaconda3/envs/af2/lib/python3.8/site-packages/airflow/example_dags/example_branch_python_dop_operator_3.py took 0.048 seconds
[2021-10-21 12:58:56,245] {processor.py:163} INFO - Started process (PID=27554) to work on /opt/anaconda3/envs/af2/lib/python3.8/site-packages/airflow/example_dags/example_branch_python_dop_operator_3.py
[2021-10-21 12:58:56,246] {processor.py:620} INFO - Processing file /opt/anaconda3/envs/af2/lib/python3.8/site-packages/airflow/example_dags/example_branch_python_dop_operator_3.py for tasks to queue
[2021-10-21 12:58:56,247] {logging_mixin.py:109} INFO - [2021-10-21 12:58:56,247] {dagbag.py:500} INFO - Filling up the DagBag from /opt/anaconda3/envs/af2/lib/python3.8/site-packages/airflow/example_dags/example_branch_python_dop_operator_3.py
[2021-10-21 12:58:56,270] {processor.py:632} INFO - DAG(s) dict_keys(['example_branch_dop_operator_v3']) retrieved from /opt/anaconda3/envs/af2/lib/python3.8/site-packages/airflow/example_dags/example_branch_python_dop_operator_3.py
[2021-10-21 12:58:56,279] {logging_mixin.py:109} INFO - [2021-10-21 12:58:56,279] {dag.py:2389} INFO - Sync 1 DAGs
[2021-10-21 12:58:56,286] {logging_mixin.py:109} INFO - [2021-10-21 12:58:56,286] {dag.py:2914} INFO - Setting next_dagrun for example_branch_dop_operator_v3 to 2021-10-21T10:57:00+00:00
[2021-10-21 12:58:56,290] {processor.py:171} INFO - Processing /opt/anaconda3/envs/af2/lib/python3.8/site-packages/airflow/example_dags/example_branch_python_dop_operator_3.py took 0.045 seconds
[2021-10-21 13:00:29,047] {processor.py:163} INFO - Started process (PID=27651) to work on /opt/anaconda3/envs/af2/lib/python3.8/site-packages/airflow/example_dags/example_branch_python_dop_operator_3.py
[2021-10-21 13:00:29,048] {processor.py:620} INFO - Processing file /opt/anaconda3/envs/af2/lib/python3.8/site-packages/airflow/example_dags/example_branch_python_dop_operator_3.py for tasks to queue
[2021-10-21 13:00:29,049] {logging_mixin.py:109} INFO - [2021-10-21 13:00:29,049] {dagbag.py:500} INFO - Filling up the DagBag from /opt/anaconda3/envs/af2/lib/python3.8/site-packages/airflow/example_dags/example_branch_python_dop_operator_3.py
[2021-10-21 13:00:29,072] {processor.py:632} INFO - DAG(s) dict_keys(['example_branch_dop_operator_v3']) retrieved from /opt/anaconda3/envs/af2/lib/python3.8/site-packages/airflow/example_dags/example_branch_python_dop_operator_3.py
[2021-10-21 13:00:29,080] {logging_mixin.py:109} INFO - [2021-10-21 13:00:29,080] {dag.py:2389} INFO - Sync 1 DAGs
[2021-10-21 13:00:29,087] {logging_mixin.py:109} INFO - [2021-10-21 13:00:29,087] {dag.py:2914} INFO - Setting next_dagrun for example_branch_dop_operator_v3 to 2021-10-21T10:59:00+00:00
[2021-10-21 13:00:29,090] {processor.py:171} INFO - Processing /opt/anaconda3/envs/af2/lib/python3.8/site-packages/airflow/example_dags/example_branch_python_dop_operator_3.py took 0.044 seconds
[2021-10-21 13:01:59,856] {processor.py:163} INFO - Started process (PID=27749) to work on /opt/anaconda3/envs/af2/lib/python3.8/site-packages/airflow/example_dags/example_branch_python_dop_operator_3.py
[2021-10-21 13:01:59,856] {processor.py:620} INFO - Processing file /opt/anaconda3/envs/af2/lib/python3.8/site-packages/airflow/example_dags/example_branch_python_dop_operator_3.py for tasks to queue
[2021-10-21 13:01:59,856] {logging_mixin.py:109} INFO - [2021-10-21 13:01:59,856] {dagbag.py:500} INFO - Filling up the DagBag from /opt/anaconda3/envs/af2/lib/python3.8/site-packages/airflow/example_dags/example_branch_python_dop_operator_3.py
[2021-10-21 13:01:59,880] {processor.py:632} INFO - DAG(s) dict_keys(['example_branch_dop_operator_v3']) retrieved from /opt/anaconda3/envs/af2/lib/python3.8/site-packages/airflow/example_dags/example_branch_python_dop_operator_3.py
[2021-10-21 13:01:59,888] {logging_mixin.py:109} INFO - [2021-10-21 13:01:59,888] {dag.py:2389} INFO - Sync 1 DAGs
[2021-10-21 13:01:59,895] {logging_mixin.py:109} INFO - [2021-10-21 13:01:59,895] {dag.py:2914} INFO - Setting next_dagrun for example_branch_dop_operator_v3 to 2021-10-21T11:00:00+00:00
[2021-10-21 13:01:59,898] {processor.py:171} INFO - Processing /opt/anaconda3/envs/af2/lib/python3.8/site-packages/airflow/example_dags/example_branch_python_dop_operator_3.py took 0.044 seconds
[2021-10-21 13:03:28,887] {processor.py:163} INFO - Started process (PID=27883) to work on /opt/anaconda3/envs/af2/lib/python3.8/site-packages/airflow/example_dags/example_branch_python_dop_operator_3.py
[2021-10-21 13:03:28,888] {processor.py:620} INFO - Processing file /opt/anaconda3/envs/af2/lib/python3.8/site-packages/airflow/example_dags/example_branch_python_dop_operator_3.py for tasks to queue
[2021-10-21 13:03:28,888] {logging_mixin.py:109} INFO - [2021-10-21 13:03:28,888] {dagbag.py:500} INFO - Filling up the DagBag from /opt/anaconda3/envs/af2/lib/python3.8/site-packages/airflow/example_dags/example_branch_python_dop_operator_3.py
[2021-10-21 13:03:28,913] {processor.py:632} INFO - DAG(s) dict_keys(['example_branch_dop_operator_v3']) retrieved from /opt/anaconda3/envs/af2/lib/python3.8/site-packages/airflow/example_dags/example_branch_python_dop_operator_3.py
[2021-10-21 13:03:28,923] {logging_mixin.py:109} INFO - [2021-10-21 13:03:28,923] {dag.py:2389} INFO - Sync 1 DAGs
[2021-10-21 13:03:28,930] {logging_mixin.py:109} INFO - [2021-10-21 13:03:28,929] {dag.py:2914} INFO - Setting next_dagrun for example_branch_dop_operator_v3 to 2021-10-21T11:02:00+00:00
[2021-10-21 13:03:28,933] {processor.py:171} INFO - Processing /opt/anaconda3/envs/af2/lib/python3.8/site-packages/airflow/example_dags/example_branch_python_dop_operator_3.py took 0.047 seconds
[2021-10-21 13:04:59,442] {processor.py:163} INFO - Started process (PID=27986) to work on /opt/anaconda3/envs/af2/lib/python3.8/site-packages/airflow/example_dags/example_branch_python_dop_operator_3.py
[2021-10-21 13:04:59,442] {processor.py:620} INFO - Processing file /opt/anaconda3/envs/af2/lib/python3.8/site-packages/airflow/example_dags/example_branch_python_dop_operator_3.py for tasks to queue
[2021-10-21 13:04:59,442] {logging_mixin.py:109} INFO - [2021-10-21 13:04:59,442] {dagbag.py:500} INFO - Filling up the DagBag from /opt/anaconda3/envs/af2/lib/python3.8/site-packages/airflow/example_dags/example_branch_python_dop_operator_3.py
[2021-10-21 13:04:59,467] {processor.py:632} INFO - DAG(s) dict_keys(['example_branch_dop_operator_v3']) retrieved from /opt/anaconda3/envs/af2/lib/python3.8/site-packages/airflow/example_dags/example_branch_python_dop_operator_3.py
[2021-10-21 13:04:59,477] {logging_mixin.py:109} INFO - [2021-10-21 13:04:59,477] {dag.py:2389} INFO - Sync 1 DAGs
[2021-10-21 13:04:59,483] {logging_mixin.py:109} INFO - [2021-10-21 13:04:59,483] {dag.py:2914} INFO - Setting next_dagrun for example_branch_dop_operator_v3 to 2021-10-21T11:03:00+00:00
[2021-10-21 13:04:59,487] {processor.py:171} INFO - Processing /opt/anaconda3/envs/af2/lib/python3.8/site-packages/airflow/example_dags/example_branch_python_dop_operator_3.py took 0.047 seconds
[2021-10-21 13:06:31,245] {processor.py:163} INFO - Started process (PID=28149) to work on /opt/anaconda3/envs/af2/lib/python3.8/site-packages/airflow/example_dags/example_branch_python_dop_operator_3.py
[2021-10-21 13:06:31,247] {processor.py:620} INFO - Processing file /opt/anaconda3/envs/af2/lib/python3.8/site-packages/airflow/example_dags/example_branch_python_dop_operator_3.py for tasks to queue
[2021-10-21 13:06:31,247] {logging_mixin.py:109} INFO - [2021-10-21 13:06:31,247] {dagbag.py:500} INFO - Filling up the DagBag from /opt/anaconda3/envs/af2/lib/python3.8/site-packages/airflow/example_dags/example_branch_python_dop_operator_3.py
[2021-10-21 13:06:31,274] {processor.py:632} INFO - DAG(s) dict_keys(['example_branch_dop_operator_v3']) retrieved from /opt/anaconda3/envs/af2/lib/python3.8/site-packages/airflow/example_dags/example_branch_python_dop_operator_3.py
[2021-10-21 13:06:31,283] {logging_mixin.py:109} INFO - [2021-10-21 13:06:31,283] {dag.py:2389} INFO - Sync 1 DAGs
[2021-10-21 13:06:31,290] {logging_mixin.py:109} INFO - [2021-10-21 13:06:31,290] {dag.py:2914} INFO - Setting next_dagrun for example_branch_dop_operator_v3 to 2021-10-21T11:05:00+00:00
[2021-10-21 13:06:31,293] {processor.py:171} INFO - Processing /opt/anaconda3/envs/af2/lib/python3.8/site-packages/airflow/example_dags/example_branch_python_dop_operator_3.py took 0.049 seconds
[2021-10-21 13:08:00,149] {processor.py:163} INFO - Started process (PID=28269) to work on /opt/anaconda3/envs/af2/lib/python3.8/site-packages/airflow/example_dags/example_branch_python_dop_operator_3.py
[2021-10-21 13:08:00,150] {processor.py:620} INFO - Processing file /opt/anaconda3/envs/af2/lib/python3.8/site-packages/airflow/example_dags/example_branch_python_dop_operator_3.py for tasks to queue
[2021-10-21 13:08:00,150] {logging_mixin.py:109} INFO - [2021-10-21 13:08:00,150] {dagbag.py:500} INFO - Filling up the DagBag from /opt/anaconda3/envs/af2/lib/python3.8/site-packages/airflow/example_dags/example_branch_python_dop_operator_3.py
[2021-10-21 13:08:00,174] {processor.py:632} INFO - DAG(s) dict_keys(['example_branch_dop_operator_v3']) retrieved from /opt/anaconda3/envs/af2/lib/python3.8/site-packages/airflow/example_dags/example_branch_python_dop_operator_3.py
[2021-10-21 13:08:00,185] {logging_mixin.py:109} INFO - [2021-10-21 13:08:00,185] {dag.py:2389} INFO - Sync 1 DAGs
[2021-10-21 13:08:00,192] {logging_mixin.py:109} INFO - [2021-10-21 13:08:00,192] {dag.py:2914} INFO - Setting next_dagrun for example_branch_dop_operator_v3 to 2021-10-21T11:07:00+00:00
[2021-10-21 13:08:00,196] {processor.py:171} INFO - Processing /opt/anaconda3/envs/af2/lib/python3.8/site-packages/airflow/example_dags/example_branch_python_dop_operator_3.py took 0.048 seconds
