[2021-10-21 12:02:11,577] {processor.py:163} INFO - Started process (PID=22399) to work on /opt/anaconda3/envs/af2/lib/python3.8/site-packages/airflow/example_dags/example_python_operator.py
[2021-10-21 12:02:11,578] {processor.py:620} INFO - Processing file /opt/anaconda3/envs/af2/lib/python3.8/site-packages/airflow/example_dags/example_python_operator.py for tasks to queue
[2021-10-21 12:02:11,578] {logging_mixin.py:109} INFO - [2021-10-21 12:02:11,578] {dagbag.py:500} INFO - Filling up the DagBag from /opt/anaconda3/envs/af2/lib/python3.8/site-packages/airflow/example_dags/example_python_operator.py
[2021-10-21 12:02:11,591] {logging_mixin.py:109} INFO - [2021-10-21 12:02:11,589] {dagbag.py:334} ERROR - Failed to import: /opt/anaconda3/envs/af2/lib/python3.8/site-packages/airflow/example_dags/example_python_operator.py
Traceback (most recent call last):
  File "/opt/anaconda3/envs/af2/lib/python3.8/site-packages/airflow/models/dagbag.py", line 331, in _load_modules_from_file
    loader.exec_module(new_module)
  File "<frozen importlib._bootstrap_external>", line 843, in exec_module
  File "<frozen importlib._bootstrap>", line 219, in _call_with_frames_removed
  File "/opt/anaconda3/envs/af2/lib/python3.8/site-packages/airflow/example_dags/example_python_operator.py", line 84, in <module>
    virtualenv_task = PythonVirtualenvOperator(
  File "/opt/anaconda3/envs/af2/lib/python3.8/site-packages/airflow/models/baseoperator.py", line 188, in apply_defaults
    result = func(self, *args, **kwargs)
  File "/opt/anaconda3/envs/af2/lib/python3.8/site-packages/airflow/operators/python.py", line 342, in __init__
    raise AirflowException('PythonVirtualenvOperator requires virtualenv, please install it.')
airflow.exceptions.AirflowException: PythonVirtualenvOperator requires virtualenv, please install it.
[2021-10-21 12:02:11,602] {processor.py:634} WARNING - No viable dags retrieved from /opt/anaconda3/envs/af2/lib/python3.8/site-packages/airflow/example_dags/example_python_operator.py
[2021-10-21 12:02:11,604] {processor.py:171} INFO - Processing /opt/anaconda3/envs/af2/lib/python3.8/site-packages/airflow/example_dags/example_python_operator.py took 0.027 seconds
[2021-10-21 12:03:43,942] {processor.py:163} INFO - Started process (PID=22558) to work on /opt/anaconda3/envs/af2/lib/python3.8/site-packages/airflow/example_dags/example_python_operator.py
[2021-10-21 12:03:43,943] {processor.py:620} INFO - Processing file /opt/anaconda3/envs/af2/lib/python3.8/site-packages/airflow/example_dags/example_python_operator.py for tasks to queue
[2021-10-21 12:03:43,943] {logging_mixin.py:109} INFO - [2021-10-21 12:03:43,943] {dagbag.py:500} INFO - Filling up the DagBag from /opt/anaconda3/envs/af2/lib/python3.8/site-packages/airflow/example_dags/example_python_operator.py
[2021-10-21 12:03:43,956] {logging_mixin.py:109} INFO - [2021-10-21 12:03:43,955] {dagbag.py:334} ERROR - Failed to import: /opt/anaconda3/envs/af2/lib/python3.8/site-packages/airflow/example_dags/example_python_operator.py
Traceback (most recent call last):
  File "/opt/anaconda3/envs/af2/lib/python3.8/site-packages/airflow/models/dagbag.py", line 331, in _load_modules_from_file
    loader.exec_module(new_module)
  File "<frozen importlib._bootstrap_external>", line 843, in exec_module
  File "<frozen importlib._bootstrap>", line 219, in _call_with_frames_removed
  File "/opt/anaconda3/envs/af2/lib/python3.8/site-packages/airflow/example_dags/example_python_operator.py", line 84, in <module>
    virtualenv_task = PythonVirtualenvOperator(
  File "/opt/anaconda3/envs/af2/lib/python3.8/site-packages/airflow/models/baseoperator.py", line 188, in apply_defaults
    result = func(self, *args, **kwargs)
  File "/opt/anaconda3/envs/af2/lib/python3.8/site-packages/airflow/operators/python.py", line 342, in __init__
    raise AirflowException('PythonVirtualenvOperator requires virtualenv, please install it.')
airflow.exceptions.AirflowException: PythonVirtualenvOperator requires virtualenv, please install it.
[2021-10-21 12:03:43,968] {processor.py:634} WARNING - No viable dags retrieved from /opt/anaconda3/envs/af2/lib/python3.8/site-packages/airflow/example_dags/example_python_operator.py
[2021-10-21 12:03:43,969] {processor.py:171} INFO - Processing /opt/anaconda3/envs/af2/lib/python3.8/site-packages/airflow/example_dags/example_python_operator.py took 0.028 seconds
[2021-10-21 12:11:54,974] {processor.py:163} INFO - Started process (PID=23050) to work on /opt/anaconda3/envs/af2/lib/python3.8/site-packages/airflow/example_dags/example_python_operator.py
[2021-10-21 12:11:54,975] {processor.py:620} INFO - Processing file /opt/anaconda3/envs/af2/lib/python3.8/site-packages/airflow/example_dags/example_python_operator.py for tasks to queue
[2021-10-21 12:11:54,975] {logging_mixin.py:109} INFO - [2021-10-21 12:11:54,975] {dagbag.py:500} INFO - Filling up the DagBag from /opt/anaconda3/envs/af2/lib/python3.8/site-packages/airflow/example_dags/example_python_operator.py
[2021-10-21 12:11:55,001] {processor.py:632} INFO - DAG(s) dict_keys(['example_python_operator']) retrieved from /opt/anaconda3/envs/af2/lib/python3.8/site-packages/airflow/example_dags/example_python_operator.py
[2021-10-21 12:11:55,013] {logging_mixin.py:109} INFO - [2021-10-21 12:11:55,012] {dag.py:2389} INFO - Sync 1 DAGs
[2021-10-21 12:11:55,017] {logging_mixin.py:109} INFO - [2021-10-21 12:11:55,017] {dag.py:2914} INFO - Setting next_dagrun for example_python_operator to None
[2021-10-21 12:11:55,022] {processor.py:171} INFO - Processing /opt/anaconda3/envs/af2/lib/python3.8/site-packages/airflow/example_dags/example_python_operator.py took 0.048 seconds
[2021-10-21 12:13:05,521] {processor.py:163} INFO - Started process (PID=23203) to work on /opt/anaconda3/envs/af2/lib/python3.8/site-packages/airflow/example_dags/example_python_operator.py
[2021-10-21 12:13:05,521] {processor.py:620} INFO - Processing file /opt/anaconda3/envs/af2/lib/python3.8/site-packages/airflow/example_dags/example_python_operator.py for tasks to queue
[2021-10-21 12:13:05,521] {logging_mixin.py:109} INFO - [2021-10-21 12:13:05,521] {dagbag.py:500} INFO - Filling up the DagBag from /opt/anaconda3/envs/af2/lib/python3.8/site-packages/airflow/example_dags/example_python_operator.py
[2021-10-21 12:13:05,544] {processor.py:632} INFO - DAG(s) dict_keys(['example_python_operator']) retrieved from /opt/anaconda3/envs/af2/lib/python3.8/site-packages/airflow/example_dags/example_python_operator.py
[2021-10-21 12:13:05,554] {logging_mixin.py:109} INFO - [2021-10-21 12:13:05,554] {dag.py:2389} INFO - Sync 1 DAGs
[2021-10-21 12:13:05,558] {logging_mixin.py:109} INFO - [2021-10-21 12:13:05,558] {dag.py:2914} INFO - Setting next_dagrun for example_python_operator to None
[2021-10-21 12:13:05,561] {processor.py:171} INFO - Processing /opt/anaconda3/envs/af2/lib/python3.8/site-packages/airflow/example_dags/example_python_operator.py took 0.041 seconds
[2021-10-21 12:14:20,398] {processor.py:163} INFO - Started process (PID=23302) to work on /opt/anaconda3/envs/af2/lib/python3.8/site-packages/airflow/example_dags/example_python_operator.py
[2021-10-21 12:14:20,398] {processor.py:620} INFO - Processing file /opt/anaconda3/envs/af2/lib/python3.8/site-packages/airflow/example_dags/example_python_operator.py for tasks to queue
[2021-10-21 12:14:20,398] {logging_mixin.py:109} INFO - [2021-10-21 12:14:20,398] {dagbag.py:500} INFO - Filling up the DagBag from /opt/anaconda3/envs/af2/lib/python3.8/site-packages/airflow/example_dags/example_python_operator.py
[2021-10-21 12:14:20,424] {processor.py:632} INFO - DAG(s) dict_keys(['example_python_operator']) retrieved from /opt/anaconda3/envs/af2/lib/python3.8/site-packages/airflow/example_dags/example_python_operator.py
[2021-10-21 12:14:20,434] {logging_mixin.py:109} INFO - [2021-10-21 12:14:20,434] {dag.py:2389} INFO - Sync 1 DAGs
[2021-10-21 12:14:20,438] {logging_mixin.py:109} INFO - [2021-10-21 12:14:20,438] {dag.py:2914} INFO - Setting next_dagrun for example_python_operator to None
[2021-10-21 12:14:20,441] {processor.py:171} INFO - Processing /opt/anaconda3/envs/af2/lib/python3.8/site-packages/airflow/example_dags/example_python_operator.py took 0.044 seconds
[2021-10-21 12:15:36,749] {processor.py:163} INFO - Started process (PID=23422) to work on /opt/anaconda3/envs/af2/lib/python3.8/site-packages/airflow/example_dags/example_python_operator.py
[2021-10-21 12:15:36,750] {processor.py:620} INFO - Processing file /opt/anaconda3/envs/af2/lib/python3.8/site-packages/airflow/example_dags/example_python_operator.py for tasks to queue
[2021-10-21 12:15:36,750] {logging_mixin.py:109} INFO - [2021-10-21 12:15:36,750] {dagbag.py:500} INFO - Filling up the DagBag from /opt/anaconda3/envs/af2/lib/python3.8/site-packages/airflow/example_dags/example_python_operator.py
[2021-10-21 12:15:36,773] {processor.py:632} INFO - DAG(s) dict_keys(['example_python_operator']) retrieved from /opt/anaconda3/envs/af2/lib/python3.8/site-packages/airflow/example_dags/example_python_operator.py
[2021-10-21 12:15:36,784] {logging_mixin.py:109} INFO - [2021-10-21 12:15:36,784] {dag.py:2389} INFO - Sync 1 DAGs
[2021-10-21 12:15:36,788] {logging_mixin.py:109} INFO - [2021-10-21 12:15:36,788] {dag.py:2914} INFO - Setting next_dagrun for example_python_operator to None
[2021-10-21 12:15:36,791] {processor.py:171} INFO - Processing /opt/anaconda3/envs/af2/lib/python3.8/site-packages/airflow/example_dags/example_python_operator.py took 0.042 seconds
[2021-10-21 12:16:51,902] {processor.py:163} INFO - Started process (PID=23545) to work on /opt/anaconda3/envs/af2/lib/python3.8/site-packages/airflow/example_dags/example_python_operator.py
[2021-10-21 12:16:51,902] {processor.py:620} INFO - Processing file /opt/anaconda3/envs/af2/lib/python3.8/site-packages/airflow/example_dags/example_python_operator.py for tasks to queue
[2021-10-21 12:16:51,903] {logging_mixin.py:109} INFO - [2021-10-21 12:16:51,903] {dagbag.py:500} INFO - Filling up the DagBag from /opt/anaconda3/envs/af2/lib/python3.8/site-packages/airflow/example_dags/example_python_operator.py
[2021-10-21 12:16:51,927] {processor.py:632} INFO - DAG(s) dict_keys(['example_python_operator']) retrieved from /opt/anaconda3/envs/af2/lib/python3.8/site-packages/airflow/example_dags/example_python_operator.py
[2021-10-21 12:16:51,938] {logging_mixin.py:109} INFO - [2021-10-21 12:16:51,937] {dag.py:2389} INFO - Sync 1 DAGs
[2021-10-21 12:16:51,941] {logging_mixin.py:109} INFO - [2021-10-21 12:16:51,941] {dag.py:2914} INFO - Setting next_dagrun for example_python_operator to None
[2021-10-21 12:16:51,944] {processor.py:171} INFO - Processing /opt/anaconda3/envs/af2/lib/python3.8/site-packages/airflow/example_dags/example_python_operator.py took 0.043 seconds
[2021-10-21 12:18:06,463] {processor.py:163} INFO - Started process (PID=23639) to work on /opt/anaconda3/envs/af2/lib/python3.8/site-packages/airflow/example_dags/example_python_operator.py
[2021-10-21 12:18:06,464] {processor.py:620} INFO - Processing file /opt/anaconda3/envs/af2/lib/python3.8/site-packages/airflow/example_dags/example_python_operator.py for tasks to queue
[2021-10-21 12:18:06,464] {logging_mixin.py:109} INFO - [2021-10-21 12:18:06,464] {dagbag.py:500} INFO - Filling up the DagBag from /opt/anaconda3/envs/af2/lib/python3.8/site-packages/airflow/example_dags/example_python_operator.py
[2021-10-21 12:18:06,488] {processor.py:632} INFO - DAG(s) dict_keys(['example_python_operator']) retrieved from /opt/anaconda3/envs/af2/lib/python3.8/site-packages/airflow/example_dags/example_python_operator.py
[2021-10-21 12:18:06,499] {logging_mixin.py:109} INFO - [2021-10-21 12:18:06,499] {dag.py:2389} INFO - Sync 1 DAGs
[2021-10-21 12:18:06,502] {logging_mixin.py:109} INFO - [2021-10-21 12:18:06,502] {dag.py:2914} INFO - Setting next_dagrun for example_python_operator to None
[2021-10-21 12:18:06,506] {processor.py:171} INFO - Processing /opt/anaconda3/envs/af2/lib/python3.8/site-packages/airflow/example_dags/example_python_operator.py took 0.043 seconds
[2021-10-21 12:19:20,418] {processor.py:163} INFO - Started process (PID=23837) to work on /opt/anaconda3/envs/af2/lib/python3.8/site-packages/airflow/example_dags/example_python_operator.py
[2021-10-21 12:19:20,418] {processor.py:620} INFO - Processing file /opt/anaconda3/envs/af2/lib/python3.8/site-packages/airflow/example_dags/example_python_operator.py for tasks to queue
[2021-10-21 12:19:20,419] {logging_mixin.py:109} INFO - [2021-10-21 12:19:20,419] {dagbag.py:500} INFO - Filling up the DagBag from /opt/anaconda3/envs/af2/lib/python3.8/site-packages/airflow/example_dags/example_python_operator.py
[2021-10-21 12:19:20,443] {processor.py:632} INFO - DAG(s) dict_keys(['example_python_operator']) retrieved from /opt/anaconda3/envs/af2/lib/python3.8/site-packages/airflow/example_dags/example_python_operator.py
[2021-10-21 12:19:20,453] {logging_mixin.py:109} INFO - [2021-10-21 12:19:20,453] {dag.py:2389} INFO - Sync 1 DAGs
[2021-10-21 12:19:20,457] {logging_mixin.py:109} INFO - [2021-10-21 12:19:20,457] {dag.py:2914} INFO - Setting next_dagrun for example_python_operator to None
[2021-10-21 12:19:20,461] {processor.py:171} INFO - Processing /opt/anaconda3/envs/af2/lib/python3.8/site-packages/airflow/example_dags/example_python_operator.py took 0.043 seconds
[2021-10-21 12:20:32,176] {processor.py:163} INFO - Started process (PID=23945) to work on /opt/anaconda3/envs/af2/lib/python3.8/site-packages/airflow/example_dags/example_python_operator.py
[2021-10-21 12:20:32,178] {processor.py:620} INFO - Processing file /opt/anaconda3/envs/af2/lib/python3.8/site-packages/airflow/example_dags/example_python_operator.py for tasks to queue
[2021-10-21 12:20:32,179] {logging_mixin.py:109} INFO - [2021-10-21 12:20:32,179] {dagbag.py:500} INFO - Filling up the DagBag from /opt/anaconda3/envs/af2/lib/python3.8/site-packages/airflow/example_dags/example_python_operator.py
[2021-10-21 12:20:32,202] {processor.py:632} INFO - DAG(s) dict_keys(['example_python_operator']) retrieved from /opt/anaconda3/envs/af2/lib/python3.8/site-packages/airflow/example_dags/example_python_operator.py
[2021-10-21 12:20:32,211] {logging_mixin.py:109} INFO - [2021-10-21 12:20:32,211] {dag.py:2389} INFO - Sync 1 DAGs
[2021-10-21 12:20:32,215] {logging_mixin.py:109} INFO - [2021-10-21 12:20:32,215] {dag.py:2914} INFO - Setting next_dagrun for example_python_operator to None
[2021-10-21 12:20:32,218] {processor.py:171} INFO - Processing /opt/anaconda3/envs/af2/lib/python3.8/site-packages/airflow/example_dags/example_python_operator.py took 0.043 seconds
[2021-10-21 12:21:43,431] {processor.py:163} INFO - Started process (PID=24118) to work on /opt/anaconda3/envs/af2/lib/python3.8/site-packages/airflow/example_dags/example_python_operator.py
[2021-10-21 12:21:43,432] {processor.py:620} INFO - Processing file /opt/anaconda3/envs/af2/lib/python3.8/site-packages/airflow/example_dags/example_python_operator.py for tasks to queue
[2021-10-21 12:21:43,432] {logging_mixin.py:109} INFO - [2021-10-21 12:21:43,432] {dagbag.py:500} INFO - Filling up the DagBag from /opt/anaconda3/envs/af2/lib/python3.8/site-packages/airflow/example_dags/example_python_operator.py
[2021-10-21 12:21:43,456] {processor.py:632} INFO - DAG(s) dict_keys(['example_python_operator']) retrieved from /opt/anaconda3/envs/af2/lib/python3.8/site-packages/airflow/example_dags/example_python_operator.py
[2021-10-21 12:21:43,473] {logging_mixin.py:109} INFO - [2021-10-21 12:21:43,473] {dag.py:2389} INFO - Sync 1 DAGs
[2021-10-21 12:21:43,477] {logging_mixin.py:109} INFO - [2021-10-21 12:21:43,477] {dag.py:2914} INFO - Setting next_dagrun for example_python_operator to None
[2021-10-21 12:21:43,480] {processor.py:171} INFO - Processing /opt/anaconda3/envs/af2/lib/python3.8/site-packages/airflow/example_dags/example_python_operator.py took 0.050 seconds
[2021-10-21 12:22:49,787] {processor.py:163} INFO - Started process (PID=24200) to work on /opt/anaconda3/envs/af2/lib/python3.8/site-packages/airflow/example_dags/example_python_operator.py
[2021-10-21 12:22:49,788] {processor.py:620} INFO - Processing file /opt/anaconda3/envs/af2/lib/python3.8/site-packages/airflow/example_dags/example_python_operator.py for tasks to queue
[2021-10-21 12:22:49,788] {logging_mixin.py:109} INFO - [2021-10-21 12:22:49,788] {dagbag.py:500} INFO - Filling up the DagBag from /opt/anaconda3/envs/af2/lib/python3.8/site-packages/airflow/example_dags/example_python_operator.py
[2021-10-21 12:22:49,811] {processor.py:632} INFO - DAG(s) dict_keys(['example_python_operator']) retrieved from /opt/anaconda3/envs/af2/lib/python3.8/site-packages/airflow/example_dags/example_python_operator.py
[2021-10-21 12:22:49,821] {logging_mixin.py:109} INFO - [2021-10-21 12:22:49,821] {dag.py:2389} INFO - Sync 1 DAGs
[2021-10-21 12:22:49,825] {logging_mixin.py:109} INFO - [2021-10-21 12:22:49,825] {dag.py:2914} INFO - Setting next_dagrun for example_python_operator to None
[2021-10-21 12:22:49,828] {processor.py:171} INFO - Processing /opt/anaconda3/envs/af2/lib/python3.8/site-packages/airflow/example_dags/example_python_operator.py took 0.042 seconds
[2021-10-21 12:24:04,014] {processor.py:163} INFO - Started process (PID=24380) to work on /opt/anaconda3/envs/af2/lib/python3.8/site-packages/airflow/example_dags/example_python_operator.py
[2021-10-21 12:24:04,014] {processor.py:620} INFO - Processing file /opt/anaconda3/envs/af2/lib/python3.8/site-packages/airflow/example_dags/example_python_operator.py for tasks to queue
[2021-10-21 12:24:04,015] {logging_mixin.py:109} INFO - [2021-10-21 12:24:04,015] {dagbag.py:500} INFO - Filling up the DagBag from /opt/anaconda3/envs/af2/lib/python3.8/site-packages/airflow/example_dags/example_python_operator.py
[2021-10-21 12:24:04,038] {processor.py:632} INFO - DAG(s) dict_keys(['example_python_operator']) retrieved from /opt/anaconda3/envs/af2/lib/python3.8/site-packages/airflow/example_dags/example_python_operator.py
[2021-10-21 12:24:04,047] {logging_mixin.py:109} INFO - [2021-10-21 12:24:04,047] {dag.py:2389} INFO - Sync 1 DAGs
[2021-10-21 12:24:04,051] {logging_mixin.py:109} INFO - [2021-10-21 12:24:04,051] {dag.py:2914} INFO - Setting next_dagrun for example_python_operator to None
[2021-10-21 12:24:04,054] {processor.py:171} INFO - Processing /opt/anaconda3/envs/af2/lib/python3.8/site-packages/airflow/example_dags/example_python_operator.py took 0.041 seconds
[2021-10-21 12:25:18,048] {processor.py:163} INFO - Started process (PID=24481) to work on /opt/anaconda3/envs/af2/lib/python3.8/site-packages/airflow/example_dags/example_python_operator.py
[2021-10-21 12:25:18,049] {processor.py:620} INFO - Processing file /opt/anaconda3/envs/af2/lib/python3.8/site-packages/airflow/example_dags/example_python_operator.py for tasks to queue
[2021-10-21 12:25:18,049] {logging_mixin.py:109} INFO - [2021-10-21 12:25:18,049] {dagbag.py:500} INFO - Filling up the DagBag from /opt/anaconda3/envs/af2/lib/python3.8/site-packages/airflow/example_dags/example_python_operator.py
[2021-10-21 12:25:18,073] {processor.py:632} INFO - DAG(s) dict_keys(['example_python_operator']) retrieved from /opt/anaconda3/envs/af2/lib/python3.8/site-packages/airflow/example_dags/example_python_operator.py
[2021-10-21 12:25:18,083] {logging_mixin.py:109} INFO - [2021-10-21 12:25:18,083] {dag.py:2389} INFO - Sync 1 DAGs
[2021-10-21 12:25:18,086] {logging_mixin.py:109} INFO - [2021-10-21 12:25:18,086] {dag.py:2914} INFO - Setting next_dagrun for example_python_operator to None
[2021-10-21 12:25:18,090] {processor.py:171} INFO - Processing /opt/anaconda3/envs/af2/lib/python3.8/site-packages/airflow/example_dags/example_python_operator.py took 0.042 seconds
[2021-10-21 12:26:30,004] {processor.py:163} INFO - Started process (PID=24733) to work on /opt/anaconda3/envs/af2/lib/python3.8/site-packages/airflow/example_dags/example_python_operator.py
[2021-10-21 12:26:30,005] {processor.py:620} INFO - Processing file /opt/anaconda3/envs/af2/lib/python3.8/site-packages/airflow/example_dags/example_python_operator.py for tasks to queue
[2021-10-21 12:26:30,005] {logging_mixin.py:109} INFO - [2021-10-21 12:26:30,005] {dagbag.py:500} INFO - Filling up the DagBag from /opt/anaconda3/envs/af2/lib/python3.8/site-packages/airflow/example_dags/example_python_operator.py
[2021-10-21 12:26:30,028] {processor.py:632} INFO - DAG(s) dict_keys(['example_python_operator']) retrieved from /opt/anaconda3/envs/af2/lib/python3.8/site-packages/airflow/example_dags/example_python_operator.py
[2021-10-21 12:26:30,038] {logging_mixin.py:109} INFO - [2021-10-21 12:26:30,038] {dag.py:2389} INFO - Sync 1 DAGs
[2021-10-21 12:26:30,042] {logging_mixin.py:109} INFO - [2021-10-21 12:26:30,042] {dag.py:2914} INFO - Setting next_dagrun for example_python_operator to None
[2021-10-21 12:26:30,045] {processor.py:171} INFO - Processing /opt/anaconda3/envs/af2/lib/python3.8/site-packages/airflow/example_dags/example_python_operator.py took 0.041 seconds
[2021-10-21 12:27:43,844] {processor.py:163} INFO - Started process (PID=24874) to work on /opt/anaconda3/envs/af2/lib/python3.8/site-packages/airflow/example_dags/example_python_operator.py
[2021-10-21 12:27:43,844] {processor.py:620} INFO - Processing file /opt/anaconda3/envs/af2/lib/python3.8/site-packages/airflow/example_dags/example_python_operator.py for tasks to queue
[2021-10-21 12:27:43,844] {logging_mixin.py:109} INFO - [2021-10-21 12:27:43,844] {dagbag.py:500} INFO - Filling up the DagBag from /opt/anaconda3/envs/af2/lib/python3.8/site-packages/airflow/example_dags/example_python_operator.py
[2021-10-21 12:27:43,867] {processor.py:632} INFO - DAG(s) dict_keys(['example_python_operator']) retrieved from /opt/anaconda3/envs/af2/lib/python3.8/site-packages/airflow/example_dags/example_python_operator.py
[2021-10-21 12:27:43,877] {logging_mixin.py:109} INFO - [2021-10-21 12:27:43,877] {dag.py:2389} INFO - Sync 1 DAGs
[2021-10-21 12:27:43,880] {logging_mixin.py:109} INFO - [2021-10-21 12:27:43,880] {dag.py:2914} INFO - Setting next_dagrun for example_python_operator to None
[2021-10-21 12:27:43,884] {processor.py:171} INFO - Processing /opt/anaconda3/envs/af2/lib/python3.8/site-packages/airflow/example_dags/example_python_operator.py took 0.040 seconds
[2021-10-21 12:28:55,513] {processor.py:163} INFO - Started process (PID=24988) to work on /opt/anaconda3/envs/af2/lib/python3.8/site-packages/airflow/example_dags/example_python_operator.py
[2021-10-21 12:28:55,513] {processor.py:620} INFO - Processing file /opt/anaconda3/envs/af2/lib/python3.8/site-packages/airflow/example_dags/example_python_operator.py for tasks to queue
[2021-10-21 12:28:55,514] {logging_mixin.py:109} INFO - [2021-10-21 12:28:55,514] {dagbag.py:500} INFO - Filling up the DagBag from /opt/anaconda3/envs/af2/lib/python3.8/site-packages/airflow/example_dags/example_python_operator.py
[2021-10-21 12:28:55,538] {processor.py:632} INFO - DAG(s) dict_keys(['example_python_operator']) retrieved from /opt/anaconda3/envs/af2/lib/python3.8/site-packages/airflow/example_dags/example_python_operator.py
[2021-10-21 12:28:55,549] {logging_mixin.py:109} INFO - [2021-10-21 12:28:55,548] {dag.py:2389} INFO - Sync 1 DAGs
[2021-10-21 12:28:55,552] {logging_mixin.py:109} INFO - [2021-10-21 12:28:55,552] {dag.py:2914} INFO - Setting next_dagrun for example_python_operator to None
[2021-10-21 12:28:55,556] {processor.py:171} INFO - Processing /opt/anaconda3/envs/af2/lib/python3.8/site-packages/airflow/example_dags/example_python_operator.py took 0.043 seconds
[2021-10-21 12:30:09,330] {processor.py:163} INFO - Started process (PID=25081) to work on /opt/anaconda3/envs/af2/lib/python3.8/site-packages/airflow/example_dags/example_python_operator.py
[2021-10-21 12:30:09,331] {processor.py:620} INFO - Processing file /opt/anaconda3/envs/af2/lib/python3.8/site-packages/airflow/example_dags/example_python_operator.py for tasks to queue
[2021-10-21 12:30:09,332] {logging_mixin.py:109} INFO - [2021-10-21 12:30:09,332] {dagbag.py:500} INFO - Filling up the DagBag from /opt/anaconda3/envs/af2/lib/python3.8/site-packages/airflow/example_dags/example_python_operator.py
[2021-10-21 12:30:09,355] {processor.py:632} INFO - DAG(s) dict_keys(['example_python_operator']) retrieved from /opt/anaconda3/envs/af2/lib/python3.8/site-packages/airflow/example_dags/example_python_operator.py
[2021-10-21 12:30:09,365] {logging_mixin.py:109} INFO - [2021-10-21 12:30:09,364] {dag.py:2389} INFO - Sync 1 DAGs
[2021-10-21 12:30:09,368] {logging_mixin.py:109} INFO - [2021-10-21 12:30:09,368] {dag.py:2914} INFO - Setting next_dagrun for example_python_operator to None
[2021-10-21 12:30:09,371] {processor.py:171} INFO - Processing /opt/anaconda3/envs/af2/lib/python3.8/site-packages/airflow/example_dags/example_python_operator.py took 0.041 seconds
[2021-10-21 12:31:31,036] {processor.py:163} INFO - Started process (PID=25276) to work on /opt/anaconda3/envs/af2/lib/python3.8/site-packages/airflow/example_dags/example_python_operator.py
[2021-10-21 12:31:31,037] {processor.py:620} INFO - Processing file /opt/anaconda3/envs/af2/lib/python3.8/site-packages/airflow/example_dags/example_python_operator.py for tasks to queue
[2021-10-21 12:31:31,037] {logging_mixin.py:109} INFO - [2021-10-21 12:31:31,037] {dagbag.py:500} INFO - Filling up the DagBag from /opt/anaconda3/envs/af2/lib/python3.8/site-packages/airflow/example_dags/example_python_operator.py
[2021-10-21 12:31:31,061] {processor.py:632} INFO - DAG(s) dict_keys(['example_python_operator']) retrieved from /opt/anaconda3/envs/af2/lib/python3.8/site-packages/airflow/example_dags/example_python_operator.py
[2021-10-21 12:31:31,071] {logging_mixin.py:109} INFO - [2021-10-21 12:31:31,070] {dag.py:2389} INFO - Sync 1 DAGs
[2021-10-21 12:31:31,074] {logging_mixin.py:109} INFO - [2021-10-21 12:31:31,074] {dag.py:2914} INFO - Setting next_dagrun for example_python_operator to None
[2021-10-21 12:31:31,078] {processor.py:171} INFO - Processing /opt/anaconda3/envs/af2/lib/python3.8/site-packages/airflow/example_dags/example_python_operator.py took 0.042 seconds
[2021-10-21 12:32:53,500] {processor.py:163} INFO - Started process (PID=25366) to work on /opt/anaconda3/envs/af2/lib/python3.8/site-packages/airflow/example_dags/example_python_operator.py
[2021-10-21 12:32:53,501] {processor.py:620} INFO - Processing file /opt/anaconda3/envs/af2/lib/python3.8/site-packages/airflow/example_dags/example_python_operator.py for tasks to queue
[2021-10-21 12:32:53,501] {logging_mixin.py:109} INFO - [2021-10-21 12:32:53,501] {dagbag.py:500} INFO - Filling up the DagBag from /opt/anaconda3/envs/af2/lib/python3.8/site-packages/airflow/example_dags/example_python_operator.py
[2021-10-21 12:32:53,524] {processor.py:632} INFO - DAG(s) dict_keys(['example_python_operator']) retrieved from /opt/anaconda3/envs/af2/lib/python3.8/site-packages/airflow/example_dags/example_python_operator.py
[2021-10-21 12:32:53,533] {logging_mixin.py:109} INFO - [2021-10-21 12:32:53,533] {dag.py:2389} INFO - Sync 1 DAGs
[2021-10-21 12:32:53,537] {logging_mixin.py:109} INFO - [2021-10-21 12:32:53,537] {dag.py:2914} INFO - Setting next_dagrun for example_python_operator to None
[2021-10-21 12:32:53,540] {processor.py:171} INFO - Processing /opt/anaconda3/envs/af2/lib/python3.8/site-packages/airflow/example_dags/example_python_operator.py took 0.041 seconds
[2021-10-21 12:34:16,126] {processor.py:163} INFO - Started process (PID=25515) to work on /opt/anaconda3/envs/af2/lib/python3.8/site-packages/airflow/example_dags/example_python_operator.py
[2021-10-21 12:34:16,126] {processor.py:620} INFO - Processing file /opt/anaconda3/envs/af2/lib/python3.8/site-packages/airflow/example_dags/example_python_operator.py for tasks to queue
[2021-10-21 12:34:16,126] {logging_mixin.py:109} INFO - [2021-10-21 12:34:16,126] {dagbag.py:500} INFO - Filling up the DagBag from /opt/anaconda3/envs/af2/lib/python3.8/site-packages/airflow/example_dags/example_python_operator.py
[2021-10-21 12:34:16,152] {processor.py:632} INFO - DAG(s) dict_keys(['example_python_operator']) retrieved from /opt/anaconda3/envs/af2/lib/python3.8/site-packages/airflow/example_dags/example_python_operator.py
[2021-10-21 12:34:16,162] {logging_mixin.py:109} INFO - [2021-10-21 12:34:16,162] {dag.py:2389} INFO - Sync 1 DAGs
[2021-10-21 12:34:16,166] {logging_mixin.py:109} INFO - [2021-10-21 12:34:16,166] {dag.py:2914} INFO - Setting next_dagrun for example_python_operator to None
[2021-10-21 12:34:16,170] {processor.py:171} INFO - Processing /opt/anaconda3/envs/af2/lib/python3.8/site-packages/airflow/example_dags/example_python_operator.py took 0.045 seconds
[2021-10-21 12:35:42,833] {processor.py:163} INFO - Started process (PID=25617) to work on /opt/anaconda3/envs/af2/lib/python3.8/site-packages/airflow/example_dags/example_python_operator.py
[2021-10-21 12:35:42,833] {processor.py:620} INFO - Processing file /opt/anaconda3/envs/af2/lib/python3.8/site-packages/airflow/example_dags/example_python_operator.py for tasks to queue
[2021-10-21 12:35:42,833] {logging_mixin.py:109} INFO - [2021-10-21 12:35:42,833] {dagbag.py:500} INFO - Filling up the DagBag from /opt/anaconda3/envs/af2/lib/python3.8/site-packages/airflow/example_dags/example_python_operator.py
[2021-10-21 12:35:42,858] {processor.py:632} INFO - DAG(s) dict_keys(['example_python_operator']) retrieved from /opt/anaconda3/envs/af2/lib/python3.8/site-packages/airflow/example_dags/example_python_operator.py
[2021-10-21 12:35:42,867] {logging_mixin.py:109} INFO - [2021-10-21 12:35:42,867] {dag.py:2389} INFO - Sync 1 DAGs
[2021-10-21 12:35:42,871] {logging_mixin.py:109} INFO - [2021-10-21 12:35:42,871] {dag.py:2914} INFO - Setting next_dagrun for example_python_operator to None
[2021-10-21 12:35:42,875] {processor.py:171} INFO - Processing /opt/anaconda3/envs/af2/lib/python3.8/site-packages/airflow/example_dags/example_python_operator.py took 0.043 seconds
[2021-10-21 12:37:10,121] {processor.py:163} INFO - Started process (PID=25722) to work on /opt/anaconda3/envs/af2/lib/python3.8/site-packages/airflow/example_dags/example_python_operator.py
[2021-10-21 12:37:10,121] {processor.py:620} INFO - Processing file /opt/anaconda3/envs/af2/lib/python3.8/site-packages/airflow/example_dags/example_python_operator.py for tasks to queue
[2021-10-21 12:37:10,121] {logging_mixin.py:109} INFO - [2021-10-21 12:37:10,121] {dagbag.py:500} INFO - Filling up the DagBag from /opt/anaconda3/envs/af2/lib/python3.8/site-packages/airflow/example_dags/example_python_operator.py
[2021-10-21 12:37:10,148] {processor.py:632} INFO - DAG(s) dict_keys(['example_python_operator']) retrieved from /opt/anaconda3/envs/af2/lib/python3.8/site-packages/airflow/example_dags/example_python_operator.py
[2021-10-21 12:37:10,157] {logging_mixin.py:109} INFO - [2021-10-21 12:37:10,157] {dag.py:2389} INFO - Sync 1 DAGs
[2021-10-21 12:37:10,160] {logging_mixin.py:109} INFO - [2021-10-21 12:37:10,160] {dag.py:2914} INFO - Setting next_dagrun for example_python_operator to None
[2021-10-21 12:37:10,164] {processor.py:171} INFO - Processing /opt/anaconda3/envs/af2/lib/python3.8/site-packages/airflow/example_dags/example_python_operator.py took 0.044 seconds
[2021-10-21 12:38:54,044] {processor.py:163} INFO - Started process (PID=25877) to work on /opt/anaconda3/envs/af2/lib/python3.8/site-packages/airflow/example_dags/example_python_operator.py
[2021-10-21 12:38:54,044] {processor.py:620} INFO - Processing file /opt/anaconda3/envs/af2/lib/python3.8/site-packages/airflow/example_dags/example_python_operator.py for tasks to queue
[2021-10-21 12:38:54,044] {logging_mixin.py:109} INFO - [2021-10-21 12:38:54,044] {dagbag.py:500} INFO - Filling up the DagBag from /opt/anaconda3/envs/af2/lib/python3.8/site-packages/airflow/example_dags/example_python_operator.py
[2021-10-21 12:38:54,068] {processor.py:632} INFO - DAG(s) dict_keys(['example_python_operator']) retrieved from /opt/anaconda3/envs/af2/lib/python3.8/site-packages/airflow/example_dags/example_python_operator.py
[2021-10-21 12:38:54,083] {logging_mixin.py:109} INFO - [2021-10-21 12:38:54,082] {dag.py:2389} INFO - Sync 1 DAGs
[2021-10-21 12:38:54,094] {logging_mixin.py:109} INFO - [2021-10-21 12:38:54,094] {dag.py:2914} INFO - Setting next_dagrun for example_python_operator to None
[2021-10-21 12:38:54,101] {processor.py:171} INFO - Processing /opt/anaconda3/envs/af2/lib/python3.8/site-packages/airflow/example_dags/example_python_operator.py took 0.058 seconds
[2021-10-21 12:40:28,337] {processor.py:163} INFO - Started process (PID=25975) to work on /opt/anaconda3/envs/af2/lib/python3.8/site-packages/airflow/example_dags/example_python_operator.py
[2021-10-21 12:40:28,337] {processor.py:620} INFO - Processing file /opt/anaconda3/envs/af2/lib/python3.8/site-packages/airflow/example_dags/example_python_operator.py for tasks to queue
[2021-10-21 12:40:28,338] {logging_mixin.py:109} INFO - [2021-10-21 12:40:28,338] {dagbag.py:500} INFO - Filling up the DagBag from /opt/anaconda3/envs/af2/lib/python3.8/site-packages/airflow/example_dags/example_python_operator.py
[2021-10-21 12:40:28,362] {processor.py:632} INFO - DAG(s) dict_keys(['example_python_operator']) retrieved from /opt/anaconda3/envs/af2/lib/python3.8/site-packages/airflow/example_dags/example_python_operator.py
[2021-10-21 12:40:28,372] {logging_mixin.py:109} INFO - [2021-10-21 12:40:28,372] {dag.py:2389} INFO - Sync 1 DAGs
[2021-10-21 12:40:28,376] {logging_mixin.py:109} INFO - [2021-10-21 12:40:28,376] {dag.py:2914} INFO - Setting next_dagrun for example_python_operator to None
[2021-10-21 12:40:28,379] {processor.py:171} INFO - Processing /opt/anaconda3/envs/af2/lib/python3.8/site-packages/airflow/example_dags/example_python_operator.py took 0.044 seconds
[2021-10-21 12:41:54,202] {processor.py:163} INFO - Started process (PID=26066) to work on /opt/anaconda3/envs/af2/lib/python3.8/site-packages/airflow/example_dags/example_python_operator.py
[2021-10-21 12:41:54,203] {processor.py:620} INFO - Processing file /opt/anaconda3/envs/af2/lib/python3.8/site-packages/airflow/example_dags/example_python_operator.py for tasks to queue
[2021-10-21 12:41:54,203] {logging_mixin.py:109} INFO - [2021-10-21 12:41:54,203] {dagbag.py:500} INFO - Filling up the DagBag from /opt/anaconda3/envs/af2/lib/python3.8/site-packages/airflow/example_dags/example_python_operator.py
[2021-10-21 12:41:54,226] {processor.py:632} INFO - DAG(s) dict_keys(['example_python_operator']) retrieved from /opt/anaconda3/envs/af2/lib/python3.8/site-packages/airflow/example_dags/example_python_operator.py
[2021-10-21 12:41:54,235] {logging_mixin.py:109} INFO - [2021-10-21 12:41:54,235] {dag.py:2389} INFO - Sync 1 DAGs
[2021-10-21 12:41:54,239] {logging_mixin.py:109} INFO - [2021-10-21 12:41:54,239] {dag.py:2914} INFO - Setting next_dagrun for example_python_operator to None
[2021-10-21 12:41:54,242] {processor.py:171} INFO - Processing /opt/anaconda3/envs/af2/lib/python3.8/site-packages/airflow/example_dags/example_python_operator.py took 0.041 seconds
[2021-10-21 12:43:19,281] {processor.py:163} INFO - Started process (PID=26167) to work on /opt/anaconda3/envs/af2/lib/python3.8/site-packages/airflow/example_dags/example_python_operator.py
[2021-10-21 12:43:19,281] {processor.py:620} INFO - Processing file /opt/anaconda3/envs/af2/lib/python3.8/site-packages/airflow/example_dags/example_python_operator.py for tasks to queue
[2021-10-21 12:43:19,281] {logging_mixin.py:109} INFO - [2021-10-21 12:43:19,281] {dagbag.py:500} INFO - Filling up the DagBag from /opt/anaconda3/envs/af2/lib/python3.8/site-packages/airflow/example_dags/example_python_operator.py
[2021-10-21 12:43:19,304] {processor.py:632} INFO - DAG(s) dict_keys(['example_python_operator']) retrieved from /opt/anaconda3/envs/af2/lib/python3.8/site-packages/airflow/example_dags/example_python_operator.py
[2021-10-21 12:43:19,313] {logging_mixin.py:109} INFO - [2021-10-21 12:43:19,313] {dag.py:2389} INFO - Sync 1 DAGs
[2021-10-21 12:43:19,317] {logging_mixin.py:109} INFO - [2021-10-21 12:43:19,317] {dag.py:2914} INFO - Setting next_dagrun for example_python_operator to None
[2021-10-21 12:43:19,320] {processor.py:171} INFO - Processing /opt/anaconda3/envs/af2/lib/python3.8/site-packages/airflow/example_dags/example_python_operator.py took 0.041 seconds
[2021-10-21 12:45:11,086] {processor.py:163} INFO - Started process (PID=26312) to work on /opt/anaconda3/envs/af2/lib/python3.8/site-packages/airflow/example_dags/example_python_operator.py
[2021-10-21 12:45:11,087] {processor.py:620} INFO - Processing file /opt/anaconda3/envs/af2/lib/python3.8/site-packages/airflow/example_dags/example_python_operator.py for tasks to queue
[2021-10-21 12:45:11,087] {logging_mixin.py:109} INFO - [2021-10-21 12:45:11,087] {dagbag.py:500} INFO - Filling up the DagBag from /opt/anaconda3/envs/af2/lib/python3.8/site-packages/airflow/example_dags/example_python_operator.py
[2021-10-21 12:45:11,110] {processor.py:632} INFO - DAG(s) dict_keys(['example_python_operator']) retrieved from /opt/anaconda3/envs/af2/lib/python3.8/site-packages/airflow/example_dags/example_python_operator.py
[2021-10-21 12:45:11,119] {logging_mixin.py:109} INFO - [2021-10-21 12:45:11,119] {dag.py:2389} INFO - Sync 1 DAGs
[2021-10-21 12:45:11,122] {logging_mixin.py:109} INFO - [2021-10-21 12:45:11,122] {dag.py:2914} INFO - Setting next_dagrun for example_python_operator to None
[2021-10-21 12:45:11,126] {processor.py:171} INFO - Processing /opt/anaconda3/envs/af2/lib/python3.8/site-packages/airflow/example_dags/example_python_operator.py took 0.041 seconds
[2021-10-21 12:46:25,889] {processor.py:163} INFO - Started process (PID=26461) to work on /opt/anaconda3/envs/af2/lib/python3.8/site-packages/airflow/example_dags/example_python_operator.py
[2021-10-21 12:46:25,889] {processor.py:620} INFO - Processing file /opt/anaconda3/envs/af2/lib/python3.8/site-packages/airflow/example_dags/example_python_operator.py for tasks to queue
[2021-10-21 12:46:25,889] {logging_mixin.py:109} INFO - [2021-10-21 12:46:25,889] {dagbag.py:500} INFO - Filling up the DagBag from /opt/anaconda3/envs/af2/lib/python3.8/site-packages/airflow/example_dags/example_python_operator.py
[2021-10-21 12:46:25,912] {processor.py:632} INFO - DAG(s) dict_keys(['example_python_operator']) retrieved from /opt/anaconda3/envs/af2/lib/python3.8/site-packages/airflow/example_dags/example_python_operator.py
[2021-10-21 12:46:25,924] {logging_mixin.py:109} INFO - [2021-10-21 12:46:25,924] {dag.py:2389} INFO - Sync 1 DAGs
[2021-10-21 12:46:25,928] {logging_mixin.py:109} INFO - [2021-10-21 12:46:25,928] {dag.py:2914} INFO - Setting next_dagrun for example_python_operator to None
[2021-10-21 12:46:25,931] {processor.py:171} INFO - Processing /opt/anaconda3/envs/af2/lib/python3.8/site-packages/airflow/example_dags/example_python_operator.py took 0.044 seconds
[2021-10-21 12:47:52,495] {processor.py:163} INFO - Started process (PID=26669) to work on /opt/anaconda3/envs/af2/lib/python3.8/site-packages/airflow/example_dags/example_python_operator.py
[2021-10-21 12:47:52,496] {processor.py:620} INFO - Processing file /opt/anaconda3/envs/af2/lib/python3.8/site-packages/airflow/example_dags/example_python_operator.py for tasks to queue
[2021-10-21 12:47:52,496] {logging_mixin.py:109} INFO - [2021-10-21 12:47:52,496] {dagbag.py:500} INFO - Filling up the DagBag from /opt/anaconda3/envs/af2/lib/python3.8/site-packages/airflow/example_dags/example_python_operator.py
[2021-10-21 12:47:52,519] {processor.py:632} INFO - DAG(s) dict_keys(['example_python_operator']) retrieved from /opt/anaconda3/envs/af2/lib/python3.8/site-packages/airflow/example_dags/example_python_operator.py
[2021-10-21 12:47:52,528] {logging_mixin.py:109} INFO - [2021-10-21 12:47:52,528] {dag.py:2389} INFO - Sync 1 DAGs
[2021-10-21 12:47:52,532] {logging_mixin.py:109} INFO - [2021-10-21 12:47:52,532] {dag.py:2914} INFO - Setting next_dagrun for example_python_operator to None
[2021-10-21 12:47:52,538] {processor.py:171} INFO - Processing /opt/anaconda3/envs/af2/lib/python3.8/site-packages/airflow/example_dags/example_python_operator.py took 0.044 seconds
[2021-10-21 12:49:11,500] {processor.py:163} INFO - Started process (PID=26775) to work on /opt/anaconda3/envs/af2/lib/python3.8/site-packages/airflow/example_dags/example_python_operator.py
[2021-10-21 12:49:11,502] {processor.py:620} INFO - Processing file /opt/anaconda3/envs/af2/lib/python3.8/site-packages/airflow/example_dags/example_python_operator.py for tasks to queue
[2021-10-21 12:49:11,502] {logging_mixin.py:109} INFO - [2021-10-21 12:49:11,502] {dagbag.py:500} INFO - Filling up the DagBag from /opt/anaconda3/envs/af2/lib/python3.8/site-packages/airflow/example_dags/example_python_operator.py
[2021-10-21 12:49:11,525] {processor.py:632} INFO - DAG(s) dict_keys(['example_python_operator']) retrieved from /opt/anaconda3/envs/af2/lib/python3.8/site-packages/airflow/example_dags/example_python_operator.py
[2021-10-21 12:49:11,534] {logging_mixin.py:109} INFO - [2021-10-21 12:49:11,534] {dag.py:2389} INFO - Sync 1 DAGs
[2021-10-21 12:49:11,538] {logging_mixin.py:109} INFO - [2021-10-21 12:49:11,538] {dag.py:2914} INFO - Setting next_dagrun for example_python_operator to None
[2021-10-21 12:49:11,541] {processor.py:171} INFO - Processing /opt/anaconda3/envs/af2/lib/python3.8/site-packages/airflow/example_dags/example_python_operator.py took 0.041 seconds
[2021-10-21 12:50:26,032] {processor.py:163} INFO - Started process (PID=26910) to work on /opt/anaconda3/envs/af2/lib/python3.8/site-packages/airflow/example_dags/example_python_operator.py
[2021-10-21 12:50:26,033] {processor.py:620} INFO - Processing file /opt/anaconda3/envs/af2/lib/python3.8/site-packages/airflow/example_dags/example_python_operator.py for tasks to queue
[2021-10-21 12:50:26,034] {logging_mixin.py:109} INFO - [2021-10-21 12:50:26,034] {dagbag.py:500} INFO - Filling up the DagBag from /opt/anaconda3/envs/af2/lib/python3.8/site-packages/airflow/example_dags/example_python_operator.py
[2021-10-21 12:50:26,058] {processor.py:632} INFO - DAG(s) dict_keys(['example_python_operator']) retrieved from /opt/anaconda3/envs/af2/lib/python3.8/site-packages/airflow/example_dags/example_python_operator.py
[2021-10-21 12:50:26,067] {logging_mixin.py:109} INFO - [2021-10-21 12:50:26,067] {dag.py:2389} INFO - Sync 1 DAGs
[2021-10-21 12:50:26,070] {logging_mixin.py:109} INFO - [2021-10-21 12:50:26,070] {dag.py:2914} INFO - Setting next_dagrun for example_python_operator to None
[2021-10-21 12:50:26,074] {processor.py:171} INFO - Processing /opt/anaconda3/envs/af2/lib/python3.8/site-packages/airflow/example_dags/example_python_operator.py took 0.042 seconds
[2021-10-21 12:51:39,871] {processor.py:163} INFO - Started process (PID=27018) to work on /opt/anaconda3/envs/af2/lib/python3.8/site-packages/airflow/example_dags/example_python_operator.py
[2021-10-21 12:51:39,872] {processor.py:620} INFO - Processing file /opt/anaconda3/envs/af2/lib/python3.8/site-packages/airflow/example_dags/example_python_operator.py for tasks to queue
[2021-10-21 12:51:39,872] {logging_mixin.py:109} INFO - [2021-10-21 12:51:39,872] {dagbag.py:500} INFO - Filling up the DagBag from /opt/anaconda3/envs/af2/lib/python3.8/site-packages/airflow/example_dags/example_python_operator.py
[2021-10-21 12:51:39,901] {processor.py:632} INFO - DAG(s) dict_keys(['example_python_operator']) retrieved from /opt/anaconda3/envs/af2/lib/python3.8/site-packages/airflow/example_dags/example_python_operator.py
[2021-10-21 12:51:39,911] {logging_mixin.py:109} INFO - [2021-10-21 12:51:39,911] {dag.py:2389} INFO - Sync 1 DAGs
[2021-10-21 12:51:39,915] {logging_mixin.py:109} INFO - [2021-10-21 12:51:39,915] {dag.py:2914} INFO - Setting next_dagrun for example_python_operator to None
[2021-10-21 12:51:39,918] {processor.py:171} INFO - Processing /opt/anaconda3/envs/af2/lib/python3.8/site-packages/airflow/example_dags/example_python_operator.py took 0.049 seconds
[2021-10-21 12:52:42,605] {processor.py:163} INFO - Started process (PID=27093) to work on /opt/anaconda3/envs/af2/lib/python3.8/site-packages/airflow/example_dags/example_python_operator.py
[2021-10-21 12:52:42,605] {processor.py:620} INFO - Processing file /opt/anaconda3/envs/af2/lib/python3.8/site-packages/airflow/example_dags/example_python_operator.py for tasks to queue
[2021-10-21 12:52:42,605] {logging_mixin.py:109} INFO - [2021-10-21 12:52:42,605] {dagbag.py:500} INFO - Filling up the DagBag from /opt/anaconda3/envs/af2/lib/python3.8/site-packages/airflow/example_dags/example_python_operator.py
[2021-10-21 12:52:42,629] {processor.py:632} INFO - DAG(s) dict_keys(['example_python_operator']) retrieved from /opt/anaconda3/envs/af2/lib/python3.8/site-packages/airflow/example_dags/example_python_operator.py
[2021-10-21 12:52:42,638] {logging_mixin.py:109} INFO - [2021-10-21 12:52:42,638] {dag.py:2389} INFO - Sync 1 DAGs
[2021-10-21 12:52:42,641] {logging_mixin.py:109} INFO - [2021-10-21 12:52:42,641] {dag.py:2914} INFO - Setting next_dagrun for example_python_operator to None
[2021-10-21 12:52:42,645] {processor.py:171} INFO - Processing /opt/anaconda3/envs/af2/lib/python3.8/site-packages/airflow/example_dags/example_python_operator.py took 0.041 seconds
[2021-10-21 12:53:55,740] {processor.py:163} INFO - Started process (PID=27186) to work on /opt/anaconda3/envs/af2/lib/python3.8/site-packages/airflow/example_dags/example_python_operator.py
[2021-10-21 12:53:55,741] {processor.py:620} INFO - Processing file /opt/anaconda3/envs/af2/lib/python3.8/site-packages/airflow/example_dags/example_python_operator.py for tasks to queue
[2021-10-21 12:53:55,741] {logging_mixin.py:109} INFO - [2021-10-21 12:53:55,741] {dagbag.py:500} INFO - Filling up the DagBag from /opt/anaconda3/envs/af2/lib/python3.8/site-packages/airflow/example_dags/example_python_operator.py
[2021-10-21 12:53:55,771] {processor.py:632} INFO - DAG(s) dict_keys(['example_python_operator']) retrieved from /opt/anaconda3/envs/af2/lib/python3.8/site-packages/airflow/example_dags/example_python_operator.py
[2021-10-21 12:53:55,784] {logging_mixin.py:109} INFO - [2021-10-21 12:53:55,784] {dag.py:2389} INFO - Sync 1 DAGs
[2021-10-21 12:53:55,789] {logging_mixin.py:109} INFO - [2021-10-21 12:53:55,789] {dag.py:2914} INFO - Setting next_dagrun for example_python_operator to None
[2021-10-21 12:53:55,794] {processor.py:171} INFO - Processing /opt/anaconda3/envs/af2/lib/python3.8/site-packages/airflow/example_dags/example_python_operator.py took 0.055 seconds
[2021-10-21 12:55:23,825] {processor.py:163} INFO - Started process (PID=27289) to work on /opt/anaconda3/envs/af2/lib/python3.8/site-packages/airflow/example_dags/example_python_operator.py
[2021-10-21 12:55:23,826] {processor.py:620} INFO - Processing file /opt/anaconda3/envs/af2/lib/python3.8/site-packages/airflow/example_dags/example_python_operator.py for tasks to queue
[2021-10-21 12:55:23,826] {logging_mixin.py:109} INFO - [2021-10-21 12:55:23,826] {dagbag.py:500} INFO - Filling up the DagBag from /opt/anaconda3/envs/af2/lib/python3.8/site-packages/airflow/example_dags/example_python_operator.py
[2021-10-21 12:55:23,850] {processor.py:632} INFO - DAG(s) dict_keys(['example_python_operator']) retrieved from /opt/anaconda3/envs/af2/lib/python3.8/site-packages/airflow/example_dags/example_python_operator.py
[2021-10-21 12:55:23,859] {logging_mixin.py:109} INFO - [2021-10-21 12:55:23,859] {dag.py:2389} INFO - Sync 1 DAGs
[2021-10-21 12:55:23,863] {logging_mixin.py:109} INFO - [2021-10-21 12:55:23,863] {dag.py:2914} INFO - Setting next_dagrun for example_python_operator to None
[2021-10-21 12:55:23,866] {processor.py:171} INFO - Processing /opt/anaconda3/envs/af2/lib/python3.8/site-packages/airflow/example_dags/example_python_operator.py took 0.042 seconds
[2021-10-21 12:56:50,580] {processor.py:163} INFO - Started process (PID=27396) to work on /opt/anaconda3/envs/af2/lib/python3.8/site-packages/airflow/example_dags/example_python_operator.py
[2021-10-21 12:56:50,580] {processor.py:620} INFO - Processing file /opt/anaconda3/envs/af2/lib/python3.8/site-packages/airflow/example_dags/example_python_operator.py for tasks to queue
[2021-10-21 12:56:50,580] {logging_mixin.py:109} INFO - [2021-10-21 12:56:50,580] {dagbag.py:500} INFO - Filling up the DagBag from /opt/anaconda3/envs/af2/lib/python3.8/site-packages/airflow/example_dags/example_python_operator.py
[2021-10-21 12:56:50,604] {processor.py:632} INFO - DAG(s) dict_keys(['example_python_operator']) retrieved from /opt/anaconda3/envs/af2/lib/python3.8/site-packages/airflow/example_dags/example_python_operator.py
[2021-10-21 12:56:50,614] {logging_mixin.py:109} INFO - [2021-10-21 12:56:50,614] {dag.py:2389} INFO - Sync 1 DAGs
[2021-10-21 12:56:50,618] {logging_mixin.py:109} INFO - [2021-10-21 12:56:50,618] {dag.py:2914} INFO - Setting next_dagrun for example_python_operator to None
[2021-10-21 12:56:50,621] {processor.py:171} INFO - Processing /opt/anaconda3/envs/af2/lib/python3.8/site-packages/airflow/example_dags/example_python_operator.py took 0.042 seconds
[2021-10-21 12:58:22,477] {processor.py:163} INFO - Started process (PID=27509) to work on /opt/anaconda3/envs/af2/lib/python3.8/site-packages/airflow/example_dags/example_python_operator.py
[2021-10-21 12:58:22,478] {processor.py:620} INFO - Processing file /opt/anaconda3/envs/af2/lib/python3.8/site-packages/airflow/example_dags/example_python_operator.py for tasks to queue
[2021-10-21 12:58:22,478] {logging_mixin.py:109} INFO - [2021-10-21 12:58:22,478] {dagbag.py:500} INFO - Filling up the DagBag from /opt/anaconda3/envs/af2/lib/python3.8/site-packages/airflow/example_dags/example_python_operator.py
[2021-10-21 12:58:22,501] {processor.py:632} INFO - DAG(s) dict_keys(['example_python_operator']) retrieved from /opt/anaconda3/envs/af2/lib/python3.8/site-packages/airflow/example_dags/example_python_operator.py
[2021-10-21 12:58:22,510] {logging_mixin.py:109} INFO - [2021-10-21 12:58:22,510] {dag.py:2389} INFO - Sync 1 DAGs
[2021-10-21 12:58:22,514] {logging_mixin.py:109} INFO - [2021-10-21 12:58:22,513] {dag.py:2914} INFO - Setting next_dagrun for example_python_operator to None
[2021-10-21 12:58:22,517] {processor.py:171} INFO - Processing /opt/anaconda3/envs/af2/lib/python3.8/site-packages/airflow/example_dags/example_python_operator.py took 0.040 seconds
[2021-10-21 12:59:51,426] {processor.py:163} INFO - Started process (PID=27615) to work on /opt/anaconda3/envs/af2/lib/python3.8/site-packages/airflow/example_dags/example_python_operator.py
[2021-10-21 12:59:51,427] {processor.py:620} INFO - Processing file /opt/anaconda3/envs/af2/lib/python3.8/site-packages/airflow/example_dags/example_python_operator.py for tasks to queue
[2021-10-21 12:59:51,428] {logging_mixin.py:109} INFO - [2021-10-21 12:59:51,427] {dagbag.py:500} INFO - Filling up the DagBag from /opt/anaconda3/envs/af2/lib/python3.8/site-packages/airflow/example_dags/example_python_operator.py
[2021-10-21 12:59:51,450] {processor.py:632} INFO - DAG(s) dict_keys(['example_python_operator']) retrieved from /opt/anaconda3/envs/af2/lib/python3.8/site-packages/airflow/example_dags/example_python_operator.py
[2021-10-21 12:59:51,459] {logging_mixin.py:109} INFO - [2021-10-21 12:59:51,459] {dag.py:2389} INFO - Sync 1 DAGs
[2021-10-21 12:59:51,463] {logging_mixin.py:109} INFO - [2021-10-21 12:59:51,463] {dag.py:2914} INFO - Setting next_dagrun for example_python_operator to None
[2021-10-21 12:59:51,466] {processor.py:171} INFO - Processing /opt/anaconda3/envs/af2/lib/python3.8/site-packages/airflow/example_dags/example_python_operator.py took 0.041 seconds
[2021-10-21 13:01:24,679] {processor.py:163} INFO - Started process (PID=27711) to work on /opt/anaconda3/envs/af2/lib/python3.8/site-packages/airflow/example_dags/example_python_operator.py
[2021-10-21 13:01:24,680] {processor.py:620} INFO - Processing file /opt/anaconda3/envs/af2/lib/python3.8/site-packages/airflow/example_dags/example_python_operator.py for tasks to queue
[2021-10-21 13:01:24,680] {logging_mixin.py:109} INFO - [2021-10-21 13:01:24,680] {dagbag.py:500} INFO - Filling up the DagBag from /opt/anaconda3/envs/af2/lib/python3.8/site-packages/airflow/example_dags/example_python_operator.py
[2021-10-21 13:01:24,703] {processor.py:632} INFO - DAG(s) dict_keys(['example_python_operator']) retrieved from /opt/anaconda3/envs/af2/lib/python3.8/site-packages/airflow/example_dags/example_python_operator.py
[2021-10-21 13:01:24,712] {logging_mixin.py:109} INFO - [2021-10-21 13:01:24,712] {dag.py:2389} INFO - Sync 1 DAGs
[2021-10-21 13:01:24,716] {logging_mixin.py:109} INFO - [2021-10-21 13:01:24,716] {dag.py:2914} INFO - Setting next_dagrun for example_python_operator to None
[2021-10-21 13:01:24,719] {processor.py:171} INFO - Processing /opt/anaconda3/envs/af2/lib/python3.8/site-packages/airflow/example_dags/example_python_operator.py took 0.041 seconds
[2021-10-21 13:02:54,892] {processor.py:163} INFO - Started process (PID=27844) to work on /opt/anaconda3/envs/af2/lib/python3.8/site-packages/airflow/example_dags/example_python_operator.py
[2021-10-21 13:02:54,892] {processor.py:620} INFO - Processing file /opt/anaconda3/envs/af2/lib/python3.8/site-packages/airflow/example_dags/example_python_operator.py for tasks to queue
[2021-10-21 13:02:54,893] {logging_mixin.py:109} INFO - [2021-10-21 13:02:54,893] {dagbag.py:500} INFO - Filling up the DagBag from /opt/anaconda3/envs/af2/lib/python3.8/site-packages/airflow/example_dags/example_python_operator.py
[2021-10-21 13:02:54,917] {processor.py:632} INFO - DAG(s) dict_keys(['example_python_operator']) retrieved from /opt/anaconda3/envs/af2/lib/python3.8/site-packages/airflow/example_dags/example_python_operator.py
[2021-10-21 13:02:54,926] {logging_mixin.py:109} INFO - [2021-10-21 13:02:54,926] {dag.py:2389} INFO - Sync 1 DAGs
[2021-10-21 13:02:54,930] {logging_mixin.py:109} INFO - [2021-10-21 13:02:54,930] {dag.py:2914} INFO - Setting next_dagrun for example_python_operator to None
[2021-10-21 13:02:54,933] {processor.py:171} INFO - Processing /opt/anaconda3/envs/af2/lib/python3.8/site-packages/airflow/example_dags/example_python_operator.py took 0.042 seconds
[2021-10-21 13:04:23,465] {processor.py:163} INFO - Started process (PID=27952) to work on /opt/anaconda3/envs/af2/lib/python3.8/site-packages/airflow/example_dags/example_python_operator.py
[2021-10-21 13:04:23,466] {processor.py:620} INFO - Processing file /opt/anaconda3/envs/af2/lib/python3.8/site-packages/airflow/example_dags/example_python_operator.py for tasks to queue
[2021-10-21 13:04:23,466] {logging_mixin.py:109} INFO - [2021-10-21 13:04:23,466] {dagbag.py:500} INFO - Filling up the DagBag from /opt/anaconda3/envs/af2/lib/python3.8/site-packages/airflow/example_dags/example_python_operator.py
[2021-10-21 13:04:23,489] {processor.py:632} INFO - DAG(s) dict_keys(['example_python_operator']) retrieved from /opt/anaconda3/envs/af2/lib/python3.8/site-packages/airflow/example_dags/example_python_operator.py
[2021-10-21 13:04:23,499] {logging_mixin.py:109} INFO - [2021-10-21 13:04:23,498] {dag.py:2389} INFO - Sync 1 DAGs
[2021-10-21 13:04:23,502] {logging_mixin.py:109} INFO - [2021-10-21 13:04:23,502] {dag.py:2914} INFO - Setting next_dagrun for example_python_operator to None
[2021-10-21 13:04:23,505] {processor.py:171} INFO - Processing /opt/anaconda3/envs/af2/lib/python3.8/site-packages/airflow/example_dags/example_python_operator.py took 0.041 seconds
[2021-10-21 13:05:55,212] {processor.py:163} INFO - Started process (PID=28079) to work on /opt/anaconda3/envs/af2/lib/python3.8/site-packages/airflow/example_dags/example_python_operator.py
[2021-10-21 13:05:55,212] {processor.py:620} INFO - Processing file /opt/anaconda3/envs/af2/lib/python3.8/site-packages/airflow/example_dags/example_python_operator.py for tasks to queue
[2021-10-21 13:05:55,212] {logging_mixin.py:109} INFO - [2021-10-21 13:05:55,212] {dagbag.py:500} INFO - Filling up the DagBag from /opt/anaconda3/envs/af2/lib/python3.8/site-packages/airflow/example_dags/example_python_operator.py
[2021-10-21 13:05:55,237] {processor.py:632} INFO - DAG(s) dict_keys(['example_python_operator']) retrieved from /opt/anaconda3/envs/af2/lib/python3.8/site-packages/airflow/example_dags/example_python_operator.py
[2021-10-21 13:05:55,246] {logging_mixin.py:109} INFO - [2021-10-21 13:05:55,246] {dag.py:2389} INFO - Sync 1 DAGs
[2021-10-21 13:05:55,250] {logging_mixin.py:109} INFO - [2021-10-21 13:05:55,250] {dag.py:2914} INFO - Setting next_dagrun for example_python_operator to None
[2021-10-21 13:05:55,253] {processor.py:171} INFO - Processing /opt/anaconda3/envs/af2/lib/python3.8/site-packages/airflow/example_dags/example_python_operator.py took 0.043 seconds
[2021-10-21 13:07:24,821] {processor.py:163} INFO - Started process (PID=28212) to work on /opt/anaconda3/envs/af2/lib/python3.8/site-packages/airflow/example_dags/example_python_operator.py
[2021-10-21 13:07:24,822] {processor.py:620} INFO - Processing file /opt/anaconda3/envs/af2/lib/python3.8/site-packages/airflow/example_dags/example_python_operator.py for tasks to queue
[2021-10-21 13:07:24,822] {logging_mixin.py:109} INFO - [2021-10-21 13:07:24,822] {dagbag.py:500} INFO - Filling up the DagBag from /opt/anaconda3/envs/af2/lib/python3.8/site-packages/airflow/example_dags/example_python_operator.py
[2021-10-21 13:07:24,846] {processor.py:632} INFO - DAG(s) dict_keys(['example_python_operator']) retrieved from /opt/anaconda3/envs/af2/lib/python3.8/site-packages/airflow/example_dags/example_python_operator.py
[2021-10-21 13:07:24,857] {logging_mixin.py:109} INFO - [2021-10-21 13:07:24,857] {dag.py:2389} INFO - Sync 1 DAGs
[2021-10-21 13:07:24,860] {logging_mixin.py:109} INFO - [2021-10-21 13:07:24,860] {dag.py:2914} INFO - Setting next_dagrun for example_python_operator to None
[2021-10-21 13:07:24,864] {processor.py:171} INFO - Processing /opt/anaconda3/envs/af2/lib/python3.8/site-packages/airflow/example_dags/example_python_operator.py took 0.044 seconds
