[2021-10-21 12:01:55,731] {processor.py:163} INFO - Started process (PID=22346) to work on /opt/anaconda3/envs/af2/lib/python3.8/site-packages/airflow/example_dags/example_trigger_target_dag.py
[2021-10-21 12:01:55,731] {processor.py:620} INFO - Processing file /opt/anaconda3/envs/af2/lib/python3.8/site-packages/airflow/example_dags/example_trigger_target_dag.py for tasks to queue
[2021-10-21 12:01:55,732] {logging_mixin.py:109} INFO - [2021-10-21 12:01:55,732] {dagbag.py:500} INFO - Filling up the DagBag from /opt/anaconda3/envs/af2/lib/python3.8/site-packages/airflow/example_dags/example_trigger_target_dag.py
[2021-10-21 12:01:55,756] {processor.py:632} INFO - DAG(s) dict_keys(['example_trigger_target_dag']) retrieved from /opt/anaconda3/envs/af2/lib/python3.8/site-packages/airflow/example_dags/example_trigger_target_dag.py
[2021-10-21 12:01:55,766] {logging_mixin.py:109} INFO - [2021-10-21 12:01:55,766] {dag.py:2389} INFO - Sync 1 DAGs
[2021-10-21 12:01:55,770] {logging_mixin.py:109} INFO - [2021-10-21 12:01:55,769] {dag.py:2914} INFO - Setting next_dagrun for example_trigger_target_dag to None
[2021-10-21 12:01:55,773] {processor.py:171} INFO - Processing /opt/anaconda3/envs/af2/lib/python3.8/site-packages/airflow/example_dags/example_trigger_target_dag.py took 0.042 seconds
[2021-10-21 12:03:01,912] {processor.py:163} INFO - Started process (PID=22464) to work on /opt/anaconda3/envs/af2/lib/python3.8/site-packages/airflow/example_dags/example_trigger_target_dag.py
[2021-10-21 12:03:01,913] {processor.py:620} INFO - Processing file /opt/anaconda3/envs/af2/lib/python3.8/site-packages/airflow/example_dags/example_trigger_target_dag.py for tasks to queue
[2021-10-21 12:03:01,913] {logging_mixin.py:109} INFO - [2021-10-21 12:03:01,913] {dagbag.py:500} INFO - Filling up the DagBag from /opt/anaconda3/envs/af2/lib/python3.8/site-packages/airflow/example_dags/example_trigger_target_dag.py
[2021-10-21 12:03:01,939] {processor.py:632} INFO - DAG(s) dict_keys(['example_trigger_target_dag']) retrieved from /opt/anaconda3/envs/af2/lib/python3.8/site-packages/airflow/example_dags/example_trigger_target_dag.py
[2021-10-21 12:03:01,953] {logging_mixin.py:109} INFO - [2021-10-21 12:03:01,953] {dag.py:2389} INFO - Sync 1 DAGs
[2021-10-21 12:03:01,959] {logging_mixin.py:109} INFO - [2021-10-21 12:03:01,959] {dag.py:2914} INFO - Setting next_dagrun for example_trigger_target_dag to None
[2021-10-21 12:03:01,964] {processor.py:171} INFO - Processing /opt/anaconda3/envs/af2/lib/python3.8/site-packages/airflow/example_dags/example_trigger_target_dag.py took 0.052 seconds
[2021-10-21 12:03:28,253] {processor.py:163} INFO - Started process (PID=22538) to work on /opt/anaconda3/envs/af2/lib/python3.8/site-packages/airflow/example_dags/example_trigger_target_dag.py
[2021-10-21 12:03:28,254] {processor.py:620} INFO - Processing file /opt/anaconda3/envs/af2/lib/python3.8/site-packages/airflow/example_dags/example_trigger_target_dag.py for tasks to queue
[2021-10-21 12:03:28,254] {logging_mixin.py:109} INFO - [2021-10-21 12:03:28,254] {dagbag.py:500} INFO - Filling up the DagBag from /opt/anaconda3/envs/af2/lib/python3.8/site-packages/airflow/example_dags/example_trigger_target_dag.py
[2021-10-21 12:03:28,277] {processor.py:632} INFO - DAG(s) dict_keys(['example_trigger_target_dag']) retrieved from /opt/anaconda3/envs/af2/lib/python3.8/site-packages/airflow/example_dags/example_trigger_target_dag.py
[2021-10-21 12:03:28,286] {logging_mixin.py:109} INFO - [2021-10-21 12:03:28,286] {dag.py:2389} INFO - Sync 1 DAGs
[2021-10-21 12:03:28,290] {logging_mixin.py:109} INFO - [2021-10-21 12:03:28,290] {dag.py:2914} INFO - Setting next_dagrun for example_trigger_target_dag to None
[2021-10-21 12:03:28,293] {processor.py:171} INFO - Processing /opt/anaconda3/envs/af2/lib/python3.8/site-packages/airflow/example_dags/example_trigger_target_dag.py took 0.041 seconds
[2021-10-21 12:05:43,435] {processor.py:163} INFO - Started process (PID=22807) to work on /opt/anaconda3/envs/af2/lib/python3.8/site-packages/airflow/example_dags/example_trigger_target_dag.py
[2021-10-21 12:05:43,436] {processor.py:620} INFO - Processing file /opt/anaconda3/envs/af2/lib/python3.8/site-packages/airflow/example_dags/example_trigger_target_dag.py for tasks to queue
[2021-10-21 12:05:43,436] {logging_mixin.py:109} INFO - [2021-10-21 12:05:43,436] {dagbag.py:500} INFO - Filling up the DagBag from /opt/anaconda3/envs/af2/lib/python3.8/site-packages/airflow/example_dags/example_trigger_target_dag.py
[2021-10-21 12:05:43,459] {processor.py:632} INFO - DAG(s) dict_keys(['example_trigger_target_dag']) retrieved from /opt/anaconda3/envs/af2/lib/python3.8/site-packages/airflow/example_dags/example_trigger_target_dag.py
[2021-10-21 12:05:43,468] {logging_mixin.py:109} INFO - [2021-10-21 12:05:43,468] {dag.py:2389} INFO - Sync 1 DAGs
[2021-10-21 12:05:43,472] {logging_mixin.py:109} INFO - [2021-10-21 12:05:43,472] {dag.py:2914} INFO - Setting next_dagrun for example_trigger_target_dag to None
[2021-10-21 12:05:43,475] {processor.py:171} INFO - Processing /opt/anaconda3/envs/af2/lib/python3.8/site-packages/airflow/example_dags/example_trigger_target_dag.py took 0.041 seconds
[2021-10-21 12:11:39,301] {processor.py:163} INFO - Started process (PID=23031) to work on /opt/anaconda3/envs/af2/lib/python3.8/site-packages/airflow/example_dags/example_trigger_target_dag.py
[2021-10-21 12:11:39,302] {processor.py:620} INFO - Processing file /opt/anaconda3/envs/af2/lib/python3.8/site-packages/airflow/example_dags/example_trigger_target_dag.py for tasks to queue
[2021-10-21 12:11:39,303] {logging_mixin.py:109} INFO - [2021-10-21 12:11:39,303] {dagbag.py:500} INFO - Filling up the DagBag from /opt/anaconda3/envs/af2/lib/python3.8/site-packages/airflow/example_dags/example_trigger_target_dag.py
[2021-10-21 12:11:39,327] {processor.py:632} INFO - DAG(s) dict_keys(['example_trigger_target_dag']) retrieved from /opt/anaconda3/envs/af2/lib/python3.8/site-packages/airflow/example_dags/example_trigger_target_dag.py
[2021-10-21 12:11:39,337] {logging_mixin.py:109} INFO - [2021-10-21 12:11:39,337] {dag.py:2389} INFO - Sync 1 DAGs
[2021-10-21 12:11:39,341] {logging_mixin.py:109} INFO - [2021-10-21 12:11:39,341] {dag.py:2914} INFO - Setting next_dagrun for example_trigger_target_dag to None
[2021-10-21 12:11:39,344] {processor.py:171} INFO - Processing /opt/anaconda3/envs/af2/lib/python3.8/site-packages/airflow/example_dags/example_trigger_target_dag.py took 0.043 seconds
[2021-10-21 12:12:50,095] {processor.py:163} INFO - Started process (PID=23181) to work on /opt/anaconda3/envs/af2/lib/python3.8/site-packages/airflow/example_dags/example_trigger_target_dag.py
[2021-10-21 12:12:50,095] {processor.py:620} INFO - Processing file /opt/anaconda3/envs/af2/lib/python3.8/site-packages/airflow/example_dags/example_trigger_target_dag.py for tasks to queue
[2021-10-21 12:12:50,095] {logging_mixin.py:109} INFO - [2021-10-21 12:12:50,095] {dagbag.py:500} INFO - Filling up the DagBag from /opt/anaconda3/envs/af2/lib/python3.8/site-packages/airflow/example_dags/example_trigger_target_dag.py
[2021-10-21 12:12:50,120] {processor.py:632} INFO - DAG(s) dict_keys(['example_trigger_target_dag']) retrieved from /opt/anaconda3/envs/af2/lib/python3.8/site-packages/airflow/example_dags/example_trigger_target_dag.py
[2021-10-21 12:12:50,129] {logging_mixin.py:109} INFO - [2021-10-21 12:12:50,129] {dag.py:2389} INFO - Sync 1 DAGs
[2021-10-21 12:12:50,133] {logging_mixin.py:109} INFO - [2021-10-21 12:12:50,133] {dag.py:2914} INFO - Setting next_dagrun for example_trigger_target_dag to None
[2021-10-21 12:12:50,136] {processor.py:171} INFO - Processing /opt/anaconda3/envs/af2/lib/python3.8/site-packages/airflow/example_dags/example_trigger_target_dag.py took 0.042 seconds
[2021-10-21 12:14:04,734] {processor.py:163} INFO - Started process (PID=23284) to work on /opt/anaconda3/envs/af2/lib/python3.8/site-packages/airflow/example_dags/example_trigger_target_dag.py
[2021-10-21 12:14:04,735] {processor.py:620} INFO - Processing file /opt/anaconda3/envs/af2/lib/python3.8/site-packages/airflow/example_dags/example_trigger_target_dag.py for tasks to queue
[2021-10-21 12:14:04,735] {logging_mixin.py:109} INFO - [2021-10-21 12:14:04,735] {dagbag.py:500} INFO - Filling up the DagBag from /opt/anaconda3/envs/af2/lib/python3.8/site-packages/airflow/example_dags/example_trigger_target_dag.py
[2021-10-21 12:14:04,759] {processor.py:632} INFO - DAG(s) dict_keys(['example_trigger_target_dag']) retrieved from /opt/anaconda3/envs/af2/lib/python3.8/site-packages/airflow/example_dags/example_trigger_target_dag.py
[2021-10-21 12:14:04,769] {logging_mixin.py:109} INFO - [2021-10-21 12:14:04,769] {dag.py:2389} INFO - Sync 1 DAGs
[2021-10-21 12:14:04,773] {logging_mixin.py:109} INFO - [2021-10-21 12:14:04,773] {dag.py:2914} INFO - Setting next_dagrun for example_trigger_target_dag to None
[2021-10-21 12:14:04,777] {processor.py:171} INFO - Processing /opt/anaconda3/envs/af2/lib/python3.8/site-packages/airflow/example_dags/example_trigger_target_dag.py took 0.043 seconds
[2021-10-21 12:15:19,514] {processor.py:163} INFO - Started process (PID=23379) to work on /opt/anaconda3/envs/af2/lib/python3.8/site-packages/airflow/example_dags/example_trigger_target_dag.py
[2021-10-21 12:15:19,514] {processor.py:620} INFO - Processing file /opt/anaconda3/envs/af2/lib/python3.8/site-packages/airflow/example_dags/example_trigger_target_dag.py for tasks to queue
[2021-10-21 12:15:19,514] {logging_mixin.py:109} INFO - [2021-10-21 12:15:19,514] {dagbag.py:500} INFO - Filling up the DagBag from /opt/anaconda3/envs/af2/lib/python3.8/site-packages/airflow/example_dags/example_trigger_target_dag.py
[2021-10-21 12:15:19,541] {processor.py:632} INFO - DAG(s) dict_keys(['example_trigger_target_dag']) retrieved from /opt/anaconda3/envs/af2/lib/python3.8/site-packages/airflow/example_dags/example_trigger_target_dag.py
[2021-10-21 12:15:19,552] {logging_mixin.py:109} INFO - [2021-10-21 12:15:19,552] {dag.py:2389} INFO - Sync 1 DAGs
[2021-10-21 12:15:19,555] {logging_mixin.py:109} INFO - [2021-10-21 12:15:19,555] {dag.py:2914} INFO - Setting next_dagrun for example_trigger_target_dag to None
[2021-10-21 12:15:19,559] {processor.py:171} INFO - Processing /opt/anaconda3/envs/af2/lib/python3.8/site-packages/airflow/example_dags/example_trigger_target_dag.py took 0.046 seconds
[2021-10-21 12:16:36,394] {processor.py:163} INFO - Started process (PID=23521) to work on /opt/anaconda3/envs/af2/lib/python3.8/site-packages/airflow/example_dags/example_trigger_target_dag.py
[2021-10-21 12:16:36,394] {processor.py:620} INFO - Processing file /opt/anaconda3/envs/af2/lib/python3.8/site-packages/airflow/example_dags/example_trigger_target_dag.py for tasks to queue
[2021-10-21 12:16:36,394] {logging_mixin.py:109} INFO - [2021-10-21 12:16:36,394] {dagbag.py:500} INFO - Filling up the DagBag from /opt/anaconda3/envs/af2/lib/python3.8/site-packages/airflow/example_dags/example_trigger_target_dag.py
[2021-10-21 12:16:36,419] {processor.py:632} INFO - DAG(s) dict_keys(['example_trigger_target_dag']) retrieved from /opt/anaconda3/envs/af2/lib/python3.8/site-packages/airflow/example_dags/example_trigger_target_dag.py
[2021-10-21 12:16:36,428] {logging_mixin.py:109} INFO - [2021-10-21 12:16:36,428] {dag.py:2389} INFO - Sync 1 DAGs
[2021-10-21 12:16:36,432] {logging_mixin.py:109} INFO - [2021-10-21 12:16:36,432] {dag.py:2914} INFO - Setting next_dagrun for example_trigger_target_dag to None
[2021-10-21 12:16:36,435] {processor.py:171} INFO - Processing /opt/anaconda3/envs/af2/lib/python3.8/site-packages/airflow/example_dags/example_trigger_target_dag.py took 0.042 seconds
[2021-10-21 12:17:50,807] {processor.py:163} INFO - Started process (PID=23622) to work on /opt/anaconda3/envs/af2/lib/python3.8/site-packages/airflow/example_dags/example_trigger_target_dag.py
[2021-10-21 12:17:50,808] {processor.py:620} INFO - Processing file /opt/anaconda3/envs/af2/lib/python3.8/site-packages/airflow/example_dags/example_trigger_target_dag.py for tasks to queue
[2021-10-21 12:17:50,809] {logging_mixin.py:109} INFO - [2021-10-21 12:17:50,809] {dagbag.py:500} INFO - Filling up the DagBag from /opt/anaconda3/envs/af2/lib/python3.8/site-packages/airflow/example_dags/example_trigger_target_dag.py
[2021-10-21 12:17:50,832] {processor.py:632} INFO - DAG(s) dict_keys(['example_trigger_target_dag']) retrieved from /opt/anaconda3/envs/af2/lib/python3.8/site-packages/airflow/example_dags/example_trigger_target_dag.py
[2021-10-21 12:17:50,841] {logging_mixin.py:109} INFO - [2021-10-21 12:17:50,841] {dag.py:2389} INFO - Sync 1 DAGs
[2021-10-21 12:17:50,845] {logging_mixin.py:109} INFO - [2021-10-21 12:17:50,845] {dag.py:2914} INFO - Setting next_dagrun for example_trigger_target_dag to None
[2021-10-21 12:17:50,848] {processor.py:171} INFO - Processing /opt/anaconda3/envs/af2/lib/python3.8/site-packages/airflow/example_dags/example_trigger_target_dag.py took 0.041 seconds
[2021-10-21 12:19:04,932] {processor.py:163} INFO - Started process (PID=23810) to work on /opt/anaconda3/envs/af2/lib/python3.8/site-packages/airflow/example_dags/example_trigger_target_dag.py
[2021-10-21 12:19:04,933] {processor.py:620} INFO - Processing file /opt/anaconda3/envs/af2/lib/python3.8/site-packages/airflow/example_dags/example_trigger_target_dag.py for tasks to queue
[2021-10-21 12:19:04,934] {logging_mixin.py:109} INFO - [2021-10-21 12:19:04,933] {dagbag.py:500} INFO - Filling up the DagBag from /opt/anaconda3/envs/af2/lib/python3.8/site-packages/airflow/example_dags/example_trigger_target_dag.py
[2021-10-21 12:19:04,957] {processor.py:632} INFO - DAG(s) dict_keys(['example_trigger_target_dag']) retrieved from /opt/anaconda3/envs/af2/lib/python3.8/site-packages/airflow/example_dags/example_trigger_target_dag.py
[2021-10-21 12:19:04,967] {logging_mixin.py:109} INFO - [2021-10-21 12:19:04,967] {dag.py:2389} INFO - Sync 1 DAGs
[2021-10-21 12:19:04,971] {logging_mixin.py:109} INFO - [2021-10-21 12:19:04,971] {dag.py:2914} INFO - Setting next_dagrun for example_trigger_target_dag to None
[2021-10-21 12:19:04,974] {processor.py:171} INFO - Processing /opt/anaconda3/envs/af2/lib/python3.8/site-packages/airflow/example_dags/example_trigger_target_dag.py took 0.042 seconds
[2021-10-21 12:20:16,399] {processor.py:163} INFO - Started process (PID=23925) to work on /opt/anaconda3/envs/af2/lib/python3.8/site-packages/airflow/example_dags/example_trigger_target_dag.py
[2021-10-21 12:20:16,400] {processor.py:620} INFO - Processing file /opt/anaconda3/envs/af2/lib/python3.8/site-packages/airflow/example_dags/example_trigger_target_dag.py for tasks to queue
[2021-10-21 12:20:16,400] {logging_mixin.py:109} INFO - [2021-10-21 12:20:16,400] {dagbag.py:500} INFO - Filling up the DagBag from /opt/anaconda3/envs/af2/lib/python3.8/site-packages/airflow/example_dags/example_trigger_target_dag.py
[2021-10-21 12:20:16,424] {processor.py:632} INFO - DAG(s) dict_keys(['example_trigger_target_dag']) retrieved from /opt/anaconda3/envs/af2/lib/python3.8/site-packages/airflow/example_dags/example_trigger_target_dag.py
[2021-10-21 12:20:16,433] {logging_mixin.py:109} INFO - [2021-10-21 12:20:16,433] {dag.py:2389} INFO - Sync 1 DAGs
[2021-10-21 12:20:16,437] {logging_mixin.py:109} INFO - [2021-10-21 12:20:16,437] {dag.py:2914} INFO - Setting next_dagrun for example_trigger_target_dag to None
[2021-10-21 12:20:16,440] {processor.py:171} INFO - Processing /opt/anaconda3/envs/af2/lib/python3.8/site-packages/airflow/example_dags/example_trigger_target_dag.py took 0.041 seconds
[2021-10-21 12:21:28,580] {processor.py:163} INFO - Started process (PID=24089) to work on /opt/anaconda3/envs/af2/lib/python3.8/site-packages/airflow/example_dags/example_trigger_target_dag.py
[2021-10-21 12:21:28,581] {processor.py:620} INFO - Processing file /opt/anaconda3/envs/af2/lib/python3.8/site-packages/airflow/example_dags/example_trigger_target_dag.py for tasks to queue
[2021-10-21 12:21:28,581] {logging_mixin.py:109} INFO - [2021-10-21 12:21:28,581] {dagbag.py:500} INFO - Filling up the DagBag from /opt/anaconda3/envs/af2/lib/python3.8/site-packages/airflow/example_dags/example_trigger_target_dag.py
[2021-10-21 12:21:28,604] {processor.py:632} INFO - DAG(s) dict_keys(['example_trigger_target_dag']) retrieved from /opt/anaconda3/envs/af2/lib/python3.8/site-packages/airflow/example_dags/example_trigger_target_dag.py
[2021-10-21 12:21:28,614] {logging_mixin.py:109} INFO - [2021-10-21 12:21:28,614] {dag.py:2389} INFO - Sync 1 DAGs
[2021-10-21 12:21:28,618] {logging_mixin.py:109} INFO - [2021-10-21 12:21:28,617] {dag.py:2914} INFO - Setting next_dagrun for example_trigger_target_dag to None
[2021-10-21 12:21:28,621] {processor.py:171} INFO - Processing /opt/anaconda3/envs/af2/lib/python3.8/site-packages/airflow/example_dags/example_trigger_target_dag.py took 0.041 seconds
[2021-10-21 12:22:34,266] {processor.py:163} INFO - Started process (PID=24183) to work on /opt/anaconda3/envs/af2/lib/python3.8/site-packages/airflow/example_dags/example_trigger_target_dag.py
[2021-10-21 12:22:34,266] {processor.py:620} INFO - Processing file /opt/anaconda3/envs/af2/lib/python3.8/site-packages/airflow/example_dags/example_trigger_target_dag.py for tasks to queue
[2021-10-21 12:22:34,266] {logging_mixin.py:109} INFO - [2021-10-21 12:22:34,266] {dagbag.py:500} INFO - Filling up the DagBag from /opt/anaconda3/envs/af2/lib/python3.8/site-packages/airflow/example_dags/example_trigger_target_dag.py
[2021-10-21 12:22:34,289] {processor.py:632} INFO - DAG(s) dict_keys(['example_trigger_target_dag']) retrieved from /opt/anaconda3/envs/af2/lib/python3.8/site-packages/airflow/example_dags/example_trigger_target_dag.py
[2021-10-21 12:22:34,299] {logging_mixin.py:109} INFO - [2021-10-21 12:22:34,299] {dag.py:2389} INFO - Sync 1 DAGs
[2021-10-21 12:22:34,302] {logging_mixin.py:109} INFO - [2021-10-21 12:22:34,302] {dag.py:2914} INFO - Setting next_dagrun for example_trigger_target_dag to None
[2021-10-21 12:22:34,306] {processor.py:171} INFO - Processing /opt/anaconda3/envs/af2/lib/python3.8/site-packages/airflow/example_dags/example_trigger_target_dag.py took 0.040 seconds
[2021-10-21 12:23:48,238] {processor.py:163} INFO - Started process (PID=24360) to work on /opt/anaconda3/envs/af2/lib/python3.8/site-packages/airflow/example_dags/example_trigger_target_dag.py
[2021-10-21 12:23:48,239] {processor.py:620} INFO - Processing file /opt/anaconda3/envs/af2/lib/python3.8/site-packages/airflow/example_dags/example_trigger_target_dag.py for tasks to queue
[2021-10-21 12:23:48,240] {logging_mixin.py:109} INFO - [2021-10-21 12:23:48,240] {dagbag.py:500} INFO - Filling up the DagBag from /opt/anaconda3/envs/af2/lib/python3.8/site-packages/airflow/example_dags/example_trigger_target_dag.py
[2021-10-21 12:23:48,264] {processor.py:632} INFO - DAG(s) dict_keys(['example_trigger_target_dag']) retrieved from /opt/anaconda3/envs/af2/lib/python3.8/site-packages/airflow/example_dags/example_trigger_target_dag.py
[2021-10-21 12:23:48,273] {logging_mixin.py:109} INFO - [2021-10-21 12:23:48,273] {dag.py:2389} INFO - Sync 1 DAGs
[2021-10-21 12:23:48,276] {logging_mixin.py:109} INFO - [2021-10-21 12:23:48,276] {dag.py:2914} INFO - Setting next_dagrun for example_trigger_target_dag to None
[2021-10-21 12:23:48,280] {processor.py:171} INFO - Processing /opt/anaconda3/envs/af2/lib/python3.8/site-packages/airflow/example_dags/example_trigger_target_dag.py took 0.042 seconds
[2021-10-21 12:25:02,683] {processor.py:163} INFO - Started process (PID=24463) to work on /opt/anaconda3/envs/af2/lib/python3.8/site-packages/airflow/example_dags/example_trigger_target_dag.py
[2021-10-21 12:25:02,684] {processor.py:620} INFO - Processing file /opt/anaconda3/envs/af2/lib/python3.8/site-packages/airflow/example_dags/example_trigger_target_dag.py for tasks to queue
[2021-10-21 12:25:02,684] {logging_mixin.py:109} INFO - [2021-10-21 12:25:02,684] {dagbag.py:500} INFO - Filling up the DagBag from /opt/anaconda3/envs/af2/lib/python3.8/site-packages/airflow/example_dags/example_trigger_target_dag.py
[2021-10-21 12:25:02,708] {processor.py:632} INFO - DAG(s) dict_keys(['example_trigger_target_dag']) retrieved from /opt/anaconda3/envs/af2/lib/python3.8/site-packages/airflow/example_dags/example_trigger_target_dag.py
[2021-10-21 12:25:02,717] {logging_mixin.py:109} INFO - [2021-10-21 12:25:02,717] {dag.py:2389} INFO - Sync 1 DAGs
[2021-10-21 12:25:02,721] {logging_mixin.py:109} INFO - [2021-10-21 12:25:02,721] {dag.py:2914} INFO - Setting next_dagrun for example_trigger_target_dag to None
[2021-10-21 12:25:02,724] {processor.py:171} INFO - Processing /opt/anaconda3/envs/af2/lib/python3.8/site-packages/airflow/example_dags/example_trigger_target_dag.py took 0.041 seconds
[2021-10-21 12:26:14,375] {processor.py:163} INFO - Started process (PID=24706) to work on /opt/anaconda3/envs/af2/lib/python3.8/site-packages/airflow/example_dags/example_trigger_target_dag.py
[2021-10-21 12:26:14,376] {processor.py:620} INFO - Processing file /opt/anaconda3/envs/af2/lib/python3.8/site-packages/airflow/example_dags/example_trigger_target_dag.py for tasks to queue
[2021-10-21 12:26:14,376] {logging_mixin.py:109} INFO - [2021-10-21 12:26:14,376] {dagbag.py:500} INFO - Filling up the DagBag from /opt/anaconda3/envs/af2/lib/python3.8/site-packages/airflow/example_dags/example_trigger_target_dag.py
[2021-10-21 12:26:14,400] {processor.py:632} INFO - DAG(s) dict_keys(['example_trigger_target_dag']) retrieved from /opt/anaconda3/envs/af2/lib/python3.8/site-packages/airflow/example_dags/example_trigger_target_dag.py
[2021-10-21 12:26:14,410] {logging_mixin.py:109} INFO - [2021-10-21 12:26:14,409] {dag.py:2389} INFO - Sync 1 DAGs
[2021-10-21 12:26:14,413] {logging_mixin.py:109} INFO - [2021-10-21 12:26:14,413] {dag.py:2914} INFO - Setting next_dagrun for example_trigger_target_dag to None
[2021-10-21 12:26:14,417] {processor.py:171} INFO - Processing /opt/anaconda3/envs/af2/lib/python3.8/site-packages/airflow/example_dags/example_trigger_target_dag.py took 0.043 seconds
[2021-10-21 12:27:28,408] {processor.py:163} INFO - Started process (PID=24820) to work on /opt/anaconda3/envs/af2/lib/python3.8/site-packages/airflow/example_dags/example_trigger_target_dag.py
[2021-10-21 12:27:28,409] {processor.py:620} INFO - Processing file /opt/anaconda3/envs/af2/lib/python3.8/site-packages/airflow/example_dags/example_trigger_target_dag.py for tasks to queue
[2021-10-21 12:27:28,409] {logging_mixin.py:109} INFO - [2021-10-21 12:27:28,409] {dagbag.py:500} INFO - Filling up the DagBag from /opt/anaconda3/envs/af2/lib/python3.8/site-packages/airflow/example_dags/example_trigger_target_dag.py
[2021-10-21 12:27:28,432] {processor.py:632} INFO - DAG(s) dict_keys(['example_trigger_target_dag']) retrieved from /opt/anaconda3/envs/af2/lib/python3.8/site-packages/airflow/example_dags/example_trigger_target_dag.py
[2021-10-21 12:27:28,442] {logging_mixin.py:109} INFO - [2021-10-21 12:27:28,442] {dag.py:2389} INFO - Sync 1 DAGs
[2021-10-21 12:27:28,445] {logging_mixin.py:109} INFO - [2021-10-21 12:27:28,445] {dag.py:2914} INFO - Setting next_dagrun for example_trigger_target_dag to None
[2021-10-21 12:27:28,449] {processor.py:171} INFO - Processing /opt/anaconda3/envs/af2/lib/python3.8/site-packages/airflow/example_dags/example_trigger_target_dag.py took 0.041 seconds
[2021-10-21 12:28:39,997] {processor.py:163} INFO - Started process (PID=24959) to work on /opt/anaconda3/envs/af2/lib/python3.8/site-packages/airflow/example_dags/example_trigger_target_dag.py
[2021-10-21 12:28:39,997] {processor.py:620} INFO - Processing file /opt/anaconda3/envs/af2/lib/python3.8/site-packages/airflow/example_dags/example_trigger_target_dag.py for tasks to queue
[2021-10-21 12:28:39,997] {logging_mixin.py:109} INFO - [2021-10-21 12:28:39,997] {dagbag.py:500} INFO - Filling up the DagBag from /opt/anaconda3/envs/af2/lib/python3.8/site-packages/airflow/example_dags/example_trigger_target_dag.py
[2021-10-21 12:28:40,021] {processor.py:632} INFO - DAG(s) dict_keys(['example_trigger_target_dag']) retrieved from /opt/anaconda3/envs/af2/lib/python3.8/site-packages/airflow/example_dags/example_trigger_target_dag.py
[2021-10-21 12:28:40,030] {logging_mixin.py:109} INFO - [2021-10-21 12:28:40,030] {dag.py:2389} INFO - Sync 1 DAGs
[2021-10-21 12:28:40,033] {logging_mixin.py:109} INFO - [2021-10-21 12:28:40,033] {dag.py:2914} INFO - Setting next_dagrun for example_trigger_target_dag to None
[2021-10-21 12:28:40,037] {processor.py:171} INFO - Processing /opt/anaconda3/envs/af2/lib/python3.8/site-packages/airflow/example_dags/example_trigger_target_dag.py took 0.040 seconds
[2021-10-21 12:29:53,873] {processor.py:163} INFO - Started process (PID=25054) to work on /opt/anaconda3/envs/af2/lib/python3.8/site-packages/airflow/example_dags/example_trigger_target_dag.py
[2021-10-21 12:29:53,874] {processor.py:620} INFO - Processing file /opt/anaconda3/envs/af2/lib/python3.8/site-packages/airflow/example_dags/example_trigger_target_dag.py for tasks to queue
[2021-10-21 12:29:53,874] {logging_mixin.py:109} INFO - [2021-10-21 12:29:53,874] {dagbag.py:500} INFO - Filling up the DagBag from /opt/anaconda3/envs/af2/lib/python3.8/site-packages/airflow/example_dags/example_trigger_target_dag.py
[2021-10-21 12:29:53,898] {processor.py:632} INFO - DAG(s) dict_keys(['example_trigger_target_dag']) retrieved from /opt/anaconda3/envs/af2/lib/python3.8/site-packages/airflow/example_dags/example_trigger_target_dag.py
[2021-10-21 12:29:53,907] {logging_mixin.py:109} INFO - [2021-10-21 12:29:53,907] {dag.py:2389} INFO - Sync 1 DAGs
[2021-10-21 12:29:53,911] {logging_mixin.py:109} INFO - [2021-10-21 12:29:53,911] {dag.py:2914} INFO - Setting next_dagrun for example_trigger_target_dag to None
[2021-10-21 12:29:53,914] {processor.py:171} INFO - Processing /opt/anaconda3/envs/af2/lib/python3.8/site-packages/airflow/example_dags/example_trigger_target_dag.py took 0.041 seconds
[2021-10-21 12:31:15,905] {processor.py:163} INFO - Started process (PID=25245) to work on /opt/anaconda3/envs/af2/lib/python3.8/site-packages/airflow/example_dags/example_trigger_target_dag.py
[2021-10-21 12:31:15,906] {processor.py:620} INFO - Processing file /opt/anaconda3/envs/af2/lib/python3.8/site-packages/airflow/example_dags/example_trigger_target_dag.py for tasks to queue
[2021-10-21 12:31:15,906] {logging_mixin.py:109} INFO - [2021-10-21 12:31:15,906] {dagbag.py:500} INFO - Filling up the DagBag from /opt/anaconda3/envs/af2/lib/python3.8/site-packages/airflow/example_dags/example_trigger_target_dag.py
[2021-10-21 12:31:15,930] {processor.py:632} INFO - DAG(s) dict_keys(['example_trigger_target_dag']) retrieved from /opt/anaconda3/envs/af2/lib/python3.8/site-packages/airflow/example_dags/example_trigger_target_dag.py
[2021-10-21 12:31:15,940] {logging_mixin.py:109} INFO - [2021-10-21 12:31:15,940] {dag.py:2389} INFO - Sync 1 DAGs
[2021-10-21 12:31:15,943] {logging_mixin.py:109} INFO - [2021-10-21 12:31:15,943] {dag.py:2914} INFO - Setting next_dagrun for example_trigger_target_dag to None
[2021-10-21 12:31:15,947] {processor.py:171} INFO - Processing /opt/anaconda3/envs/af2/lib/python3.8/site-packages/airflow/example_dags/example_trigger_target_dag.py took 0.043 seconds
[2021-10-21 12:32:37,773] {processor.py:163} INFO - Started process (PID=25342) to work on /opt/anaconda3/envs/af2/lib/python3.8/site-packages/airflow/example_dags/example_trigger_target_dag.py
[2021-10-21 12:32:37,774] {processor.py:620} INFO - Processing file /opt/anaconda3/envs/af2/lib/python3.8/site-packages/airflow/example_dags/example_trigger_target_dag.py for tasks to queue
[2021-10-21 12:32:37,774] {logging_mixin.py:109} INFO - [2021-10-21 12:32:37,774] {dagbag.py:500} INFO - Filling up the DagBag from /opt/anaconda3/envs/af2/lib/python3.8/site-packages/airflow/example_dags/example_trigger_target_dag.py
[2021-10-21 12:32:37,798] {processor.py:632} INFO - DAG(s) dict_keys(['example_trigger_target_dag']) retrieved from /opt/anaconda3/envs/af2/lib/python3.8/site-packages/airflow/example_dags/example_trigger_target_dag.py
[2021-10-21 12:32:37,806] {logging_mixin.py:109} INFO - [2021-10-21 12:32:37,806] {dag.py:2389} INFO - Sync 1 DAGs
[2021-10-21 12:32:37,810] {logging_mixin.py:109} INFO - [2021-10-21 12:32:37,810] {dag.py:2914} INFO - Setting next_dagrun for example_trigger_target_dag to None
[2021-10-21 12:32:37,813] {processor.py:171} INFO - Processing /opt/anaconda3/envs/af2/lib/python3.8/site-packages/airflow/example_dags/example_trigger_target_dag.py took 0.040 seconds
[2021-10-21 12:34:00,509] {processor.py:163} INFO - Started process (PID=25496) to work on /opt/anaconda3/envs/af2/lib/python3.8/site-packages/airflow/example_dags/example_trigger_target_dag.py
[2021-10-21 12:34:00,510] {processor.py:620} INFO - Processing file /opt/anaconda3/envs/af2/lib/python3.8/site-packages/airflow/example_dags/example_trigger_target_dag.py for tasks to queue
[2021-10-21 12:34:00,510] {logging_mixin.py:109} INFO - [2021-10-21 12:34:00,510] {dagbag.py:500} INFO - Filling up the DagBag from /opt/anaconda3/envs/af2/lib/python3.8/site-packages/airflow/example_dags/example_trigger_target_dag.py
[2021-10-21 12:34:00,534] {processor.py:632} INFO - DAG(s) dict_keys(['example_trigger_target_dag']) retrieved from /opt/anaconda3/envs/af2/lib/python3.8/site-packages/airflow/example_dags/example_trigger_target_dag.py
[2021-10-21 12:34:00,543] {logging_mixin.py:109} INFO - [2021-10-21 12:34:00,543] {dag.py:2389} INFO - Sync 1 DAGs
[2021-10-21 12:34:00,546] {logging_mixin.py:109} INFO - [2021-10-21 12:34:00,546] {dag.py:2914} INFO - Setting next_dagrun for example_trigger_target_dag to None
[2021-10-21 12:34:00,550] {processor.py:171} INFO - Processing /opt/anaconda3/envs/af2/lib/python3.8/site-packages/airflow/example_dags/example_trigger_target_dag.py took 0.042 seconds
[2021-10-21 12:35:27,140] {processor.py:163} INFO - Started process (PID=25599) to work on /opt/anaconda3/envs/af2/lib/python3.8/site-packages/airflow/example_dags/example_trigger_target_dag.py
[2021-10-21 12:35:27,142] {processor.py:620} INFO - Processing file /opt/anaconda3/envs/af2/lib/python3.8/site-packages/airflow/example_dags/example_trigger_target_dag.py for tasks to queue
[2021-10-21 12:35:27,142] {logging_mixin.py:109} INFO - [2021-10-21 12:35:27,142] {dagbag.py:500} INFO - Filling up the DagBag from /opt/anaconda3/envs/af2/lib/python3.8/site-packages/airflow/example_dags/example_trigger_target_dag.py
[2021-10-21 12:35:27,166] {processor.py:632} INFO - DAG(s) dict_keys(['example_trigger_target_dag']) retrieved from /opt/anaconda3/envs/af2/lib/python3.8/site-packages/airflow/example_dags/example_trigger_target_dag.py
[2021-10-21 12:35:27,176] {logging_mixin.py:109} INFO - [2021-10-21 12:35:27,176] {dag.py:2389} INFO - Sync 1 DAGs
[2021-10-21 12:35:27,179] {logging_mixin.py:109} INFO - [2021-10-21 12:35:27,179] {dag.py:2914} INFO - Setting next_dagrun for example_trigger_target_dag to None
[2021-10-21 12:35:27,183] {processor.py:171} INFO - Processing /opt/anaconda3/envs/af2/lib/python3.8/site-packages/airflow/example_dags/example_trigger_target_dag.py took 0.044 seconds
[2021-10-21 12:36:54,190] {processor.py:163} INFO - Started process (PID=25704) to work on /opt/anaconda3/envs/af2/lib/python3.8/site-packages/airflow/example_dags/example_trigger_target_dag.py
[2021-10-21 12:36:54,191] {processor.py:620} INFO - Processing file /opt/anaconda3/envs/af2/lib/python3.8/site-packages/airflow/example_dags/example_trigger_target_dag.py for tasks to queue
[2021-10-21 12:36:54,191] {logging_mixin.py:109} INFO - [2021-10-21 12:36:54,191] {dagbag.py:500} INFO - Filling up the DagBag from /opt/anaconda3/envs/af2/lib/python3.8/site-packages/airflow/example_dags/example_trigger_target_dag.py
[2021-10-21 12:36:54,215] {processor.py:632} INFO - DAG(s) dict_keys(['example_trigger_target_dag']) retrieved from /opt/anaconda3/envs/af2/lib/python3.8/site-packages/airflow/example_dags/example_trigger_target_dag.py
[2021-10-21 12:36:54,223] {logging_mixin.py:109} INFO - [2021-10-21 12:36:54,223] {dag.py:2389} INFO - Sync 1 DAGs
[2021-10-21 12:36:54,227] {logging_mixin.py:109} INFO - [2021-10-21 12:36:54,227] {dag.py:2914} INFO - Setting next_dagrun for example_trigger_target_dag to None
[2021-10-21 12:36:54,230] {processor.py:171} INFO - Processing /opt/anaconda3/envs/af2/lib/python3.8/site-packages/airflow/example_dags/example_trigger_target_dag.py took 0.041 seconds
[2021-10-21 12:38:38,413] {processor.py:163} INFO - Started process (PID=25860) to work on /opt/anaconda3/envs/af2/lib/python3.8/site-packages/airflow/example_dags/example_trigger_target_dag.py
[2021-10-21 12:38:38,414] {processor.py:620} INFO - Processing file /opt/anaconda3/envs/af2/lib/python3.8/site-packages/airflow/example_dags/example_trigger_target_dag.py for tasks to queue
[2021-10-21 12:38:38,415] {logging_mixin.py:109} INFO - [2021-10-21 12:38:38,415] {dagbag.py:500} INFO - Filling up the DagBag from /opt/anaconda3/envs/af2/lib/python3.8/site-packages/airflow/example_dags/example_trigger_target_dag.py
[2021-10-21 12:38:38,438] {processor.py:632} INFO - DAG(s) dict_keys(['example_trigger_target_dag']) retrieved from /opt/anaconda3/envs/af2/lib/python3.8/site-packages/airflow/example_dags/example_trigger_target_dag.py
[2021-10-21 12:38:38,447] {logging_mixin.py:109} INFO - [2021-10-21 12:38:38,447] {dag.py:2389} INFO - Sync 1 DAGs
[2021-10-21 12:38:38,450] {logging_mixin.py:109} INFO - [2021-10-21 12:38:38,450] {dag.py:2914} INFO - Setting next_dagrun for example_trigger_target_dag to None
[2021-10-21 12:38:38,453] {processor.py:171} INFO - Processing /opt/anaconda3/envs/af2/lib/python3.8/site-packages/airflow/example_dags/example_trigger_target_dag.py took 0.041 seconds
[2021-10-21 12:40:12,597] {processor.py:163} INFO - Started process (PID=25948) to work on /opt/anaconda3/envs/af2/lib/python3.8/site-packages/airflow/example_dags/example_trigger_target_dag.py
[2021-10-21 12:40:12,598] {processor.py:620} INFO - Processing file /opt/anaconda3/envs/af2/lib/python3.8/site-packages/airflow/example_dags/example_trigger_target_dag.py for tasks to queue
[2021-10-21 12:40:12,598] {logging_mixin.py:109} INFO - [2021-10-21 12:40:12,598] {dagbag.py:500} INFO - Filling up the DagBag from /opt/anaconda3/envs/af2/lib/python3.8/site-packages/airflow/example_dags/example_trigger_target_dag.py
[2021-10-21 12:40:12,621] {processor.py:632} INFO - DAG(s) dict_keys(['example_trigger_target_dag']) retrieved from /opt/anaconda3/envs/af2/lib/python3.8/site-packages/airflow/example_dags/example_trigger_target_dag.py
[2021-10-21 12:40:12,630] {logging_mixin.py:109} INFO - [2021-10-21 12:40:12,630] {dag.py:2389} INFO - Sync 1 DAGs
[2021-10-21 12:40:12,633] {logging_mixin.py:109} INFO - [2021-10-21 12:40:12,633] {dag.py:2914} INFO - Setting next_dagrun for example_trigger_target_dag to None
[2021-10-21 12:40:12,637] {processor.py:171} INFO - Processing /opt/anaconda3/envs/af2/lib/python3.8/site-packages/airflow/example_dags/example_trigger_target_dag.py took 0.041 seconds
[2021-10-21 12:41:09,890] {processor.py:163} INFO - Started process (PID=26021) to work on /opt/anaconda3/envs/af2/lib/python3.8/site-packages/airflow/example_dags/example_trigger_target_dag.py
[2021-10-21 12:41:09,891] {processor.py:620} INFO - Processing file /opt/anaconda3/envs/af2/lib/python3.8/site-packages/airflow/example_dags/example_trigger_target_dag.py for tasks to queue
[2021-10-21 12:41:09,891] {logging_mixin.py:109} INFO - [2021-10-21 12:41:09,891] {dagbag.py:500} INFO - Filling up the DagBag from /opt/anaconda3/envs/af2/lib/python3.8/site-packages/airflow/example_dags/example_trigger_target_dag.py
[2021-10-21 12:41:09,915] {processor.py:632} INFO - DAG(s) dict_keys(['example_trigger_target_dag']) retrieved from /opt/anaconda3/envs/af2/lib/python3.8/site-packages/airflow/example_dags/example_trigger_target_dag.py
[2021-10-21 12:41:09,925] {logging_mixin.py:109} INFO - [2021-10-21 12:41:09,925] {dag.py:2389} INFO - Sync 1 DAGs
[2021-10-21 12:41:09,928] {logging_mixin.py:109} INFO - [2021-10-21 12:41:09,928] {dag.py:2914} INFO - Setting next_dagrun for example_trigger_target_dag to None
[2021-10-21 12:41:09,932] {processor.py:171} INFO - Processing /opt/anaconda3/envs/af2/lib/python3.8/site-packages/airflow/example_dags/example_trigger_target_dag.py took 0.043 seconds
[2021-10-21 12:42:37,985] {processor.py:163} INFO - Started process (PID=26122) to work on /opt/anaconda3/envs/af2/lib/python3.8/site-packages/airflow/example_dags/example_trigger_target_dag.py
[2021-10-21 12:42:37,985] {processor.py:620} INFO - Processing file /opt/anaconda3/envs/af2/lib/python3.8/site-packages/airflow/example_dags/example_trigger_target_dag.py for tasks to queue
[2021-10-21 12:42:37,986] {logging_mixin.py:109} INFO - [2021-10-21 12:42:37,986] {dagbag.py:500} INFO - Filling up the DagBag from /opt/anaconda3/envs/af2/lib/python3.8/site-packages/airflow/example_dags/example_trigger_target_dag.py
[2021-10-21 12:42:38,009] {processor.py:632} INFO - DAG(s) dict_keys(['example_trigger_target_dag']) retrieved from /opt/anaconda3/envs/af2/lib/python3.8/site-packages/airflow/example_dags/example_trigger_target_dag.py
[2021-10-21 12:42:38,018] {logging_mixin.py:109} INFO - [2021-10-21 12:42:38,018] {dag.py:2389} INFO - Sync 1 DAGs
[2021-10-21 12:42:38,022] {logging_mixin.py:109} INFO - [2021-10-21 12:42:38,022] {dag.py:2914} INFO - Setting next_dagrun for example_trigger_target_dag to None
[2021-10-21 12:42:38,025] {processor.py:171} INFO - Processing /opt/anaconda3/envs/af2/lib/python3.8/site-packages/airflow/example_dags/example_trigger_target_dag.py took 0.041 seconds
[2021-10-21 12:44:28,425] {processor.py:163} INFO - Started process (PID=26277) to work on /opt/anaconda3/envs/af2/lib/python3.8/site-packages/airflow/example_dags/example_trigger_target_dag.py
[2021-10-21 12:44:28,426] {processor.py:620} INFO - Processing file /opt/anaconda3/envs/af2/lib/python3.8/site-packages/airflow/example_dags/example_trigger_target_dag.py for tasks to queue
[2021-10-21 12:44:28,427] {logging_mixin.py:109} INFO - [2021-10-21 12:44:28,427] {dagbag.py:500} INFO - Filling up the DagBag from /opt/anaconda3/envs/af2/lib/python3.8/site-packages/airflow/example_dags/example_trigger_target_dag.py
[2021-10-21 12:44:28,453] {processor.py:632} INFO - DAG(s) dict_keys(['example_trigger_target_dag']) retrieved from /opt/anaconda3/envs/af2/lib/python3.8/site-packages/airflow/example_dags/example_trigger_target_dag.py
[2021-10-21 12:44:28,461] {logging_mixin.py:109} INFO - [2021-10-21 12:44:28,461] {dag.py:2389} INFO - Sync 1 DAGs
[2021-10-21 12:44:28,465] {logging_mixin.py:109} INFO - [2021-10-21 12:44:28,465] {dag.py:2914} INFO - Setting next_dagrun for example_trigger_target_dag to None
[2021-10-21 12:44:28,468] {processor.py:171} INFO - Processing /opt/anaconda3/envs/af2/lib/python3.8/site-packages/airflow/example_dags/example_trigger_target_dag.py took 0.044 seconds
[2021-10-21 12:46:09,960] {processor.py:163} INFO - Started process (PID=26421) to work on /opt/anaconda3/envs/af2/lib/python3.8/site-packages/airflow/example_dags/example_trigger_target_dag.py
[2021-10-21 12:46:09,960] {processor.py:620} INFO - Processing file /opt/anaconda3/envs/af2/lib/python3.8/site-packages/airflow/example_dags/example_trigger_target_dag.py for tasks to queue
[2021-10-21 12:46:09,960] {logging_mixin.py:109} INFO - [2021-10-21 12:46:09,960] {dagbag.py:500} INFO - Filling up the DagBag from /opt/anaconda3/envs/af2/lib/python3.8/site-packages/airflow/example_dags/example_trigger_target_dag.py
[2021-10-21 12:46:09,985] {processor.py:632} INFO - DAG(s) dict_keys(['example_trigger_target_dag']) retrieved from /opt/anaconda3/envs/af2/lib/python3.8/site-packages/airflow/example_dags/example_trigger_target_dag.py
[2021-10-21 12:46:09,994] {logging_mixin.py:109} INFO - [2021-10-21 12:46:09,994] {dag.py:2389} INFO - Sync 1 DAGs
[2021-10-21 12:46:09,997] {logging_mixin.py:109} INFO - [2021-10-21 12:46:09,997] {dag.py:2914} INFO - Setting next_dagrun for example_trigger_target_dag to None
[2021-10-21 12:46:10,001] {processor.py:171} INFO - Processing /opt/anaconda3/envs/af2/lib/python3.8/site-packages/airflow/example_dags/example_trigger_target_dag.py took 0.042 seconds
[2021-10-21 12:47:37,064] {processor.py:163} INFO - Started process (PID=26623) to work on /opt/anaconda3/envs/af2/lib/python3.8/site-packages/airflow/example_dags/example_trigger_target_dag.py
[2021-10-21 12:47:37,065] {processor.py:620} INFO - Processing file /opt/anaconda3/envs/af2/lib/python3.8/site-packages/airflow/example_dags/example_trigger_target_dag.py for tasks to queue
[2021-10-21 12:47:37,065] {logging_mixin.py:109} INFO - [2021-10-21 12:47:37,065] {dagbag.py:500} INFO - Filling up the DagBag from /opt/anaconda3/envs/af2/lib/python3.8/site-packages/airflow/example_dags/example_trigger_target_dag.py
[2021-10-21 12:47:37,089] {processor.py:632} INFO - DAG(s) dict_keys(['example_trigger_target_dag']) retrieved from /opt/anaconda3/envs/af2/lib/python3.8/site-packages/airflow/example_dags/example_trigger_target_dag.py
[2021-10-21 12:47:37,097] {logging_mixin.py:109} INFO - [2021-10-21 12:47:37,097] {dag.py:2389} INFO - Sync 1 DAGs
[2021-10-21 12:47:37,101] {logging_mixin.py:109} INFO - [2021-10-21 12:47:37,101] {dag.py:2914} INFO - Setting next_dagrun for example_trigger_target_dag to None
[2021-10-21 12:47:37,104] {processor.py:171} INFO - Processing /opt/anaconda3/envs/af2/lib/python3.8/site-packages/airflow/example_dags/example_trigger_target_dag.py took 0.041 seconds
[2021-10-21 12:48:55,707] {processor.py:163} INFO - Started process (PID=26752) to work on /opt/anaconda3/envs/af2/lib/python3.8/site-packages/airflow/example_dags/example_trigger_target_dag.py
[2021-10-21 12:48:55,708] {processor.py:620} INFO - Processing file /opt/anaconda3/envs/af2/lib/python3.8/site-packages/airflow/example_dags/example_trigger_target_dag.py for tasks to queue
[2021-10-21 12:48:55,708] {logging_mixin.py:109} INFO - [2021-10-21 12:48:55,708] {dagbag.py:500} INFO - Filling up the DagBag from /opt/anaconda3/envs/af2/lib/python3.8/site-packages/airflow/example_dags/example_trigger_target_dag.py
[2021-10-21 12:48:55,733] {processor.py:632} INFO - DAG(s) dict_keys(['example_trigger_target_dag']) retrieved from /opt/anaconda3/envs/af2/lib/python3.8/site-packages/airflow/example_dags/example_trigger_target_dag.py
[2021-10-21 12:48:55,742] {logging_mixin.py:109} INFO - [2021-10-21 12:48:55,742] {dag.py:2389} INFO - Sync 1 DAGs
[2021-10-21 12:48:55,746] {logging_mixin.py:109} INFO - [2021-10-21 12:48:55,746] {dag.py:2914} INFO - Setting next_dagrun for example_trigger_target_dag to None
[2021-10-21 12:48:55,749] {processor.py:171} INFO - Processing /opt/anaconda3/envs/af2/lib/python3.8/site-packages/airflow/example_dags/example_trigger_target_dag.py took 0.044 seconds
[2021-10-21 12:50:10,350] {processor.py:163} INFO - Started process (PID=26893) to work on /opt/anaconda3/envs/af2/lib/python3.8/site-packages/airflow/example_dags/example_trigger_target_dag.py
[2021-10-21 12:50:10,351] {processor.py:620} INFO - Processing file /opt/anaconda3/envs/af2/lib/python3.8/site-packages/airflow/example_dags/example_trigger_target_dag.py for tasks to queue
[2021-10-21 12:50:10,351] {logging_mixin.py:109} INFO - [2021-10-21 12:50:10,351] {dagbag.py:500} INFO - Filling up the DagBag from /opt/anaconda3/envs/af2/lib/python3.8/site-packages/airflow/example_dags/example_trigger_target_dag.py
[2021-10-21 12:50:10,373] {processor.py:632} INFO - DAG(s) dict_keys(['example_trigger_target_dag']) retrieved from /opt/anaconda3/envs/af2/lib/python3.8/site-packages/airflow/example_dags/example_trigger_target_dag.py
[2021-10-21 12:50:10,382] {logging_mixin.py:109} INFO - [2021-10-21 12:50:10,382] {dag.py:2389} INFO - Sync 1 DAGs
[2021-10-21 12:50:10,386] {logging_mixin.py:109} INFO - [2021-10-21 12:50:10,386] {dag.py:2914} INFO - Setting next_dagrun for example_trigger_target_dag to None
[2021-10-21 12:50:10,389] {processor.py:171} INFO - Processing /opt/anaconda3/envs/af2/lib/python3.8/site-packages/airflow/example_dags/example_trigger_target_dag.py took 0.040 seconds
[2021-10-21 12:51:24,361] {processor.py:163} INFO - Started process (PID=26997) to work on /opt/anaconda3/envs/af2/lib/python3.8/site-packages/airflow/example_dags/example_trigger_target_dag.py
[2021-10-21 12:51:24,362] {processor.py:620} INFO - Processing file /opt/anaconda3/envs/af2/lib/python3.8/site-packages/airflow/example_dags/example_trigger_target_dag.py for tasks to queue
[2021-10-21 12:51:24,362] {logging_mixin.py:109} INFO - [2021-10-21 12:51:24,362] {dagbag.py:500} INFO - Filling up the DagBag from /opt/anaconda3/envs/af2/lib/python3.8/site-packages/airflow/example_dags/example_trigger_target_dag.py
[2021-10-21 12:51:24,386] {processor.py:632} INFO - DAG(s) dict_keys(['example_trigger_target_dag']) retrieved from /opt/anaconda3/envs/af2/lib/python3.8/site-packages/airflow/example_dags/example_trigger_target_dag.py
[2021-10-21 12:51:24,396] {logging_mixin.py:109} INFO - [2021-10-21 12:51:24,396] {dag.py:2389} INFO - Sync 1 DAGs
[2021-10-21 12:51:24,400] {logging_mixin.py:109} INFO - [2021-10-21 12:51:24,400] {dag.py:2914} INFO - Setting next_dagrun for example_trigger_target_dag to None
[2021-10-21 12:51:24,404] {processor.py:171} INFO - Processing /opt/anaconda3/envs/af2/lib/python3.8/site-packages/airflow/example_dags/example_trigger_target_dag.py took 0.044 seconds
[2021-10-21 12:52:26,762] {processor.py:163} INFO - Started process (PID=27075) to work on /opt/anaconda3/envs/af2/lib/python3.8/site-packages/airflow/example_dags/example_trigger_target_dag.py
[2021-10-21 12:52:26,762] {processor.py:620} INFO - Processing file /opt/anaconda3/envs/af2/lib/python3.8/site-packages/airflow/example_dags/example_trigger_target_dag.py for tasks to queue
[2021-10-21 12:52:26,763] {logging_mixin.py:109} INFO - [2021-10-21 12:52:26,762] {dagbag.py:500} INFO - Filling up the DagBag from /opt/anaconda3/envs/af2/lib/python3.8/site-packages/airflow/example_dags/example_trigger_target_dag.py
[2021-10-21 12:52:26,786] {processor.py:632} INFO - DAG(s) dict_keys(['example_trigger_target_dag']) retrieved from /opt/anaconda3/envs/af2/lib/python3.8/site-packages/airflow/example_dags/example_trigger_target_dag.py
[2021-10-21 12:52:26,794] {logging_mixin.py:109} INFO - [2021-10-21 12:52:26,794] {dag.py:2389} INFO - Sync 1 DAGs
[2021-10-21 12:52:26,798] {logging_mixin.py:109} INFO - [2021-10-21 12:52:26,798] {dag.py:2914} INFO - Setting next_dagrun for example_trigger_target_dag to None
[2021-10-21 12:52:26,801] {processor.py:171} INFO - Processing /opt/anaconda3/envs/af2/lib/python3.8/site-packages/airflow/example_dags/example_trigger_target_dag.py took 0.040 seconds
[2021-10-21 12:53:39,894] {processor.py:163} INFO - Started process (PID=27168) to work on /opt/anaconda3/envs/af2/lib/python3.8/site-packages/airflow/example_dags/example_trigger_target_dag.py
[2021-10-21 12:53:39,896] {processor.py:620} INFO - Processing file /opt/anaconda3/envs/af2/lib/python3.8/site-packages/airflow/example_dags/example_trigger_target_dag.py for tasks to queue
[2021-10-21 12:53:39,896] {logging_mixin.py:109} INFO - [2021-10-21 12:53:39,896] {dagbag.py:500} INFO - Filling up the DagBag from /opt/anaconda3/envs/af2/lib/python3.8/site-packages/airflow/example_dags/example_trigger_target_dag.py
[2021-10-21 12:53:39,921] {processor.py:632} INFO - DAG(s) dict_keys(['example_trigger_target_dag']) retrieved from /opt/anaconda3/envs/af2/lib/python3.8/site-packages/airflow/example_dags/example_trigger_target_dag.py
[2021-10-21 12:53:39,932] {logging_mixin.py:109} INFO - [2021-10-21 12:53:39,932] {dag.py:2389} INFO - Sync 1 DAGs
[2021-10-21 12:53:39,935] {logging_mixin.py:109} INFO - [2021-10-21 12:53:39,935] {dag.py:2914} INFO - Setting next_dagrun for example_trigger_target_dag to None
[2021-10-21 12:53:39,939] {processor.py:171} INFO - Processing /opt/anaconda3/envs/af2/lib/python3.8/site-packages/airflow/example_dags/example_trigger_target_dag.py took 0.046 seconds
[2021-10-21 12:55:08,109] {processor.py:163} INFO - Started process (PID=27269) to work on /opt/anaconda3/envs/af2/lib/python3.8/site-packages/airflow/example_dags/example_trigger_target_dag.py
[2021-10-21 12:55:08,110] {processor.py:620} INFO - Processing file /opt/anaconda3/envs/af2/lib/python3.8/site-packages/airflow/example_dags/example_trigger_target_dag.py for tasks to queue
[2021-10-21 12:55:08,110] {logging_mixin.py:109} INFO - [2021-10-21 12:55:08,110] {dagbag.py:500} INFO - Filling up the DagBag from /opt/anaconda3/envs/af2/lib/python3.8/site-packages/airflow/example_dags/example_trigger_target_dag.py
[2021-10-21 12:55:08,134] {processor.py:632} INFO - DAG(s) dict_keys(['example_trigger_target_dag']) retrieved from /opt/anaconda3/envs/af2/lib/python3.8/site-packages/airflow/example_dags/example_trigger_target_dag.py
[2021-10-21 12:55:08,143] {logging_mixin.py:109} INFO - [2021-10-21 12:55:08,143] {dag.py:2389} INFO - Sync 1 DAGs
[2021-10-21 12:55:08,147] {logging_mixin.py:109} INFO - [2021-10-21 12:55:08,147] {dag.py:2914} INFO - Setting next_dagrun for example_trigger_target_dag to None
[2021-10-21 12:55:08,150] {processor.py:171} INFO - Processing /opt/anaconda3/envs/af2/lib/python3.8/site-packages/airflow/example_dags/example_trigger_target_dag.py took 0.042 seconds
[2021-10-21 12:56:34,290] {processor.py:163} INFO - Started process (PID=27366) to work on /opt/anaconda3/envs/af2/lib/python3.8/site-packages/airflow/example_dags/example_trigger_target_dag.py
[2021-10-21 12:56:34,290] {processor.py:620} INFO - Processing file /opt/anaconda3/envs/af2/lib/python3.8/site-packages/airflow/example_dags/example_trigger_target_dag.py for tasks to queue
[2021-10-21 12:56:34,291] {logging_mixin.py:109} INFO - [2021-10-21 12:56:34,291] {dagbag.py:500} INFO - Filling up the DagBag from /opt/anaconda3/envs/af2/lib/python3.8/site-packages/airflow/example_dags/example_trigger_target_dag.py
[2021-10-21 12:56:34,319] {processor.py:632} INFO - DAG(s) dict_keys(['example_trigger_target_dag']) retrieved from /opt/anaconda3/envs/af2/lib/python3.8/site-packages/airflow/example_dags/example_trigger_target_dag.py
[2021-10-21 12:56:34,330] {logging_mixin.py:109} INFO - [2021-10-21 12:56:34,330] {dag.py:2389} INFO - Sync 1 DAGs
[2021-10-21 12:56:34,335] {logging_mixin.py:109} INFO - [2021-10-21 12:56:34,335] {dag.py:2914} INFO - Setting next_dagrun for example_trigger_target_dag to None
[2021-10-21 12:56:34,340] {processor.py:171} INFO - Processing /opt/anaconda3/envs/af2/lib/python3.8/site-packages/airflow/example_dags/example_trigger_target_dag.py took 0.051 seconds
[2021-10-21 12:58:06,712] {processor.py:163} INFO - Started process (PID=27488) to work on /opt/anaconda3/envs/af2/lib/python3.8/site-packages/airflow/example_dags/example_trigger_target_dag.py
[2021-10-21 12:58:06,713] {processor.py:620} INFO - Processing file /opt/anaconda3/envs/af2/lib/python3.8/site-packages/airflow/example_dags/example_trigger_target_dag.py for tasks to queue
[2021-10-21 12:58:06,713] {logging_mixin.py:109} INFO - [2021-10-21 12:58:06,713] {dagbag.py:500} INFO - Filling up the DagBag from /opt/anaconda3/envs/af2/lib/python3.8/site-packages/airflow/example_dags/example_trigger_target_dag.py
[2021-10-21 12:58:06,736] {processor.py:632} INFO - DAG(s) dict_keys(['example_trigger_target_dag']) retrieved from /opt/anaconda3/envs/af2/lib/python3.8/site-packages/airflow/example_dags/example_trigger_target_dag.py
[2021-10-21 12:58:06,745] {logging_mixin.py:109} INFO - [2021-10-21 12:58:06,745] {dag.py:2389} INFO - Sync 1 DAGs
[2021-10-21 12:58:06,748] {logging_mixin.py:109} INFO - [2021-10-21 12:58:06,748] {dag.py:2914} INFO - Setting next_dagrun for example_trigger_target_dag to None
[2021-10-21 12:58:06,752] {processor.py:171} INFO - Processing /opt/anaconda3/envs/af2/lib/python3.8/site-packages/airflow/example_dags/example_trigger_target_dag.py took 0.041 seconds
[2021-10-21 12:59:35,771] {processor.py:163} INFO - Started process (PID=27596) to work on /opt/anaconda3/envs/af2/lib/python3.8/site-packages/airflow/example_dags/example_trigger_target_dag.py
[2021-10-21 12:59:35,772] {processor.py:620} INFO - Processing file /opt/anaconda3/envs/af2/lib/python3.8/site-packages/airflow/example_dags/example_trigger_target_dag.py for tasks to queue
[2021-10-21 12:59:35,772] {logging_mixin.py:109} INFO - [2021-10-21 12:59:35,772] {dagbag.py:500} INFO - Filling up the DagBag from /opt/anaconda3/envs/af2/lib/python3.8/site-packages/airflow/example_dags/example_trigger_target_dag.py
[2021-10-21 12:59:35,797] {processor.py:632} INFO - DAG(s) dict_keys(['example_trigger_target_dag']) retrieved from /opt/anaconda3/envs/af2/lib/python3.8/site-packages/airflow/example_dags/example_trigger_target_dag.py
[2021-10-21 12:59:35,806] {logging_mixin.py:109} INFO - [2021-10-21 12:59:35,806] {dag.py:2389} INFO - Sync 1 DAGs
[2021-10-21 12:59:35,809] {logging_mixin.py:109} INFO - [2021-10-21 12:59:35,809] {dag.py:2914} INFO - Setting next_dagrun for example_trigger_target_dag to None
[2021-10-21 12:59:35,813] {processor.py:171} INFO - Processing /opt/anaconda3/envs/af2/lib/python3.8/site-packages/airflow/example_dags/example_trigger_target_dag.py took 0.043 seconds
[2021-10-21 13:01:08,996] {processor.py:163} INFO - Started process (PID=27693) to work on /opt/anaconda3/envs/af2/lib/python3.8/site-packages/airflow/example_dags/example_trigger_target_dag.py
[2021-10-21 13:01:08,997] {processor.py:620} INFO - Processing file /opt/anaconda3/envs/af2/lib/python3.8/site-packages/airflow/example_dags/example_trigger_target_dag.py for tasks to queue
[2021-10-21 13:01:08,997] {logging_mixin.py:109} INFO - [2021-10-21 13:01:08,997] {dagbag.py:500} INFO - Filling up the DagBag from /opt/anaconda3/envs/af2/lib/python3.8/site-packages/airflow/example_dags/example_trigger_target_dag.py
[2021-10-21 13:01:09,021] {processor.py:632} INFO - DAG(s) dict_keys(['example_trigger_target_dag']) retrieved from /opt/anaconda3/envs/af2/lib/python3.8/site-packages/airflow/example_dags/example_trigger_target_dag.py
[2021-10-21 13:01:09,030] {logging_mixin.py:109} INFO - [2021-10-21 13:01:09,030] {dag.py:2389} INFO - Sync 1 DAGs
[2021-10-21 13:01:09,034] {logging_mixin.py:109} INFO - [2021-10-21 13:01:09,034] {dag.py:2914} INFO - Setting next_dagrun for example_trigger_target_dag to None
[2021-10-21 13:01:09,037] {processor.py:171} INFO - Processing /opt/anaconda3/envs/af2/lib/python3.8/site-packages/airflow/example_dags/example_trigger_target_dag.py took 0.042 seconds
[2021-10-21 13:02:39,054] {processor.py:163} INFO - Started process (PID=27826) to work on /opt/anaconda3/envs/af2/lib/python3.8/site-packages/airflow/example_dags/example_trigger_target_dag.py
[2021-10-21 13:02:39,055] {processor.py:620} INFO - Processing file /opt/anaconda3/envs/af2/lib/python3.8/site-packages/airflow/example_dags/example_trigger_target_dag.py for tasks to queue
[2021-10-21 13:02:39,055] {logging_mixin.py:109} INFO - [2021-10-21 13:02:39,055] {dagbag.py:500} INFO - Filling up the DagBag from /opt/anaconda3/envs/af2/lib/python3.8/site-packages/airflow/example_dags/example_trigger_target_dag.py
[2021-10-21 13:02:39,083] {processor.py:632} INFO - DAG(s) dict_keys(['example_trigger_target_dag']) retrieved from /opt/anaconda3/envs/af2/lib/python3.8/site-packages/airflow/example_dags/example_trigger_target_dag.py
[2021-10-21 13:02:39,093] {logging_mixin.py:109} INFO - [2021-10-21 13:02:39,093] {dag.py:2389} INFO - Sync 1 DAGs
[2021-10-21 13:02:39,099] {logging_mixin.py:109} INFO - [2021-10-21 13:02:39,099] {dag.py:2914} INFO - Setting next_dagrun for example_trigger_target_dag to None
[2021-10-21 13:02:39,104] {processor.py:171} INFO - Processing /opt/anaconda3/envs/af2/lib/python3.8/site-packages/airflow/example_dags/example_trigger_target_dag.py took 0.052 seconds
[2021-10-21 13:04:07,726] {processor.py:163} INFO - Started process (PID=27924) to work on /opt/anaconda3/envs/af2/lib/python3.8/site-packages/airflow/example_dags/example_trigger_target_dag.py
[2021-10-21 13:04:07,728] {processor.py:620} INFO - Processing file /opt/anaconda3/envs/af2/lib/python3.8/site-packages/airflow/example_dags/example_trigger_target_dag.py for tasks to queue
[2021-10-21 13:04:07,728] {logging_mixin.py:109} INFO - [2021-10-21 13:04:07,728] {dagbag.py:500} INFO - Filling up the DagBag from /opt/anaconda3/envs/af2/lib/python3.8/site-packages/airflow/example_dags/example_trigger_target_dag.py
[2021-10-21 13:04:07,752] {processor.py:632} INFO - DAG(s) dict_keys(['example_trigger_target_dag']) retrieved from /opt/anaconda3/envs/af2/lib/python3.8/site-packages/airflow/example_dags/example_trigger_target_dag.py
[2021-10-21 13:04:07,760] {logging_mixin.py:109} INFO - [2021-10-21 13:04:07,760] {dag.py:2389} INFO - Sync 1 DAGs
[2021-10-21 13:04:07,764] {logging_mixin.py:109} INFO - [2021-10-21 13:04:07,764] {dag.py:2914} INFO - Setting next_dagrun for example_trigger_target_dag to None
[2021-10-21 13:04:07,768] {processor.py:171} INFO - Processing /opt/anaconda3/envs/af2/lib/python3.8/site-packages/airflow/example_dags/example_trigger_target_dag.py took 0.042 seconds
[2021-10-21 13:05:39,157] {processor.py:163} INFO - Started process (PID=28031) to work on /opt/anaconda3/envs/af2/lib/python3.8/site-packages/airflow/example_dags/example_trigger_target_dag.py
[2021-10-21 13:05:39,158] {processor.py:620} INFO - Processing file /opt/anaconda3/envs/af2/lib/python3.8/site-packages/airflow/example_dags/example_trigger_target_dag.py for tasks to queue
[2021-10-21 13:05:39,158] {logging_mixin.py:109} INFO - [2021-10-21 13:05:39,158] {dagbag.py:500} INFO - Filling up the DagBag from /opt/anaconda3/envs/af2/lib/python3.8/site-packages/airflow/example_dags/example_trigger_target_dag.py
[2021-10-21 13:05:39,196] {processor.py:632} INFO - DAG(s) dict_keys(['example_trigger_target_dag']) retrieved from /opt/anaconda3/envs/af2/lib/python3.8/site-packages/airflow/example_dags/example_trigger_target_dag.py
[2021-10-21 13:05:39,208] {logging_mixin.py:109} INFO - [2021-10-21 13:05:39,208] {dag.py:2389} INFO - Sync 1 DAGs
[2021-10-21 13:05:39,212] {logging_mixin.py:109} INFO - [2021-10-21 13:05:39,212] {dag.py:2914} INFO - Setting next_dagrun for example_trigger_target_dag to None
[2021-10-21 13:05:39,217] {processor.py:171} INFO - Processing /opt/anaconda3/envs/af2/lib/python3.8/site-packages/airflow/example_dags/example_trigger_target_dag.py took 0.061 seconds
[2021-10-21 13:07:08,991] {processor.py:163} INFO - Started process (PID=28194) to work on /opt/anaconda3/envs/af2/lib/python3.8/site-packages/airflow/example_dags/example_trigger_target_dag.py
[2021-10-21 13:07:08,993] {processor.py:620} INFO - Processing file /opt/anaconda3/envs/af2/lib/python3.8/site-packages/airflow/example_dags/example_trigger_target_dag.py for tasks to queue
[2021-10-21 13:07:08,993] {logging_mixin.py:109} INFO - [2021-10-21 13:07:08,993] {dagbag.py:500} INFO - Filling up the DagBag from /opt/anaconda3/envs/af2/lib/python3.8/site-packages/airflow/example_dags/example_trigger_target_dag.py
[2021-10-21 13:07:09,016] {processor.py:632} INFO - DAG(s) dict_keys(['example_trigger_target_dag']) retrieved from /opt/anaconda3/envs/af2/lib/python3.8/site-packages/airflow/example_dags/example_trigger_target_dag.py
[2021-10-21 13:07:09,024] {logging_mixin.py:109} INFO - [2021-10-21 13:07:09,024] {dag.py:2389} INFO - Sync 1 DAGs
[2021-10-21 13:07:09,028] {logging_mixin.py:109} INFO - [2021-10-21 13:07:09,028] {dag.py:2914} INFO - Setting next_dagrun for example_trigger_target_dag to None
[2021-10-21 13:07:09,031] {processor.py:171} INFO - Processing /opt/anaconda3/envs/af2/lib/python3.8/site-packages/airflow/example_dags/example_trigger_target_dag.py took 0.041 seconds
