[2021-10-21 12:01:53,702] {processor.py:163} INFO - Started process (PID=22324) to work on /opt/anaconda3/envs/af2/lib/python3.8/site-packages/airflow/example_dags/example_xcom.py
[2021-10-21 12:01:53,703] {processor.py:620} INFO - Processing file /opt/anaconda3/envs/af2/lib/python3.8/site-packages/airflow/example_dags/example_xcom.py for tasks to queue
[2021-10-21 12:01:53,703] {logging_mixin.py:109} INFO - [2021-10-21 12:01:53,703] {dagbag.py:500} INFO - Filling up the DagBag from /opt/anaconda3/envs/af2/lib/python3.8/site-packages/airflow/example_dags/example_xcom.py
[2021-10-21 12:01:53,728] {processor.py:632} INFO - DAG(s) dict_keys(['example_xcom']) retrieved from /opt/anaconda3/envs/af2/lib/python3.8/site-packages/airflow/example_dags/example_xcom.py
[2021-10-21 12:01:53,829] {logging_mixin.py:109} INFO - [2021-10-21 12:01:53,829] {dag.py:2389} INFO - Sync 1 DAGs
[2021-10-21 12:01:53,833] {logging_mixin.py:109} INFO - [2021-10-21 12:01:53,832] {dag.py:2914} INFO - Setting next_dagrun for example_xcom to 2021-01-01T00:00:00+00:00
[2021-10-21 12:01:53,837] {processor.py:171} INFO - Processing /opt/anaconda3/envs/af2/lib/python3.8/site-packages/airflow/example_dags/example_xcom.py took 0.135 seconds
[2021-10-21 12:03:00,053] {processor.py:163} INFO - Started process (PID=22454) to work on /opt/anaconda3/envs/af2/lib/python3.8/site-packages/airflow/example_dags/example_xcom.py
[2021-10-21 12:03:00,054] {processor.py:620} INFO - Processing file /opt/anaconda3/envs/af2/lib/python3.8/site-packages/airflow/example_dags/example_xcom.py for tasks to queue
[2021-10-21 12:03:00,054] {logging_mixin.py:109} INFO - [2021-10-21 12:03:00,054] {dagbag.py:500} INFO - Filling up the DagBag from /opt/anaconda3/envs/af2/lib/python3.8/site-packages/airflow/example_dags/example_xcom.py
[2021-10-21 12:03:00,080] {processor.py:632} INFO - DAG(s) dict_keys(['example_xcom']) retrieved from /opt/anaconda3/envs/af2/lib/python3.8/site-packages/airflow/example_dags/example_xcom.py
[2021-10-21 12:03:00,197] {logging_mixin.py:109} INFO - [2021-10-21 12:03:00,197] {dag.py:2389} INFO - Sync 1 DAGs
[2021-10-21 12:03:00,201] {logging_mixin.py:109} INFO - [2021-10-21 12:03:00,201] {dag.py:2914} INFO - Setting next_dagrun for example_xcom to 2021-01-01T00:00:00+00:00
[2021-10-21 12:03:00,206] {processor.py:171} INFO - Processing /opt/anaconda3/envs/af2/lib/python3.8/site-packages/airflow/example_dags/example_xcom.py took 0.153 seconds
[2021-10-21 12:03:26,324] {processor.py:163} INFO - Started process (PID=22536) to work on /opt/anaconda3/envs/af2/lib/python3.8/site-packages/airflow/example_dags/example_xcom.py
[2021-10-21 12:03:26,324] {processor.py:620} INFO - Processing file /opt/anaconda3/envs/af2/lib/python3.8/site-packages/airflow/example_dags/example_xcom.py for tasks to queue
[2021-10-21 12:03:26,325] {logging_mixin.py:109} INFO - [2021-10-21 12:03:26,324] {dagbag.py:500} INFO - Filling up the DagBag from /opt/anaconda3/envs/af2/lib/python3.8/site-packages/airflow/example_dags/example_xcom.py
[2021-10-21 12:03:26,349] {processor.py:632} INFO - DAG(s) dict_keys(['example_xcom']) retrieved from /opt/anaconda3/envs/af2/lib/python3.8/site-packages/airflow/example_dags/example_xcom.py
[2021-10-21 12:03:26,354] {logging_mixin.py:109} INFO - [2021-10-21 12:03:26,354] {dag.py:2389} INFO - Sync 1 DAGs
[2021-10-21 12:03:26,360] {logging_mixin.py:109} INFO - [2021-10-21 12:03:26,360] {dag.py:2914} INFO - Setting next_dagrun for example_xcom to 2021-01-01T00:00:00+00:00
[2021-10-21 12:03:26,364] {processor.py:171} INFO - Processing /opt/anaconda3/envs/af2/lib/python3.8/site-packages/airflow/example_dags/example_xcom.py took 0.040 seconds
[2021-10-21 12:05:41,517] {processor.py:163} INFO - Started process (PID=22805) to work on /opt/anaconda3/envs/af2/lib/python3.8/site-packages/airflow/example_dags/example_xcom.py
[2021-10-21 12:05:41,518] {processor.py:620} INFO - Processing file /opt/anaconda3/envs/af2/lib/python3.8/site-packages/airflow/example_dags/example_xcom.py for tasks to queue
[2021-10-21 12:05:41,518] {logging_mixin.py:109} INFO - [2021-10-21 12:05:41,518] {dagbag.py:500} INFO - Filling up the DagBag from /opt/anaconda3/envs/af2/lib/python3.8/site-packages/airflow/example_dags/example_xcom.py
[2021-10-21 12:05:41,543] {processor.py:632} INFO - DAG(s) dict_keys(['example_xcom']) retrieved from /opt/anaconda3/envs/af2/lib/python3.8/site-packages/airflow/example_dags/example_xcom.py
[2021-10-21 12:05:41,548] {logging_mixin.py:109} INFO - [2021-10-21 12:05:41,548] {dag.py:2389} INFO - Sync 1 DAGs
[2021-10-21 12:05:41,554] {logging_mixin.py:109} INFO - [2021-10-21 12:05:41,554] {dag.py:2914} INFO - Setting next_dagrun for example_xcom to 2021-01-01T00:00:00+00:00
[2021-10-21 12:05:41,557] {processor.py:171} INFO - Processing /opt/anaconda3/envs/af2/lib/python3.8/site-packages/airflow/example_dags/example_xcom.py took 0.040 seconds
[2021-10-21 12:11:37,349] {processor.py:163} INFO - Started process (PID=23028) to work on /opt/anaconda3/envs/af2/lib/python3.8/site-packages/airflow/example_dags/example_xcom.py
[2021-10-21 12:11:37,355] {processor.py:620} INFO - Processing file /opt/anaconda3/envs/af2/lib/python3.8/site-packages/airflow/example_dags/example_xcom.py for tasks to queue
[2021-10-21 12:11:37,356] {logging_mixin.py:109} INFO - [2021-10-21 12:11:37,356] {dagbag.py:500} INFO - Filling up the DagBag from /opt/anaconda3/envs/af2/lib/python3.8/site-packages/airflow/example_dags/example_xcom.py
[2021-10-21 12:11:37,380] {processor.py:632} INFO - DAG(s) dict_keys(['example_xcom']) retrieved from /opt/anaconda3/envs/af2/lib/python3.8/site-packages/airflow/example_dags/example_xcom.py
[2021-10-21 12:11:37,386] {logging_mixin.py:109} INFO - [2021-10-21 12:11:37,386] {dag.py:2389} INFO - Sync 1 DAGs
[2021-10-21 12:11:37,391] {logging_mixin.py:109} INFO - [2021-10-21 12:11:37,391] {dag.py:2914} INFO - Setting next_dagrun for example_xcom to 2021-01-01T00:00:00+00:00
[2021-10-21 12:11:37,394] {processor.py:171} INFO - Processing /opt/anaconda3/envs/af2/lib/python3.8/site-packages/airflow/example_dags/example_xcom.py took 0.045 seconds
[2021-10-21 12:12:48,127] {processor.py:163} INFO - Started process (PID=23179) to work on /opt/anaconda3/envs/af2/lib/python3.8/site-packages/airflow/example_dags/example_xcom.py
[2021-10-21 12:12:48,128] {processor.py:620} INFO - Processing file /opt/anaconda3/envs/af2/lib/python3.8/site-packages/airflow/example_dags/example_xcom.py for tasks to queue
[2021-10-21 12:12:48,128] {logging_mixin.py:109} INFO - [2021-10-21 12:12:48,128] {dagbag.py:500} INFO - Filling up the DagBag from /opt/anaconda3/envs/af2/lib/python3.8/site-packages/airflow/example_dags/example_xcom.py
[2021-10-21 12:12:48,153] {processor.py:632} INFO - DAG(s) dict_keys(['example_xcom']) retrieved from /opt/anaconda3/envs/af2/lib/python3.8/site-packages/airflow/example_dags/example_xcom.py
[2021-10-21 12:12:48,260] {logging_mixin.py:109} INFO - [2021-10-21 12:12:48,260] {dag.py:2389} INFO - Sync 1 DAGs
[2021-10-21 12:12:48,264] {logging_mixin.py:109} INFO - [2021-10-21 12:12:48,264] {dag.py:2914} INFO - Setting next_dagrun for example_xcom to 2021-01-01T00:00:00+00:00
[2021-10-21 12:12:48,268] {processor.py:171} INFO - Processing /opt/anaconda3/envs/af2/lib/python3.8/site-packages/airflow/example_dags/example_xcom.py took 0.141 seconds
[2021-10-21 12:14:02,625] {processor.py:163} INFO - Started process (PID=23281) to work on /opt/anaconda3/envs/af2/lib/python3.8/site-packages/airflow/example_dags/example_xcom.py
[2021-10-21 12:14:02,625] {processor.py:620} INFO - Processing file /opt/anaconda3/envs/af2/lib/python3.8/site-packages/airflow/example_dags/example_xcom.py for tasks to queue
[2021-10-21 12:14:02,625] {logging_mixin.py:109} INFO - [2021-10-21 12:14:02,625] {dagbag.py:500} INFO - Filling up the DagBag from /opt/anaconda3/envs/af2/lib/python3.8/site-packages/airflow/example_dags/example_xcom.py
[2021-10-21 12:14:02,651] {processor.py:632} INFO - DAG(s) dict_keys(['example_xcom']) retrieved from /opt/anaconda3/envs/af2/lib/python3.8/site-packages/airflow/example_dags/example_xcom.py
[2021-10-21 12:14:02,765] {logging_mixin.py:109} INFO - [2021-10-21 12:14:02,765] {dag.py:2389} INFO - Sync 1 DAGs
[2021-10-21 12:14:02,769] {logging_mixin.py:109} INFO - [2021-10-21 12:14:02,769] {dag.py:2914} INFO - Setting next_dagrun for example_xcom to 2021-01-01T00:00:00+00:00
[2021-10-21 12:14:02,773] {processor.py:171} INFO - Processing /opt/anaconda3/envs/af2/lib/python3.8/site-packages/airflow/example_dags/example_xcom.py took 0.148 seconds
[2021-10-21 12:15:17,420] {processor.py:163} INFO - Started process (PID=23377) to work on /opt/anaconda3/envs/af2/lib/python3.8/site-packages/airflow/example_dags/example_xcom.py
[2021-10-21 12:15:17,421] {processor.py:620} INFO - Processing file /opt/anaconda3/envs/af2/lib/python3.8/site-packages/airflow/example_dags/example_xcom.py for tasks to queue
[2021-10-21 12:15:17,421] {logging_mixin.py:109} INFO - [2021-10-21 12:15:17,421] {dagbag.py:500} INFO - Filling up the DagBag from /opt/anaconda3/envs/af2/lib/python3.8/site-packages/airflow/example_dags/example_xcom.py
[2021-10-21 12:15:17,449] {processor.py:632} INFO - DAG(s) dict_keys(['example_xcom']) retrieved from /opt/anaconda3/envs/af2/lib/python3.8/site-packages/airflow/example_dags/example_xcom.py
[2021-10-21 12:15:17,558] {logging_mixin.py:109} INFO - [2021-10-21 12:15:17,558] {dag.py:2389} INFO - Sync 1 DAGs
[2021-10-21 12:15:17,562] {logging_mixin.py:109} INFO - [2021-10-21 12:15:17,562] {dag.py:2914} INFO - Setting next_dagrun for example_xcom to 2021-01-01T00:00:00+00:00
[2021-10-21 12:15:17,566] {processor.py:171} INFO - Processing /opt/anaconda3/envs/af2/lib/python3.8/site-packages/airflow/example_dags/example_xcom.py took 0.146 seconds
[2021-10-21 12:16:34,329] {processor.py:163} INFO - Started process (PID=23518) to work on /opt/anaconda3/envs/af2/lib/python3.8/site-packages/airflow/example_dags/example_xcom.py
[2021-10-21 12:16:34,330] {processor.py:620} INFO - Processing file /opt/anaconda3/envs/af2/lib/python3.8/site-packages/airflow/example_dags/example_xcom.py for tasks to queue
[2021-10-21 12:16:34,331] {logging_mixin.py:109} INFO - [2021-10-21 12:16:34,331] {dagbag.py:500} INFO - Filling up the DagBag from /opt/anaconda3/envs/af2/lib/python3.8/site-packages/airflow/example_dags/example_xcom.py
[2021-10-21 12:16:34,357] {processor.py:632} INFO - DAG(s) dict_keys(['example_xcom']) retrieved from /opt/anaconda3/envs/af2/lib/python3.8/site-packages/airflow/example_dags/example_xcom.py
[2021-10-21 12:16:34,461] {logging_mixin.py:109} INFO - [2021-10-21 12:16:34,460] {dag.py:2389} INFO - Sync 1 DAGs
[2021-10-21 12:16:34,464] {logging_mixin.py:109} INFO - [2021-10-21 12:16:34,464] {dag.py:2914} INFO - Setting next_dagrun for example_xcom to 2021-01-01T00:00:00+00:00
[2021-10-21 12:16:34,471] {processor.py:171} INFO - Processing /opt/anaconda3/envs/af2/lib/python3.8/site-packages/airflow/example_dags/example_xcom.py took 0.142 seconds
[2021-10-21 12:17:48,828] {processor.py:163} INFO - Started process (PID=23620) to work on /opt/anaconda3/envs/af2/lib/python3.8/site-packages/airflow/example_dags/example_xcom.py
[2021-10-21 12:17:48,830] {processor.py:620} INFO - Processing file /opt/anaconda3/envs/af2/lib/python3.8/site-packages/airflow/example_dags/example_xcom.py for tasks to queue
[2021-10-21 12:17:48,830] {logging_mixin.py:109} INFO - [2021-10-21 12:17:48,830] {dagbag.py:500} INFO - Filling up the DagBag from /opt/anaconda3/envs/af2/lib/python3.8/site-packages/airflow/example_dags/example_xcom.py
[2021-10-21 12:17:48,854] {processor.py:632} INFO - DAG(s) dict_keys(['example_xcom']) retrieved from /opt/anaconda3/envs/af2/lib/python3.8/site-packages/airflow/example_dags/example_xcom.py
[2021-10-21 12:17:48,957] {logging_mixin.py:109} INFO - [2021-10-21 12:17:48,956] {dag.py:2389} INFO - Sync 1 DAGs
[2021-10-21 12:17:48,960] {logging_mixin.py:109} INFO - [2021-10-21 12:17:48,960] {dag.py:2914} INFO - Setting next_dagrun for example_xcom to 2021-01-01T00:00:00+00:00
[2021-10-21 12:17:48,965] {processor.py:171} INFO - Processing /opt/anaconda3/envs/af2/lib/python3.8/site-packages/airflow/example_dags/example_xcom.py took 0.137 seconds
[2021-10-21 12:19:02,905] {processor.py:163} INFO - Started process (PID=23808) to work on /opt/anaconda3/envs/af2/lib/python3.8/site-packages/airflow/example_dags/example_xcom.py
[2021-10-21 12:19:02,906] {processor.py:620} INFO - Processing file /opt/anaconda3/envs/af2/lib/python3.8/site-packages/airflow/example_dags/example_xcom.py for tasks to queue
[2021-10-21 12:19:02,906] {logging_mixin.py:109} INFO - [2021-10-21 12:19:02,906] {dagbag.py:500} INFO - Filling up the DagBag from /opt/anaconda3/envs/af2/lib/python3.8/site-packages/airflow/example_dags/example_xcom.py
[2021-10-21 12:19:02,931] {processor.py:632} INFO - DAG(s) dict_keys(['example_xcom']) retrieved from /opt/anaconda3/envs/af2/lib/python3.8/site-packages/airflow/example_dags/example_xcom.py
[2021-10-21 12:19:03,031] {logging_mixin.py:109} INFO - [2021-10-21 12:19:03,031] {dag.py:2389} INFO - Sync 1 DAGs
[2021-10-21 12:19:03,035] {logging_mixin.py:109} INFO - [2021-10-21 12:19:03,035] {dag.py:2914} INFO - Setting next_dagrun for example_xcom to 2021-01-01T00:00:00+00:00
[2021-10-21 12:19:03,039] {processor.py:171} INFO - Processing /opt/anaconda3/envs/af2/lib/python3.8/site-packages/airflow/example_dags/example_xcom.py took 0.134 seconds
[2021-10-21 12:20:14,398] {processor.py:163} INFO - Started process (PID=23920) to work on /opt/anaconda3/envs/af2/lib/python3.8/site-packages/airflow/example_dags/example_xcom.py
[2021-10-21 12:20:14,398] {processor.py:620} INFO - Processing file /opt/anaconda3/envs/af2/lib/python3.8/site-packages/airflow/example_dags/example_xcom.py for tasks to queue
[2021-10-21 12:20:14,399] {logging_mixin.py:109} INFO - [2021-10-21 12:20:14,399] {dagbag.py:500} INFO - Filling up the DagBag from /opt/anaconda3/envs/af2/lib/python3.8/site-packages/airflow/example_dags/example_xcom.py
[2021-10-21 12:20:14,422] {processor.py:632} INFO - DAG(s) dict_keys(['example_xcom']) retrieved from /opt/anaconda3/envs/af2/lib/python3.8/site-packages/airflow/example_dags/example_xcom.py
[2021-10-21 12:20:14,628] {logging_mixin.py:109} INFO - [2021-10-21 12:20:14,628] {dag.py:2389} INFO - Sync 1 DAGs
[2021-10-21 12:20:14,632] {logging_mixin.py:109} INFO - [2021-10-21 12:20:14,632] {dag.py:2914} INFO - Setting next_dagrun for example_xcom to 2021-01-01T00:00:00+00:00
[2021-10-21 12:20:14,636] {processor.py:171} INFO - Processing /opt/anaconda3/envs/af2/lib/python3.8/site-packages/airflow/example_dags/example_xcom.py took 0.239 seconds
[2021-10-21 12:21:27,599] {processor.py:163} INFO - Started process (PID=24087) to work on /opt/anaconda3/envs/af2/lib/python3.8/site-packages/airflow/example_dags/example_xcom.py
[2021-10-21 12:21:27,600] {processor.py:620} INFO - Processing file /opt/anaconda3/envs/af2/lib/python3.8/site-packages/airflow/example_dags/example_xcom.py for tasks to queue
[2021-10-21 12:21:27,600] {logging_mixin.py:109} INFO - [2021-10-21 12:21:27,600] {dagbag.py:500} INFO - Filling up the DagBag from /opt/anaconda3/envs/af2/lib/python3.8/site-packages/airflow/example_dags/example_xcom.py
[2021-10-21 12:21:27,624] {processor.py:632} INFO - DAG(s) dict_keys(['example_xcom']) retrieved from /opt/anaconda3/envs/af2/lib/python3.8/site-packages/airflow/example_dags/example_xcom.py
[2021-10-21 12:21:27,723] {logging_mixin.py:109} INFO - [2021-10-21 12:21:27,723] {dag.py:2389} INFO - Sync 1 DAGs
[2021-10-21 12:21:27,727] {logging_mixin.py:109} INFO - [2021-10-21 12:21:27,727] {dag.py:2914} INFO - Setting next_dagrun for example_xcom to 2021-01-01T00:00:00+00:00
[2021-10-21 12:21:27,732] {processor.py:171} INFO - Processing /opt/anaconda3/envs/af2/lib/python3.8/site-packages/airflow/example_dags/example_xcom.py took 0.133 seconds
[2021-10-21 12:22:32,215] {processor.py:163} INFO - Started process (PID=24181) to work on /opt/anaconda3/envs/af2/lib/python3.8/site-packages/airflow/example_dags/example_xcom.py
[2021-10-21 12:22:32,216] {processor.py:620} INFO - Processing file /opt/anaconda3/envs/af2/lib/python3.8/site-packages/airflow/example_dags/example_xcom.py for tasks to queue
[2021-10-21 12:22:32,216] {logging_mixin.py:109} INFO - [2021-10-21 12:22:32,216] {dagbag.py:500} INFO - Filling up the DagBag from /opt/anaconda3/envs/af2/lib/python3.8/site-packages/airflow/example_dags/example_xcom.py
[2021-10-21 12:22:32,239] {processor.py:632} INFO - DAG(s) dict_keys(['example_xcom']) retrieved from /opt/anaconda3/envs/af2/lib/python3.8/site-packages/airflow/example_dags/example_xcom.py
[2021-10-21 12:22:32,344] {logging_mixin.py:109} INFO - [2021-10-21 12:22:32,343] {dag.py:2389} INFO - Sync 1 DAGs
[2021-10-21 12:22:32,347] {logging_mixin.py:109} INFO - [2021-10-21 12:22:32,347] {dag.py:2914} INFO - Setting next_dagrun for example_xcom to 2021-01-01T00:00:00+00:00
[2021-10-21 12:22:32,353] {processor.py:171} INFO - Processing /opt/anaconda3/envs/af2/lib/python3.8/site-packages/airflow/example_dags/example_xcom.py took 0.138 seconds
[2021-10-21 12:23:46,193] {processor.py:163} INFO - Started process (PID=24358) to work on /opt/anaconda3/envs/af2/lib/python3.8/site-packages/airflow/example_dags/example_xcom.py
[2021-10-21 12:23:46,194] {processor.py:620} INFO - Processing file /opt/anaconda3/envs/af2/lib/python3.8/site-packages/airflow/example_dags/example_xcom.py for tasks to queue
[2021-10-21 12:23:46,194] {logging_mixin.py:109} INFO - [2021-10-21 12:23:46,194] {dagbag.py:500} INFO - Filling up the DagBag from /opt/anaconda3/envs/af2/lib/python3.8/site-packages/airflow/example_dags/example_xcom.py
[2021-10-21 12:23:46,219] {processor.py:632} INFO - DAG(s) dict_keys(['example_xcom']) retrieved from /opt/anaconda3/envs/af2/lib/python3.8/site-packages/airflow/example_dags/example_xcom.py
[2021-10-21 12:23:46,321] {logging_mixin.py:109} INFO - [2021-10-21 12:23:46,320] {dag.py:2389} INFO - Sync 1 DAGs
[2021-10-21 12:23:46,324] {logging_mixin.py:109} INFO - [2021-10-21 12:23:46,324] {dag.py:2914} INFO - Setting next_dagrun for example_xcom to 2021-01-01T00:00:00+00:00
[2021-10-21 12:23:46,329] {processor.py:171} INFO - Processing /opt/anaconda3/envs/af2/lib/python3.8/site-packages/airflow/example_dags/example_xcom.py took 0.136 seconds
[2021-10-21 12:25:00,729] {processor.py:163} INFO - Started process (PID=24461) to work on /opt/anaconda3/envs/af2/lib/python3.8/site-packages/airflow/example_dags/example_xcom.py
[2021-10-21 12:25:00,730] {processor.py:620} INFO - Processing file /opt/anaconda3/envs/af2/lib/python3.8/site-packages/airflow/example_dags/example_xcom.py for tasks to queue
[2021-10-21 12:25:00,730] {logging_mixin.py:109} INFO - [2021-10-21 12:25:00,730] {dagbag.py:500} INFO - Filling up the DagBag from /opt/anaconda3/envs/af2/lib/python3.8/site-packages/airflow/example_dags/example_xcom.py
[2021-10-21 12:25:00,754] {processor.py:632} INFO - DAG(s) dict_keys(['example_xcom']) retrieved from /opt/anaconda3/envs/af2/lib/python3.8/site-packages/airflow/example_dags/example_xcom.py
[2021-10-21 12:25:00,857] {logging_mixin.py:109} INFO - [2021-10-21 12:25:00,857] {dag.py:2389} INFO - Sync 1 DAGs
[2021-10-21 12:25:00,861] {logging_mixin.py:109} INFO - [2021-10-21 12:25:00,861] {dag.py:2914} INFO - Setting next_dagrun for example_xcom to 2021-01-01T00:00:00+00:00
[2021-10-21 12:25:00,866] {processor.py:171} INFO - Processing /opt/anaconda3/envs/af2/lib/python3.8/site-packages/airflow/example_dags/example_xcom.py took 0.137 seconds
[2021-10-21 12:26:12,338] {processor.py:163} INFO - Started process (PID=24704) to work on /opt/anaconda3/envs/af2/lib/python3.8/site-packages/airflow/example_dags/example_xcom.py
[2021-10-21 12:26:12,339] {processor.py:620} INFO - Processing file /opt/anaconda3/envs/af2/lib/python3.8/site-packages/airflow/example_dags/example_xcom.py for tasks to queue
[2021-10-21 12:26:12,339] {logging_mixin.py:109} INFO - [2021-10-21 12:26:12,339] {dagbag.py:500} INFO - Filling up the DagBag from /opt/anaconda3/envs/af2/lib/python3.8/site-packages/airflow/example_dags/example_xcom.py
[2021-10-21 12:26:12,364] {processor.py:632} INFO - DAG(s) dict_keys(['example_xcom']) retrieved from /opt/anaconda3/envs/af2/lib/python3.8/site-packages/airflow/example_dags/example_xcom.py
[2021-10-21 12:26:12,464] {logging_mixin.py:109} INFO - [2021-10-21 12:26:12,464] {dag.py:2389} INFO - Sync 1 DAGs
[2021-10-21 12:26:12,468] {logging_mixin.py:109} INFO - [2021-10-21 12:26:12,468] {dag.py:2914} INFO - Setting next_dagrun for example_xcom to 2021-01-01T00:00:00+00:00
[2021-10-21 12:26:12,472] {processor.py:171} INFO - Processing /opt/anaconda3/envs/af2/lib/python3.8/site-packages/airflow/example_dags/example_xcom.py took 0.134 seconds
[2021-10-21 12:27:26,475] {processor.py:163} INFO - Started process (PID=24818) to work on /opt/anaconda3/envs/af2/lib/python3.8/site-packages/airflow/example_dags/example_xcom.py
[2021-10-21 12:27:26,476] {processor.py:620} INFO - Processing file /opt/anaconda3/envs/af2/lib/python3.8/site-packages/airflow/example_dags/example_xcom.py for tasks to queue
[2021-10-21 12:27:26,476] {logging_mixin.py:109} INFO - [2021-10-21 12:27:26,476] {dagbag.py:500} INFO - Filling up the DagBag from /opt/anaconda3/envs/af2/lib/python3.8/site-packages/airflow/example_dags/example_xcom.py
[2021-10-21 12:27:26,501] {processor.py:632} INFO - DAG(s) dict_keys(['example_xcom']) retrieved from /opt/anaconda3/envs/af2/lib/python3.8/site-packages/airflow/example_dags/example_xcom.py
[2021-10-21 12:27:26,604] {logging_mixin.py:109} INFO - [2021-10-21 12:27:26,604] {dag.py:2389} INFO - Sync 1 DAGs
[2021-10-21 12:27:26,607] {logging_mixin.py:109} INFO - [2021-10-21 12:27:26,607] {dag.py:2914} INFO - Setting next_dagrun for example_xcom to 2021-01-01T00:00:00+00:00
[2021-10-21 12:27:26,612] {processor.py:171} INFO - Processing /opt/anaconda3/envs/af2/lib/python3.8/site-packages/airflow/example_dags/example_xcom.py took 0.137 seconds
[2021-10-21 12:28:37,913] {processor.py:163} INFO - Started process (PID=24957) to work on /opt/anaconda3/envs/af2/lib/python3.8/site-packages/airflow/example_dags/example_xcom.py
[2021-10-21 12:28:37,914] {processor.py:620} INFO - Processing file /opt/anaconda3/envs/af2/lib/python3.8/site-packages/airflow/example_dags/example_xcom.py for tasks to queue
[2021-10-21 12:28:37,914] {logging_mixin.py:109} INFO - [2021-10-21 12:28:37,914] {dagbag.py:500} INFO - Filling up the DagBag from /opt/anaconda3/envs/af2/lib/python3.8/site-packages/airflow/example_dags/example_xcom.py
[2021-10-21 12:28:37,938] {processor.py:632} INFO - DAG(s) dict_keys(['example_xcom']) retrieved from /opt/anaconda3/envs/af2/lib/python3.8/site-packages/airflow/example_dags/example_xcom.py
[2021-10-21 12:28:38,038] {logging_mixin.py:109} INFO - [2021-10-21 12:28:38,038] {dag.py:2389} INFO - Sync 1 DAGs
[2021-10-21 12:28:38,042] {logging_mixin.py:109} INFO - [2021-10-21 12:28:38,042] {dag.py:2914} INFO - Setting next_dagrun for example_xcom to 2021-01-01T00:00:00+00:00
[2021-10-21 12:28:38,046] {processor.py:171} INFO - Processing /opt/anaconda3/envs/af2/lib/python3.8/site-packages/airflow/example_dags/example_xcom.py took 0.134 seconds
[2021-10-21 12:29:51,967] {processor.py:163} INFO - Started process (PID=25052) to work on /opt/anaconda3/envs/af2/lib/python3.8/site-packages/airflow/example_dags/example_xcom.py
[2021-10-21 12:29:51,967] {processor.py:620} INFO - Processing file /opt/anaconda3/envs/af2/lib/python3.8/site-packages/airflow/example_dags/example_xcom.py for tasks to queue
[2021-10-21 12:29:51,968] {logging_mixin.py:109} INFO - [2021-10-21 12:29:51,968] {dagbag.py:500} INFO - Filling up the DagBag from /opt/anaconda3/envs/af2/lib/python3.8/site-packages/airflow/example_dags/example_xcom.py
[2021-10-21 12:29:51,992] {processor.py:632} INFO - DAG(s) dict_keys(['example_xcom']) retrieved from /opt/anaconda3/envs/af2/lib/python3.8/site-packages/airflow/example_dags/example_xcom.py
[2021-10-21 12:29:52,099] {logging_mixin.py:109} INFO - [2021-10-21 12:29:52,099] {dag.py:2389} INFO - Sync 1 DAGs
[2021-10-21 12:29:52,102] {logging_mixin.py:109} INFO - [2021-10-21 12:29:52,102] {dag.py:2914} INFO - Setting next_dagrun for example_xcom to 2021-01-01T00:00:00+00:00
[2021-10-21 12:29:52,106] {processor.py:171} INFO - Processing /opt/anaconda3/envs/af2/lib/python3.8/site-packages/airflow/example_dags/example_xcom.py took 0.140 seconds
[2021-10-21 12:31:13,948] {processor.py:163} INFO - Started process (PID=25242) to work on /opt/anaconda3/envs/af2/lib/python3.8/site-packages/airflow/example_dags/example_xcom.py
[2021-10-21 12:31:13,949] {processor.py:620} INFO - Processing file /opt/anaconda3/envs/af2/lib/python3.8/site-packages/airflow/example_dags/example_xcom.py for tasks to queue
[2021-10-21 12:31:13,950] {logging_mixin.py:109} INFO - [2021-10-21 12:31:13,950] {dagbag.py:500} INFO - Filling up the DagBag from /opt/anaconda3/envs/af2/lib/python3.8/site-packages/airflow/example_dags/example_xcom.py
[2021-10-21 12:31:13,973] {processor.py:632} INFO - DAG(s) dict_keys(['example_xcom']) retrieved from /opt/anaconda3/envs/af2/lib/python3.8/site-packages/airflow/example_dags/example_xcom.py
[2021-10-21 12:31:14,081] {logging_mixin.py:109} INFO - [2021-10-21 12:31:14,081] {dag.py:2389} INFO - Sync 1 DAGs
[2021-10-21 12:31:14,085] {logging_mixin.py:109} INFO - [2021-10-21 12:31:14,085] {dag.py:2914} INFO - Setting next_dagrun for example_xcom to 2021-01-01T00:00:00+00:00
[2021-10-21 12:31:14,090] {processor.py:171} INFO - Processing /opt/anaconda3/envs/af2/lib/python3.8/site-packages/airflow/example_dags/example_xcom.py took 0.142 seconds
[2021-10-21 12:32:35,889] {processor.py:163} INFO - Started process (PID=25340) to work on /opt/anaconda3/envs/af2/lib/python3.8/site-packages/airflow/example_dags/example_xcom.py
[2021-10-21 12:32:35,889] {processor.py:620} INFO - Processing file /opt/anaconda3/envs/af2/lib/python3.8/site-packages/airflow/example_dags/example_xcom.py for tasks to queue
[2021-10-21 12:32:35,890] {logging_mixin.py:109} INFO - [2021-10-21 12:32:35,890] {dagbag.py:500} INFO - Filling up the DagBag from /opt/anaconda3/envs/af2/lib/python3.8/site-packages/airflow/example_dags/example_xcom.py
[2021-10-21 12:32:35,914] {processor.py:632} INFO - DAG(s) dict_keys(['example_xcom']) retrieved from /opt/anaconda3/envs/af2/lib/python3.8/site-packages/airflow/example_dags/example_xcom.py
[2021-10-21 12:32:36,022] {logging_mixin.py:109} INFO - [2021-10-21 12:32:36,022] {dag.py:2389} INFO - Sync 1 DAGs
[2021-10-21 12:32:36,026] {logging_mixin.py:109} INFO - [2021-10-21 12:32:36,026] {dag.py:2914} INFO - Setting next_dagrun for example_xcom to 2021-01-01T00:00:00+00:00
[2021-10-21 12:32:36,030] {processor.py:171} INFO - Processing /opt/anaconda3/envs/af2/lib/python3.8/site-packages/airflow/example_dags/example_xcom.py took 0.142 seconds
[2021-10-21 12:33:58,660] {processor.py:163} INFO - Started process (PID=25494) to work on /opt/anaconda3/envs/af2/lib/python3.8/site-packages/airflow/example_dags/example_xcom.py
[2021-10-21 12:33:58,662] {processor.py:620} INFO - Processing file /opt/anaconda3/envs/af2/lib/python3.8/site-packages/airflow/example_dags/example_xcom.py for tasks to queue
[2021-10-21 12:33:58,662] {logging_mixin.py:109} INFO - [2021-10-21 12:33:58,662] {dagbag.py:500} INFO - Filling up the DagBag from /opt/anaconda3/envs/af2/lib/python3.8/site-packages/airflow/example_dags/example_xcom.py
[2021-10-21 12:33:58,686] {processor.py:632} INFO - DAG(s) dict_keys(['example_xcom']) retrieved from /opt/anaconda3/envs/af2/lib/python3.8/site-packages/airflow/example_dags/example_xcom.py
[2021-10-21 12:33:58,786] {logging_mixin.py:109} INFO - [2021-10-21 12:33:58,786] {dag.py:2389} INFO - Sync 1 DAGs
[2021-10-21 12:33:58,790] {logging_mixin.py:109} INFO - [2021-10-21 12:33:58,790] {dag.py:2914} INFO - Setting next_dagrun for example_xcom to 2021-01-01T00:00:00+00:00
[2021-10-21 12:33:58,796] {processor.py:171} INFO - Processing /opt/anaconda3/envs/af2/lib/python3.8/site-packages/airflow/example_dags/example_xcom.py took 0.136 seconds
[2021-10-21 12:35:25,188] {processor.py:163} INFO - Started process (PID=25597) to work on /opt/anaconda3/envs/af2/lib/python3.8/site-packages/airflow/example_dags/example_xcom.py
[2021-10-21 12:35:25,189] {processor.py:620} INFO - Processing file /opt/anaconda3/envs/af2/lib/python3.8/site-packages/airflow/example_dags/example_xcom.py for tasks to queue
[2021-10-21 12:35:25,189] {logging_mixin.py:109} INFO - [2021-10-21 12:35:25,189] {dagbag.py:500} INFO - Filling up the DagBag from /opt/anaconda3/envs/af2/lib/python3.8/site-packages/airflow/example_dags/example_xcom.py
[2021-10-21 12:35:25,214] {processor.py:632} INFO - DAG(s) dict_keys(['example_xcom']) retrieved from /opt/anaconda3/envs/af2/lib/python3.8/site-packages/airflow/example_dags/example_xcom.py
[2021-10-21 12:35:25,317] {logging_mixin.py:109} INFO - [2021-10-21 12:35:25,316] {dag.py:2389} INFO - Sync 1 DAGs
[2021-10-21 12:35:25,320] {logging_mixin.py:109} INFO - [2021-10-21 12:35:25,320] {dag.py:2914} INFO - Setting next_dagrun for example_xcom to 2021-01-01T00:00:00+00:00
[2021-10-21 12:35:25,325] {processor.py:171} INFO - Processing /opt/anaconda3/envs/af2/lib/python3.8/site-packages/airflow/example_dags/example_xcom.py took 0.139 seconds
[2021-10-21 12:36:52,352] {processor.py:163} INFO - Started process (PID=25702) to work on /opt/anaconda3/envs/af2/lib/python3.8/site-packages/airflow/example_dags/example_xcom.py
[2021-10-21 12:36:52,352] {processor.py:620} INFO - Processing file /opt/anaconda3/envs/af2/lib/python3.8/site-packages/airflow/example_dags/example_xcom.py for tasks to queue
[2021-10-21 12:36:52,352] {logging_mixin.py:109} INFO - [2021-10-21 12:36:52,352] {dagbag.py:500} INFO - Filling up the DagBag from /opt/anaconda3/envs/af2/lib/python3.8/site-packages/airflow/example_dags/example_xcom.py
[2021-10-21 12:36:52,379] {processor.py:632} INFO - DAG(s) dict_keys(['example_xcom']) retrieved from /opt/anaconda3/envs/af2/lib/python3.8/site-packages/airflow/example_dags/example_xcom.py
[2021-10-21 12:36:52,504] {logging_mixin.py:109} INFO - [2021-10-21 12:36:52,504] {dag.py:2389} INFO - Sync 1 DAGs
[2021-10-21 12:36:52,509] {logging_mixin.py:109} INFO - [2021-10-21 12:36:52,509] {dag.py:2914} INFO - Setting next_dagrun for example_xcom to 2021-01-01T00:00:00+00:00
[2021-10-21 12:36:52,513] {processor.py:171} INFO - Processing /opt/anaconda3/envs/af2/lib/python3.8/site-packages/airflow/example_dags/example_xcom.py took 0.163 seconds
[2021-10-21 12:38:36,450] {processor.py:163} INFO - Started process (PID=25850) to work on /opt/anaconda3/envs/af2/lib/python3.8/site-packages/airflow/example_dags/example_xcom.py
[2021-10-21 12:38:36,451] {processor.py:620} INFO - Processing file /opt/anaconda3/envs/af2/lib/python3.8/site-packages/airflow/example_dags/example_xcom.py for tasks to queue
[2021-10-21 12:38:36,451] {logging_mixin.py:109} INFO - [2021-10-21 12:38:36,451] {dagbag.py:500} INFO - Filling up the DagBag from /opt/anaconda3/envs/af2/lib/python3.8/site-packages/airflow/example_dags/example_xcom.py
[2021-10-21 12:38:36,477] {processor.py:632} INFO - DAG(s) dict_keys(['example_xcom']) retrieved from /opt/anaconda3/envs/af2/lib/python3.8/site-packages/airflow/example_dags/example_xcom.py
[2021-10-21 12:38:36,485] {logging_mixin.py:109} INFO - [2021-10-21 12:38:36,485] {dag.py:2389} INFO - Sync 1 DAGs
[2021-10-21 12:38:36,491] {logging_mixin.py:109} INFO - [2021-10-21 12:38:36,491] {dag.py:2914} INFO - Setting next_dagrun for example_xcom to 2021-01-01T00:00:00+00:00
[2021-10-21 12:38:36,495] {processor.py:171} INFO - Processing /opt/anaconda3/envs/af2/lib/python3.8/site-packages/airflow/example_dags/example_xcom.py took 0.046 seconds
[2021-10-21 12:40:10,501] {processor.py:163} INFO - Started process (PID=25946) to work on /opt/anaconda3/envs/af2/lib/python3.8/site-packages/airflow/example_dags/example_xcom.py
[2021-10-21 12:40:10,502] {processor.py:620} INFO - Processing file /opt/anaconda3/envs/af2/lib/python3.8/site-packages/airflow/example_dags/example_xcom.py for tasks to queue
[2021-10-21 12:40:10,502] {logging_mixin.py:109} INFO - [2021-10-21 12:40:10,502] {dagbag.py:500} INFO - Filling up the DagBag from /opt/anaconda3/envs/af2/lib/python3.8/site-packages/airflow/example_dags/example_xcom.py
[2021-10-21 12:40:10,525] {processor.py:632} INFO - DAG(s) dict_keys(['example_xcom']) retrieved from /opt/anaconda3/envs/af2/lib/python3.8/site-packages/airflow/example_dags/example_xcom.py
[2021-10-21 12:40:10,629] {logging_mixin.py:109} INFO - [2021-10-21 12:40:10,629] {dag.py:2389} INFO - Sync 1 DAGs
[2021-10-21 12:40:10,632] {logging_mixin.py:109} INFO - [2021-10-21 12:40:10,632] {dag.py:2914} INFO - Setting next_dagrun for example_xcom to 2021-01-01T00:00:00+00:00
[2021-10-21 12:40:10,636] {processor.py:171} INFO - Processing /opt/anaconda3/envs/af2/lib/python3.8/site-packages/airflow/example_dags/example_xcom.py took 0.137 seconds
[2021-10-21 12:41:07,825] {processor.py:163} INFO - Started process (PID=26019) to work on /opt/anaconda3/envs/af2/lib/python3.8/site-packages/airflow/example_dags/example_xcom.py
[2021-10-21 12:41:07,826] {processor.py:620} INFO - Processing file /opt/anaconda3/envs/af2/lib/python3.8/site-packages/airflow/example_dags/example_xcom.py for tasks to queue
[2021-10-21 12:41:07,826] {logging_mixin.py:109} INFO - [2021-10-21 12:41:07,826] {dagbag.py:500} INFO - Filling up the DagBag from /opt/anaconda3/envs/af2/lib/python3.8/site-packages/airflow/example_dags/example_xcom.py
[2021-10-21 12:41:07,850] {processor.py:632} INFO - DAG(s) dict_keys(['example_xcom']) retrieved from /opt/anaconda3/envs/af2/lib/python3.8/site-packages/airflow/example_dags/example_xcom.py
[2021-10-21 12:41:07,954] {logging_mixin.py:109} INFO - [2021-10-21 12:41:07,953] {dag.py:2389} INFO - Sync 1 DAGs
[2021-10-21 12:41:07,957] {logging_mixin.py:109} INFO - [2021-10-21 12:41:07,957] {dag.py:2914} INFO - Setting next_dagrun for example_xcom to 2021-01-01T00:00:00+00:00
[2021-10-21 12:41:07,962] {processor.py:171} INFO - Processing /opt/anaconda3/envs/af2/lib/python3.8/site-packages/airflow/example_dags/example_xcom.py took 0.138 seconds
[2021-10-21 12:42:36,059] {processor.py:163} INFO - Started process (PID=26119) to work on /opt/anaconda3/envs/af2/lib/python3.8/site-packages/airflow/example_dags/example_xcom.py
[2021-10-21 12:42:36,059] {processor.py:620} INFO - Processing file /opt/anaconda3/envs/af2/lib/python3.8/site-packages/airflow/example_dags/example_xcom.py for tasks to queue
[2021-10-21 12:42:36,059] {logging_mixin.py:109} INFO - [2021-10-21 12:42:36,059] {dagbag.py:500} INFO - Filling up the DagBag from /opt/anaconda3/envs/af2/lib/python3.8/site-packages/airflow/example_dags/example_xcom.py
[2021-10-21 12:42:36,094] {processor.py:632} INFO - DAG(s) dict_keys(['example_xcom']) retrieved from /opt/anaconda3/envs/af2/lib/python3.8/site-packages/airflow/example_dags/example_xcom.py
[2021-10-21 12:42:36,199] {logging_mixin.py:109} INFO - [2021-10-21 12:42:36,199] {dag.py:2389} INFO - Sync 1 DAGs
[2021-10-21 12:42:36,203] {logging_mixin.py:109} INFO - [2021-10-21 12:42:36,203] {dag.py:2914} INFO - Setting next_dagrun for example_xcom to 2021-01-01T00:00:00+00:00
[2021-10-21 12:42:36,207] {processor.py:171} INFO - Processing /opt/anaconda3/envs/af2/lib/python3.8/site-packages/airflow/example_dags/example_xcom.py took 0.149 seconds
[2021-10-21 12:44:26,397] {processor.py:163} INFO - Started process (PID=26275) to work on /opt/anaconda3/envs/af2/lib/python3.8/site-packages/airflow/example_dags/example_xcom.py
[2021-10-21 12:44:26,398] {processor.py:620} INFO - Processing file /opt/anaconda3/envs/af2/lib/python3.8/site-packages/airflow/example_dags/example_xcom.py for tasks to queue
[2021-10-21 12:44:26,398] {logging_mixin.py:109} INFO - [2021-10-21 12:44:26,398] {dagbag.py:500} INFO - Filling up the DagBag from /opt/anaconda3/envs/af2/lib/python3.8/site-packages/airflow/example_dags/example_xcom.py
[2021-10-21 12:44:26,422] {processor.py:632} INFO - DAG(s) dict_keys(['example_xcom']) retrieved from /opt/anaconda3/envs/af2/lib/python3.8/site-packages/airflow/example_dags/example_xcom.py
[2021-10-21 12:44:26,429] {logging_mixin.py:109} INFO - [2021-10-21 12:44:26,429] {dag.py:2389} INFO - Sync 1 DAGs
[2021-10-21 12:44:26,440] {logging_mixin.py:109} INFO - [2021-10-21 12:44:26,439] {dag.py:2914} INFO - Setting next_dagrun for example_xcom to 2021-01-01T00:00:00+00:00
[2021-10-21 12:44:26,448] {processor.py:171} INFO - Processing /opt/anaconda3/envs/af2/lib/python3.8/site-packages/airflow/example_dags/example_xcom.py took 0.051 seconds
[2021-10-21 12:46:07,872] {processor.py:163} INFO - Started process (PID=26419) to work on /opt/anaconda3/envs/af2/lib/python3.8/site-packages/airflow/example_dags/example_xcom.py
[2021-10-21 12:46:07,873] {processor.py:620} INFO - Processing file /opt/anaconda3/envs/af2/lib/python3.8/site-packages/airflow/example_dags/example_xcom.py for tasks to queue
[2021-10-21 12:46:07,873] {logging_mixin.py:109} INFO - [2021-10-21 12:46:07,873] {dagbag.py:500} INFO - Filling up the DagBag from /opt/anaconda3/envs/af2/lib/python3.8/site-packages/airflow/example_dags/example_xcom.py
[2021-10-21 12:46:07,900] {processor.py:632} INFO - DAG(s) dict_keys(['example_xcom']) retrieved from /opt/anaconda3/envs/af2/lib/python3.8/site-packages/airflow/example_dags/example_xcom.py
[2021-10-21 12:46:08,003] {logging_mixin.py:109} INFO - [2021-10-21 12:46:08,003] {dag.py:2389} INFO - Sync 1 DAGs
[2021-10-21 12:46:08,007] {logging_mixin.py:109} INFO - [2021-10-21 12:46:08,007] {dag.py:2914} INFO - Setting next_dagrun for example_xcom to 2021-01-01T00:00:00+00:00
[2021-10-21 12:46:08,011] {processor.py:171} INFO - Processing /opt/anaconda3/envs/af2/lib/python3.8/site-packages/airflow/example_dags/example_xcom.py took 0.141 seconds
[2021-10-21 12:47:35,012] {processor.py:163} INFO - Started process (PID=26611) to work on /opt/anaconda3/envs/af2/lib/python3.8/site-packages/airflow/example_dags/example_xcom.py
[2021-10-21 12:47:35,013] {processor.py:620} INFO - Processing file /opt/anaconda3/envs/af2/lib/python3.8/site-packages/airflow/example_dags/example_xcom.py for tasks to queue
[2021-10-21 12:47:35,013] {logging_mixin.py:109} INFO - [2021-10-21 12:47:35,013] {dagbag.py:500} INFO - Filling up the DagBag from /opt/anaconda3/envs/af2/lib/python3.8/site-packages/airflow/example_dags/example_xcom.py
[2021-10-21 12:47:35,037] {processor.py:632} INFO - DAG(s) dict_keys(['example_xcom']) retrieved from /opt/anaconda3/envs/af2/lib/python3.8/site-packages/airflow/example_dags/example_xcom.py
[2021-10-21 12:47:35,143] {logging_mixin.py:109} INFO - [2021-10-21 12:47:35,142] {dag.py:2389} INFO - Sync 1 DAGs
[2021-10-21 12:47:35,146] {logging_mixin.py:109} INFO - [2021-10-21 12:47:35,146] {dag.py:2914} INFO - Setting next_dagrun for example_xcom to 2021-01-01T00:00:00+00:00
[2021-10-21 12:47:35,151] {processor.py:171} INFO - Processing /opt/anaconda3/envs/af2/lib/python3.8/site-packages/airflow/example_dags/example_xcom.py took 0.140 seconds
[2021-10-21 12:48:53,615] {processor.py:163} INFO - Started process (PID=26748) to work on /opt/anaconda3/envs/af2/lib/python3.8/site-packages/airflow/example_dags/example_xcom.py
[2021-10-21 12:48:53,616] {processor.py:620} INFO - Processing file /opt/anaconda3/envs/af2/lib/python3.8/site-packages/airflow/example_dags/example_xcom.py for tasks to queue
[2021-10-21 12:48:53,617] {logging_mixin.py:109} INFO - [2021-10-21 12:48:53,617] {dagbag.py:500} INFO - Filling up the DagBag from /opt/anaconda3/envs/af2/lib/python3.8/site-packages/airflow/example_dags/example_xcom.py
[2021-10-21 12:48:53,643] {processor.py:632} INFO - DAG(s) dict_keys(['example_xcom']) retrieved from /opt/anaconda3/envs/af2/lib/python3.8/site-packages/airflow/example_dags/example_xcom.py
[2021-10-21 12:48:53,757] {logging_mixin.py:109} INFO - [2021-10-21 12:48:53,757] {dag.py:2389} INFO - Sync 1 DAGs
[2021-10-21 12:48:53,761] {logging_mixin.py:109} INFO - [2021-10-21 12:48:53,761] {dag.py:2914} INFO - Setting next_dagrun for example_xcom to 2021-01-01T00:00:00+00:00
[2021-10-21 12:48:53,765] {processor.py:171} INFO - Processing /opt/anaconda3/envs/af2/lib/python3.8/site-packages/airflow/example_dags/example_xcom.py took 0.151 seconds
[2021-10-21 12:50:08,327] {processor.py:163} INFO - Started process (PID=26890) to work on /opt/anaconda3/envs/af2/lib/python3.8/site-packages/airflow/example_dags/example_xcom.py
[2021-10-21 12:50:08,328] {processor.py:620} INFO - Processing file /opt/anaconda3/envs/af2/lib/python3.8/site-packages/airflow/example_dags/example_xcom.py for tasks to queue
[2021-10-21 12:50:08,328] {logging_mixin.py:109} INFO - [2021-10-21 12:50:08,328] {dagbag.py:500} INFO - Filling up the DagBag from /opt/anaconda3/envs/af2/lib/python3.8/site-packages/airflow/example_dags/example_xcom.py
[2021-10-21 12:50:08,352] {processor.py:632} INFO - DAG(s) dict_keys(['example_xcom']) retrieved from /opt/anaconda3/envs/af2/lib/python3.8/site-packages/airflow/example_dags/example_xcom.py
[2021-10-21 12:50:08,454] {logging_mixin.py:109} INFO - [2021-10-21 12:50:08,454] {dag.py:2389} INFO - Sync 1 DAGs
[2021-10-21 12:50:08,458] {logging_mixin.py:109} INFO - [2021-10-21 12:50:08,458] {dag.py:2914} INFO - Setting next_dagrun for example_xcom to 2021-01-01T00:00:00+00:00
[2021-10-21 12:50:08,462] {processor.py:171} INFO - Processing /opt/anaconda3/envs/af2/lib/python3.8/site-packages/airflow/example_dags/example_xcom.py took 0.135 seconds
[2021-10-21 12:51:22,324] {processor.py:163} INFO - Started process (PID=26995) to work on /opt/anaconda3/envs/af2/lib/python3.8/site-packages/airflow/example_dags/example_xcom.py
[2021-10-21 12:51:22,324] {processor.py:620} INFO - Processing file /opt/anaconda3/envs/af2/lib/python3.8/site-packages/airflow/example_dags/example_xcom.py for tasks to queue
[2021-10-21 12:51:22,324] {logging_mixin.py:109} INFO - [2021-10-21 12:51:22,324] {dagbag.py:500} INFO - Filling up the DagBag from /opt/anaconda3/envs/af2/lib/python3.8/site-packages/airflow/example_dags/example_xcom.py
[2021-10-21 12:51:22,349] {processor.py:632} INFO - DAG(s) dict_keys(['example_xcom']) retrieved from /opt/anaconda3/envs/af2/lib/python3.8/site-packages/airflow/example_dags/example_xcom.py
[2021-10-21 12:51:22,450] {logging_mixin.py:109} INFO - [2021-10-21 12:51:22,450] {dag.py:2389} INFO - Sync 1 DAGs
[2021-10-21 12:51:22,454] {logging_mixin.py:109} INFO - [2021-10-21 12:51:22,454] {dag.py:2914} INFO - Setting next_dagrun for example_xcom to 2021-01-01T00:00:00+00:00
[2021-10-21 12:51:22,458] {processor.py:171} INFO - Processing /opt/anaconda3/envs/af2/lib/python3.8/site-packages/airflow/example_dags/example_xcom.py took 0.135 seconds
[2021-10-21 12:52:24,728] {processor.py:163} INFO - Started process (PID=27073) to work on /opt/anaconda3/envs/af2/lib/python3.8/site-packages/airflow/example_dags/example_xcom.py
[2021-10-21 12:52:24,729] {processor.py:620} INFO - Processing file /opt/anaconda3/envs/af2/lib/python3.8/site-packages/airflow/example_dags/example_xcom.py for tasks to queue
[2021-10-21 12:52:24,729] {logging_mixin.py:109} INFO - [2021-10-21 12:52:24,729] {dagbag.py:500} INFO - Filling up the DagBag from /opt/anaconda3/envs/af2/lib/python3.8/site-packages/airflow/example_dags/example_xcom.py
[2021-10-21 12:52:24,753] {processor.py:632} INFO - DAG(s) dict_keys(['example_xcom']) retrieved from /opt/anaconda3/envs/af2/lib/python3.8/site-packages/airflow/example_dags/example_xcom.py
[2021-10-21 12:52:24,857] {logging_mixin.py:109} INFO - [2021-10-21 12:52:24,857] {dag.py:2389} INFO - Sync 1 DAGs
[2021-10-21 12:52:24,861] {logging_mixin.py:109} INFO - [2021-10-21 12:52:24,861] {dag.py:2914} INFO - Setting next_dagrun for example_xcom to 2021-01-01T00:00:00+00:00
[2021-10-21 12:52:24,865] {processor.py:171} INFO - Processing /opt/anaconda3/envs/af2/lib/python3.8/site-packages/airflow/example_dags/example_xcom.py took 0.138 seconds
[2021-10-21 12:53:37,822] {processor.py:163} INFO - Started process (PID=27166) to work on /opt/anaconda3/envs/af2/lib/python3.8/site-packages/airflow/example_dags/example_xcom.py
[2021-10-21 12:53:37,823] {processor.py:620} INFO - Processing file /opt/anaconda3/envs/af2/lib/python3.8/site-packages/airflow/example_dags/example_xcom.py for tasks to queue
[2021-10-21 12:53:37,823] {logging_mixin.py:109} INFO - [2021-10-21 12:53:37,823] {dagbag.py:500} INFO - Filling up the DagBag from /opt/anaconda3/envs/af2/lib/python3.8/site-packages/airflow/example_dags/example_xcom.py
[2021-10-21 12:53:37,848] {processor.py:632} INFO - DAG(s) dict_keys(['example_xcom']) retrieved from /opt/anaconda3/envs/af2/lib/python3.8/site-packages/airflow/example_dags/example_xcom.py
[2021-10-21 12:53:37,956] {logging_mixin.py:109} INFO - [2021-10-21 12:53:37,956] {dag.py:2389} INFO - Sync 1 DAGs
[2021-10-21 12:53:37,960] {logging_mixin.py:109} INFO - [2021-10-21 12:53:37,960] {dag.py:2914} INFO - Setting next_dagrun for example_xcom to 2021-01-01T00:00:00+00:00
[2021-10-21 12:53:37,964] {processor.py:171} INFO - Processing /opt/anaconda3/envs/af2/lib/python3.8/site-packages/airflow/example_dags/example_xcom.py took 0.143 seconds
[2021-10-21 12:55:06,195] {processor.py:163} INFO - Started process (PID=27267) to work on /opt/anaconda3/envs/af2/lib/python3.8/site-packages/airflow/example_dags/example_xcom.py
[2021-10-21 12:55:06,196] {processor.py:620} INFO - Processing file /opt/anaconda3/envs/af2/lib/python3.8/site-packages/airflow/example_dags/example_xcom.py for tasks to queue
[2021-10-21 12:55:06,196] {logging_mixin.py:109} INFO - [2021-10-21 12:55:06,196] {dagbag.py:500} INFO - Filling up the DagBag from /opt/anaconda3/envs/af2/lib/python3.8/site-packages/airflow/example_dags/example_xcom.py
[2021-10-21 12:55:06,222] {processor.py:632} INFO - DAG(s) dict_keys(['example_xcom']) retrieved from /opt/anaconda3/envs/af2/lib/python3.8/site-packages/airflow/example_dags/example_xcom.py
[2021-10-21 12:55:06,323] {logging_mixin.py:109} INFO - [2021-10-21 12:55:06,323] {dag.py:2389} INFO - Sync 1 DAGs
[2021-10-21 12:55:06,327] {logging_mixin.py:109} INFO - [2021-10-21 12:55:06,327] {dag.py:2914} INFO - Setting next_dagrun for example_xcom to 2021-01-01T00:00:00+00:00
[2021-10-21 12:55:06,331] {processor.py:171} INFO - Processing /opt/anaconda3/envs/af2/lib/python3.8/site-packages/airflow/example_dags/example_xcom.py took 0.136 seconds
[2021-10-21 12:56:32,170] {processor.py:163} INFO - Started process (PID=27364) to work on /opt/anaconda3/envs/af2/lib/python3.8/site-packages/airflow/example_dags/example_xcom.py
[2021-10-21 12:56:32,170] {processor.py:620} INFO - Processing file /opt/anaconda3/envs/af2/lib/python3.8/site-packages/airflow/example_dags/example_xcom.py for tasks to queue
[2021-10-21 12:56:32,171] {logging_mixin.py:109} INFO - [2021-10-21 12:56:32,170] {dagbag.py:500} INFO - Filling up the DagBag from /opt/anaconda3/envs/af2/lib/python3.8/site-packages/airflow/example_dags/example_xcom.py
[2021-10-21 12:56:32,194] {processor.py:632} INFO - DAG(s) dict_keys(['example_xcom']) retrieved from /opt/anaconda3/envs/af2/lib/python3.8/site-packages/airflow/example_dags/example_xcom.py
[2021-10-21 12:56:32,293] {logging_mixin.py:109} INFO - [2021-10-21 12:56:32,293] {dag.py:2389} INFO - Sync 1 DAGs
[2021-10-21 12:56:32,297] {logging_mixin.py:109} INFO - [2021-10-21 12:56:32,297] {dag.py:2914} INFO - Setting next_dagrun for example_xcom to 2021-01-01T00:00:00+00:00
[2021-10-21 12:56:32,301] {processor.py:171} INFO - Processing /opt/anaconda3/envs/af2/lib/python3.8/site-packages/airflow/example_dags/example_xcom.py took 0.132 seconds
[2021-10-21 12:58:04,670] {processor.py:163} INFO - Started process (PID=27486) to work on /opt/anaconda3/envs/af2/lib/python3.8/site-packages/airflow/example_dags/example_xcom.py
[2021-10-21 12:58:04,670] {processor.py:620} INFO - Processing file /opt/anaconda3/envs/af2/lib/python3.8/site-packages/airflow/example_dags/example_xcom.py for tasks to queue
[2021-10-21 12:58:04,670] {logging_mixin.py:109} INFO - [2021-10-21 12:58:04,670] {dagbag.py:500} INFO - Filling up the DagBag from /opt/anaconda3/envs/af2/lib/python3.8/site-packages/airflow/example_dags/example_xcom.py
[2021-10-21 12:58:04,695] {processor.py:632} INFO - DAG(s) dict_keys(['example_xcom']) retrieved from /opt/anaconda3/envs/af2/lib/python3.8/site-packages/airflow/example_dags/example_xcom.py
[2021-10-21 12:58:04,796] {logging_mixin.py:109} INFO - [2021-10-21 12:58:04,796] {dag.py:2389} INFO - Sync 1 DAGs
[2021-10-21 12:58:04,800] {logging_mixin.py:109} INFO - [2021-10-21 12:58:04,800] {dag.py:2914} INFO - Setting next_dagrun for example_xcom to 2021-01-01T00:00:00+00:00
[2021-10-21 12:58:04,804] {processor.py:171} INFO - Processing /opt/anaconda3/envs/af2/lib/python3.8/site-packages/airflow/example_dags/example_xcom.py took 0.135 seconds
[2021-10-21 12:59:33,728] {processor.py:163} INFO - Started process (PID=27594) to work on /opt/anaconda3/envs/af2/lib/python3.8/site-packages/airflow/example_dags/example_xcom.py
[2021-10-21 12:59:33,729] {processor.py:620} INFO - Processing file /opt/anaconda3/envs/af2/lib/python3.8/site-packages/airflow/example_dags/example_xcom.py for tasks to queue
[2021-10-21 12:59:33,729] {logging_mixin.py:109} INFO - [2021-10-21 12:59:33,729] {dagbag.py:500} INFO - Filling up the DagBag from /opt/anaconda3/envs/af2/lib/python3.8/site-packages/airflow/example_dags/example_xcom.py
[2021-10-21 12:59:33,753] {processor.py:632} INFO - DAG(s) dict_keys(['example_xcom']) retrieved from /opt/anaconda3/envs/af2/lib/python3.8/site-packages/airflow/example_dags/example_xcom.py
[2021-10-21 12:59:33,852] {logging_mixin.py:109} INFO - [2021-10-21 12:59:33,852] {dag.py:2389} INFO - Sync 1 DAGs
[2021-10-21 12:59:33,856] {logging_mixin.py:109} INFO - [2021-10-21 12:59:33,856] {dag.py:2914} INFO - Setting next_dagrun for example_xcom to 2021-01-01T00:00:00+00:00
[2021-10-21 12:59:33,860] {processor.py:171} INFO - Processing /opt/anaconda3/envs/af2/lib/python3.8/site-packages/airflow/example_dags/example_xcom.py took 0.133 seconds
[2021-10-21 13:01:06,837] {processor.py:163} INFO - Started process (PID=27691) to work on /opt/anaconda3/envs/af2/lib/python3.8/site-packages/airflow/example_dags/example_xcom.py
[2021-10-21 13:01:06,838] {processor.py:620} INFO - Processing file /opt/anaconda3/envs/af2/lib/python3.8/site-packages/airflow/example_dags/example_xcom.py for tasks to queue
[2021-10-21 13:01:06,838] {logging_mixin.py:109} INFO - [2021-10-21 13:01:06,838] {dagbag.py:500} INFO - Filling up the DagBag from /opt/anaconda3/envs/af2/lib/python3.8/site-packages/airflow/example_dags/example_xcom.py
[2021-10-21 13:01:06,863] {processor.py:632} INFO - DAG(s) dict_keys(['example_xcom']) retrieved from /opt/anaconda3/envs/af2/lib/python3.8/site-packages/airflow/example_dags/example_xcom.py
[2021-10-21 13:01:06,973] {logging_mixin.py:109} INFO - [2021-10-21 13:01:06,973] {dag.py:2389} INFO - Sync 1 DAGs
[2021-10-21 13:01:06,977] {logging_mixin.py:109} INFO - [2021-10-21 13:01:06,977] {dag.py:2914} INFO - Setting next_dagrun for example_xcom to 2021-01-01T00:00:00+00:00
[2021-10-21 13:01:06,982] {processor.py:171} INFO - Processing /opt/anaconda3/envs/af2/lib/python3.8/site-packages/airflow/example_dags/example_xcom.py took 0.145 seconds
[2021-10-21 13:02:37,146] {processor.py:163} INFO - Started process (PID=27824) to work on /opt/anaconda3/envs/af2/lib/python3.8/site-packages/airflow/example_dags/example_xcom.py
[2021-10-21 13:02:37,147] {processor.py:620} INFO - Processing file /opt/anaconda3/envs/af2/lib/python3.8/site-packages/airflow/example_dags/example_xcom.py for tasks to queue
[2021-10-21 13:02:37,147] {logging_mixin.py:109} INFO - [2021-10-21 13:02:37,147] {dagbag.py:500} INFO - Filling up the DagBag from /opt/anaconda3/envs/af2/lib/python3.8/site-packages/airflow/example_dags/example_xcom.py
[2021-10-21 13:02:37,171] {processor.py:632} INFO - DAG(s) dict_keys(['example_xcom']) retrieved from /opt/anaconda3/envs/af2/lib/python3.8/site-packages/airflow/example_dags/example_xcom.py
[2021-10-21 13:02:37,272] {logging_mixin.py:109} INFO - [2021-10-21 13:02:37,272] {dag.py:2389} INFO - Sync 1 DAGs
[2021-10-21 13:02:37,275] {logging_mixin.py:109} INFO - [2021-10-21 13:02:37,275] {dag.py:2914} INFO - Setting next_dagrun for example_xcom to 2021-01-01T00:00:00+00:00
[2021-10-21 13:02:37,280] {processor.py:171} INFO - Processing /opt/anaconda3/envs/af2/lib/python3.8/site-packages/airflow/example_dags/example_xcom.py took 0.135 seconds
[2021-10-21 13:04:05,667] {processor.py:163} INFO - Started process (PID=27922) to work on /opt/anaconda3/envs/af2/lib/python3.8/site-packages/airflow/example_dags/example_xcom.py
[2021-10-21 13:04:05,668] {processor.py:620} INFO - Processing file /opt/anaconda3/envs/af2/lib/python3.8/site-packages/airflow/example_dags/example_xcom.py for tasks to queue
[2021-10-21 13:04:05,668] {logging_mixin.py:109} INFO - [2021-10-21 13:04:05,668] {dagbag.py:500} INFO - Filling up the DagBag from /opt/anaconda3/envs/af2/lib/python3.8/site-packages/airflow/example_dags/example_xcom.py
[2021-10-21 13:04:05,692] {processor.py:632} INFO - DAG(s) dict_keys(['example_xcom']) retrieved from /opt/anaconda3/envs/af2/lib/python3.8/site-packages/airflow/example_dags/example_xcom.py
[2021-10-21 13:04:05,792] {logging_mixin.py:109} INFO - [2021-10-21 13:04:05,792] {dag.py:2389} INFO - Sync 1 DAGs
[2021-10-21 13:04:05,796] {logging_mixin.py:109} INFO - [2021-10-21 13:04:05,795] {dag.py:2914} INFO - Setting next_dagrun for example_xcom to 2021-01-01T00:00:00+00:00
[2021-10-21 13:04:05,799] {processor.py:171} INFO - Processing /opt/anaconda3/envs/af2/lib/python3.8/site-packages/airflow/example_dags/example_xcom.py took 0.134 seconds
[2021-10-21 13:05:37,059] {processor.py:163} INFO - Started process (PID=28028) to work on /opt/anaconda3/envs/af2/lib/python3.8/site-packages/airflow/example_dags/example_xcom.py
[2021-10-21 13:05:37,060] {processor.py:620} INFO - Processing file /opt/anaconda3/envs/af2/lib/python3.8/site-packages/airflow/example_dags/example_xcom.py for tasks to queue
[2021-10-21 13:05:37,060] {logging_mixin.py:109} INFO - [2021-10-21 13:05:37,060] {dagbag.py:500} INFO - Filling up the DagBag from /opt/anaconda3/envs/af2/lib/python3.8/site-packages/airflow/example_dags/example_xcom.py
[2021-10-21 13:05:37,083] {processor.py:632} INFO - DAG(s) dict_keys(['example_xcom']) retrieved from /opt/anaconda3/envs/af2/lib/python3.8/site-packages/airflow/example_dags/example_xcom.py
[2021-10-21 13:05:37,190] {logging_mixin.py:109} INFO - [2021-10-21 13:05:37,190] {dag.py:2389} INFO - Sync 1 DAGs
[2021-10-21 13:05:37,194] {logging_mixin.py:109} INFO - [2021-10-21 13:05:37,194] {dag.py:2914} INFO - Setting next_dagrun for example_xcom to 2021-01-01T00:00:00+00:00
[2021-10-21 13:05:37,199] {processor.py:171} INFO - Processing /opt/anaconda3/envs/af2/lib/python3.8/site-packages/airflow/example_dags/example_xcom.py took 0.141 seconds
[2021-10-21 13:07:06,878] {processor.py:163} INFO - Started process (PID=28192) to work on /opt/anaconda3/envs/af2/lib/python3.8/site-packages/airflow/example_dags/example_xcom.py
[2021-10-21 13:07:06,879] {processor.py:620} INFO - Processing file /opt/anaconda3/envs/af2/lib/python3.8/site-packages/airflow/example_dags/example_xcom.py for tasks to queue
[2021-10-21 13:07:06,879] {logging_mixin.py:109} INFO - [2021-10-21 13:07:06,879] {dagbag.py:500} INFO - Filling up the DagBag from /opt/anaconda3/envs/af2/lib/python3.8/site-packages/airflow/example_dags/example_xcom.py
[2021-10-21 13:07:06,906] {processor.py:632} INFO - DAG(s) dict_keys(['example_xcom']) retrieved from /opt/anaconda3/envs/af2/lib/python3.8/site-packages/airflow/example_dags/example_xcom.py
[2021-10-21 13:07:07,007] {logging_mixin.py:109} INFO - [2021-10-21 13:07:07,007] {dag.py:2389} INFO - Sync 1 DAGs
[2021-10-21 13:07:07,012] {logging_mixin.py:109} INFO - [2021-10-21 13:07:07,012] {dag.py:2914} INFO - Setting next_dagrun for example_xcom to 2021-01-01T00:00:00+00:00
[2021-10-21 13:07:07,016] {processor.py:171} INFO - Processing /opt/anaconda3/envs/af2/lib/python3.8/site-packages/airflow/example_dags/example_xcom.py took 0.139 seconds
[2021-10-21 13:08:35,954] {processor.py:163} INFO - Started process (PID=28313) to work on /opt/anaconda3/envs/af2/lib/python3.8/site-packages/airflow/example_dags/example_xcom.py
[2021-10-21 13:08:35,954] {processor.py:620} INFO - Processing file /opt/anaconda3/envs/af2/lib/python3.8/site-packages/airflow/example_dags/example_xcom.py for tasks to queue
[2021-10-21 13:08:35,954] {logging_mixin.py:109} INFO - [2021-10-21 13:08:35,954] {dagbag.py:500} INFO - Filling up the DagBag from /opt/anaconda3/envs/af2/lib/python3.8/site-packages/airflow/example_dags/example_xcom.py
[2021-10-21 13:08:35,978] {processor.py:632} INFO - DAG(s) dict_keys(['example_xcom']) retrieved from /opt/anaconda3/envs/af2/lib/python3.8/site-packages/airflow/example_dags/example_xcom.py
[2021-10-21 13:08:36,081] {logging_mixin.py:109} INFO - [2021-10-21 13:08:36,080] {dag.py:2389} INFO - Sync 1 DAGs
[2021-10-21 13:08:36,086] {logging_mixin.py:109} INFO - [2021-10-21 13:08:36,086] {dag.py:2914} INFO - Setting next_dagrun for example_xcom to 2021-01-01T00:00:00+00:00
[2021-10-21 13:08:36,097] {processor.py:171} INFO - Processing /opt/anaconda3/envs/af2/lib/python3.8/site-packages/airflow/example_dags/example_xcom.py took 0.144 seconds
