[2021-10-21 12:02:21,115] {processor.py:163} INFO - Started process (PID=22410) to work on /opt/anaconda3/envs/af2/lib/python3.8/site-packages/airflow/example_dags/example_kubernetes_executor_config.py
[2021-10-21 12:02:21,115] {processor.py:620} INFO - Processing file /opt/anaconda3/envs/af2/lib/python3.8/site-packages/airflow/example_dags/example_kubernetes_executor_config.py for tasks to queue
[2021-10-21 12:02:21,116] {logging_mixin.py:109} INFO - [2021-10-21 12:02:21,116] {dagbag.py:500} INFO - Filling up the DagBag from /opt/anaconda3/envs/af2/lib/python3.8/site-packages/airflow/example_dags/example_kubernetes_executor_config.py
[2021-10-21 12:02:21,127] {logging_mixin.py:109} INFO - [2021-10-21 12:02:21,127] {example_kubernetes_executor_config.py:171} WARNING - Could not import DAGs in example_kubernetes_executor_config.py: No module named 'kubernetes'
[2021-10-21 12:02:21,127] {logging_mixin.py:109} INFO - [2021-10-21 12:02:21,127] {example_kubernetes_executor_config.py:172} WARNING - Install kubernetes dependencies with: pip install apache-airflow['cncf.kubernetes']
[2021-10-21 12:02:21,138] {processor.py:634} WARNING - No viable dags retrieved from /opt/anaconda3/envs/af2/lib/python3.8/site-packages/airflow/example_dags/example_kubernetes_executor_config.py
[2021-10-21 12:02:21,139] {processor.py:171} INFO - Processing /opt/anaconda3/envs/af2/lib/python3.8/site-packages/airflow/example_dags/example_kubernetes_executor_config.py took 0.024 seconds
[2021-10-21 12:03:53,504] {processor.py:163} INFO - Started process (PID=22569) to work on /opt/anaconda3/envs/af2/lib/python3.8/site-packages/airflow/example_dags/example_kubernetes_executor_config.py
[2021-10-21 12:03:53,505] {processor.py:620} INFO - Processing file /opt/anaconda3/envs/af2/lib/python3.8/site-packages/airflow/example_dags/example_kubernetes_executor_config.py for tasks to queue
[2021-10-21 12:03:53,505] {logging_mixin.py:109} INFO - [2021-10-21 12:03:53,505] {dagbag.py:500} INFO - Filling up the DagBag from /opt/anaconda3/envs/af2/lib/python3.8/site-packages/airflow/example_dags/example_kubernetes_executor_config.py
[2021-10-21 12:03:53,516] {logging_mixin.py:109} INFO - [2021-10-21 12:03:53,516] {example_kubernetes_executor_config.py:171} WARNING - Could not import DAGs in example_kubernetes_executor_config.py: No module named 'kubernetes'
[2021-10-21 12:03:53,516] {logging_mixin.py:109} INFO - [2021-10-21 12:03:53,516] {example_kubernetes_executor_config.py:172} WARNING - Install kubernetes dependencies with: pip install apache-airflow['cncf.kubernetes']
[2021-10-21 12:03:53,527] {processor.py:634} WARNING - No viable dags retrieved from /opt/anaconda3/envs/af2/lib/python3.8/site-packages/airflow/example_dags/example_kubernetes_executor_config.py
[2021-10-21 12:03:53,528] {processor.py:171} INFO - Processing /opt/anaconda3/envs/af2/lib/python3.8/site-packages/airflow/example_dags/example_kubernetes_executor_config.py took 0.024 seconds
[2021-10-21 12:12:08,839] {processor.py:163} INFO - Started process (PID=23108) to work on /opt/anaconda3/envs/af2/lib/python3.8/site-packages/airflow/example_dags/example_kubernetes_executor_config.py
[2021-10-21 12:12:08,839] {processor.py:620} INFO - Processing file /opt/anaconda3/envs/af2/lib/python3.8/site-packages/airflow/example_dags/example_kubernetes_executor_config.py for tasks to queue
[2021-10-21 12:12:08,840] {logging_mixin.py:109} INFO - [2021-10-21 12:12:08,839] {dagbag.py:500} INFO - Filling up the DagBag from /opt/anaconda3/envs/af2/lib/python3.8/site-packages/airflow/example_dags/example_kubernetes_executor_config.py
[2021-10-21 12:12:08,850] {logging_mixin.py:109} INFO - [2021-10-21 12:12:08,850] {example_kubernetes_executor_config.py:171} WARNING - Could not import DAGs in example_kubernetes_executor_config.py: No module named 'kubernetes'
[2021-10-21 12:12:08,850] {logging_mixin.py:109} INFO - [2021-10-21 12:12:08,850] {example_kubernetes_executor_config.py:172} WARNING - Install kubernetes dependencies with: pip install apache-airflow['cncf.kubernetes']
[2021-10-21 12:12:08,861] {processor.py:634} WARNING - No viable dags retrieved from /opt/anaconda3/envs/af2/lib/python3.8/site-packages/airflow/example_dags/example_kubernetes_executor_config.py
[2021-10-21 12:12:08,862] {processor.py:171} INFO - Processing /opt/anaconda3/envs/af2/lib/python3.8/site-packages/airflow/example_dags/example_kubernetes_executor_config.py took 0.024 seconds
[2021-10-21 12:13:25,099] {processor.py:163} INFO - Started process (PID=23232) to work on /opt/anaconda3/envs/af2/lib/python3.8/site-packages/airflow/example_dags/example_kubernetes_executor_config.py
[2021-10-21 12:13:25,099] {processor.py:620} INFO - Processing file /opt/anaconda3/envs/af2/lib/python3.8/site-packages/airflow/example_dags/example_kubernetes_executor_config.py for tasks to queue
[2021-10-21 12:13:25,100] {logging_mixin.py:109} INFO - [2021-10-21 12:13:25,100] {dagbag.py:500} INFO - Filling up the DagBag from /opt/anaconda3/envs/af2/lib/python3.8/site-packages/airflow/example_dags/example_kubernetes_executor_config.py
[2021-10-21 12:13:25,112] {logging_mixin.py:109} INFO - [2021-10-21 12:13:25,112] {example_kubernetes_executor_config.py:171} WARNING - Could not import DAGs in example_kubernetes_executor_config.py: No module named 'kubernetes'
[2021-10-21 12:13:25,112] {logging_mixin.py:109} INFO - [2021-10-21 12:13:25,112] {example_kubernetes_executor_config.py:172} WARNING - Install kubernetes dependencies with: pip install apache-airflow['cncf.kubernetes']
[2021-10-21 12:13:25,125] {processor.py:634} WARNING - No viable dags retrieved from /opt/anaconda3/envs/af2/lib/python3.8/site-packages/airflow/example_dags/example_kubernetes_executor_config.py
[2021-10-21 12:13:25,126] {processor.py:171} INFO - Processing /opt/anaconda3/envs/af2/lib/python3.8/site-packages/airflow/example_dags/example_kubernetes_executor_config.py took 0.027 seconds
[2021-10-21 12:14:40,112] {processor.py:163} INFO - Started process (PID=23328) to work on /opt/anaconda3/envs/af2/lib/python3.8/site-packages/airflow/example_dags/example_kubernetes_executor_config.py
[2021-10-21 12:14:40,113] {processor.py:620} INFO - Processing file /opt/anaconda3/envs/af2/lib/python3.8/site-packages/airflow/example_dags/example_kubernetes_executor_config.py for tasks to queue
[2021-10-21 12:14:40,113] {logging_mixin.py:109} INFO - [2021-10-21 12:14:40,113] {dagbag.py:500} INFO - Filling up the DagBag from /opt/anaconda3/envs/af2/lib/python3.8/site-packages/airflow/example_dags/example_kubernetes_executor_config.py
[2021-10-21 12:14:40,124] {logging_mixin.py:109} INFO - [2021-10-21 12:14:40,124] {example_kubernetes_executor_config.py:171} WARNING - Could not import DAGs in example_kubernetes_executor_config.py: No module named 'kubernetes'
[2021-10-21 12:14:40,124] {logging_mixin.py:109} INFO - [2021-10-21 12:14:40,124] {example_kubernetes_executor_config.py:172} WARNING - Install kubernetes dependencies with: pip install apache-airflow['cncf.kubernetes']
[2021-10-21 12:14:40,135] {processor.py:634} WARNING - No viable dags retrieved from /opt/anaconda3/envs/af2/lib/python3.8/site-packages/airflow/example_dags/example_kubernetes_executor_config.py
[2021-10-21 12:14:40,136] {processor.py:171} INFO - Processing /opt/anaconda3/envs/af2/lib/python3.8/site-packages/airflow/example_dags/example_kubernetes_executor_config.py took 0.024 seconds
[2021-10-21 12:15:57,440] {processor.py:163} INFO - Started process (PID=23453) to work on /opt/anaconda3/envs/af2/lib/python3.8/site-packages/airflow/example_dags/example_kubernetes_executor_config.py
[2021-10-21 12:15:57,441] {processor.py:620} INFO - Processing file /opt/anaconda3/envs/af2/lib/python3.8/site-packages/airflow/example_dags/example_kubernetes_executor_config.py for tasks to queue
[2021-10-21 12:15:57,441] {logging_mixin.py:109} INFO - [2021-10-21 12:15:57,441] {dagbag.py:500} INFO - Filling up the DagBag from /opt/anaconda3/envs/af2/lib/python3.8/site-packages/airflow/example_dags/example_kubernetes_executor_config.py
[2021-10-21 12:15:57,451] {logging_mixin.py:109} INFO - [2021-10-21 12:15:57,451] {example_kubernetes_executor_config.py:171} WARNING - Could not import DAGs in example_kubernetes_executor_config.py: No module named 'kubernetes'
[2021-10-21 12:15:57,451] {logging_mixin.py:109} INFO - [2021-10-21 12:15:57,451] {example_kubernetes_executor_config.py:172} WARNING - Install kubernetes dependencies with: pip install apache-airflow['cncf.kubernetes']
[2021-10-21 12:15:57,462] {processor.py:634} WARNING - No viable dags retrieved from /opt/anaconda3/envs/af2/lib/python3.8/site-packages/airflow/example_dags/example_kubernetes_executor_config.py
[2021-10-21 12:15:57,463] {processor.py:171} INFO - Processing /opt/anaconda3/envs/af2/lib/python3.8/site-packages/airflow/example_dags/example_kubernetes_executor_config.py took 0.024 seconds
[2021-10-21 12:17:11,535] {processor.py:163} INFO - Started process (PID=23574) to work on /opt/anaconda3/envs/af2/lib/python3.8/site-packages/airflow/example_dags/example_kubernetes_executor_config.py
[2021-10-21 12:17:11,535] {processor.py:620} INFO - Processing file /opt/anaconda3/envs/af2/lib/python3.8/site-packages/airflow/example_dags/example_kubernetes_executor_config.py for tasks to queue
[2021-10-21 12:17:11,536] {logging_mixin.py:109} INFO - [2021-10-21 12:17:11,536] {dagbag.py:500} INFO - Filling up the DagBag from /opt/anaconda3/envs/af2/lib/python3.8/site-packages/airflow/example_dags/example_kubernetes_executor_config.py
[2021-10-21 12:17:11,546] {logging_mixin.py:109} INFO - [2021-10-21 12:17:11,546] {example_kubernetes_executor_config.py:171} WARNING - Could not import DAGs in example_kubernetes_executor_config.py: No module named 'kubernetes'
[2021-10-21 12:17:11,546] {logging_mixin.py:109} INFO - [2021-10-21 12:17:11,546] {example_kubernetes_executor_config.py:172} WARNING - Install kubernetes dependencies with: pip install apache-airflow['cncf.kubernetes']
[2021-10-21 12:17:11,557] {processor.py:634} WARNING - No viable dags retrieved from /opt/anaconda3/envs/af2/lib/python3.8/site-packages/airflow/example_dags/example_kubernetes_executor_config.py
[2021-10-21 12:17:11,558] {processor.py:171} INFO - Processing /opt/anaconda3/envs/af2/lib/python3.8/site-packages/airflow/example_dags/example_kubernetes_executor_config.py took 0.023 seconds
[2021-10-21 12:18:25,900] {processor.py:163} INFO - Started process (PID=23694) to work on /opt/anaconda3/envs/af2/lib/python3.8/site-packages/airflow/example_dags/example_kubernetes_executor_config.py
[2021-10-21 12:18:25,901] {processor.py:620} INFO - Processing file /opt/anaconda3/envs/af2/lib/python3.8/site-packages/airflow/example_dags/example_kubernetes_executor_config.py for tasks to queue
[2021-10-21 12:18:25,901] {logging_mixin.py:109} INFO - [2021-10-21 12:18:25,901] {dagbag.py:500} INFO - Filling up the DagBag from /opt/anaconda3/envs/af2/lib/python3.8/site-packages/airflow/example_dags/example_kubernetes_executor_config.py
[2021-10-21 12:18:25,912] {logging_mixin.py:109} INFO - [2021-10-21 12:18:25,912] {example_kubernetes_executor_config.py:171} WARNING - Could not import DAGs in example_kubernetes_executor_config.py: No module named 'kubernetes'
[2021-10-21 12:18:25,912] {logging_mixin.py:109} INFO - [2021-10-21 12:18:25,912] {example_kubernetes_executor_config.py:172} WARNING - Install kubernetes dependencies with: pip install apache-airflow['cncf.kubernetes']
[2021-10-21 12:18:25,924] {processor.py:634} WARNING - No viable dags retrieved from /opt/anaconda3/envs/af2/lib/python3.8/site-packages/airflow/example_dags/example_kubernetes_executor_config.py
[2021-10-21 12:18:25,924] {processor.py:171} INFO - Processing /opt/anaconda3/envs/af2/lib/python3.8/site-packages/airflow/example_dags/example_kubernetes_executor_config.py took 0.025 seconds
[2021-10-21 12:19:39,634] {processor.py:163} INFO - Started process (PID=23859) to work on /opt/anaconda3/envs/af2/lib/python3.8/site-packages/airflow/example_dags/example_kubernetes_executor_config.py
[2021-10-21 12:19:39,635] {processor.py:620} INFO - Processing file /opt/anaconda3/envs/af2/lib/python3.8/site-packages/airflow/example_dags/example_kubernetes_executor_config.py for tasks to queue
[2021-10-21 12:19:39,635] {logging_mixin.py:109} INFO - [2021-10-21 12:19:39,635] {dagbag.py:500} INFO - Filling up the DagBag from /opt/anaconda3/envs/af2/lib/python3.8/site-packages/airflow/example_dags/example_kubernetes_executor_config.py
[2021-10-21 12:19:39,645] {logging_mixin.py:109} INFO - [2021-10-21 12:19:39,645] {example_kubernetes_executor_config.py:171} WARNING - Could not import DAGs in example_kubernetes_executor_config.py: No module named 'kubernetes'
[2021-10-21 12:19:39,645] {logging_mixin.py:109} INFO - [2021-10-21 12:19:39,645] {example_kubernetes_executor_config.py:172} WARNING - Install kubernetes dependencies with: pip install apache-airflow['cncf.kubernetes']
[2021-10-21 12:19:39,657] {processor.py:634} WARNING - No viable dags retrieved from /opt/anaconda3/envs/af2/lib/python3.8/site-packages/airflow/example_dags/example_kubernetes_executor_config.py
[2021-10-21 12:19:39,658] {processor.py:171} INFO - Processing /opt/anaconda3/envs/af2/lib/python3.8/site-packages/airflow/example_dags/example_kubernetes_executor_config.py took 0.024 seconds
[2021-10-21 12:20:51,384] {processor.py:163} INFO - Started process (PID=24021) to work on /opt/anaconda3/envs/af2/lib/python3.8/site-packages/airflow/example_dags/example_kubernetes_executor_config.py
[2021-10-21 12:20:51,385] {processor.py:620} INFO - Processing file /opt/anaconda3/envs/af2/lib/python3.8/site-packages/airflow/example_dags/example_kubernetes_executor_config.py for tasks to queue
[2021-10-21 12:20:51,385] {logging_mixin.py:109} INFO - [2021-10-21 12:20:51,385] {dagbag.py:500} INFO - Filling up the DagBag from /opt/anaconda3/envs/af2/lib/python3.8/site-packages/airflow/example_dags/example_kubernetes_executor_config.py
[2021-10-21 12:20:51,396] {logging_mixin.py:109} INFO - [2021-10-21 12:20:51,396] {example_kubernetes_executor_config.py:171} WARNING - Could not import DAGs in example_kubernetes_executor_config.py: No module named 'kubernetes'
[2021-10-21 12:20:51,396] {logging_mixin.py:109} INFO - [2021-10-21 12:20:51,396] {example_kubernetes_executor_config.py:172} WARNING - Install kubernetes dependencies with: pip install apache-airflow['cncf.kubernetes']
[2021-10-21 12:20:51,408] {processor.py:634} WARNING - No viable dags retrieved from /opt/anaconda3/envs/af2/lib/python3.8/site-packages/airflow/example_dags/example_kubernetes_executor_config.py
[2021-10-21 12:20:51,409] {processor.py:171} INFO - Processing /opt/anaconda3/envs/af2/lib/python3.8/site-packages/airflow/example_dags/example_kubernetes_executor_config.py took 0.024 seconds
[2021-10-21 12:21:57,113] {processor.py:163} INFO - Started process (PID=24135) to work on /opt/anaconda3/envs/af2/lib/python3.8/site-packages/airflow/example_dags/example_kubernetes_executor_config.py
[2021-10-21 12:21:57,113] {processor.py:620} INFO - Processing file /opt/anaconda3/envs/af2/lib/python3.8/site-packages/airflow/example_dags/example_kubernetes_executor_config.py for tasks to queue
[2021-10-21 12:21:57,113] {logging_mixin.py:109} INFO - [2021-10-21 12:21:57,113] {dagbag.py:500} INFO - Filling up the DagBag from /opt/anaconda3/envs/af2/lib/python3.8/site-packages/airflow/example_dags/example_kubernetes_executor_config.py
[2021-10-21 12:21:57,123] {logging_mixin.py:109} INFO - [2021-10-21 12:21:57,123] {example_kubernetes_executor_config.py:171} WARNING - Could not import DAGs in example_kubernetes_executor_config.py: No module named 'kubernetes'
[2021-10-21 12:21:57,123] {logging_mixin.py:109} INFO - [2021-10-21 12:21:57,123] {example_kubernetes_executor_config.py:172} WARNING - Install kubernetes dependencies with: pip install apache-airflow['cncf.kubernetes']
[2021-10-21 12:21:57,134] {processor.py:634} WARNING - No viable dags retrieved from /opt/anaconda3/envs/af2/lib/python3.8/site-packages/airflow/example_dags/example_kubernetes_executor_config.py
[2021-10-21 12:21:57,135] {processor.py:171} INFO - Processing /opt/anaconda3/envs/af2/lib/python3.8/site-packages/airflow/example_dags/example_kubernetes_executor_config.py took 0.023 seconds
[2021-10-21 12:23:09,166] {processor.py:163} INFO - Started process (PID=24250) to work on /opt/anaconda3/envs/af2/lib/python3.8/site-packages/airflow/example_dags/example_kubernetes_executor_config.py
[2021-10-21 12:23:09,167] {processor.py:620} INFO - Processing file /opt/anaconda3/envs/af2/lib/python3.8/site-packages/airflow/example_dags/example_kubernetes_executor_config.py for tasks to queue
[2021-10-21 12:23:09,167] {logging_mixin.py:109} INFO - [2021-10-21 12:23:09,167] {dagbag.py:500} INFO - Filling up the DagBag from /opt/anaconda3/envs/af2/lib/python3.8/site-packages/airflow/example_dags/example_kubernetes_executor_config.py
[2021-10-21 12:23:09,177] {logging_mixin.py:109} INFO - [2021-10-21 12:23:09,177] {example_kubernetes_executor_config.py:171} WARNING - Could not import DAGs in example_kubernetes_executor_config.py: No module named 'kubernetes'
[2021-10-21 12:23:09,177] {logging_mixin.py:109} INFO - [2021-10-21 12:23:09,177] {example_kubernetes_executor_config.py:172} WARNING - Install kubernetes dependencies with: pip install apache-airflow['cncf.kubernetes']
[2021-10-21 12:23:09,188] {processor.py:634} WARNING - No viable dags retrieved from /opt/anaconda3/envs/af2/lib/python3.8/site-packages/airflow/example_dags/example_kubernetes_executor_config.py
[2021-10-21 12:23:09,189] {processor.py:171} INFO - Processing /opt/anaconda3/envs/af2/lib/python3.8/site-packages/airflow/example_dags/example_kubernetes_executor_config.py took 0.023 seconds
[2021-10-21 12:24:23,508] {processor.py:163} INFO - Started process (PID=24403) to work on /opt/anaconda3/envs/af2/lib/python3.8/site-packages/airflow/example_dags/example_kubernetes_executor_config.py
[2021-10-21 12:24:23,509] {processor.py:620} INFO - Processing file /opt/anaconda3/envs/af2/lib/python3.8/site-packages/airflow/example_dags/example_kubernetes_executor_config.py for tasks to queue
[2021-10-21 12:24:23,509] {logging_mixin.py:109} INFO - [2021-10-21 12:24:23,509] {dagbag.py:500} INFO - Filling up the DagBag from /opt/anaconda3/envs/af2/lib/python3.8/site-packages/airflow/example_dags/example_kubernetes_executor_config.py
[2021-10-21 12:24:23,520] {logging_mixin.py:109} INFO - [2021-10-21 12:24:23,520] {example_kubernetes_executor_config.py:171} WARNING - Could not import DAGs in example_kubernetes_executor_config.py: No module named 'kubernetes'
[2021-10-21 12:24:23,520] {logging_mixin.py:109} INFO - [2021-10-21 12:24:23,520] {example_kubernetes_executor_config.py:172} WARNING - Install kubernetes dependencies with: pip install apache-airflow['cncf.kubernetes']
[2021-10-21 12:24:23,531] {processor.py:634} WARNING - No viable dags retrieved from /opt/anaconda3/envs/af2/lib/python3.8/site-packages/airflow/example_dags/example_kubernetes_executor_config.py
[2021-10-21 12:24:23,532] {processor.py:171} INFO - Processing /opt/anaconda3/envs/af2/lib/python3.8/site-packages/airflow/example_dags/example_kubernetes_executor_config.py took 0.025 seconds
[2021-10-21 12:25:35,344] {processor.py:163} INFO - Started process (PID=24516) to work on /opt/anaconda3/envs/af2/lib/python3.8/site-packages/airflow/example_dags/example_kubernetes_executor_config.py
[2021-10-21 12:25:35,345] {processor.py:620} INFO - Processing file /opt/anaconda3/envs/af2/lib/python3.8/site-packages/airflow/example_dags/example_kubernetes_executor_config.py for tasks to queue
[2021-10-21 12:25:35,345] {logging_mixin.py:109} INFO - [2021-10-21 12:25:35,345] {dagbag.py:500} INFO - Filling up the DagBag from /opt/anaconda3/envs/af2/lib/python3.8/site-packages/airflow/example_dags/example_kubernetes_executor_config.py
[2021-10-21 12:25:35,359] {logging_mixin.py:109} INFO - [2021-10-21 12:25:35,359] {example_kubernetes_executor_config.py:171} WARNING - Could not import DAGs in example_kubernetes_executor_config.py: No module named 'kubernetes'
[2021-10-21 12:25:35,360] {logging_mixin.py:109} INFO - [2021-10-21 12:25:35,360] {example_kubernetes_executor_config.py:172} WARNING - Install kubernetes dependencies with: pip install apache-airflow['cncf.kubernetes']
[2021-10-21 12:25:35,372] {processor.py:634} WARNING - No viable dags retrieved from /opt/anaconda3/envs/af2/lib/python3.8/site-packages/airflow/example_dags/example_kubernetes_executor_config.py
[2021-10-21 12:25:35,373] {processor.py:171} INFO - Processing /opt/anaconda3/envs/af2/lib/python3.8/site-packages/airflow/example_dags/example_kubernetes_executor_config.py took 0.029 seconds
[2021-10-21 12:26:49,335] {processor.py:163} INFO - Started process (PID=24755) to work on /opt/anaconda3/envs/af2/lib/python3.8/site-packages/airflow/example_dags/example_kubernetes_executor_config.py
[2021-10-21 12:26:49,336] {processor.py:620} INFO - Processing file /opt/anaconda3/envs/af2/lib/python3.8/site-packages/airflow/example_dags/example_kubernetes_executor_config.py for tasks to queue
[2021-10-21 12:26:49,336] {logging_mixin.py:109} INFO - [2021-10-21 12:26:49,336] {dagbag.py:500} INFO - Filling up the DagBag from /opt/anaconda3/envs/af2/lib/python3.8/site-packages/airflow/example_dags/example_kubernetes_executor_config.py
[2021-10-21 12:26:49,347] {logging_mixin.py:109} INFO - [2021-10-21 12:26:49,347] {example_kubernetes_executor_config.py:171} WARNING - Could not import DAGs in example_kubernetes_executor_config.py: No module named 'kubernetes'
[2021-10-21 12:26:49,347] {logging_mixin.py:109} INFO - [2021-10-21 12:26:49,347] {example_kubernetes_executor_config.py:172} WARNING - Install kubernetes dependencies with: pip install apache-airflow['cncf.kubernetes']
[2021-10-21 12:26:49,358] {processor.py:634} WARNING - No viable dags retrieved from /opt/anaconda3/envs/af2/lib/python3.8/site-packages/airflow/example_dags/example_kubernetes_executor_config.py
[2021-10-21 12:26:49,359] {processor.py:171} INFO - Processing /opt/anaconda3/envs/af2/lib/python3.8/site-packages/airflow/example_dags/example_kubernetes_executor_config.py took 0.025 seconds
[2021-10-21 12:28:03,071] {processor.py:163} INFO - Started process (PID=24902) to work on /opt/anaconda3/envs/af2/lib/python3.8/site-packages/airflow/example_dags/example_kubernetes_executor_config.py
[2021-10-21 12:28:03,071] {processor.py:620} INFO - Processing file /opt/anaconda3/envs/af2/lib/python3.8/site-packages/airflow/example_dags/example_kubernetes_executor_config.py for tasks to queue
[2021-10-21 12:28:03,071] {logging_mixin.py:109} INFO - [2021-10-21 12:28:03,071] {dagbag.py:500} INFO - Filling up the DagBag from /opt/anaconda3/envs/af2/lib/python3.8/site-packages/airflow/example_dags/example_kubernetes_executor_config.py
[2021-10-21 12:28:03,082] {logging_mixin.py:109} INFO - [2021-10-21 12:28:03,082] {example_kubernetes_executor_config.py:171} WARNING - Could not import DAGs in example_kubernetes_executor_config.py: No module named 'kubernetes'
[2021-10-21 12:28:03,082] {logging_mixin.py:109} INFO - [2021-10-21 12:28:03,082] {example_kubernetes_executor_config.py:172} WARNING - Install kubernetes dependencies with: pip install apache-airflow['cncf.kubernetes']
[2021-10-21 12:28:03,093] {processor.py:634} WARNING - No viable dags retrieved from /opt/anaconda3/envs/af2/lib/python3.8/site-packages/airflow/example_dags/example_kubernetes_executor_config.py
[2021-10-21 12:28:03,093] {processor.py:171} INFO - Processing /opt/anaconda3/envs/af2/lib/python3.8/site-packages/airflow/example_dags/example_kubernetes_executor_config.py took 0.023 seconds
[2021-10-21 12:29:14,865] {processor.py:163} INFO - Started process (PID=25010) to work on /opt/anaconda3/envs/af2/lib/python3.8/site-packages/airflow/example_dags/example_kubernetes_executor_config.py
[2021-10-21 12:29:14,866] {processor.py:620} INFO - Processing file /opt/anaconda3/envs/af2/lib/python3.8/site-packages/airflow/example_dags/example_kubernetes_executor_config.py for tasks to queue
[2021-10-21 12:29:14,866] {logging_mixin.py:109} INFO - [2021-10-21 12:29:14,866] {dagbag.py:500} INFO - Filling up the DagBag from /opt/anaconda3/envs/af2/lib/python3.8/site-packages/airflow/example_dags/example_kubernetes_executor_config.py
[2021-10-21 12:29:14,877] {logging_mixin.py:109} INFO - [2021-10-21 12:29:14,877] {example_kubernetes_executor_config.py:171} WARNING - Could not import DAGs in example_kubernetes_executor_config.py: No module named 'kubernetes'
[2021-10-21 12:29:14,877] {logging_mixin.py:109} INFO - [2021-10-21 12:29:14,877] {example_kubernetes_executor_config.py:172} WARNING - Install kubernetes dependencies with: pip install apache-airflow['cncf.kubernetes']
[2021-10-21 12:29:14,888] {processor.py:634} WARNING - No viable dags retrieved from /opt/anaconda3/envs/af2/lib/python3.8/site-packages/airflow/example_dags/example_kubernetes_executor_config.py
[2021-10-21 12:29:14,888] {processor.py:171} INFO - Processing /opt/anaconda3/envs/af2/lib/python3.8/site-packages/airflow/example_dags/example_kubernetes_executor_config.py took 0.024 seconds
[2021-10-21 12:30:32,821] {processor.py:163} INFO - Started process (PID=25167) to work on /opt/anaconda3/envs/af2/lib/python3.8/site-packages/airflow/example_dags/example_kubernetes_executor_config.py
[2021-10-21 12:30:32,821] {processor.py:620} INFO - Processing file /opt/anaconda3/envs/af2/lib/python3.8/site-packages/airflow/example_dags/example_kubernetes_executor_config.py for tasks to queue
[2021-10-21 12:30:32,822] {logging_mixin.py:109} INFO - [2021-10-21 12:30:32,822] {dagbag.py:500} INFO - Filling up the DagBag from /opt/anaconda3/envs/af2/lib/python3.8/site-packages/airflow/example_dags/example_kubernetes_executor_config.py
[2021-10-21 12:30:32,832] {logging_mixin.py:109} INFO - [2021-10-21 12:30:32,832] {example_kubernetes_executor_config.py:171} WARNING - Could not import DAGs in example_kubernetes_executor_config.py: No module named 'kubernetes'
[2021-10-21 12:30:32,832] {logging_mixin.py:109} INFO - [2021-10-21 12:30:32,832] {example_kubernetes_executor_config.py:172} WARNING - Install kubernetes dependencies with: pip install apache-airflow['cncf.kubernetes']
[2021-10-21 12:30:32,843] {processor.py:634} WARNING - No viable dags retrieved from /opt/anaconda3/envs/af2/lib/python3.8/site-packages/airflow/example_dags/example_kubernetes_executor_config.py
[2021-10-21 12:30:32,844] {processor.py:171} INFO - Processing /opt/anaconda3/envs/af2/lib/python3.8/site-packages/airflow/example_dags/example_kubernetes_executor_config.py took 0.023 seconds
[2021-10-21 12:31:54,084] {processor.py:163} INFO - Started process (PID=25298) to work on /opt/anaconda3/envs/af2/lib/python3.8/site-packages/airflow/example_dags/example_kubernetes_executor_config.py
[2021-10-21 12:31:54,084] {processor.py:620} INFO - Processing file /opt/anaconda3/envs/af2/lib/python3.8/site-packages/airflow/example_dags/example_kubernetes_executor_config.py for tasks to queue
[2021-10-21 12:31:54,084] {logging_mixin.py:109} INFO - [2021-10-21 12:31:54,084] {dagbag.py:500} INFO - Filling up the DagBag from /opt/anaconda3/envs/af2/lib/python3.8/site-packages/airflow/example_dags/example_kubernetes_executor_config.py
[2021-10-21 12:31:54,095] {logging_mixin.py:109} INFO - [2021-10-21 12:31:54,095] {example_kubernetes_executor_config.py:171} WARNING - Could not import DAGs in example_kubernetes_executor_config.py: No module named 'kubernetes'
[2021-10-21 12:31:54,095] {logging_mixin.py:109} INFO - [2021-10-21 12:31:54,095] {example_kubernetes_executor_config.py:172} WARNING - Install kubernetes dependencies with: pip install apache-airflow['cncf.kubernetes']
[2021-10-21 12:31:54,106] {processor.py:634} WARNING - No viable dags retrieved from /opt/anaconda3/envs/af2/lib/python3.8/site-packages/airflow/example_dags/example_kubernetes_executor_config.py
[2021-10-21 12:31:54,107] {processor.py:171} INFO - Processing /opt/anaconda3/envs/af2/lib/python3.8/site-packages/airflow/example_dags/example_kubernetes_executor_config.py took 0.024 seconds
[2021-10-21 12:33:17,065] {processor.py:163} INFO - Started process (PID=25411) to work on /opt/anaconda3/envs/af2/lib/python3.8/site-packages/airflow/example_dags/example_kubernetes_executor_config.py
[2021-10-21 12:33:17,066] {processor.py:620} INFO - Processing file /opt/anaconda3/envs/af2/lib/python3.8/site-packages/airflow/example_dags/example_kubernetes_executor_config.py for tasks to queue
[2021-10-21 12:33:17,066] {logging_mixin.py:109} INFO - [2021-10-21 12:33:17,066] {dagbag.py:500} INFO - Filling up the DagBag from /opt/anaconda3/envs/af2/lib/python3.8/site-packages/airflow/example_dags/example_kubernetes_executor_config.py
[2021-10-21 12:33:17,076] {logging_mixin.py:109} INFO - [2021-10-21 12:33:17,076] {example_kubernetes_executor_config.py:171} WARNING - Could not import DAGs in example_kubernetes_executor_config.py: No module named 'kubernetes'
[2021-10-21 12:33:17,076] {logging_mixin.py:109} INFO - [2021-10-21 12:33:17,076] {example_kubernetes_executor_config.py:172} WARNING - Install kubernetes dependencies with: pip install apache-airflow['cncf.kubernetes']
[2021-10-21 12:33:17,087] {processor.py:634} WARNING - No viable dags retrieved from /opt/anaconda3/envs/af2/lib/python3.8/site-packages/airflow/example_dags/example_kubernetes_executor_config.py
[2021-10-21 12:33:17,087] {processor.py:171} INFO - Processing /opt/anaconda3/envs/af2/lib/python3.8/site-packages/airflow/example_dags/example_kubernetes_executor_config.py took 0.023 seconds
[2021-10-21 12:34:40,386] {processor.py:163} INFO - Started process (PID=25548) to work on /opt/anaconda3/envs/af2/lib/python3.8/site-packages/airflow/example_dags/example_kubernetes_executor_config.py
[2021-10-21 12:34:40,387] {processor.py:620} INFO - Processing file /opt/anaconda3/envs/af2/lib/python3.8/site-packages/airflow/example_dags/example_kubernetes_executor_config.py for tasks to queue
[2021-10-21 12:34:40,387] {logging_mixin.py:109} INFO - [2021-10-21 12:34:40,387] {dagbag.py:500} INFO - Filling up the DagBag from /opt/anaconda3/envs/af2/lib/python3.8/site-packages/airflow/example_dags/example_kubernetes_executor_config.py
[2021-10-21 12:34:40,396] {logging_mixin.py:109} INFO - [2021-10-21 12:34:40,396] {example_kubernetes_executor_config.py:171} WARNING - Could not import DAGs in example_kubernetes_executor_config.py: No module named 'kubernetes'
[2021-10-21 12:34:40,397] {logging_mixin.py:109} INFO - [2021-10-21 12:34:40,397] {example_kubernetes_executor_config.py:172} WARNING - Install kubernetes dependencies with: pip install apache-airflow['cncf.kubernetes']
[2021-10-21 12:34:40,407] {processor.py:634} WARNING - No viable dags retrieved from /opt/anaconda3/envs/af2/lib/python3.8/site-packages/airflow/example_dags/example_kubernetes_executor_config.py
[2021-10-21 12:34:40,408] {processor.py:171} INFO - Processing /opt/anaconda3/envs/af2/lib/python3.8/site-packages/airflow/example_dags/example_kubernetes_executor_config.py took 0.023 seconds
[2021-10-21 12:36:10,595] {processor.py:163} INFO - Started process (PID=25640) to work on /opt/anaconda3/envs/af2/lib/python3.8/site-packages/airflow/example_dags/example_kubernetes_executor_config.py
[2021-10-21 12:36:10,596] {processor.py:620} INFO - Processing file /opt/anaconda3/envs/af2/lib/python3.8/site-packages/airflow/example_dags/example_kubernetes_executor_config.py for tasks to queue
[2021-10-21 12:36:10,596] {logging_mixin.py:109} INFO - [2021-10-21 12:36:10,596] {dagbag.py:500} INFO - Filling up the DagBag from /opt/anaconda3/envs/af2/lib/python3.8/site-packages/airflow/example_dags/example_kubernetes_executor_config.py
[2021-10-21 12:36:10,609] {logging_mixin.py:109} INFO - [2021-10-21 12:36:10,609] {example_kubernetes_executor_config.py:171} WARNING - Could not import DAGs in example_kubernetes_executor_config.py: No module named 'kubernetes'
[2021-10-21 12:36:10,609] {logging_mixin.py:109} INFO - [2021-10-21 12:36:10,609] {example_kubernetes_executor_config.py:172} WARNING - Install kubernetes dependencies with: pip install apache-airflow['cncf.kubernetes']
[2021-10-21 12:36:10,621] {processor.py:634} WARNING - No viable dags retrieved from /opt/anaconda3/envs/af2/lib/python3.8/site-packages/airflow/example_dags/example_kubernetes_executor_config.py
[2021-10-21 12:36:10,622] {processor.py:171} INFO - Processing /opt/anaconda3/envs/af2/lib/python3.8/site-packages/airflow/example_dags/example_kubernetes_executor_config.py took 0.028 seconds
[2021-10-21 12:37:34,846] {processor.py:163} INFO - Started process (PID=25746) to work on /opt/anaconda3/envs/af2/lib/python3.8/site-packages/airflow/example_dags/example_kubernetes_executor_config.py
[2021-10-21 12:37:34,847] {processor.py:620} INFO - Processing file /opt/anaconda3/envs/af2/lib/python3.8/site-packages/airflow/example_dags/example_kubernetes_executor_config.py for tasks to queue
[2021-10-21 12:37:34,847] {logging_mixin.py:109} INFO - [2021-10-21 12:37:34,847] {dagbag.py:500} INFO - Filling up the DagBag from /opt/anaconda3/envs/af2/lib/python3.8/site-packages/airflow/example_dags/example_kubernetes_executor_config.py
[2021-10-21 12:37:34,858] {logging_mixin.py:109} INFO - [2021-10-21 12:37:34,858] {example_kubernetes_executor_config.py:171} WARNING - Could not import DAGs in example_kubernetes_executor_config.py: No module named 'kubernetes'
[2021-10-21 12:37:34,858] {logging_mixin.py:109} INFO - [2021-10-21 12:37:34,858] {example_kubernetes_executor_config.py:172} WARNING - Install kubernetes dependencies with: pip install apache-airflow['cncf.kubernetes']
[2021-10-21 12:37:34,869] {processor.py:634} WARNING - No viable dags retrieved from /opt/anaconda3/envs/af2/lib/python3.8/site-packages/airflow/example_dags/example_kubernetes_executor_config.py
[2021-10-21 12:37:34,870] {processor.py:171} INFO - Processing /opt/anaconda3/envs/af2/lib/python3.8/site-packages/airflow/example_dags/example_kubernetes_executor_config.py took 0.024 seconds
[2021-10-21 12:39:04,049] {processor.py:163} INFO - Started process (PID=25888) to work on /opt/anaconda3/envs/af2/lib/python3.8/site-packages/airflow/example_dags/example_kubernetes_executor_config.py
[2021-10-21 12:39:04,049] {processor.py:620} INFO - Processing file /opt/anaconda3/envs/af2/lib/python3.8/site-packages/airflow/example_dags/example_kubernetes_executor_config.py for tasks to queue
[2021-10-21 12:39:04,050] {logging_mixin.py:109} INFO - [2021-10-21 12:39:04,050] {dagbag.py:500} INFO - Filling up the DagBag from /opt/anaconda3/envs/af2/lib/python3.8/site-packages/airflow/example_dags/example_kubernetes_executor_config.py
[2021-10-21 12:39:04,060] {logging_mixin.py:109} INFO - [2021-10-21 12:39:04,060] {example_kubernetes_executor_config.py:171} WARNING - Could not import DAGs in example_kubernetes_executor_config.py: No module named 'kubernetes'
[2021-10-21 12:39:04,060] {logging_mixin.py:109} INFO - [2021-10-21 12:39:04,060] {example_kubernetes_executor_config.py:172} WARNING - Install kubernetes dependencies with: pip install apache-airflow['cncf.kubernetes']
[2021-10-21 12:39:04,071] {processor.py:634} WARNING - No viable dags retrieved from /opt/anaconda3/envs/af2/lib/python3.8/site-packages/airflow/example_dags/example_kubernetes_executor_config.py
[2021-10-21 12:39:04,071] {processor.py:171} INFO - Processing /opt/anaconda3/envs/af2/lib/python3.8/site-packages/airflow/example_dags/example_kubernetes_executor_config.py took 0.024 seconds
[2021-10-21 12:40:37,972] {processor.py:163} INFO - Started process (PID=25986) to work on /opt/anaconda3/envs/af2/lib/python3.8/site-packages/airflow/example_dags/example_kubernetes_executor_config.py
[2021-10-21 12:40:37,973] {processor.py:620} INFO - Processing file /opt/anaconda3/envs/af2/lib/python3.8/site-packages/airflow/example_dags/example_kubernetes_executor_config.py for tasks to queue
[2021-10-21 12:40:37,973] {logging_mixin.py:109} INFO - [2021-10-21 12:40:37,973] {dagbag.py:500} INFO - Filling up the DagBag from /opt/anaconda3/envs/af2/lib/python3.8/site-packages/airflow/example_dags/example_kubernetes_executor_config.py
[2021-10-21 12:40:37,983] {logging_mixin.py:109} INFO - [2021-10-21 12:40:37,983] {example_kubernetes_executor_config.py:171} WARNING - Could not import DAGs in example_kubernetes_executor_config.py: No module named 'kubernetes'
[2021-10-21 12:40:37,983] {logging_mixin.py:109} INFO - [2021-10-21 12:40:37,983] {example_kubernetes_executor_config.py:172} WARNING - Install kubernetes dependencies with: pip install apache-airflow['cncf.kubernetes']
[2021-10-21 12:40:37,995] {processor.py:634} WARNING - No viable dags retrieved from /opt/anaconda3/envs/af2/lib/python3.8/site-packages/airflow/example_dags/example_kubernetes_executor_config.py
[2021-10-21 12:40:37,996] {processor.py:171} INFO - Processing /opt/anaconda3/envs/af2/lib/python3.8/site-packages/airflow/example_dags/example_kubernetes_executor_config.py took 0.025 seconds
[2021-10-21 12:42:04,137] {processor.py:163} INFO - Started process (PID=26077) to work on /opt/anaconda3/envs/af2/lib/python3.8/site-packages/airflow/example_dags/example_kubernetes_executor_config.py
[2021-10-21 12:42:04,137] {processor.py:620} INFO - Processing file /opt/anaconda3/envs/af2/lib/python3.8/site-packages/airflow/example_dags/example_kubernetes_executor_config.py for tasks to queue
[2021-10-21 12:42:04,137] {logging_mixin.py:109} INFO - [2021-10-21 12:42:04,137] {dagbag.py:500} INFO - Filling up the DagBag from /opt/anaconda3/envs/af2/lib/python3.8/site-packages/airflow/example_dags/example_kubernetes_executor_config.py
[2021-10-21 12:42:04,148] {logging_mixin.py:109} INFO - [2021-10-21 12:42:04,148] {example_kubernetes_executor_config.py:171} WARNING - Could not import DAGs in example_kubernetes_executor_config.py: No module named 'kubernetes'
[2021-10-21 12:42:04,148] {logging_mixin.py:109} INFO - [2021-10-21 12:42:04,148] {example_kubernetes_executor_config.py:172} WARNING - Install kubernetes dependencies with: pip install apache-airflow['cncf.kubernetes']
[2021-10-21 12:42:04,159] {processor.py:634} WARNING - No viable dags retrieved from /opt/anaconda3/envs/af2/lib/python3.8/site-packages/airflow/example_dags/example_kubernetes_executor_config.py
[2021-10-21 12:42:04,160] {processor.py:171} INFO - Processing /opt/anaconda3/envs/af2/lib/python3.8/site-packages/airflow/example_dags/example_kubernetes_executor_config.py took 0.024 seconds
[2021-10-21 12:43:28,995] {processor.py:163} INFO - Started process (PID=26178) to work on /opt/anaconda3/envs/af2/lib/python3.8/site-packages/airflow/example_dags/example_kubernetes_executor_config.py
[2021-10-21 12:43:28,996] {processor.py:620} INFO - Processing file /opt/anaconda3/envs/af2/lib/python3.8/site-packages/airflow/example_dags/example_kubernetes_executor_config.py for tasks to queue
[2021-10-21 12:43:28,996] {logging_mixin.py:109} INFO - [2021-10-21 12:43:28,996] {dagbag.py:500} INFO - Filling up the DagBag from /opt/anaconda3/envs/af2/lib/python3.8/site-packages/airflow/example_dags/example_kubernetes_executor_config.py
[2021-10-21 12:43:29,006] {logging_mixin.py:109} INFO - [2021-10-21 12:43:29,006] {example_kubernetes_executor_config.py:171} WARNING - Could not import DAGs in example_kubernetes_executor_config.py: No module named 'kubernetes'
[2021-10-21 12:43:29,006] {logging_mixin.py:109} INFO - [2021-10-21 12:43:29,006] {example_kubernetes_executor_config.py:172} WARNING - Install kubernetes dependencies with: pip install apache-airflow['cncf.kubernetes']
[2021-10-21 12:43:29,018] {processor.py:634} WARNING - No viable dags retrieved from /opt/anaconda3/envs/af2/lib/python3.8/site-packages/airflow/example_dags/example_kubernetes_executor_config.py
[2021-10-21 12:43:29,019] {processor.py:171} INFO - Processing /opt/anaconda3/envs/af2/lib/python3.8/site-packages/airflow/example_dags/example_kubernetes_executor_config.py took 0.025 seconds
[2021-10-21 12:45:20,950] {processor.py:163} INFO - Started process (PID=26326) to work on /opt/anaconda3/envs/af2/lib/python3.8/site-packages/airflow/example_dags/example_kubernetes_executor_config.py
[2021-10-21 12:45:20,951] {processor.py:620} INFO - Processing file /opt/anaconda3/envs/af2/lib/python3.8/site-packages/airflow/example_dags/example_kubernetes_executor_config.py for tasks to queue
[2021-10-21 12:45:20,951] {logging_mixin.py:109} INFO - [2021-10-21 12:45:20,951] {dagbag.py:500} INFO - Filling up the DagBag from /opt/anaconda3/envs/af2/lib/python3.8/site-packages/airflow/example_dags/example_kubernetes_executor_config.py
[2021-10-21 12:45:20,961] {logging_mixin.py:109} INFO - [2021-10-21 12:45:20,961] {example_kubernetes_executor_config.py:171} WARNING - Could not import DAGs in example_kubernetes_executor_config.py: No module named 'kubernetes'
[2021-10-21 12:45:20,961] {logging_mixin.py:109} INFO - [2021-10-21 12:45:20,961] {example_kubernetes_executor_config.py:172} WARNING - Install kubernetes dependencies with: pip install apache-airflow['cncf.kubernetes']
[2021-10-21 12:45:20,973] {processor.py:634} WARNING - No viable dags retrieved from /opt/anaconda3/envs/af2/lib/python3.8/site-packages/airflow/example_dags/example_kubernetes_executor_config.py
[2021-10-21 12:45:20,974] {processor.py:171} INFO - Processing /opt/anaconda3/envs/af2/lib/python3.8/site-packages/airflow/example_dags/example_kubernetes_executor_config.py took 0.025 seconds
[2021-10-21 12:46:49,512] {processor.py:163} INFO - Started process (PID=26509) to work on /opt/anaconda3/envs/af2/lib/python3.8/site-packages/airflow/example_dags/example_kubernetes_executor_config.py
[2021-10-21 12:46:49,513] {processor.py:620} INFO - Processing file /opt/anaconda3/envs/af2/lib/python3.8/site-packages/airflow/example_dags/example_kubernetes_executor_config.py for tasks to queue
[2021-10-21 12:46:49,513] {logging_mixin.py:109} INFO - [2021-10-21 12:46:49,513] {dagbag.py:500} INFO - Filling up the DagBag from /opt/anaconda3/envs/af2/lib/python3.8/site-packages/airflow/example_dags/example_kubernetes_executor_config.py
[2021-10-21 12:46:49,523] {logging_mixin.py:109} INFO - [2021-10-21 12:46:49,523] {example_kubernetes_executor_config.py:171} WARNING - Could not import DAGs in example_kubernetes_executor_config.py: No module named 'kubernetes'
[2021-10-21 12:46:49,523] {logging_mixin.py:109} INFO - [2021-10-21 12:46:49,523] {example_kubernetes_executor_config.py:172} WARNING - Install kubernetes dependencies with: pip install apache-airflow['cncf.kubernetes']
[2021-10-21 12:46:49,535] {processor.py:634} WARNING - No viable dags retrieved from /opt/anaconda3/envs/af2/lib/python3.8/site-packages/airflow/example_dags/example_kubernetes_executor_config.py
[2021-10-21 12:46:49,536] {processor.py:171} INFO - Processing /opt/anaconda3/envs/af2/lib/python3.8/site-packages/airflow/example_dags/example_kubernetes_executor_config.py took 0.025 seconds
[2021-10-21 12:48:13,327] {processor.py:163} INFO - Started process (PID=26689) to work on /opt/anaconda3/envs/af2/lib/python3.8/site-packages/airflow/example_dags/example_kubernetes_executor_config.py
[2021-10-21 12:48:13,328] {processor.py:620} INFO - Processing file /opt/anaconda3/envs/af2/lib/python3.8/site-packages/airflow/example_dags/example_kubernetes_executor_config.py for tasks to queue
[2021-10-21 12:48:13,329] {logging_mixin.py:109} INFO - [2021-10-21 12:48:13,329] {dagbag.py:500} INFO - Filling up the DagBag from /opt/anaconda3/envs/af2/lib/python3.8/site-packages/airflow/example_dags/example_kubernetes_executor_config.py
[2021-10-21 12:48:13,339] {logging_mixin.py:109} INFO - [2021-10-21 12:48:13,339] {example_kubernetes_executor_config.py:171} WARNING - Could not import DAGs in example_kubernetes_executor_config.py: No module named 'kubernetes'
[2021-10-21 12:48:13,339] {logging_mixin.py:109} INFO - [2021-10-21 12:48:13,339] {example_kubernetes_executor_config.py:172} WARNING - Install kubernetes dependencies with: pip install apache-airflow['cncf.kubernetes']
[2021-10-21 12:48:13,351] {processor.py:634} WARNING - No viable dags retrieved from /opt/anaconda3/envs/af2/lib/python3.8/site-packages/airflow/example_dags/example_kubernetes_executor_config.py
[2021-10-21 12:48:13,352] {processor.py:171} INFO - Processing /opt/anaconda3/envs/af2/lib/python3.8/site-packages/airflow/example_dags/example_kubernetes_executor_config.py took 0.025 seconds
[2021-10-21 12:50:35,689] {processor.py:163} INFO - Started process (PID=26922) to work on /opt/anaconda3/envs/af2/lib/python3.8/site-packages/airflow/example_dags/example_kubernetes_executor_config.py
[2021-10-21 12:50:35,689] {processor.py:620} INFO - Processing file /opt/anaconda3/envs/af2/lib/python3.8/site-packages/airflow/example_dags/example_kubernetes_executor_config.py for tasks to queue
[2021-10-21 12:50:35,689] {logging_mixin.py:109} INFO - [2021-10-21 12:50:35,689] {dagbag.py:500} INFO - Filling up the DagBag from /opt/anaconda3/envs/af2/lib/python3.8/site-packages/airflow/example_dags/example_kubernetes_executor_config.py
[2021-10-21 12:50:35,699] {logging_mixin.py:109} INFO - [2021-10-21 12:50:35,699] {example_kubernetes_executor_config.py:171} WARNING - Could not import DAGs in example_kubernetes_executor_config.py: No module named 'kubernetes'
[2021-10-21 12:50:35,699] {logging_mixin.py:109} INFO - [2021-10-21 12:50:35,699] {example_kubernetes_executor_config.py:172} WARNING - Install kubernetes dependencies with: pip install apache-airflow['cncf.kubernetes']
[2021-10-21 12:50:35,710] {processor.py:634} WARNING - No viable dags retrieved from /opt/anaconda3/envs/af2/lib/python3.8/site-packages/airflow/example_dags/example_kubernetes_executor_config.py
[2021-10-21 12:50:35,711] {processor.py:171} INFO - Processing /opt/anaconda3/envs/af2/lib/python3.8/site-packages/airflow/example_dags/example_kubernetes_executor_config.py took 0.023 seconds
[2021-10-21 12:52:52,339] {processor.py:163} INFO - Started process (PID=27104) to work on /opt/anaconda3/envs/af2/lib/python3.8/site-packages/airflow/example_dags/example_kubernetes_executor_config.py
[2021-10-21 12:52:52,340] {processor.py:620} INFO - Processing file /opt/anaconda3/envs/af2/lib/python3.8/site-packages/airflow/example_dags/example_kubernetes_executor_config.py for tasks to queue
[2021-10-21 12:52:52,340] {logging_mixin.py:109} INFO - [2021-10-21 12:52:52,340] {dagbag.py:500} INFO - Filling up the DagBag from /opt/anaconda3/envs/af2/lib/python3.8/site-packages/airflow/example_dags/example_kubernetes_executor_config.py
[2021-10-21 12:52:52,352] {logging_mixin.py:109} INFO - [2021-10-21 12:52:52,352] {example_kubernetes_executor_config.py:171} WARNING - Could not import DAGs in example_kubernetes_executor_config.py: No module named 'kubernetes'
[2021-10-21 12:52:52,352] {logging_mixin.py:109} INFO - [2021-10-21 12:52:52,352] {example_kubernetes_executor_config.py:172} WARNING - Install kubernetes dependencies with: pip install apache-airflow['cncf.kubernetes']
[2021-10-21 12:52:52,364] {processor.py:634} WARNING - No viable dags retrieved from /opt/anaconda3/envs/af2/lib/python3.8/site-packages/airflow/example_dags/example_kubernetes_executor_config.py
[2021-10-21 12:52:52,365] {processor.py:171} INFO - Processing /opt/anaconda3/envs/af2/lib/python3.8/site-packages/airflow/example_dags/example_kubernetes_executor_config.py took 0.026 seconds
[2021-10-21 12:54:18,393] {processor.py:163} INFO - Started process (PID=27219) to work on /opt/anaconda3/envs/af2/lib/python3.8/site-packages/airflow/example_dags/example_kubernetes_executor_config.py
[2021-10-21 12:54:18,393] {processor.py:620} INFO - Processing file /opt/anaconda3/envs/af2/lib/python3.8/site-packages/airflow/example_dags/example_kubernetes_executor_config.py for tasks to queue
[2021-10-21 12:54:18,393] {logging_mixin.py:109} INFO - [2021-10-21 12:54:18,393] {dagbag.py:500} INFO - Filling up the DagBag from /opt/anaconda3/envs/af2/lib/python3.8/site-packages/airflow/example_dags/example_kubernetes_executor_config.py
[2021-10-21 12:54:18,404] {logging_mixin.py:109} INFO - [2021-10-21 12:54:18,404] {example_kubernetes_executor_config.py:171} WARNING - Could not import DAGs in example_kubernetes_executor_config.py: No module named 'kubernetes'
[2021-10-21 12:54:18,404] {logging_mixin.py:109} INFO - [2021-10-21 12:54:18,404] {example_kubernetes_executor_config.py:172} WARNING - Install kubernetes dependencies with: pip install apache-airflow['cncf.kubernetes']
[2021-10-21 12:54:18,416] {processor.py:634} WARNING - No viable dags retrieved from /opt/anaconda3/envs/af2/lib/python3.8/site-packages/airflow/example_dags/example_kubernetes_executor_config.py
[2021-10-21 12:54:18,416] {processor.py:171} INFO - Processing /opt/anaconda3/envs/af2/lib/python3.8/site-packages/airflow/example_dags/example_kubernetes_executor_config.py took 0.025 seconds
[2021-10-21 12:55:46,811] {processor.py:163} INFO - Started process (PID=27318) to work on /opt/anaconda3/envs/af2/lib/python3.8/site-packages/airflow/example_dags/example_kubernetes_executor_config.py
[2021-10-21 12:55:46,812] {processor.py:620} INFO - Processing file /opt/anaconda3/envs/af2/lib/python3.8/site-packages/airflow/example_dags/example_kubernetes_executor_config.py for tasks to queue
[2021-10-21 12:55:46,812] {logging_mixin.py:109} INFO - [2021-10-21 12:55:46,812] {dagbag.py:500} INFO - Filling up the DagBag from /opt/anaconda3/envs/af2/lib/python3.8/site-packages/airflow/example_dags/example_kubernetes_executor_config.py
[2021-10-21 12:55:46,822] {logging_mixin.py:109} INFO - [2021-10-21 12:55:46,822] {example_kubernetes_executor_config.py:171} WARNING - Could not import DAGs in example_kubernetes_executor_config.py: No module named 'kubernetes'
[2021-10-21 12:55:46,822] {logging_mixin.py:109} INFO - [2021-10-21 12:55:46,822] {example_kubernetes_executor_config.py:172} WARNING - Install kubernetes dependencies with: pip install apache-airflow['cncf.kubernetes']
[2021-10-21 12:55:46,833] {processor.py:634} WARNING - No viable dags retrieved from /opt/anaconda3/envs/af2/lib/python3.8/site-packages/airflow/example_dags/example_kubernetes_executor_config.py
[2021-10-21 12:55:46,834] {processor.py:171} INFO - Processing /opt/anaconda3/envs/af2/lib/python3.8/site-packages/airflow/example_dags/example_kubernetes_executor_config.py took 0.024 seconds
[2021-10-21 12:57:14,944] {processor.py:163} INFO - Started process (PID=27432) to work on /opt/anaconda3/envs/af2/lib/python3.8/site-packages/airflow/example_dags/example_kubernetes_executor_config.py
[2021-10-21 12:57:14,945] {processor.py:620} INFO - Processing file /opt/anaconda3/envs/af2/lib/python3.8/site-packages/airflow/example_dags/example_kubernetes_executor_config.py for tasks to queue
[2021-10-21 12:57:14,945] {logging_mixin.py:109} INFO - [2021-10-21 12:57:14,945] {dagbag.py:500} INFO - Filling up the DagBag from /opt/anaconda3/envs/af2/lib/python3.8/site-packages/airflow/example_dags/example_kubernetes_executor_config.py
[2021-10-21 12:57:14,955] {logging_mixin.py:109} INFO - [2021-10-21 12:57:14,955] {example_kubernetes_executor_config.py:171} WARNING - Could not import DAGs in example_kubernetes_executor_config.py: No module named 'kubernetes'
[2021-10-21 12:57:14,956] {logging_mixin.py:109} INFO - [2021-10-21 12:57:14,956] {example_kubernetes_executor_config.py:172} WARNING - Install kubernetes dependencies with: pip install apache-airflow['cncf.kubernetes']
[2021-10-21 12:57:14,968] {processor.py:634} WARNING - No viable dags retrieved from /opt/anaconda3/envs/af2/lib/python3.8/site-packages/airflow/example_dags/example_kubernetes_executor_config.py
[2021-10-21 12:57:14,969] {processor.py:171} INFO - Processing /opt/anaconda3/envs/af2/lib/python3.8/site-packages/airflow/example_dags/example_kubernetes_executor_config.py took 0.026 seconds
[2021-10-21 12:58:46,355] {processor.py:163} INFO - Started process (PID=27541) to work on /opt/anaconda3/envs/af2/lib/python3.8/site-packages/airflow/example_dags/example_kubernetes_executor_config.py
[2021-10-21 12:58:46,356] {processor.py:620} INFO - Processing file /opt/anaconda3/envs/af2/lib/python3.8/site-packages/airflow/example_dags/example_kubernetes_executor_config.py for tasks to queue
[2021-10-21 12:58:46,356] {logging_mixin.py:109} INFO - [2021-10-21 12:58:46,356] {dagbag.py:500} INFO - Filling up the DagBag from /opt/anaconda3/envs/af2/lib/python3.8/site-packages/airflow/example_dags/example_kubernetes_executor_config.py
[2021-10-21 12:58:46,365] {logging_mixin.py:109} INFO - [2021-10-21 12:58:46,365] {example_kubernetes_executor_config.py:171} WARNING - Could not import DAGs in example_kubernetes_executor_config.py: No module named 'kubernetes'
[2021-10-21 12:58:46,365] {logging_mixin.py:109} INFO - [2021-10-21 12:58:46,365] {example_kubernetes_executor_config.py:172} WARNING - Install kubernetes dependencies with: pip install apache-airflow['cncf.kubernetes']
[2021-10-21 12:58:46,376] {processor.py:634} WARNING - No viable dags retrieved from /opt/anaconda3/envs/af2/lib/python3.8/site-packages/airflow/example_dags/example_kubernetes_executor_config.py
[2021-10-21 12:58:46,377] {processor.py:171} INFO - Processing /opt/anaconda3/envs/af2/lib/python3.8/site-packages/airflow/example_dags/example_kubernetes_executor_config.py took 0.023 seconds
[2021-10-21 13:00:19,223] {processor.py:163} INFO - Started process (PID=27641) to work on /opt/anaconda3/envs/af2/lib/python3.8/site-packages/airflow/example_dags/example_kubernetes_executor_config.py
[2021-10-21 13:00:19,224] {processor.py:620} INFO - Processing file /opt/anaconda3/envs/af2/lib/python3.8/site-packages/airflow/example_dags/example_kubernetes_executor_config.py for tasks to queue
[2021-10-21 13:00:19,224] {logging_mixin.py:109} INFO - [2021-10-21 13:00:19,224] {dagbag.py:500} INFO - Filling up the DagBag from /opt/anaconda3/envs/af2/lib/python3.8/site-packages/airflow/example_dags/example_kubernetes_executor_config.py
[2021-10-21 13:00:19,235] {logging_mixin.py:109} INFO - [2021-10-21 13:00:19,235] {example_kubernetes_executor_config.py:171} WARNING - Could not import DAGs in example_kubernetes_executor_config.py: No module named 'kubernetes'
[2021-10-21 13:00:19,235] {logging_mixin.py:109} INFO - [2021-10-21 13:00:19,235] {example_kubernetes_executor_config.py:172} WARNING - Install kubernetes dependencies with: pip install apache-airflow['cncf.kubernetes']
[2021-10-21 13:00:19,247] {processor.py:634} WARNING - No viable dags retrieved from /opt/anaconda3/envs/af2/lib/python3.8/site-packages/airflow/example_dags/example_kubernetes_executor_config.py
[2021-10-21 13:00:19,248] {processor.py:171} INFO - Processing /opt/anaconda3/envs/af2/lib/python3.8/site-packages/airflow/example_dags/example_kubernetes_executor_config.py took 0.025 seconds
[2021-10-21 13:01:50,714] {processor.py:163} INFO - Started process (PID=27737) to work on /opt/anaconda3/envs/af2/lib/python3.8/site-packages/airflow/example_dags/example_kubernetes_executor_config.py
[2021-10-21 13:01:50,715] {processor.py:620} INFO - Processing file /opt/anaconda3/envs/af2/lib/python3.8/site-packages/airflow/example_dags/example_kubernetes_executor_config.py for tasks to queue
[2021-10-21 13:01:50,716] {logging_mixin.py:109} INFO - [2021-10-21 13:01:50,716] {dagbag.py:500} INFO - Filling up the DagBag from /opt/anaconda3/envs/af2/lib/python3.8/site-packages/airflow/example_dags/example_kubernetes_executor_config.py
[2021-10-21 13:01:50,725] {logging_mixin.py:109} INFO - [2021-10-21 13:01:50,725] {example_kubernetes_executor_config.py:171} WARNING - Could not import DAGs in example_kubernetes_executor_config.py: No module named 'kubernetes'
[2021-10-21 13:01:50,725] {logging_mixin.py:109} INFO - [2021-10-21 13:01:50,725] {example_kubernetes_executor_config.py:172} WARNING - Install kubernetes dependencies with: pip install apache-airflow['cncf.kubernetes']
[2021-10-21 13:01:50,736] {processor.py:634} WARNING - No viable dags retrieved from /opt/anaconda3/envs/af2/lib/python3.8/site-packages/airflow/example_dags/example_kubernetes_executor_config.py
[2021-10-21 13:01:50,737] {processor.py:171} INFO - Processing /opt/anaconda3/envs/af2/lib/python3.8/site-packages/airflow/example_dags/example_kubernetes_executor_config.py took 0.024 seconds
[2021-10-21 13:03:18,986] {processor.py:163} INFO - Started process (PID=27870) to work on /opt/anaconda3/envs/af2/lib/python3.8/site-packages/airflow/example_dags/example_kubernetes_executor_config.py
[2021-10-21 13:03:18,987] {processor.py:620} INFO - Processing file /opt/anaconda3/envs/af2/lib/python3.8/site-packages/airflow/example_dags/example_kubernetes_executor_config.py for tasks to queue
[2021-10-21 13:03:18,987] {logging_mixin.py:109} INFO - [2021-10-21 13:03:18,987] {dagbag.py:500} INFO - Filling up the DagBag from /opt/anaconda3/envs/af2/lib/python3.8/site-packages/airflow/example_dags/example_kubernetes_executor_config.py
[2021-10-21 13:03:18,997] {logging_mixin.py:109} INFO - [2021-10-21 13:03:18,997] {example_kubernetes_executor_config.py:171} WARNING - Could not import DAGs in example_kubernetes_executor_config.py: No module named 'kubernetes'
[2021-10-21 13:03:18,997] {logging_mixin.py:109} INFO - [2021-10-21 13:03:18,997] {example_kubernetes_executor_config.py:172} WARNING - Install kubernetes dependencies with: pip install apache-airflow['cncf.kubernetes']
[2021-10-21 13:03:19,009] {processor.py:634} WARNING - No viable dags retrieved from /opt/anaconda3/envs/af2/lib/python3.8/site-packages/airflow/example_dags/example_kubernetes_executor_config.py
[2021-10-21 13:03:19,010] {processor.py:171} INFO - Processing /opt/anaconda3/envs/af2/lib/python3.8/site-packages/airflow/example_dags/example_kubernetes_executor_config.py took 0.025 seconds
[2021-10-21 13:04:49,611] {processor.py:163} INFO - Started process (PID=27974) to work on /opt/anaconda3/envs/af2/lib/python3.8/site-packages/airflow/example_dags/example_kubernetes_executor_config.py
[2021-10-21 13:04:49,611] {processor.py:620} INFO - Processing file /opt/anaconda3/envs/af2/lib/python3.8/site-packages/airflow/example_dags/example_kubernetes_executor_config.py for tasks to queue
[2021-10-21 13:04:49,611] {logging_mixin.py:109} INFO - [2021-10-21 13:04:49,611] {dagbag.py:500} INFO - Filling up the DagBag from /opt/anaconda3/envs/af2/lib/python3.8/site-packages/airflow/example_dags/example_kubernetes_executor_config.py
[2021-10-21 13:04:49,622] {logging_mixin.py:109} INFO - [2021-10-21 13:04:49,622] {example_kubernetes_executor_config.py:171} WARNING - Could not import DAGs in example_kubernetes_executor_config.py: No module named 'kubernetes'
[2021-10-21 13:04:49,622] {logging_mixin.py:109} INFO - [2021-10-21 13:04:49,622] {example_kubernetes_executor_config.py:172} WARNING - Install kubernetes dependencies with: pip install apache-airflow['cncf.kubernetes']
[2021-10-21 13:04:49,634] {processor.py:634} WARNING - No viable dags retrieved from /opt/anaconda3/envs/af2/lib/python3.8/site-packages/airflow/example_dags/example_kubernetes_executor_config.py
[2021-10-21 13:04:49,635] {processor.py:171} INFO - Processing /opt/anaconda3/envs/af2/lib/python3.8/site-packages/airflow/example_dags/example_kubernetes_executor_config.py took 0.026 seconds
[2021-10-21 13:06:21,384] {processor.py:163} INFO - Started process (PID=28132) to work on /opt/anaconda3/envs/af2/lib/python3.8/site-packages/airflow/example_dags/example_kubernetes_executor_config.py
[2021-10-21 13:06:21,385] {processor.py:620} INFO - Processing file /opt/anaconda3/envs/af2/lib/python3.8/site-packages/airflow/example_dags/example_kubernetes_executor_config.py for tasks to queue
[2021-10-21 13:06:21,385] {logging_mixin.py:109} INFO - [2021-10-21 13:06:21,385] {dagbag.py:500} INFO - Filling up the DagBag from /opt/anaconda3/envs/af2/lib/python3.8/site-packages/airflow/example_dags/example_kubernetes_executor_config.py
[2021-10-21 13:06:21,395] {logging_mixin.py:109} INFO - [2021-10-21 13:06:21,395] {example_kubernetes_executor_config.py:171} WARNING - Could not import DAGs in example_kubernetes_executor_config.py: No module named 'kubernetes'
[2021-10-21 13:06:21,395] {logging_mixin.py:109} INFO - [2021-10-21 13:06:21,395] {example_kubernetes_executor_config.py:172} WARNING - Install kubernetes dependencies with: pip install apache-airflow['cncf.kubernetes']
[2021-10-21 13:06:21,406] {processor.py:634} WARNING - No viable dags retrieved from /opt/anaconda3/envs/af2/lib/python3.8/site-packages/airflow/example_dags/example_kubernetes_executor_config.py
[2021-10-21 13:06:21,407] {processor.py:171} INFO - Processing /opt/anaconda3/envs/af2/lib/python3.8/site-packages/airflow/example_dags/example_kubernetes_executor_config.py took 0.024 seconds
[2021-10-21 13:07:50,250] {processor.py:163} INFO - Started process (PID=28257) to work on /opt/anaconda3/envs/af2/lib/python3.8/site-packages/airflow/example_dags/example_kubernetes_executor_config.py
[2021-10-21 13:07:50,250] {processor.py:620} INFO - Processing file /opt/anaconda3/envs/af2/lib/python3.8/site-packages/airflow/example_dags/example_kubernetes_executor_config.py for tasks to queue
[2021-10-21 13:07:50,250] {logging_mixin.py:109} INFO - [2021-10-21 13:07:50,250] {dagbag.py:500} INFO - Filling up the DagBag from /opt/anaconda3/envs/af2/lib/python3.8/site-packages/airflow/example_dags/example_kubernetes_executor_config.py
[2021-10-21 13:07:50,261] {logging_mixin.py:109} INFO - [2021-10-21 13:07:50,261] {example_kubernetes_executor_config.py:171} WARNING - Could not import DAGs in example_kubernetes_executor_config.py: No module named 'kubernetes'
[2021-10-21 13:07:50,261] {logging_mixin.py:109} INFO - [2021-10-21 13:07:50,261] {example_kubernetes_executor_config.py:172} WARNING - Install kubernetes dependencies with: pip install apache-airflow['cncf.kubernetes']
[2021-10-21 13:07:50,273] {processor.py:634} WARNING - No viable dags retrieved from /opt/anaconda3/envs/af2/lib/python3.8/site-packages/airflow/example_dags/example_kubernetes_executor_config.py
[2021-10-21 13:07:50,273] {processor.py:171} INFO - Processing /opt/anaconda3/envs/af2/lib/python3.8/site-packages/airflow/example_dags/example_kubernetes_executor_config.py took 0.025 seconds
