[2021-10-21 12:02:01,466] {processor.py:163} INFO - Started process (PID=22382) to work on /opt/anaconda3/envs/af2/lib/python3.8/site-packages/airflow/example_dags/example_task_group_decorator.py
[2021-10-21 12:02:01,466] {processor.py:620} INFO - Processing file /opt/anaconda3/envs/af2/lib/python3.8/site-packages/airflow/example_dags/example_task_group_decorator.py for tasks to queue
[2021-10-21 12:02:01,466] {logging_mixin.py:109} INFO - [2021-10-21 12:02:01,466] {dagbag.py:500} INFO - Filling up the DagBag from /opt/anaconda3/envs/af2/lib/python3.8/site-packages/airflow/example_dags/example_task_group_decorator.py
[2021-10-21 12:02:01,495] {processor.py:632} INFO - DAG(s) dict_keys(['example_task_group_decorator']) retrieved from /opt/anaconda3/envs/af2/lib/python3.8/site-packages/airflow/example_dags/example_task_group_decorator.py
[2021-10-21 12:02:01,610] {logging_mixin.py:109} INFO - [2021-10-21 12:02:01,610] {dag.py:2389} INFO - Sync 1 DAGs
[2021-10-21 12:02:01,614] {logging_mixin.py:109} INFO - [2021-10-21 12:02:01,614] {dag.py:2914} INFO - Setting next_dagrun for example_task_group_decorator to 2021-10-20T10:02:01.614301+00:00
[2021-10-21 12:02:01,620] {processor.py:171} INFO - Processing /opt/anaconda3/envs/af2/lib/python3.8/site-packages/airflow/example_dags/example_task_group_decorator.py took 0.154 seconds
[2021-10-21 12:03:33,986] {processor.py:163} INFO - Started process (PID=22547) to work on /opt/anaconda3/envs/af2/lib/python3.8/site-packages/airflow/example_dags/example_task_group_decorator.py
[2021-10-21 12:03:33,987] {processor.py:620} INFO - Processing file /opt/anaconda3/envs/af2/lib/python3.8/site-packages/airflow/example_dags/example_task_group_decorator.py for tasks to queue
[2021-10-21 12:03:33,987] {logging_mixin.py:109} INFO - [2021-10-21 12:03:33,987] {dagbag.py:500} INFO - Filling up the DagBag from /opt/anaconda3/envs/af2/lib/python3.8/site-packages/airflow/example_dags/example_task_group_decorator.py
[2021-10-21 12:03:34,015] {processor.py:632} INFO - DAG(s) dict_keys(['example_task_group_decorator']) retrieved from /opt/anaconda3/envs/af2/lib/python3.8/site-packages/airflow/example_dags/example_task_group_decorator.py
[2021-10-21 12:03:34,142] {logging_mixin.py:109} INFO - [2021-10-21 12:03:34,141] {dag.py:2389} INFO - Sync 1 DAGs
[2021-10-21 12:03:34,145] {logging_mixin.py:109} INFO - [2021-10-21 12:03:34,145] {dag.py:2914} INFO - Setting next_dagrun for example_task_group_decorator to 2021-10-20T10:03:34.145654+00:00
[2021-10-21 12:03:34,150] {processor.py:171} INFO - Processing /opt/anaconda3/envs/af2/lib/python3.8/site-packages/airflow/example_dags/example_task_group_decorator.py took 0.163 seconds
[2021-10-21 12:05:49,263] {processor.py:163} INFO - Started process (PID=22817) to work on /opt/anaconda3/envs/af2/lib/python3.8/site-packages/airflow/example_dags/example_task_group_decorator.py
[2021-10-21 12:05:49,264] {processor.py:620} INFO - Processing file /opt/anaconda3/envs/af2/lib/python3.8/site-packages/airflow/example_dags/example_task_group_decorator.py for tasks to queue
[2021-10-21 12:05:49,264] {logging_mixin.py:109} INFO - [2021-10-21 12:05:49,264] {dagbag.py:500} INFO - Filling up the DagBag from /opt/anaconda3/envs/af2/lib/python3.8/site-packages/airflow/example_dags/example_task_group_decorator.py
[2021-10-21 12:05:49,292] {processor.py:632} INFO - DAG(s) dict_keys(['example_task_group_decorator']) retrieved from /opt/anaconda3/envs/af2/lib/python3.8/site-packages/airflow/example_dags/example_task_group_decorator.py
[2021-10-21 12:05:49,446] {logging_mixin.py:109} INFO - [2021-10-21 12:05:49,446] {dag.py:2389} INFO - Sync 1 DAGs
[2021-10-21 12:05:49,450] {logging_mixin.py:109} INFO - [2021-10-21 12:05:49,450] {dag.py:2914} INFO - Setting next_dagrun for example_task_group_decorator to 2021-10-20T10:05:49.450662+00:00
[2021-10-21 12:05:49,455] {processor.py:171} INFO - Processing /opt/anaconda3/envs/af2/lib/python3.8/site-packages/airflow/example_dags/example_task_group_decorator.py took 0.191 seconds
[2021-10-21 12:11:45,056] {processor.py:163} INFO - Started process (PID=23038) to work on /opt/anaconda3/envs/af2/lib/python3.8/site-packages/airflow/example_dags/example_task_group_decorator.py
[2021-10-21 12:11:45,057] {processor.py:620} INFO - Processing file /opt/anaconda3/envs/af2/lib/python3.8/site-packages/airflow/example_dags/example_task_group_decorator.py for tasks to queue
[2021-10-21 12:11:45,057] {logging_mixin.py:109} INFO - [2021-10-21 12:11:45,057] {dagbag.py:500} INFO - Filling up the DagBag from /opt/anaconda3/envs/af2/lib/python3.8/site-packages/airflow/example_dags/example_task_group_decorator.py
[2021-10-21 12:11:45,085] {processor.py:632} INFO - DAG(s) dict_keys(['example_task_group_decorator']) retrieved from /opt/anaconda3/envs/af2/lib/python3.8/site-packages/airflow/example_dags/example_task_group_decorator.py
[2021-10-21 12:11:45,091] {logging_mixin.py:109} INFO - [2021-10-21 12:11:45,091] {dag.py:2389} INFO - Sync 1 DAGs
[2021-10-21 12:11:45,097] {logging_mixin.py:109} INFO - [2021-10-21 12:11:45,097] {dag.py:2914} INFO - Setting next_dagrun for example_task_group_decorator to 2021-10-20T10:11:45.096986+00:00
[2021-10-21 12:11:45,100] {processor.py:171} INFO - Processing /opt/anaconda3/envs/af2/lib/python3.8/site-packages/airflow/example_dags/example_task_group_decorator.py took 0.044 seconds
[2021-10-21 12:12:55,811] {processor.py:163} INFO - Started process (PID=23188) to work on /opt/anaconda3/envs/af2/lib/python3.8/site-packages/airflow/example_dags/example_task_group_decorator.py
[2021-10-21 12:12:55,812] {processor.py:620} INFO - Processing file /opt/anaconda3/envs/af2/lib/python3.8/site-packages/airflow/example_dags/example_task_group_decorator.py for tasks to queue
[2021-10-21 12:12:55,812] {logging_mixin.py:109} INFO - [2021-10-21 12:12:55,812] {dagbag.py:500} INFO - Filling up the DagBag from /opt/anaconda3/envs/af2/lib/python3.8/site-packages/airflow/example_dags/example_task_group_decorator.py
[2021-10-21 12:12:55,840] {processor.py:632} INFO - DAG(s) dict_keys(['example_task_group_decorator']) retrieved from /opt/anaconda3/envs/af2/lib/python3.8/site-packages/airflow/example_dags/example_task_group_decorator.py
[2021-10-21 12:12:55,952] {logging_mixin.py:109} INFO - [2021-10-21 12:12:55,951] {dag.py:2389} INFO - Sync 1 DAGs
[2021-10-21 12:12:55,956] {logging_mixin.py:109} INFO - [2021-10-21 12:12:55,956] {dag.py:2914} INFO - Setting next_dagrun for example_task_group_decorator to 2021-10-20T10:12:55.956013+00:00
[2021-10-21 12:12:55,960] {processor.py:171} INFO - Processing /opt/anaconda3/envs/af2/lib/python3.8/site-packages/airflow/example_dags/example_task_group_decorator.py took 0.149 seconds
[2021-10-21 12:14:10,451] {processor.py:163} INFO - Started process (PID=23290) to work on /opt/anaconda3/envs/af2/lib/python3.8/site-packages/airflow/example_dags/example_task_group_decorator.py
[2021-10-21 12:14:10,452] {processor.py:620} INFO - Processing file /opt/anaconda3/envs/af2/lib/python3.8/site-packages/airflow/example_dags/example_task_group_decorator.py for tasks to queue
[2021-10-21 12:14:10,452] {logging_mixin.py:109} INFO - [2021-10-21 12:14:10,452] {dagbag.py:500} INFO - Filling up the DagBag from /opt/anaconda3/envs/af2/lib/python3.8/site-packages/airflow/example_dags/example_task_group_decorator.py
[2021-10-21 12:14:10,481] {processor.py:632} INFO - DAG(s) dict_keys(['example_task_group_decorator']) retrieved from /opt/anaconda3/envs/af2/lib/python3.8/site-packages/airflow/example_dags/example_task_group_decorator.py
[2021-10-21 12:14:10,591] {logging_mixin.py:109} INFO - [2021-10-21 12:14:10,591] {dag.py:2389} INFO - Sync 1 DAGs
[2021-10-21 12:14:10,594] {logging_mixin.py:109} INFO - [2021-10-21 12:14:10,594] {dag.py:2914} INFO - Setting next_dagrun for example_task_group_decorator to 2021-10-20T10:14:10.594790+00:00
[2021-10-21 12:14:10,599] {processor.py:171} INFO - Processing /opt/anaconda3/envs/af2/lib/python3.8/site-packages/airflow/example_dags/example_task_group_decorator.py took 0.148 seconds
[2021-10-21 12:15:25,376] {processor.py:163} INFO - Started process (PID=23390) to work on /opt/anaconda3/envs/af2/lib/python3.8/site-packages/airflow/example_dags/example_task_group_decorator.py
[2021-10-21 12:15:25,377] {processor.py:620} INFO - Processing file /opt/anaconda3/envs/af2/lib/python3.8/site-packages/airflow/example_dags/example_task_group_decorator.py for tasks to queue
[2021-10-21 12:15:25,377] {logging_mixin.py:109} INFO - [2021-10-21 12:15:25,377] {dagbag.py:500} INFO - Filling up the DagBag from /opt/anaconda3/envs/af2/lib/python3.8/site-packages/airflow/example_dags/example_task_group_decorator.py
[2021-10-21 12:15:25,406] {processor.py:632} INFO - DAG(s) dict_keys(['example_task_group_decorator']) retrieved from /opt/anaconda3/envs/af2/lib/python3.8/site-packages/airflow/example_dags/example_task_group_decorator.py
[2021-10-21 12:15:25,520] {logging_mixin.py:109} INFO - [2021-10-21 12:15:25,520] {dag.py:2389} INFO - Sync 1 DAGs
[2021-10-21 12:15:25,525] {logging_mixin.py:109} INFO - [2021-10-21 12:15:25,525] {dag.py:2914} INFO - Setting next_dagrun for example_task_group_decorator to 2021-10-20T10:15:25.524969+00:00
[2021-10-21 12:15:25,530] {processor.py:171} INFO - Processing /opt/anaconda3/envs/af2/lib/python3.8/site-packages/airflow/example_dags/example_task_group_decorator.py took 0.154 seconds
[2021-10-21 12:16:42,135] {processor.py:163} INFO - Started process (PID=23527) to work on /opt/anaconda3/envs/af2/lib/python3.8/site-packages/airflow/example_dags/example_task_group_decorator.py
[2021-10-21 12:16:42,135] {processor.py:620} INFO - Processing file /opt/anaconda3/envs/af2/lib/python3.8/site-packages/airflow/example_dags/example_task_group_decorator.py for tasks to queue
[2021-10-21 12:16:42,135] {logging_mixin.py:109} INFO - [2021-10-21 12:16:42,135] {dagbag.py:500} INFO - Filling up the DagBag from /opt/anaconda3/envs/af2/lib/python3.8/site-packages/airflow/example_dags/example_task_group_decorator.py
[2021-10-21 12:16:42,164] {processor.py:632} INFO - DAG(s) dict_keys(['example_task_group_decorator']) retrieved from /opt/anaconda3/envs/af2/lib/python3.8/site-packages/airflow/example_dags/example_task_group_decorator.py
[2021-10-21 12:16:42,266] {logging_mixin.py:109} INFO - [2021-10-21 12:16:42,265] {dag.py:2389} INFO - Sync 1 DAGs
[2021-10-21 12:16:42,269] {logging_mixin.py:109} INFO - [2021-10-21 12:16:42,269] {dag.py:2914} INFO - Setting next_dagrun for example_task_group_decorator to 2021-10-20T10:16:42.269614+00:00
[2021-10-21 12:16:42,274] {processor.py:171} INFO - Processing /opt/anaconda3/envs/af2/lib/python3.8/site-packages/airflow/example_dags/example_task_group_decorator.py took 0.139 seconds
[2021-10-21 12:17:56,637] {processor.py:163} INFO - Started process (PID=23628) to work on /opt/anaconda3/envs/af2/lib/python3.8/site-packages/airflow/example_dags/example_task_group_decorator.py
[2021-10-21 12:17:56,638] {processor.py:620} INFO - Processing file /opt/anaconda3/envs/af2/lib/python3.8/site-packages/airflow/example_dags/example_task_group_decorator.py for tasks to queue
[2021-10-21 12:17:56,638] {logging_mixin.py:109} INFO - [2021-10-21 12:17:56,638] {dagbag.py:500} INFO - Filling up the DagBag from /opt/anaconda3/envs/af2/lib/python3.8/site-packages/airflow/example_dags/example_task_group_decorator.py
[2021-10-21 12:17:56,667] {processor.py:632} INFO - DAG(s) dict_keys(['example_task_group_decorator']) retrieved from /opt/anaconda3/envs/af2/lib/python3.8/site-packages/airflow/example_dags/example_task_group_decorator.py
[2021-10-21 12:17:56,773] {logging_mixin.py:109} INFO - [2021-10-21 12:17:56,773] {dag.py:2389} INFO - Sync 1 DAGs
[2021-10-21 12:17:56,777] {logging_mixin.py:109} INFO - [2021-10-21 12:17:56,777] {dag.py:2914} INFO - Setting next_dagrun for example_task_group_decorator to 2021-10-20T10:17:56.777442+00:00
[2021-10-21 12:17:56,782] {processor.py:171} INFO - Processing /opt/anaconda3/envs/af2/lib/python3.8/site-packages/airflow/example_dags/example_task_group_decorator.py took 0.145 seconds
[2021-10-21 12:19:10,693] {processor.py:163} INFO - Started process (PID=23817) to work on /opt/anaconda3/envs/af2/lib/python3.8/site-packages/airflow/example_dags/example_task_group_decorator.py
[2021-10-21 12:19:10,694] {processor.py:620} INFO - Processing file /opt/anaconda3/envs/af2/lib/python3.8/site-packages/airflow/example_dags/example_task_group_decorator.py for tasks to queue
[2021-10-21 12:19:10,695] {logging_mixin.py:109} INFO - [2021-10-21 12:19:10,694] {dagbag.py:500} INFO - Filling up the DagBag from /opt/anaconda3/envs/af2/lib/python3.8/site-packages/airflow/example_dags/example_task_group_decorator.py
[2021-10-21 12:19:10,723] {processor.py:632} INFO - DAG(s) dict_keys(['example_task_group_decorator']) retrieved from /opt/anaconda3/envs/af2/lib/python3.8/site-packages/airflow/example_dags/example_task_group_decorator.py
[2021-10-21 12:19:10,838] {logging_mixin.py:109} INFO - [2021-10-21 12:19:10,838] {dag.py:2389} INFO - Sync 1 DAGs
[2021-10-21 12:19:10,842] {logging_mixin.py:109} INFO - [2021-10-21 12:19:10,842] {dag.py:2914} INFO - Setting next_dagrun for example_task_group_decorator to 2021-10-20T10:19:10.842086+00:00
[2021-10-21 12:19:10,846] {processor.py:171} INFO - Processing /opt/anaconda3/envs/af2/lib/python3.8/site-packages/airflow/example_dags/example_task_group_decorator.py took 0.153 seconds
[2021-10-21 12:20:22,273] {processor.py:163} INFO - Started process (PID=23933) to work on /opt/anaconda3/envs/af2/lib/python3.8/site-packages/airflow/example_dags/example_task_group_decorator.py
[2021-10-21 12:20:22,274] {processor.py:620} INFO - Processing file /opt/anaconda3/envs/af2/lib/python3.8/site-packages/airflow/example_dags/example_task_group_decorator.py for tasks to queue
[2021-10-21 12:20:22,274] {logging_mixin.py:109} INFO - [2021-10-21 12:20:22,274] {dagbag.py:500} INFO - Filling up the DagBag from /opt/anaconda3/envs/af2/lib/python3.8/site-packages/airflow/example_dags/example_task_group_decorator.py
[2021-10-21 12:20:22,303] {processor.py:632} INFO - DAG(s) dict_keys(['example_task_group_decorator']) retrieved from /opt/anaconda3/envs/af2/lib/python3.8/site-packages/airflow/example_dags/example_task_group_decorator.py
[2021-10-21 12:20:22,455] {logging_mixin.py:109} INFO - [2021-10-21 12:20:22,455] {dag.py:2389} INFO - Sync 1 DAGs
[2021-10-21 12:20:22,462] {logging_mixin.py:109} INFO - [2021-10-21 12:20:22,462] {dag.py:2914} INFO - Setting next_dagrun for example_task_group_decorator to 2021-10-20T10:20:22.461920+00:00
[2021-10-21 12:20:22,469] {processor.py:171} INFO - Processing /opt/anaconda3/envs/af2/lib/python3.8/site-packages/airflow/example_dags/example_task_group_decorator.py took 0.196 seconds
[2021-10-21 12:21:33,537] {processor.py:163} INFO - Started process (PID=24097) to work on /opt/anaconda3/envs/af2/lib/python3.8/site-packages/airflow/example_dags/example_task_group_decorator.py
[2021-10-21 12:21:33,538] {processor.py:620} INFO - Processing file /opt/anaconda3/envs/af2/lib/python3.8/site-packages/airflow/example_dags/example_task_group_decorator.py for tasks to queue
[2021-10-21 12:21:33,538] {logging_mixin.py:109} INFO - [2021-10-21 12:21:33,538] {dagbag.py:500} INFO - Filling up the DagBag from /opt/anaconda3/envs/af2/lib/python3.8/site-packages/airflow/example_dags/example_task_group_decorator.py
[2021-10-21 12:21:33,566] {processor.py:632} INFO - DAG(s) dict_keys(['example_task_group_decorator']) retrieved from /opt/anaconda3/envs/af2/lib/python3.8/site-packages/airflow/example_dags/example_task_group_decorator.py
[2021-10-21 12:21:33,675] {logging_mixin.py:109} INFO - [2021-10-21 12:21:33,675] {dag.py:2389} INFO - Sync 1 DAGs
[2021-10-21 12:21:33,679] {logging_mixin.py:109} INFO - [2021-10-21 12:21:33,679] {dag.py:2914} INFO - Setting next_dagrun for example_task_group_decorator to 2021-10-20T10:21:33.679466+00:00
[2021-10-21 12:21:33,683] {processor.py:171} INFO - Processing /opt/anaconda3/envs/af2/lib/python3.8/site-packages/airflow/example_dags/example_task_group_decorator.py took 0.147 seconds
[2021-10-21 12:22:40,147] {processor.py:163} INFO - Started process (PID=24189) to work on /opt/anaconda3/envs/af2/lib/python3.8/site-packages/airflow/example_dags/example_task_group_decorator.py
[2021-10-21 12:22:40,148] {processor.py:620} INFO - Processing file /opt/anaconda3/envs/af2/lib/python3.8/site-packages/airflow/example_dags/example_task_group_decorator.py for tasks to queue
[2021-10-21 12:22:40,148] {logging_mixin.py:109} INFO - [2021-10-21 12:22:40,148] {dagbag.py:500} INFO - Filling up the DagBag from /opt/anaconda3/envs/af2/lib/python3.8/site-packages/airflow/example_dags/example_task_group_decorator.py
[2021-10-21 12:22:40,180] {processor.py:632} INFO - DAG(s) dict_keys(['example_task_group_decorator']) retrieved from /opt/anaconda3/envs/af2/lib/python3.8/site-packages/airflow/example_dags/example_task_group_decorator.py
[2021-10-21 12:22:40,286] {logging_mixin.py:109} INFO - [2021-10-21 12:22:40,286] {dag.py:2389} INFO - Sync 1 DAGs
[2021-10-21 12:22:40,290] {logging_mixin.py:109} INFO - [2021-10-21 12:22:40,290] {dag.py:2914} INFO - Setting next_dagrun for example_task_group_decorator to 2021-10-20T10:22:40.290468+00:00
[2021-10-21 12:22:40,295] {processor.py:171} INFO - Processing /opt/anaconda3/envs/af2/lib/python3.8/site-packages/airflow/example_dags/example_task_group_decorator.py took 0.148 seconds
[2021-10-21 12:23:54,026] {processor.py:163} INFO - Started process (PID=24367) to work on /opt/anaconda3/envs/af2/lib/python3.8/site-packages/airflow/example_dags/example_task_group_decorator.py
[2021-10-21 12:23:54,026] {processor.py:620} INFO - Processing file /opt/anaconda3/envs/af2/lib/python3.8/site-packages/airflow/example_dags/example_task_group_decorator.py for tasks to queue
[2021-10-21 12:23:54,026] {logging_mixin.py:109} INFO - [2021-10-21 12:23:54,026] {dagbag.py:500} INFO - Filling up the DagBag from /opt/anaconda3/envs/af2/lib/python3.8/site-packages/airflow/example_dags/example_task_group_decorator.py
[2021-10-21 12:23:54,054] {processor.py:632} INFO - DAG(s) dict_keys(['example_task_group_decorator']) retrieved from /opt/anaconda3/envs/af2/lib/python3.8/site-packages/airflow/example_dags/example_task_group_decorator.py
[2021-10-21 12:23:54,159] {logging_mixin.py:109} INFO - [2021-10-21 12:23:54,158] {dag.py:2389} INFO - Sync 1 DAGs
[2021-10-21 12:23:54,162] {logging_mixin.py:109} INFO - [2021-10-21 12:23:54,162] {dag.py:2914} INFO - Setting next_dagrun for example_task_group_decorator to 2021-10-20T10:23:54.162694+00:00
[2021-10-21 12:23:54,167] {processor.py:171} INFO - Processing /opt/anaconda3/envs/af2/lib/python3.8/site-packages/airflow/example_dags/example_task_group_decorator.py took 0.141 seconds
[2021-10-21 12:25:08,381] {processor.py:163} INFO - Started process (PID=24470) to work on /opt/anaconda3/envs/af2/lib/python3.8/site-packages/airflow/example_dags/example_task_group_decorator.py
[2021-10-21 12:25:08,382] {processor.py:620} INFO - Processing file /opt/anaconda3/envs/af2/lib/python3.8/site-packages/airflow/example_dags/example_task_group_decorator.py for tasks to queue
[2021-10-21 12:25:08,382] {logging_mixin.py:109} INFO - [2021-10-21 12:25:08,382] {dagbag.py:500} INFO - Filling up the DagBag from /opt/anaconda3/envs/af2/lib/python3.8/site-packages/airflow/example_dags/example_task_group_decorator.py
[2021-10-21 12:25:08,410] {processor.py:632} INFO - DAG(s) dict_keys(['example_task_group_decorator']) retrieved from /opt/anaconda3/envs/af2/lib/python3.8/site-packages/airflow/example_dags/example_task_group_decorator.py
[2021-10-21 12:25:08,519] {logging_mixin.py:109} INFO - [2021-10-21 12:25:08,519] {dag.py:2389} INFO - Sync 1 DAGs
[2021-10-21 12:25:08,523] {logging_mixin.py:109} INFO - [2021-10-21 12:25:08,523] {dag.py:2914} INFO - Setting next_dagrun for example_task_group_decorator to 2021-10-20T10:25:08.523083+00:00
[2021-10-21 12:25:08,527] {processor.py:171} INFO - Processing /opt/anaconda3/envs/af2/lib/python3.8/site-packages/airflow/example_dags/example_task_group_decorator.py took 0.147 seconds
[2021-10-21 12:26:20,138] {processor.py:163} INFO - Started process (PID=24722) to work on /opt/anaconda3/envs/af2/lib/python3.8/site-packages/airflow/example_dags/example_task_group_decorator.py
[2021-10-21 12:26:20,139] {processor.py:620} INFO - Processing file /opt/anaconda3/envs/af2/lib/python3.8/site-packages/airflow/example_dags/example_task_group_decorator.py for tasks to queue
[2021-10-21 12:26:20,139] {logging_mixin.py:109} INFO - [2021-10-21 12:26:20,139] {dagbag.py:500} INFO - Filling up the DagBag from /opt/anaconda3/envs/af2/lib/python3.8/site-packages/airflow/example_dags/example_task_group_decorator.py
[2021-10-21 12:26:20,168] {processor.py:632} INFO - DAG(s) dict_keys(['example_task_group_decorator']) retrieved from /opt/anaconda3/envs/af2/lib/python3.8/site-packages/airflow/example_dags/example_task_group_decorator.py
[2021-10-21 12:26:20,275] {logging_mixin.py:109} INFO - [2021-10-21 12:26:20,275] {dag.py:2389} INFO - Sync 1 DAGs
[2021-10-21 12:26:20,279] {logging_mixin.py:109} INFO - [2021-10-21 12:26:20,279] {dag.py:2914} INFO - Setting next_dagrun for example_task_group_decorator to 2021-10-20T10:26:20.279054+00:00
[2021-10-21 12:26:20,283] {processor.py:171} INFO - Processing /opt/anaconda3/envs/af2/lib/python3.8/site-packages/airflow/example_dags/example_task_group_decorator.py took 0.146 seconds
[2021-10-21 12:27:34,167] {processor.py:163} INFO - Started process (PID=24826) to work on /opt/anaconda3/envs/af2/lib/python3.8/site-packages/airflow/example_dags/example_task_group_decorator.py
[2021-10-21 12:27:34,167] {processor.py:620} INFO - Processing file /opt/anaconda3/envs/af2/lib/python3.8/site-packages/airflow/example_dags/example_task_group_decorator.py for tasks to queue
[2021-10-21 12:27:34,167] {logging_mixin.py:109} INFO - [2021-10-21 12:27:34,167] {dagbag.py:500} INFO - Filling up the DagBag from /opt/anaconda3/envs/af2/lib/python3.8/site-packages/airflow/example_dags/example_task_group_decorator.py
[2021-10-21 12:27:34,194] {processor.py:632} INFO - DAG(s) dict_keys(['example_task_group_decorator']) retrieved from /opt/anaconda3/envs/af2/lib/python3.8/site-packages/airflow/example_dags/example_task_group_decorator.py
[2021-10-21 12:27:34,296] {logging_mixin.py:109} INFO - [2021-10-21 12:27:34,296] {dag.py:2389} INFO - Sync 1 DAGs
[2021-10-21 12:27:34,300] {logging_mixin.py:109} INFO - [2021-10-21 12:27:34,300] {dag.py:2914} INFO - Setting next_dagrun for example_task_group_decorator to 2021-10-20T10:27:34.300447+00:00
[2021-10-21 12:27:34,305] {processor.py:171} INFO - Processing /opt/anaconda3/envs/af2/lib/python3.8/site-packages/airflow/example_dags/example_task_group_decorator.py took 0.139 seconds
[2021-10-21 12:28:45,870] {processor.py:163} INFO - Started process (PID=24965) to work on /opt/anaconda3/envs/af2/lib/python3.8/site-packages/airflow/example_dags/example_task_group_decorator.py
[2021-10-21 12:28:45,871] {processor.py:620} INFO - Processing file /opt/anaconda3/envs/af2/lib/python3.8/site-packages/airflow/example_dags/example_task_group_decorator.py for tasks to queue
[2021-10-21 12:28:45,871] {logging_mixin.py:109} INFO - [2021-10-21 12:28:45,871] {dagbag.py:500} INFO - Filling up the DagBag from /opt/anaconda3/envs/af2/lib/python3.8/site-packages/airflow/example_dags/example_task_group_decorator.py
[2021-10-21 12:28:45,899] {processor.py:632} INFO - DAG(s) dict_keys(['example_task_group_decorator']) retrieved from /opt/anaconda3/envs/af2/lib/python3.8/site-packages/airflow/example_dags/example_task_group_decorator.py
[2021-10-21 12:28:46,007] {logging_mixin.py:109} INFO - [2021-10-21 12:28:46,007] {dag.py:2389} INFO - Sync 1 DAGs
[2021-10-21 12:28:46,011] {logging_mixin.py:109} INFO - [2021-10-21 12:28:46,011] {dag.py:2914} INFO - Setting next_dagrun for example_task_group_decorator to 2021-10-20T10:28:46.011723+00:00
[2021-10-21 12:28:46,016] {processor.py:171} INFO - Processing /opt/anaconda3/envs/af2/lib/python3.8/site-packages/airflow/example_dags/example_task_group_decorator.py took 0.146 seconds
[2021-10-21 12:29:59,654] {processor.py:163} INFO - Started process (PID=25061) to work on /opt/anaconda3/envs/af2/lib/python3.8/site-packages/airflow/example_dags/example_task_group_decorator.py
[2021-10-21 12:29:59,655] {processor.py:620} INFO - Processing file /opt/anaconda3/envs/af2/lib/python3.8/site-packages/airflow/example_dags/example_task_group_decorator.py for tasks to queue
[2021-10-21 12:29:59,655] {logging_mixin.py:109} INFO - [2021-10-21 12:29:59,655] {dagbag.py:500} INFO - Filling up the DagBag from /opt/anaconda3/envs/af2/lib/python3.8/site-packages/airflow/example_dags/example_task_group_decorator.py
[2021-10-21 12:29:59,682] {processor.py:632} INFO - DAG(s) dict_keys(['example_task_group_decorator']) retrieved from /opt/anaconda3/envs/af2/lib/python3.8/site-packages/airflow/example_dags/example_task_group_decorator.py
[2021-10-21 12:29:59,786] {logging_mixin.py:109} INFO - [2021-10-21 12:29:59,786] {dag.py:2389} INFO - Sync 1 DAGs
[2021-10-21 12:29:59,790] {logging_mixin.py:109} INFO - [2021-10-21 12:29:59,790] {dag.py:2914} INFO - Setting next_dagrun for example_task_group_decorator to 2021-10-20T10:29:59.790017+00:00
[2021-10-21 12:29:59,795] {processor.py:171} INFO - Processing /opt/anaconda3/envs/af2/lib/python3.8/site-packages/airflow/example_dags/example_task_group_decorator.py took 0.141 seconds
[2021-10-21 12:31:21,172] {processor.py:163} INFO - Started process (PID=25257) to work on /opt/anaconda3/envs/af2/lib/python3.8/site-packages/airflow/example_dags/example_task_group_decorator.py
[2021-10-21 12:31:21,173] {processor.py:620} INFO - Processing file /opt/anaconda3/envs/af2/lib/python3.8/site-packages/airflow/example_dags/example_task_group_decorator.py for tasks to queue
[2021-10-21 12:31:21,173] {logging_mixin.py:109} INFO - [2021-10-21 12:31:21,173] {dagbag.py:500} INFO - Filling up the DagBag from /opt/anaconda3/envs/af2/lib/python3.8/site-packages/airflow/example_dags/example_task_group_decorator.py
[2021-10-21 12:31:21,202] {processor.py:632} INFO - DAG(s) dict_keys(['example_task_group_decorator']) retrieved from /opt/anaconda3/envs/af2/lib/python3.8/site-packages/airflow/example_dags/example_task_group_decorator.py
[2021-10-21 12:31:21,310] {logging_mixin.py:109} INFO - [2021-10-21 12:31:21,310] {dag.py:2389} INFO - Sync 1 DAGs
[2021-10-21 12:31:21,314] {logging_mixin.py:109} INFO - [2021-10-21 12:31:21,314] {dag.py:2914} INFO - Setting next_dagrun for example_task_group_decorator to 2021-10-20T10:31:21.314315+00:00
[2021-10-21 12:31:21,318] {processor.py:171} INFO - Processing /opt/anaconda3/envs/af2/lib/python3.8/site-packages/airflow/example_dags/example_task_group_decorator.py took 0.147 seconds
[2021-10-21 12:32:43,579] {processor.py:163} INFO - Started process (PID=25349) to work on /opt/anaconda3/envs/af2/lib/python3.8/site-packages/airflow/example_dags/example_task_group_decorator.py
[2021-10-21 12:32:43,580] {processor.py:620} INFO - Processing file /opt/anaconda3/envs/af2/lib/python3.8/site-packages/airflow/example_dags/example_task_group_decorator.py for tasks to queue
[2021-10-21 12:32:43,580] {logging_mixin.py:109} INFO - [2021-10-21 12:32:43,580] {dagbag.py:500} INFO - Filling up the DagBag from /opt/anaconda3/envs/af2/lib/python3.8/site-packages/airflow/example_dags/example_task_group_decorator.py
[2021-10-21 12:32:43,608] {processor.py:632} INFO - DAG(s) dict_keys(['example_task_group_decorator']) retrieved from /opt/anaconda3/envs/af2/lib/python3.8/site-packages/airflow/example_dags/example_task_group_decorator.py
[2021-10-21 12:32:43,711] {logging_mixin.py:109} INFO - [2021-10-21 12:32:43,711] {dag.py:2389} INFO - Sync 1 DAGs
[2021-10-21 12:32:43,715] {logging_mixin.py:109} INFO - [2021-10-21 12:32:43,715] {dag.py:2914} INFO - Setting next_dagrun for example_task_group_decorator to 2021-10-20T10:32:43.715274+00:00
[2021-10-21 12:32:43,719] {processor.py:171} INFO - Processing /opt/anaconda3/envs/af2/lib/python3.8/site-packages/airflow/example_dags/example_task_group_decorator.py took 0.141 seconds
[2021-10-21 12:34:06,262] {processor.py:163} INFO - Started process (PID=25503) to work on /opt/anaconda3/envs/af2/lib/python3.8/site-packages/airflow/example_dags/example_task_group_decorator.py
[2021-10-21 12:34:06,263] {processor.py:620} INFO - Processing file /opt/anaconda3/envs/af2/lib/python3.8/site-packages/airflow/example_dags/example_task_group_decorator.py for tasks to queue
[2021-10-21 12:34:06,263] {logging_mixin.py:109} INFO - [2021-10-21 12:34:06,263] {dagbag.py:500} INFO - Filling up the DagBag from /opt/anaconda3/envs/af2/lib/python3.8/site-packages/airflow/example_dags/example_task_group_decorator.py
[2021-10-21 12:34:06,292] {processor.py:632} INFO - DAG(s) dict_keys(['example_task_group_decorator']) retrieved from /opt/anaconda3/envs/af2/lib/python3.8/site-packages/airflow/example_dags/example_task_group_decorator.py
[2021-10-21 12:34:06,398] {logging_mixin.py:109} INFO - [2021-10-21 12:34:06,398] {dag.py:2389} INFO - Sync 1 DAGs
[2021-10-21 12:34:06,402] {logging_mixin.py:109} INFO - [2021-10-21 12:34:06,402] {dag.py:2914} INFO - Setting next_dagrun for example_task_group_decorator to 2021-10-20T10:34:06.401983+00:00
[2021-10-21 12:34:06,406] {processor.py:171} INFO - Processing /opt/anaconda3/envs/af2/lib/python3.8/site-packages/airflow/example_dags/example_task_group_decorator.py took 0.145 seconds
[2021-10-21 12:35:32,977] {processor.py:163} INFO - Started process (PID=25606) to work on /opt/anaconda3/envs/af2/lib/python3.8/site-packages/airflow/example_dags/example_task_group_decorator.py
[2021-10-21 12:35:32,977] {processor.py:620} INFO - Processing file /opt/anaconda3/envs/af2/lib/python3.8/site-packages/airflow/example_dags/example_task_group_decorator.py for tasks to queue
[2021-10-21 12:35:32,978] {logging_mixin.py:109} INFO - [2021-10-21 12:35:32,978] {dagbag.py:500} INFO - Filling up the DagBag from /opt/anaconda3/envs/af2/lib/python3.8/site-packages/airflow/example_dags/example_task_group_decorator.py
[2021-10-21 12:35:33,006] {processor.py:632} INFO - DAG(s) dict_keys(['example_task_group_decorator']) retrieved from /opt/anaconda3/envs/af2/lib/python3.8/site-packages/airflow/example_dags/example_task_group_decorator.py
[2021-10-21 12:35:33,120] {logging_mixin.py:109} INFO - [2021-10-21 12:35:33,119] {dag.py:2389} INFO - Sync 1 DAGs
[2021-10-21 12:35:33,123] {logging_mixin.py:109} INFO - [2021-10-21 12:35:33,123] {dag.py:2914} INFO - Setting next_dagrun for example_task_group_decorator to 2021-10-20T10:35:33.123743+00:00
[2021-10-21 12:35:33,128] {processor.py:171} INFO - Processing /opt/anaconda3/envs/af2/lib/python3.8/site-packages/airflow/example_dags/example_task_group_decorator.py took 0.152 seconds
[2021-10-21 12:37:00,026] {processor.py:163} INFO - Started process (PID=25711) to work on /opt/anaconda3/envs/af2/lib/python3.8/site-packages/airflow/example_dags/example_task_group_decorator.py
[2021-10-21 12:37:00,028] {processor.py:620} INFO - Processing file /opt/anaconda3/envs/af2/lib/python3.8/site-packages/airflow/example_dags/example_task_group_decorator.py for tasks to queue
[2021-10-21 12:37:00,028] {logging_mixin.py:109} INFO - [2021-10-21 12:37:00,028] {dagbag.py:500} INFO - Filling up the DagBag from /opt/anaconda3/envs/af2/lib/python3.8/site-packages/airflow/example_dags/example_task_group_decorator.py
[2021-10-21 12:37:00,056] {processor.py:632} INFO - DAG(s) dict_keys(['example_task_group_decorator']) retrieved from /opt/anaconda3/envs/af2/lib/python3.8/site-packages/airflow/example_dags/example_task_group_decorator.py
[2021-10-21 12:37:00,159] {logging_mixin.py:109} INFO - [2021-10-21 12:37:00,158] {dag.py:2389} INFO - Sync 1 DAGs
[2021-10-21 12:37:00,162] {logging_mixin.py:109} INFO - [2021-10-21 12:37:00,162] {dag.py:2914} INFO - Setting next_dagrun for example_task_group_decorator to 2021-10-20T10:37:00.162578+00:00
[2021-10-21 12:37:00,167] {processor.py:171} INFO - Processing /opt/anaconda3/envs/af2/lib/python3.8/site-packages/airflow/example_dags/example_task_group_decorator.py took 0.141 seconds
[2021-10-21 12:38:44,196] {processor.py:163} INFO - Started process (PID=25866) to work on /opt/anaconda3/envs/af2/lib/python3.8/site-packages/airflow/example_dags/example_task_group_decorator.py
[2021-10-21 12:38:44,197] {processor.py:620} INFO - Processing file /opt/anaconda3/envs/af2/lib/python3.8/site-packages/airflow/example_dags/example_task_group_decorator.py for tasks to queue
[2021-10-21 12:38:44,197] {logging_mixin.py:109} INFO - [2021-10-21 12:38:44,197] {dagbag.py:500} INFO - Filling up the DagBag from /opt/anaconda3/envs/af2/lib/python3.8/site-packages/airflow/example_dags/example_task_group_decorator.py
[2021-10-21 12:38:44,228] {processor.py:632} INFO - DAG(s) dict_keys(['example_task_group_decorator']) retrieved from /opt/anaconda3/envs/af2/lib/python3.8/site-packages/airflow/example_dags/example_task_group_decorator.py
[2021-10-21 12:38:44,364] {logging_mixin.py:109} INFO - [2021-10-21 12:38:44,364] {dag.py:2389} INFO - Sync 1 DAGs
[2021-10-21 12:38:44,368] {logging_mixin.py:109} INFO - [2021-10-21 12:38:44,368] {dag.py:2914} INFO - Setting next_dagrun for example_task_group_decorator to 2021-10-20T10:38:44.368165+00:00
[2021-10-21 12:38:44,372] {processor.py:171} INFO - Processing /opt/anaconda3/envs/af2/lib/python3.8/site-packages/airflow/example_dags/example_task_group_decorator.py took 0.177 seconds
[2021-10-21 12:40:18,554] {processor.py:163} INFO - Started process (PID=25956) to work on /opt/anaconda3/envs/af2/lib/python3.8/site-packages/airflow/example_dags/example_task_group_decorator.py
[2021-10-21 12:40:18,555] {processor.py:620} INFO - Processing file /opt/anaconda3/envs/af2/lib/python3.8/site-packages/airflow/example_dags/example_task_group_decorator.py for tasks to queue
[2021-10-21 12:40:18,555] {logging_mixin.py:109} INFO - [2021-10-21 12:40:18,555] {dagbag.py:500} INFO - Filling up the DagBag from /opt/anaconda3/envs/af2/lib/python3.8/site-packages/airflow/example_dags/example_task_group_decorator.py
[2021-10-21 12:40:18,585] {processor.py:632} INFO - DAG(s) dict_keys(['example_task_group_decorator']) retrieved from /opt/anaconda3/envs/af2/lib/python3.8/site-packages/airflow/example_dags/example_task_group_decorator.py
[2021-10-21 12:40:18,695] {logging_mixin.py:109} INFO - [2021-10-21 12:40:18,695] {dag.py:2389} INFO - Sync 1 DAGs
[2021-10-21 12:40:18,699] {logging_mixin.py:109} INFO - [2021-10-21 12:40:18,699] {dag.py:2914} INFO - Setting next_dagrun for example_task_group_decorator to 2021-10-20T10:40:18.699712+00:00
[2021-10-21 12:40:18,704] {processor.py:171} INFO - Processing /opt/anaconda3/envs/af2/lib/python3.8/site-packages/airflow/example_dags/example_task_group_decorator.py took 0.151 seconds
[2021-10-21 12:41:44,408] {processor.py:163} INFO - Started process (PID=26055) to work on /opt/anaconda3/envs/af2/lib/python3.8/site-packages/airflow/example_dags/example_task_group_decorator.py
[2021-10-21 12:41:44,409] {processor.py:620} INFO - Processing file /opt/anaconda3/envs/af2/lib/python3.8/site-packages/airflow/example_dags/example_task_group_decorator.py for tasks to queue
[2021-10-21 12:41:44,410] {logging_mixin.py:109} INFO - [2021-10-21 12:41:44,410] {dagbag.py:500} INFO - Filling up the DagBag from /opt/anaconda3/envs/af2/lib/python3.8/site-packages/airflow/example_dags/example_task_group_decorator.py
[2021-10-21 12:41:44,438] {processor.py:632} INFO - DAG(s) dict_keys(['example_task_group_decorator']) retrieved from /opt/anaconda3/envs/af2/lib/python3.8/site-packages/airflow/example_dags/example_task_group_decorator.py
[2021-10-21 12:41:44,538] {logging_mixin.py:109} INFO - [2021-10-21 12:41:44,538] {dag.py:2389} INFO - Sync 1 DAGs
[2021-10-21 12:41:44,542] {logging_mixin.py:109} INFO - [2021-10-21 12:41:44,542] {dag.py:2914} INFO - Setting next_dagrun for example_task_group_decorator to 2021-10-20T10:41:44.542152+00:00
[2021-10-21 12:41:44,547] {processor.py:171} INFO - Processing /opt/anaconda3/envs/af2/lib/python3.8/site-packages/airflow/example_dags/example_task_group_decorator.py took 0.139 seconds
[2021-10-21 12:43:09,563] {processor.py:163} INFO - Started process (PID=26156) to work on /opt/anaconda3/envs/af2/lib/python3.8/site-packages/airflow/example_dags/example_task_group_decorator.py
[2021-10-21 12:43:09,563] {processor.py:620} INFO - Processing file /opt/anaconda3/envs/af2/lib/python3.8/site-packages/airflow/example_dags/example_task_group_decorator.py for tasks to queue
[2021-10-21 12:43:09,563] {logging_mixin.py:109} INFO - [2021-10-21 12:43:09,563] {dagbag.py:500} INFO - Filling up the DagBag from /opt/anaconda3/envs/af2/lib/python3.8/site-packages/airflow/example_dags/example_task_group_decorator.py
[2021-10-21 12:43:09,592] {processor.py:632} INFO - DAG(s) dict_keys(['example_task_group_decorator']) retrieved from /opt/anaconda3/envs/af2/lib/python3.8/site-packages/airflow/example_dags/example_task_group_decorator.py
[2021-10-21 12:43:09,693] {logging_mixin.py:109} INFO - [2021-10-21 12:43:09,693] {dag.py:2389} INFO - Sync 1 DAGs
[2021-10-21 12:43:09,697] {logging_mixin.py:109} INFO - [2021-10-21 12:43:09,697] {dag.py:2914} INFO - Setting next_dagrun for example_task_group_decorator to 2021-10-20T10:43:09.697255+00:00
[2021-10-21 12:43:09,702] {processor.py:171} INFO - Processing /opt/anaconda3/envs/af2/lib/python3.8/site-packages/airflow/example_dags/example_task_group_decorator.py took 0.140 seconds
[2021-10-21 12:44:34,315] {processor.py:163} INFO - Started process (PID=26285) to work on /opt/anaconda3/envs/af2/lib/python3.8/site-packages/airflow/example_dags/example_task_group_decorator.py
[2021-10-21 12:44:34,317] {processor.py:620} INFO - Processing file /opt/anaconda3/envs/af2/lib/python3.8/site-packages/airflow/example_dags/example_task_group_decorator.py for tasks to queue
[2021-10-21 12:44:34,317] {logging_mixin.py:109} INFO - [2021-10-21 12:44:34,317] {dagbag.py:500} INFO - Filling up the DagBag from /opt/anaconda3/envs/af2/lib/python3.8/site-packages/airflow/example_dags/example_task_group_decorator.py
[2021-10-21 12:44:34,344] {processor.py:632} INFO - DAG(s) dict_keys(['example_task_group_decorator']) retrieved from /opt/anaconda3/envs/af2/lib/python3.8/site-packages/airflow/example_dags/example_task_group_decorator.py
[2021-10-21 12:44:34,479] {logging_mixin.py:109} INFO - [2021-10-21 12:44:34,479] {dag.py:2389} INFO - Sync 1 DAGs
[2021-10-21 12:44:34,482] {logging_mixin.py:109} INFO - [2021-10-21 12:44:34,482] {dag.py:2914} INFO - Setting next_dagrun for example_task_group_decorator to 2021-10-20T10:44:34.482692+00:00
[2021-10-21 12:44:34,486] {processor.py:171} INFO - Processing /opt/anaconda3/envs/af2/lib/python3.8/site-packages/airflow/example_dags/example_task_group_decorator.py took 0.172 seconds
[2021-10-21 12:46:15,966] {processor.py:163} INFO - Started process (PID=26430) to work on /opt/anaconda3/envs/af2/lib/python3.8/site-packages/airflow/example_dags/example_task_group_decorator.py
[2021-10-21 12:46:15,967] {processor.py:620} INFO - Processing file /opt/anaconda3/envs/af2/lib/python3.8/site-packages/airflow/example_dags/example_task_group_decorator.py for tasks to queue
[2021-10-21 12:46:15,967] {logging_mixin.py:109} INFO - [2021-10-21 12:46:15,967] {dagbag.py:500} INFO - Filling up the DagBag from /opt/anaconda3/envs/af2/lib/python3.8/site-packages/airflow/example_dags/example_task_group_decorator.py
[2021-10-21 12:46:15,998] {processor.py:632} INFO - DAG(s) dict_keys(['example_task_group_decorator']) retrieved from /opt/anaconda3/envs/af2/lib/python3.8/site-packages/airflow/example_dags/example_task_group_decorator.py
[2021-10-21 12:46:16,105] {logging_mixin.py:109} INFO - [2021-10-21 12:46:16,105] {dag.py:2389} INFO - Sync 1 DAGs
[2021-10-21 12:46:16,109] {logging_mixin.py:109} INFO - [2021-10-21 12:46:16,109] {dag.py:2914} INFO - Setting next_dagrun for example_task_group_decorator to 2021-10-20T10:46:16.109549+00:00
[2021-10-21 12:46:16,114] {processor.py:171} INFO - Processing /opt/anaconda3/envs/af2/lib/python3.8/site-packages/airflow/example_dags/example_task_group_decorator.py took 0.149 seconds
[2021-10-21 12:47:42,804] {processor.py:163} INFO - Started process (PID=26635) to work on /opt/anaconda3/envs/af2/lib/python3.8/site-packages/airflow/example_dags/example_task_group_decorator.py
[2021-10-21 12:47:42,805] {processor.py:620} INFO - Processing file /opt/anaconda3/envs/af2/lib/python3.8/site-packages/airflow/example_dags/example_task_group_decorator.py for tasks to queue
[2021-10-21 12:47:42,805] {logging_mixin.py:109} INFO - [2021-10-21 12:47:42,805] {dagbag.py:500} INFO - Filling up the DagBag from /opt/anaconda3/envs/af2/lib/python3.8/site-packages/airflow/example_dags/example_task_group_decorator.py
[2021-10-21 12:47:42,833] {processor.py:632} INFO - DAG(s) dict_keys(['example_task_group_decorator']) retrieved from /opt/anaconda3/envs/af2/lib/python3.8/site-packages/airflow/example_dags/example_task_group_decorator.py
[2021-10-21 12:47:42,940] {logging_mixin.py:109} INFO - [2021-10-21 12:47:42,940] {dag.py:2389} INFO - Sync 1 DAGs
[2021-10-21 12:47:42,944] {logging_mixin.py:109} INFO - [2021-10-21 12:47:42,943] {dag.py:2914} INFO - Setting next_dagrun for example_task_group_decorator to 2021-10-20T10:47:42.943854+00:00
[2021-10-21 12:47:42,949] {processor.py:171} INFO - Processing /opt/anaconda3/envs/af2/lib/python3.8/site-packages/airflow/example_dags/example_task_group_decorator.py took 0.145 seconds
[2021-10-21 12:49:01,584] {processor.py:163} INFO - Started process (PID=26764) to work on /opt/anaconda3/envs/af2/lib/python3.8/site-packages/airflow/example_dags/example_task_group_decorator.py
[2021-10-21 12:49:01,585] {processor.py:620} INFO - Processing file /opt/anaconda3/envs/af2/lib/python3.8/site-packages/airflow/example_dags/example_task_group_decorator.py for tasks to queue
[2021-10-21 12:49:01,585] {logging_mixin.py:109} INFO - [2021-10-21 12:49:01,585] {dagbag.py:500} INFO - Filling up the DagBag from /opt/anaconda3/envs/af2/lib/python3.8/site-packages/airflow/example_dags/example_task_group_decorator.py
[2021-10-21 12:49:01,614] {processor.py:632} INFO - DAG(s) dict_keys(['example_task_group_decorator']) retrieved from /opt/anaconda3/envs/af2/lib/python3.8/site-packages/airflow/example_dags/example_task_group_decorator.py
[2021-10-21 12:49:01,717] {logging_mixin.py:109} INFO - [2021-10-21 12:49:01,716] {dag.py:2389} INFO - Sync 1 DAGs
[2021-10-21 12:49:01,721] {logging_mixin.py:109} INFO - [2021-10-21 12:49:01,720] {dag.py:2914} INFO - Setting next_dagrun for example_task_group_decorator to 2021-10-20T10:49:01.720858+00:00
[2021-10-21 12:49:01,725] {processor.py:171} INFO - Processing /opt/anaconda3/envs/af2/lib/python3.8/site-packages/airflow/example_dags/example_task_group_decorator.py took 0.142 seconds
[2021-10-21 12:50:16,161] {processor.py:163} INFO - Started process (PID=26899) to work on /opt/anaconda3/envs/af2/lib/python3.8/site-packages/airflow/example_dags/example_task_group_decorator.py
[2021-10-21 12:50:16,162] {processor.py:620} INFO - Processing file /opt/anaconda3/envs/af2/lib/python3.8/site-packages/airflow/example_dags/example_task_group_decorator.py for tasks to queue
[2021-10-21 12:50:16,162] {logging_mixin.py:109} INFO - [2021-10-21 12:50:16,162] {dagbag.py:500} INFO - Filling up the DagBag from /opt/anaconda3/envs/af2/lib/python3.8/site-packages/airflow/example_dags/example_task_group_decorator.py
[2021-10-21 12:50:16,190] {processor.py:632} INFO - DAG(s) dict_keys(['example_task_group_decorator']) retrieved from /opt/anaconda3/envs/af2/lib/python3.8/site-packages/airflow/example_dags/example_task_group_decorator.py
[2021-10-21 12:50:16,290] {logging_mixin.py:109} INFO - [2021-10-21 12:50:16,290] {dag.py:2389} INFO - Sync 1 DAGs
[2021-10-21 12:50:16,294] {logging_mixin.py:109} INFO - [2021-10-21 12:50:16,294] {dag.py:2914} INFO - Setting next_dagrun for example_task_group_decorator to 2021-10-20T10:50:16.294508+00:00
[2021-10-21 12:50:16,299] {processor.py:171} INFO - Processing /opt/anaconda3/envs/af2/lib/python3.8/site-packages/airflow/example_dags/example_task_group_decorator.py took 0.138 seconds
[2021-10-21 12:51:30,085] {processor.py:163} INFO - Started process (PID=27003) to work on /opt/anaconda3/envs/af2/lib/python3.8/site-packages/airflow/example_dags/example_task_group_decorator.py
[2021-10-21 12:51:30,085] {processor.py:620} INFO - Processing file /opt/anaconda3/envs/af2/lib/python3.8/site-packages/airflow/example_dags/example_task_group_decorator.py for tasks to queue
[2021-10-21 12:51:30,085] {logging_mixin.py:109} INFO - [2021-10-21 12:51:30,085] {dagbag.py:500} INFO - Filling up the DagBag from /opt/anaconda3/envs/af2/lib/python3.8/site-packages/airflow/example_dags/example_task_group_decorator.py
[2021-10-21 12:51:30,115] {processor.py:632} INFO - DAG(s) dict_keys(['example_task_group_decorator']) retrieved from /opt/anaconda3/envs/af2/lib/python3.8/site-packages/airflow/example_dags/example_task_group_decorator.py
[2021-10-21 12:51:30,222] {logging_mixin.py:109} INFO - [2021-10-21 12:51:30,222] {dag.py:2389} INFO - Sync 1 DAGs
[2021-10-21 12:51:30,226] {logging_mixin.py:109} INFO - [2021-10-21 12:51:30,226] {dag.py:2914} INFO - Setting next_dagrun for example_task_group_decorator to 2021-10-20T10:51:30.226403+00:00
[2021-10-21 12:51:30,231] {processor.py:171} INFO - Processing /opt/anaconda3/envs/af2/lib/python3.8/site-packages/airflow/example_dags/example_task_group_decorator.py took 0.147 seconds
[2021-10-21 12:52:32,692] {processor.py:163} INFO - Started process (PID=27082) to work on /opt/anaconda3/envs/af2/lib/python3.8/site-packages/airflow/example_dags/example_task_group_decorator.py
[2021-10-21 12:52:32,693] {processor.py:620} INFO - Processing file /opt/anaconda3/envs/af2/lib/python3.8/site-packages/airflow/example_dags/example_task_group_decorator.py for tasks to queue
[2021-10-21 12:52:32,693] {logging_mixin.py:109} INFO - [2021-10-21 12:52:32,693] {dagbag.py:500} INFO - Filling up the DagBag from /opt/anaconda3/envs/af2/lib/python3.8/site-packages/airflow/example_dags/example_task_group_decorator.py
[2021-10-21 12:52:32,721] {processor.py:632} INFO - DAG(s) dict_keys(['example_task_group_decorator']) retrieved from /opt/anaconda3/envs/af2/lib/python3.8/site-packages/airflow/example_dags/example_task_group_decorator.py
[2021-10-21 12:52:32,836] {logging_mixin.py:109} INFO - [2021-10-21 12:52:32,836] {dag.py:2389} INFO - Sync 1 DAGs
[2021-10-21 12:52:32,840] {logging_mixin.py:109} INFO - [2021-10-21 12:52:32,840] {dag.py:2914} INFO - Setting next_dagrun for example_task_group_decorator to 2021-10-20T10:52:32.840568+00:00
[2021-10-21 12:52:32,845] {processor.py:171} INFO - Processing /opt/anaconda3/envs/af2/lib/python3.8/site-packages/airflow/example_dags/example_task_group_decorator.py took 0.154 seconds
[2021-10-21 12:53:45,870] {processor.py:163} INFO - Started process (PID=27175) to work on /opt/anaconda3/envs/af2/lib/python3.8/site-packages/airflow/example_dags/example_task_group_decorator.py
[2021-10-21 12:53:45,871] {processor.py:620} INFO - Processing file /opt/anaconda3/envs/af2/lib/python3.8/site-packages/airflow/example_dags/example_task_group_decorator.py for tasks to queue
[2021-10-21 12:53:45,871] {logging_mixin.py:109} INFO - [2021-10-21 12:53:45,871] {dagbag.py:500} INFO - Filling up the DagBag from /opt/anaconda3/envs/af2/lib/python3.8/site-packages/airflow/example_dags/example_task_group_decorator.py
[2021-10-21 12:53:45,900] {processor.py:632} INFO - DAG(s) dict_keys(['example_task_group_decorator']) retrieved from /opt/anaconda3/envs/af2/lib/python3.8/site-packages/airflow/example_dags/example_task_group_decorator.py
[2021-10-21 12:53:46,009] {logging_mixin.py:109} INFO - [2021-10-21 12:53:46,009] {dag.py:2389} INFO - Sync 1 DAGs
[2021-10-21 12:53:46,013] {logging_mixin.py:109} INFO - [2021-10-21 12:53:46,013] {dag.py:2914} INFO - Setting next_dagrun for example_task_group_decorator to 2021-10-20T10:53:46.012944+00:00
[2021-10-21 12:53:46,017] {processor.py:171} INFO - Processing /opt/anaconda3/envs/af2/lib/python3.8/site-packages/airflow/example_dags/example_task_group_decorator.py took 0.148 seconds
[2021-10-21 12:55:13,970] {processor.py:163} INFO - Started process (PID=27275) to work on /opt/anaconda3/envs/af2/lib/python3.8/site-packages/airflow/example_dags/example_task_group_decorator.py
[2021-10-21 12:55:13,970] {processor.py:620} INFO - Processing file /opt/anaconda3/envs/af2/lib/python3.8/site-packages/airflow/example_dags/example_task_group_decorator.py for tasks to queue
[2021-10-21 12:55:13,971] {logging_mixin.py:109} INFO - [2021-10-21 12:55:13,971] {dagbag.py:500} INFO - Filling up the DagBag from /opt/anaconda3/envs/af2/lib/python3.8/site-packages/airflow/example_dags/example_task_group_decorator.py
[2021-10-21 12:55:14,001] {processor.py:632} INFO - DAG(s) dict_keys(['example_task_group_decorator']) retrieved from /opt/anaconda3/envs/af2/lib/python3.8/site-packages/airflow/example_dags/example_task_group_decorator.py
[2021-10-21 12:55:14,116] {logging_mixin.py:109} INFO - [2021-10-21 12:55:14,116] {dag.py:2389} INFO - Sync 1 DAGs
[2021-10-21 12:55:14,120] {logging_mixin.py:109} INFO - [2021-10-21 12:55:14,120] {dag.py:2914} INFO - Setting next_dagrun for example_task_group_decorator to 2021-10-20T10:55:14.120658+00:00
[2021-10-21 12:55:14,125] {processor.py:171} INFO - Processing /opt/anaconda3/envs/af2/lib/python3.8/site-packages/airflow/example_dags/example_task_group_decorator.py took 0.156 seconds
[2021-10-21 12:56:40,699] {processor.py:163} INFO - Started process (PID=27385) to work on /opt/anaconda3/envs/af2/lib/python3.8/site-packages/airflow/example_dags/example_task_group_decorator.py
[2021-10-21 12:56:40,700] {processor.py:620} INFO - Processing file /opt/anaconda3/envs/af2/lib/python3.8/site-packages/airflow/example_dags/example_task_group_decorator.py for tasks to queue
[2021-10-21 12:56:40,700] {logging_mixin.py:109} INFO - [2021-10-21 12:56:40,700] {dagbag.py:500} INFO - Filling up the DagBag from /opt/anaconda3/envs/af2/lib/python3.8/site-packages/airflow/example_dags/example_task_group_decorator.py
[2021-10-21 12:56:40,730] {processor.py:632} INFO - DAG(s) dict_keys(['example_task_group_decorator']) retrieved from /opt/anaconda3/envs/af2/lib/python3.8/site-packages/airflow/example_dags/example_task_group_decorator.py
[2021-10-21 12:56:40,855] {logging_mixin.py:109} INFO - [2021-10-21 12:56:40,854] {dag.py:2389} INFO - Sync 1 DAGs
[2021-10-21 12:56:40,859] {logging_mixin.py:109} INFO - [2021-10-21 12:56:40,859] {dag.py:2914} INFO - Setting next_dagrun for example_task_group_decorator to 2021-10-20T10:56:40.859052+00:00
[2021-10-21 12:56:40,864] {processor.py:171} INFO - Processing /opt/anaconda3/envs/af2/lib/python3.8/site-packages/airflow/example_dags/example_task_group_decorator.py took 0.166 seconds
[2021-10-21 12:58:12,609] {processor.py:163} INFO - Started process (PID=27495) to work on /opt/anaconda3/envs/af2/lib/python3.8/site-packages/airflow/example_dags/example_task_group_decorator.py
[2021-10-21 12:58:12,610] {processor.py:620} INFO - Processing file /opt/anaconda3/envs/af2/lib/python3.8/site-packages/airflow/example_dags/example_task_group_decorator.py for tasks to queue
[2021-10-21 12:58:12,610] {logging_mixin.py:109} INFO - [2021-10-21 12:58:12,610] {dagbag.py:500} INFO - Filling up the DagBag from /opt/anaconda3/envs/af2/lib/python3.8/site-packages/airflow/example_dags/example_task_group_decorator.py
[2021-10-21 12:58:12,639] {processor.py:632} INFO - DAG(s) dict_keys(['example_task_group_decorator']) retrieved from /opt/anaconda3/envs/af2/lib/python3.8/site-packages/airflow/example_dags/example_task_group_decorator.py
[2021-10-21 12:58:12,744] {logging_mixin.py:109} INFO - [2021-10-21 12:58:12,744] {dag.py:2389} INFO - Sync 1 DAGs
[2021-10-21 12:58:12,747] {logging_mixin.py:109} INFO - [2021-10-21 12:58:12,747] {dag.py:2914} INFO - Setting next_dagrun for example_task_group_decorator to 2021-10-20T10:58:12.747819+00:00
[2021-10-21 12:58:12,752] {processor.py:171} INFO - Processing /opt/anaconda3/envs/af2/lib/python3.8/site-packages/airflow/example_dags/example_task_group_decorator.py took 0.144 seconds
[2021-10-21 12:59:41,641] {processor.py:163} INFO - Started process (PID=27604) to work on /opt/anaconda3/envs/af2/lib/python3.8/site-packages/airflow/example_dags/example_task_group_decorator.py
[2021-10-21 12:59:41,641] {processor.py:620} INFO - Processing file /opt/anaconda3/envs/af2/lib/python3.8/site-packages/airflow/example_dags/example_task_group_decorator.py for tasks to queue
[2021-10-21 12:59:41,641] {logging_mixin.py:109} INFO - [2021-10-21 12:59:41,641] {dagbag.py:500} INFO - Filling up the DagBag from /opt/anaconda3/envs/af2/lib/python3.8/site-packages/airflow/example_dags/example_task_group_decorator.py
[2021-10-21 12:59:41,676] {processor.py:632} INFO - DAG(s) dict_keys(['example_task_group_decorator']) retrieved from /opt/anaconda3/envs/af2/lib/python3.8/site-packages/airflow/example_dags/example_task_group_decorator.py
[2021-10-21 12:59:41,786] {logging_mixin.py:109} INFO - [2021-10-21 12:59:41,786] {dag.py:2389} INFO - Sync 1 DAGs
[2021-10-21 12:59:41,790] {logging_mixin.py:109} INFO - [2021-10-21 12:59:41,790] {dag.py:2914} INFO - Setting next_dagrun for example_task_group_decorator to 2021-10-20T10:59:41.790100+00:00
[2021-10-21 12:59:41,795] {processor.py:171} INFO - Processing /opt/anaconda3/envs/af2/lib/python3.8/site-packages/airflow/example_dags/example_task_group_decorator.py took 0.155 seconds
[2021-10-21 13:01:14,804] {processor.py:163} INFO - Started process (PID=27700) to work on /opt/anaconda3/envs/af2/lib/python3.8/site-packages/airflow/example_dags/example_task_group_decorator.py
[2021-10-21 13:01:14,804] {processor.py:620} INFO - Processing file /opt/anaconda3/envs/af2/lib/python3.8/site-packages/airflow/example_dags/example_task_group_decorator.py for tasks to queue
[2021-10-21 13:01:14,805] {logging_mixin.py:109} INFO - [2021-10-21 13:01:14,805] {dagbag.py:500} INFO - Filling up the DagBag from /opt/anaconda3/envs/af2/lib/python3.8/site-packages/airflow/example_dags/example_task_group_decorator.py
[2021-10-21 13:01:14,833] {processor.py:632} INFO - DAG(s) dict_keys(['example_task_group_decorator']) retrieved from /opt/anaconda3/envs/af2/lib/python3.8/site-packages/airflow/example_dags/example_task_group_decorator.py
[2021-10-21 13:01:14,939] {logging_mixin.py:109} INFO - [2021-10-21 13:01:14,939] {dag.py:2389} INFO - Sync 1 DAGs
[2021-10-21 13:01:14,943] {logging_mixin.py:109} INFO - [2021-10-21 13:01:14,943] {dag.py:2914} INFO - Setting next_dagrun for example_task_group_decorator to 2021-10-20T11:01:14.942926+00:00
[2021-10-21 13:01:14,947] {processor.py:171} INFO - Processing /opt/anaconda3/envs/af2/lib/python3.8/site-packages/airflow/example_dags/example_task_group_decorator.py took 0.144 seconds
[2021-10-21 13:02:44,940] {processor.py:163} INFO - Started process (PID=27833) to work on /opt/anaconda3/envs/af2/lib/python3.8/site-packages/airflow/example_dags/example_task_group_decorator.py
[2021-10-21 13:02:44,941] {processor.py:620} INFO - Processing file /opt/anaconda3/envs/af2/lib/python3.8/site-packages/airflow/example_dags/example_task_group_decorator.py for tasks to queue
[2021-10-21 13:02:44,942] {logging_mixin.py:109} INFO - [2021-10-21 13:02:44,942] {dagbag.py:500} INFO - Filling up the DagBag from /opt/anaconda3/envs/af2/lib/python3.8/site-packages/airflow/example_dags/example_task_group_decorator.py
[2021-10-21 13:02:44,970] {processor.py:632} INFO - DAG(s) dict_keys(['example_task_group_decorator']) retrieved from /opt/anaconda3/envs/af2/lib/python3.8/site-packages/airflow/example_dags/example_task_group_decorator.py
[2021-10-21 13:02:45,077] {logging_mixin.py:109} INFO - [2021-10-21 13:02:45,077] {dag.py:2389} INFO - Sync 1 DAGs
[2021-10-21 13:02:45,081] {logging_mixin.py:109} INFO - [2021-10-21 13:02:45,081] {dag.py:2914} INFO - Setting next_dagrun for example_task_group_decorator to 2021-10-20T11:02:45.081311+00:00
[2021-10-21 13:02:45,086] {processor.py:171} INFO - Processing /opt/anaconda3/envs/af2/lib/python3.8/site-packages/airflow/example_dags/example_task_group_decorator.py took 0.146 seconds
[2021-10-21 13:04:13,555] {processor.py:163} INFO - Started process (PID=27939) to work on /opt/anaconda3/envs/af2/lib/python3.8/site-packages/airflow/example_dags/example_task_group_decorator.py
[2021-10-21 13:04:13,556] {processor.py:620} INFO - Processing file /opt/anaconda3/envs/af2/lib/python3.8/site-packages/airflow/example_dags/example_task_group_decorator.py for tasks to queue
[2021-10-21 13:04:13,556] {logging_mixin.py:109} INFO - [2021-10-21 13:04:13,556] {dagbag.py:500} INFO - Filling up the DagBag from /opt/anaconda3/envs/af2/lib/python3.8/site-packages/airflow/example_dags/example_task_group_decorator.py
[2021-10-21 13:04:13,584] {processor.py:632} INFO - DAG(s) dict_keys(['example_task_group_decorator']) retrieved from /opt/anaconda3/envs/af2/lib/python3.8/site-packages/airflow/example_dags/example_task_group_decorator.py
[2021-10-21 13:04:13,690] {logging_mixin.py:109} INFO - [2021-10-21 13:04:13,690] {dag.py:2389} INFO - Sync 1 DAGs
[2021-10-21 13:04:13,694] {logging_mixin.py:109} INFO - [2021-10-21 13:04:13,694] {dag.py:2914} INFO - Setting next_dagrun for example_task_group_decorator to 2021-10-20T11:04:13.694193+00:00
[2021-10-21 13:04:13,698] {processor.py:171} INFO - Processing /opt/anaconda3/envs/af2/lib/python3.8/site-packages/airflow/example_dags/example_task_group_decorator.py took 0.144 seconds
[2021-10-21 13:05:45,156] {processor.py:163} INFO - Started process (PID=28042) to work on /opt/anaconda3/envs/af2/lib/python3.8/site-packages/airflow/example_dags/example_task_group_decorator.py
[2021-10-21 13:05:45,157] {processor.py:620} INFO - Processing file /opt/anaconda3/envs/af2/lib/python3.8/site-packages/airflow/example_dags/example_task_group_decorator.py for tasks to queue
[2021-10-21 13:05:45,157] {logging_mixin.py:109} INFO - [2021-10-21 13:05:45,157] {dagbag.py:500} INFO - Filling up the DagBag from /opt/anaconda3/envs/af2/lib/python3.8/site-packages/airflow/example_dags/example_task_group_decorator.py
[2021-10-21 13:05:45,188] {processor.py:632} INFO - DAG(s) dict_keys(['example_task_group_decorator']) retrieved from /opt/anaconda3/envs/af2/lib/python3.8/site-packages/airflow/example_dags/example_task_group_decorator.py
[2021-10-21 13:05:45,295] {logging_mixin.py:109} INFO - [2021-10-21 13:05:45,295] {dag.py:2389} INFO - Sync 1 DAGs
[2021-10-21 13:05:45,299] {logging_mixin.py:109} INFO - [2021-10-21 13:05:45,299] {dag.py:2914} INFO - Setting next_dagrun for example_task_group_decorator to 2021-10-20T11:05:45.299363+00:00
[2021-10-21 13:05:45,304] {processor.py:171} INFO - Processing /opt/anaconda3/envs/af2/lib/python3.8/site-packages/airflow/example_dags/example_task_group_decorator.py took 0.149 seconds
[2021-10-21 13:07:15,101] {processor.py:163} INFO - Started process (PID=28200) to work on /opt/anaconda3/envs/af2/lib/python3.8/site-packages/airflow/example_dags/example_task_group_decorator.py
[2021-10-21 13:07:15,102] {processor.py:620} INFO - Processing file /opt/anaconda3/envs/af2/lib/python3.8/site-packages/airflow/example_dags/example_task_group_decorator.py for tasks to queue
[2021-10-21 13:07:15,102] {logging_mixin.py:109} INFO - [2021-10-21 13:07:15,102] {dagbag.py:500} INFO - Filling up the DagBag from /opt/anaconda3/envs/af2/lib/python3.8/site-packages/airflow/example_dags/example_task_group_decorator.py
[2021-10-21 13:07:15,146] {processor.py:632} INFO - DAG(s) dict_keys(['example_task_group_decorator']) retrieved from /opt/anaconda3/envs/af2/lib/python3.8/site-packages/airflow/example_dags/example_task_group_decorator.py
[2021-10-21 13:07:15,288] {logging_mixin.py:109} INFO - [2021-10-21 13:07:15,288] {dag.py:2389} INFO - Sync 1 DAGs
[2021-10-21 13:07:15,294] {logging_mixin.py:109} INFO - [2021-10-21 13:07:15,294] {dag.py:2914} INFO - Setting next_dagrun for example_task_group_decorator to 2021-10-20T11:07:15.294403+00:00
[2021-10-21 13:07:15,300] {processor.py:171} INFO - Processing /opt/anaconda3/envs/af2/lib/python3.8/site-packages/airflow/example_dags/example_task_group_decorator.py took 0.200 seconds
