[2021-10-21 12:02:07,621] {processor.py:163} INFO - Started process (PID=22394) to work on /opt/anaconda3/envs/af2/lib/python3.8/site-packages/airflow/example_dags/example_skip_dag.py
[2021-10-21 12:02:07,621] {processor.py:620} INFO - Processing file /opt/anaconda3/envs/af2/lib/python3.8/site-packages/airflow/example_dags/example_skip_dag.py for tasks to queue
[2021-10-21 12:02:07,621] {logging_mixin.py:109} INFO - [2021-10-21 12:02:07,621] {dagbag.py:500} INFO - Filling up the DagBag from /opt/anaconda3/envs/af2/lib/python3.8/site-packages/airflow/example_dags/example_skip_dag.py
[2021-10-21 12:02:07,637] {processor.py:632} INFO - DAG(s) dict_keys(['example_skip_dag']) retrieved from /opt/anaconda3/envs/af2/lib/python3.8/site-packages/airflow/example_dags/example_skip_dag.py
[2021-10-21 12:02:07,648] {logging_mixin.py:109} INFO - [2021-10-21 12:02:07,648] {dag.py:2389} INFO - Sync 1 DAGs
[2021-10-21 12:02:07,654] {logging_mixin.py:109} INFO - [2021-10-21 12:02:07,654] {dag.py:2914} INFO - Setting next_dagrun for example_skip_dag to 2021-10-20T10:02:07.654357+00:00
[2021-10-21 12:02:07,658] {processor.py:171} INFO - Processing /opt/anaconda3/envs/af2/lib/python3.8/site-packages/airflow/example_dags/example_skip_dag.py took 0.037 seconds
[2021-10-21 12:03:40,078] {processor.py:163} INFO - Started process (PID=22553) to work on /opt/anaconda3/envs/af2/lib/python3.8/site-packages/airflow/example_dags/example_skip_dag.py
[2021-10-21 12:03:40,079] {processor.py:620} INFO - Processing file /opt/anaconda3/envs/af2/lib/python3.8/site-packages/airflow/example_dags/example_skip_dag.py for tasks to queue
[2021-10-21 12:03:40,080] {logging_mixin.py:109} INFO - [2021-10-21 12:03:40,080] {dagbag.py:500} INFO - Filling up the DagBag from /opt/anaconda3/envs/af2/lib/python3.8/site-packages/airflow/example_dags/example_skip_dag.py
[2021-10-21 12:03:40,098] {processor.py:632} INFO - DAG(s) dict_keys(['example_skip_dag']) retrieved from /opt/anaconda3/envs/af2/lib/python3.8/site-packages/airflow/example_dags/example_skip_dag.py
[2021-10-21 12:03:40,111] {logging_mixin.py:109} INFO - [2021-10-21 12:03:40,111] {dag.py:2389} INFO - Sync 1 DAGs
[2021-10-21 12:03:40,115] {logging_mixin.py:109} INFO - [2021-10-21 12:03:40,115] {dag.py:2914} INFO - Setting next_dagrun for example_skip_dag to 2021-10-20T10:03:40.115272+00:00
[2021-10-21 12:03:40,120] {processor.py:171} INFO - Processing /opt/anaconda3/envs/af2/lib/python3.8/site-packages/airflow/example_dags/example_skip_dag.py took 0.042 seconds
[2021-10-21 12:11:50,899] {processor.py:163} INFO - Started process (PID=23045) to work on /opt/anaconda3/envs/af2/lib/python3.8/site-packages/airflow/example_dags/example_skip_dag.py
[2021-10-21 12:11:50,900] {processor.py:620} INFO - Processing file /opt/anaconda3/envs/af2/lib/python3.8/site-packages/airflow/example_dags/example_skip_dag.py for tasks to queue
[2021-10-21 12:11:50,900] {logging_mixin.py:109} INFO - [2021-10-21 12:11:50,900] {dagbag.py:500} INFO - Filling up the DagBag from /opt/anaconda3/envs/af2/lib/python3.8/site-packages/airflow/example_dags/example_skip_dag.py
[2021-10-21 12:11:50,916] {processor.py:632} INFO - DAG(s) dict_keys(['example_skip_dag']) retrieved from /opt/anaconda3/envs/af2/lib/python3.8/site-packages/airflow/example_dags/example_skip_dag.py
[2021-10-21 12:11:50,926] {logging_mixin.py:109} INFO - [2021-10-21 12:11:50,926] {dag.py:2389} INFO - Sync 1 DAGs
[2021-10-21 12:11:50,930] {logging_mixin.py:109} INFO - [2021-10-21 12:11:50,930] {dag.py:2914} INFO - Setting next_dagrun for example_skip_dag to 2021-10-20T10:11:50.930296+00:00
[2021-10-21 12:11:50,935] {processor.py:171} INFO - Processing /opt/anaconda3/envs/af2/lib/python3.8/site-packages/airflow/example_dags/example_skip_dag.py took 0.036 seconds
[2021-10-21 12:13:01,692] {processor.py:163} INFO - Started process (PID=23194) to work on /opt/anaconda3/envs/af2/lib/python3.8/site-packages/airflow/example_dags/example_skip_dag.py
[2021-10-21 12:13:01,693] {processor.py:620} INFO - Processing file /opt/anaconda3/envs/af2/lib/python3.8/site-packages/airflow/example_dags/example_skip_dag.py for tasks to queue
[2021-10-21 12:13:01,694] {logging_mixin.py:109} INFO - [2021-10-21 12:13:01,694] {dagbag.py:500} INFO - Filling up the DagBag from /opt/anaconda3/envs/af2/lib/python3.8/site-packages/airflow/example_dags/example_skip_dag.py
[2021-10-21 12:13:01,709] {processor.py:632} INFO - DAG(s) dict_keys(['example_skip_dag']) retrieved from /opt/anaconda3/envs/af2/lib/python3.8/site-packages/airflow/example_dags/example_skip_dag.py
[2021-10-21 12:13:01,719] {logging_mixin.py:109} INFO - [2021-10-21 12:13:01,719] {dag.py:2389} INFO - Sync 1 DAGs
[2021-10-21 12:13:01,722] {logging_mixin.py:109} INFO - [2021-10-21 12:13:01,722] {dag.py:2914} INFO - Setting next_dagrun for example_skip_dag to 2021-10-20T10:13:01.722735+00:00
[2021-10-21 12:13:01,726] {processor.py:171} INFO - Processing /opt/anaconda3/envs/af2/lib/python3.8/site-packages/airflow/example_dags/example_skip_dag.py took 0.034 seconds
[2021-10-21 12:14:16,528] {processor.py:163} INFO - Started process (PID=23297) to work on /opt/anaconda3/envs/af2/lib/python3.8/site-packages/airflow/example_dags/example_skip_dag.py
[2021-10-21 12:14:16,528] {processor.py:620} INFO - Processing file /opt/anaconda3/envs/af2/lib/python3.8/site-packages/airflow/example_dags/example_skip_dag.py for tasks to queue
[2021-10-21 12:14:16,528] {logging_mixin.py:109} INFO - [2021-10-21 12:14:16,528] {dagbag.py:500} INFO - Filling up the DagBag from /opt/anaconda3/envs/af2/lib/python3.8/site-packages/airflow/example_dags/example_skip_dag.py
[2021-10-21 12:14:16,544] {processor.py:632} INFO - DAG(s) dict_keys(['example_skip_dag']) retrieved from /opt/anaconda3/envs/af2/lib/python3.8/site-packages/airflow/example_dags/example_skip_dag.py
[2021-10-21 12:14:16,553] {logging_mixin.py:109} INFO - [2021-10-21 12:14:16,553] {dag.py:2389} INFO - Sync 1 DAGs
[2021-10-21 12:14:16,557] {logging_mixin.py:109} INFO - [2021-10-21 12:14:16,557] {dag.py:2914} INFO - Setting next_dagrun for example_skip_dag to 2021-10-20T10:14:16.557276+00:00
[2021-10-21 12:14:16,560] {processor.py:171} INFO - Processing /opt/anaconda3/envs/af2/lib/python3.8/site-packages/airflow/example_dags/example_skip_dag.py took 0.033 seconds
[2021-10-21 12:15:31,401] {processor.py:163} INFO - Started process (PID=23400) to work on /opt/anaconda3/envs/af2/lib/python3.8/site-packages/airflow/example_dags/example_skip_dag.py
[2021-10-21 12:15:31,402] {processor.py:620} INFO - Processing file /opt/anaconda3/envs/af2/lib/python3.8/site-packages/airflow/example_dags/example_skip_dag.py for tasks to queue
[2021-10-21 12:15:31,402] {logging_mixin.py:109} INFO - [2021-10-21 12:15:31,402] {dagbag.py:500} INFO - Filling up the DagBag from /opt/anaconda3/envs/af2/lib/python3.8/site-packages/airflow/example_dags/example_skip_dag.py
[2021-10-21 12:15:31,419] {processor.py:632} INFO - DAG(s) dict_keys(['example_skip_dag']) retrieved from /opt/anaconda3/envs/af2/lib/python3.8/site-packages/airflow/example_dags/example_skip_dag.py
[2021-10-21 12:15:31,431] {logging_mixin.py:109} INFO - [2021-10-21 12:15:31,431] {dag.py:2389} INFO - Sync 1 DAGs
[2021-10-21 12:15:31,436] {logging_mixin.py:109} INFO - [2021-10-21 12:15:31,436] {dag.py:2914} INFO - Setting next_dagrun for example_skip_dag to 2021-10-20T10:15:31.436452+00:00
[2021-10-21 12:15:31,440] {processor.py:171} INFO - Processing /opt/anaconda3/envs/af2/lib/python3.8/site-packages/airflow/example_dags/example_skip_dag.py took 0.039 seconds
[2021-10-21 12:16:47,969] {processor.py:163} INFO - Started process (PID=23538) to work on /opt/anaconda3/envs/af2/lib/python3.8/site-packages/airflow/example_dags/example_skip_dag.py
[2021-10-21 12:16:47,970] {processor.py:620} INFO - Processing file /opt/anaconda3/envs/af2/lib/python3.8/site-packages/airflow/example_dags/example_skip_dag.py for tasks to queue
[2021-10-21 12:16:47,970] {logging_mixin.py:109} INFO - [2021-10-21 12:16:47,970] {dagbag.py:500} INFO - Filling up the DagBag from /opt/anaconda3/envs/af2/lib/python3.8/site-packages/airflow/example_dags/example_skip_dag.py
[2021-10-21 12:16:47,985] {processor.py:632} INFO - DAG(s) dict_keys(['example_skip_dag']) retrieved from /opt/anaconda3/envs/af2/lib/python3.8/site-packages/airflow/example_dags/example_skip_dag.py
[2021-10-21 12:16:47,994] {logging_mixin.py:109} INFO - [2021-10-21 12:16:47,994] {dag.py:2389} INFO - Sync 1 DAGs
[2021-10-21 12:16:47,998] {logging_mixin.py:109} INFO - [2021-10-21 12:16:47,998] {dag.py:2914} INFO - Setting next_dagrun for example_skip_dag to 2021-10-20T10:16:47.998276+00:00
[2021-10-21 12:16:48,001] {processor.py:171} INFO - Processing /opt/anaconda3/envs/af2/lib/python3.8/site-packages/airflow/example_dags/example_skip_dag.py took 0.033 seconds
[2021-10-21 12:18:02,589] {processor.py:163} INFO - Started process (PID=23635) to work on /opt/anaconda3/envs/af2/lib/python3.8/site-packages/airflow/example_dags/example_skip_dag.py
[2021-10-21 12:18:02,590] {processor.py:620} INFO - Processing file /opt/anaconda3/envs/af2/lib/python3.8/site-packages/airflow/example_dags/example_skip_dag.py for tasks to queue
[2021-10-21 12:18:02,590] {logging_mixin.py:109} INFO - [2021-10-21 12:18:02,590] {dagbag.py:500} INFO - Filling up the DagBag from /opt/anaconda3/envs/af2/lib/python3.8/site-packages/airflow/example_dags/example_skip_dag.py
[2021-10-21 12:18:02,606] {processor.py:632} INFO - DAG(s) dict_keys(['example_skip_dag']) retrieved from /opt/anaconda3/envs/af2/lib/python3.8/site-packages/airflow/example_dags/example_skip_dag.py
[2021-10-21 12:18:02,616] {logging_mixin.py:109} INFO - [2021-10-21 12:18:02,616] {dag.py:2389} INFO - Sync 1 DAGs
[2021-10-21 12:18:02,619] {logging_mixin.py:109} INFO - [2021-10-21 12:18:02,619] {dag.py:2914} INFO - Setting next_dagrun for example_skip_dag to 2021-10-20T10:18:02.619778+00:00
[2021-10-21 12:18:02,623] {processor.py:171} INFO - Processing /opt/anaconda3/envs/af2/lib/python3.8/site-packages/airflow/example_dags/example_skip_dag.py took 0.034 seconds
[2021-10-21 12:19:16,609] {processor.py:163} INFO - Started process (PID=23823) to work on /opt/anaconda3/envs/af2/lib/python3.8/site-packages/airflow/example_dags/example_skip_dag.py
[2021-10-21 12:19:16,610] {processor.py:620} INFO - Processing file /opt/anaconda3/envs/af2/lib/python3.8/site-packages/airflow/example_dags/example_skip_dag.py for tasks to queue
[2021-10-21 12:19:16,610] {logging_mixin.py:109} INFO - [2021-10-21 12:19:16,610] {dagbag.py:500} INFO - Filling up the DagBag from /opt/anaconda3/envs/af2/lib/python3.8/site-packages/airflow/example_dags/example_skip_dag.py
[2021-10-21 12:19:16,626] {processor.py:632} INFO - DAG(s) dict_keys(['example_skip_dag']) retrieved from /opt/anaconda3/envs/af2/lib/python3.8/site-packages/airflow/example_dags/example_skip_dag.py
[2021-10-21 12:19:16,635] {logging_mixin.py:109} INFO - [2021-10-21 12:19:16,635] {dag.py:2389} INFO - Sync 1 DAGs
[2021-10-21 12:19:16,639] {logging_mixin.py:109} INFO - [2021-10-21 12:19:16,639] {dag.py:2914} INFO - Setting next_dagrun for example_skip_dag to 2021-10-20T10:19:16.639452+00:00
[2021-10-21 12:19:16,643] {processor.py:171} INFO - Processing /opt/anaconda3/envs/af2/lib/python3.8/site-packages/airflow/example_dags/example_skip_dag.py took 0.034 seconds
[2021-10-21 12:20:28,277] {processor.py:163} INFO - Started process (PID=23939) to work on /opt/anaconda3/envs/af2/lib/python3.8/site-packages/airflow/example_dags/example_skip_dag.py
[2021-10-21 12:20:28,278] {processor.py:620} INFO - Processing file /opt/anaconda3/envs/af2/lib/python3.8/site-packages/airflow/example_dags/example_skip_dag.py for tasks to queue
[2021-10-21 12:20:28,278] {logging_mixin.py:109} INFO - [2021-10-21 12:20:28,278] {dagbag.py:500} INFO - Filling up the DagBag from /opt/anaconda3/envs/af2/lib/python3.8/site-packages/airflow/example_dags/example_skip_dag.py
[2021-10-21 12:20:28,294] {processor.py:632} INFO - DAG(s) dict_keys(['example_skip_dag']) retrieved from /opt/anaconda3/envs/af2/lib/python3.8/site-packages/airflow/example_dags/example_skip_dag.py
[2021-10-21 12:20:28,304] {logging_mixin.py:109} INFO - [2021-10-21 12:20:28,303] {dag.py:2389} INFO - Sync 1 DAGs
[2021-10-21 12:20:28,307] {logging_mixin.py:109} INFO - [2021-10-21 12:20:28,307] {dag.py:2914} INFO - Setting next_dagrun for example_skip_dag to 2021-10-20T10:20:28.307665+00:00
[2021-10-21 12:20:28,311] {processor.py:171} INFO - Processing /opt/anaconda3/envs/af2/lib/python3.8/site-packages/airflow/example_dags/example_skip_dag.py took 0.034 seconds
[2021-10-21 12:21:39,514] {processor.py:163} INFO - Started process (PID=24108) to work on /opt/anaconda3/envs/af2/lib/python3.8/site-packages/airflow/example_dags/example_skip_dag.py
[2021-10-21 12:21:39,516] {processor.py:620} INFO - Processing file /opt/anaconda3/envs/af2/lib/python3.8/site-packages/airflow/example_dags/example_skip_dag.py for tasks to queue
[2021-10-21 12:21:39,516] {logging_mixin.py:109} INFO - [2021-10-21 12:21:39,516] {dagbag.py:500} INFO - Filling up the DagBag from /opt/anaconda3/envs/af2/lib/python3.8/site-packages/airflow/example_dags/example_skip_dag.py
[2021-10-21 12:21:39,532] {processor.py:632} INFO - DAG(s) dict_keys(['example_skip_dag']) retrieved from /opt/anaconda3/envs/af2/lib/python3.8/site-packages/airflow/example_dags/example_skip_dag.py
[2021-10-21 12:21:39,541] {logging_mixin.py:109} INFO - [2021-10-21 12:21:39,541] {dag.py:2389} INFO - Sync 1 DAGs
[2021-10-21 12:21:39,545] {logging_mixin.py:109} INFO - [2021-10-21 12:21:39,545] {dag.py:2914} INFO - Setting next_dagrun for example_skip_dag to 2021-10-20T10:21:39.544980+00:00
[2021-10-21 12:21:39,548] {processor.py:171} INFO - Processing /opt/anaconda3/envs/af2/lib/python3.8/site-packages/airflow/example_dags/example_skip_dag.py took 0.034 seconds
[2021-10-21 12:22:45,885] {processor.py:163} INFO - Started process (PID=24196) to work on /opt/anaconda3/envs/af2/lib/python3.8/site-packages/airflow/example_dags/example_skip_dag.py
[2021-10-21 12:22:45,886] {processor.py:620} INFO - Processing file /opt/anaconda3/envs/af2/lib/python3.8/site-packages/airflow/example_dags/example_skip_dag.py for tasks to queue
[2021-10-21 12:22:45,887] {logging_mixin.py:109} INFO - [2021-10-21 12:22:45,887] {dagbag.py:500} INFO - Filling up the DagBag from /opt/anaconda3/envs/af2/lib/python3.8/site-packages/airflow/example_dags/example_skip_dag.py
[2021-10-21 12:22:45,902] {processor.py:632} INFO - DAG(s) dict_keys(['example_skip_dag']) retrieved from /opt/anaconda3/envs/af2/lib/python3.8/site-packages/airflow/example_dags/example_skip_dag.py
[2021-10-21 12:22:45,912] {logging_mixin.py:109} INFO - [2021-10-21 12:22:45,912] {dag.py:2389} INFO - Sync 1 DAGs
[2021-10-21 12:22:45,916] {logging_mixin.py:109} INFO - [2021-10-21 12:22:45,916] {dag.py:2914} INFO - Setting next_dagrun for example_skip_dag to 2021-10-20T10:22:45.916149+00:00
[2021-10-21 12:22:45,919] {processor.py:171} INFO - Processing /opt/anaconda3/envs/af2/lib/python3.8/site-packages/airflow/example_dags/example_skip_dag.py took 0.034 seconds
[2021-10-21 12:24:00,106] {processor.py:163} INFO - Started process (PID=24374) to work on /opt/anaconda3/envs/af2/lib/python3.8/site-packages/airflow/example_dags/example_skip_dag.py
[2021-10-21 12:24:00,107] {processor.py:620} INFO - Processing file /opt/anaconda3/envs/af2/lib/python3.8/site-packages/airflow/example_dags/example_skip_dag.py for tasks to queue
[2021-10-21 12:24:00,107] {logging_mixin.py:109} INFO - [2021-10-21 12:24:00,107] {dagbag.py:500} INFO - Filling up the DagBag from /opt/anaconda3/envs/af2/lib/python3.8/site-packages/airflow/example_dags/example_skip_dag.py
[2021-10-21 12:24:00,123] {processor.py:632} INFO - DAG(s) dict_keys(['example_skip_dag']) retrieved from /opt/anaconda3/envs/af2/lib/python3.8/site-packages/airflow/example_dags/example_skip_dag.py
[2021-10-21 12:24:00,134] {logging_mixin.py:109} INFO - [2021-10-21 12:24:00,133] {dag.py:2389} INFO - Sync 1 DAGs
[2021-10-21 12:24:00,137] {logging_mixin.py:109} INFO - [2021-10-21 12:24:00,137] {dag.py:2914} INFO - Setting next_dagrun for example_skip_dag to 2021-10-20T10:24:00.137816+00:00
[2021-10-21 12:24:00,142] {processor.py:171} INFO - Processing /opt/anaconda3/envs/af2/lib/python3.8/site-packages/airflow/example_dags/example_skip_dag.py took 0.036 seconds
[2021-10-21 12:25:14,233] {processor.py:163} INFO - Started process (PID=24477) to work on /opt/anaconda3/envs/af2/lib/python3.8/site-packages/airflow/example_dags/example_skip_dag.py
[2021-10-21 12:25:14,234] {processor.py:620} INFO - Processing file /opt/anaconda3/envs/af2/lib/python3.8/site-packages/airflow/example_dags/example_skip_dag.py for tasks to queue
[2021-10-21 12:25:14,234] {logging_mixin.py:109} INFO - [2021-10-21 12:25:14,234] {dagbag.py:500} INFO - Filling up the DagBag from /opt/anaconda3/envs/af2/lib/python3.8/site-packages/airflow/example_dags/example_skip_dag.py
[2021-10-21 12:25:14,249] {processor.py:632} INFO - DAG(s) dict_keys(['example_skip_dag']) retrieved from /opt/anaconda3/envs/af2/lib/python3.8/site-packages/airflow/example_dags/example_skip_dag.py
[2021-10-21 12:25:14,259] {logging_mixin.py:109} INFO - [2021-10-21 12:25:14,258] {dag.py:2389} INFO - Sync 1 DAGs
[2021-10-21 12:25:14,262] {logging_mixin.py:109} INFO - [2021-10-21 12:25:14,262] {dag.py:2914} INFO - Setting next_dagrun for example_skip_dag to 2021-10-20T10:25:14.262521+00:00
[2021-10-21 12:25:14,266] {processor.py:171} INFO - Processing /opt/anaconda3/envs/af2/lib/python3.8/site-packages/airflow/example_dags/example_skip_dag.py took 0.033 seconds
[2021-10-21 12:26:26,100] {processor.py:163} INFO - Started process (PID=24729) to work on /opt/anaconda3/envs/af2/lib/python3.8/site-packages/airflow/example_dags/example_skip_dag.py
[2021-10-21 12:26:26,101] {processor.py:620} INFO - Processing file /opt/anaconda3/envs/af2/lib/python3.8/site-packages/airflow/example_dags/example_skip_dag.py for tasks to queue
[2021-10-21 12:26:26,101] {logging_mixin.py:109} INFO - [2021-10-21 12:26:26,101] {dagbag.py:500} INFO - Filling up the DagBag from /opt/anaconda3/envs/af2/lib/python3.8/site-packages/airflow/example_dags/example_skip_dag.py
[2021-10-21 12:26:26,118] {processor.py:632} INFO - DAG(s) dict_keys(['example_skip_dag']) retrieved from /opt/anaconda3/envs/af2/lib/python3.8/site-packages/airflow/example_dags/example_skip_dag.py
[2021-10-21 12:26:26,129] {logging_mixin.py:109} INFO - [2021-10-21 12:26:26,129] {dag.py:2389} INFO - Sync 1 DAGs
[2021-10-21 12:26:26,133] {logging_mixin.py:109} INFO - [2021-10-21 12:26:26,133] {dag.py:2914} INFO - Setting next_dagrun for example_skip_dag to 2021-10-20T10:26:26.133167+00:00
[2021-10-21 12:26:26,137] {processor.py:171} INFO - Processing /opt/anaconda3/envs/af2/lib/python3.8/site-packages/airflow/example_dags/example_skip_dag.py took 0.037 seconds
[2021-10-21 12:27:40,020] {processor.py:163} INFO - Started process (PID=24861) to work on /opt/anaconda3/envs/af2/lib/python3.8/site-packages/airflow/example_dags/example_skip_dag.py
[2021-10-21 12:27:40,021] {processor.py:620} INFO - Processing file /opt/anaconda3/envs/af2/lib/python3.8/site-packages/airflow/example_dags/example_skip_dag.py for tasks to queue
[2021-10-21 12:27:40,021] {logging_mixin.py:109} INFO - [2021-10-21 12:27:40,021] {dagbag.py:500} INFO - Filling up the DagBag from /opt/anaconda3/envs/af2/lib/python3.8/site-packages/airflow/example_dags/example_skip_dag.py
[2021-10-21 12:27:40,036] {processor.py:632} INFO - DAG(s) dict_keys(['example_skip_dag']) retrieved from /opt/anaconda3/envs/af2/lib/python3.8/site-packages/airflow/example_dags/example_skip_dag.py
[2021-10-21 12:27:40,045] {logging_mixin.py:109} INFO - [2021-10-21 12:27:40,045] {dag.py:2389} INFO - Sync 1 DAGs
[2021-10-21 12:27:40,049] {logging_mixin.py:109} INFO - [2021-10-21 12:27:40,049] {dag.py:2914} INFO - Setting next_dagrun for example_skip_dag to 2021-10-20T10:27:40.049433+00:00
[2021-10-21 12:27:40,052] {processor.py:171} INFO - Processing /opt/anaconda3/envs/af2/lib/python3.8/site-packages/airflow/example_dags/example_skip_dag.py took 0.033 seconds
[2021-10-21 12:28:51,716] {processor.py:163} INFO - Started process (PID=24984) to work on /opt/anaconda3/envs/af2/lib/python3.8/site-packages/airflow/example_dags/example_skip_dag.py
[2021-10-21 12:28:51,717] {processor.py:620} INFO - Processing file /opt/anaconda3/envs/af2/lib/python3.8/site-packages/airflow/example_dags/example_skip_dag.py for tasks to queue
[2021-10-21 12:28:51,718] {logging_mixin.py:109} INFO - [2021-10-21 12:28:51,718] {dagbag.py:500} INFO - Filling up the DagBag from /opt/anaconda3/envs/af2/lib/python3.8/site-packages/airflow/example_dags/example_skip_dag.py
[2021-10-21 12:28:51,733] {processor.py:632} INFO - DAG(s) dict_keys(['example_skip_dag']) retrieved from /opt/anaconda3/envs/af2/lib/python3.8/site-packages/airflow/example_dags/example_skip_dag.py
[2021-10-21 12:28:51,742] {logging_mixin.py:109} INFO - [2021-10-21 12:28:51,742] {dag.py:2389} INFO - Sync 1 DAGs
[2021-10-21 12:28:51,746] {logging_mixin.py:109} INFO - [2021-10-21 12:28:51,746] {dag.py:2914} INFO - Setting next_dagrun for example_skip_dag to 2021-10-20T10:28:51.746063+00:00
[2021-10-21 12:28:51,749] {processor.py:171} INFO - Processing /opt/anaconda3/envs/af2/lib/python3.8/site-packages/airflow/example_dags/example_skip_dag.py took 0.033 seconds
[2021-10-21 12:30:05,490] {processor.py:163} INFO - Started process (PID=25068) to work on /opt/anaconda3/envs/af2/lib/python3.8/site-packages/airflow/example_dags/example_skip_dag.py
[2021-10-21 12:30:05,491] {processor.py:620} INFO - Processing file /opt/anaconda3/envs/af2/lib/python3.8/site-packages/airflow/example_dags/example_skip_dag.py for tasks to queue
[2021-10-21 12:30:05,491] {logging_mixin.py:109} INFO - [2021-10-21 12:30:05,491] {dagbag.py:500} INFO - Filling up the DagBag from /opt/anaconda3/envs/af2/lib/python3.8/site-packages/airflow/example_dags/example_skip_dag.py
[2021-10-21 12:30:05,507] {processor.py:632} INFO - DAG(s) dict_keys(['example_skip_dag']) retrieved from /opt/anaconda3/envs/af2/lib/python3.8/site-packages/airflow/example_dags/example_skip_dag.py
[2021-10-21 12:30:05,517] {logging_mixin.py:109} INFO - [2021-10-21 12:30:05,517] {dag.py:2389} INFO - Sync 1 DAGs
[2021-10-21 12:30:05,521] {logging_mixin.py:109} INFO - [2021-10-21 12:30:05,521] {dag.py:2914} INFO - Setting next_dagrun for example_skip_dag to 2021-10-20T10:30:05.521054+00:00
[2021-10-21 12:30:05,524] {processor.py:171} INFO - Processing /opt/anaconda3/envs/af2/lib/python3.8/site-packages/airflow/example_dags/example_skip_dag.py took 0.035 seconds
[2021-10-21 12:31:27,128] {processor.py:163} INFO - Started process (PID=25271) to work on /opt/anaconda3/envs/af2/lib/python3.8/site-packages/airflow/example_dags/example_skip_dag.py
[2021-10-21 12:31:27,128] {processor.py:620} INFO - Processing file /opt/anaconda3/envs/af2/lib/python3.8/site-packages/airflow/example_dags/example_skip_dag.py for tasks to queue
[2021-10-21 12:31:27,128] {logging_mixin.py:109} INFO - [2021-10-21 12:31:27,128] {dagbag.py:500} INFO - Filling up the DagBag from /opt/anaconda3/envs/af2/lib/python3.8/site-packages/airflow/example_dags/example_skip_dag.py
[2021-10-21 12:31:27,143] {processor.py:632} INFO - DAG(s) dict_keys(['example_skip_dag']) retrieved from /opt/anaconda3/envs/af2/lib/python3.8/site-packages/airflow/example_dags/example_skip_dag.py
[2021-10-21 12:31:27,152] {logging_mixin.py:109} INFO - [2021-10-21 12:31:27,152] {dag.py:2389} INFO - Sync 1 DAGs
[2021-10-21 12:31:27,156] {logging_mixin.py:109} INFO - [2021-10-21 12:31:27,156] {dag.py:2914} INFO - Setting next_dagrun for example_skip_dag to 2021-10-20T10:31:27.156391+00:00
[2021-10-21 12:31:27,160] {processor.py:171} INFO - Processing /opt/anaconda3/envs/af2/lib/python3.8/site-packages/airflow/example_dags/example_skip_dag.py took 0.033 seconds
[2021-10-21 12:32:49,550] {processor.py:163} INFO - Started process (PID=25355) to work on /opt/anaconda3/envs/af2/lib/python3.8/site-packages/airflow/example_dags/example_skip_dag.py
[2021-10-21 12:32:49,550] {processor.py:620} INFO - Processing file /opt/anaconda3/envs/af2/lib/python3.8/site-packages/airflow/example_dags/example_skip_dag.py for tasks to queue
[2021-10-21 12:32:49,550] {logging_mixin.py:109} INFO - [2021-10-21 12:32:49,550] {dagbag.py:500} INFO - Filling up the DagBag from /opt/anaconda3/envs/af2/lib/python3.8/site-packages/airflow/example_dags/example_skip_dag.py
[2021-10-21 12:32:49,565] {processor.py:632} INFO - DAG(s) dict_keys(['example_skip_dag']) retrieved from /opt/anaconda3/envs/af2/lib/python3.8/site-packages/airflow/example_dags/example_skip_dag.py
[2021-10-21 12:32:49,574] {logging_mixin.py:109} INFO - [2021-10-21 12:32:49,574] {dag.py:2389} INFO - Sync 1 DAGs
[2021-10-21 12:32:49,579] {logging_mixin.py:109} INFO - [2021-10-21 12:32:49,578] {dag.py:2914} INFO - Setting next_dagrun for example_skip_dag to 2021-10-20T10:32:49.578871+00:00
[2021-10-21 12:32:49,582] {processor.py:171} INFO - Processing /opt/anaconda3/envs/af2/lib/python3.8/site-packages/airflow/example_dags/example_skip_dag.py took 0.033 seconds
[2021-10-21 12:34:12,201] {processor.py:163} INFO - Started process (PID=25509) to work on /opt/anaconda3/envs/af2/lib/python3.8/site-packages/airflow/example_dags/example_skip_dag.py
[2021-10-21 12:34:12,202] {processor.py:620} INFO - Processing file /opt/anaconda3/envs/af2/lib/python3.8/site-packages/airflow/example_dags/example_skip_dag.py for tasks to queue
[2021-10-21 12:34:12,202] {logging_mixin.py:109} INFO - [2021-10-21 12:34:12,202] {dagbag.py:500} INFO - Filling up the DagBag from /opt/anaconda3/envs/af2/lib/python3.8/site-packages/airflow/example_dags/example_skip_dag.py
[2021-10-21 12:34:12,218] {processor.py:632} INFO - DAG(s) dict_keys(['example_skip_dag']) retrieved from /opt/anaconda3/envs/af2/lib/python3.8/site-packages/airflow/example_dags/example_skip_dag.py
[2021-10-21 12:34:12,227] {logging_mixin.py:109} INFO - [2021-10-21 12:34:12,227] {dag.py:2389} INFO - Sync 1 DAGs
[2021-10-21 12:34:12,232] {logging_mixin.py:109} INFO - [2021-10-21 12:34:12,232] {dag.py:2914} INFO - Setting next_dagrun for example_skip_dag to 2021-10-20T10:34:12.232164+00:00
[2021-10-21 12:34:12,235] {processor.py:171} INFO - Processing /opt/anaconda3/envs/af2/lib/python3.8/site-packages/airflow/example_dags/example_skip_dag.py took 0.036 seconds
[2021-10-21 12:35:38,949] {processor.py:163} INFO - Started process (PID=25613) to work on /opt/anaconda3/envs/af2/lib/python3.8/site-packages/airflow/example_dags/example_skip_dag.py
[2021-10-21 12:35:38,950] {processor.py:620} INFO - Processing file /opt/anaconda3/envs/af2/lib/python3.8/site-packages/airflow/example_dags/example_skip_dag.py for tasks to queue
[2021-10-21 12:35:38,950] {logging_mixin.py:109} INFO - [2021-10-21 12:35:38,950] {dagbag.py:500} INFO - Filling up the DagBag from /opt/anaconda3/envs/af2/lib/python3.8/site-packages/airflow/example_dags/example_skip_dag.py
[2021-10-21 12:35:38,965] {processor.py:632} INFO - DAG(s) dict_keys(['example_skip_dag']) retrieved from /opt/anaconda3/envs/af2/lib/python3.8/site-packages/airflow/example_dags/example_skip_dag.py
[2021-10-21 12:35:38,974] {logging_mixin.py:109} INFO - [2021-10-21 12:35:38,974] {dag.py:2389} INFO - Sync 1 DAGs
[2021-10-21 12:35:38,978] {logging_mixin.py:109} INFO - [2021-10-21 12:35:38,978] {dag.py:2914} INFO - Setting next_dagrun for example_skip_dag to 2021-10-20T10:35:38.978738+00:00
[2021-10-21 12:35:38,982] {processor.py:171} INFO - Processing /opt/anaconda3/envs/af2/lib/python3.8/site-packages/airflow/example_dags/example_skip_dag.py took 0.034 seconds
[2021-10-21 12:37:06,080] {processor.py:163} INFO - Started process (PID=25718) to work on /opt/anaconda3/envs/af2/lib/python3.8/site-packages/airflow/example_dags/example_skip_dag.py
[2021-10-21 12:37:06,081] {processor.py:620} INFO - Processing file /opt/anaconda3/envs/af2/lib/python3.8/site-packages/airflow/example_dags/example_skip_dag.py for tasks to queue
[2021-10-21 12:37:06,081] {logging_mixin.py:109} INFO - [2021-10-21 12:37:06,081] {dagbag.py:500} INFO - Filling up the DagBag from /opt/anaconda3/envs/af2/lib/python3.8/site-packages/airflow/example_dags/example_skip_dag.py
[2021-10-21 12:37:06,105] {processor.py:632} INFO - DAG(s) dict_keys(['example_skip_dag']) retrieved from /opt/anaconda3/envs/af2/lib/python3.8/site-packages/airflow/example_dags/example_skip_dag.py
[2021-10-21 12:37:06,116] {logging_mixin.py:109} INFO - [2021-10-21 12:37:06,116] {dag.py:2389} INFO - Sync 1 DAGs
[2021-10-21 12:37:06,121] {logging_mixin.py:109} INFO - [2021-10-21 12:37:06,121] {dag.py:2914} INFO - Setting next_dagrun for example_skip_dag to 2021-10-20T10:37:06.121264+00:00
[2021-10-21 12:37:06,125] {processor.py:171} INFO - Processing /opt/anaconda3/envs/af2/lib/python3.8/site-packages/airflow/example_dags/example_skip_dag.py took 0.046 seconds
[2021-10-21 12:38:50,132] {processor.py:163} INFO - Started process (PID=25873) to work on /opt/anaconda3/envs/af2/lib/python3.8/site-packages/airflow/example_dags/example_skip_dag.py
[2021-10-21 12:38:50,132] {processor.py:620} INFO - Processing file /opt/anaconda3/envs/af2/lib/python3.8/site-packages/airflow/example_dags/example_skip_dag.py for tasks to queue
[2021-10-21 12:38:50,133] {logging_mixin.py:109} INFO - [2021-10-21 12:38:50,133] {dagbag.py:500} INFO - Filling up the DagBag from /opt/anaconda3/envs/af2/lib/python3.8/site-packages/airflow/example_dags/example_skip_dag.py
[2021-10-21 12:38:50,151] {processor.py:632} INFO - DAG(s) dict_keys(['example_skip_dag']) retrieved from /opt/anaconda3/envs/af2/lib/python3.8/site-packages/airflow/example_dags/example_skip_dag.py
[2021-10-21 12:38:50,162] {logging_mixin.py:109} INFO - [2021-10-21 12:38:50,162] {dag.py:2389} INFO - Sync 1 DAGs
[2021-10-21 12:38:50,166] {logging_mixin.py:109} INFO - [2021-10-21 12:38:50,166] {dag.py:2914} INFO - Setting next_dagrun for example_skip_dag to 2021-10-20T10:38:50.166644+00:00
[2021-10-21 12:38:50,170] {processor.py:171} INFO - Processing /opt/anaconda3/envs/af2/lib/python3.8/site-packages/airflow/example_dags/example_skip_dag.py took 0.040 seconds
[2021-10-21 12:40:24,396] {processor.py:163} INFO - Started process (PID=25966) to work on /opt/anaconda3/envs/af2/lib/python3.8/site-packages/airflow/example_dags/example_skip_dag.py
[2021-10-21 12:40:24,397] {processor.py:620} INFO - Processing file /opt/anaconda3/envs/af2/lib/python3.8/site-packages/airflow/example_dags/example_skip_dag.py for tasks to queue
[2021-10-21 12:40:24,398] {logging_mixin.py:109} INFO - [2021-10-21 12:40:24,398] {dagbag.py:500} INFO - Filling up the DagBag from /opt/anaconda3/envs/af2/lib/python3.8/site-packages/airflow/example_dags/example_skip_dag.py
[2021-10-21 12:40:24,412] {processor.py:632} INFO - DAG(s) dict_keys(['example_skip_dag']) retrieved from /opt/anaconda3/envs/af2/lib/python3.8/site-packages/airflow/example_dags/example_skip_dag.py
[2021-10-21 12:40:24,421] {logging_mixin.py:109} INFO - [2021-10-21 12:40:24,421] {dag.py:2389} INFO - Sync 1 DAGs
[2021-10-21 12:40:24,426] {logging_mixin.py:109} INFO - [2021-10-21 12:40:24,425] {dag.py:2914} INFO - Setting next_dagrun for example_skip_dag to 2021-10-20T10:40:24.425883+00:00
[2021-10-21 12:40:24,429] {processor.py:171} INFO - Processing /opt/anaconda3/envs/af2/lib/python3.8/site-packages/airflow/example_dags/example_skip_dag.py took 0.034 seconds
[2021-10-21 12:41:50,352] {processor.py:163} INFO - Started process (PID=26061) to work on /opt/anaconda3/envs/af2/lib/python3.8/site-packages/airflow/example_dags/example_skip_dag.py
[2021-10-21 12:41:50,354] {processor.py:620} INFO - Processing file /opt/anaconda3/envs/af2/lib/python3.8/site-packages/airflow/example_dags/example_skip_dag.py for tasks to queue
[2021-10-21 12:41:50,354] {logging_mixin.py:109} INFO - [2021-10-21 12:41:50,354] {dagbag.py:500} INFO - Filling up the DagBag from /opt/anaconda3/envs/af2/lib/python3.8/site-packages/airflow/example_dags/example_skip_dag.py
[2021-10-21 12:41:50,369] {processor.py:632} INFO - DAG(s) dict_keys(['example_skip_dag']) retrieved from /opt/anaconda3/envs/af2/lib/python3.8/site-packages/airflow/example_dags/example_skip_dag.py
[2021-10-21 12:41:50,378] {logging_mixin.py:109} INFO - [2021-10-21 12:41:50,378] {dag.py:2389} INFO - Sync 1 DAGs
[2021-10-21 12:41:50,383] {logging_mixin.py:109} INFO - [2021-10-21 12:41:50,383] {dag.py:2914} INFO - Setting next_dagrun for example_skip_dag to 2021-10-20T10:41:50.383077+00:00
[2021-10-21 12:41:50,386] {processor.py:171} INFO - Processing /opt/anaconda3/envs/af2/lib/python3.8/site-packages/airflow/example_dags/example_skip_dag.py took 0.035 seconds
[2021-10-21 12:43:15,374] {processor.py:163} INFO - Started process (PID=26163) to work on /opt/anaconda3/envs/af2/lib/python3.8/site-packages/airflow/example_dags/example_skip_dag.py
[2021-10-21 12:43:15,375] {processor.py:620} INFO - Processing file /opt/anaconda3/envs/af2/lib/python3.8/site-packages/airflow/example_dags/example_skip_dag.py for tasks to queue
[2021-10-21 12:43:15,376] {logging_mixin.py:109} INFO - [2021-10-21 12:43:15,376] {dagbag.py:500} INFO - Filling up the DagBag from /opt/anaconda3/envs/af2/lib/python3.8/site-packages/airflow/example_dags/example_skip_dag.py
[2021-10-21 12:43:15,390] {processor.py:632} INFO - DAG(s) dict_keys(['example_skip_dag']) retrieved from /opt/anaconda3/envs/af2/lib/python3.8/site-packages/airflow/example_dags/example_skip_dag.py
[2021-10-21 12:43:15,399] {logging_mixin.py:109} INFO - [2021-10-21 12:43:15,399] {dag.py:2389} INFO - Sync 1 DAGs
[2021-10-21 12:43:15,403] {logging_mixin.py:109} INFO - [2021-10-21 12:43:15,403] {dag.py:2914} INFO - Setting next_dagrun for example_skip_dag to 2021-10-20T10:43:15.403558+00:00
[2021-10-21 12:43:15,407] {processor.py:171} INFO - Processing /opt/anaconda3/envs/af2/lib/python3.8/site-packages/airflow/example_dags/example_skip_dag.py took 0.034 seconds
[2021-10-21 12:45:08,126] {processor.py:163} INFO - Started process (PID=26308) to work on /opt/anaconda3/envs/af2/lib/python3.8/site-packages/airflow/example_dags/example_skip_dag.py
[2021-10-21 12:45:08,127] {processor.py:620} INFO - Processing file /opt/anaconda3/envs/af2/lib/python3.8/site-packages/airflow/example_dags/example_skip_dag.py for tasks to queue
[2021-10-21 12:45:08,128] {logging_mixin.py:109} INFO - [2021-10-21 12:45:08,128] {dagbag.py:500} INFO - Filling up the DagBag from /opt/anaconda3/envs/af2/lib/python3.8/site-packages/airflow/example_dags/example_skip_dag.py
[2021-10-21 12:45:08,142] {processor.py:632} INFO - DAG(s) dict_keys(['example_skip_dag']) retrieved from /opt/anaconda3/envs/af2/lib/python3.8/site-packages/airflow/example_dags/example_skip_dag.py
[2021-10-21 12:45:08,151] {logging_mixin.py:109} INFO - [2021-10-21 12:45:08,151] {dag.py:2389} INFO - Sync 1 DAGs
[2021-10-21 12:45:08,155] {logging_mixin.py:109} INFO - [2021-10-21 12:45:08,155] {dag.py:2914} INFO - Setting next_dagrun for example_skip_dag to 2021-10-20T10:45:08.155829+00:00
[2021-10-21 12:45:08,159] {processor.py:171} INFO - Processing /opt/anaconda3/envs/af2/lib/python3.8/site-packages/airflow/example_dags/example_skip_dag.py took 0.034 seconds
[2021-10-21 12:46:22,010] {processor.py:163} INFO - Started process (PID=26447) to work on /opt/anaconda3/envs/af2/lib/python3.8/site-packages/airflow/example_dags/example_skip_dag.py
[2021-10-21 12:46:22,010] {processor.py:620} INFO - Processing file /opt/anaconda3/envs/af2/lib/python3.8/site-packages/airflow/example_dags/example_skip_dag.py for tasks to queue
[2021-10-21 12:46:22,010] {logging_mixin.py:109} INFO - [2021-10-21 12:46:22,010] {dagbag.py:500} INFO - Filling up the DagBag from /opt/anaconda3/envs/af2/lib/python3.8/site-packages/airflow/example_dags/example_skip_dag.py
[2021-10-21 12:46:22,025] {processor.py:632} INFO - DAG(s) dict_keys(['example_skip_dag']) retrieved from /opt/anaconda3/envs/af2/lib/python3.8/site-packages/airflow/example_dags/example_skip_dag.py
[2021-10-21 12:46:22,035] {logging_mixin.py:109} INFO - [2021-10-21 12:46:22,035] {dag.py:2389} INFO - Sync 1 DAGs
[2021-10-21 12:46:22,039] {logging_mixin.py:109} INFO - [2021-10-21 12:46:22,039] {dag.py:2914} INFO - Setting next_dagrun for example_skip_dag to 2021-10-20T10:46:22.039628+00:00
[2021-10-21 12:46:22,043] {processor.py:171} INFO - Processing /opt/anaconda3/envs/af2/lib/python3.8/site-packages/airflow/example_dags/example_skip_dag.py took 0.034 seconds
[2021-10-21 12:47:48,677] {processor.py:163} INFO - Started process (PID=26665) to work on /opt/anaconda3/envs/af2/lib/python3.8/site-packages/airflow/example_dags/example_skip_dag.py
[2021-10-21 12:47:48,677] {processor.py:620} INFO - Processing file /opt/anaconda3/envs/af2/lib/python3.8/site-packages/airflow/example_dags/example_skip_dag.py for tasks to queue
[2021-10-21 12:47:48,677] {logging_mixin.py:109} INFO - [2021-10-21 12:47:48,677] {dagbag.py:500} INFO - Filling up the DagBag from /opt/anaconda3/envs/af2/lib/python3.8/site-packages/airflow/example_dags/example_skip_dag.py
[2021-10-21 12:47:48,693] {processor.py:632} INFO - DAG(s) dict_keys(['example_skip_dag']) retrieved from /opt/anaconda3/envs/af2/lib/python3.8/site-packages/airflow/example_dags/example_skip_dag.py
[2021-10-21 12:47:48,703] {logging_mixin.py:109} INFO - [2021-10-21 12:47:48,703] {dag.py:2389} INFO - Sync 1 DAGs
[2021-10-21 12:47:48,708] {logging_mixin.py:109} INFO - [2021-10-21 12:47:48,708] {dag.py:2914} INFO - Setting next_dagrun for example_skip_dag to 2021-10-20T10:47:48.708125+00:00
[2021-10-21 12:47:48,712] {processor.py:171} INFO - Processing /opt/anaconda3/envs/af2/lib/python3.8/site-packages/airflow/example_dags/example_skip_dag.py took 0.036 seconds
[2021-10-21 12:49:07,560] {processor.py:163} INFO - Started process (PID=26770) to work on /opt/anaconda3/envs/af2/lib/python3.8/site-packages/airflow/example_dags/example_skip_dag.py
[2021-10-21 12:49:07,561] {processor.py:620} INFO - Processing file /opt/anaconda3/envs/af2/lib/python3.8/site-packages/airflow/example_dags/example_skip_dag.py for tasks to queue
[2021-10-21 12:49:07,561] {logging_mixin.py:109} INFO - [2021-10-21 12:49:07,561] {dagbag.py:500} INFO - Filling up the DagBag from /opt/anaconda3/envs/af2/lib/python3.8/site-packages/airflow/example_dags/example_skip_dag.py
[2021-10-21 12:49:07,576] {processor.py:632} INFO - DAG(s) dict_keys(['example_skip_dag']) retrieved from /opt/anaconda3/envs/af2/lib/python3.8/site-packages/airflow/example_dags/example_skip_dag.py
[2021-10-21 12:49:07,585] {logging_mixin.py:109} INFO - [2021-10-21 12:49:07,585] {dag.py:2389} INFO - Sync 1 DAGs
[2021-10-21 12:49:07,589] {logging_mixin.py:109} INFO - [2021-10-21 12:49:07,589] {dag.py:2914} INFO - Setting next_dagrun for example_skip_dag to 2021-10-20T10:49:07.589427+00:00
[2021-10-21 12:49:07,592] {processor.py:171} INFO - Processing /opt/anaconda3/envs/af2/lib/python3.8/site-packages/airflow/example_dags/example_skip_dag.py took 0.033 seconds
[2021-10-21 12:50:22,117] {processor.py:163} INFO - Started process (PID=26906) to work on /opt/anaconda3/envs/af2/lib/python3.8/site-packages/airflow/example_dags/example_skip_dag.py
[2021-10-21 12:50:22,117] {processor.py:620} INFO - Processing file /opt/anaconda3/envs/af2/lib/python3.8/site-packages/airflow/example_dags/example_skip_dag.py for tasks to queue
[2021-10-21 12:50:22,118] {logging_mixin.py:109} INFO - [2021-10-21 12:50:22,117] {dagbag.py:500} INFO - Filling up the DagBag from /opt/anaconda3/envs/af2/lib/python3.8/site-packages/airflow/example_dags/example_skip_dag.py
[2021-10-21 12:50:22,133] {processor.py:632} INFO - DAG(s) dict_keys(['example_skip_dag']) retrieved from /opt/anaconda3/envs/af2/lib/python3.8/site-packages/airflow/example_dags/example_skip_dag.py
[2021-10-21 12:50:22,142] {logging_mixin.py:109} INFO - [2021-10-21 12:50:22,142] {dag.py:2389} INFO - Sync 1 DAGs
[2021-10-21 12:50:22,146] {logging_mixin.py:109} INFO - [2021-10-21 12:50:22,146] {dag.py:2914} INFO - Setting next_dagrun for example_skip_dag to 2021-10-20T10:50:22.146462+00:00
[2021-10-21 12:50:22,150] {processor.py:171} INFO - Processing /opt/anaconda3/envs/af2/lib/python3.8/site-packages/airflow/example_dags/example_skip_dag.py took 0.034 seconds
[2021-10-21 12:51:35,995] {processor.py:163} INFO - Started process (PID=27011) to work on /opt/anaconda3/envs/af2/lib/python3.8/site-packages/airflow/example_dags/example_skip_dag.py
[2021-10-21 12:51:35,996] {processor.py:620} INFO - Processing file /opt/anaconda3/envs/af2/lib/python3.8/site-packages/airflow/example_dags/example_skip_dag.py for tasks to queue
[2021-10-21 12:51:35,997] {logging_mixin.py:109} INFO - [2021-10-21 12:51:35,997] {dagbag.py:500} INFO - Filling up the DagBag from /opt/anaconda3/envs/af2/lib/python3.8/site-packages/airflow/example_dags/example_skip_dag.py
[2021-10-21 12:51:36,011] {processor.py:632} INFO - DAG(s) dict_keys(['example_skip_dag']) retrieved from /opt/anaconda3/envs/af2/lib/python3.8/site-packages/airflow/example_dags/example_skip_dag.py
[2021-10-21 12:51:36,020] {logging_mixin.py:109} INFO - [2021-10-21 12:51:36,020] {dag.py:2389} INFO - Sync 1 DAGs
[2021-10-21 12:51:36,024] {logging_mixin.py:109} INFO - [2021-10-21 12:51:36,024] {dag.py:2914} INFO - Setting next_dagrun for example_skip_dag to 2021-10-20T10:51:36.024749+00:00
[2021-10-21 12:51:36,028] {processor.py:171} INFO - Processing /opt/anaconda3/envs/af2/lib/python3.8/site-packages/airflow/example_dags/example_skip_dag.py took 0.033 seconds
[2021-10-21 12:52:38,685] {processor.py:163} INFO - Started process (PID=27088) to work on /opt/anaconda3/envs/af2/lib/python3.8/site-packages/airflow/example_dags/example_skip_dag.py
[2021-10-21 12:52:38,685] {processor.py:620} INFO - Processing file /opt/anaconda3/envs/af2/lib/python3.8/site-packages/airflow/example_dags/example_skip_dag.py for tasks to queue
[2021-10-21 12:52:38,686] {logging_mixin.py:109} INFO - [2021-10-21 12:52:38,686] {dagbag.py:500} INFO - Filling up the DagBag from /opt/anaconda3/envs/af2/lib/python3.8/site-packages/airflow/example_dags/example_skip_dag.py
[2021-10-21 12:52:38,702] {processor.py:632} INFO - DAG(s) dict_keys(['example_skip_dag']) retrieved from /opt/anaconda3/envs/af2/lib/python3.8/site-packages/airflow/example_dags/example_skip_dag.py
[2021-10-21 12:52:38,712] {logging_mixin.py:109} INFO - [2021-10-21 12:52:38,712] {dag.py:2389} INFO - Sync 1 DAGs
[2021-10-21 12:52:38,719] {logging_mixin.py:109} INFO - [2021-10-21 12:52:38,719] {dag.py:2914} INFO - Setting next_dagrun for example_skip_dag to 2021-10-20T10:52:38.718957+00:00
[2021-10-21 12:52:38,723] {processor.py:171} INFO - Processing /opt/anaconda3/envs/af2/lib/python3.8/site-packages/airflow/example_dags/example_skip_dag.py took 0.039 seconds
[2021-10-21 12:53:51,739] {processor.py:163} INFO - Started process (PID=27181) to work on /opt/anaconda3/envs/af2/lib/python3.8/site-packages/airflow/example_dags/example_skip_dag.py
[2021-10-21 12:53:51,740] {processor.py:620} INFO - Processing file /opt/anaconda3/envs/af2/lib/python3.8/site-packages/airflow/example_dags/example_skip_dag.py for tasks to queue
[2021-10-21 12:53:51,740] {logging_mixin.py:109} INFO - [2021-10-21 12:53:51,740] {dagbag.py:500} INFO - Filling up the DagBag from /opt/anaconda3/envs/af2/lib/python3.8/site-packages/airflow/example_dags/example_skip_dag.py
[2021-10-21 12:53:51,755] {processor.py:632} INFO - DAG(s) dict_keys(['example_skip_dag']) retrieved from /opt/anaconda3/envs/af2/lib/python3.8/site-packages/airflow/example_dags/example_skip_dag.py
[2021-10-21 12:53:51,764] {logging_mixin.py:109} INFO - [2021-10-21 12:53:51,764] {dag.py:2389} INFO - Sync 1 DAGs
[2021-10-21 12:53:51,768] {logging_mixin.py:109} INFO - [2021-10-21 12:53:51,768] {dag.py:2914} INFO - Setting next_dagrun for example_skip_dag to 2021-10-20T10:53:51.768544+00:00
[2021-10-21 12:53:51,772] {processor.py:171} INFO - Processing /opt/anaconda3/envs/af2/lib/python3.8/site-packages/airflow/example_dags/example_skip_dag.py took 0.034 seconds
[2021-10-21 12:55:19,914] {processor.py:163} INFO - Started process (PID=27285) to work on /opt/anaconda3/envs/af2/lib/python3.8/site-packages/airflow/example_dags/example_skip_dag.py
[2021-10-21 12:55:19,915] {processor.py:620} INFO - Processing file /opt/anaconda3/envs/af2/lib/python3.8/site-packages/airflow/example_dags/example_skip_dag.py for tasks to queue
[2021-10-21 12:55:19,915] {logging_mixin.py:109} INFO - [2021-10-21 12:55:19,915] {dagbag.py:500} INFO - Filling up the DagBag from /opt/anaconda3/envs/af2/lib/python3.8/site-packages/airflow/example_dags/example_skip_dag.py
[2021-10-21 12:55:19,934] {processor.py:632} INFO - DAG(s) dict_keys(['example_skip_dag']) retrieved from /opt/anaconda3/envs/af2/lib/python3.8/site-packages/airflow/example_dags/example_skip_dag.py
[2021-10-21 12:55:19,945] {logging_mixin.py:109} INFO - [2021-10-21 12:55:19,945] {dag.py:2389} INFO - Sync 1 DAGs
[2021-10-21 12:55:19,950] {logging_mixin.py:109} INFO - [2021-10-21 12:55:19,950] {dag.py:2914} INFO - Setting next_dagrun for example_skip_dag to 2021-10-20T10:55:19.949938+00:00
[2021-10-21 12:55:19,954] {processor.py:171} INFO - Processing /opt/anaconda3/envs/af2/lib/python3.8/site-packages/airflow/example_dags/example_skip_dag.py took 0.041 seconds
[2021-10-21 12:56:46,672] {processor.py:163} INFO - Started process (PID=27392) to work on /opt/anaconda3/envs/af2/lib/python3.8/site-packages/airflow/example_dags/example_skip_dag.py
[2021-10-21 12:56:46,673] {processor.py:620} INFO - Processing file /opt/anaconda3/envs/af2/lib/python3.8/site-packages/airflow/example_dags/example_skip_dag.py for tasks to queue
[2021-10-21 12:56:46,673] {logging_mixin.py:109} INFO - [2021-10-21 12:56:46,673] {dagbag.py:500} INFO - Filling up the DagBag from /opt/anaconda3/envs/af2/lib/python3.8/site-packages/airflow/example_dags/example_skip_dag.py
[2021-10-21 12:56:46,690] {processor.py:632} INFO - DAG(s) dict_keys(['example_skip_dag']) retrieved from /opt/anaconda3/envs/af2/lib/python3.8/site-packages/airflow/example_dags/example_skip_dag.py
[2021-10-21 12:56:46,702] {logging_mixin.py:109} INFO - [2021-10-21 12:56:46,702] {dag.py:2389} INFO - Sync 1 DAGs
[2021-10-21 12:56:46,708] {logging_mixin.py:109} INFO - [2021-10-21 12:56:46,708] {dag.py:2914} INFO - Setting next_dagrun for example_skip_dag to 2021-10-20T10:56:46.708236+00:00
[2021-10-21 12:56:46,714] {processor.py:171} INFO - Processing /opt/anaconda3/envs/af2/lib/python3.8/site-packages/airflow/example_dags/example_skip_dag.py took 0.043 seconds
[2021-10-21 12:58:18,555] {processor.py:163} INFO - Started process (PID=27502) to work on /opt/anaconda3/envs/af2/lib/python3.8/site-packages/airflow/example_dags/example_skip_dag.py
[2021-10-21 12:58:18,556] {processor.py:620} INFO - Processing file /opt/anaconda3/envs/af2/lib/python3.8/site-packages/airflow/example_dags/example_skip_dag.py for tasks to queue
[2021-10-21 12:58:18,556] {logging_mixin.py:109} INFO - [2021-10-21 12:58:18,556] {dagbag.py:500} INFO - Filling up the DagBag from /opt/anaconda3/envs/af2/lib/python3.8/site-packages/airflow/example_dags/example_skip_dag.py
[2021-10-21 12:58:18,571] {processor.py:632} INFO - DAG(s) dict_keys(['example_skip_dag']) retrieved from /opt/anaconda3/envs/af2/lib/python3.8/site-packages/airflow/example_dags/example_skip_dag.py
[2021-10-21 12:58:18,580] {logging_mixin.py:109} INFO - [2021-10-21 12:58:18,580] {dag.py:2389} INFO - Sync 1 DAGs
[2021-10-21 12:58:18,584] {logging_mixin.py:109} INFO - [2021-10-21 12:58:18,584] {dag.py:2914} INFO - Setting next_dagrun for example_skip_dag to 2021-10-20T10:58:18.584513+00:00
[2021-10-21 12:58:18,588] {processor.py:171} INFO - Processing /opt/anaconda3/envs/af2/lib/python3.8/site-packages/airflow/example_dags/example_skip_dag.py took 0.033 seconds
[2021-10-21 12:59:47,609] {processor.py:163} INFO - Started process (PID=27610) to work on /opt/anaconda3/envs/af2/lib/python3.8/site-packages/airflow/example_dags/example_skip_dag.py
[2021-10-21 12:59:47,610] {processor.py:620} INFO - Processing file /opt/anaconda3/envs/af2/lib/python3.8/site-packages/airflow/example_dags/example_skip_dag.py for tasks to queue
[2021-10-21 12:59:47,610] {logging_mixin.py:109} INFO - [2021-10-21 12:59:47,610] {dagbag.py:500} INFO - Filling up the DagBag from /opt/anaconda3/envs/af2/lib/python3.8/site-packages/airflow/example_dags/example_skip_dag.py
[2021-10-21 12:59:47,624] {processor.py:632} INFO - DAG(s) dict_keys(['example_skip_dag']) retrieved from /opt/anaconda3/envs/af2/lib/python3.8/site-packages/airflow/example_dags/example_skip_dag.py
[2021-10-21 12:59:47,634] {logging_mixin.py:109} INFO - [2021-10-21 12:59:47,633] {dag.py:2389} INFO - Sync 1 DAGs
[2021-10-21 12:59:47,638] {logging_mixin.py:109} INFO - [2021-10-21 12:59:47,638] {dag.py:2914} INFO - Setting next_dagrun for example_skip_dag to 2021-10-20T10:59:47.638042+00:00
[2021-10-21 12:59:47,641] {processor.py:171} INFO - Processing /opt/anaconda3/envs/af2/lib/python3.8/site-packages/airflow/example_dags/example_skip_dag.py took 0.033 seconds
[2021-10-21 13:01:20,793] {processor.py:163} INFO - Started process (PID=27707) to work on /opt/anaconda3/envs/af2/lib/python3.8/site-packages/airflow/example_dags/example_skip_dag.py
[2021-10-21 13:01:20,793] {processor.py:620} INFO - Processing file /opt/anaconda3/envs/af2/lib/python3.8/site-packages/airflow/example_dags/example_skip_dag.py for tasks to queue
[2021-10-21 13:01:20,794] {logging_mixin.py:109} INFO - [2021-10-21 13:01:20,794] {dagbag.py:500} INFO - Filling up the DagBag from /opt/anaconda3/envs/af2/lib/python3.8/site-packages/airflow/example_dags/example_skip_dag.py
[2021-10-21 13:01:20,809] {processor.py:632} INFO - DAG(s) dict_keys(['example_skip_dag']) retrieved from /opt/anaconda3/envs/af2/lib/python3.8/site-packages/airflow/example_dags/example_skip_dag.py
[2021-10-21 13:01:20,819] {logging_mixin.py:109} INFO - [2021-10-21 13:01:20,819] {dag.py:2389} INFO - Sync 1 DAGs
[2021-10-21 13:01:20,823] {logging_mixin.py:109} INFO - [2021-10-21 13:01:20,823] {dag.py:2914} INFO - Setting next_dagrun for example_skip_dag to 2021-10-20T11:01:20.823196+00:00
[2021-10-21 13:01:20,826] {processor.py:171} INFO - Processing /opt/anaconda3/envs/af2/lib/python3.8/site-packages/airflow/example_dags/example_skip_dag.py took 0.035 seconds
[2021-10-21 13:02:50,996] {processor.py:163} INFO - Started process (PID=27839) to work on /opt/anaconda3/envs/af2/lib/python3.8/site-packages/airflow/example_dags/example_skip_dag.py
[2021-10-21 13:02:50,996] {processor.py:620} INFO - Processing file /opt/anaconda3/envs/af2/lib/python3.8/site-packages/airflow/example_dags/example_skip_dag.py for tasks to queue
[2021-10-21 13:02:50,996] {logging_mixin.py:109} INFO - [2021-10-21 13:02:50,996] {dagbag.py:500} INFO - Filling up the DagBag from /opt/anaconda3/envs/af2/lib/python3.8/site-packages/airflow/example_dags/example_skip_dag.py
[2021-10-21 13:02:51,011] {processor.py:632} INFO - DAG(s) dict_keys(['example_skip_dag']) retrieved from /opt/anaconda3/envs/af2/lib/python3.8/site-packages/airflow/example_dags/example_skip_dag.py
[2021-10-21 13:02:51,020] {logging_mixin.py:109} INFO - [2021-10-21 13:02:51,020] {dag.py:2389} INFO - Sync 1 DAGs
[2021-10-21 13:02:51,024] {logging_mixin.py:109} INFO - [2021-10-21 13:02:51,024] {dag.py:2914} INFO - Setting next_dagrun for example_skip_dag to 2021-10-20T11:02:51.024746+00:00
[2021-10-21 13:02:51,028] {processor.py:171} INFO - Processing /opt/anaconda3/envs/af2/lib/python3.8/site-packages/airflow/example_dags/example_skip_dag.py took 0.033 seconds
[2021-10-21 13:04:19,568] {processor.py:163} INFO - Started process (PID=27947) to work on /opt/anaconda3/envs/af2/lib/python3.8/site-packages/airflow/example_dags/example_skip_dag.py
[2021-10-21 13:04:19,568] {processor.py:620} INFO - Processing file /opt/anaconda3/envs/af2/lib/python3.8/site-packages/airflow/example_dags/example_skip_dag.py for tasks to queue
[2021-10-21 13:04:19,569] {logging_mixin.py:109} INFO - [2021-10-21 13:04:19,569] {dagbag.py:500} INFO - Filling up the DagBag from /opt/anaconda3/envs/af2/lib/python3.8/site-packages/airflow/example_dags/example_skip_dag.py
[2021-10-21 13:04:19,584] {processor.py:632} INFO - DAG(s) dict_keys(['example_skip_dag']) retrieved from /opt/anaconda3/envs/af2/lib/python3.8/site-packages/airflow/example_dags/example_skip_dag.py
[2021-10-21 13:04:19,596] {logging_mixin.py:109} INFO - [2021-10-21 13:04:19,595] {dag.py:2389} INFO - Sync 1 DAGs
[2021-10-21 13:04:19,601] {logging_mixin.py:109} INFO - [2021-10-21 13:04:19,601] {dag.py:2914} INFO - Setting next_dagrun for example_skip_dag to 2021-10-20T11:04:19.600958+00:00
[2021-10-21 13:04:19,604] {processor.py:171} INFO - Processing /opt/anaconda3/envs/af2/lib/python3.8/site-packages/airflow/example_dags/example_skip_dag.py took 0.037 seconds
[2021-10-21 13:05:51,324] {processor.py:163} INFO - Started process (PID=28066) to work on /opt/anaconda3/envs/af2/lib/python3.8/site-packages/airflow/example_dags/example_skip_dag.py
[2021-10-21 13:05:51,325] {processor.py:620} INFO - Processing file /opt/anaconda3/envs/af2/lib/python3.8/site-packages/airflow/example_dags/example_skip_dag.py for tasks to queue
[2021-10-21 13:05:51,325] {logging_mixin.py:109} INFO - [2021-10-21 13:05:51,325] {dagbag.py:500} INFO - Filling up the DagBag from /opt/anaconda3/envs/af2/lib/python3.8/site-packages/airflow/example_dags/example_skip_dag.py
[2021-10-21 13:05:51,341] {processor.py:632} INFO - DAG(s) dict_keys(['example_skip_dag']) retrieved from /opt/anaconda3/envs/af2/lib/python3.8/site-packages/airflow/example_dags/example_skip_dag.py
[2021-10-21 13:05:51,351] {logging_mixin.py:109} INFO - [2021-10-21 13:05:51,351] {dag.py:2389} INFO - Sync 1 DAGs
[2021-10-21 13:05:51,355] {logging_mixin.py:109} INFO - [2021-10-21 13:05:51,355] {dag.py:2914} INFO - Setting next_dagrun for example_skip_dag to 2021-10-20T11:05:51.355372+00:00
[2021-10-21 13:05:51,359] {processor.py:171} INFO - Processing /opt/anaconda3/envs/af2/lib/python3.8/site-packages/airflow/example_dags/example_skip_dag.py took 0.036 seconds
[2021-10-21 13:07:20,909] {processor.py:163} INFO - Started process (PID=28208) to work on /opt/anaconda3/envs/af2/lib/python3.8/site-packages/airflow/example_dags/example_skip_dag.py
[2021-10-21 13:07:20,909] {processor.py:620} INFO - Processing file /opt/anaconda3/envs/af2/lib/python3.8/site-packages/airflow/example_dags/example_skip_dag.py for tasks to queue
[2021-10-21 13:07:20,909] {logging_mixin.py:109} INFO - [2021-10-21 13:07:20,909] {dagbag.py:500} INFO - Filling up the DagBag from /opt/anaconda3/envs/af2/lib/python3.8/site-packages/airflow/example_dags/example_skip_dag.py
[2021-10-21 13:07:20,924] {processor.py:632} INFO - DAG(s) dict_keys(['example_skip_dag']) retrieved from /opt/anaconda3/envs/af2/lib/python3.8/site-packages/airflow/example_dags/example_skip_dag.py
[2021-10-21 13:07:20,934] {logging_mixin.py:109} INFO - [2021-10-21 13:07:20,934] {dag.py:2389} INFO - Sync 1 DAGs
[2021-10-21 13:07:20,938] {logging_mixin.py:109} INFO - [2021-10-21 13:07:20,938] {dag.py:2914} INFO - Setting next_dagrun for example_skip_dag to 2021-10-20T11:07:20.938558+00:00
[2021-10-21 13:07:20,942] {processor.py:171} INFO - Processing /opt/anaconda3/envs/af2/lib/python3.8/site-packages/airflow/example_dags/example_skip_dag.py took 0.034 seconds
