[2021-10-21 12:02:26,855] {processor.py:163} INFO - Started process (PID=22416) to work on /opt/anaconda3/envs/af2/lib/python3.8/site-packages/airflow/example_dags/example_dag_decorator.py
[2021-10-21 12:02:26,855] {processor.py:620} INFO - Processing file /opt/anaconda3/envs/af2/lib/python3.8/site-packages/airflow/example_dags/example_dag_decorator.py for tasks to queue
[2021-10-21 12:02:26,855] {logging_mixin.py:109} INFO - [2021-10-21 12:02:26,855] {dagbag.py:500} INFO - Filling up the DagBag from /opt/anaconda3/envs/af2/lib/python3.8/site-packages/airflow/example_dags/example_dag_decorator.py
[2021-10-21 12:02:26,882] {processor.py:632} INFO - DAG(s) dict_keys(['example_dag_decorator']) retrieved from /opt/anaconda3/envs/af2/lib/python3.8/site-packages/airflow/example_dags/example_dag_decorator.py
[2021-10-21 12:02:26,985] {logging_mixin.py:109} INFO - [2021-10-21 12:02:26,985] {dag.py:2389} INFO - Sync 1 DAGs
[2021-10-21 12:02:26,988] {logging_mixin.py:109} INFO - [2021-10-21 12:02:26,988] {dag.py:2914} INFO - Setting next_dagrun for example_dag_decorator to None
[2021-10-21 12:02:26,992] {processor.py:171} INFO - Processing /opt/anaconda3/envs/af2/lib/python3.8/site-packages/airflow/example_dags/example_dag_decorator.py took 0.138 seconds
[2021-10-21 12:03:59,266] {processor.py:163} INFO - Started process (PID=22575) to work on /opt/anaconda3/envs/af2/lib/python3.8/site-packages/airflow/example_dags/example_dag_decorator.py
[2021-10-21 12:03:59,267] {processor.py:620} INFO - Processing file /opt/anaconda3/envs/af2/lib/python3.8/site-packages/airflow/example_dags/example_dag_decorator.py for tasks to queue
[2021-10-21 12:03:59,267] {logging_mixin.py:109} INFO - [2021-10-21 12:03:59,267] {dagbag.py:500} INFO - Filling up the DagBag from /opt/anaconda3/envs/af2/lib/python3.8/site-packages/airflow/example_dags/example_dag_decorator.py
[2021-10-21 12:03:59,294] {processor.py:632} INFO - DAG(s) dict_keys(['example_dag_decorator']) retrieved from /opt/anaconda3/envs/af2/lib/python3.8/site-packages/airflow/example_dags/example_dag_decorator.py
[2021-10-21 12:03:59,419] {logging_mixin.py:109} INFO - [2021-10-21 12:03:59,419] {dag.py:2389} INFO - Sync 1 DAGs
[2021-10-21 12:03:59,423] {logging_mixin.py:109} INFO - [2021-10-21 12:03:59,423] {dag.py:2914} INFO - Setting next_dagrun for example_dag_decorator to None
[2021-10-21 12:03:59,427] {processor.py:171} INFO - Processing /opt/anaconda3/envs/af2/lib/python3.8/site-packages/airflow/example_dags/example_dag_decorator.py took 0.161 seconds
[2021-10-21 12:12:14,676] {processor.py:163} INFO - Started process (PID=23115) to work on /opt/anaconda3/envs/af2/lib/python3.8/site-packages/airflow/example_dags/example_dag_decorator.py
[2021-10-21 12:12:14,677] {processor.py:620} INFO - Processing file /opt/anaconda3/envs/af2/lib/python3.8/site-packages/airflow/example_dags/example_dag_decorator.py for tasks to queue
[2021-10-21 12:12:14,677] {logging_mixin.py:109} INFO - [2021-10-21 12:12:14,677] {dagbag.py:500} INFO - Filling up the DagBag from /opt/anaconda3/envs/af2/lib/python3.8/site-packages/airflow/example_dags/example_dag_decorator.py
[2021-10-21 12:12:14,705] {processor.py:632} INFO - DAG(s) dict_keys(['example_dag_decorator']) retrieved from /opt/anaconda3/envs/af2/lib/python3.8/site-packages/airflow/example_dags/example_dag_decorator.py
[2021-10-21 12:12:14,849] {logging_mixin.py:109} INFO - [2021-10-21 12:12:14,849] {dag.py:2389} INFO - Sync 1 DAGs
[2021-10-21 12:12:14,853] {logging_mixin.py:109} INFO - [2021-10-21 12:12:14,853] {dag.py:2914} INFO - Setting next_dagrun for example_dag_decorator to None
[2021-10-21 12:12:14,857] {processor.py:171} INFO - Processing /opt/anaconda3/envs/af2/lib/python3.8/site-packages/airflow/example_dags/example_dag_decorator.py took 0.182 seconds
[2021-10-21 12:13:30,893] {processor.py:163} INFO - Started process (PID=23238) to work on /opt/anaconda3/envs/af2/lib/python3.8/site-packages/airflow/example_dags/example_dag_decorator.py
[2021-10-21 12:13:30,894] {processor.py:620} INFO - Processing file /opt/anaconda3/envs/af2/lib/python3.8/site-packages/airflow/example_dags/example_dag_decorator.py for tasks to queue
[2021-10-21 12:13:30,895] {logging_mixin.py:109} INFO - [2021-10-21 12:13:30,895] {dagbag.py:500} INFO - Filling up the DagBag from /opt/anaconda3/envs/af2/lib/python3.8/site-packages/airflow/example_dags/example_dag_decorator.py
[2021-10-21 12:13:30,921] {processor.py:632} INFO - DAG(s) dict_keys(['example_dag_decorator']) retrieved from /opt/anaconda3/envs/af2/lib/python3.8/site-packages/airflow/example_dags/example_dag_decorator.py
[2021-10-21 12:13:31,029] {logging_mixin.py:109} INFO - [2021-10-21 12:13:31,029] {dag.py:2389} INFO - Sync 1 DAGs
[2021-10-21 12:13:31,033] {logging_mixin.py:109} INFO - [2021-10-21 12:13:31,033] {dag.py:2914} INFO - Setting next_dagrun for example_dag_decorator to None
[2021-10-21 12:13:31,037] {processor.py:171} INFO - Processing /opt/anaconda3/envs/af2/lib/python3.8/site-packages/airflow/example_dags/example_dag_decorator.py took 0.144 seconds
[2021-10-21 12:14:45,864] {processor.py:163} INFO - Started process (PID=23337) to work on /opt/anaconda3/envs/af2/lib/python3.8/site-packages/airflow/example_dags/example_dag_decorator.py
[2021-10-21 12:14:45,865] {processor.py:620} INFO - Processing file /opt/anaconda3/envs/af2/lib/python3.8/site-packages/airflow/example_dags/example_dag_decorator.py for tasks to queue
[2021-10-21 12:14:45,865] {logging_mixin.py:109} INFO - [2021-10-21 12:14:45,865] {dagbag.py:500} INFO - Filling up the DagBag from /opt/anaconda3/envs/af2/lib/python3.8/site-packages/airflow/example_dags/example_dag_decorator.py
[2021-10-21 12:14:45,892] {processor.py:632} INFO - DAG(s) dict_keys(['example_dag_decorator']) retrieved from /opt/anaconda3/envs/af2/lib/python3.8/site-packages/airflow/example_dags/example_dag_decorator.py
[2021-10-21 12:14:45,996] {logging_mixin.py:109} INFO - [2021-10-21 12:14:45,996] {dag.py:2389} INFO - Sync 1 DAGs
[2021-10-21 12:14:46,000] {logging_mixin.py:109} INFO - [2021-10-21 12:14:46,000] {dag.py:2914} INFO - Setting next_dagrun for example_dag_decorator to None
[2021-10-21 12:14:46,004] {processor.py:171} INFO - Processing /opt/anaconda3/envs/af2/lib/python3.8/site-packages/airflow/example_dags/example_dag_decorator.py took 0.140 seconds
[2021-10-21 12:16:03,317] {processor.py:163} INFO - Started process (PID=23470) to work on /opt/anaconda3/envs/af2/lib/python3.8/site-packages/airflow/example_dags/example_dag_decorator.py
[2021-10-21 12:16:03,318] {processor.py:620} INFO - Processing file /opt/anaconda3/envs/af2/lib/python3.8/site-packages/airflow/example_dags/example_dag_decorator.py for tasks to queue
[2021-10-21 12:16:03,318] {logging_mixin.py:109} INFO - [2021-10-21 12:16:03,318] {dagbag.py:500} INFO - Filling up the DagBag from /opt/anaconda3/envs/af2/lib/python3.8/site-packages/airflow/example_dags/example_dag_decorator.py
[2021-10-21 12:16:03,345] {processor.py:632} INFO - DAG(s) dict_keys(['example_dag_decorator']) retrieved from /opt/anaconda3/envs/af2/lib/python3.8/site-packages/airflow/example_dags/example_dag_decorator.py
[2021-10-21 12:16:03,477] {logging_mixin.py:109} INFO - [2021-10-21 12:16:03,477] {dag.py:2389} INFO - Sync 1 DAGs
[2021-10-21 12:16:03,480] {logging_mixin.py:109} INFO - [2021-10-21 12:16:03,480] {dag.py:2914} INFO - Setting next_dagrun for example_dag_decorator to None
[2021-10-21 12:16:03,484] {processor.py:171} INFO - Processing /opt/anaconda3/envs/af2/lib/python3.8/site-packages/airflow/example_dags/example_dag_decorator.py took 0.168 seconds
[2021-10-21 12:17:17,330] {processor.py:163} INFO - Started process (PID=23581) to work on /opt/anaconda3/envs/af2/lib/python3.8/site-packages/airflow/example_dags/example_dag_decorator.py
[2021-10-21 12:17:17,330] {processor.py:620} INFO - Processing file /opt/anaconda3/envs/af2/lib/python3.8/site-packages/airflow/example_dags/example_dag_decorator.py for tasks to queue
[2021-10-21 12:17:17,330] {logging_mixin.py:109} INFO - [2021-10-21 12:17:17,330] {dagbag.py:500} INFO - Filling up the DagBag from /opt/anaconda3/envs/af2/lib/python3.8/site-packages/airflow/example_dags/example_dag_decorator.py
[2021-10-21 12:17:17,356] {processor.py:632} INFO - DAG(s) dict_keys(['example_dag_decorator']) retrieved from /opt/anaconda3/envs/af2/lib/python3.8/site-packages/airflow/example_dags/example_dag_decorator.py
[2021-10-21 12:17:17,473] {logging_mixin.py:109} INFO - [2021-10-21 12:17:17,472] {dag.py:2389} INFO - Sync 1 DAGs
[2021-10-21 12:17:17,476] {logging_mixin.py:109} INFO - [2021-10-21 12:17:17,476] {dag.py:2914} INFO - Setting next_dagrun for example_dag_decorator to None
[2021-10-21 12:17:17,480] {processor.py:171} INFO - Processing /opt/anaconda3/envs/af2/lib/python3.8/site-packages/airflow/example_dags/example_dag_decorator.py took 0.151 seconds
[2021-10-21 12:18:31,724] {processor.py:163} INFO - Started process (PID=23737) to work on /opt/anaconda3/envs/af2/lib/python3.8/site-packages/airflow/example_dags/example_dag_decorator.py
[2021-10-21 12:18:31,724] {processor.py:620} INFO - Processing file /opt/anaconda3/envs/af2/lib/python3.8/site-packages/airflow/example_dags/example_dag_decorator.py for tasks to queue
[2021-10-21 12:18:31,724] {logging_mixin.py:109} INFO - [2021-10-21 12:18:31,724] {dagbag.py:500} INFO - Filling up the DagBag from /opt/anaconda3/envs/af2/lib/python3.8/site-packages/airflow/example_dags/example_dag_decorator.py
[2021-10-21 12:18:31,753] {processor.py:632} INFO - DAG(s) dict_keys(['example_dag_decorator']) retrieved from /opt/anaconda3/envs/af2/lib/python3.8/site-packages/airflow/example_dags/example_dag_decorator.py
[2021-10-21 12:18:31,890] {logging_mixin.py:109} INFO - [2021-10-21 12:18:31,890] {dag.py:2389} INFO - Sync 1 DAGs
[2021-10-21 12:18:31,894] {logging_mixin.py:109} INFO - [2021-10-21 12:18:31,894] {dag.py:2914} INFO - Setting next_dagrun for example_dag_decorator to None
[2021-10-21 12:18:31,898] {processor.py:171} INFO - Processing /opt/anaconda3/envs/af2/lib/python3.8/site-packages/airflow/example_dags/example_dag_decorator.py took 0.175 seconds
[2021-10-21 12:19:45,367] {processor.py:163} INFO - Started process (PID=23865) to work on /opt/anaconda3/envs/af2/lib/python3.8/site-packages/airflow/example_dags/example_dag_decorator.py
[2021-10-21 12:19:45,367] {processor.py:620} INFO - Processing file /opt/anaconda3/envs/af2/lib/python3.8/site-packages/airflow/example_dags/example_dag_decorator.py for tasks to queue
[2021-10-21 12:19:45,368] {logging_mixin.py:109} INFO - [2021-10-21 12:19:45,368] {dagbag.py:500} INFO - Filling up the DagBag from /opt/anaconda3/envs/af2/lib/python3.8/site-packages/airflow/example_dags/example_dag_decorator.py
[2021-10-21 12:19:45,395] {processor.py:632} INFO - DAG(s) dict_keys(['example_dag_decorator']) retrieved from /opt/anaconda3/envs/af2/lib/python3.8/site-packages/airflow/example_dags/example_dag_decorator.py
[2021-10-21 12:19:45,520] {logging_mixin.py:109} INFO - [2021-10-21 12:19:45,520] {dag.py:2389} INFO - Sync 1 DAGs
[2021-10-21 12:19:45,524] {logging_mixin.py:109} INFO - [2021-10-21 12:19:45,524] {dag.py:2914} INFO - Setting next_dagrun for example_dag_decorator to None
[2021-10-21 12:19:45,528] {processor.py:171} INFO - Processing /opt/anaconda3/envs/af2/lib/python3.8/site-packages/airflow/example_dags/example_dag_decorator.py took 0.161 seconds
[2021-10-21 12:20:57,202] {processor.py:163} INFO - Started process (PID=24036) to work on /opt/anaconda3/envs/af2/lib/python3.8/site-packages/airflow/example_dags/example_dag_decorator.py
[2021-10-21 12:20:57,203] {processor.py:620} INFO - Processing file /opt/anaconda3/envs/af2/lib/python3.8/site-packages/airflow/example_dags/example_dag_decorator.py for tasks to queue
[2021-10-21 12:20:57,203] {logging_mixin.py:109} INFO - [2021-10-21 12:20:57,203] {dagbag.py:500} INFO - Filling up the DagBag from /opt/anaconda3/envs/af2/lib/python3.8/site-packages/airflow/example_dags/example_dag_decorator.py
[2021-10-21 12:20:57,232] {processor.py:632} INFO - DAG(s) dict_keys(['example_dag_decorator']) retrieved from /opt/anaconda3/envs/af2/lib/python3.8/site-packages/airflow/example_dags/example_dag_decorator.py
[2021-10-21 12:20:57,370] {logging_mixin.py:109} INFO - [2021-10-21 12:20:57,370] {dag.py:2389} INFO - Sync 1 DAGs
[2021-10-21 12:20:57,374] {logging_mixin.py:109} INFO - [2021-10-21 12:20:57,374] {dag.py:2914} INFO - Setting next_dagrun for example_dag_decorator to None
[2021-10-21 12:20:57,379] {processor.py:171} INFO - Processing /opt/anaconda3/envs/af2/lib/python3.8/site-packages/airflow/example_dags/example_dag_decorator.py took 0.177 seconds
[2021-10-21 12:22:02,514] {processor.py:163} INFO - Started process (PID=24142) to work on /opt/anaconda3/envs/af2/lib/python3.8/site-packages/airflow/example_dags/example_dag_decorator.py
[2021-10-21 12:22:02,515] {processor.py:620} INFO - Processing file /opt/anaconda3/envs/af2/lib/python3.8/site-packages/airflow/example_dags/example_dag_decorator.py for tasks to queue
[2021-10-21 12:22:02,515] {logging_mixin.py:109} INFO - [2021-10-21 12:22:02,515] {dagbag.py:500} INFO - Filling up the DagBag from /opt/anaconda3/envs/af2/lib/python3.8/site-packages/airflow/example_dags/example_dag_decorator.py
[2021-10-21 12:22:02,542] {processor.py:632} INFO - DAG(s) dict_keys(['example_dag_decorator']) retrieved from /opt/anaconda3/envs/af2/lib/python3.8/site-packages/airflow/example_dags/example_dag_decorator.py
[2021-10-21 12:22:02,675] {logging_mixin.py:109} INFO - [2021-10-21 12:22:02,675] {dag.py:2389} INFO - Sync 1 DAGs
[2021-10-21 12:22:02,679] {logging_mixin.py:109} INFO - [2021-10-21 12:22:02,679] {dag.py:2914} INFO - Setting next_dagrun for example_dag_decorator to None
[2021-10-21 12:22:02,683] {processor.py:171} INFO - Processing /opt/anaconda3/envs/af2/lib/python3.8/site-packages/airflow/example_dags/example_dag_decorator.py took 0.169 seconds
[2021-10-21 12:23:14,880] {processor.py:163} INFO - Started process (PID=24316) to work on /opt/anaconda3/envs/af2/lib/python3.8/site-packages/airflow/example_dags/example_dag_decorator.py
[2021-10-21 12:23:14,881] {processor.py:620} INFO - Processing file /opt/anaconda3/envs/af2/lib/python3.8/site-packages/airflow/example_dags/example_dag_decorator.py for tasks to queue
[2021-10-21 12:23:14,882] {logging_mixin.py:109} INFO - [2021-10-21 12:23:14,882] {dagbag.py:500} INFO - Filling up the DagBag from /opt/anaconda3/envs/af2/lib/python3.8/site-packages/airflow/example_dags/example_dag_decorator.py
[2021-10-21 12:23:14,908] {processor.py:632} INFO - DAG(s) dict_keys(['example_dag_decorator']) retrieved from /opt/anaconda3/envs/af2/lib/python3.8/site-packages/airflow/example_dags/example_dag_decorator.py
[2021-10-21 12:23:15,040] {logging_mixin.py:109} INFO - [2021-10-21 12:23:15,040] {dag.py:2389} INFO - Sync 1 DAGs
[2021-10-21 12:23:15,044] {logging_mixin.py:109} INFO - [2021-10-21 12:23:15,044] {dag.py:2914} INFO - Setting next_dagrun for example_dag_decorator to None
[2021-10-21 12:23:15,048] {processor.py:171} INFO - Processing /opt/anaconda3/envs/af2/lib/python3.8/site-packages/airflow/example_dags/example_dag_decorator.py took 0.168 seconds
[2021-10-21 12:24:29,284] {processor.py:163} INFO - Started process (PID=24409) to work on /opt/anaconda3/envs/af2/lib/python3.8/site-packages/airflow/example_dags/example_dag_decorator.py
[2021-10-21 12:24:29,284] {processor.py:620} INFO - Processing file /opt/anaconda3/envs/af2/lib/python3.8/site-packages/airflow/example_dags/example_dag_decorator.py for tasks to queue
[2021-10-21 12:24:29,285] {logging_mixin.py:109} INFO - [2021-10-21 12:24:29,285] {dagbag.py:500} INFO - Filling up the DagBag from /opt/anaconda3/envs/af2/lib/python3.8/site-packages/airflow/example_dags/example_dag_decorator.py
[2021-10-21 12:24:29,311] {processor.py:632} INFO - DAG(s) dict_keys(['example_dag_decorator']) retrieved from /opt/anaconda3/envs/af2/lib/python3.8/site-packages/airflow/example_dags/example_dag_decorator.py
[2021-10-21 12:24:29,430] {logging_mixin.py:109} INFO - [2021-10-21 12:24:29,430] {dag.py:2389} INFO - Sync 1 DAGs
[2021-10-21 12:24:29,434] {logging_mixin.py:109} INFO - [2021-10-21 12:24:29,434] {dag.py:2914} INFO - Setting next_dagrun for example_dag_decorator to None
[2021-10-21 12:24:29,438] {processor.py:171} INFO - Processing /opt/anaconda3/envs/af2/lib/python3.8/site-packages/airflow/example_dags/example_dag_decorator.py took 0.155 seconds
[2021-10-21 12:25:41,122] {processor.py:163} INFO - Started process (PID=24537) to work on /opt/anaconda3/envs/af2/lib/python3.8/site-packages/airflow/example_dags/example_dag_decorator.py
[2021-10-21 12:25:41,123] {processor.py:620} INFO - Processing file /opt/anaconda3/envs/af2/lib/python3.8/site-packages/airflow/example_dags/example_dag_decorator.py for tasks to queue
[2021-10-21 12:25:41,123] {logging_mixin.py:109} INFO - [2021-10-21 12:25:41,123] {dagbag.py:500} INFO - Filling up the DagBag from /opt/anaconda3/envs/af2/lib/python3.8/site-packages/airflow/example_dags/example_dag_decorator.py
[2021-10-21 12:25:41,150] {processor.py:632} INFO - DAG(s) dict_keys(['example_dag_decorator']) retrieved from /opt/anaconda3/envs/af2/lib/python3.8/site-packages/airflow/example_dags/example_dag_decorator.py
[2021-10-21 12:25:41,287] {logging_mixin.py:109} INFO - [2021-10-21 12:25:41,287] {dag.py:2389} INFO - Sync 1 DAGs
[2021-10-21 12:25:41,291] {logging_mixin.py:109} INFO - [2021-10-21 12:25:41,291] {dag.py:2914} INFO - Setting next_dagrun for example_dag_decorator to None
[2021-10-21 12:25:41,295] {processor.py:171} INFO - Processing /opt/anaconda3/envs/af2/lib/python3.8/site-packages/airflow/example_dags/example_dag_decorator.py took 0.174 seconds
[2021-10-21 12:26:55,095] {processor.py:163} INFO - Started process (PID=24761) to work on /opt/anaconda3/envs/af2/lib/python3.8/site-packages/airflow/example_dags/example_dag_decorator.py
[2021-10-21 12:26:55,095] {processor.py:620} INFO - Processing file /opt/anaconda3/envs/af2/lib/python3.8/site-packages/airflow/example_dags/example_dag_decorator.py for tasks to queue
[2021-10-21 12:26:55,095] {logging_mixin.py:109} INFO - [2021-10-21 12:26:55,095] {dagbag.py:500} INFO - Filling up the DagBag from /opt/anaconda3/envs/af2/lib/python3.8/site-packages/airflow/example_dags/example_dag_decorator.py
[2021-10-21 12:26:55,124] {processor.py:632} INFO - DAG(s) dict_keys(['example_dag_decorator']) retrieved from /opt/anaconda3/envs/af2/lib/python3.8/site-packages/airflow/example_dags/example_dag_decorator.py
[2021-10-21 12:26:55,275] {logging_mixin.py:109} INFO - [2021-10-21 12:26:55,275] {dag.py:2389} INFO - Sync 1 DAGs
[2021-10-21 12:26:55,279] {logging_mixin.py:109} INFO - [2021-10-21 12:26:55,279] {dag.py:2914} INFO - Setting next_dagrun for example_dag_decorator to None
[2021-10-21 12:26:55,283] {processor.py:171} INFO - Processing /opt/anaconda3/envs/af2/lib/python3.8/site-packages/airflow/example_dags/example_dag_decorator.py took 0.189 seconds
[2021-10-21 12:28:08,765] {processor.py:163} INFO - Started process (PID=24918) to work on /opt/anaconda3/envs/af2/lib/python3.8/site-packages/airflow/example_dags/example_dag_decorator.py
[2021-10-21 12:28:08,767] {processor.py:620} INFO - Processing file /opt/anaconda3/envs/af2/lib/python3.8/site-packages/airflow/example_dags/example_dag_decorator.py for tasks to queue
[2021-10-21 12:28:08,767] {logging_mixin.py:109} INFO - [2021-10-21 12:28:08,767] {dagbag.py:500} INFO - Filling up the DagBag from /opt/anaconda3/envs/af2/lib/python3.8/site-packages/airflow/example_dags/example_dag_decorator.py
[2021-10-21 12:28:08,792] {processor.py:632} INFO - DAG(s) dict_keys(['example_dag_decorator']) retrieved from /opt/anaconda3/envs/af2/lib/python3.8/site-packages/airflow/example_dags/example_dag_decorator.py
[2021-10-21 12:28:08,894] {logging_mixin.py:109} INFO - [2021-10-21 12:28:08,894] {dag.py:2389} INFO - Sync 1 DAGs
[2021-10-21 12:28:08,898] {logging_mixin.py:109} INFO - [2021-10-21 12:28:08,898] {dag.py:2914} INFO - Setting next_dagrun for example_dag_decorator to None
[2021-10-21 12:28:08,902] {processor.py:171} INFO - Processing /opt/anaconda3/envs/af2/lib/python3.8/site-packages/airflow/example_dags/example_dag_decorator.py took 0.137 seconds
[2021-10-21 12:29:20,605] {processor.py:163} INFO - Started process (PID=25017) to work on /opt/anaconda3/envs/af2/lib/python3.8/site-packages/airflow/example_dags/example_dag_decorator.py
[2021-10-21 12:29:20,606] {processor.py:620} INFO - Processing file /opt/anaconda3/envs/af2/lib/python3.8/site-packages/airflow/example_dags/example_dag_decorator.py for tasks to queue
[2021-10-21 12:29:20,606] {logging_mixin.py:109} INFO - [2021-10-21 12:29:20,606] {dagbag.py:500} INFO - Filling up the DagBag from /opt/anaconda3/envs/af2/lib/python3.8/site-packages/airflow/example_dags/example_dag_decorator.py
[2021-10-21 12:29:20,633] {processor.py:632} INFO - DAG(s) dict_keys(['example_dag_decorator']) retrieved from /opt/anaconda3/envs/af2/lib/python3.8/site-packages/airflow/example_dags/example_dag_decorator.py
[2021-10-21 12:29:20,737] {logging_mixin.py:109} INFO - [2021-10-21 12:29:20,737] {dag.py:2389} INFO - Sync 1 DAGs
[2021-10-21 12:29:20,741] {logging_mixin.py:109} INFO - [2021-10-21 12:29:20,741] {dag.py:2914} INFO - Setting next_dagrun for example_dag_decorator to None
[2021-10-21 12:29:20,746] {processor.py:171} INFO - Processing /opt/anaconda3/envs/af2/lib/python3.8/site-packages/airflow/example_dags/example_dag_decorator.py took 0.141 seconds
[2021-10-21 12:30:38,587] {processor.py:163} INFO - Started process (PID=25179) to work on /opt/anaconda3/envs/af2/lib/python3.8/site-packages/airflow/example_dags/example_dag_decorator.py
[2021-10-21 12:30:38,587] {processor.py:620} INFO - Processing file /opt/anaconda3/envs/af2/lib/python3.8/site-packages/airflow/example_dags/example_dag_decorator.py for tasks to queue
[2021-10-21 12:30:38,588] {logging_mixin.py:109} INFO - [2021-10-21 12:30:38,587] {dagbag.py:500} INFO - Filling up the DagBag from /opt/anaconda3/envs/af2/lib/python3.8/site-packages/airflow/example_dags/example_dag_decorator.py
[2021-10-21 12:30:38,615] {processor.py:632} INFO - DAG(s) dict_keys(['example_dag_decorator']) retrieved from /opt/anaconda3/envs/af2/lib/python3.8/site-packages/airflow/example_dags/example_dag_decorator.py
[2021-10-21 12:30:38,745] {logging_mixin.py:109} INFO - [2021-10-21 12:30:38,745] {dag.py:2389} INFO - Sync 1 DAGs
[2021-10-21 12:30:38,749] {logging_mixin.py:109} INFO - [2021-10-21 12:30:38,749] {dag.py:2914} INFO - Setting next_dagrun for example_dag_decorator to None
[2021-10-21 12:30:38,753] {processor.py:171} INFO - Processing /opt/anaconda3/envs/af2/lib/python3.8/site-packages/airflow/example_dags/example_dag_decorator.py took 0.167 seconds
[2021-10-21 12:31:59,953] {processor.py:163} INFO - Started process (PID=25304) to work on /opt/anaconda3/envs/af2/lib/python3.8/site-packages/airflow/example_dags/example_dag_decorator.py
[2021-10-21 12:31:59,953] {processor.py:620} INFO - Processing file /opt/anaconda3/envs/af2/lib/python3.8/site-packages/airflow/example_dags/example_dag_decorator.py for tasks to queue
[2021-10-21 12:31:59,953] {logging_mixin.py:109} INFO - [2021-10-21 12:31:59,953] {dagbag.py:500} INFO - Filling up the DagBag from /opt/anaconda3/envs/af2/lib/python3.8/site-packages/airflow/example_dags/example_dag_decorator.py
[2021-10-21 12:31:59,979] {processor.py:632} INFO - DAG(s) dict_keys(['example_dag_decorator']) retrieved from /opt/anaconda3/envs/af2/lib/python3.8/site-packages/airflow/example_dags/example_dag_decorator.py
[2021-10-21 12:32:00,111] {logging_mixin.py:109} INFO - [2021-10-21 12:32:00,111] {dag.py:2389} INFO - Sync 1 DAGs
[2021-10-21 12:32:00,114] {logging_mixin.py:109} INFO - [2021-10-21 12:32:00,114] {dag.py:2914} INFO - Setting next_dagrun for example_dag_decorator to None
[2021-10-21 12:32:00,118] {processor.py:171} INFO - Processing /opt/anaconda3/envs/af2/lib/python3.8/site-packages/airflow/example_dags/example_dag_decorator.py took 0.167 seconds
[2021-10-21 12:33:22,844] {processor.py:163} INFO - Started process (PID=25433) to work on /opt/anaconda3/envs/af2/lib/python3.8/site-packages/airflow/example_dags/example_dag_decorator.py
[2021-10-21 12:33:22,845] {processor.py:620} INFO - Processing file /opt/anaconda3/envs/af2/lib/python3.8/site-packages/airflow/example_dags/example_dag_decorator.py for tasks to queue
[2021-10-21 12:33:22,845] {logging_mixin.py:109} INFO - [2021-10-21 12:33:22,845] {dagbag.py:500} INFO - Filling up the DagBag from /opt/anaconda3/envs/af2/lib/python3.8/site-packages/airflow/example_dags/example_dag_decorator.py
[2021-10-21 12:33:22,871] {processor.py:632} INFO - DAG(s) dict_keys(['example_dag_decorator']) retrieved from /opt/anaconda3/envs/af2/lib/python3.8/site-packages/airflow/example_dags/example_dag_decorator.py
[2021-10-21 12:33:23,005] {logging_mixin.py:109} INFO - [2021-10-21 12:33:23,005] {dag.py:2389} INFO - Sync 1 DAGs
[2021-10-21 12:33:23,009] {logging_mixin.py:109} INFO - [2021-10-21 12:33:23,009] {dag.py:2914} INFO - Setting next_dagrun for example_dag_decorator to None
[2021-10-21 12:33:23,013] {processor.py:171} INFO - Processing /opt/anaconda3/envs/af2/lib/python3.8/site-packages/airflow/example_dags/example_dag_decorator.py took 0.169 seconds
[2021-10-21 12:34:46,256] {processor.py:163} INFO - Started process (PID=25558) to work on /opt/anaconda3/envs/af2/lib/python3.8/site-packages/airflow/example_dags/example_dag_decorator.py
[2021-10-21 12:34:46,257] {processor.py:620} INFO - Processing file /opt/anaconda3/envs/af2/lib/python3.8/site-packages/airflow/example_dags/example_dag_decorator.py for tasks to queue
[2021-10-21 12:34:46,257] {logging_mixin.py:109} INFO - [2021-10-21 12:34:46,257] {dagbag.py:500} INFO - Filling up the DagBag from /opt/anaconda3/envs/af2/lib/python3.8/site-packages/airflow/example_dags/example_dag_decorator.py
[2021-10-21 12:34:46,284] {processor.py:632} INFO - DAG(s) dict_keys(['example_dag_decorator']) retrieved from /opt/anaconda3/envs/af2/lib/python3.8/site-packages/airflow/example_dags/example_dag_decorator.py
[2021-10-21 12:34:46,416] {logging_mixin.py:109} INFO - [2021-10-21 12:34:46,416] {dag.py:2389} INFO - Sync 1 DAGs
[2021-10-21 12:34:46,419] {logging_mixin.py:109} INFO - [2021-10-21 12:34:46,419] {dag.py:2914} INFO - Setting next_dagrun for example_dag_decorator to None
[2021-10-21 12:34:46,423] {processor.py:171} INFO - Processing /opt/anaconda3/envs/af2/lib/python3.8/site-packages/airflow/example_dags/example_dag_decorator.py took 0.168 seconds
[2021-10-21 12:36:16,509] {processor.py:163} INFO - Started process (PID=25649) to work on /opt/anaconda3/envs/af2/lib/python3.8/site-packages/airflow/example_dags/example_dag_decorator.py
[2021-10-21 12:36:16,510] {processor.py:620} INFO - Processing file /opt/anaconda3/envs/af2/lib/python3.8/site-packages/airflow/example_dags/example_dag_decorator.py for tasks to queue
[2021-10-21 12:36:16,510] {logging_mixin.py:109} INFO - [2021-10-21 12:36:16,510] {dagbag.py:500} INFO - Filling up the DagBag from /opt/anaconda3/envs/af2/lib/python3.8/site-packages/airflow/example_dags/example_dag_decorator.py
[2021-10-21 12:36:16,539] {processor.py:632} INFO - DAG(s) dict_keys(['example_dag_decorator']) retrieved from /opt/anaconda3/envs/af2/lib/python3.8/site-packages/airflow/example_dags/example_dag_decorator.py
[2021-10-21 12:36:16,685] {logging_mixin.py:109} INFO - [2021-10-21 12:36:16,685] {dag.py:2389} INFO - Sync 1 DAGs
[2021-10-21 12:36:16,689] {logging_mixin.py:109} INFO - [2021-10-21 12:36:16,689] {dag.py:2914} INFO - Setting next_dagrun for example_dag_decorator to None
[2021-10-21 12:36:16,694] {processor.py:171} INFO - Processing /opt/anaconda3/envs/af2/lib/python3.8/site-packages/airflow/example_dags/example_dag_decorator.py took 0.186 seconds
[2021-10-21 12:37:40,616] {processor.py:163} INFO - Started process (PID=25753) to work on /opt/anaconda3/envs/af2/lib/python3.8/site-packages/airflow/example_dags/example_dag_decorator.py
[2021-10-21 12:37:40,617] {processor.py:620} INFO - Processing file /opt/anaconda3/envs/af2/lib/python3.8/site-packages/airflow/example_dags/example_dag_decorator.py for tasks to queue
[2021-10-21 12:37:40,617] {logging_mixin.py:109} INFO - [2021-10-21 12:37:40,617] {dagbag.py:500} INFO - Filling up the DagBag from /opt/anaconda3/envs/af2/lib/python3.8/site-packages/airflow/example_dags/example_dag_decorator.py
[2021-10-21 12:37:40,643] {processor.py:632} INFO - DAG(s) dict_keys(['example_dag_decorator']) retrieved from /opt/anaconda3/envs/af2/lib/python3.8/site-packages/airflow/example_dags/example_dag_decorator.py
[2021-10-21 12:37:40,747] {logging_mixin.py:109} INFO - [2021-10-21 12:37:40,747] {dag.py:2389} INFO - Sync 1 DAGs
[2021-10-21 12:37:40,751] {logging_mixin.py:109} INFO - [2021-10-21 12:37:40,751] {dag.py:2914} INFO - Setting next_dagrun for example_dag_decorator to None
[2021-10-21 12:37:40,754] {processor.py:171} INFO - Processing /opt/anaconda3/envs/af2/lib/python3.8/site-packages/airflow/example_dags/example_dag_decorator.py took 0.139 seconds
[2021-10-21 12:39:15,395] {processor.py:163} INFO - Started process (PID=25899) to work on /opt/anaconda3/envs/af2/lib/python3.8/site-packages/airflow/example_dags/example_dag_decorator.py
[2021-10-21 12:39:15,395] {processor.py:620} INFO - Processing file /opt/anaconda3/envs/af2/lib/python3.8/site-packages/airflow/example_dags/example_dag_decorator.py for tasks to queue
[2021-10-21 12:39:15,395] {logging_mixin.py:109} INFO - [2021-10-21 12:39:15,395] {dagbag.py:500} INFO - Filling up the DagBag from /opt/anaconda3/envs/af2/lib/python3.8/site-packages/airflow/example_dags/example_dag_decorator.py
[2021-10-21 12:39:15,420] {processor.py:632} INFO - DAG(s) dict_keys(['example_dag_decorator']) retrieved from /opt/anaconda3/envs/af2/lib/python3.8/site-packages/airflow/example_dags/example_dag_decorator.py
[2021-10-21 12:39:15,541] {logging_mixin.py:109} INFO - [2021-10-21 12:39:15,541] {dag.py:2389} INFO - Sync 1 DAGs
[2021-10-21 12:39:15,545] {logging_mixin.py:109} INFO - [2021-10-21 12:39:15,545] {dag.py:2914} INFO - Setting next_dagrun for example_dag_decorator to None
[2021-10-21 12:39:15,549] {processor.py:171} INFO - Processing /opt/anaconda3/envs/af2/lib/python3.8/site-packages/airflow/example_dags/example_dag_decorator.py took 0.155 seconds
[2021-10-21 12:40:43,820] {processor.py:163} INFO - Started process (PID=25997) to work on /opt/anaconda3/envs/af2/lib/python3.8/site-packages/airflow/example_dags/example_dag_decorator.py
[2021-10-21 12:40:43,821] {processor.py:620} INFO - Processing file /opt/anaconda3/envs/af2/lib/python3.8/site-packages/airflow/example_dags/example_dag_decorator.py for tasks to queue
[2021-10-21 12:40:43,821] {logging_mixin.py:109} INFO - [2021-10-21 12:40:43,821] {dagbag.py:500} INFO - Filling up the DagBag from /opt/anaconda3/envs/af2/lib/python3.8/site-packages/airflow/example_dags/example_dag_decorator.py
[2021-10-21 12:40:43,848] {processor.py:632} INFO - DAG(s) dict_keys(['example_dag_decorator']) retrieved from /opt/anaconda3/envs/af2/lib/python3.8/site-packages/airflow/example_dags/example_dag_decorator.py
[2021-10-21 12:40:43,980] {logging_mixin.py:109} INFO - [2021-10-21 12:40:43,980] {dag.py:2389} INFO - Sync 1 DAGs
[2021-10-21 12:40:43,984] {logging_mixin.py:109} INFO - [2021-10-21 12:40:43,984] {dag.py:2914} INFO - Setting next_dagrun for example_dag_decorator to None
[2021-10-21 12:40:43,988] {processor.py:171} INFO - Processing /opt/anaconda3/envs/af2/lib/python3.8/site-packages/airflow/example_dags/example_dag_decorator.py took 0.169 seconds
[2021-10-21 12:42:09,919] {processor.py:163} INFO - Started process (PID=26083) to work on /opt/anaconda3/envs/af2/lib/python3.8/site-packages/airflow/example_dags/example_dag_decorator.py
[2021-10-21 12:42:09,919] {processor.py:620} INFO - Processing file /opt/anaconda3/envs/af2/lib/python3.8/site-packages/airflow/example_dags/example_dag_decorator.py for tasks to queue
[2021-10-21 12:42:09,920] {logging_mixin.py:109} INFO - [2021-10-21 12:42:09,920] {dagbag.py:500} INFO - Filling up the DagBag from /opt/anaconda3/envs/af2/lib/python3.8/site-packages/airflow/example_dags/example_dag_decorator.py
[2021-10-21 12:42:09,945] {processor.py:632} INFO - DAG(s) dict_keys(['example_dag_decorator']) retrieved from /opt/anaconda3/envs/af2/lib/python3.8/site-packages/airflow/example_dags/example_dag_decorator.py
[2021-10-21 12:42:10,070] {logging_mixin.py:109} INFO - [2021-10-21 12:42:10,070] {dag.py:2389} INFO - Sync 1 DAGs
[2021-10-21 12:42:10,074] {logging_mixin.py:109} INFO - [2021-10-21 12:42:10,073] {dag.py:2914} INFO - Setting next_dagrun for example_dag_decorator to None
[2021-10-21 12:42:10,077] {processor.py:171} INFO - Processing /opt/anaconda3/envs/af2/lib/python3.8/site-packages/airflow/example_dags/example_dag_decorator.py took 0.160 seconds
[2021-10-21 12:43:34,816] {processor.py:163} INFO - Started process (PID=26185) to work on /opt/anaconda3/envs/af2/lib/python3.8/site-packages/airflow/example_dags/example_dag_decorator.py
[2021-10-21 12:43:34,817] {processor.py:620} INFO - Processing file /opt/anaconda3/envs/af2/lib/python3.8/site-packages/airflow/example_dags/example_dag_decorator.py for tasks to queue
[2021-10-21 12:43:34,818] {logging_mixin.py:109} INFO - [2021-10-21 12:43:34,817] {dagbag.py:500} INFO - Filling up the DagBag from /opt/anaconda3/envs/af2/lib/python3.8/site-packages/airflow/example_dags/example_dag_decorator.py
[2021-10-21 12:43:34,843] {processor.py:632} INFO - DAG(s) dict_keys(['example_dag_decorator']) retrieved from /opt/anaconda3/envs/af2/lib/python3.8/site-packages/airflow/example_dags/example_dag_decorator.py
[2021-10-21 12:43:34,960] {logging_mixin.py:109} INFO - [2021-10-21 12:43:34,960] {dag.py:2389} INFO - Sync 1 DAGs
[2021-10-21 12:43:34,964] {logging_mixin.py:109} INFO - [2021-10-21 12:43:34,964] {dag.py:2914} INFO - Setting next_dagrun for example_dag_decorator to None
[2021-10-21 12:43:34,968] {processor.py:171} INFO - Processing /opt/anaconda3/envs/af2/lib/python3.8/site-packages/airflow/example_dags/example_dag_decorator.py took 0.152 seconds
[2021-10-21 12:45:26,796] {processor.py:163} INFO - Started process (PID=26335) to work on /opt/anaconda3/envs/af2/lib/python3.8/site-packages/airflow/example_dags/example_dag_decorator.py
[2021-10-21 12:45:26,797] {processor.py:620} INFO - Processing file /opt/anaconda3/envs/af2/lib/python3.8/site-packages/airflow/example_dags/example_dag_decorator.py for tasks to queue
[2021-10-21 12:45:26,797] {logging_mixin.py:109} INFO - [2021-10-21 12:45:26,797] {dagbag.py:500} INFO - Filling up the DagBag from /opt/anaconda3/envs/af2/lib/python3.8/site-packages/airflow/example_dags/example_dag_decorator.py
[2021-10-21 12:45:26,825] {processor.py:632} INFO - DAG(s) dict_keys(['example_dag_decorator']) retrieved from /opt/anaconda3/envs/af2/lib/python3.8/site-packages/airflow/example_dags/example_dag_decorator.py
[2021-10-21 12:45:26,970] {logging_mixin.py:109} INFO - [2021-10-21 12:45:26,970] {dag.py:2389} INFO - Sync 1 DAGs
[2021-10-21 12:45:26,974] {logging_mixin.py:109} INFO - [2021-10-21 12:45:26,974] {dag.py:2914} INFO - Setting next_dagrun for example_dag_decorator to None
[2021-10-21 12:45:26,978] {processor.py:171} INFO - Processing /opt/anaconda3/envs/af2/lib/python3.8/site-packages/airflow/example_dags/example_dag_decorator.py took 0.183 seconds
[2021-10-21 12:46:55,336] {processor.py:163} INFO - Started process (PID=26524) to work on /opt/anaconda3/envs/af2/lib/python3.8/site-packages/airflow/example_dags/example_dag_decorator.py
[2021-10-21 12:46:55,336] {processor.py:620} INFO - Processing file /opt/anaconda3/envs/af2/lib/python3.8/site-packages/airflow/example_dags/example_dag_decorator.py for tasks to queue
[2021-10-21 12:46:55,337] {logging_mixin.py:109} INFO - [2021-10-21 12:46:55,337] {dagbag.py:500} INFO - Filling up the DagBag from /opt/anaconda3/envs/af2/lib/python3.8/site-packages/airflow/example_dags/example_dag_decorator.py
[2021-10-21 12:46:55,363] {processor.py:632} INFO - DAG(s) dict_keys(['example_dag_decorator']) retrieved from /opt/anaconda3/envs/af2/lib/python3.8/site-packages/airflow/example_dags/example_dag_decorator.py
[2021-10-21 12:46:55,489] {logging_mixin.py:109} INFO - [2021-10-21 12:46:55,489] {dag.py:2389} INFO - Sync 1 DAGs
[2021-10-21 12:46:55,493] {logging_mixin.py:109} INFO - [2021-10-21 12:46:55,493] {dag.py:2914} INFO - Setting next_dagrun for example_dag_decorator to None
[2021-10-21 12:46:55,497] {processor.py:171} INFO - Processing /opt/anaconda3/envs/af2/lib/python3.8/site-packages/airflow/example_dags/example_dag_decorator.py took 0.162 seconds
[2021-10-21 12:48:19,093] {processor.py:163} INFO - Started process (PID=26696) to work on /opt/anaconda3/envs/af2/lib/python3.8/site-packages/airflow/example_dags/example_dag_decorator.py
[2021-10-21 12:48:19,094] {processor.py:620} INFO - Processing file /opt/anaconda3/envs/af2/lib/python3.8/site-packages/airflow/example_dags/example_dag_decorator.py for tasks to queue
[2021-10-21 12:48:19,095] {logging_mixin.py:109} INFO - [2021-10-21 12:48:19,095] {dagbag.py:500} INFO - Filling up the DagBag from /opt/anaconda3/envs/af2/lib/python3.8/site-packages/airflow/example_dags/example_dag_decorator.py
[2021-10-21 12:48:19,121] {processor.py:632} INFO - DAG(s) dict_keys(['example_dag_decorator']) retrieved from /opt/anaconda3/envs/af2/lib/python3.8/site-packages/airflow/example_dags/example_dag_decorator.py
[2021-10-21 12:48:19,225] {logging_mixin.py:109} INFO - [2021-10-21 12:48:19,225] {dag.py:2389} INFO - Sync 1 DAGs
[2021-10-21 12:48:19,229] {logging_mixin.py:109} INFO - [2021-10-21 12:48:19,229] {dag.py:2914} INFO - Setting next_dagrun for example_dag_decorator to None
[2021-10-21 12:48:19,234] {processor.py:171} INFO - Processing /opt/anaconda3/envs/af2/lib/python3.8/site-packages/airflow/example_dags/example_dag_decorator.py took 0.141 seconds
[2021-10-21 12:50:41,664] {processor.py:163} INFO - Started process (PID=26929) to work on /opt/anaconda3/envs/af2/lib/python3.8/site-packages/airflow/example_dags/example_dag_decorator.py
[2021-10-21 12:50:41,665] {processor.py:620} INFO - Processing file /opt/anaconda3/envs/af2/lib/python3.8/site-packages/airflow/example_dags/example_dag_decorator.py for tasks to queue
[2021-10-21 12:50:41,665] {logging_mixin.py:109} INFO - [2021-10-21 12:50:41,665] {dagbag.py:500} INFO - Filling up the DagBag from /opt/anaconda3/envs/af2/lib/python3.8/site-packages/airflow/example_dags/example_dag_decorator.py
[2021-10-21 12:50:41,691] {processor.py:632} INFO - DAG(s) dict_keys(['example_dag_decorator']) retrieved from /opt/anaconda3/envs/af2/lib/python3.8/site-packages/airflow/example_dags/example_dag_decorator.py
[2021-10-21 12:50:41,824] {logging_mixin.py:109} INFO - [2021-10-21 12:50:41,824] {dag.py:2389} INFO - Sync 1 DAGs
[2021-10-21 12:50:41,828] {logging_mixin.py:109} INFO - [2021-10-21 12:50:41,828] {dag.py:2914} INFO - Setting next_dagrun for example_dag_decorator to None
[2021-10-21 12:50:41,832] {processor.py:171} INFO - Processing /opt/anaconda3/envs/af2/lib/python3.8/site-packages/airflow/example_dags/example_dag_decorator.py took 0.169 seconds
[2021-10-21 12:52:58,133] {processor.py:163} INFO - Started process (PID=27110) to work on /opt/anaconda3/envs/af2/lib/python3.8/site-packages/airflow/example_dags/example_dag_decorator.py
[2021-10-21 12:52:58,133] {processor.py:620} INFO - Processing file /opt/anaconda3/envs/af2/lib/python3.8/site-packages/airflow/example_dags/example_dag_decorator.py for tasks to queue
[2021-10-21 12:52:58,134] {logging_mixin.py:109} INFO - [2021-10-21 12:52:58,134] {dagbag.py:500} INFO - Filling up the DagBag from /opt/anaconda3/envs/af2/lib/python3.8/site-packages/airflow/example_dags/example_dag_decorator.py
[2021-10-21 12:52:58,163] {processor.py:632} INFO - DAG(s) dict_keys(['example_dag_decorator']) retrieved from /opt/anaconda3/envs/af2/lib/python3.8/site-packages/airflow/example_dags/example_dag_decorator.py
[2021-10-21 12:52:58,333] {logging_mixin.py:109} INFO - [2021-10-21 12:52:58,333] {dag.py:2389} INFO - Sync 1 DAGs
[2021-10-21 12:52:58,337] {logging_mixin.py:109} INFO - [2021-10-21 12:52:58,337] {dag.py:2914} INFO - Setting next_dagrun for example_dag_decorator to None
[2021-10-21 12:52:58,341] {processor.py:171} INFO - Processing /opt/anaconda3/envs/af2/lib/python3.8/site-packages/airflow/example_dags/example_dag_decorator.py took 0.210 seconds
[2021-10-21 12:54:23,585] {processor.py:163} INFO - Started process (PID=27226) to work on /opt/anaconda3/envs/af2/lib/python3.8/site-packages/airflow/example_dags/example_dag_decorator.py
[2021-10-21 12:54:23,586] {processor.py:620} INFO - Processing file /opt/anaconda3/envs/af2/lib/python3.8/site-packages/airflow/example_dags/example_dag_decorator.py for tasks to queue
[2021-10-21 12:54:23,586] {logging_mixin.py:109} INFO - [2021-10-21 12:54:23,586] {dagbag.py:500} INFO - Filling up the DagBag from /opt/anaconda3/envs/af2/lib/python3.8/site-packages/airflow/example_dags/example_dag_decorator.py
[2021-10-21 12:54:23,619] {processor.py:632} INFO - DAG(s) dict_keys(['example_dag_decorator']) retrieved from /opt/anaconda3/envs/af2/lib/python3.8/site-packages/airflow/example_dags/example_dag_decorator.py
[2021-10-21 12:54:23,751] {logging_mixin.py:109} INFO - [2021-10-21 12:54:23,751] {dag.py:2389} INFO - Sync 1 DAGs
[2021-10-21 12:54:23,755] {logging_mixin.py:109} INFO - [2021-10-21 12:54:23,755] {dag.py:2914} INFO - Setting next_dagrun for example_dag_decorator to None
[2021-10-21 12:54:23,759] {processor.py:171} INFO - Processing /opt/anaconda3/envs/af2/lib/python3.8/site-packages/airflow/example_dags/example_dag_decorator.py took 0.174 seconds
[2021-10-21 12:55:52,570] {processor.py:163} INFO - Started process (PID=27324) to work on /opt/anaconda3/envs/af2/lib/python3.8/site-packages/airflow/example_dags/example_dag_decorator.py
[2021-10-21 12:55:52,570] {processor.py:620} INFO - Processing file /opt/anaconda3/envs/af2/lib/python3.8/site-packages/airflow/example_dags/example_dag_decorator.py for tasks to queue
[2021-10-21 12:55:52,571] {logging_mixin.py:109} INFO - [2021-10-21 12:55:52,571] {dagbag.py:500} INFO - Filling up the DagBag from /opt/anaconda3/envs/af2/lib/python3.8/site-packages/airflow/example_dags/example_dag_decorator.py
[2021-10-21 12:55:52,598] {processor.py:632} INFO - DAG(s) dict_keys(['example_dag_decorator']) retrieved from /opt/anaconda3/envs/af2/lib/python3.8/site-packages/airflow/example_dags/example_dag_decorator.py
[2021-10-21 12:55:52,724] {logging_mixin.py:109} INFO - [2021-10-21 12:55:52,724] {dag.py:2389} INFO - Sync 1 DAGs
[2021-10-21 12:55:52,728] {logging_mixin.py:109} INFO - [2021-10-21 12:55:52,727] {dag.py:2914} INFO - Setting next_dagrun for example_dag_decorator to None
[2021-10-21 12:55:52,731] {processor.py:171} INFO - Processing /opt/anaconda3/envs/af2/lib/python3.8/site-packages/airflow/example_dags/example_dag_decorator.py took 0.163 seconds
[2021-10-21 12:57:20,825] {processor.py:163} INFO - Started process (PID=27439) to work on /opt/anaconda3/envs/af2/lib/python3.8/site-packages/airflow/example_dags/example_dag_decorator.py
[2021-10-21 12:57:20,826] {processor.py:620} INFO - Processing file /opt/anaconda3/envs/af2/lib/python3.8/site-packages/airflow/example_dags/example_dag_decorator.py for tasks to queue
[2021-10-21 12:57:20,827] {logging_mixin.py:109} INFO - [2021-10-21 12:57:20,827] {dagbag.py:500} INFO - Filling up the DagBag from /opt/anaconda3/envs/af2/lib/python3.8/site-packages/airflow/example_dags/example_dag_decorator.py
[2021-10-21 12:57:20,853] {processor.py:632} INFO - DAG(s) dict_keys(['example_dag_decorator']) retrieved from /opt/anaconda3/envs/af2/lib/python3.8/site-packages/airflow/example_dags/example_dag_decorator.py
[2021-10-21 12:57:20,972] {logging_mixin.py:109} INFO - [2021-10-21 12:57:20,972] {dag.py:2389} INFO - Sync 1 DAGs
[2021-10-21 12:57:20,976] {logging_mixin.py:109} INFO - [2021-10-21 12:57:20,976] {dag.py:2914} INFO - Setting next_dagrun for example_dag_decorator to None
[2021-10-21 12:57:20,980] {processor.py:171} INFO - Processing /opt/anaconda3/envs/af2/lib/python3.8/site-packages/airflow/example_dags/example_dag_decorator.py took 0.156 seconds
[2021-10-21 12:58:52,309] {processor.py:163} INFO - Started process (PID=27548) to work on /opt/anaconda3/envs/af2/lib/python3.8/site-packages/airflow/example_dags/example_dag_decorator.py
[2021-10-21 12:58:52,309] {processor.py:620} INFO - Processing file /opt/anaconda3/envs/af2/lib/python3.8/site-packages/airflow/example_dags/example_dag_decorator.py for tasks to queue
[2021-10-21 12:58:52,310] {logging_mixin.py:109} INFO - [2021-10-21 12:58:52,310] {dagbag.py:500} INFO - Filling up the DagBag from /opt/anaconda3/envs/af2/lib/python3.8/site-packages/airflow/example_dags/example_dag_decorator.py
[2021-10-21 12:58:52,338] {processor.py:632} INFO - DAG(s) dict_keys(['example_dag_decorator']) retrieved from /opt/anaconda3/envs/af2/lib/python3.8/site-packages/airflow/example_dags/example_dag_decorator.py
[2021-10-21 12:58:52,465] {logging_mixin.py:109} INFO - [2021-10-21 12:58:52,465] {dag.py:2389} INFO - Sync 1 DAGs
[2021-10-21 12:58:52,469] {logging_mixin.py:109} INFO - [2021-10-21 12:58:52,469] {dag.py:2914} INFO - Setting next_dagrun for example_dag_decorator to None
[2021-10-21 12:58:52,473] {processor.py:171} INFO - Processing /opt/anaconda3/envs/af2/lib/python3.8/site-packages/airflow/example_dags/example_dag_decorator.py took 0.166 seconds
[2021-10-21 13:00:25,039] {processor.py:163} INFO - Started process (PID=27647) to work on /opt/anaconda3/envs/af2/lib/python3.8/site-packages/airflow/example_dags/example_dag_decorator.py
[2021-10-21 13:00:25,041] {processor.py:620} INFO - Processing file /opt/anaconda3/envs/af2/lib/python3.8/site-packages/airflow/example_dags/example_dag_decorator.py for tasks to queue
[2021-10-21 13:00:25,041] {logging_mixin.py:109} INFO - [2021-10-21 13:00:25,041] {dagbag.py:500} INFO - Filling up the DagBag from /opt/anaconda3/envs/af2/lib/python3.8/site-packages/airflow/example_dags/example_dag_decorator.py
[2021-10-21 13:00:25,066] {processor.py:632} INFO - DAG(s) dict_keys(['example_dag_decorator']) retrieved from /opt/anaconda3/envs/af2/lib/python3.8/site-packages/airflow/example_dags/example_dag_decorator.py
[2021-10-21 13:00:25,189] {logging_mixin.py:109} INFO - [2021-10-21 13:00:25,189] {dag.py:2389} INFO - Sync 1 DAGs
[2021-10-21 13:00:25,192] {logging_mixin.py:109} INFO - [2021-10-21 13:00:25,192] {dag.py:2914} INFO - Setting next_dagrun for example_dag_decorator to None
[2021-10-21 13:00:25,196] {processor.py:171} INFO - Processing /opt/anaconda3/envs/af2/lib/python3.8/site-packages/airflow/example_dags/example_dag_decorator.py took 0.158 seconds
[2021-10-21 13:01:56,503] {processor.py:163} INFO - Started process (PID=27745) to work on /opt/anaconda3/envs/af2/lib/python3.8/site-packages/airflow/example_dags/example_dag_decorator.py
[2021-10-21 13:01:56,505] {processor.py:620} INFO - Processing file /opt/anaconda3/envs/af2/lib/python3.8/site-packages/airflow/example_dags/example_dag_decorator.py for tasks to queue
[2021-10-21 13:01:56,505] {logging_mixin.py:109} INFO - [2021-10-21 13:01:56,505] {dagbag.py:500} INFO - Filling up the DagBag from /opt/anaconda3/envs/af2/lib/python3.8/site-packages/airflow/example_dags/example_dag_decorator.py
[2021-10-21 13:01:56,530] {processor.py:632} INFO - DAG(s) dict_keys(['example_dag_decorator']) retrieved from /opt/anaconda3/envs/af2/lib/python3.8/site-packages/airflow/example_dags/example_dag_decorator.py
[2021-10-21 13:01:56,643] {logging_mixin.py:109} INFO - [2021-10-21 13:01:56,642] {dag.py:2389} INFO - Sync 1 DAGs
[2021-10-21 13:01:56,646] {logging_mixin.py:109} INFO - [2021-10-21 13:01:56,646] {dag.py:2914} INFO - Setting next_dagrun for example_dag_decorator to None
[2021-10-21 13:01:56,650] {processor.py:171} INFO - Processing /opt/anaconda3/envs/af2/lib/python3.8/site-packages/airflow/example_dags/example_dag_decorator.py took 0.148 seconds
[2021-10-21 13:03:25,150] {processor.py:163} INFO - Started process (PID=27877) to work on /opt/anaconda3/envs/af2/lib/python3.8/site-packages/airflow/example_dags/example_dag_decorator.py
[2021-10-21 13:03:25,151] {processor.py:620} INFO - Processing file /opt/anaconda3/envs/af2/lib/python3.8/site-packages/airflow/example_dags/example_dag_decorator.py for tasks to queue
[2021-10-21 13:03:25,151] {logging_mixin.py:109} INFO - [2021-10-21 13:03:25,151] {dagbag.py:500} INFO - Filling up the DagBag from /opt/anaconda3/envs/af2/lib/python3.8/site-packages/airflow/example_dags/example_dag_decorator.py
[2021-10-21 13:03:25,183] {processor.py:632} INFO - DAG(s) dict_keys(['example_dag_decorator']) retrieved from /opt/anaconda3/envs/af2/lib/python3.8/site-packages/airflow/example_dags/example_dag_decorator.py
[2021-10-21 13:03:25,355] {logging_mixin.py:109} INFO - [2021-10-21 13:03:25,355] {dag.py:2389} INFO - Sync 1 DAGs
[2021-10-21 13:03:25,359] {logging_mixin.py:109} INFO - [2021-10-21 13:03:25,359] {dag.py:2914} INFO - Setting next_dagrun for example_dag_decorator to None
[2021-10-21 13:03:25,364] {processor.py:171} INFO - Processing /opt/anaconda3/envs/af2/lib/python3.8/site-packages/airflow/example_dags/example_dag_decorator.py took 0.215 seconds
[2021-10-21 13:04:55,426] {processor.py:163} INFO - Started process (PID=27982) to work on /opt/anaconda3/envs/af2/lib/python3.8/site-packages/airflow/example_dags/example_dag_decorator.py
[2021-10-21 13:04:55,427] {processor.py:620} INFO - Processing file /opt/anaconda3/envs/af2/lib/python3.8/site-packages/airflow/example_dags/example_dag_decorator.py for tasks to queue
[2021-10-21 13:04:55,427] {logging_mixin.py:109} INFO - [2021-10-21 13:04:55,427] {dagbag.py:500} INFO - Filling up the DagBag from /opt/anaconda3/envs/af2/lib/python3.8/site-packages/airflow/example_dags/example_dag_decorator.py
[2021-10-21 13:04:55,455] {processor.py:632} INFO - DAG(s) dict_keys(['example_dag_decorator']) retrieved from /opt/anaconda3/envs/af2/lib/python3.8/site-packages/airflow/example_dags/example_dag_decorator.py
[2021-10-21 13:04:55,588] {logging_mixin.py:109} INFO - [2021-10-21 13:04:55,588] {dag.py:2389} INFO - Sync 1 DAGs
[2021-10-21 13:04:55,593] {logging_mixin.py:109} INFO - [2021-10-21 13:04:55,593] {dag.py:2914} INFO - Setting next_dagrun for example_dag_decorator to None
[2021-10-21 13:04:55,598] {processor.py:171} INFO - Processing /opt/anaconda3/envs/af2/lib/python3.8/site-packages/airflow/example_dags/example_dag_decorator.py took 0.174 seconds
[2021-10-21 13:06:27,250] {processor.py:163} INFO - Started process (PID=28145) to work on /opt/anaconda3/envs/af2/lib/python3.8/site-packages/airflow/example_dags/example_dag_decorator.py
[2021-10-21 13:06:27,250] {processor.py:620} INFO - Processing file /opt/anaconda3/envs/af2/lib/python3.8/site-packages/airflow/example_dags/example_dag_decorator.py for tasks to queue
[2021-10-21 13:06:27,250] {logging_mixin.py:109} INFO - [2021-10-21 13:06:27,250] {dagbag.py:500} INFO - Filling up the DagBag from /opt/anaconda3/envs/af2/lib/python3.8/site-packages/airflow/example_dags/example_dag_decorator.py
[2021-10-21 13:06:27,276] {processor.py:632} INFO - DAG(s) dict_keys(['example_dag_decorator']) retrieved from /opt/anaconda3/envs/af2/lib/python3.8/site-packages/airflow/example_dags/example_dag_decorator.py
[2021-10-21 13:06:27,404] {logging_mixin.py:109} INFO - [2021-10-21 13:06:27,404] {dag.py:2389} INFO - Sync 1 DAGs
[2021-10-21 13:06:27,408] {logging_mixin.py:109} INFO - [2021-10-21 13:06:27,408] {dag.py:2914} INFO - Setting next_dagrun for example_dag_decorator to None
[2021-10-21 13:06:27,412] {processor.py:171} INFO - Processing /opt/anaconda3/envs/af2/lib/python3.8/site-packages/airflow/example_dags/example_dag_decorator.py took 0.163 seconds
[2021-10-21 13:07:56,136] {processor.py:163} INFO - Started process (PID=28264) to work on /opt/anaconda3/envs/af2/lib/python3.8/site-packages/airflow/example_dags/example_dag_decorator.py
[2021-10-21 13:07:56,137] {processor.py:620} INFO - Processing file /opt/anaconda3/envs/af2/lib/python3.8/site-packages/airflow/example_dags/example_dag_decorator.py for tasks to queue
[2021-10-21 13:07:56,137] {logging_mixin.py:109} INFO - [2021-10-21 13:07:56,137] {dagbag.py:500} INFO - Filling up the DagBag from /opt/anaconda3/envs/af2/lib/python3.8/site-packages/airflow/example_dags/example_dag_decorator.py
[2021-10-21 13:07:56,167] {processor.py:632} INFO - DAG(s) dict_keys(['example_dag_decorator']) retrieved from /opt/anaconda3/envs/af2/lib/python3.8/site-packages/airflow/example_dags/example_dag_decorator.py
[2021-10-21 13:07:56,293] {logging_mixin.py:109} INFO - [2021-10-21 13:07:56,293] {dag.py:2389} INFO - Sync 1 DAGs
[2021-10-21 13:07:56,297] {logging_mixin.py:109} INFO - [2021-10-21 13:07:56,297] {dag.py:2914} INFO - Setting next_dagrun for example_dag_decorator to None
[2021-10-21 13:07:56,301] {processor.py:171} INFO - Processing /opt/anaconda3/envs/af2/lib/python3.8/site-packages/airflow/example_dags/example_dag_decorator.py took 0.166 seconds
