[2021-10-21 12:02:36,686] {processor.py:163} INFO - Started process (PID=22427) to work on /opt/anaconda3/envs/af2/lib/python3.8/site-packages/airflow/example_dags/example_branch_day_of_week_operator.py
[2021-10-21 12:02:36,686] {processor.py:620} INFO - Processing file /opt/anaconda3/envs/af2/lib/python3.8/site-packages/airflow/example_dags/example_branch_day_of_week_operator.py for tasks to queue
[2021-10-21 12:02:36,686] {logging_mixin.py:109} INFO - [2021-10-21 12:02:36,686] {dagbag.py:500} INFO - Filling up the DagBag from /opt/anaconda3/envs/af2/lib/python3.8/site-packages/airflow/example_dags/example_branch_day_of_week_operator.py
[2021-10-21 12:02:36,707] {processor.py:632} INFO - DAG(s) dict_keys(['example_weekday_branch_operator']) retrieved from /opt/anaconda3/envs/af2/lib/python3.8/site-packages/airflow/example_dags/example_branch_day_of_week_operator.py
[2021-10-21 12:02:36,718] {logging_mixin.py:109} INFO - [2021-10-21 12:02:36,718] {dag.py:2389} INFO - Sync 1 DAGs
[2021-10-21 12:02:36,724] {logging_mixin.py:109} INFO - [2021-10-21 12:02:36,724] {dag.py:2914} INFO - Setting next_dagrun for example_weekday_branch_operator to 2021-10-20 00:00:00+00:00
[2021-10-21 12:02:36,728] {processor.py:171} INFO - Processing /opt/anaconda3/envs/af2/lib/python3.8/site-packages/airflow/example_dags/example_branch_day_of_week_operator.py took 0.042 seconds
[2021-10-21 12:04:08,929] {processor.py:163} INFO - Started process (PID=22586) to work on /opt/anaconda3/envs/af2/lib/python3.8/site-packages/airflow/example_dags/example_branch_day_of_week_operator.py
[2021-10-21 12:04:08,930] {processor.py:620} INFO - Processing file /opt/anaconda3/envs/af2/lib/python3.8/site-packages/airflow/example_dags/example_branch_day_of_week_operator.py for tasks to queue
[2021-10-21 12:04:08,930] {logging_mixin.py:109} INFO - [2021-10-21 12:04:08,930] {dagbag.py:500} INFO - Filling up the DagBag from /opt/anaconda3/envs/af2/lib/python3.8/site-packages/airflow/example_dags/example_branch_day_of_week_operator.py
[2021-10-21 12:04:08,947] {processor.py:632} INFO - DAG(s) dict_keys(['example_weekday_branch_operator']) retrieved from /opt/anaconda3/envs/af2/lib/python3.8/site-packages/airflow/example_dags/example_branch_day_of_week_operator.py
[2021-10-21 12:04:08,955] {logging_mixin.py:109} INFO - [2021-10-21 12:04:08,955] {dag.py:2389} INFO - Sync 1 DAGs
[2021-10-21 12:04:08,960] {logging_mixin.py:109} INFO - [2021-10-21 12:04:08,960] {dag.py:2914} INFO - Setting next_dagrun for example_weekday_branch_operator to 2021-10-20 00:00:00+00:00
[2021-10-21 12:04:08,963] {processor.py:171} INFO - Processing /opt/anaconda3/envs/af2/lib/python3.8/site-packages/airflow/example_dags/example_branch_day_of_week_operator.py took 0.035 seconds
[2021-10-21 12:12:24,591] {processor.py:163} INFO - Started process (PID=23128) to work on /opt/anaconda3/envs/af2/lib/python3.8/site-packages/airflow/example_dags/example_branch_day_of_week_operator.py
[2021-10-21 12:12:24,592] {processor.py:620} INFO - Processing file /opt/anaconda3/envs/af2/lib/python3.8/site-packages/airflow/example_dags/example_branch_day_of_week_operator.py for tasks to queue
[2021-10-21 12:12:24,592] {logging_mixin.py:109} INFO - [2021-10-21 12:12:24,592] {dagbag.py:500} INFO - Filling up the DagBag from /opt/anaconda3/envs/af2/lib/python3.8/site-packages/airflow/example_dags/example_branch_day_of_week_operator.py
[2021-10-21 12:12:24,609] {processor.py:632} INFO - DAG(s) dict_keys(['example_weekday_branch_operator']) retrieved from /opt/anaconda3/envs/af2/lib/python3.8/site-packages/airflow/example_dags/example_branch_day_of_week_operator.py
[2021-10-21 12:12:24,618] {logging_mixin.py:109} INFO - [2021-10-21 12:12:24,618] {dag.py:2389} INFO - Sync 1 DAGs
[2021-10-21 12:12:24,623] {logging_mixin.py:109} INFO - [2021-10-21 12:12:24,623] {dag.py:2914} INFO - Setting next_dagrun for example_weekday_branch_operator to 2021-10-20 00:00:00+00:00
[2021-10-21 12:12:24,626] {processor.py:171} INFO - Processing /opt/anaconda3/envs/af2/lib/python3.8/site-packages/airflow/example_dags/example_branch_day_of_week_operator.py took 0.036 seconds
[2021-10-21 12:13:40,687] {processor.py:163} INFO - Started process (PID=23253) to work on /opt/anaconda3/envs/af2/lib/python3.8/site-packages/airflow/example_dags/example_branch_day_of_week_operator.py
[2021-10-21 12:13:40,688] {processor.py:620} INFO - Processing file /opt/anaconda3/envs/af2/lib/python3.8/site-packages/airflow/example_dags/example_branch_day_of_week_operator.py for tasks to queue
[2021-10-21 12:13:40,688] {logging_mixin.py:109} INFO - [2021-10-21 12:13:40,688] {dagbag.py:500} INFO - Filling up the DagBag from /opt/anaconda3/envs/af2/lib/python3.8/site-packages/airflow/example_dags/example_branch_day_of_week_operator.py
[2021-10-21 12:13:40,705] {processor.py:632} INFO - DAG(s) dict_keys(['example_weekday_branch_operator']) retrieved from /opt/anaconda3/envs/af2/lib/python3.8/site-packages/airflow/example_dags/example_branch_day_of_week_operator.py
[2021-10-21 12:13:40,714] {logging_mixin.py:109} INFO - [2021-10-21 12:13:40,714] {dag.py:2389} INFO - Sync 1 DAGs
[2021-10-21 12:13:40,718] {logging_mixin.py:109} INFO - [2021-10-21 12:13:40,718] {dag.py:2914} INFO - Setting next_dagrun for example_weekday_branch_operator to 2021-10-20 00:00:00+00:00
[2021-10-21 12:13:40,722] {processor.py:171} INFO - Processing /opt/anaconda3/envs/af2/lib/python3.8/site-packages/airflow/example_dags/example_branch_day_of_week_operator.py took 0.035 seconds
[2021-10-21 12:14:55,851] {processor.py:163} INFO - Started process (PID=23351) to work on /opt/anaconda3/envs/af2/lib/python3.8/site-packages/airflow/example_dags/example_branch_day_of_week_operator.py
[2021-10-21 12:14:55,852] {processor.py:620} INFO - Processing file /opt/anaconda3/envs/af2/lib/python3.8/site-packages/airflow/example_dags/example_branch_day_of_week_operator.py for tasks to queue
[2021-10-21 12:14:55,852] {logging_mixin.py:109} INFO - [2021-10-21 12:14:55,852] {dagbag.py:500} INFO - Filling up the DagBag from /opt/anaconda3/envs/af2/lib/python3.8/site-packages/airflow/example_dags/example_branch_day_of_week_operator.py
[2021-10-21 12:14:55,870] {processor.py:632} INFO - DAG(s) dict_keys(['example_weekday_branch_operator']) retrieved from /opt/anaconda3/envs/af2/lib/python3.8/site-packages/airflow/example_dags/example_branch_day_of_week_operator.py
[2021-10-21 12:14:55,880] {logging_mixin.py:109} INFO - [2021-10-21 12:14:55,880] {dag.py:2389} INFO - Sync 1 DAGs
[2021-10-21 12:14:55,885] {logging_mixin.py:109} INFO - [2021-10-21 12:14:55,885] {dag.py:2914} INFO - Setting next_dagrun for example_weekday_branch_operator to 2021-10-20 00:00:00+00:00
[2021-10-21 12:14:55,888] {processor.py:171} INFO - Processing /opt/anaconda3/envs/af2/lib/python3.8/site-packages/airflow/example_dags/example_branch_day_of_week_operator.py took 0.037 seconds
[2021-10-21 12:16:12,917] {processor.py:163} INFO - Started process (PID=23489) to work on /opt/anaconda3/envs/af2/lib/python3.8/site-packages/airflow/example_dags/example_branch_day_of_week_operator.py
[2021-10-21 12:16:12,917] {processor.py:620} INFO - Processing file /opt/anaconda3/envs/af2/lib/python3.8/site-packages/airflow/example_dags/example_branch_day_of_week_operator.py for tasks to queue
[2021-10-21 12:16:12,918] {logging_mixin.py:109} INFO - [2021-10-21 12:16:12,918] {dagbag.py:500} INFO - Filling up the DagBag from /opt/anaconda3/envs/af2/lib/python3.8/site-packages/airflow/example_dags/example_branch_day_of_week_operator.py
[2021-10-21 12:16:12,935] {processor.py:632} INFO - DAG(s) dict_keys(['example_weekday_branch_operator']) retrieved from /opt/anaconda3/envs/af2/lib/python3.8/site-packages/airflow/example_dags/example_branch_day_of_week_operator.py
[2021-10-21 12:16:12,944] {logging_mixin.py:109} INFO - [2021-10-21 12:16:12,944] {dag.py:2389} INFO - Sync 1 DAGs
[2021-10-21 12:16:12,949] {logging_mixin.py:109} INFO - [2021-10-21 12:16:12,949] {dag.py:2914} INFO - Setting next_dagrun for example_weekday_branch_operator to 2021-10-20 00:00:00+00:00
[2021-10-21 12:16:12,952] {processor.py:171} INFO - Processing /opt/anaconda3/envs/af2/lib/python3.8/site-packages/airflow/example_dags/example_branch_day_of_week_operator.py took 0.036 seconds
[2021-10-21 12:17:27,227] {processor.py:163} INFO - Started process (PID=23594) to work on /opt/anaconda3/envs/af2/lib/python3.8/site-packages/airflow/example_dags/example_branch_day_of_week_operator.py
[2021-10-21 12:17:27,228] {processor.py:620} INFO - Processing file /opt/anaconda3/envs/af2/lib/python3.8/site-packages/airflow/example_dags/example_branch_day_of_week_operator.py for tasks to queue
[2021-10-21 12:17:27,228] {logging_mixin.py:109} INFO - [2021-10-21 12:17:27,228] {dagbag.py:500} INFO - Filling up the DagBag from /opt/anaconda3/envs/af2/lib/python3.8/site-packages/airflow/example_dags/example_branch_day_of_week_operator.py
[2021-10-21 12:17:27,245] {processor.py:632} INFO - DAG(s) dict_keys(['example_weekday_branch_operator']) retrieved from /opt/anaconda3/envs/af2/lib/python3.8/site-packages/airflow/example_dags/example_branch_day_of_week_operator.py
[2021-10-21 12:17:27,254] {logging_mixin.py:109} INFO - [2021-10-21 12:17:27,254] {dag.py:2389} INFO - Sync 1 DAGs
[2021-10-21 12:17:27,259] {logging_mixin.py:109} INFO - [2021-10-21 12:17:27,259] {dag.py:2914} INFO - Setting next_dagrun for example_weekday_branch_operator to 2021-10-20 00:00:00+00:00
[2021-10-21 12:17:27,262] {processor.py:171} INFO - Processing /opt/anaconda3/envs/af2/lib/python3.8/site-packages/airflow/example_dags/example_branch_day_of_week_operator.py took 0.035 seconds
[2021-10-21 12:18:41,542] {processor.py:163} INFO - Started process (PID=23749) to work on /opt/anaconda3/envs/af2/lib/python3.8/site-packages/airflow/example_dags/example_branch_day_of_week_operator.py
[2021-10-21 12:18:41,543] {processor.py:620} INFO - Processing file /opt/anaconda3/envs/af2/lib/python3.8/site-packages/airflow/example_dags/example_branch_day_of_week_operator.py for tasks to queue
[2021-10-21 12:18:41,543] {logging_mixin.py:109} INFO - [2021-10-21 12:18:41,543] {dagbag.py:500} INFO - Filling up the DagBag from /opt/anaconda3/envs/af2/lib/python3.8/site-packages/airflow/example_dags/example_branch_day_of_week_operator.py
[2021-10-21 12:18:41,560] {processor.py:632} INFO - DAG(s) dict_keys(['example_weekday_branch_operator']) retrieved from /opt/anaconda3/envs/af2/lib/python3.8/site-packages/airflow/example_dags/example_branch_day_of_week_operator.py
[2021-10-21 12:18:41,569] {logging_mixin.py:109} INFO - [2021-10-21 12:18:41,569] {dag.py:2389} INFO - Sync 1 DAGs
[2021-10-21 12:18:41,573] {logging_mixin.py:109} INFO - [2021-10-21 12:18:41,573] {dag.py:2914} INFO - Setting next_dagrun for example_weekday_branch_operator to 2021-10-20 00:00:00+00:00
[2021-10-21 12:18:41,577] {processor.py:171} INFO - Processing /opt/anaconda3/envs/af2/lib/python3.8/site-packages/airflow/example_dags/example_branch_day_of_week_operator.py took 0.035 seconds
[2021-10-21 12:19:55,131] {processor.py:163} INFO - Started process (PID=23890) to work on /opt/anaconda3/envs/af2/lib/python3.8/site-packages/airflow/example_dags/example_branch_day_of_week_operator.py
[2021-10-21 12:19:55,132] {processor.py:620} INFO - Processing file /opt/anaconda3/envs/af2/lib/python3.8/site-packages/airflow/example_dags/example_branch_day_of_week_operator.py for tasks to queue
[2021-10-21 12:19:55,133] {logging_mixin.py:109} INFO - [2021-10-21 12:19:55,133] {dagbag.py:500} INFO - Filling up the DagBag from /opt/anaconda3/envs/af2/lib/python3.8/site-packages/airflow/example_dags/example_branch_day_of_week_operator.py
[2021-10-21 12:19:55,150] {processor.py:632} INFO - DAG(s) dict_keys(['example_weekday_branch_operator']) retrieved from /opt/anaconda3/envs/af2/lib/python3.8/site-packages/airflow/example_dags/example_branch_day_of_week_operator.py
[2021-10-21 12:19:55,159] {logging_mixin.py:109} INFO - [2021-10-21 12:19:55,159] {dag.py:2389} INFO - Sync 1 DAGs
[2021-10-21 12:19:55,164] {logging_mixin.py:109} INFO - [2021-10-21 12:19:55,164] {dag.py:2914} INFO - Setting next_dagrun for example_weekday_branch_operator to 2021-10-20 00:00:00+00:00
[2021-10-21 12:19:55,167] {processor.py:171} INFO - Processing /opt/anaconda3/envs/af2/lib/python3.8/site-packages/airflow/example_dags/example_branch_day_of_week_operator.py took 0.036 seconds
[2021-10-21 12:21:07,010] {processor.py:163} INFO - Started process (PID=24054) to work on /opt/anaconda3/envs/af2/lib/python3.8/site-packages/airflow/example_dags/example_branch_day_of_week_operator.py
[2021-10-21 12:21:07,011] {processor.py:620} INFO - Processing file /opt/anaconda3/envs/af2/lib/python3.8/site-packages/airflow/example_dags/example_branch_day_of_week_operator.py for tasks to queue
[2021-10-21 12:21:07,011] {logging_mixin.py:109} INFO - [2021-10-21 12:21:07,011] {dagbag.py:500} INFO - Filling up the DagBag from /opt/anaconda3/envs/af2/lib/python3.8/site-packages/airflow/example_dags/example_branch_day_of_week_operator.py
[2021-10-21 12:21:07,029] {processor.py:632} INFO - DAG(s) dict_keys(['example_weekday_branch_operator']) retrieved from /opt/anaconda3/envs/af2/lib/python3.8/site-packages/airflow/example_dags/example_branch_day_of_week_operator.py
[2021-10-21 12:21:07,037] {logging_mixin.py:109} INFO - [2021-10-21 12:21:07,037] {dag.py:2389} INFO - Sync 1 DAGs
[2021-10-21 12:21:07,042] {logging_mixin.py:109} INFO - [2021-10-21 12:21:07,042] {dag.py:2914} INFO - Setting next_dagrun for example_weekday_branch_operator to 2021-10-20 00:00:00+00:00
[2021-10-21 12:21:07,045] {processor.py:171} INFO - Processing /opt/anaconda3/envs/af2/lib/python3.8/site-packages/airflow/example_dags/example_branch_day_of_week_operator.py took 0.035 seconds
[2021-10-21 12:22:12,440] {processor.py:163} INFO - Started process (PID=24158) to work on /opt/anaconda3/envs/af2/lib/python3.8/site-packages/airflow/example_dags/example_branch_day_of_week_operator.py
[2021-10-21 12:22:12,441] {processor.py:620} INFO - Processing file /opt/anaconda3/envs/af2/lib/python3.8/site-packages/airflow/example_dags/example_branch_day_of_week_operator.py for tasks to queue
[2021-10-21 12:22:12,441] {logging_mixin.py:109} INFO - [2021-10-21 12:22:12,441] {dagbag.py:500} INFO - Filling up the DagBag from /opt/anaconda3/envs/af2/lib/python3.8/site-packages/airflow/example_dags/example_branch_day_of_week_operator.py
[2021-10-21 12:22:12,458] {processor.py:632} INFO - DAG(s) dict_keys(['example_weekday_branch_operator']) retrieved from /opt/anaconda3/envs/af2/lib/python3.8/site-packages/airflow/example_dags/example_branch_day_of_week_operator.py
[2021-10-21 12:22:12,467] {logging_mixin.py:109} INFO - [2021-10-21 12:22:12,467] {dag.py:2389} INFO - Sync 1 DAGs
[2021-10-21 12:22:12,471] {logging_mixin.py:109} INFO - [2021-10-21 12:22:12,471] {dag.py:2914} INFO - Setting next_dagrun for example_weekday_branch_operator to 2021-10-20 00:00:00+00:00
[2021-10-21 12:22:12,475] {processor.py:171} INFO - Processing /opt/anaconda3/envs/af2/lib/python3.8/site-packages/airflow/example_dags/example_branch_day_of_week_operator.py took 0.035 seconds
[2021-10-21 12:23:24,670] {processor.py:163} INFO - Started process (PID=24327) to work on /opt/anaconda3/envs/af2/lib/python3.8/site-packages/airflow/example_dags/example_branch_day_of_week_operator.py
[2021-10-21 12:23:24,671] {processor.py:620} INFO - Processing file /opt/anaconda3/envs/af2/lib/python3.8/site-packages/airflow/example_dags/example_branch_day_of_week_operator.py for tasks to queue
[2021-10-21 12:23:24,671] {logging_mixin.py:109} INFO - [2021-10-21 12:23:24,671] {dagbag.py:500} INFO - Filling up the DagBag from /opt/anaconda3/envs/af2/lib/python3.8/site-packages/airflow/example_dags/example_branch_day_of_week_operator.py
[2021-10-21 12:23:24,688] {processor.py:632} INFO - DAG(s) dict_keys(['example_weekday_branch_operator']) retrieved from /opt/anaconda3/envs/af2/lib/python3.8/site-packages/airflow/example_dags/example_branch_day_of_week_operator.py
[2021-10-21 12:23:24,697] {logging_mixin.py:109} INFO - [2021-10-21 12:23:24,696] {dag.py:2389} INFO - Sync 1 DAGs
[2021-10-21 12:23:24,701] {logging_mixin.py:109} INFO - [2021-10-21 12:23:24,701] {dag.py:2914} INFO - Setting next_dagrun for example_weekday_branch_operator to 2021-10-20 00:00:00+00:00
[2021-10-21 12:23:24,705] {processor.py:171} INFO - Processing /opt/anaconda3/envs/af2/lib/python3.8/site-packages/airflow/example_dags/example_branch_day_of_week_operator.py took 0.035 seconds
[2021-10-21 12:24:39,106] {processor.py:163} INFO - Started process (PID=24420) to work on /opt/anaconda3/envs/af2/lib/python3.8/site-packages/airflow/example_dags/example_branch_day_of_week_operator.py
[2021-10-21 12:24:39,107] {processor.py:620} INFO - Processing file /opt/anaconda3/envs/af2/lib/python3.8/site-packages/airflow/example_dags/example_branch_day_of_week_operator.py for tasks to queue
[2021-10-21 12:24:39,107] {logging_mixin.py:109} INFO - [2021-10-21 12:24:39,107] {dagbag.py:500} INFO - Filling up the DagBag from /opt/anaconda3/envs/af2/lib/python3.8/site-packages/airflow/example_dags/example_branch_day_of_week_operator.py
[2021-10-21 12:24:39,126] {processor.py:632} INFO - DAG(s) dict_keys(['example_weekday_branch_operator']) retrieved from /opt/anaconda3/envs/af2/lib/python3.8/site-packages/airflow/example_dags/example_branch_day_of_week_operator.py
[2021-10-21 12:24:39,135] {logging_mixin.py:109} INFO - [2021-10-21 12:24:39,135] {dag.py:2389} INFO - Sync 1 DAGs
[2021-10-21 12:24:39,140] {logging_mixin.py:109} INFO - [2021-10-21 12:24:39,140] {dag.py:2914} INFO - Setting next_dagrun for example_weekday_branch_operator to 2021-10-20 00:00:00+00:00
[2021-10-21 12:24:39,144] {processor.py:171} INFO - Processing /opt/anaconda3/envs/af2/lib/python3.8/site-packages/airflow/example_dags/example_branch_day_of_week_operator.py took 0.037 seconds
[2021-10-21 12:25:51,061] {processor.py:163} INFO - Started process (PID=24564) to work on /opt/anaconda3/envs/af2/lib/python3.8/site-packages/airflow/example_dags/example_branch_day_of_week_operator.py
[2021-10-21 12:25:51,061] {processor.py:620} INFO - Processing file /opt/anaconda3/envs/af2/lib/python3.8/site-packages/airflow/example_dags/example_branch_day_of_week_operator.py for tasks to queue
[2021-10-21 12:25:51,062] {logging_mixin.py:109} INFO - [2021-10-21 12:25:51,062] {dagbag.py:500} INFO - Filling up the DagBag from /opt/anaconda3/envs/af2/lib/python3.8/site-packages/airflow/example_dags/example_branch_day_of_week_operator.py
[2021-10-21 12:25:51,080] {processor.py:632} INFO - DAG(s) dict_keys(['example_weekday_branch_operator']) retrieved from /opt/anaconda3/envs/af2/lib/python3.8/site-packages/airflow/example_dags/example_branch_day_of_week_operator.py
[2021-10-21 12:25:51,090] {logging_mixin.py:109} INFO - [2021-10-21 12:25:51,090] {dag.py:2389} INFO - Sync 1 DAGs
[2021-10-21 12:25:51,095] {logging_mixin.py:109} INFO - [2021-10-21 12:25:51,095] {dag.py:2914} INFO - Setting next_dagrun for example_weekday_branch_operator to 2021-10-20 00:00:00+00:00
[2021-10-21 12:25:51,099] {processor.py:171} INFO - Processing /opt/anaconda3/envs/af2/lib/python3.8/site-packages/airflow/example_dags/example_branch_day_of_week_operator.py took 0.039 seconds
[2021-10-21 12:27:04,907] {processor.py:163} INFO - Started process (PID=24773) to work on /opt/anaconda3/envs/af2/lib/python3.8/site-packages/airflow/example_dags/example_branch_day_of_week_operator.py
[2021-10-21 12:27:04,908] {processor.py:620} INFO - Processing file /opt/anaconda3/envs/af2/lib/python3.8/site-packages/airflow/example_dags/example_branch_day_of_week_operator.py for tasks to queue
[2021-10-21 12:27:04,909] {logging_mixin.py:109} INFO - [2021-10-21 12:27:04,909] {dagbag.py:500} INFO - Filling up the DagBag from /opt/anaconda3/envs/af2/lib/python3.8/site-packages/airflow/example_dags/example_branch_day_of_week_operator.py
[2021-10-21 12:27:04,925] {processor.py:632} INFO - DAG(s) dict_keys(['example_weekday_branch_operator']) retrieved from /opt/anaconda3/envs/af2/lib/python3.8/site-packages/airflow/example_dags/example_branch_day_of_week_operator.py
[2021-10-21 12:27:04,934] {logging_mixin.py:109} INFO - [2021-10-21 12:27:04,934] {dag.py:2389} INFO - Sync 1 DAGs
[2021-10-21 12:27:04,938] {logging_mixin.py:109} INFO - [2021-10-21 12:27:04,938] {dag.py:2914} INFO - Setting next_dagrun for example_weekday_branch_operator to 2021-10-20 00:00:00+00:00
[2021-10-21 12:27:04,942] {processor.py:171} INFO - Processing /opt/anaconda3/envs/af2/lib/python3.8/site-packages/airflow/example_dags/example_branch_day_of_week_operator.py took 0.035 seconds
[2021-10-21 12:28:18,498] {processor.py:163} INFO - Started process (PID=24929) to work on /opt/anaconda3/envs/af2/lib/python3.8/site-packages/airflow/example_dags/example_branch_day_of_week_operator.py
[2021-10-21 12:28:18,498] {processor.py:620} INFO - Processing file /opt/anaconda3/envs/af2/lib/python3.8/site-packages/airflow/example_dags/example_branch_day_of_week_operator.py for tasks to queue
[2021-10-21 12:28:18,498] {logging_mixin.py:109} INFO - [2021-10-21 12:28:18,498] {dagbag.py:500} INFO - Filling up the DagBag from /opt/anaconda3/envs/af2/lib/python3.8/site-packages/airflow/example_dags/example_branch_day_of_week_operator.py
[2021-10-21 12:28:18,515] {processor.py:632} INFO - DAG(s) dict_keys(['example_weekday_branch_operator']) retrieved from /opt/anaconda3/envs/af2/lib/python3.8/site-packages/airflow/example_dags/example_branch_day_of_week_operator.py
[2021-10-21 12:28:18,524] {logging_mixin.py:109} INFO - [2021-10-21 12:28:18,524] {dag.py:2389} INFO - Sync 1 DAGs
[2021-10-21 12:28:18,529] {logging_mixin.py:109} INFO - [2021-10-21 12:28:18,529] {dag.py:2914} INFO - Setting next_dagrun for example_weekday_branch_operator to 2021-10-20 00:00:00+00:00
[2021-10-21 12:28:18,532] {processor.py:171} INFO - Processing /opt/anaconda3/envs/af2/lib/python3.8/site-packages/airflow/example_dags/example_branch_day_of_week_operator.py took 0.034 seconds
[2021-10-21 12:29:30,433] {processor.py:163} INFO - Started process (PID=25028) to work on /opt/anaconda3/envs/af2/lib/python3.8/site-packages/airflow/example_dags/example_branch_day_of_week_operator.py
[2021-10-21 12:29:30,434] {processor.py:620} INFO - Processing file /opt/anaconda3/envs/af2/lib/python3.8/site-packages/airflow/example_dags/example_branch_day_of_week_operator.py for tasks to queue
[2021-10-21 12:29:30,434] {logging_mixin.py:109} INFO - [2021-10-21 12:29:30,434] {dagbag.py:500} INFO - Filling up the DagBag from /opt/anaconda3/envs/af2/lib/python3.8/site-packages/airflow/example_dags/example_branch_day_of_week_operator.py
[2021-10-21 12:29:30,452] {processor.py:632} INFO - DAG(s) dict_keys(['example_weekday_branch_operator']) retrieved from /opt/anaconda3/envs/af2/lib/python3.8/site-packages/airflow/example_dags/example_branch_day_of_week_operator.py
[2021-10-21 12:29:30,462] {logging_mixin.py:109} INFO - [2021-10-21 12:29:30,462] {dag.py:2389} INFO - Sync 1 DAGs
[2021-10-21 12:29:30,467] {logging_mixin.py:109} INFO - [2021-10-21 12:29:30,467] {dag.py:2914} INFO - Setting next_dagrun for example_weekday_branch_operator to 2021-10-20 00:00:00+00:00
[2021-10-21 12:29:30,470] {processor.py:171} INFO - Processing /opt/anaconda3/envs/af2/lib/python3.8/site-packages/airflow/example_dags/example_branch_day_of_week_operator.py took 0.037 seconds
[2021-10-21 12:30:48,378] {processor.py:163} INFO - Started process (PID=25202) to work on /opt/anaconda3/envs/af2/lib/python3.8/site-packages/airflow/example_dags/example_branch_day_of_week_operator.py
[2021-10-21 12:30:48,378] {processor.py:620} INFO - Processing file /opt/anaconda3/envs/af2/lib/python3.8/site-packages/airflow/example_dags/example_branch_day_of_week_operator.py for tasks to queue
[2021-10-21 12:30:48,378] {logging_mixin.py:109} INFO - [2021-10-21 12:30:48,378] {dagbag.py:500} INFO - Filling up the DagBag from /opt/anaconda3/envs/af2/lib/python3.8/site-packages/airflow/example_dags/example_branch_day_of_week_operator.py
[2021-10-21 12:30:48,394] {processor.py:632} INFO - DAG(s) dict_keys(['example_weekday_branch_operator']) retrieved from /opt/anaconda3/envs/af2/lib/python3.8/site-packages/airflow/example_dags/example_branch_day_of_week_operator.py
[2021-10-21 12:30:48,403] {logging_mixin.py:109} INFO - [2021-10-21 12:30:48,403] {dag.py:2389} INFO - Sync 1 DAGs
[2021-10-21 12:30:48,408] {logging_mixin.py:109} INFO - [2021-10-21 12:30:48,408] {dag.py:2914} INFO - Setting next_dagrun for example_weekday_branch_operator to 2021-10-20 00:00:00+00:00
[2021-10-21 12:30:48,411] {processor.py:171} INFO - Processing /opt/anaconda3/envs/af2/lib/python3.8/site-packages/airflow/example_dags/example_branch_day_of_week_operator.py took 0.034 seconds
[2021-10-21 12:32:09,859] {processor.py:163} INFO - Started process (PID=25315) to work on /opt/anaconda3/envs/af2/lib/python3.8/site-packages/airflow/example_dags/example_branch_day_of_week_operator.py
[2021-10-21 12:32:09,859] {processor.py:620} INFO - Processing file /opt/anaconda3/envs/af2/lib/python3.8/site-packages/airflow/example_dags/example_branch_day_of_week_operator.py for tasks to queue
[2021-10-21 12:32:09,859] {logging_mixin.py:109} INFO - [2021-10-21 12:32:09,859] {dagbag.py:500} INFO - Filling up the DagBag from /opt/anaconda3/envs/af2/lib/python3.8/site-packages/airflow/example_dags/example_branch_day_of_week_operator.py
[2021-10-21 12:32:09,877] {processor.py:632} INFO - DAG(s) dict_keys(['example_weekday_branch_operator']) retrieved from /opt/anaconda3/envs/af2/lib/python3.8/site-packages/airflow/example_dags/example_branch_day_of_week_operator.py
[2021-10-21 12:32:09,888] {logging_mixin.py:109} INFO - [2021-10-21 12:32:09,887] {dag.py:2389} INFO - Sync 1 DAGs
[2021-10-21 12:32:09,893] {logging_mixin.py:109} INFO - [2021-10-21 12:32:09,893] {dag.py:2914} INFO - Setting next_dagrun for example_weekday_branch_operator to 2021-10-20 00:00:00+00:00
[2021-10-21 12:32:09,897] {processor.py:171} INFO - Processing /opt/anaconda3/envs/af2/lib/python3.8/site-packages/airflow/example_dags/example_branch_day_of_week_operator.py took 0.039 seconds
[2021-10-21 12:33:32,601] {processor.py:163} INFO - Started process (PID=25450) to work on /opt/anaconda3/envs/af2/lib/python3.8/site-packages/airflow/example_dags/example_branch_day_of_week_operator.py
[2021-10-21 12:33:32,602] {processor.py:620} INFO - Processing file /opt/anaconda3/envs/af2/lib/python3.8/site-packages/airflow/example_dags/example_branch_day_of_week_operator.py for tasks to queue
[2021-10-21 12:33:32,602] {logging_mixin.py:109} INFO - [2021-10-21 12:33:32,602] {dagbag.py:500} INFO - Filling up the DagBag from /opt/anaconda3/envs/af2/lib/python3.8/site-packages/airflow/example_dags/example_branch_day_of_week_operator.py
[2021-10-21 12:33:32,618] {processor.py:632} INFO - DAG(s) dict_keys(['example_weekday_branch_operator']) retrieved from /opt/anaconda3/envs/af2/lib/python3.8/site-packages/airflow/example_dags/example_branch_day_of_week_operator.py
[2021-10-21 12:33:32,627] {logging_mixin.py:109} INFO - [2021-10-21 12:33:32,627] {dag.py:2389} INFO - Sync 1 DAGs
[2021-10-21 12:33:32,632] {logging_mixin.py:109} INFO - [2021-10-21 12:33:32,632] {dag.py:2914} INFO - Setting next_dagrun for example_weekday_branch_operator to 2021-10-20 00:00:00+00:00
[2021-10-21 12:33:32,635] {processor.py:171} INFO - Processing /opt/anaconda3/envs/af2/lib/python3.8/site-packages/airflow/example_dags/example_branch_day_of_week_operator.py took 0.035 seconds
[2021-10-21 12:34:55,993] {processor.py:163} INFO - Started process (PID=25569) to work on /opt/anaconda3/envs/af2/lib/python3.8/site-packages/airflow/example_dags/example_branch_day_of_week_operator.py
[2021-10-21 12:34:55,994] {processor.py:620} INFO - Processing file /opt/anaconda3/envs/af2/lib/python3.8/site-packages/airflow/example_dags/example_branch_day_of_week_operator.py for tasks to queue
[2021-10-21 12:34:55,994] {logging_mixin.py:109} INFO - [2021-10-21 12:34:55,994] {dagbag.py:500} INFO - Filling up the DagBag from /opt/anaconda3/envs/af2/lib/python3.8/site-packages/airflow/example_dags/example_branch_day_of_week_operator.py
[2021-10-21 12:34:56,011] {processor.py:632} INFO - DAG(s) dict_keys(['example_weekday_branch_operator']) retrieved from /opt/anaconda3/envs/af2/lib/python3.8/site-packages/airflow/example_dags/example_branch_day_of_week_operator.py
[2021-10-21 12:34:56,020] {logging_mixin.py:109} INFO - [2021-10-21 12:34:56,020] {dag.py:2389} INFO - Sync 1 DAGs
[2021-10-21 12:34:56,025] {logging_mixin.py:109} INFO - [2021-10-21 12:34:56,025] {dag.py:2914} INFO - Setting next_dagrun for example_weekday_branch_operator to 2021-10-20 00:00:00+00:00
[2021-10-21 12:34:56,029] {processor.py:171} INFO - Processing /opt/anaconda3/envs/af2/lib/python3.8/site-packages/airflow/example_dags/example_branch_day_of_week_operator.py took 0.037 seconds
[2021-10-21 12:36:26,232] {processor.py:163} INFO - Started process (PID=25672) to work on /opt/anaconda3/envs/af2/lib/python3.8/site-packages/airflow/example_dags/example_branch_day_of_week_operator.py
[2021-10-21 12:36:26,232] {processor.py:620} INFO - Processing file /opt/anaconda3/envs/af2/lib/python3.8/site-packages/airflow/example_dags/example_branch_day_of_week_operator.py for tasks to queue
[2021-10-21 12:36:26,232] {logging_mixin.py:109} INFO - [2021-10-21 12:36:26,232] {dagbag.py:500} INFO - Filling up the DagBag from /opt/anaconda3/envs/af2/lib/python3.8/site-packages/airflow/example_dags/example_branch_day_of_week_operator.py
[2021-10-21 12:36:26,249] {processor.py:632} INFO - DAG(s) dict_keys(['example_weekday_branch_operator']) retrieved from /opt/anaconda3/envs/af2/lib/python3.8/site-packages/airflow/example_dags/example_branch_day_of_week_operator.py
[2021-10-21 12:36:26,259] {logging_mixin.py:109} INFO - [2021-10-21 12:36:26,259] {dag.py:2389} INFO - Sync 1 DAGs
[2021-10-21 12:36:26,265] {logging_mixin.py:109} INFO - [2021-10-21 12:36:26,265] {dag.py:2914} INFO - Setting next_dagrun for example_weekday_branch_operator to 2021-10-20 00:00:00+00:00
[2021-10-21 12:36:26,269] {processor.py:171} INFO - Processing /opt/anaconda3/envs/af2/lib/python3.8/site-packages/airflow/example_dags/example_branch_day_of_week_operator.py took 0.038 seconds
[2021-10-21 12:37:50,522] {processor.py:163} INFO - Started process (PID=25764) to work on /opt/anaconda3/envs/af2/lib/python3.8/site-packages/airflow/example_dags/example_branch_day_of_week_operator.py
[2021-10-21 12:37:50,522] {processor.py:620} INFO - Processing file /opt/anaconda3/envs/af2/lib/python3.8/site-packages/airflow/example_dags/example_branch_day_of_week_operator.py for tasks to queue
[2021-10-21 12:37:50,522] {logging_mixin.py:109} INFO - [2021-10-21 12:37:50,522] {dagbag.py:500} INFO - Filling up the DagBag from /opt/anaconda3/envs/af2/lib/python3.8/site-packages/airflow/example_dags/example_branch_day_of_week_operator.py
[2021-10-21 12:37:50,539] {processor.py:632} INFO - DAG(s) dict_keys(['example_weekday_branch_operator']) retrieved from /opt/anaconda3/envs/af2/lib/python3.8/site-packages/airflow/example_dags/example_branch_day_of_week_operator.py
[2021-10-21 12:37:50,548] {logging_mixin.py:109} INFO - [2021-10-21 12:37:50,548] {dag.py:2389} INFO - Sync 1 DAGs
[2021-10-21 12:37:50,553] {logging_mixin.py:109} INFO - [2021-10-21 12:37:50,553] {dag.py:2914} INFO - Setting next_dagrun for example_weekday_branch_operator to 2021-10-20 00:00:00+00:00
[2021-10-21 12:37:50,556] {processor.py:171} INFO - Processing /opt/anaconda3/envs/af2/lib/python3.8/site-packages/airflow/example_dags/example_branch_day_of_week_operator.py took 0.035 seconds
[2021-10-21 12:39:43,050] {processor.py:163} INFO - Started process (PID=25919) to work on /opt/anaconda3/envs/af2/lib/python3.8/site-packages/airflow/example_dags/example_branch_day_of_week_operator.py
[2021-10-21 12:39:43,051] {processor.py:620} INFO - Processing file /opt/anaconda3/envs/af2/lib/python3.8/site-packages/airflow/example_dags/example_branch_day_of_week_operator.py for tasks to queue
[2021-10-21 12:39:43,051] {logging_mixin.py:109} INFO - [2021-10-21 12:39:43,051] {dagbag.py:500} INFO - Filling up the DagBag from /opt/anaconda3/envs/af2/lib/python3.8/site-packages/airflow/example_dags/example_branch_day_of_week_operator.py
[2021-10-21 12:39:43,067] {processor.py:632} INFO - DAG(s) dict_keys(['example_weekday_branch_operator']) retrieved from /opt/anaconda3/envs/af2/lib/python3.8/site-packages/airflow/example_dags/example_branch_day_of_week_operator.py
[2021-10-21 12:39:43,076] {logging_mixin.py:109} INFO - [2021-10-21 12:39:43,076] {dag.py:2389} INFO - Sync 1 DAGs
[2021-10-21 12:39:43,081] {logging_mixin.py:109} INFO - [2021-10-21 12:39:43,081] {dag.py:2914} INFO - Setting next_dagrun for example_weekday_branch_operator to 2021-10-20 00:00:00+00:00
[2021-10-21 12:39:43,084] {processor.py:171} INFO - Processing /opt/anaconda3/envs/af2/lib/python3.8/site-packages/airflow/example_dags/example_branch_day_of_week_operator.py took 0.036 seconds
[2021-10-21 12:41:21,440] {processor.py:163} INFO - Started process (PID=26035) to work on /opt/anaconda3/envs/af2/lib/python3.8/site-packages/airflow/example_dags/example_branch_day_of_week_operator.py
[2021-10-21 12:41:21,440] {processor.py:620} INFO - Processing file /opt/anaconda3/envs/af2/lib/python3.8/site-packages/airflow/example_dags/example_branch_day_of_week_operator.py for tasks to queue
[2021-10-21 12:41:21,440] {logging_mixin.py:109} INFO - [2021-10-21 12:41:21,440] {dagbag.py:500} INFO - Filling up the DagBag from /opt/anaconda3/envs/af2/lib/python3.8/site-packages/airflow/example_dags/example_branch_day_of_week_operator.py
[2021-10-21 12:41:21,457] {processor.py:632} INFO - DAG(s) dict_keys(['example_weekday_branch_operator']) retrieved from /opt/anaconda3/envs/af2/lib/python3.8/site-packages/airflow/example_dags/example_branch_day_of_week_operator.py
[2021-10-21 12:41:21,466] {logging_mixin.py:109} INFO - [2021-10-21 12:41:21,466] {dag.py:2389} INFO - Sync 1 DAGs
[2021-10-21 12:41:21,471] {logging_mixin.py:109} INFO - [2021-10-21 12:41:21,471] {dag.py:2914} INFO - Setting next_dagrun for example_weekday_branch_operator to 2021-10-20 00:00:00+00:00
[2021-10-21 12:41:21,474] {processor.py:171} INFO - Processing /opt/anaconda3/envs/af2/lib/python3.8/site-packages/airflow/example_dags/example_branch_day_of_week_operator.py took 0.035 seconds
[2021-10-21 12:42:49,749] {processor.py:163} INFO - Started process (PID=26135) to work on /opt/anaconda3/envs/af2/lib/python3.8/site-packages/airflow/example_dags/example_branch_day_of_week_operator.py
[2021-10-21 12:42:49,749] {processor.py:620} INFO - Processing file /opt/anaconda3/envs/af2/lib/python3.8/site-packages/airflow/example_dags/example_branch_day_of_week_operator.py for tasks to queue
[2021-10-21 12:42:49,749] {logging_mixin.py:109} INFO - [2021-10-21 12:42:49,749] {dagbag.py:500} INFO - Filling up the DagBag from /opt/anaconda3/envs/af2/lib/python3.8/site-packages/airflow/example_dags/example_branch_day_of_week_operator.py
[2021-10-21 12:42:49,765] {processor.py:632} INFO - DAG(s) dict_keys(['example_weekday_branch_operator']) retrieved from /opt/anaconda3/envs/af2/lib/python3.8/site-packages/airflow/example_dags/example_branch_day_of_week_operator.py
[2021-10-21 12:42:49,774] {logging_mixin.py:109} INFO - [2021-10-21 12:42:49,774] {dag.py:2389} INFO - Sync 1 DAGs
[2021-10-21 12:42:49,779] {logging_mixin.py:109} INFO - [2021-10-21 12:42:49,779] {dag.py:2914} INFO - Setting next_dagrun for example_weekday_branch_operator to 2021-10-20 00:00:00+00:00
[2021-10-21 12:42:49,782] {processor.py:171} INFO - Processing /opt/anaconda3/envs/af2/lib/python3.8/site-packages/airflow/example_dags/example_branch_day_of_week_operator.py took 0.034 seconds
[2021-10-21 12:45:36,652] {processor.py:163} INFO - Started process (PID=26355) to work on /opt/anaconda3/envs/af2/lib/python3.8/site-packages/airflow/example_dags/example_branch_day_of_week_operator.py
[2021-10-21 12:45:36,653] {processor.py:620} INFO - Processing file /opt/anaconda3/envs/af2/lib/python3.8/site-packages/airflow/example_dags/example_branch_day_of_week_operator.py for tasks to queue
[2021-10-21 12:45:36,653] {logging_mixin.py:109} INFO - [2021-10-21 12:45:36,653] {dagbag.py:500} INFO - Filling up the DagBag from /opt/anaconda3/envs/af2/lib/python3.8/site-packages/airflow/example_dags/example_branch_day_of_week_operator.py
[2021-10-21 12:45:36,669] {processor.py:632} INFO - DAG(s) dict_keys(['example_weekday_branch_operator']) retrieved from /opt/anaconda3/envs/af2/lib/python3.8/site-packages/airflow/example_dags/example_branch_day_of_week_operator.py
[2021-10-21 12:45:36,677] {logging_mixin.py:109} INFO - [2021-10-21 12:45:36,677] {dag.py:2389} INFO - Sync 1 DAGs
[2021-10-21 12:45:36,682] {logging_mixin.py:109} INFO - [2021-10-21 12:45:36,682] {dag.py:2914} INFO - Setting next_dagrun for example_weekday_branch_operator to 2021-10-20 00:00:00+00:00
[2021-10-21 12:45:36,686] {processor.py:171} INFO - Processing /opt/anaconda3/envs/af2/lib/python3.8/site-packages/airflow/example_dags/example_branch_day_of_week_operator.py took 0.035 seconds
[2021-10-21 12:47:05,172] {processor.py:163} INFO - Started process (PID=26541) to work on /opt/anaconda3/envs/af2/lib/python3.8/site-packages/airflow/example_dags/example_branch_day_of_week_operator.py
[2021-10-21 12:47:05,173] {processor.py:620} INFO - Processing file /opt/anaconda3/envs/af2/lib/python3.8/site-packages/airflow/example_dags/example_branch_day_of_week_operator.py for tasks to queue
[2021-10-21 12:47:05,173] {logging_mixin.py:109} INFO - [2021-10-21 12:47:05,173] {dagbag.py:500} INFO - Filling up the DagBag from /opt/anaconda3/envs/af2/lib/python3.8/site-packages/airflow/example_dags/example_branch_day_of_week_operator.py
[2021-10-21 12:47:05,190] {processor.py:632} INFO - DAG(s) dict_keys(['example_weekday_branch_operator']) retrieved from /opt/anaconda3/envs/af2/lib/python3.8/site-packages/airflow/example_dags/example_branch_day_of_week_operator.py
[2021-10-21 12:47:05,198] {logging_mixin.py:109} INFO - [2021-10-21 12:47:05,198] {dag.py:2389} INFO - Sync 1 DAGs
[2021-10-21 12:47:05,203] {logging_mixin.py:109} INFO - [2021-10-21 12:47:05,203] {dag.py:2914} INFO - Setting next_dagrun for example_weekday_branch_operator to 2021-10-20 00:00:00+00:00
[2021-10-21 12:47:05,207] {processor.py:171} INFO - Processing /opt/anaconda3/envs/af2/lib/python3.8/site-packages/airflow/example_dags/example_branch_day_of_week_operator.py took 0.036 seconds
[2021-10-21 12:48:28,329] {processor.py:163} INFO - Started process (PID=26707) to work on /opt/anaconda3/envs/af2/lib/python3.8/site-packages/airflow/example_dags/example_branch_day_of_week_operator.py
[2021-10-21 12:48:28,329] {processor.py:620} INFO - Processing file /opt/anaconda3/envs/af2/lib/python3.8/site-packages/airflow/example_dags/example_branch_day_of_week_operator.py for tasks to queue
[2021-10-21 12:48:28,330] {logging_mixin.py:109} INFO - [2021-10-21 12:48:28,330] {dagbag.py:500} INFO - Filling up the DagBag from /opt/anaconda3/envs/af2/lib/python3.8/site-packages/airflow/example_dags/example_branch_day_of_week_operator.py
[2021-10-21 12:48:28,346] {processor.py:632} INFO - DAG(s) dict_keys(['example_weekday_branch_operator']) retrieved from /opt/anaconda3/envs/af2/lib/python3.8/site-packages/airflow/example_dags/example_branch_day_of_week_operator.py
[2021-10-21 12:48:28,355] {logging_mixin.py:109} INFO - [2021-10-21 12:48:28,355] {dag.py:2389} INFO - Sync 1 DAGs
[2021-10-21 12:48:28,361] {logging_mixin.py:109} INFO - [2021-10-21 12:48:28,361] {dag.py:2914} INFO - Setting next_dagrun for example_weekday_branch_operator to 2021-10-20 00:00:00+00:00
[2021-10-21 12:48:28,364] {processor.py:171} INFO - Processing /opt/anaconda3/envs/af2/lib/python3.8/site-packages/airflow/example_dags/example_branch_day_of_week_operator.py took 0.036 seconds
[2021-10-21 12:50:51,501] {processor.py:163} INFO - Started process (PID=26964) to work on /opt/anaconda3/envs/af2/lib/python3.8/site-packages/airflow/example_dags/example_branch_day_of_week_operator.py
[2021-10-21 12:50:51,501] {processor.py:620} INFO - Processing file /opt/anaconda3/envs/af2/lib/python3.8/site-packages/airflow/example_dags/example_branch_day_of_week_operator.py for tasks to queue
[2021-10-21 12:50:51,502] {logging_mixin.py:109} INFO - [2021-10-21 12:50:51,502] {dagbag.py:500} INFO - Filling up the DagBag from /opt/anaconda3/envs/af2/lib/python3.8/site-packages/airflow/example_dags/example_branch_day_of_week_operator.py
[2021-10-21 12:50:51,518] {processor.py:632} INFO - DAG(s) dict_keys(['example_weekday_branch_operator']) retrieved from /opt/anaconda3/envs/af2/lib/python3.8/site-packages/airflow/example_dags/example_branch_day_of_week_operator.py
[2021-10-21 12:50:51,527] {logging_mixin.py:109} INFO - [2021-10-21 12:50:51,527] {dag.py:2389} INFO - Sync 1 DAGs
[2021-10-21 12:50:51,532] {logging_mixin.py:109} INFO - [2021-10-21 12:50:51,532] {dag.py:2914} INFO - Setting next_dagrun for example_weekday_branch_operator to 2021-10-20 00:00:00+00:00
[2021-10-21 12:50:51,536] {processor.py:171} INFO - Processing /opt/anaconda3/envs/af2/lib/python3.8/site-packages/airflow/example_dags/example_branch_day_of_week_operator.py took 0.036 seconds
[2021-10-21 12:53:08,105] {processor.py:163} INFO - Started process (PID=27128) to work on /opt/anaconda3/envs/af2/lib/python3.8/site-packages/airflow/example_dags/example_branch_day_of_week_operator.py
[2021-10-21 12:53:08,106] {processor.py:620} INFO - Processing file /opt/anaconda3/envs/af2/lib/python3.8/site-packages/airflow/example_dags/example_branch_day_of_week_operator.py for tasks to queue
[2021-10-21 12:53:08,106] {logging_mixin.py:109} INFO - [2021-10-21 12:53:08,106] {dagbag.py:500} INFO - Filling up the DagBag from /opt/anaconda3/envs/af2/lib/python3.8/site-packages/airflow/example_dags/example_branch_day_of_week_operator.py
[2021-10-21 12:53:08,123] {processor.py:632} INFO - DAG(s) dict_keys(['example_weekday_branch_operator']) retrieved from /opt/anaconda3/envs/af2/lib/python3.8/site-packages/airflow/example_dags/example_branch_day_of_week_operator.py
[2021-10-21 12:53:08,133] {logging_mixin.py:109} INFO - [2021-10-21 12:53:08,133] {dag.py:2389} INFO - Sync 1 DAGs
[2021-10-21 12:53:08,140] {logging_mixin.py:109} INFO - [2021-10-21 12:53:08,140] {dag.py:2914} INFO - Setting next_dagrun for example_weekday_branch_operator to 2021-10-20 00:00:00+00:00
[2021-10-21 12:53:08,144] {processor.py:171} INFO - Processing /opt/anaconda3/envs/af2/lib/python3.8/site-packages/airflow/example_dags/example_branch_day_of_week_operator.py took 0.040 seconds
[2021-10-21 12:54:33,695] {processor.py:163} INFO - Started process (PID=27237) to work on /opt/anaconda3/envs/af2/lib/python3.8/site-packages/airflow/example_dags/example_branch_day_of_week_operator.py
[2021-10-21 12:54:33,695] {processor.py:620} INFO - Processing file /opt/anaconda3/envs/af2/lib/python3.8/site-packages/airflow/example_dags/example_branch_day_of_week_operator.py for tasks to queue
[2021-10-21 12:54:33,695] {logging_mixin.py:109} INFO - [2021-10-21 12:54:33,695] {dagbag.py:500} INFO - Filling up the DagBag from /opt/anaconda3/envs/af2/lib/python3.8/site-packages/airflow/example_dags/example_branch_day_of_week_operator.py
[2021-10-21 12:54:33,713] {processor.py:632} INFO - DAG(s) dict_keys(['example_weekday_branch_operator']) retrieved from /opt/anaconda3/envs/af2/lib/python3.8/site-packages/airflow/example_dags/example_branch_day_of_week_operator.py
[2021-10-21 12:54:33,722] {logging_mixin.py:109} INFO - [2021-10-21 12:54:33,722] {dag.py:2389} INFO - Sync 1 DAGs
[2021-10-21 12:54:33,728] {logging_mixin.py:109} INFO - [2021-10-21 12:54:33,728] {dag.py:2914} INFO - Setting next_dagrun for example_weekday_branch_operator to 2021-10-20 00:00:00+00:00
[2021-10-21 12:54:33,731] {processor.py:171} INFO - Processing /opt/anaconda3/envs/af2/lib/python3.8/site-packages/airflow/example_dags/example_branch_day_of_week_operator.py took 0.038 seconds
[2021-10-21 12:56:02,379] {processor.py:163} INFO - Started process (PID=27335) to work on /opt/anaconda3/envs/af2/lib/python3.8/site-packages/airflow/example_dags/example_branch_day_of_week_operator.py
[2021-10-21 12:56:02,380] {processor.py:620} INFO - Processing file /opt/anaconda3/envs/af2/lib/python3.8/site-packages/airflow/example_dags/example_branch_day_of_week_operator.py for tasks to queue
[2021-10-21 12:56:02,380] {logging_mixin.py:109} INFO - [2021-10-21 12:56:02,380] {dagbag.py:500} INFO - Filling up the DagBag from /opt/anaconda3/envs/af2/lib/python3.8/site-packages/airflow/example_dags/example_branch_day_of_week_operator.py
[2021-10-21 12:56:02,398] {processor.py:632} INFO - DAG(s) dict_keys(['example_weekday_branch_operator']) retrieved from /opt/anaconda3/envs/af2/lib/python3.8/site-packages/airflow/example_dags/example_branch_day_of_week_operator.py
[2021-10-21 12:56:02,407] {logging_mixin.py:109} INFO - [2021-10-21 12:56:02,407] {dag.py:2389} INFO - Sync 1 DAGs
[2021-10-21 12:56:02,412] {logging_mixin.py:109} INFO - [2021-10-21 12:56:02,412] {dag.py:2914} INFO - Setting next_dagrun for example_weekday_branch_operator to 2021-10-20 00:00:00+00:00
[2021-10-21 12:56:02,416] {processor.py:171} INFO - Processing /opt/anaconda3/envs/af2/lib/python3.8/site-packages/airflow/example_dags/example_branch_day_of_week_operator.py took 0.037 seconds
[2021-10-21 12:57:30,667] {processor.py:163} INFO - Started process (PID=27453) to work on /opt/anaconda3/envs/af2/lib/python3.8/site-packages/airflow/example_dags/example_branch_day_of_week_operator.py
[2021-10-21 12:57:30,667] {processor.py:620} INFO - Processing file /opt/anaconda3/envs/af2/lib/python3.8/site-packages/airflow/example_dags/example_branch_day_of_week_operator.py for tasks to queue
[2021-10-21 12:57:30,668] {logging_mixin.py:109} INFO - [2021-10-21 12:57:30,667] {dagbag.py:500} INFO - Filling up the DagBag from /opt/anaconda3/envs/af2/lib/python3.8/site-packages/airflow/example_dags/example_branch_day_of_week_operator.py
[2021-10-21 12:57:30,684] {processor.py:632} INFO - DAG(s) dict_keys(['example_weekday_branch_operator']) retrieved from /opt/anaconda3/envs/af2/lib/python3.8/site-packages/airflow/example_dags/example_branch_day_of_week_operator.py
[2021-10-21 12:57:30,693] {logging_mixin.py:109} INFO - [2021-10-21 12:57:30,693] {dag.py:2389} INFO - Sync 1 DAGs
[2021-10-21 12:57:30,698] {logging_mixin.py:109} INFO - [2021-10-21 12:57:30,698] {dag.py:2914} INFO - Setting next_dagrun for example_weekday_branch_operator to 2021-10-20 00:00:00+00:00
[2021-10-21 12:57:30,701] {processor.py:171} INFO - Processing /opt/anaconda3/envs/af2/lib/python3.8/site-packages/airflow/example_dags/example_branch_day_of_week_operator.py took 0.036 seconds
[2021-10-21 12:59:02,149] {processor.py:163} INFO - Started process (PID=27561) to work on /opt/anaconda3/envs/af2/lib/python3.8/site-packages/airflow/example_dags/example_branch_day_of_week_operator.py
[2021-10-21 12:59:02,150] {processor.py:620} INFO - Processing file /opt/anaconda3/envs/af2/lib/python3.8/site-packages/airflow/example_dags/example_branch_day_of_week_operator.py for tasks to queue
[2021-10-21 12:59:02,150] {logging_mixin.py:109} INFO - [2021-10-21 12:59:02,150] {dagbag.py:500} INFO - Filling up the DagBag from /opt/anaconda3/envs/af2/lib/python3.8/site-packages/airflow/example_dags/example_branch_day_of_week_operator.py
[2021-10-21 12:59:02,166] {processor.py:632} INFO - DAG(s) dict_keys(['example_weekday_branch_operator']) retrieved from /opt/anaconda3/envs/af2/lib/python3.8/site-packages/airflow/example_dags/example_branch_day_of_week_operator.py
[2021-10-21 12:59:02,176] {logging_mixin.py:109} INFO - [2021-10-21 12:59:02,176] {dag.py:2389} INFO - Sync 1 DAGs
[2021-10-21 12:59:02,182] {logging_mixin.py:109} INFO - [2021-10-21 12:59:02,182] {dag.py:2914} INFO - Setting next_dagrun for example_weekday_branch_operator to 2021-10-20 00:00:00+00:00
[2021-10-21 12:59:02,185] {processor.py:171} INFO - Processing /opt/anaconda3/envs/af2/lib/python3.8/site-packages/airflow/example_dags/example_branch_day_of_week_operator.py took 0.037 seconds
[2021-10-21 13:00:34,799] {processor.py:163} INFO - Started process (PID=27659) to work on /opt/anaconda3/envs/af2/lib/python3.8/site-packages/airflow/example_dags/example_branch_day_of_week_operator.py
[2021-10-21 13:00:34,800] {processor.py:620} INFO - Processing file /opt/anaconda3/envs/af2/lib/python3.8/site-packages/airflow/example_dags/example_branch_day_of_week_operator.py for tasks to queue
[2021-10-21 13:00:34,800] {logging_mixin.py:109} INFO - [2021-10-21 13:00:34,800] {dagbag.py:500} INFO - Filling up the DagBag from /opt/anaconda3/envs/af2/lib/python3.8/site-packages/airflow/example_dags/example_branch_day_of_week_operator.py
[2021-10-21 13:00:34,816] {processor.py:632} INFO - DAG(s) dict_keys(['example_weekday_branch_operator']) retrieved from /opt/anaconda3/envs/af2/lib/python3.8/site-packages/airflow/example_dags/example_branch_day_of_week_operator.py
[2021-10-21 13:00:34,825] {logging_mixin.py:109} INFO - [2021-10-21 13:00:34,825] {dag.py:2389} INFO - Sync 1 DAGs
[2021-10-21 13:00:34,830] {logging_mixin.py:109} INFO - [2021-10-21 13:00:34,830] {dag.py:2914} INFO - Setting next_dagrun for example_weekday_branch_operator to 2021-10-20 00:00:00+00:00
[2021-10-21 13:00:34,833] {processor.py:171} INFO - Processing /opt/anaconda3/envs/af2/lib/python3.8/site-packages/airflow/example_dags/example_branch_day_of_week_operator.py took 0.034 seconds
[2021-10-21 13:02:05,815] {processor.py:163} INFO - Started process (PID=27774) to work on /opt/anaconda3/envs/af2/lib/python3.8/site-packages/airflow/example_dags/example_branch_day_of_week_operator.py
[2021-10-21 13:02:05,816] {processor.py:620} INFO - Processing file /opt/anaconda3/envs/af2/lib/python3.8/site-packages/airflow/example_dags/example_branch_day_of_week_operator.py for tasks to queue
[2021-10-21 13:02:05,816] {logging_mixin.py:109} INFO - [2021-10-21 13:02:05,816] {dagbag.py:500} INFO - Filling up the DagBag from /opt/anaconda3/envs/af2/lib/python3.8/site-packages/airflow/example_dags/example_branch_day_of_week_operator.py
[2021-10-21 13:02:05,833] {processor.py:632} INFO - DAG(s) dict_keys(['example_weekday_branch_operator']) retrieved from /opt/anaconda3/envs/af2/lib/python3.8/site-packages/airflow/example_dags/example_branch_day_of_week_operator.py
[2021-10-21 13:02:05,843] {logging_mixin.py:109} INFO - [2021-10-21 13:02:05,843] {dag.py:2389} INFO - Sync 1 DAGs
[2021-10-21 13:02:05,848] {logging_mixin.py:109} INFO - [2021-10-21 13:02:05,848] {dag.py:2914} INFO - Setting next_dagrun for example_weekday_branch_operator to 2021-10-20 00:00:00+00:00
[2021-10-21 13:02:05,851] {processor.py:171} INFO - Processing /opt/anaconda3/envs/af2/lib/python3.8/site-packages/airflow/example_dags/example_branch_day_of_week_operator.py took 0.037 seconds
[2021-10-21 13:03:34,957] {processor.py:163} INFO - Started process (PID=27891) to work on /opt/anaconda3/envs/af2/lib/python3.8/site-packages/airflow/example_dags/example_branch_day_of_week_operator.py
[2021-10-21 13:03:34,957] {processor.py:620} INFO - Processing file /opt/anaconda3/envs/af2/lib/python3.8/site-packages/airflow/example_dags/example_branch_day_of_week_operator.py for tasks to queue
[2021-10-21 13:03:34,957] {logging_mixin.py:109} INFO - [2021-10-21 13:03:34,957] {dagbag.py:500} INFO - Filling up the DagBag from /opt/anaconda3/envs/af2/lib/python3.8/site-packages/airflow/example_dags/example_branch_day_of_week_operator.py
[2021-10-21 13:03:34,978] {processor.py:632} INFO - DAG(s) dict_keys(['example_weekday_branch_operator']) retrieved from /opt/anaconda3/envs/af2/lib/python3.8/site-packages/airflow/example_dags/example_branch_day_of_week_operator.py
[2021-10-21 13:03:34,988] {logging_mixin.py:109} INFO - [2021-10-21 13:03:34,988] {dag.py:2389} INFO - Sync 1 DAGs
[2021-10-21 13:03:34,993] {logging_mixin.py:109} INFO - [2021-10-21 13:03:34,993] {dag.py:2914} INFO - Setting next_dagrun for example_weekday_branch_operator to 2021-10-20 00:00:00+00:00
[2021-10-21 13:03:34,998] {processor.py:171} INFO - Processing /opt/anaconda3/envs/af2/lib/python3.8/site-packages/airflow/example_dags/example_branch_day_of_week_operator.py took 0.042 seconds
[2021-10-21 13:05:05,240] {processor.py:163} INFO - Started process (PID=27993) to work on /opt/anaconda3/envs/af2/lib/python3.8/site-packages/airflow/example_dags/example_branch_day_of_week_operator.py
[2021-10-21 13:05:05,241] {processor.py:620} INFO - Processing file /opt/anaconda3/envs/af2/lib/python3.8/site-packages/airflow/example_dags/example_branch_day_of_week_operator.py for tasks to queue
[2021-10-21 13:05:05,242] {logging_mixin.py:109} INFO - [2021-10-21 13:05:05,241] {dagbag.py:500} INFO - Filling up the DagBag from /opt/anaconda3/envs/af2/lib/python3.8/site-packages/airflow/example_dags/example_branch_day_of_week_operator.py
[2021-10-21 13:05:05,258] {processor.py:632} INFO - DAG(s) dict_keys(['example_weekday_branch_operator']) retrieved from /opt/anaconda3/envs/af2/lib/python3.8/site-packages/airflow/example_dags/example_branch_day_of_week_operator.py
[2021-10-21 13:05:05,267] {logging_mixin.py:109} INFO - [2021-10-21 13:05:05,267] {dag.py:2389} INFO - Sync 1 DAGs
[2021-10-21 13:05:05,272] {logging_mixin.py:109} INFO - [2021-10-21 13:05:05,272] {dag.py:2914} INFO - Setting next_dagrun for example_weekday_branch_operator to 2021-10-20 00:00:00+00:00
[2021-10-21 13:05:05,275] {processor.py:171} INFO - Processing /opt/anaconda3/envs/af2/lib/python3.8/site-packages/airflow/example_dags/example_branch_day_of_week_operator.py took 0.036 seconds
[2021-10-21 13:06:37,141] {processor.py:163} INFO - Started process (PID=28159) to work on /opt/anaconda3/envs/af2/lib/python3.8/site-packages/airflow/example_dags/example_branch_day_of_week_operator.py
[2021-10-21 13:06:37,142] {processor.py:620} INFO - Processing file /opt/anaconda3/envs/af2/lib/python3.8/site-packages/airflow/example_dags/example_branch_day_of_week_operator.py for tasks to queue
[2021-10-21 13:06:37,143] {logging_mixin.py:109} INFO - [2021-10-21 13:06:37,143] {dagbag.py:500} INFO - Filling up the DagBag from /opt/anaconda3/envs/af2/lib/python3.8/site-packages/airflow/example_dags/example_branch_day_of_week_operator.py
[2021-10-21 13:06:37,159] {processor.py:632} INFO - DAG(s) dict_keys(['example_weekday_branch_operator']) retrieved from /opt/anaconda3/envs/af2/lib/python3.8/site-packages/airflow/example_dags/example_branch_day_of_week_operator.py
[2021-10-21 13:06:37,168] {logging_mixin.py:109} INFO - [2021-10-21 13:06:37,168] {dag.py:2389} INFO - Sync 1 DAGs
[2021-10-21 13:06:37,173] {logging_mixin.py:109} INFO - [2021-10-21 13:06:37,173] {dag.py:2914} INFO - Setting next_dagrun for example_weekday_branch_operator to 2021-10-20 00:00:00+00:00
[2021-10-21 13:06:37,176] {processor.py:171} INFO - Processing /opt/anaconda3/envs/af2/lib/python3.8/site-packages/airflow/example_dags/example_branch_day_of_week_operator.py took 0.036 seconds
[2021-10-21 13:08:05,949] {processor.py:163} INFO - Started process (PID=28275) to work on /opt/anaconda3/envs/af2/lib/python3.8/site-packages/airflow/example_dags/example_branch_day_of_week_operator.py
[2021-10-21 13:08:05,950] {processor.py:620} INFO - Processing file /opt/anaconda3/envs/af2/lib/python3.8/site-packages/airflow/example_dags/example_branch_day_of_week_operator.py for tasks to queue
[2021-10-21 13:08:05,950] {logging_mixin.py:109} INFO - [2021-10-21 13:08:05,950] {dagbag.py:500} INFO - Filling up the DagBag from /opt/anaconda3/envs/af2/lib/python3.8/site-packages/airflow/example_dags/example_branch_day_of_week_operator.py
[2021-10-21 13:08:05,966] {processor.py:632} INFO - DAG(s) dict_keys(['example_weekday_branch_operator']) retrieved from /opt/anaconda3/envs/af2/lib/python3.8/site-packages/airflow/example_dags/example_branch_day_of_week_operator.py
[2021-10-21 13:08:05,974] {logging_mixin.py:109} INFO - [2021-10-21 13:08:05,974] {dag.py:2389} INFO - Sync 1 DAGs
[2021-10-21 13:08:05,979] {logging_mixin.py:109} INFO - [2021-10-21 13:08:05,979] {dag.py:2914} INFO - Setting next_dagrun for example_weekday_branch_operator to 2021-10-20 00:00:00+00:00
[2021-10-21 13:08:05,983] {processor.py:171} INFO - Processing /opt/anaconda3/envs/af2/lib/python3.8/site-packages/airflow/example_dags/example_branch_day_of_week_operator.py took 0.034 seconds
