[2021-10-21 12:02:15,405] {processor.py:163} INFO - Started process (PID=22403) to work on /opt/anaconda3/envs/af2/lib/python3.8/site-packages/airflow/example_dags/example_nested_branch_dag.py
[2021-10-21 12:02:15,405] {processor.py:620} INFO - Processing file /opt/anaconda3/envs/af2/lib/python3.8/site-packages/airflow/example_dags/example_nested_branch_dag.py for tasks to queue
[2021-10-21 12:02:15,405] {logging_mixin.py:109} INFO - [2021-10-21 12:02:15,405] {dagbag.py:500} INFO - Filling up the DagBag from /opt/anaconda3/envs/af2/lib/python3.8/site-packages/airflow/example_dags/example_nested_branch_dag.py
[2021-10-21 12:02:15,430] {processor.py:632} INFO - DAG(s) dict_keys(['example_nested_branch_dag']) retrieved from /opt/anaconda3/envs/af2/lib/python3.8/site-packages/airflow/example_dags/example_nested_branch_dag.py
[2021-10-21 12:02:15,440] {logging_mixin.py:109} INFO - [2021-10-21 12:02:15,440] {dag.py:2389} INFO - Sync 1 DAGs
[2021-10-21 12:02:15,445] {logging_mixin.py:109} INFO - [2021-10-21 12:02:15,445] {dag.py:2914} INFO - Setting next_dagrun for example_nested_branch_dag to 2021-10-20 00:00:00+00:00
[2021-10-21 12:02:15,448] {processor.py:171} INFO - Processing /opt/anaconda3/envs/af2/lib/python3.8/site-packages/airflow/example_dags/example_nested_branch_dag.py took 0.043 seconds
[2021-10-21 12:03:47,778] {processor.py:163} INFO - Started process (PID=22562) to work on /opt/anaconda3/envs/af2/lib/python3.8/site-packages/airflow/example_dags/example_nested_branch_dag.py
[2021-10-21 12:03:47,779] {processor.py:620} INFO - Processing file /opt/anaconda3/envs/af2/lib/python3.8/site-packages/airflow/example_dags/example_nested_branch_dag.py for tasks to queue
[2021-10-21 12:03:47,780] {logging_mixin.py:109} INFO - [2021-10-21 12:03:47,780] {dagbag.py:500} INFO - Filling up the DagBag from /opt/anaconda3/envs/af2/lib/python3.8/site-packages/airflow/example_dags/example_nested_branch_dag.py
[2021-10-21 12:03:47,804] {processor.py:632} INFO - DAG(s) dict_keys(['example_nested_branch_dag']) retrieved from /opt/anaconda3/envs/af2/lib/python3.8/site-packages/airflow/example_dags/example_nested_branch_dag.py
[2021-10-21 12:03:47,813] {logging_mixin.py:109} INFO - [2021-10-21 12:03:47,813] {dag.py:2389} INFO - Sync 1 DAGs
[2021-10-21 12:03:47,818] {logging_mixin.py:109} INFO - [2021-10-21 12:03:47,817] {dag.py:2914} INFO - Setting next_dagrun for example_nested_branch_dag to 2021-10-20 00:00:00+00:00
[2021-10-21 12:03:47,821] {processor.py:171} INFO - Processing /opt/anaconda3/envs/af2/lib/python3.8/site-packages/airflow/example_dags/example_nested_branch_dag.py took 0.043 seconds
[2021-10-21 12:12:03,788] {processor.py:163} INFO - Started process (PID=23102) to work on /opt/anaconda3/envs/af2/lib/python3.8/site-packages/airflow/example_dags/example_nested_branch_dag.py
[2021-10-21 12:12:03,789] {processor.py:620} INFO - Processing file /opt/anaconda3/envs/af2/lib/python3.8/site-packages/airflow/example_dags/example_nested_branch_dag.py for tasks to queue
[2021-10-21 12:12:03,789] {logging_mixin.py:109} INFO - [2021-10-21 12:12:03,789] {dagbag.py:500} INFO - Filling up the DagBag from /opt/anaconda3/envs/af2/lib/python3.8/site-packages/airflow/example_dags/example_nested_branch_dag.py
[2021-10-21 12:12:03,812] {processor.py:632} INFO - DAG(s) dict_keys(['example_nested_branch_dag']) retrieved from /opt/anaconda3/envs/af2/lib/python3.8/site-packages/airflow/example_dags/example_nested_branch_dag.py
[2021-10-21 12:12:03,822] {logging_mixin.py:109} INFO - [2021-10-21 12:12:03,822] {dag.py:2389} INFO - Sync 1 DAGs
[2021-10-21 12:12:03,826] {logging_mixin.py:109} INFO - [2021-10-21 12:12:03,826] {dag.py:2914} INFO - Setting next_dagrun for example_nested_branch_dag to 2021-10-20 00:00:00+00:00
[2021-10-21 12:12:03,829] {processor.py:171} INFO - Processing /opt/anaconda3/envs/af2/lib/python3.8/site-packages/airflow/example_dags/example_nested_branch_dag.py took 0.041 seconds
[2021-10-21 12:13:19,122] {processor.py:163} INFO - Started process (PID=23225) to work on /opt/anaconda3/envs/af2/lib/python3.8/site-packages/airflow/example_dags/example_nested_branch_dag.py
[2021-10-21 12:13:19,122] {processor.py:620} INFO - Processing file /opt/anaconda3/envs/af2/lib/python3.8/site-packages/airflow/example_dags/example_nested_branch_dag.py for tasks to queue
[2021-10-21 12:13:19,122] {logging_mixin.py:109} INFO - [2021-10-21 12:13:19,122] {dagbag.py:500} INFO - Filling up the DagBag from /opt/anaconda3/envs/af2/lib/python3.8/site-packages/airflow/example_dags/example_nested_branch_dag.py
[2021-10-21 12:13:19,147] {processor.py:632} INFO - DAG(s) dict_keys(['example_nested_branch_dag']) retrieved from /opt/anaconda3/envs/af2/lib/python3.8/site-packages/airflow/example_dags/example_nested_branch_dag.py
[2021-10-21 12:13:19,157] {logging_mixin.py:109} INFO - [2021-10-21 12:13:19,157] {dag.py:2389} INFO - Sync 1 DAGs
[2021-10-21 12:13:19,162] {logging_mixin.py:109} INFO - [2021-10-21 12:13:19,162] {dag.py:2914} INFO - Setting next_dagrun for example_nested_branch_dag to 2021-10-20 00:00:00+00:00
[2021-10-21 12:13:19,165] {processor.py:171} INFO - Processing /opt/anaconda3/envs/af2/lib/python3.8/site-packages/airflow/example_dags/example_nested_branch_dag.py took 0.044 seconds
[2021-10-21 12:14:34,501] {processor.py:163} INFO - Started process (PID=23320) to work on /opt/anaconda3/envs/af2/lib/python3.8/site-packages/airflow/example_dags/example_nested_branch_dag.py
[2021-10-21 12:14:34,502] {processor.py:620} INFO - Processing file /opt/anaconda3/envs/af2/lib/python3.8/site-packages/airflow/example_dags/example_nested_branch_dag.py for tasks to queue
[2021-10-21 12:14:34,502] {logging_mixin.py:109} INFO - [2021-10-21 12:14:34,502] {dagbag.py:500} INFO - Filling up the DagBag from /opt/anaconda3/envs/af2/lib/python3.8/site-packages/airflow/example_dags/example_nested_branch_dag.py
[2021-10-21 12:14:34,528] {processor.py:632} INFO - DAG(s) dict_keys(['example_nested_branch_dag']) retrieved from /opt/anaconda3/envs/af2/lib/python3.8/site-packages/airflow/example_dags/example_nested_branch_dag.py
[2021-10-21 12:14:34,540] {logging_mixin.py:109} INFO - [2021-10-21 12:14:34,540] {dag.py:2389} INFO - Sync 1 DAGs
[2021-10-21 12:14:34,545] {logging_mixin.py:109} INFO - [2021-10-21 12:14:34,545] {dag.py:2914} INFO - Setting next_dagrun for example_nested_branch_dag to 2021-10-20 00:00:00+00:00
[2021-10-21 12:14:34,549] {processor.py:171} INFO - Processing /opt/anaconda3/envs/af2/lib/python3.8/site-packages/airflow/example_dags/example_nested_branch_dag.py took 0.048 seconds
[2021-10-21 12:15:51,389] {processor.py:163} INFO - Started process (PID=23445) to work on /opt/anaconda3/envs/af2/lib/python3.8/site-packages/airflow/example_dags/example_nested_branch_dag.py
[2021-10-21 12:15:51,389] {processor.py:620} INFO - Processing file /opt/anaconda3/envs/af2/lib/python3.8/site-packages/airflow/example_dags/example_nested_branch_dag.py for tasks to queue
[2021-10-21 12:15:51,389] {logging_mixin.py:109} INFO - [2021-10-21 12:15:51,389] {dagbag.py:500} INFO - Filling up the DagBag from /opt/anaconda3/envs/af2/lib/python3.8/site-packages/airflow/example_dags/example_nested_branch_dag.py
[2021-10-21 12:15:51,414] {processor.py:632} INFO - DAG(s) dict_keys(['example_nested_branch_dag']) retrieved from /opt/anaconda3/envs/af2/lib/python3.8/site-packages/airflow/example_dags/example_nested_branch_dag.py
[2021-10-21 12:15:51,424] {logging_mixin.py:109} INFO - [2021-10-21 12:15:51,424] {dag.py:2389} INFO - Sync 1 DAGs
[2021-10-21 12:15:51,429] {logging_mixin.py:109} INFO - [2021-10-21 12:15:51,429] {dag.py:2914} INFO - Setting next_dagrun for example_nested_branch_dag to 2021-10-20 00:00:00+00:00
[2021-10-21 12:15:51,432] {processor.py:171} INFO - Processing /opt/anaconda3/envs/af2/lib/python3.8/site-packages/airflow/example_dags/example_nested_branch_dag.py took 0.044 seconds
[2021-10-21 12:17:05,692] {processor.py:163} INFO - Started process (PID=23567) to work on /opt/anaconda3/envs/af2/lib/python3.8/site-packages/airflow/example_dags/example_nested_branch_dag.py
[2021-10-21 12:17:05,693] {processor.py:620} INFO - Processing file /opt/anaconda3/envs/af2/lib/python3.8/site-packages/airflow/example_dags/example_nested_branch_dag.py for tasks to queue
[2021-10-21 12:17:05,693] {logging_mixin.py:109} INFO - [2021-10-21 12:17:05,693] {dagbag.py:500} INFO - Filling up the DagBag from /opt/anaconda3/envs/af2/lib/python3.8/site-packages/airflow/example_dags/example_nested_branch_dag.py
[2021-10-21 12:17:05,718] {processor.py:632} INFO - DAG(s) dict_keys(['example_nested_branch_dag']) retrieved from /opt/anaconda3/envs/af2/lib/python3.8/site-packages/airflow/example_dags/example_nested_branch_dag.py
[2021-10-21 12:17:05,730] {logging_mixin.py:109} INFO - [2021-10-21 12:17:05,730] {dag.py:2389} INFO - Sync 1 DAGs
[2021-10-21 12:17:05,735] {logging_mixin.py:109} INFO - [2021-10-21 12:17:05,735] {dag.py:2914} INFO - Setting next_dagrun for example_nested_branch_dag to 2021-10-20 00:00:00+00:00
[2021-10-21 12:17:05,739] {processor.py:171} INFO - Processing /opt/anaconda3/envs/af2/lib/python3.8/site-packages/airflow/example_dags/example_nested_branch_dag.py took 0.047 seconds
[2021-10-21 12:18:20,160] {processor.py:163} INFO - Started process (PID=23661) to work on /opt/anaconda3/envs/af2/lib/python3.8/site-packages/airflow/example_dags/example_nested_branch_dag.py
[2021-10-21 12:18:20,160] {processor.py:620} INFO - Processing file /opt/anaconda3/envs/af2/lib/python3.8/site-packages/airflow/example_dags/example_nested_branch_dag.py for tasks to queue
[2021-10-21 12:18:20,161] {logging_mixin.py:109} INFO - [2021-10-21 12:18:20,161] {dagbag.py:500} INFO - Filling up the DagBag from /opt/anaconda3/envs/af2/lib/python3.8/site-packages/airflow/example_dags/example_nested_branch_dag.py
[2021-10-21 12:18:20,185] {processor.py:632} INFO - DAG(s) dict_keys(['example_nested_branch_dag']) retrieved from /opt/anaconda3/envs/af2/lib/python3.8/site-packages/airflow/example_dags/example_nested_branch_dag.py
[2021-10-21 12:18:20,196] {logging_mixin.py:109} INFO - [2021-10-21 12:18:20,196] {dag.py:2389} INFO - Sync 1 DAGs
[2021-10-21 12:18:20,200] {logging_mixin.py:109} INFO - [2021-10-21 12:18:20,200] {dag.py:2914} INFO - Setting next_dagrun for example_nested_branch_dag to 2021-10-20 00:00:00+00:00
[2021-10-21 12:18:20,204] {processor.py:171} INFO - Processing /opt/anaconda3/envs/af2/lib/python3.8/site-packages/airflow/example_dags/example_nested_branch_dag.py took 0.044 seconds
[2021-10-21 12:19:33,939] {processor.py:163} INFO - Started process (PID=23852) to work on /opt/anaconda3/envs/af2/lib/python3.8/site-packages/airflow/example_dags/example_nested_branch_dag.py
[2021-10-21 12:19:33,939] {processor.py:620} INFO - Processing file /opt/anaconda3/envs/af2/lib/python3.8/site-packages/airflow/example_dags/example_nested_branch_dag.py for tasks to queue
[2021-10-21 12:19:33,939] {logging_mixin.py:109} INFO - [2021-10-21 12:19:33,939] {dagbag.py:500} INFO - Filling up the DagBag from /opt/anaconda3/envs/af2/lib/python3.8/site-packages/airflow/example_dags/example_nested_branch_dag.py
[2021-10-21 12:19:33,963] {processor.py:632} INFO - DAG(s) dict_keys(['example_nested_branch_dag']) retrieved from /opt/anaconda3/envs/af2/lib/python3.8/site-packages/airflow/example_dags/example_nested_branch_dag.py
[2021-10-21 12:19:33,972] {logging_mixin.py:109} INFO - [2021-10-21 12:19:33,972] {dag.py:2389} INFO - Sync 1 DAGs
[2021-10-21 12:19:33,977] {logging_mixin.py:109} INFO - [2021-10-21 12:19:33,977] {dag.py:2914} INFO - Setting next_dagrun for example_nested_branch_dag to 2021-10-20 00:00:00+00:00
[2021-10-21 12:19:33,980] {processor.py:171} INFO - Processing /opt/anaconda3/envs/af2/lib/python3.8/site-packages/airflow/example_dags/example_nested_branch_dag.py took 0.042 seconds
[2021-10-21 12:20:45,613] {processor.py:163} INFO - Started process (PID=24000) to work on /opt/anaconda3/envs/af2/lib/python3.8/site-packages/airflow/example_dags/example_nested_branch_dag.py
[2021-10-21 12:20:45,614] {processor.py:620} INFO - Processing file /opt/anaconda3/envs/af2/lib/python3.8/site-packages/airflow/example_dags/example_nested_branch_dag.py for tasks to queue
[2021-10-21 12:20:45,614] {logging_mixin.py:109} INFO - [2021-10-21 12:20:45,614] {dagbag.py:500} INFO - Filling up the DagBag from /opt/anaconda3/envs/af2/lib/python3.8/site-packages/airflow/example_dags/example_nested_branch_dag.py
[2021-10-21 12:20:45,638] {processor.py:632} INFO - DAG(s) dict_keys(['example_nested_branch_dag']) retrieved from /opt/anaconda3/envs/af2/lib/python3.8/site-packages/airflow/example_dags/example_nested_branch_dag.py
[2021-10-21 12:20:45,649] {logging_mixin.py:109} INFO - [2021-10-21 12:20:45,649] {dag.py:2389} INFO - Sync 1 DAGs
[2021-10-21 12:20:45,653] {logging_mixin.py:109} INFO - [2021-10-21 12:20:45,653] {dag.py:2914} INFO - Setting next_dagrun for example_nested_branch_dag to 2021-10-20 00:00:00+00:00
[2021-10-21 12:20:45,657] {processor.py:171} INFO - Processing /opt/anaconda3/envs/af2/lib/python3.8/site-packages/airflow/example_dags/example_nested_branch_dag.py took 0.045 seconds
[2021-10-21 12:21:51,286] {processor.py:163} INFO - Started process (PID=24129) to work on /opt/anaconda3/envs/af2/lib/python3.8/site-packages/airflow/example_dags/example_nested_branch_dag.py
[2021-10-21 12:21:51,287] {processor.py:620} INFO - Processing file /opt/anaconda3/envs/af2/lib/python3.8/site-packages/airflow/example_dags/example_nested_branch_dag.py for tasks to queue
[2021-10-21 12:21:51,287] {logging_mixin.py:109} INFO - [2021-10-21 12:21:51,287] {dagbag.py:500} INFO - Filling up the DagBag from /opt/anaconda3/envs/af2/lib/python3.8/site-packages/airflow/example_dags/example_nested_branch_dag.py
[2021-10-21 12:21:51,314] {processor.py:632} INFO - DAG(s) dict_keys(['example_nested_branch_dag']) retrieved from /opt/anaconda3/envs/af2/lib/python3.8/site-packages/airflow/example_dags/example_nested_branch_dag.py
[2021-10-21 12:21:51,324] {logging_mixin.py:109} INFO - [2021-10-21 12:21:51,324] {dag.py:2389} INFO - Sync 1 DAGs
[2021-10-21 12:21:51,329] {logging_mixin.py:109} INFO - [2021-10-21 12:21:51,329] {dag.py:2914} INFO - Setting next_dagrun for example_nested_branch_dag to 2021-10-20 00:00:00+00:00
[2021-10-21 12:21:51,333] {processor.py:171} INFO - Processing /opt/anaconda3/envs/af2/lib/python3.8/site-packages/airflow/example_dags/example_nested_branch_dag.py took 0.048 seconds
[2021-10-21 12:23:03,390] {processor.py:163} INFO - Started process (PID=24233) to work on /opt/anaconda3/envs/af2/lib/python3.8/site-packages/airflow/example_dags/example_nested_branch_dag.py
[2021-10-21 12:23:03,391] {processor.py:620} INFO - Processing file /opt/anaconda3/envs/af2/lib/python3.8/site-packages/airflow/example_dags/example_nested_branch_dag.py for tasks to queue
[2021-10-21 12:23:03,391] {logging_mixin.py:109} INFO - [2021-10-21 12:23:03,391] {dagbag.py:500} INFO - Filling up the DagBag from /opt/anaconda3/envs/af2/lib/python3.8/site-packages/airflow/example_dags/example_nested_branch_dag.py
[2021-10-21 12:23:03,415] {processor.py:632} INFO - DAG(s) dict_keys(['example_nested_branch_dag']) retrieved from /opt/anaconda3/envs/af2/lib/python3.8/site-packages/airflow/example_dags/example_nested_branch_dag.py
[2021-10-21 12:23:03,425] {logging_mixin.py:109} INFO - [2021-10-21 12:23:03,425] {dag.py:2389} INFO - Sync 1 DAGs
[2021-10-21 12:23:03,430] {logging_mixin.py:109} INFO - [2021-10-21 12:23:03,430] {dag.py:2914} INFO - Setting next_dagrun for example_nested_branch_dag to 2021-10-20 00:00:00+00:00
[2021-10-21 12:23:03,433] {processor.py:171} INFO - Processing /opt/anaconda3/envs/af2/lib/python3.8/site-packages/airflow/example_dags/example_nested_branch_dag.py took 0.043 seconds
[2021-10-21 12:24:17,726] {processor.py:163} INFO - Started process (PID=24396) to work on /opt/anaconda3/envs/af2/lib/python3.8/site-packages/airflow/example_dags/example_nested_branch_dag.py
[2021-10-21 12:24:17,727] {processor.py:620} INFO - Processing file /opt/anaconda3/envs/af2/lib/python3.8/site-packages/airflow/example_dags/example_nested_branch_dag.py for tasks to queue
[2021-10-21 12:24:17,727] {logging_mixin.py:109} INFO - [2021-10-21 12:24:17,727] {dagbag.py:500} INFO - Filling up the DagBag from /opt/anaconda3/envs/af2/lib/python3.8/site-packages/airflow/example_dags/example_nested_branch_dag.py
[2021-10-21 12:24:17,751] {processor.py:632} INFO - DAG(s) dict_keys(['example_nested_branch_dag']) retrieved from /opt/anaconda3/envs/af2/lib/python3.8/site-packages/airflow/example_dags/example_nested_branch_dag.py
[2021-10-21 12:24:17,760] {logging_mixin.py:109} INFO - [2021-10-21 12:24:17,760] {dag.py:2389} INFO - Sync 1 DAGs
[2021-10-21 12:24:17,765] {logging_mixin.py:109} INFO - [2021-10-21 12:24:17,765] {dag.py:2914} INFO - Setting next_dagrun for example_nested_branch_dag to 2021-10-20 00:00:00+00:00
[2021-10-21 12:24:17,768] {processor.py:171} INFO - Processing /opt/anaconda3/envs/af2/lib/python3.8/site-packages/airflow/example_dags/example_nested_branch_dag.py took 0.042 seconds
[2021-10-21 12:25:29,527] {processor.py:163} INFO - Started process (PID=24509) to work on /opt/anaconda3/envs/af2/lib/python3.8/site-packages/airflow/example_dags/example_nested_branch_dag.py
[2021-10-21 12:25:29,528] {processor.py:620} INFO - Processing file /opt/anaconda3/envs/af2/lib/python3.8/site-packages/airflow/example_dags/example_nested_branch_dag.py for tasks to queue
[2021-10-21 12:25:29,528] {logging_mixin.py:109} INFO - [2021-10-21 12:25:29,528] {dagbag.py:500} INFO - Filling up the DagBag from /opt/anaconda3/envs/af2/lib/python3.8/site-packages/airflow/example_dags/example_nested_branch_dag.py
[2021-10-21 12:25:29,553] {processor.py:632} INFO - DAG(s) dict_keys(['example_nested_branch_dag']) retrieved from /opt/anaconda3/envs/af2/lib/python3.8/site-packages/airflow/example_dags/example_nested_branch_dag.py
[2021-10-21 12:25:29,563] {logging_mixin.py:109} INFO - [2021-10-21 12:25:29,563] {dag.py:2389} INFO - Sync 1 DAGs
[2021-10-21 12:25:29,567] {logging_mixin.py:109} INFO - [2021-10-21 12:25:29,567] {dag.py:2914} INFO - Setting next_dagrun for example_nested_branch_dag to 2021-10-20 00:00:00+00:00
[2021-10-21 12:25:29,570] {processor.py:171} INFO - Processing /opt/anaconda3/envs/af2/lib/python3.8/site-packages/airflow/example_dags/example_nested_branch_dag.py took 0.044 seconds
[2021-10-21 12:26:43,553] {processor.py:163} INFO - Started process (PID=24748) to work on /opt/anaconda3/envs/af2/lib/python3.8/site-packages/airflow/example_dags/example_nested_branch_dag.py
[2021-10-21 12:26:43,554] {processor.py:620} INFO - Processing file /opt/anaconda3/envs/af2/lib/python3.8/site-packages/airflow/example_dags/example_nested_branch_dag.py for tasks to queue
[2021-10-21 12:26:43,554] {logging_mixin.py:109} INFO - [2021-10-21 12:26:43,554] {dagbag.py:500} INFO - Filling up the DagBag from /opt/anaconda3/envs/af2/lib/python3.8/site-packages/airflow/example_dags/example_nested_branch_dag.py
[2021-10-21 12:26:43,577] {processor.py:632} INFO - DAG(s) dict_keys(['example_nested_branch_dag']) retrieved from /opt/anaconda3/envs/af2/lib/python3.8/site-packages/airflow/example_dags/example_nested_branch_dag.py
[2021-10-21 12:26:43,587] {logging_mixin.py:109} INFO - [2021-10-21 12:26:43,587] {dag.py:2389} INFO - Sync 1 DAGs
[2021-10-21 12:26:43,591] {logging_mixin.py:109} INFO - [2021-10-21 12:26:43,591] {dag.py:2914} INFO - Setting next_dagrun for example_nested_branch_dag to 2021-10-20 00:00:00+00:00
[2021-10-21 12:26:43,595] {processor.py:171} INFO - Processing /opt/anaconda3/envs/af2/lib/python3.8/site-packages/airflow/example_dags/example_nested_branch_dag.py took 0.043 seconds
[2021-10-21 12:27:57,345] {processor.py:163} INFO - Started process (PID=24890) to work on /opt/anaconda3/envs/af2/lib/python3.8/site-packages/airflow/example_dags/example_nested_branch_dag.py
[2021-10-21 12:27:57,346] {processor.py:620} INFO - Processing file /opt/anaconda3/envs/af2/lib/python3.8/site-packages/airflow/example_dags/example_nested_branch_dag.py for tasks to queue
[2021-10-21 12:27:57,346] {logging_mixin.py:109} INFO - [2021-10-21 12:27:57,346] {dagbag.py:500} INFO - Filling up the DagBag from /opt/anaconda3/envs/af2/lib/python3.8/site-packages/airflow/example_dags/example_nested_branch_dag.py
[2021-10-21 12:27:57,371] {processor.py:632} INFO - DAG(s) dict_keys(['example_nested_branch_dag']) retrieved from /opt/anaconda3/envs/af2/lib/python3.8/site-packages/airflow/example_dags/example_nested_branch_dag.py
[2021-10-21 12:27:57,381] {logging_mixin.py:109} INFO - [2021-10-21 12:27:57,381] {dag.py:2389} INFO - Sync 1 DAGs
[2021-10-21 12:27:57,386] {logging_mixin.py:109} INFO - [2021-10-21 12:27:57,386] {dag.py:2914} INFO - Setting next_dagrun for example_nested_branch_dag to 2021-10-20 00:00:00+00:00
[2021-10-21 12:27:57,389] {processor.py:171} INFO - Processing /opt/anaconda3/envs/af2/lib/python3.8/site-packages/airflow/example_dags/example_nested_branch_dag.py took 0.045 seconds
[2021-10-21 12:29:09,118] {processor.py:163} INFO - Started process (PID=25004) to work on /opt/anaconda3/envs/af2/lib/python3.8/site-packages/airflow/example_dags/example_nested_branch_dag.py
[2021-10-21 12:29:09,118] {processor.py:620} INFO - Processing file /opt/anaconda3/envs/af2/lib/python3.8/site-packages/airflow/example_dags/example_nested_branch_dag.py for tasks to queue
[2021-10-21 12:29:09,118] {logging_mixin.py:109} INFO - [2021-10-21 12:29:09,118] {dagbag.py:500} INFO - Filling up the DagBag from /opt/anaconda3/envs/af2/lib/python3.8/site-packages/airflow/example_dags/example_nested_branch_dag.py
[2021-10-21 12:29:09,142] {processor.py:632} INFO - DAG(s) dict_keys(['example_nested_branch_dag']) retrieved from /opt/anaconda3/envs/af2/lib/python3.8/site-packages/airflow/example_dags/example_nested_branch_dag.py
[2021-10-21 12:29:09,152] {logging_mixin.py:109} INFO - [2021-10-21 12:29:09,152] {dag.py:2389} INFO - Sync 1 DAGs
[2021-10-21 12:29:09,156] {logging_mixin.py:109} INFO - [2021-10-21 12:29:09,156] {dag.py:2914} INFO - Setting next_dagrun for example_nested_branch_dag to 2021-10-20 00:00:00+00:00
[2021-10-21 12:29:09,160] {processor.py:171} INFO - Processing /opt/anaconda3/envs/af2/lib/python3.8/site-packages/airflow/example_dags/example_nested_branch_dag.py took 0.042 seconds
[2021-10-21 12:30:27,028] {processor.py:163} INFO - Started process (PID=25151) to work on /opt/anaconda3/envs/af2/lib/python3.8/site-packages/airflow/example_dags/example_nested_branch_dag.py
[2021-10-21 12:30:27,029] {processor.py:620} INFO - Processing file /opt/anaconda3/envs/af2/lib/python3.8/site-packages/airflow/example_dags/example_nested_branch_dag.py for tasks to queue
[2021-10-21 12:30:27,029] {logging_mixin.py:109} INFO - [2021-10-21 12:30:27,029] {dagbag.py:500} INFO - Filling up the DagBag from /opt/anaconda3/envs/af2/lib/python3.8/site-packages/airflow/example_dags/example_nested_branch_dag.py
[2021-10-21 12:30:27,053] {processor.py:632} INFO - DAG(s) dict_keys(['example_nested_branch_dag']) retrieved from /opt/anaconda3/envs/af2/lib/python3.8/site-packages/airflow/example_dags/example_nested_branch_dag.py
[2021-10-21 12:30:27,062] {logging_mixin.py:109} INFO - [2021-10-21 12:30:27,062] {dag.py:2389} INFO - Sync 1 DAGs
[2021-10-21 12:30:27,067] {logging_mixin.py:109} INFO - [2021-10-21 12:30:27,067] {dag.py:2914} INFO - Setting next_dagrun for example_nested_branch_dag to 2021-10-20 00:00:00+00:00
[2021-10-21 12:30:27,070] {processor.py:171} INFO - Processing /opt/anaconda3/envs/af2/lib/python3.8/site-packages/airflow/example_dags/example_nested_branch_dag.py took 0.043 seconds
[2021-10-21 12:31:48,303] {processor.py:163} INFO - Started process (PID=25291) to work on /opt/anaconda3/envs/af2/lib/python3.8/site-packages/airflow/example_dags/example_nested_branch_dag.py
[2021-10-21 12:31:48,303] {processor.py:620} INFO - Processing file /opt/anaconda3/envs/af2/lib/python3.8/site-packages/airflow/example_dags/example_nested_branch_dag.py for tasks to queue
[2021-10-21 12:31:48,303] {logging_mixin.py:109} INFO - [2021-10-21 12:31:48,303] {dagbag.py:500} INFO - Filling up the DagBag from /opt/anaconda3/envs/af2/lib/python3.8/site-packages/airflow/example_dags/example_nested_branch_dag.py
[2021-10-21 12:31:48,330] {processor.py:632} INFO - DAG(s) dict_keys(['example_nested_branch_dag']) retrieved from /opt/anaconda3/envs/af2/lib/python3.8/site-packages/airflow/example_dags/example_nested_branch_dag.py
[2021-10-21 12:31:48,339] {logging_mixin.py:109} INFO - [2021-10-21 12:31:48,339] {dag.py:2389} INFO - Sync 1 DAGs
[2021-10-21 12:31:48,343] {logging_mixin.py:109} INFO - [2021-10-21 12:31:48,343] {dag.py:2914} INFO - Setting next_dagrun for example_nested_branch_dag to 2021-10-20 00:00:00+00:00
[2021-10-21 12:31:48,347] {processor.py:171} INFO - Processing /opt/anaconda3/envs/af2/lib/python3.8/site-packages/airflow/example_dags/example_nested_branch_dag.py took 0.045 seconds
[2021-10-21 12:33:11,328] {processor.py:163} INFO - Started process (PID=25404) to work on /opt/anaconda3/envs/af2/lib/python3.8/site-packages/airflow/example_dags/example_nested_branch_dag.py
[2021-10-21 12:33:11,328] {processor.py:620} INFO - Processing file /opt/anaconda3/envs/af2/lib/python3.8/site-packages/airflow/example_dags/example_nested_branch_dag.py for tasks to queue
[2021-10-21 12:33:11,329] {logging_mixin.py:109} INFO - [2021-10-21 12:33:11,329] {dagbag.py:500} INFO - Filling up the DagBag from /opt/anaconda3/envs/af2/lib/python3.8/site-packages/airflow/example_dags/example_nested_branch_dag.py
[2021-10-21 12:33:11,353] {processor.py:632} INFO - DAG(s) dict_keys(['example_nested_branch_dag']) retrieved from /opt/anaconda3/envs/af2/lib/python3.8/site-packages/airflow/example_dags/example_nested_branch_dag.py
[2021-10-21 12:33:11,363] {logging_mixin.py:109} INFO - [2021-10-21 12:33:11,363] {dag.py:2389} INFO - Sync 1 DAGs
[2021-10-21 12:33:11,367] {logging_mixin.py:109} INFO - [2021-10-21 12:33:11,367] {dag.py:2914} INFO - Setting next_dagrun for example_nested_branch_dag to 2021-10-20 00:00:00+00:00
[2021-10-21 12:33:11,371] {processor.py:171} INFO - Processing /opt/anaconda3/envs/af2/lib/python3.8/site-packages/airflow/example_dags/example_nested_branch_dag.py took 0.044 seconds
[2021-10-21 12:34:34,550] {processor.py:163} INFO - Started process (PID=25542) to work on /opt/anaconda3/envs/af2/lib/python3.8/site-packages/airflow/example_dags/example_nested_branch_dag.py
[2021-10-21 12:34:34,551] {processor.py:620} INFO - Processing file /opt/anaconda3/envs/af2/lib/python3.8/site-packages/airflow/example_dags/example_nested_branch_dag.py for tasks to queue
[2021-10-21 12:34:34,551] {logging_mixin.py:109} INFO - [2021-10-21 12:34:34,551] {dagbag.py:500} INFO - Filling up the DagBag from /opt/anaconda3/envs/af2/lib/python3.8/site-packages/airflow/example_dags/example_nested_branch_dag.py
[2021-10-21 12:34:34,575] {processor.py:632} INFO - DAG(s) dict_keys(['example_nested_branch_dag']) retrieved from /opt/anaconda3/envs/af2/lib/python3.8/site-packages/airflow/example_dags/example_nested_branch_dag.py
[2021-10-21 12:34:34,585] {logging_mixin.py:109} INFO - [2021-10-21 12:34:34,585] {dag.py:2389} INFO - Sync 1 DAGs
[2021-10-21 12:34:34,589] {logging_mixin.py:109} INFO - [2021-10-21 12:34:34,589] {dag.py:2914} INFO - Setting next_dagrun for example_nested_branch_dag to 2021-10-20 00:00:00+00:00
[2021-10-21 12:34:34,592] {processor.py:171} INFO - Processing /opt/anaconda3/envs/af2/lib/python3.8/site-packages/airflow/example_dags/example_nested_branch_dag.py took 0.044 seconds
[2021-10-21 12:36:04,797] {processor.py:163} INFO - Started process (PID=25634) to work on /opt/anaconda3/envs/af2/lib/python3.8/site-packages/airflow/example_dags/example_nested_branch_dag.py
[2021-10-21 12:36:04,797] {processor.py:620} INFO - Processing file /opt/anaconda3/envs/af2/lib/python3.8/site-packages/airflow/example_dags/example_nested_branch_dag.py for tasks to queue
[2021-10-21 12:36:04,798] {logging_mixin.py:109} INFO - [2021-10-21 12:36:04,798] {dagbag.py:500} INFO - Filling up the DagBag from /opt/anaconda3/envs/af2/lib/python3.8/site-packages/airflow/example_dags/example_nested_branch_dag.py
[2021-10-21 12:36:04,822] {processor.py:632} INFO - DAG(s) dict_keys(['example_nested_branch_dag']) retrieved from /opt/anaconda3/envs/af2/lib/python3.8/site-packages/airflow/example_dags/example_nested_branch_dag.py
[2021-10-21 12:36:04,831] {logging_mixin.py:109} INFO - [2021-10-21 12:36:04,831] {dag.py:2389} INFO - Sync 1 DAGs
[2021-10-21 12:36:04,836] {logging_mixin.py:109} INFO - [2021-10-21 12:36:04,835] {dag.py:2914} INFO - Setting next_dagrun for example_nested_branch_dag to 2021-10-20 00:00:00+00:00
[2021-10-21 12:36:04,839] {processor.py:171} INFO - Processing /opt/anaconda3/envs/af2/lib/python3.8/site-packages/airflow/example_dags/example_nested_branch_dag.py took 0.043 seconds
[2021-10-21 12:37:29,033] {processor.py:163} INFO - Started process (PID=25740) to work on /opt/anaconda3/envs/af2/lib/python3.8/site-packages/airflow/example_dags/example_nested_branch_dag.py
[2021-10-21 12:37:29,034] {processor.py:620} INFO - Processing file /opt/anaconda3/envs/af2/lib/python3.8/site-packages/airflow/example_dags/example_nested_branch_dag.py for tasks to queue
[2021-10-21 12:37:29,034] {logging_mixin.py:109} INFO - [2021-10-21 12:37:29,034] {dagbag.py:500} INFO - Filling up the DagBag from /opt/anaconda3/envs/af2/lib/python3.8/site-packages/airflow/example_dags/example_nested_branch_dag.py
[2021-10-21 12:37:29,058] {processor.py:632} INFO - DAG(s) dict_keys(['example_nested_branch_dag']) retrieved from /opt/anaconda3/envs/af2/lib/python3.8/site-packages/airflow/example_dags/example_nested_branch_dag.py
[2021-10-21 12:37:29,067] {logging_mixin.py:109} INFO - [2021-10-21 12:37:29,067] {dag.py:2389} INFO - Sync 1 DAGs
[2021-10-21 12:37:29,071] {logging_mixin.py:109} INFO - [2021-10-21 12:37:29,071] {dag.py:2914} INFO - Setting next_dagrun for example_nested_branch_dag to 2021-10-20 00:00:00+00:00
[2021-10-21 12:37:29,075] {processor.py:171} INFO - Processing /opt/anaconda3/envs/af2/lib/python3.8/site-packages/airflow/example_dags/example_nested_branch_dag.py took 0.042 seconds
[2021-10-21 12:38:58,107] {processor.py:163} INFO - Started process (PID=25882) to work on /opt/anaconda3/envs/af2/lib/python3.8/site-packages/airflow/example_dags/example_nested_branch_dag.py
[2021-10-21 12:38:58,108] {processor.py:620} INFO - Processing file /opt/anaconda3/envs/af2/lib/python3.8/site-packages/airflow/example_dags/example_nested_branch_dag.py for tasks to queue
[2021-10-21 12:38:58,108] {logging_mixin.py:109} INFO - [2021-10-21 12:38:58,108] {dagbag.py:500} INFO - Filling up the DagBag from /opt/anaconda3/envs/af2/lib/python3.8/site-packages/airflow/example_dags/example_nested_branch_dag.py
[2021-10-21 12:38:58,133] {processor.py:632} INFO - DAG(s) dict_keys(['example_nested_branch_dag']) retrieved from /opt/anaconda3/envs/af2/lib/python3.8/site-packages/airflow/example_dags/example_nested_branch_dag.py
[2021-10-21 12:38:58,143] {logging_mixin.py:109} INFO - [2021-10-21 12:38:58,143] {dag.py:2389} INFO - Sync 1 DAGs
[2021-10-21 12:38:58,148] {logging_mixin.py:109} INFO - [2021-10-21 12:38:58,148] {dag.py:2914} INFO - Setting next_dagrun for example_nested_branch_dag to 2021-10-20 00:00:00+00:00
[2021-10-21 12:38:58,151] {processor.py:171} INFO - Processing /opt/anaconda3/envs/af2/lib/python3.8/site-packages/airflow/example_dags/example_nested_branch_dag.py took 0.046 seconds
[2021-10-21 12:40:32,208] {processor.py:163} INFO - Started process (PID=25980) to work on /opt/anaconda3/envs/af2/lib/python3.8/site-packages/airflow/example_dags/example_nested_branch_dag.py
[2021-10-21 12:40:32,208] {processor.py:620} INFO - Processing file /opt/anaconda3/envs/af2/lib/python3.8/site-packages/airflow/example_dags/example_nested_branch_dag.py for tasks to queue
[2021-10-21 12:40:32,208] {logging_mixin.py:109} INFO - [2021-10-21 12:40:32,208] {dagbag.py:500} INFO - Filling up the DagBag from /opt/anaconda3/envs/af2/lib/python3.8/site-packages/airflow/example_dags/example_nested_branch_dag.py
[2021-10-21 12:40:32,232] {processor.py:632} INFO - DAG(s) dict_keys(['example_nested_branch_dag']) retrieved from /opt/anaconda3/envs/af2/lib/python3.8/site-packages/airflow/example_dags/example_nested_branch_dag.py
[2021-10-21 12:40:32,242] {logging_mixin.py:109} INFO - [2021-10-21 12:40:32,241] {dag.py:2389} INFO - Sync 1 DAGs
[2021-10-21 12:40:32,246] {logging_mixin.py:109} INFO - [2021-10-21 12:40:32,246] {dag.py:2914} INFO - Setting next_dagrun for example_nested_branch_dag to 2021-10-20 00:00:00+00:00
[2021-10-21 12:40:32,249] {processor.py:171} INFO - Processing /opt/anaconda3/envs/af2/lib/python3.8/site-packages/airflow/example_dags/example_nested_branch_dag.py took 0.043 seconds
[2021-10-21 12:41:58,208] {processor.py:163} INFO - Started process (PID=26070) to work on /opt/anaconda3/envs/af2/lib/python3.8/site-packages/airflow/example_dags/example_nested_branch_dag.py
[2021-10-21 12:41:58,214] {processor.py:620} INFO - Processing file /opt/anaconda3/envs/af2/lib/python3.8/site-packages/airflow/example_dags/example_nested_branch_dag.py for tasks to queue
[2021-10-21 12:41:58,214] {logging_mixin.py:109} INFO - [2021-10-21 12:41:58,214] {dagbag.py:500} INFO - Filling up the DagBag from /opt/anaconda3/envs/af2/lib/python3.8/site-packages/airflow/example_dags/example_nested_branch_dag.py
[2021-10-21 12:41:58,240] {processor.py:632} INFO - DAG(s) dict_keys(['example_nested_branch_dag']) retrieved from /opt/anaconda3/envs/af2/lib/python3.8/site-packages/airflow/example_dags/example_nested_branch_dag.py
[2021-10-21 12:41:58,250] {logging_mixin.py:109} INFO - [2021-10-21 12:41:58,249] {dag.py:2389} INFO - Sync 1 DAGs
[2021-10-21 12:41:58,254] {logging_mixin.py:109} INFO - [2021-10-21 12:41:58,254] {dag.py:2914} INFO - Setting next_dagrun for example_nested_branch_dag to 2021-10-20 00:00:00+00:00
[2021-10-21 12:41:58,258] {processor.py:171} INFO - Processing /opt/anaconda3/envs/af2/lib/python3.8/site-packages/airflow/example_dags/example_nested_branch_dag.py took 0.051 seconds
[2021-10-21 12:43:23,156] {processor.py:163} INFO - Started process (PID=26172) to work on /opt/anaconda3/envs/af2/lib/python3.8/site-packages/airflow/example_dags/example_nested_branch_dag.py
[2021-10-21 12:43:23,157] {processor.py:620} INFO - Processing file /opt/anaconda3/envs/af2/lib/python3.8/site-packages/airflow/example_dags/example_nested_branch_dag.py for tasks to queue
[2021-10-21 12:43:23,157] {logging_mixin.py:109} INFO - [2021-10-21 12:43:23,157] {dagbag.py:500} INFO - Filling up the DagBag from /opt/anaconda3/envs/af2/lib/python3.8/site-packages/airflow/example_dags/example_nested_branch_dag.py
[2021-10-21 12:43:23,181] {processor.py:632} INFO - DAG(s) dict_keys(['example_nested_branch_dag']) retrieved from /opt/anaconda3/envs/af2/lib/python3.8/site-packages/airflow/example_dags/example_nested_branch_dag.py
[2021-10-21 12:43:23,191] {logging_mixin.py:109} INFO - [2021-10-21 12:43:23,191] {dag.py:2389} INFO - Sync 1 DAGs
[2021-10-21 12:43:23,196] {logging_mixin.py:109} INFO - [2021-10-21 12:43:23,196] {dag.py:2914} INFO - Setting next_dagrun for example_nested_branch_dag to 2021-10-20 00:00:00+00:00
[2021-10-21 12:43:23,199] {processor.py:171} INFO - Processing /opt/anaconda3/envs/af2/lib/python3.8/site-packages/airflow/example_dags/example_nested_branch_dag.py took 0.044 seconds
[2021-10-21 12:45:15,063] {processor.py:163} INFO - Started process (PID=26319) to work on /opt/anaconda3/envs/af2/lib/python3.8/site-packages/airflow/example_dags/example_nested_branch_dag.py
[2021-10-21 12:45:15,064] {processor.py:620} INFO - Processing file /opt/anaconda3/envs/af2/lib/python3.8/site-packages/airflow/example_dags/example_nested_branch_dag.py for tasks to queue
[2021-10-21 12:45:15,065] {logging_mixin.py:109} INFO - [2021-10-21 12:45:15,065] {dagbag.py:500} INFO - Filling up the DagBag from /opt/anaconda3/envs/af2/lib/python3.8/site-packages/airflow/example_dags/example_nested_branch_dag.py
[2021-10-21 12:45:15,088] {processor.py:632} INFO - DAG(s) dict_keys(['example_nested_branch_dag']) retrieved from /opt/anaconda3/envs/af2/lib/python3.8/site-packages/airflow/example_dags/example_nested_branch_dag.py
[2021-10-21 12:45:15,098] {logging_mixin.py:109} INFO - [2021-10-21 12:45:15,098] {dag.py:2389} INFO - Sync 1 DAGs
[2021-10-21 12:45:15,102] {logging_mixin.py:109} INFO - [2021-10-21 12:45:15,102] {dag.py:2914} INFO - Setting next_dagrun for example_nested_branch_dag to 2021-10-20 00:00:00+00:00
[2021-10-21 12:45:15,105] {processor.py:171} INFO - Processing /opt/anaconda3/envs/af2/lib/python3.8/site-packages/airflow/example_dags/example_nested_branch_dag.py took 0.043 seconds
[2021-10-21 12:46:43,756] {processor.py:163} INFO - Started process (PID=26483) to work on /opt/anaconda3/envs/af2/lib/python3.8/site-packages/airflow/example_dags/example_nested_branch_dag.py
[2021-10-21 12:46:43,757] {processor.py:620} INFO - Processing file /opt/anaconda3/envs/af2/lib/python3.8/site-packages/airflow/example_dags/example_nested_branch_dag.py for tasks to queue
[2021-10-21 12:46:43,757] {logging_mixin.py:109} INFO - [2021-10-21 12:46:43,757] {dagbag.py:500} INFO - Filling up the DagBag from /opt/anaconda3/envs/af2/lib/python3.8/site-packages/airflow/example_dags/example_nested_branch_dag.py
[2021-10-21 12:46:43,781] {processor.py:632} INFO - DAG(s) dict_keys(['example_nested_branch_dag']) retrieved from /opt/anaconda3/envs/af2/lib/python3.8/site-packages/airflow/example_dags/example_nested_branch_dag.py
[2021-10-21 12:46:43,790] {logging_mixin.py:109} INFO - [2021-10-21 12:46:43,790] {dag.py:2389} INFO - Sync 1 DAGs
[2021-10-21 12:46:43,795] {logging_mixin.py:109} INFO - [2021-10-21 12:46:43,795] {dag.py:2914} INFO - Setting next_dagrun for example_nested_branch_dag to 2021-10-20 00:00:00+00:00
[2021-10-21 12:46:43,799] {processor.py:171} INFO - Processing /opt/anaconda3/envs/af2/lib/python3.8/site-packages/airflow/example_dags/example_nested_branch_dag.py took 0.043 seconds
[2021-10-21 12:48:07,563] {processor.py:163} INFO - Started process (PID=26683) to work on /opt/anaconda3/envs/af2/lib/python3.8/site-packages/airflow/example_dags/example_nested_branch_dag.py
[2021-10-21 12:48:07,564] {processor.py:620} INFO - Processing file /opt/anaconda3/envs/af2/lib/python3.8/site-packages/airflow/example_dags/example_nested_branch_dag.py for tasks to queue
[2021-10-21 12:48:07,564] {logging_mixin.py:109} INFO - [2021-10-21 12:48:07,564] {dagbag.py:500} INFO - Filling up the DagBag from /opt/anaconda3/envs/af2/lib/python3.8/site-packages/airflow/example_dags/example_nested_branch_dag.py
[2021-10-21 12:48:07,588] {processor.py:632} INFO - DAG(s) dict_keys(['example_nested_branch_dag']) retrieved from /opt/anaconda3/envs/af2/lib/python3.8/site-packages/airflow/example_dags/example_nested_branch_dag.py
[2021-10-21 12:48:07,598] {logging_mixin.py:109} INFO - [2021-10-21 12:48:07,598] {dag.py:2389} INFO - Sync 1 DAGs
[2021-10-21 12:48:07,602] {logging_mixin.py:109} INFO - [2021-10-21 12:48:07,602] {dag.py:2914} INFO - Setting next_dagrun for example_nested_branch_dag to 2021-10-20 00:00:00+00:00
[2021-10-21 12:48:07,606] {processor.py:171} INFO - Processing /opt/anaconda3/envs/af2/lib/python3.8/site-packages/airflow/example_dags/example_nested_branch_dag.py took 0.043 seconds
[2021-10-21 12:50:29,905] {processor.py:163} INFO - Started process (PID=26915) to work on /opt/anaconda3/envs/af2/lib/python3.8/site-packages/airflow/example_dags/example_nested_branch_dag.py
[2021-10-21 12:50:29,905] {processor.py:620} INFO - Processing file /opt/anaconda3/envs/af2/lib/python3.8/site-packages/airflow/example_dags/example_nested_branch_dag.py for tasks to queue
[2021-10-21 12:50:29,906] {logging_mixin.py:109} INFO - [2021-10-21 12:50:29,906] {dagbag.py:500} INFO - Filling up the DagBag from /opt/anaconda3/envs/af2/lib/python3.8/site-packages/airflow/example_dags/example_nested_branch_dag.py
[2021-10-21 12:50:29,931] {processor.py:632} INFO - DAG(s) dict_keys(['example_nested_branch_dag']) retrieved from /opt/anaconda3/envs/af2/lib/python3.8/site-packages/airflow/example_dags/example_nested_branch_dag.py
[2021-10-21 12:50:29,941] {logging_mixin.py:109} INFO - [2021-10-21 12:50:29,941] {dag.py:2389} INFO - Sync 1 DAGs
[2021-10-21 12:50:29,945] {logging_mixin.py:109} INFO - [2021-10-21 12:50:29,945] {dag.py:2914} INFO - Setting next_dagrun for example_nested_branch_dag to 2021-10-20 00:00:00+00:00
[2021-10-21 12:50:29,949] {processor.py:171} INFO - Processing /opt/anaconda3/envs/af2/lib/python3.8/site-packages/airflow/example_dags/example_nested_branch_dag.py took 0.045 seconds
[2021-10-21 12:52:46,474] {processor.py:163} INFO - Started process (PID=27097) to work on /opt/anaconda3/envs/af2/lib/python3.8/site-packages/airflow/example_dags/example_nested_branch_dag.py
[2021-10-21 12:52:46,475] {processor.py:620} INFO - Processing file /opt/anaconda3/envs/af2/lib/python3.8/site-packages/airflow/example_dags/example_nested_branch_dag.py for tasks to queue
[2021-10-21 12:52:46,475] {logging_mixin.py:109} INFO - [2021-10-21 12:52:46,475] {dagbag.py:500} INFO - Filling up the DagBag from /opt/anaconda3/envs/af2/lib/python3.8/site-packages/airflow/example_dags/example_nested_branch_dag.py
[2021-10-21 12:52:46,499] {processor.py:632} INFO - DAG(s) dict_keys(['example_nested_branch_dag']) retrieved from /opt/anaconda3/envs/af2/lib/python3.8/site-packages/airflow/example_dags/example_nested_branch_dag.py
[2021-10-21 12:52:46,508] {logging_mixin.py:109} INFO - [2021-10-21 12:52:46,508] {dag.py:2389} INFO - Sync 1 DAGs
[2021-10-21 12:52:46,512] {logging_mixin.py:109} INFO - [2021-10-21 12:52:46,512] {dag.py:2914} INFO - Setting next_dagrun for example_nested_branch_dag to 2021-10-20 00:00:00+00:00
[2021-10-21 12:52:46,535] {processor.py:171} INFO - Processing /opt/anaconda3/envs/af2/lib/python3.8/site-packages/airflow/example_dags/example_nested_branch_dag.py took 0.062 seconds
[2021-10-21 12:54:12,600] {processor.py:163} INFO - Started process (PID=27212) to work on /opt/anaconda3/envs/af2/lib/python3.8/site-packages/airflow/example_dags/example_nested_branch_dag.py
[2021-10-21 12:54:12,601] {processor.py:620} INFO - Processing file /opt/anaconda3/envs/af2/lib/python3.8/site-packages/airflow/example_dags/example_nested_branch_dag.py for tasks to queue
[2021-10-21 12:54:12,601] {logging_mixin.py:109} INFO - [2021-10-21 12:54:12,601] {dagbag.py:500} INFO - Filling up the DagBag from /opt/anaconda3/envs/af2/lib/python3.8/site-packages/airflow/example_dags/example_nested_branch_dag.py
[2021-10-21 12:54:12,625] {processor.py:632} INFO - DAG(s) dict_keys(['example_nested_branch_dag']) retrieved from /opt/anaconda3/envs/af2/lib/python3.8/site-packages/airflow/example_dags/example_nested_branch_dag.py
[2021-10-21 12:54:12,634] {logging_mixin.py:109} INFO - [2021-10-21 12:54:12,634] {dag.py:2389} INFO - Sync 1 DAGs
[2021-10-21 12:54:12,638] {logging_mixin.py:109} INFO - [2021-10-21 12:54:12,638] {dag.py:2914} INFO - Setting next_dagrun for example_nested_branch_dag to 2021-10-20 00:00:00+00:00
[2021-10-21 12:54:12,641] {processor.py:171} INFO - Processing /opt/anaconda3/envs/af2/lib/python3.8/site-packages/airflow/example_dags/example_nested_branch_dag.py took 0.042 seconds
[2021-10-21 12:55:41,035] {processor.py:163} INFO - Started process (PID=27306) to work on /opt/anaconda3/envs/af2/lib/python3.8/site-packages/airflow/example_dags/example_nested_branch_dag.py
[2021-10-21 12:55:41,036] {processor.py:620} INFO - Processing file /opt/anaconda3/envs/af2/lib/python3.8/site-packages/airflow/example_dags/example_nested_branch_dag.py for tasks to queue
[2021-10-21 12:55:41,036] {logging_mixin.py:109} INFO - [2021-10-21 12:55:41,036] {dagbag.py:500} INFO - Filling up the DagBag from /opt/anaconda3/envs/af2/lib/python3.8/site-packages/airflow/example_dags/example_nested_branch_dag.py
[2021-10-21 12:55:41,061] {processor.py:632} INFO - DAG(s) dict_keys(['example_nested_branch_dag']) retrieved from /opt/anaconda3/envs/af2/lib/python3.8/site-packages/airflow/example_dags/example_nested_branch_dag.py
[2021-10-21 12:55:41,071] {logging_mixin.py:109} INFO - [2021-10-21 12:55:41,071] {dag.py:2389} INFO - Sync 1 DAGs
[2021-10-21 12:55:41,076] {logging_mixin.py:109} INFO - [2021-10-21 12:55:41,076] {dag.py:2914} INFO - Setting next_dagrun for example_nested_branch_dag to 2021-10-20 00:00:00+00:00
[2021-10-21 12:55:41,080] {processor.py:171} INFO - Processing /opt/anaconda3/envs/af2/lib/python3.8/site-packages/airflow/example_dags/example_nested_branch_dag.py took 0.046 seconds
[2021-10-21 12:57:09,002] {processor.py:163} INFO - Started process (PID=27426) to work on /opt/anaconda3/envs/af2/lib/python3.8/site-packages/airflow/example_dags/example_nested_branch_dag.py
[2021-10-21 12:57:09,003] {processor.py:620} INFO - Processing file /opt/anaconda3/envs/af2/lib/python3.8/site-packages/airflow/example_dags/example_nested_branch_dag.py for tasks to queue
[2021-10-21 12:57:09,003] {logging_mixin.py:109} INFO - [2021-10-21 12:57:09,003] {dagbag.py:500} INFO - Filling up the DagBag from /opt/anaconda3/envs/af2/lib/python3.8/site-packages/airflow/example_dags/example_nested_branch_dag.py
[2021-10-21 12:57:09,028] {processor.py:632} INFO - DAG(s) dict_keys(['example_nested_branch_dag']) retrieved from /opt/anaconda3/envs/af2/lib/python3.8/site-packages/airflow/example_dags/example_nested_branch_dag.py
[2021-10-21 12:57:09,038] {logging_mixin.py:109} INFO - [2021-10-21 12:57:09,038] {dag.py:2389} INFO - Sync 1 DAGs
[2021-10-21 12:57:09,043] {logging_mixin.py:109} INFO - [2021-10-21 12:57:09,043] {dag.py:2914} INFO - Setting next_dagrun for example_nested_branch_dag to 2021-10-20 00:00:00+00:00
[2021-10-21 12:57:09,047] {processor.py:171} INFO - Processing /opt/anaconda3/envs/af2/lib/python3.8/site-packages/airflow/example_dags/example_nested_branch_dag.py took 0.045 seconds
[2021-10-21 12:58:40,502] {processor.py:163} INFO - Started process (PID=27535) to work on /opt/anaconda3/envs/af2/lib/python3.8/site-packages/airflow/example_dags/example_nested_branch_dag.py
[2021-10-21 12:58:40,503] {processor.py:620} INFO - Processing file /opt/anaconda3/envs/af2/lib/python3.8/site-packages/airflow/example_dags/example_nested_branch_dag.py for tasks to queue
[2021-10-21 12:58:40,503] {logging_mixin.py:109} INFO - [2021-10-21 12:58:40,503] {dagbag.py:500} INFO - Filling up the DagBag from /opt/anaconda3/envs/af2/lib/python3.8/site-packages/airflow/example_dags/example_nested_branch_dag.py
[2021-10-21 12:58:40,529] {processor.py:632} INFO - DAG(s) dict_keys(['example_nested_branch_dag']) retrieved from /opt/anaconda3/envs/af2/lib/python3.8/site-packages/airflow/example_dags/example_nested_branch_dag.py
[2021-10-21 12:58:40,539] {logging_mixin.py:109} INFO - [2021-10-21 12:58:40,539] {dag.py:2389} INFO - Sync 1 DAGs
[2021-10-21 12:58:40,544] {logging_mixin.py:109} INFO - [2021-10-21 12:58:40,544] {dag.py:2914} INFO - Setting next_dagrun for example_nested_branch_dag to 2021-10-20 00:00:00+00:00
[2021-10-21 12:58:40,547] {processor.py:171} INFO - Processing /opt/anaconda3/envs/af2/lib/python3.8/site-packages/airflow/example_dags/example_nested_branch_dag.py took 0.047 seconds
[2021-10-21 13:00:13,238] {processor.py:163} INFO - Started process (PID=27631) to work on /opt/anaconda3/envs/af2/lib/python3.8/site-packages/airflow/example_dags/example_nested_branch_dag.py
[2021-10-21 13:00:13,239] {processor.py:620} INFO - Processing file /opt/anaconda3/envs/af2/lib/python3.8/site-packages/airflow/example_dags/example_nested_branch_dag.py for tasks to queue
[2021-10-21 13:00:13,239] {logging_mixin.py:109} INFO - [2021-10-21 13:00:13,239] {dagbag.py:500} INFO - Filling up the DagBag from /opt/anaconda3/envs/af2/lib/python3.8/site-packages/airflow/example_dags/example_nested_branch_dag.py
[2021-10-21 13:00:13,265] {processor.py:632} INFO - DAG(s) dict_keys(['example_nested_branch_dag']) retrieved from /opt/anaconda3/envs/af2/lib/python3.8/site-packages/airflow/example_dags/example_nested_branch_dag.py
[2021-10-21 13:00:13,280] {logging_mixin.py:109} INFO - [2021-10-21 13:00:13,279] {dag.py:2389} INFO - Sync 1 DAGs
[2021-10-21 13:00:13,286] {logging_mixin.py:109} INFO - [2021-10-21 13:00:13,286] {dag.py:2914} INFO - Setting next_dagrun for example_nested_branch_dag to 2021-10-20 00:00:00+00:00
[2021-10-21 13:00:13,291] {processor.py:171} INFO - Processing /opt/anaconda3/envs/af2/lib/python3.8/site-packages/airflow/example_dags/example_nested_branch_dag.py took 0.053 seconds
[2021-10-21 13:01:44,887] {processor.py:163} INFO - Started process (PID=27730) to work on /opt/anaconda3/envs/af2/lib/python3.8/site-packages/airflow/example_dags/example_nested_branch_dag.py
[2021-10-21 13:01:44,888] {processor.py:620} INFO - Processing file /opt/anaconda3/envs/af2/lib/python3.8/site-packages/airflow/example_dags/example_nested_branch_dag.py for tasks to queue
[2021-10-21 13:01:44,888] {logging_mixin.py:109} INFO - [2021-10-21 13:01:44,888] {dagbag.py:500} INFO - Filling up the DagBag from /opt/anaconda3/envs/af2/lib/python3.8/site-packages/airflow/example_dags/example_nested_branch_dag.py
[2021-10-21 13:01:44,913] {processor.py:632} INFO - DAG(s) dict_keys(['example_nested_branch_dag']) retrieved from /opt/anaconda3/envs/af2/lib/python3.8/site-packages/airflow/example_dags/example_nested_branch_dag.py
[2021-10-21 13:01:44,923] {logging_mixin.py:109} INFO - [2021-10-21 13:01:44,923] {dag.py:2389} INFO - Sync 1 DAGs
[2021-10-21 13:01:44,928] {logging_mixin.py:109} INFO - [2021-10-21 13:01:44,928] {dag.py:2914} INFO - Setting next_dagrun for example_nested_branch_dag to 2021-10-20 00:00:00+00:00
[2021-10-21 13:01:44,932] {processor.py:171} INFO - Processing /opt/anaconda3/envs/af2/lib/python3.8/site-packages/airflow/example_dags/example_nested_branch_dag.py took 0.046 seconds
[2021-10-21 13:03:12,971] {processor.py:163} INFO - Started process (PID=27863) to work on /opt/anaconda3/envs/af2/lib/python3.8/site-packages/airflow/example_dags/example_nested_branch_dag.py
[2021-10-21 13:03:12,972] {processor.py:620} INFO - Processing file /opt/anaconda3/envs/af2/lib/python3.8/site-packages/airflow/example_dags/example_nested_branch_dag.py for tasks to queue
[2021-10-21 13:03:12,972] {logging_mixin.py:109} INFO - [2021-10-21 13:03:12,972] {dagbag.py:500} INFO - Filling up the DagBag from /opt/anaconda3/envs/af2/lib/python3.8/site-packages/airflow/example_dags/example_nested_branch_dag.py
[2021-10-21 13:03:12,996] {processor.py:632} INFO - DAG(s) dict_keys(['example_nested_branch_dag']) retrieved from /opt/anaconda3/envs/af2/lib/python3.8/site-packages/airflow/example_dags/example_nested_branch_dag.py
[2021-10-21 13:03:13,005] {logging_mixin.py:109} INFO - [2021-10-21 13:03:13,005] {dag.py:2389} INFO - Sync 1 DAGs
[2021-10-21 13:03:13,010] {logging_mixin.py:109} INFO - [2021-10-21 13:03:13,010] {dag.py:2914} INFO - Setting next_dagrun for example_nested_branch_dag to 2021-10-20 00:00:00+00:00
[2021-10-21 13:03:13,013] {processor.py:171} INFO - Processing /opt/anaconda3/envs/af2/lib/python3.8/site-packages/airflow/example_dags/example_nested_branch_dag.py took 0.043 seconds
[2021-10-21 13:04:43,775] {processor.py:163} INFO - Started process (PID=27968) to work on /opt/anaconda3/envs/af2/lib/python3.8/site-packages/airflow/example_dags/example_nested_branch_dag.py
[2021-10-21 13:04:43,775] {processor.py:620} INFO - Processing file /opt/anaconda3/envs/af2/lib/python3.8/site-packages/airflow/example_dags/example_nested_branch_dag.py for tasks to queue
[2021-10-21 13:04:43,777] {logging_mixin.py:109} INFO - [2021-10-21 13:04:43,777] {dagbag.py:500} INFO - Filling up the DagBag from /opt/anaconda3/envs/af2/lib/python3.8/site-packages/airflow/example_dags/example_nested_branch_dag.py
[2021-10-21 13:04:43,800] {processor.py:632} INFO - DAG(s) dict_keys(['example_nested_branch_dag']) retrieved from /opt/anaconda3/envs/af2/lib/python3.8/site-packages/airflow/example_dags/example_nested_branch_dag.py
[2021-10-21 13:04:43,810] {logging_mixin.py:109} INFO - [2021-10-21 13:04:43,809] {dag.py:2389} INFO - Sync 1 DAGs
[2021-10-21 13:04:43,814] {logging_mixin.py:109} INFO - [2021-10-21 13:04:43,814] {dag.py:2914} INFO - Setting next_dagrun for example_nested_branch_dag to 2021-10-20 00:00:00+00:00
[2021-10-21 13:04:43,817] {processor.py:171} INFO - Processing /opt/anaconda3/envs/af2/lib/python3.8/site-packages/airflow/example_dags/example_nested_branch_dag.py took 0.043 seconds
[2021-10-21 13:06:15,643] {processor.py:163} INFO - Started process (PID=28099) to work on /opt/anaconda3/envs/af2/lib/python3.8/site-packages/airflow/example_dags/example_nested_branch_dag.py
[2021-10-21 13:06:15,644] {processor.py:620} INFO - Processing file /opt/anaconda3/envs/af2/lib/python3.8/site-packages/airflow/example_dags/example_nested_branch_dag.py for tasks to queue
[2021-10-21 13:06:15,644] {logging_mixin.py:109} INFO - [2021-10-21 13:06:15,644] {dagbag.py:500} INFO - Filling up the DagBag from /opt/anaconda3/envs/af2/lib/python3.8/site-packages/airflow/example_dags/example_nested_branch_dag.py
[2021-10-21 13:06:15,677] {processor.py:632} INFO - DAG(s) dict_keys(['example_nested_branch_dag']) retrieved from /opt/anaconda3/envs/af2/lib/python3.8/site-packages/airflow/example_dags/example_nested_branch_dag.py
[2021-10-21 13:06:15,688] {logging_mixin.py:109} INFO - [2021-10-21 13:06:15,688] {dag.py:2389} INFO - Sync 1 DAGs
[2021-10-21 13:06:15,693] {logging_mixin.py:109} INFO - [2021-10-21 13:06:15,693] {dag.py:2914} INFO - Setting next_dagrun for example_nested_branch_dag to 2021-10-20 00:00:00+00:00
[2021-10-21 13:06:15,697] {processor.py:171} INFO - Processing /opt/anaconda3/envs/af2/lib/python3.8/site-packages/airflow/example_dags/example_nested_branch_dag.py took 0.055 seconds
[2021-10-21 13:07:44,492] {processor.py:163} INFO - Started process (PID=28249) to work on /opt/anaconda3/envs/af2/lib/python3.8/site-packages/airflow/example_dags/example_nested_branch_dag.py
[2021-10-21 13:07:44,493] {processor.py:620} INFO - Processing file /opt/anaconda3/envs/af2/lib/python3.8/site-packages/airflow/example_dags/example_nested_branch_dag.py for tasks to queue
[2021-10-21 13:07:44,493] {logging_mixin.py:109} INFO - [2021-10-21 13:07:44,493] {dagbag.py:500} INFO - Filling up the DagBag from /opt/anaconda3/envs/af2/lib/python3.8/site-packages/airflow/example_dags/example_nested_branch_dag.py
[2021-10-21 13:07:44,518] {processor.py:632} INFO - DAG(s) dict_keys(['example_nested_branch_dag']) retrieved from /opt/anaconda3/envs/af2/lib/python3.8/site-packages/airflow/example_dags/example_nested_branch_dag.py
[2021-10-21 13:07:44,528] {logging_mixin.py:109} INFO - [2021-10-21 13:07:44,528] {dag.py:2389} INFO - Sync 1 DAGs
[2021-10-21 13:07:44,533] {logging_mixin.py:109} INFO - [2021-10-21 13:07:44,533] {dag.py:2914} INFO - Setting next_dagrun for example_nested_branch_dag to 2021-10-20 00:00:00+00:00
[2021-10-21 13:07:44,536] {processor.py:171} INFO - Processing /opt/anaconda3/envs/af2/lib/python3.8/site-packages/airflow/example_dags/example_nested_branch_dag.py took 0.045 seconds
