[2021-10-21 12:02:28,890] {processor.py:163} INFO - Started process (PID=22418) to work on /opt/anaconda3/envs/af2/lib/python3.8/site-packages/airflow/example_dags/example_complex.py
[2021-10-21 12:02:28,890] {processor.py:620} INFO - Processing file /opt/anaconda3/envs/af2/lib/python3.8/site-packages/airflow/example_dags/example_complex.py for tasks to queue
[2021-10-21 12:02:28,890] {logging_mixin.py:109} INFO - [2021-10-21 12:02:28,890] {dagbag.py:500} INFO - Filling up the DagBag from /opt/anaconda3/envs/af2/lib/python3.8/site-packages/airflow/example_dags/example_complex.py
[2021-10-21 12:02:28,917] {processor.py:632} INFO - DAG(s) dict_keys(['example_complex']) retrieved from /opt/anaconda3/envs/af2/lib/python3.8/site-packages/airflow/example_dags/example_complex.py
[2021-10-21 12:02:28,929] {logging_mixin.py:109} INFO - [2021-10-21 12:02:28,929] {dag.py:2389} INFO - Sync 1 DAGs
[2021-10-21 12:02:28,932] {logging_mixin.py:109} INFO - [2021-10-21 12:02:28,932] {dag.py:2914} INFO - Setting next_dagrun for example_complex to None
[2021-10-21 12:02:28,936] {processor.py:171} INFO - Processing /opt/anaconda3/envs/af2/lib/python3.8/site-packages/airflow/example_dags/example_complex.py took 0.046 seconds
[2021-10-21 12:04:01,307] {processor.py:163} INFO - Started process (PID=22577) to work on /opt/anaconda3/envs/af2/lib/python3.8/site-packages/airflow/example_dags/example_complex.py
[2021-10-21 12:04:01,308] {processor.py:620} INFO - Processing file /opt/anaconda3/envs/af2/lib/python3.8/site-packages/airflow/example_dags/example_complex.py for tasks to queue
[2021-10-21 12:04:01,308] {logging_mixin.py:109} INFO - [2021-10-21 12:04:01,308] {dagbag.py:500} INFO - Filling up the DagBag from /opt/anaconda3/envs/af2/lib/python3.8/site-packages/airflow/example_dags/example_complex.py
[2021-10-21 12:04:01,334] {processor.py:632} INFO - DAG(s) dict_keys(['example_complex']) retrieved from /opt/anaconda3/envs/af2/lib/python3.8/site-packages/airflow/example_dags/example_complex.py
[2021-10-21 12:04:01,346] {logging_mixin.py:109} INFO - [2021-10-21 12:04:01,346] {dag.py:2389} INFO - Sync 1 DAGs
[2021-10-21 12:04:01,349] {logging_mixin.py:109} INFO - [2021-10-21 12:04:01,349] {dag.py:2914} INFO - Setting next_dagrun for example_complex to None
[2021-10-21 12:04:01,353] {processor.py:171} INFO - Processing /opt/anaconda3/envs/af2/lib/python3.8/site-packages/airflow/example_dags/example_complex.py took 0.046 seconds
[2021-10-21 12:12:16,868] {processor.py:163} INFO - Started process (PID=23117) to work on /opt/anaconda3/envs/af2/lib/python3.8/site-packages/airflow/example_dags/example_complex.py
[2021-10-21 12:12:16,869] {processor.py:620} INFO - Processing file /opt/anaconda3/envs/af2/lib/python3.8/site-packages/airflow/example_dags/example_complex.py for tasks to queue
[2021-10-21 12:12:16,870] {logging_mixin.py:109} INFO - [2021-10-21 12:12:16,870] {dagbag.py:500} INFO - Filling up the DagBag from /opt/anaconda3/envs/af2/lib/python3.8/site-packages/airflow/example_dags/example_complex.py
[2021-10-21 12:12:16,896] {processor.py:632} INFO - DAG(s) dict_keys(['example_complex']) retrieved from /opt/anaconda3/envs/af2/lib/python3.8/site-packages/airflow/example_dags/example_complex.py
[2021-10-21 12:12:16,908] {logging_mixin.py:109} INFO - [2021-10-21 12:12:16,908] {dag.py:2389} INFO - Sync 1 DAGs
[2021-10-21 12:12:16,911] {logging_mixin.py:109} INFO - [2021-10-21 12:12:16,911] {dag.py:2914} INFO - Setting next_dagrun for example_complex to None
[2021-10-21 12:12:16,915] {processor.py:171} INFO - Processing /opt/anaconda3/envs/af2/lib/python3.8/site-packages/airflow/example_dags/example_complex.py took 0.047 seconds
[2021-10-21 12:13:32,956] {processor.py:163} INFO - Started process (PID=23241) to work on /opt/anaconda3/envs/af2/lib/python3.8/site-packages/airflow/example_dags/example_complex.py
[2021-10-21 12:13:32,956] {processor.py:620} INFO - Processing file /opt/anaconda3/envs/af2/lib/python3.8/site-packages/airflow/example_dags/example_complex.py for tasks to queue
[2021-10-21 12:13:32,956] {logging_mixin.py:109} INFO - [2021-10-21 12:13:32,956] {dagbag.py:500} INFO - Filling up the DagBag from /opt/anaconda3/envs/af2/lib/python3.8/site-packages/airflow/example_dags/example_complex.py
[2021-10-21 12:13:32,985] {processor.py:632} INFO - DAG(s) dict_keys(['example_complex']) retrieved from /opt/anaconda3/envs/af2/lib/python3.8/site-packages/airflow/example_dags/example_complex.py
[2021-10-21 12:13:32,996] {logging_mixin.py:109} INFO - [2021-10-21 12:13:32,996] {dag.py:2389} INFO - Sync 1 DAGs
[2021-10-21 12:13:33,000] {logging_mixin.py:109} INFO - [2021-10-21 12:13:33,000] {dag.py:2914} INFO - Setting next_dagrun for example_complex to None
[2021-10-21 12:13:33,003] {processor.py:171} INFO - Processing /opt/anaconda3/envs/af2/lib/python3.8/site-packages/airflow/example_dags/example_complex.py took 0.048 seconds
[2021-10-21 12:14:47,916] {processor.py:163} INFO - Started process (PID=23339) to work on /opt/anaconda3/envs/af2/lib/python3.8/site-packages/airflow/example_dags/example_complex.py
[2021-10-21 12:14:47,916] {processor.py:620} INFO - Processing file /opt/anaconda3/envs/af2/lib/python3.8/site-packages/airflow/example_dags/example_complex.py for tasks to queue
[2021-10-21 12:14:47,916] {logging_mixin.py:109} INFO - [2021-10-21 12:14:47,916] {dagbag.py:500} INFO - Filling up the DagBag from /opt/anaconda3/envs/af2/lib/python3.8/site-packages/airflow/example_dags/example_complex.py
[2021-10-21 12:14:47,943] {processor.py:632} INFO - DAG(s) dict_keys(['example_complex']) retrieved from /opt/anaconda3/envs/af2/lib/python3.8/site-packages/airflow/example_dags/example_complex.py
[2021-10-21 12:14:47,955] {logging_mixin.py:109} INFO - [2021-10-21 12:14:47,955] {dag.py:2389} INFO - Sync 1 DAGs
[2021-10-21 12:14:47,958] {logging_mixin.py:109} INFO - [2021-10-21 12:14:47,958] {dag.py:2914} INFO - Setting next_dagrun for example_complex to None
[2021-10-21 12:14:47,962] {processor.py:171} INFO - Processing /opt/anaconda3/envs/af2/lib/python3.8/site-packages/airflow/example_dags/example_complex.py took 0.047 seconds
[2021-10-21 12:16:05,250] {processor.py:163} INFO - Started process (PID=23473) to work on /opt/anaconda3/envs/af2/lib/python3.8/site-packages/airflow/example_dags/example_complex.py
[2021-10-21 12:16:05,250] {processor.py:620} INFO - Processing file /opt/anaconda3/envs/af2/lib/python3.8/site-packages/airflow/example_dags/example_complex.py for tasks to queue
[2021-10-21 12:16:05,250] {logging_mixin.py:109} INFO - [2021-10-21 12:16:05,250] {dagbag.py:500} INFO - Filling up the DagBag from /opt/anaconda3/envs/af2/lib/python3.8/site-packages/airflow/example_dags/example_complex.py
[2021-10-21 12:16:05,278] {processor.py:632} INFO - DAG(s) dict_keys(['example_complex']) retrieved from /opt/anaconda3/envs/af2/lib/python3.8/site-packages/airflow/example_dags/example_complex.py
[2021-10-21 12:16:05,291] {logging_mixin.py:109} INFO - [2021-10-21 12:16:05,291] {dag.py:2389} INFO - Sync 1 DAGs
[2021-10-21 12:16:05,295] {logging_mixin.py:109} INFO - [2021-10-21 12:16:05,295] {dag.py:2914} INFO - Setting next_dagrun for example_complex to None
[2021-10-21 12:16:05,298] {processor.py:171} INFO - Processing /opt/anaconda3/envs/af2/lib/python3.8/site-packages/airflow/example_dags/example_complex.py took 0.049 seconds
[2021-10-21 12:17:19,365] {processor.py:163} INFO - Started process (PID=23583) to work on /opt/anaconda3/envs/af2/lib/python3.8/site-packages/airflow/example_dags/example_complex.py
[2021-10-21 12:17:19,366] {processor.py:620} INFO - Processing file /opt/anaconda3/envs/af2/lib/python3.8/site-packages/airflow/example_dags/example_complex.py for tasks to queue
[2021-10-21 12:17:19,366] {logging_mixin.py:109} INFO - [2021-10-21 12:17:19,366] {dagbag.py:500} INFO - Filling up the DagBag from /opt/anaconda3/envs/af2/lib/python3.8/site-packages/airflow/example_dags/example_complex.py
[2021-10-21 12:17:19,396] {processor.py:632} INFO - DAG(s) dict_keys(['example_complex']) retrieved from /opt/anaconda3/envs/af2/lib/python3.8/site-packages/airflow/example_dags/example_complex.py
[2021-10-21 12:17:19,408] {logging_mixin.py:109} INFO - [2021-10-21 12:17:19,408] {dag.py:2389} INFO - Sync 1 DAGs
[2021-10-21 12:17:19,412] {logging_mixin.py:109} INFO - [2021-10-21 12:17:19,412] {dag.py:2914} INFO - Setting next_dagrun for example_complex to None
[2021-10-21 12:17:19,415] {processor.py:171} INFO - Processing /opt/anaconda3/envs/af2/lib/python3.8/site-packages/airflow/example_dags/example_complex.py took 0.051 seconds
[2021-10-21 12:18:33,875] {processor.py:163} INFO - Started process (PID=23739) to work on /opt/anaconda3/envs/af2/lib/python3.8/site-packages/airflow/example_dags/example_complex.py
[2021-10-21 12:18:33,875] {processor.py:620} INFO - Processing file /opt/anaconda3/envs/af2/lib/python3.8/site-packages/airflow/example_dags/example_complex.py for tasks to queue
[2021-10-21 12:18:33,876] {logging_mixin.py:109} INFO - [2021-10-21 12:18:33,876] {dagbag.py:500} INFO - Filling up the DagBag from /opt/anaconda3/envs/af2/lib/python3.8/site-packages/airflow/example_dags/example_complex.py
[2021-10-21 12:18:33,904] {processor.py:632} INFO - DAG(s) dict_keys(['example_complex']) retrieved from /opt/anaconda3/envs/af2/lib/python3.8/site-packages/airflow/example_dags/example_complex.py
[2021-10-21 12:18:33,916] {logging_mixin.py:109} INFO - [2021-10-21 12:18:33,916] {dag.py:2389} INFO - Sync 1 DAGs
[2021-10-21 12:18:33,920] {logging_mixin.py:109} INFO - [2021-10-21 12:18:33,920] {dag.py:2914} INFO - Setting next_dagrun for example_complex to None
[2021-10-21 12:18:33,925] {processor.py:171} INFO - Processing /opt/anaconda3/envs/af2/lib/python3.8/site-packages/airflow/example_dags/example_complex.py took 0.050 seconds
[2021-10-21 12:19:47,433] {processor.py:163} INFO - Started process (PID=23867) to work on /opt/anaconda3/envs/af2/lib/python3.8/site-packages/airflow/example_dags/example_complex.py
[2021-10-21 12:19:47,434] {processor.py:620} INFO - Processing file /opt/anaconda3/envs/af2/lib/python3.8/site-packages/airflow/example_dags/example_complex.py for tasks to queue
[2021-10-21 12:19:47,434] {logging_mixin.py:109} INFO - [2021-10-21 12:19:47,434] {dagbag.py:500} INFO - Filling up the DagBag from /opt/anaconda3/envs/af2/lib/python3.8/site-packages/airflow/example_dags/example_complex.py
[2021-10-21 12:19:47,461] {processor.py:632} INFO - DAG(s) dict_keys(['example_complex']) retrieved from /opt/anaconda3/envs/af2/lib/python3.8/site-packages/airflow/example_dags/example_complex.py
[2021-10-21 12:19:47,473] {logging_mixin.py:109} INFO - [2021-10-21 12:19:47,473] {dag.py:2389} INFO - Sync 1 DAGs
[2021-10-21 12:19:47,476] {logging_mixin.py:109} INFO - [2021-10-21 12:19:47,476] {dag.py:2914} INFO - Setting next_dagrun for example_complex to None
[2021-10-21 12:19:47,480] {processor.py:171} INFO - Processing /opt/anaconda3/envs/af2/lib/python3.8/site-packages/airflow/example_dags/example_complex.py took 0.047 seconds
[2021-10-21 12:20:59,299] {processor.py:163} INFO - Started process (PID=24038) to work on /opt/anaconda3/envs/af2/lib/python3.8/site-packages/airflow/example_dags/example_complex.py
[2021-10-21 12:20:59,299] {processor.py:620} INFO - Processing file /opt/anaconda3/envs/af2/lib/python3.8/site-packages/airflow/example_dags/example_complex.py for tasks to queue
[2021-10-21 12:20:59,300] {logging_mixin.py:109} INFO - [2021-10-21 12:20:59,300] {dagbag.py:500} INFO - Filling up the DagBag from /opt/anaconda3/envs/af2/lib/python3.8/site-packages/airflow/example_dags/example_complex.py
[2021-10-21 12:20:59,331] {processor.py:632} INFO - DAG(s) dict_keys(['example_complex']) retrieved from /opt/anaconda3/envs/af2/lib/python3.8/site-packages/airflow/example_dags/example_complex.py
[2021-10-21 12:20:59,345] {logging_mixin.py:109} INFO - [2021-10-21 12:20:59,345] {dag.py:2389} INFO - Sync 1 DAGs
[2021-10-21 12:20:59,349] {logging_mixin.py:109} INFO - [2021-10-21 12:20:59,349] {dag.py:2914} INFO - Setting next_dagrun for example_complex to None
[2021-10-21 12:20:59,353] {processor.py:171} INFO - Processing /opt/anaconda3/envs/af2/lib/python3.8/site-packages/airflow/example_dags/example_complex.py took 0.055 seconds
[2021-10-21 12:22:04,705] {processor.py:163} INFO - Started process (PID=24145) to work on /opt/anaconda3/envs/af2/lib/python3.8/site-packages/airflow/example_dags/example_complex.py
[2021-10-21 12:22:04,705] {processor.py:620} INFO - Processing file /opt/anaconda3/envs/af2/lib/python3.8/site-packages/airflow/example_dags/example_complex.py for tasks to queue
[2021-10-21 12:22:04,705] {logging_mixin.py:109} INFO - [2021-10-21 12:22:04,705] {dagbag.py:500} INFO - Filling up the DagBag from /opt/anaconda3/envs/af2/lib/python3.8/site-packages/airflow/example_dags/example_complex.py
[2021-10-21 12:22:04,736] {processor.py:632} INFO - DAG(s) dict_keys(['example_complex']) retrieved from /opt/anaconda3/envs/af2/lib/python3.8/site-packages/airflow/example_dags/example_complex.py
[2021-10-21 12:22:04,751] {logging_mixin.py:109} INFO - [2021-10-21 12:22:04,750] {dag.py:2389} INFO - Sync 1 DAGs
[2021-10-21 12:22:04,754] {logging_mixin.py:109} INFO - [2021-10-21 12:22:04,754] {dag.py:2914} INFO - Setting next_dagrun for example_complex to None
[2021-10-21 12:22:04,758] {processor.py:171} INFO - Processing /opt/anaconda3/envs/af2/lib/python3.8/site-packages/airflow/example_dags/example_complex.py took 0.054 seconds
[2021-10-21 12:23:16,944] {processor.py:163} INFO - Started process (PID=24318) to work on /opt/anaconda3/envs/af2/lib/python3.8/site-packages/airflow/example_dags/example_complex.py
[2021-10-21 12:23:16,945] {processor.py:620} INFO - Processing file /opt/anaconda3/envs/af2/lib/python3.8/site-packages/airflow/example_dags/example_complex.py for tasks to queue
[2021-10-21 12:23:16,945] {logging_mixin.py:109} INFO - [2021-10-21 12:23:16,945] {dagbag.py:500} INFO - Filling up the DagBag from /opt/anaconda3/envs/af2/lib/python3.8/site-packages/airflow/example_dags/example_complex.py
[2021-10-21 12:23:16,973] {processor.py:632} INFO - DAG(s) dict_keys(['example_complex']) retrieved from /opt/anaconda3/envs/af2/lib/python3.8/site-packages/airflow/example_dags/example_complex.py
[2021-10-21 12:23:16,986] {logging_mixin.py:109} INFO - [2021-10-21 12:23:16,986] {dag.py:2389} INFO - Sync 1 DAGs
[2021-10-21 12:23:16,989] {logging_mixin.py:109} INFO - [2021-10-21 12:23:16,989] {dag.py:2914} INFO - Setting next_dagrun for example_complex to None
[2021-10-21 12:23:16,993] {processor.py:171} INFO - Processing /opt/anaconda3/envs/af2/lib/python3.8/site-packages/airflow/example_dags/example_complex.py took 0.049 seconds
[2021-10-21 12:24:31,302] {processor.py:163} INFO - Started process (PID=24411) to work on /opt/anaconda3/envs/af2/lib/python3.8/site-packages/airflow/example_dags/example_complex.py
[2021-10-21 12:24:31,303] {processor.py:620} INFO - Processing file /opt/anaconda3/envs/af2/lib/python3.8/site-packages/airflow/example_dags/example_complex.py for tasks to queue
[2021-10-21 12:24:31,303] {logging_mixin.py:109} INFO - [2021-10-21 12:24:31,303] {dagbag.py:500} INFO - Filling up the DagBag from /opt/anaconda3/envs/af2/lib/python3.8/site-packages/airflow/example_dags/example_complex.py
[2021-10-21 12:24:31,330] {processor.py:632} INFO - DAG(s) dict_keys(['example_complex']) retrieved from /opt/anaconda3/envs/af2/lib/python3.8/site-packages/airflow/example_dags/example_complex.py
[2021-10-21 12:24:31,342] {logging_mixin.py:109} INFO - [2021-10-21 12:24:31,342] {dag.py:2389} INFO - Sync 1 DAGs
[2021-10-21 12:24:31,345] {logging_mixin.py:109} INFO - [2021-10-21 12:24:31,345] {dag.py:2914} INFO - Setting next_dagrun for example_complex to None
[2021-10-21 12:24:31,349] {processor.py:171} INFO - Processing /opt/anaconda3/envs/af2/lib/python3.8/site-packages/airflow/example_dags/example_complex.py took 0.046 seconds
[2021-10-21 12:25:43,161] {processor.py:163} INFO - Started process (PID=24541) to work on /opt/anaconda3/envs/af2/lib/python3.8/site-packages/airflow/example_dags/example_complex.py
[2021-10-21 12:25:43,162] {processor.py:620} INFO - Processing file /opt/anaconda3/envs/af2/lib/python3.8/site-packages/airflow/example_dags/example_complex.py for tasks to queue
[2021-10-21 12:25:43,162] {logging_mixin.py:109} INFO - [2021-10-21 12:25:43,162] {dagbag.py:500} INFO - Filling up the DagBag from /opt/anaconda3/envs/af2/lib/python3.8/site-packages/airflow/example_dags/example_complex.py
[2021-10-21 12:25:43,189] {processor.py:632} INFO - DAG(s) dict_keys(['example_complex']) retrieved from /opt/anaconda3/envs/af2/lib/python3.8/site-packages/airflow/example_dags/example_complex.py
[2021-10-21 12:25:43,201] {logging_mixin.py:109} INFO - [2021-10-21 12:25:43,200] {dag.py:2389} INFO - Sync 1 DAGs
[2021-10-21 12:25:43,204] {logging_mixin.py:109} INFO - [2021-10-21 12:25:43,204] {dag.py:2914} INFO - Setting next_dagrun for example_complex to None
[2021-10-21 12:25:43,207] {processor.py:171} INFO - Processing /opt/anaconda3/envs/af2/lib/python3.8/site-packages/airflow/example_dags/example_complex.py took 0.047 seconds
[2021-10-21 12:26:57,212] {processor.py:163} INFO - Started process (PID=24764) to work on /opt/anaconda3/envs/af2/lib/python3.8/site-packages/airflow/example_dags/example_complex.py
[2021-10-21 12:26:57,213] {processor.py:620} INFO - Processing file /opt/anaconda3/envs/af2/lib/python3.8/site-packages/airflow/example_dags/example_complex.py for tasks to queue
[2021-10-21 12:26:57,213] {logging_mixin.py:109} INFO - [2021-10-21 12:26:57,213] {dagbag.py:500} INFO - Filling up the DagBag from /opt/anaconda3/envs/af2/lib/python3.8/site-packages/airflow/example_dags/example_complex.py
[2021-10-21 12:26:57,240] {processor.py:632} INFO - DAG(s) dict_keys(['example_complex']) retrieved from /opt/anaconda3/envs/af2/lib/python3.8/site-packages/airflow/example_dags/example_complex.py
[2021-10-21 12:26:57,252] {logging_mixin.py:109} INFO - [2021-10-21 12:26:57,252] {dag.py:2389} INFO - Sync 1 DAGs
[2021-10-21 12:26:57,255] {logging_mixin.py:109} INFO - [2021-10-21 12:26:57,255] {dag.py:2914} INFO - Setting next_dagrun for example_complex to None
[2021-10-21 12:26:57,259] {processor.py:171} INFO - Processing /opt/anaconda3/envs/af2/lib/python3.8/site-packages/airflow/example_dags/example_complex.py took 0.047 seconds
[2021-10-21 12:28:10,811] {processor.py:163} INFO - Started process (PID=24920) to work on /opt/anaconda3/envs/af2/lib/python3.8/site-packages/airflow/example_dags/example_complex.py
[2021-10-21 12:28:10,811] {processor.py:620} INFO - Processing file /opt/anaconda3/envs/af2/lib/python3.8/site-packages/airflow/example_dags/example_complex.py for tasks to queue
[2021-10-21 12:28:10,811] {logging_mixin.py:109} INFO - [2021-10-21 12:28:10,811] {dagbag.py:500} INFO - Filling up the DagBag from /opt/anaconda3/envs/af2/lib/python3.8/site-packages/airflow/example_dags/example_complex.py
[2021-10-21 12:28:10,839] {processor.py:632} INFO - DAG(s) dict_keys(['example_complex']) retrieved from /opt/anaconda3/envs/af2/lib/python3.8/site-packages/airflow/example_dags/example_complex.py
[2021-10-21 12:28:10,851] {logging_mixin.py:109} INFO - [2021-10-21 12:28:10,851] {dag.py:2389} INFO - Sync 1 DAGs
[2021-10-21 12:28:10,855] {logging_mixin.py:109} INFO - [2021-10-21 12:28:10,855] {dag.py:2914} INFO - Setting next_dagrun for example_complex to None
[2021-10-21 12:28:10,859] {processor.py:171} INFO - Processing /opt/anaconda3/envs/af2/lib/python3.8/site-packages/airflow/example_dags/example_complex.py took 0.048 seconds
[2021-10-21 12:29:22,659] {processor.py:163} INFO - Started process (PID=25019) to work on /opt/anaconda3/envs/af2/lib/python3.8/site-packages/airflow/example_dags/example_complex.py
[2021-10-21 12:29:22,660] {processor.py:620} INFO - Processing file /opt/anaconda3/envs/af2/lib/python3.8/site-packages/airflow/example_dags/example_complex.py for tasks to queue
[2021-10-21 12:29:22,660] {logging_mixin.py:109} INFO - [2021-10-21 12:29:22,660] {dagbag.py:500} INFO - Filling up the DagBag from /opt/anaconda3/envs/af2/lib/python3.8/site-packages/airflow/example_dags/example_complex.py
[2021-10-21 12:29:22,686] {processor.py:632} INFO - DAG(s) dict_keys(['example_complex']) retrieved from /opt/anaconda3/envs/af2/lib/python3.8/site-packages/airflow/example_dags/example_complex.py
[2021-10-21 12:29:22,698] {logging_mixin.py:109} INFO - [2021-10-21 12:29:22,698] {dag.py:2389} INFO - Sync 1 DAGs
[2021-10-21 12:29:22,701] {logging_mixin.py:109} INFO - [2021-10-21 12:29:22,701] {dag.py:2914} INFO - Setting next_dagrun for example_complex to None
[2021-10-21 12:29:22,705] {processor.py:171} INFO - Processing /opt/anaconda3/envs/af2/lib/python3.8/site-packages/airflow/example_dags/example_complex.py took 0.046 seconds
[2021-10-21 12:30:40,687] {processor.py:163} INFO - Started process (PID=25194) to work on /opt/anaconda3/envs/af2/lib/python3.8/site-packages/airflow/example_dags/example_complex.py
[2021-10-21 12:30:40,688] {processor.py:620} INFO - Processing file /opt/anaconda3/envs/af2/lib/python3.8/site-packages/airflow/example_dags/example_complex.py for tasks to queue
[2021-10-21 12:30:40,688] {logging_mixin.py:109} INFO - [2021-10-21 12:30:40,688] {dagbag.py:500} INFO - Filling up the DagBag from /opt/anaconda3/envs/af2/lib/python3.8/site-packages/airflow/example_dags/example_complex.py
[2021-10-21 12:30:40,719] {processor.py:632} INFO - DAG(s) dict_keys(['example_complex']) retrieved from /opt/anaconda3/envs/af2/lib/python3.8/site-packages/airflow/example_dags/example_complex.py
[2021-10-21 12:30:40,732] {logging_mixin.py:109} INFO - [2021-10-21 12:30:40,732] {dag.py:2389} INFO - Sync 1 DAGs
[2021-10-21 12:30:40,735] {logging_mixin.py:109} INFO - [2021-10-21 12:30:40,735] {dag.py:2914} INFO - Setting next_dagrun for example_complex to None
[2021-10-21 12:30:40,739] {processor.py:171} INFO - Processing /opt/anaconda3/envs/af2/lib/python3.8/site-packages/airflow/example_dags/example_complex.py took 0.053 seconds
[2021-10-21 12:32:01,940] {processor.py:163} INFO - Started process (PID=25307) to work on /opt/anaconda3/envs/af2/lib/python3.8/site-packages/airflow/example_dags/example_complex.py
[2021-10-21 12:32:01,940] {processor.py:620} INFO - Processing file /opt/anaconda3/envs/af2/lib/python3.8/site-packages/airflow/example_dags/example_complex.py for tasks to queue
[2021-10-21 12:32:01,941] {logging_mixin.py:109} INFO - [2021-10-21 12:32:01,941] {dagbag.py:500} INFO - Filling up the DagBag from /opt/anaconda3/envs/af2/lib/python3.8/site-packages/airflow/example_dags/example_complex.py
[2021-10-21 12:32:01,968] {processor.py:632} INFO - DAG(s) dict_keys(['example_complex']) retrieved from /opt/anaconda3/envs/af2/lib/python3.8/site-packages/airflow/example_dags/example_complex.py
[2021-10-21 12:32:01,980] {logging_mixin.py:109} INFO - [2021-10-21 12:32:01,980] {dag.py:2389} INFO - Sync 1 DAGs
[2021-10-21 12:32:01,983] {logging_mixin.py:109} INFO - [2021-10-21 12:32:01,983] {dag.py:2914} INFO - Setting next_dagrun for example_complex to None
[2021-10-21 12:32:01,987] {processor.py:171} INFO - Processing /opt/anaconda3/envs/af2/lib/python3.8/site-packages/airflow/example_dags/example_complex.py took 0.048 seconds
[2021-10-21 12:33:24,921] {processor.py:163} INFO - Started process (PID=25435) to work on /opt/anaconda3/envs/af2/lib/python3.8/site-packages/airflow/example_dags/example_complex.py
[2021-10-21 12:33:24,921] {processor.py:620} INFO - Processing file /opt/anaconda3/envs/af2/lib/python3.8/site-packages/airflow/example_dags/example_complex.py for tasks to queue
[2021-10-21 12:33:24,921] {logging_mixin.py:109} INFO - [2021-10-21 12:33:24,921] {dagbag.py:500} INFO - Filling up the DagBag from /opt/anaconda3/envs/af2/lib/python3.8/site-packages/airflow/example_dags/example_complex.py
[2021-10-21 12:33:24,949] {processor.py:632} INFO - DAG(s) dict_keys(['example_complex']) retrieved from /opt/anaconda3/envs/af2/lib/python3.8/site-packages/airflow/example_dags/example_complex.py
[2021-10-21 12:33:24,960] {logging_mixin.py:109} INFO - [2021-10-21 12:33:24,960] {dag.py:2389} INFO - Sync 1 DAGs
[2021-10-21 12:33:24,964] {logging_mixin.py:109} INFO - [2021-10-21 12:33:24,964] {dag.py:2914} INFO - Setting next_dagrun for example_complex to None
[2021-10-21 12:33:24,967] {processor.py:171} INFO - Processing /opt/anaconda3/envs/af2/lib/python3.8/site-packages/airflow/example_dags/example_complex.py took 0.047 seconds
[2021-10-21 12:34:48,283] {processor.py:163} INFO - Started process (PID=25560) to work on /opt/anaconda3/envs/af2/lib/python3.8/site-packages/airflow/example_dags/example_complex.py
[2021-10-21 12:34:48,285] {processor.py:620} INFO - Processing file /opt/anaconda3/envs/af2/lib/python3.8/site-packages/airflow/example_dags/example_complex.py for tasks to queue
[2021-10-21 12:34:48,285] {logging_mixin.py:109} INFO - [2021-10-21 12:34:48,285] {dagbag.py:500} INFO - Filling up the DagBag from /opt/anaconda3/envs/af2/lib/python3.8/site-packages/airflow/example_dags/example_complex.py
[2021-10-21 12:34:48,312] {processor.py:632} INFO - DAG(s) dict_keys(['example_complex']) retrieved from /opt/anaconda3/envs/af2/lib/python3.8/site-packages/airflow/example_dags/example_complex.py
[2021-10-21 12:34:48,324] {logging_mixin.py:109} INFO - [2021-10-21 12:34:48,324] {dag.py:2389} INFO - Sync 1 DAGs
[2021-10-21 12:34:48,327] {logging_mixin.py:109} INFO - [2021-10-21 12:34:48,327] {dag.py:2914} INFO - Setting next_dagrun for example_complex to None
[2021-10-21 12:34:48,331] {processor.py:171} INFO - Processing /opt/anaconda3/envs/af2/lib/python3.8/site-packages/airflow/example_dags/example_complex.py took 0.048 seconds
[2021-10-21 12:36:18,498] {processor.py:163} INFO - Started process (PID=25652) to work on /opt/anaconda3/envs/af2/lib/python3.8/site-packages/airflow/example_dags/example_complex.py
[2021-10-21 12:36:18,498] {processor.py:620} INFO - Processing file /opt/anaconda3/envs/af2/lib/python3.8/site-packages/airflow/example_dags/example_complex.py for tasks to queue
[2021-10-21 12:36:18,499] {logging_mixin.py:109} INFO - [2021-10-21 12:36:18,499] {dagbag.py:500} INFO - Filling up the DagBag from /opt/anaconda3/envs/af2/lib/python3.8/site-packages/airflow/example_dags/example_complex.py
[2021-10-21 12:36:18,528] {processor.py:632} INFO - DAG(s) dict_keys(['example_complex']) retrieved from /opt/anaconda3/envs/af2/lib/python3.8/site-packages/airflow/example_dags/example_complex.py
[2021-10-21 12:36:18,540] {logging_mixin.py:109} INFO - [2021-10-21 12:36:18,540] {dag.py:2389} INFO - Sync 1 DAGs
[2021-10-21 12:36:18,544] {logging_mixin.py:109} INFO - [2021-10-21 12:36:18,544] {dag.py:2914} INFO - Setting next_dagrun for example_complex to None
[2021-10-21 12:36:18,547] {processor.py:171} INFO - Processing /opt/anaconda3/envs/af2/lib/python3.8/site-packages/airflow/example_dags/example_complex.py took 0.051 seconds
[2021-10-21 12:37:42,690] {processor.py:163} INFO - Started process (PID=25755) to work on /opt/anaconda3/envs/af2/lib/python3.8/site-packages/airflow/example_dags/example_complex.py
[2021-10-21 12:37:42,691] {processor.py:620} INFO - Processing file /opt/anaconda3/envs/af2/lib/python3.8/site-packages/airflow/example_dags/example_complex.py for tasks to queue
[2021-10-21 12:37:42,691] {logging_mixin.py:109} INFO - [2021-10-21 12:37:42,691] {dagbag.py:500} INFO - Filling up the DagBag from /opt/anaconda3/envs/af2/lib/python3.8/site-packages/airflow/example_dags/example_complex.py
[2021-10-21 12:37:42,718] {processor.py:632} INFO - DAG(s) dict_keys(['example_complex']) retrieved from /opt/anaconda3/envs/af2/lib/python3.8/site-packages/airflow/example_dags/example_complex.py
[2021-10-21 12:37:42,730] {logging_mixin.py:109} INFO - [2021-10-21 12:37:42,730] {dag.py:2389} INFO - Sync 1 DAGs
[2021-10-21 12:37:42,734] {logging_mixin.py:109} INFO - [2021-10-21 12:37:42,734] {dag.py:2914} INFO - Setting next_dagrun for example_complex to None
[2021-10-21 12:37:42,737] {processor.py:171} INFO - Processing /opt/anaconda3/envs/af2/lib/python3.8/site-packages/airflow/example_dags/example_complex.py took 0.049 seconds
[2021-10-21 12:39:36,168] {processor.py:163} INFO - Started process (PID=25910) to work on /opt/anaconda3/envs/af2/lib/python3.8/site-packages/airflow/example_dags/example_complex.py
[2021-10-21 12:39:36,168] {processor.py:620} INFO - Processing file /opt/anaconda3/envs/af2/lib/python3.8/site-packages/airflow/example_dags/example_complex.py for tasks to queue
[2021-10-21 12:39:36,168] {logging_mixin.py:109} INFO - [2021-10-21 12:39:36,168] {dagbag.py:500} INFO - Filling up the DagBag from /opt/anaconda3/envs/af2/lib/python3.8/site-packages/airflow/example_dags/example_complex.py
[2021-10-21 12:39:36,195] {processor.py:632} INFO - DAG(s) dict_keys(['example_complex']) retrieved from /opt/anaconda3/envs/af2/lib/python3.8/site-packages/airflow/example_dags/example_complex.py
[2021-10-21 12:39:36,206] {logging_mixin.py:109} INFO - [2021-10-21 12:39:36,206] {dag.py:2389} INFO - Sync 1 DAGs
[2021-10-21 12:39:36,209] {logging_mixin.py:109} INFO - [2021-10-21 12:39:36,209] {dag.py:2914} INFO - Setting next_dagrun for example_complex to None
[2021-10-21 12:39:36,213] {processor.py:171} INFO - Processing /opt/anaconda3/envs/af2/lib/python3.8/site-packages/airflow/example_dags/example_complex.py took 0.046 seconds
[2021-10-21 12:41:13,696] {processor.py:163} INFO - Started process (PID=26026) to work on /opt/anaconda3/envs/af2/lib/python3.8/site-packages/airflow/example_dags/example_complex.py
[2021-10-21 12:41:13,697] {processor.py:620} INFO - Processing file /opt/anaconda3/envs/af2/lib/python3.8/site-packages/airflow/example_dags/example_complex.py for tasks to queue
[2021-10-21 12:41:13,697] {logging_mixin.py:109} INFO - [2021-10-21 12:41:13,697] {dagbag.py:500} INFO - Filling up the DagBag from /opt/anaconda3/envs/af2/lib/python3.8/site-packages/airflow/example_dags/example_complex.py
[2021-10-21 12:41:13,723] {processor.py:632} INFO - DAG(s) dict_keys(['example_complex']) retrieved from /opt/anaconda3/envs/af2/lib/python3.8/site-packages/airflow/example_dags/example_complex.py
[2021-10-21 12:41:13,735] {logging_mixin.py:109} INFO - [2021-10-21 12:41:13,735] {dag.py:2389} INFO - Sync 1 DAGs
[2021-10-21 12:41:13,739] {logging_mixin.py:109} INFO - [2021-10-21 12:41:13,739] {dag.py:2914} INFO - Setting next_dagrun for example_complex to None
[2021-10-21 12:41:13,742] {processor.py:171} INFO - Processing /opt/anaconda3/envs/af2/lib/python3.8/site-packages/airflow/example_dags/example_complex.py took 0.048 seconds
[2021-10-21 12:42:41,910] {processor.py:163} INFO - Started process (PID=26127) to work on /opt/anaconda3/envs/af2/lib/python3.8/site-packages/airflow/example_dags/example_complex.py
[2021-10-21 12:42:41,911] {processor.py:620} INFO - Processing file /opt/anaconda3/envs/af2/lib/python3.8/site-packages/airflow/example_dags/example_complex.py for tasks to queue
[2021-10-21 12:42:41,912] {logging_mixin.py:109} INFO - [2021-10-21 12:42:41,912] {dagbag.py:500} INFO - Filling up the DagBag from /opt/anaconda3/envs/af2/lib/python3.8/site-packages/airflow/example_dags/example_complex.py
[2021-10-21 12:42:41,938] {processor.py:632} INFO - DAG(s) dict_keys(['example_complex']) retrieved from /opt/anaconda3/envs/af2/lib/python3.8/site-packages/airflow/example_dags/example_complex.py
[2021-10-21 12:42:41,950] {logging_mixin.py:109} INFO - [2021-10-21 12:42:41,950] {dag.py:2389} INFO - Sync 1 DAGs
[2021-10-21 12:42:41,954] {logging_mixin.py:109} INFO - [2021-10-21 12:42:41,954] {dag.py:2914} INFO - Setting next_dagrun for example_complex to None
[2021-10-21 12:42:41,957] {processor.py:171} INFO - Processing /opt/anaconda3/envs/af2/lib/python3.8/site-packages/airflow/example_dags/example_complex.py took 0.048 seconds
[2021-10-21 12:45:28,834] {processor.py:163} INFO - Started process (PID=26341) to work on /opt/anaconda3/envs/af2/lib/python3.8/site-packages/airflow/example_dags/example_complex.py
[2021-10-21 12:45:28,835] {processor.py:620} INFO - Processing file /opt/anaconda3/envs/af2/lib/python3.8/site-packages/airflow/example_dags/example_complex.py for tasks to queue
[2021-10-21 12:45:28,835] {logging_mixin.py:109} INFO - [2021-10-21 12:45:28,835] {dagbag.py:500} INFO - Filling up the DagBag from /opt/anaconda3/envs/af2/lib/python3.8/site-packages/airflow/example_dags/example_complex.py
[2021-10-21 12:45:28,861] {processor.py:632} INFO - DAG(s) dict_keys(['example_complex']) retrieved from /opt/anaconda3/envs/af2/lib/python3.8/site-packages/airflow/example_dags/example_complex.py
[2021-10-21 12:45:28,872] {logging_mixin.py:109} INFO - [2021-10-21 12:45:28,872] {dag.py:2389} INFO - Sync 1 DAGs
[2021-10-21 12:45:28,876] {logging_mixin.py:109} INFO - [2021-10-21 12:45:28,876] {dag.py:2914} INFO - Setting next_dagrun for example_complex to None
[2021-10-21 12:45:28,879] {processor.py:171} INFO - Processing /opt/anaconda3/envs/af2/lib/python3.8/site-packages/airflow/example_dags/example_complex.py took 0.047 seconds
[2021-10-21 12:46:57,362] {processor.py:163} INFO - Started process (PID=26527) to work on /opt/anaconda3/envs/af2/lib/python3.8/site-packages/airflow/example_dags/example_complex.py
[2021-10-21 12:46:57,363] {processor.py:620} INFO - Processing file /opt/anaconda3/envs/af2/lib/python3.8/site-packages/airflow/example_dags/example_complex.py for tasks to queue
[2021-10-21 12:46:57,363] {logging_mixin.py:109} INFO - [2021-10-21 12:46:57,363] {dagbag.py:500} INFO - Filling up the DagBag from /opt/anaconda3/envs/af2/lib/python3.8/site-packages/airflow/example_dags/example_complex.py
[2021-10-21 12:46:57,389] {processor.py:632} INFO - DAG(s) dict_keys(['example_complex']) retrieved from /opt/anaconda3/envs/af2/lib/python3.8/site-packages/airflow/example_dags/example_complex.py
[2021-10-21 12:46:57,400] {logging_mixin.py:109} INFO - [2021-10-21 12:46:57,400] {dag.py:2389} INFO - Sync 1 DAGs
[2021-10-21 12:46:57,404] {logging_mixin.py:109} INFO - [2021-10-21 12:46:57,404] {dag.py:2914} INFO - Setting next_dagrun for example_complex to None
[2021-10-21 12:46:57,407] {processor.py:171} INFO - Processing /opt/anaconda3/envs/af2/lib/python3.8/site-packages/airflow/example_dags/example_complex.py took 0.046 seconds
[2021-10-21 12:48:20,632] {processor.py:163} INFO - Started process (PID=26698) to work on /opt/anaconda3/envs/af2/lib/python3.8/site-packages/airflow/example_dags/example_complex.py
[2021-10-21 12:48:20,633] {processor.py:620} INFO - Processing file /opt/anaconda3/envs/af2/lib/python3.8/site-packages/airflow/example_dags/example_complex.py for tasks to queue
[2021-10-21 12:48:20,633] {logging_mixin.py:109} INFO - [2021-10-21 12:48:20,633] {dagbag.py:500} INFO - Filling up the DagBag from /opt/anaconda3/envs/af2/lib/python3.8/site-packages/airflow/example_dags/example_complex.py
[2021-10-21 12:48:20,660] {processor.py:632} INFO - DAG(s) dict_keys(['example_complex']) retrieved from /opt/anaconda3/envs/af2/lib/python3.8/site-packages/airflow/example_dags/example_complex.py
[2021-10-21 12:48:20,671] {logging_mixin.py:109} INFO - [2021-10-21 12:48:20,671] {dag.py:2389} INFO - Sync 1 DAGs
[2021-10-21 12:48:20,674] {logging_mixin.py:109} INFO - [2021-10-21 12:48:20,674] {dag.py:2914} INFO - Setting next_dagrun for example_complex to None
[2021-10-21 12:48:20,677] {processor.py:171} INFO - Processing /opt/anaconda3/envs/af2/lib/python3.8/site-packages/airflow/example_dags/example_complex.py took 0.047 seconds
[2021-10-21 12:50:43,636] {processor.py:163} INFO - Started process (PID=26931) to work on /opt/anaconda3/envs/af2/lib/python3.8/site-packages/airflow/example_dags/example_complex.py
[2021-10-21 12:50:43,636] {processor.py:620} INFO - Processing file /opt/anaconda3/envs/af2/lib/python3.8/site-packages/airflow/example_dags/example_complex.py for tasks to queue
[2021-10-21 12:50:43,636] {logging_mixin.py:109} INFO - [2021-10-21 12:50:43,636] {dagbag.py:500} INFO - Filling up the DagBag from /opt/anaconda3/envs/af2/lib/python3.8/site-packages/airflow/example_dags/example_complex.py
[2021-10-21 12:50:43,664] {processor.py:632} INFO - DAG(s) dict_keys(['example_complex']) retrieved from /opt/anaconda3/envs/af2/lib/python3.8/site-packages/airflow/example_dags/example_complex.py
[2021-10-21 12:50:43,675] {logging_mixin.py:109} INFO - [2021-10-21 12:50:43,675] {dag.py:2389} INFO - Sync 1 DAGs
[2021-10-21 12:50:43,679] {logging_mixin.py:109} INFO - [2021-10-21 12:50:43,679] {dag.py:2914} INFO - Setting next_dagrun for example_complex to None
[2021-10-21 12:50:43,682] {processor.py:171} INFO - Processing /opt/anaconda3/envs/af2/lib/python3.8/site-packages/airflow/example_dags/example_complex.py took 0.047 seconds
[2021-10-21 12:53:00,266] {processor.py:163} INFO - Started process (PID=27112) to work on /opt/anaconda3/envs/af2/lib/python3.8/site-packages/airflow/example_dags/example_complex.py
[2021-10-21 12:53:00,266] {processor.py:620} INFO - Processing file /opt/anaconda3/envs/af2/lib/python3.8/site-packages/airflow/example_dags/example_complex.py for tasks to queue
[2021-10-21 12:53:00,266] {logging_mixin.py:109} INFO - [2021-10-21 12:53:00,266] {dagbag.py:500} INFO - Filling up the DagBag from /opt/anaconda3/envs/af2/lib/python3.8/site-packages/airflow/example_dags/example_complex.py
[2021-10-21 12:53:00,295] {processor.py:632} INFO - DAG(s) dict_keys(['example_complex']) retrieved from /opt/anaconda3/envs/af2/lib/python3.8/site-packages/airflow/example_dags/example_complex.py
[2021-10-21 12:53:00,311] {logging_mixin.py:109} INFO - [2021-10-21 12:53:00,311] {dag.py:2389} INFO - Sync 1 DAGs
[2021-10-21 12:53:00,315] {logging_mixin.py:109} INFO - [2021-10-21 12:53:00,315] {dag.py:2914} INFO - Setting next_dagrun for example_complex to None
[2021-10-21 12:53:00,319] {processor.py:171} INFO - Processing /opt/anaconda3/envs/af2/lib/python3.8/site-packages/airflow/example_dags/example_complex.py took 0.054 seconds
[2021-10-21 12:54:25,766] {processor.py:163} INFO - Started process (PID=27228) to work on /opt/anaconda3/envs/af2/lib/python3.8/site-packages/airflow/example_dags/example_complex.py
[2021-10-21 12:54:25,767] {processor.py:620} INFO - Processing file /opt/anaconda3/envs/af2/lib/python3.8/site-packages/airflow/example_dags/example_complex.py for tasks to queue
[2021-10-21 12:54:25,767] {logging_mixin.py:109} INFO - [2021-10-21 12:54:25,767] {dagbag.py:500} INFO - Filling up the DagBag from /opt/anaconda3/envs/af2/lib/python3.8/site-packages/airflow/example_dags/example_complex.py
[2021-10-21 12:54:25,801] {processor.py:632} INFO - DAG(s) dict_keys(['example_complex']) retrieved from /opt/anaconda3/envs/af2/lib/python3.8/site-packages/airflow/example_dags/example_complex.py
[2021-10-21 12:54:25,815] {logging_mixin.py:109} INFO - [2021-10-21 12:54:25,815] {dag.py:2389} INFO - Sync 1 DAGs
[2021-10-21 12:54:25,819] {logging_mixin.py:109} INFO - [2021-10-21 12:54:25,819] {dag.py:2914} INFO - Setting next_dagrun for example_complex to None
[2021-10-21 12:54:25,823] {processor.py:171} INFO - Processing /opt/anaconda3/envs/af2/lib/python3.8/site-packages/airflow/example_dags/example_complex.py took 0.058 seconds
[2021-10-21 12:55:54,658] {processor.py:163} INFO - Started process (PID=27326) to work on /opt/anaconda3/envs/af2/lib/python3.8/site-packages/airflow/example_dags/example_complex.py
[2021-10-21 12:55:54,659] {processor.py:620} INFO - Processing file /opt/anaconda3/envs/af2/lib/python3.8/site-packages/airflow/example_dags/example_complex.py for tasks to queue
[2021-10-21 12:55:54,659] {logging_mixin.py:109} INFO - [2021-10-21 12:55:54,659] {dagbag.py:500} INFO - Filling up the DagBag from /opt/anaconda3/envs/af2/lib/python3.8/site-packages/airflow/example_dags/example_complex.py
[2021-10-21 12:55:54,687] {processor.py:632} INFO - DAG(s) dict_keys(['example_complex']) retrieved from /opt/anaconda3/envs/af2/lib/python3.8/site-packages/airflow/example_dags/example_complex.py
[2021-10-21 12:55:54,699] {logging_mixin.py:109} INFO - [2021-10-21 12:55:54,699] {dag.py:2389} INFO - Sync 1 DAGs
[2021-10-21 12:55:54,703] {logging_mixin.py:109} INFO - [2021-10-21 12:55:54,703] {dag.py:2914} INFO - Setting next_dagrun for example_complex to None
[2021-10-21 12:55:54,706] {processor.py:171} INFO - Processing /opt/anaconda3/envs/af2/lib/python3.8/site-packages/airflow/example_dags/example_complex.py took 0.049 seconds
[2021-10-21 12:57:22,900] {processor.py:163} INFO - Started process (PID=27441) to work on /opt/anaconda3/envs/af2/lib/python3.8/site-packages/airflow/example_dags/example_complex.py
[2021-10-21 12:57:22,901] {processor.py:620} INFO - Processing file /opt/anaconda3/envs/af2/lib/python3.8/site-packages/airflow/example_dags/example_complex.py for tasks to queue
[2021-10-21 12:57:22,901] {logging_mixin.py:109} INFO - [2021-10-21 12:57:22,901] {dagbag.py:500} INFO - Filling up the DagBag from /opt/anaconda3/envs/af2/lib/python3.8/site-packages/airflow/example_dags/example_complex.py
[2021-10-21 12:57:22,931] {processor.py:632} INFO - DAG(s) dict_keys(['example_complex']) retrieved from /opt/anaconda3/envs/af2/lib/python3.8/site-packages/airflow/example_dags/example_complex.py
[2021-10-21 12:57:22,943] {logging_mixin.py:109} INFO - [2021-10-21 12:57:22,943] {dag.py:2389} INFO - Sync 1 DAGs
[2021-10-21 12:57:22,946] {logging_mixin.py:109} INFO - [2021-10-21 12:57:22,946] {dag.py:2914} INFO - Setting next_dagrun for example_complex to None
[2021-10-21 12:57:22,950] {processor.py:171} INFO - Processing /opt/anaconda3/envs/af2/lib/python3.8/site-packages/airflow/example_dags/example_complex.py took 0.051 seconds
[2021-10-21 12:58:54,300] {processor.py:163} INFO - Started process (PID=27552) to work on /opt/anaconda3/envs/af2/lib/python3.8/site-packages/airflow/example_dags/example_complex.py
[2021-10-21 12:58:54,301] {processor.py:620} INFO - Processing file /opt/anaconda3/envs/af2/lib/python3.8/site-packages/airflow/example_dags/example_complex.py for tasks to queue
[2021-10-21 12:58:54,301] {logging_mixin.py:109} INFO - [2021-10-21 12:58:54,301] {dagbag.py:500} INFO - Filling up the DagBag from /opt/anaconda3/envs/af2/lib/python3.8/site-packages/airflow/example_dags/example_complex.py
[2021-10-21 12:58:54,329] {processor.py:632} INFO - DAG(s) dict_keys(['example_complex']) retrieved from /opt/anaconda3/envs/af2/lib/python3.8/site-packages/airflow/example_dags/example_complex.py
[2021-10-21 12:58:54,340] {logging_mixin.py:109} INFO - [2021-10-21 12:58:54,340] {dag.py:2389} INFO - Sync 1 DAGs
[2021-10-21 12:58:54,344] {logging_mixin.py:109} INFO - [2021-10-21 12:58:54,344] {dag.py:2914} INFO - Setting next_dagrun for example_complex to None
[2021-10-21 12:58:54,348] {processor.py:171} INFO - Processing /opt/anaconda3/envs/af2/lib/python3.8/site-packages/airflow/example_dags/example_complex.py took 0.048 seconds
[2021-10-21 13:00:27,095] {processor.py:163} INFO - Started process (PID=27649) to work on /opt/anaconda3/envs/af2/lib/python3.8/site-packages/airflow/example_dags/example_complex.py
[2021-10-21 13:00:27,096] {processor.py:620} INFO - Processing file /opt/anaconda3/envs/af2/lib/python3.8/site-packages/airflow/example_dags/example_complex.py for tasks to queue
[2021-10-21 13:00:27,097] {logging_mixin.py:109} INFO - [2021-10-21 13:00:27,097] {dagbag.py:500} INFO - Filling up the DagBag from /opt/anaconda3/envs/af2/lib/python3.8/site-packages/airflow/example_dags/example_complex.py
[2021-10-21 13:00:27,123] {processor.py:632} INFO - DAG(s) dict_keys(['example_complex']) retrieved from /opt/anaconda3/envs/af2/lib/python3.8/site-packages/airflow/example_dags/example_complex.py
[2021-10-21 13:00:27,135] {logging_mixin.py:109} INFO - [2021-10-21 13:00:27,135] {dag.py:2389} INFO - Sync 1 DAGs
[2021-10-21 13:00:27,139] {logging_mixin.py:109} INFO - [2021-10-21 13:00:27,139] {dag.py:2914} INFO - Setting next_dagrun for example_complex to None
[2021-10-21 13:00:27,142] {processor.py:171} INFO - Processing /opt/anaconda3/envs/af2/lib/python3.8/site-packages/airflow/example_dags/example_complex.py took 0.048 seconds
[2021-10-21 13:01:58,603] {processor.py:163} INFO - Started process (PID=27747) to work on /opt/anaconda3/envs/af2/lib/python3.8/site-packages/airflow/example_dags/example_complex.py
[2021-10-21 13:01:58,604] {processor.py:620} INFO - Processing file /opt/anaconda3/envs/af2/lib/python3.8/site-packages/airflow/example_dags/example_complex.py for tasks to queue
[2021-10-21 13:01:58,604] {logging_mixin.py:109} INFO - [2021-10-21 13:01:58,604] {dagbag.py:500} INFO - Filling up the DagBag from /opt/anaconda3/envs/af2/lib/python3.8/site-packages/airflow/example_dags/example_complex.py
[2021-10-21 13:01:58,632] {processor.py:632} INFO - DAG(s) dict_keys(['example_complex']) retrieved from /opt/anaconda3/envs/af2/lib/python3.8/site-packages/airflow/example_dags/example_complex.py
[2021-10-21 13:01:58,644] {logging_mixin.py:109} INFO - [2021-10-21 13:01:58,644] {dag.py:2389} INFO - Sync 1 DAGs
[2021-10-21 13:01:58,647] {logging_mixin.py:109} INFO - [2021-10-21 13:01:58,647] {dag.py:2914} INFO - Setting next_dagrun for example_complex to None
[2021-10-21 13:01:58,651] {processor.py:171} INFO - Processing /opt/anaconda3/envs/af2/lib/python3.8/site-packages/airflow/example_dags/example_complex.py took 0.049 seconds
[2021-10-21 13:03:26,882] {processor.py:163} INFO - Started process (PID=27880) to work on /opt/anaconda3/envs/af2/lib/python3.8/site-packages/airflow/example_dags/example_complex.py
[2021-10-21 13:03:26,883] {processor.py:620} INFO - Processing file /opt/anaconda3/envs/af2/lib/python3.8/site-packages/airflow/example_dags/example_complex.py for tasks to queue
[2021-10-21 13:03:26,883] {logging_mixin.py:109} INFO - [2021-10-21 13:03:26,883] {dagbag.py:500} INFO - Filling up the DagBag from /opt/anaconda3/envs/af2/lib/python3.8/site-packages/airflow/example_dags/example_complex.py
[2021-10-21 13:03:26,910] {processor.py:632} INFO - DAG(s) dict_keys(['example_complex']) retrieved from /opt/anaconda3/envs/af2/lib/python3.8/site-packages/airflow/example_dags/example_complex.py
[2021-10-21 13:03:26,921] {logging_mixin.py:109} INFO - [2021-10-21 13:03:26,921] {dag.py:2389} INFO - Sync 1 DAGs
[2021-10-21 13:03:26,925] {logging_mixin.py:109} INFO - [2021-10-21 13:03:26,925] {dag.py:2914} INFO - Setting next_dagrun for example_complex to None
[2021-10-21 13:03:26,928] {processor.py:171} INFO - Processing /opt/anaconda3/envs/af2/lib/python3.8/site-packages/airflow/example_dags/example_complex.py took 0.047 seconds
[2021-10-21 13:04:57,475] {processor.py:163} INFO - Started process (PID=27984) to work on /opt/anaconda3/envs/af2/lib/python3.8/site-packages/airflow/example_dags/example_complex.py
[2021-10-21 13:04:57,477] {processor.py:620} INFO - Processing file /opt/anaconda3/envs/af2/lib/python3.8/site-packages/airflow/example_dags/example_complex.py for tasks to queue
[2021-10-21 13:04:57,477] {logging_mixin.py:109} INFO - [2021-10-21 13:04:57,477] {dagbag.py:500} INFO - Filling up the DagBag from /opt/anaconda3/envs/af2/lib/python3.8/site-packages/airflow/example_dags/example_complex.py
[2021-10-21 13:04:57,504] {processor.py:632} INFO - DAG(s) dict_keys(['example_complex']) retrieved from /opt/anaconda3/envs/af2/lib/python3.8/site-packages/airflow/example_dags/example_complex.py
[2021-10-21 13:04:57,516] {logging_mixin.py:109} INFO - [2021-10-21 13:04:57,516] {dag.py:2389} INFO - Sync 1 DAGs
[2021-10-21 13:04:57,519] {logging_mixin.py:109} INFO - [2021-10-21 13:04:57,519] {dag.py:2914} INFO - Setting next_dagrun for example_complex to None
[2021-10-21 13:04:57,523] {processor.py:171} INFO - Processing /opt/anaconda3/envs/af2/lib/python3.8/site-packages/airflow/example_dags/example_complex.py took 0.049 seconds
[2021-10-21 13:06:29,299] {processor.py:163} INFO - Started process (PID=28147) to work on /opt/anaconda3/envs/af2/lib/python3.8/site-packages/airflow/example_dags/example_complex.py
[2021-10-21 13:06:29,300] {processor.py:620} INFO - Processing file /opt/anaconda3/envs/af2/lib/python3.8/site-packages/airflow/example_dags/example_complex.py for tasks to queue
[2021-10-21 13:06:29,300] {logging_mixin.py:109} INFO - [2021-10-21 13:06:29,300] {dagbag.py:500} INFO - Filling up the DagBag from /opt/anaconda3/envs/af2/lib/python3.8/site-packages/airflow/example_dags/example_complex.py
[2021-10-21 13:06:29,328] {processor.py:632} INFO - DAG(s) dict_keys(['example_complex']) retrieved from /opt/anaconda3/envs/af2/lib/python3.8/site-packages/airflow/example_dags/example_complex.py
[2021-10-21 13:06:29,341] {logging_mixin.py:109} INFO - [2021-10-21 13:06:29,340] {dag.py:2389} INFO - Sync 1 DAGs
[2021-10-21 13:06:29,344] {logging_mixin.py:109} INFO - [2021-10-21 13:06:29,344] {dag.py:2914} INFO - Setting next_dagrun for example_complex to None
[2021-10-21 13:06:29,348] {processor.py:171} INFO - Processing /opt/anaconda3/envs/af2/lib/python3.8/site-packages/airflow/example_dags/example_complex.py took 0.050 seconds
[2021-10-21 13:07:58,191] {processor.py:163} INFO - Started process (PID=28267) to work on /opt/anaconda3/envs/af2/lib/python3.8/site-packages/airflow/example_dags/example_complex.py
[2021-10-21 13:07:58,191] {processor.py:620} INFO - Processing file /opt/anaconda3/envs/af2/lib/python3.8/site-packages/airflow/example_dags/example_complex.py for tasks to queue
[2021-10-21 13:07:58,192] {logging_mixin.py:109} INFO - [2021-10-21 13:07:58,192] {dagbag.py:500} INFO - Filling up the DagBag from /opt/anaconda3/envs/af2/lib/python3.8/site-packages/airflow/example_dags/example_complex.py
[2021-10-21 13:07:58,221] {processor.py:632} INFO - DAG(s) dict_keys(['example_complex']) retrieved from /opt/anaconda3/envs/af2/lib/python3.8/site-packages/airflow/example_dags/example_complex.py
[2021-10-21 13:07:58,233] {logging_mixin.py:109} INFO - [2021-10-21 13:07:58,233] {dag.py:2389} INFO - Sync 1 DAGs
[2021-10-21 13:07:58,237] {logging_mixin.py:109} INFO - [2021-10-21 13:07:58,237] {dag.py:2914} INFO - Setting next_dagrun for example_complex to None
[2021-10-21 13:07:58,240] {processor.py:171} INFO - Processing /opt/anaconda3/envs/af2/lib/python3.8/site-packages/airflow/example_dags/example_complex.py took 0.050 seconds
