[2021-10-21 12:01:47,840] {processor.py:163} INFO - Started process (PID=22317) to work on /opt/anaconda3/envs/af2/lib/python3.8/site-packages/airflow/example_dags/tutorial.py
[2021-10-21 12:01:47,840] {processor.py:620} INFO - Processing file /opt/anaconda3/envs/af2/lib/python3.8/site-packages/airflow/example_dags/tutorial.py for tasks to queue
[2021-10-21 12:01:47,841] {logging_mixin.py:109} INFO - [2021-10-21 12:01:47,841] {dagbag.py:500} INFO - Filling up the DagBag from /opt/anaconda3/envs/af2/lib/python3.8/site-packages/airflow/example_dags/tutorial.py
[2021-10-21 12:01:47,858] {processor.py:632} INFO - DAG(s) dict_keys(['tutorial']) retrieved from /opt/anaconda3/envs/af2/lib/python3.8/site-packages/airflow/example_dags/tutorial.py
[2021-10-21 12:01:47,869] {logging_mixin.py:109} INFO - [2021-10-21 12:01:47,869] {dag.py:2389} INFO - Sync 1 DAGs
[2021-10-21 12:01:47,873] {logging_mixin.py:109} INFO - [2021-10-21 12:01:47,873] {dag.py:2914} INFO - Setting next_dagrun for tutorial to 2021-10-20T10:01:47.873348+00:00
[2021-10-21 12:01:47,877] {processor.py:171} INFO - Processing /opt/anaconda3/envs/af2/lib/python3.8/site-packages/airflow/example_dags/tutorial.py took 0.037 seconds
[2021-10-21 12:02:54,137] {processor.py:163} INFO - Started process (PID=22448) to work on /opt/anaconda3/envs/af2/lib/python3.8/site-packages/airflow/example_dags/tutorial.py
[2021-10-21 12:02:54,138] {processor.py:620} INFO - Processing file /opt/anaconda3/envs/af2/lib/python3.8/site-packages/airflow/example_dags/tutorial.py for tasks to queue
[2021-10-21 12:02:54,138] {logging_mixin.py:109} INFO - [2021-10-21 12:02:54,138] {dagbag.py:500} INFO - Filling up the DagBag from /opt/anaconda3/envs/af2/lib/python3.8/site-packages/airflow/example_dags/tutorial.py
[2021-10-21 12:02:54,154] {processor.py:632} INFO - DAG(s) dict_keys(['tutorial']) retrieved from /opt/anaconda3/envs/af2/lib/python3.8/site-packages/airflow/example_dags/tutorial.py
[2021-10-21 12:02:54,163] {logging_mixin.py:109} INFO - [2021-10-21 12:02:54,162] {dag.py:2389} INFO - Sync 1 DAGs
[2021-10-21 12:02:54,166] {logging_mixin.py:109} INFO - [2021-10-21 12:02:54,166] {dag.py:2914} INFO - Setting next_dagrun for tutorial to 2021-10-20T10:02:54.166509+00:00
[2021-10-21 12:02:54,169] {processor.py:171} INFO - Processing /opt/anaconda3/envs/af2/lib/python3.8/site-packages/airflow/example_dags/tutorial.py took 0.033 seconds
[2021-10-21 12:03:20,523] {processor.py:163} INFO - Started process (PID=22522) to work on /opt/anaconda3/envs/af2/lib/python3.8/site-packages/airflow/example_dags/tutorial.py
[2021-10-21 12:03:20,523] {processor.py:620} INFO - Processing file /opt/anaconda3/envs/af2/lib/python3.8/site-packages/airflow/example_dags/tutorial.py for tasks to queue
[2021-10-21 12:03:20,524] {logging_mixin.py:109} INFO - [2021-10-21 12:03:20,524] {dagbag.py:500} INFO - Filling up the DagBag from /opt/anaconda3/envs/af2/lib/python3.8/site-packages/airflow/example_dags/tutorial.py
[2021-10-21 12:03:20,542] {processor.py:632} INFO - DAG(s) dict_keys(['tutorial']) retrieved from /opt/anaconda3/envs/af2/lib/python3.8/site-packages/airflow/example_dags/tutorial.py
[2021-10-21 12:03:20,552] {logging_mixin.py:109} INFO - [2021-10-21 12:03:20,552] {dag.py:2389} INFO - Sync 1 DAGs
[2021-10-21 12:03:20,556] {logging_mixin.py:109} INFO - [2021-10-21 12:03:20,556] {dag.py:2914} INFO - Setting next_dagrun for tutorial to 2021-10-20T10:03:20.555948+00:00
[2021-10-21 12:03:20,559] {processor.py:171} INFO - Processing /opt/anaconda3/envs/af2/lib/python3.8/site-packages/airflow/example_dags/tutorial.py took 0.037 seconds
[2021-10-21 12:05:35,768] {processor.py:163} INFO - Started process (PID=22792) to work on /opt/anaconda3/envs/af2/lib/python3.8/site-packages/airflow/example_dags/tutorial.py
[2021-10-21 12:05:35,769] {processor.py:620} INFO - Processing file /opt/anaconda3/envs/af2/lib/python3.8/site-packages/airflow/example_dags/tutorial.py for tasks to queue
[2021-10-21 12:05:35,769] {logging_mixin.py:109} INFO - [2021-10-21 12:05:35,769] {dagbag.py:500} INFO - Filling up the DagBag from /opt/anaconda3/envs/af2/lib/python3.8/site-packages/airflow/example_dags/tutorial.py
[2021-10-21 12:05:35,787] {processor.py:632} INFO - DAG(s) dict_keys(['tutorial']) retrieved from /opt/anaconda3/envs/af2/lib/python3.8/site-packages/airflow/example_dags/tutorial.py
[2021-10-21 12:05:35,797] {logging_mixin.py:109} INFO - [2021-10-21 12:05:35,797] {dag.py:2389} INFO - Sync 1 DAGs
[2021-10-21 12:05:35,801] {logging_mixin.py:109} INFO - [2021-10-21 12:05:35,801] {dag.py:2914} INFO - Setting next_dagrun for tutorial to 2021-10-20T10:05:35.801686+00:00
[2021-10-21 12:05:35,806] {processor.py:171} INFO - Processing /opt/anaconda3/envs/af2/lib/python3.8/site-packages/airflow/example_dags/tutorial.py took 0.038 seconds
[2021-10-21 12:11:31,560] {processor.py:163} INFO - Started process (PID=23013) to work on /opt/anaconda3/envs/af2/lib/python3.8/site-packages/airflow/example_dags/tutorial.py
[2021-10-21 12:11:31,560] {processor.py:620} INFO - Processing file /opt/anaconda3/envs/af2/lib/python3.8/site-packages/airflow/example_dags/tutorial.py for tasks to queue
[2021-10-21 12:11:31,561] {logging_mixin.py:109} INFO - [2021-10-21 12:11:31,560] {dagbag.py:500} INFO - Filling up the DagBag from /opt/anaconda3/envs/af2/lib/python3.8/site-packages/airflow/example_dags/tutorial.py
[2021-10-21 12:11:31,578] {processor.py:632} INFO - DAG(s) dict_keys(['tutorial']) retrieved from /opt/anaconda3/envs/af2/lib/python3.8/site-packages/airflow/example_dags/tutorial.py
[2021-10-21 12:11:31,587] {logging_mixin.py:109} INFO - [2021-10-21 12:11:31,587] {dag.py:2389} INFO - Sync 1 DAGs
[2021-10-21 12:11:31,591] {logging_mixin.py:109} INFO - [2021-10-21 12:11:31,591] {dag.py:2914} INFO - Setting next_dagrun for tutorial to 2021-10-20T10:11:31.591351+00:00
[2021-10-21 12:11:31,595] {processor.py:171} INFO - Processing /opt/anaconda3/envs/af2/lib/python3.8/site-packages/airflow/example_dags/tutorial.py took 0.035 seconds
[2021-10-21 12:12:42,220] {processor.py:163} INFO - Started process (PID=23164) to work on /opt/anaconda3/envs/af2/lib/python3.8/site-packages/airflow/example_dags/tutorial.py
[2021-10-21 12:12:42,220] {processor.py:620} INFO - Processing file /opt/anaconda3/envs/af2/lib/python3.8/site-packages/airflow/example_dags/tutorial.py for tasks to queue
[2021-10-21 12:12:42,221] {logging_mixin.py:109} INFO - [2021-10-21 12:12:42,221] {dagbag.py:500} INFO - Filling up the DagBag from /opt/anaconda3/envs/af2/lib/python3.8/site-packages/airflow/example_dags/tutorial.py
[2021-10-21 12:12:42,238] {processor.py:632} INFO - DAG(s) dict_keys(['tutorial']) retrieved from /opt/anaconda3/envs/af2/lib/python3.8/site-packages/airflow/example_dags/tutorial.py
[2021-10-21 12:12:42,247] {logging_mixin.py:109} INFO - [2021-10-21 12:12:42,247] {dag.py:2389} INFO - Sync 1 DAGs
[2021-10-21 12:12:42,250] {logging_mixin.py:109} INFO - [2021-10-21 12:12:42,250] {dag.py:2914} INFO - Setting next_dagrun for tutorial to 2021-10-20T10:12:42.250653+00:00
[2021-10-21 12:12:42,254] {processor.py:171} INFO - Processing /opt/anaconda3/envs/af2/lib/python3.8/site-packages/airflow/example_dags/tutorial.py took 0.034 seconds
[2021-10-21 12:13:56,596] {processor.py:163} INFO - Started process (PID=23275) to work on /opt/anaconda3/envs/af2/lib/python3.8/site-packages/airflow/example_dags/tutorial.py
[2021-10-21 12:13:56,596] {processor.py:620} INFO - Processing file /opt/anaconda3/envs/af2/lib/python3.8/site-packages/airflow/example_dags/tutorial.py for tasks to queue
[2021-10-21 12:13:56,597] {logging_mixin.py:109} INFO - [2021-10-21 12:13:56,597] {dagbag.py:500} INFO - Filling up the DagBag from /opt/anaconda3/envs/af2/lib/python3.8/site-packages/airflow/example_dags/tutorial.py
[2021-10-21 12:13:56,613] {processor.py:632} INFO - DAG(s) dict_keys(['tutorial']) retrieved from /opt/anaconda3/envs/af2/lib/python3.8/site-packages/airflow/example_dags/tutorial.py
[2021-10-21 12:13:56,622] {logging_mixin.py:109} INFO - [2021-10-21 12:13:56,622] {dag.py:2389} INFO - Sync 1 DAGs
[2021-10-21 12:13:56,626] {logging_mixin.py:109} INFO - [2021-10-21 12:13:56,626] {dag.py:2914} INFO - Setting next_dagrun for tutorial to 2021-10-20T10:13:56.626266+00:00
[2021-10-21 12:13:56,629] {processor.py:171} INFO - Processing /opt/anaconda3/envs/af2/lib/python3.8/site-packages/airflow/example_dags/tutorial.py took 0.034 seconds
[2021-10-21 12:15:11,429] {processor.py:163} INFO - Started process (PID=23368) to work on /opt/anaconda3/envs/af2/lib/python3.8/site-packages/airflow/example_dags/tutorial.py
[2021-10-21 12:15:11,429] {processor.py:620} INFO - Processing file /opt/anaconda3/envs/af2/lib/python3.8/site-packages/airflow/example_dags/tutorial.py for tasks to queue
[2021-10-21 12:15:11,429] {logging_mixin.py:109} INFO - [2021-10-21 12:15:11,429] {dagbag.py:500} INFO - Filling up the DagBag from /opt/anaconda3/envs/af2/lib/python3.8/site-packages/airflow/example_dags/tutorial.py
[2021-10-21 12:15:11,447] {processor.py:632} INFO - DAG(s) dict_keys(['tutorial']) retrieved from /opt/anaconda3/envs/af2/lib/python3.8/site-packages/airflow/example_dags/tutorial.py
[2021-10-21 12:15:11,456] {logging_mixin.py:109} INFO - [2021-10-21 12:15:11,456] {dag.py:2389} INFO - Sync 1 DAGs
[2021-10-21 12:15:11,460] {logging_mixin.py:109} INFO - [2021-10-21 12:15:11,460] {dag.py:2914} INFO - Setting next_dagrun for tutorial to 2021-10-20T10:15:11.460568+00:00
[2021-10-21 12:15:11,464] {processor.py:171} INFO - Processing /opt/anaconda3/envs/af2/lib/python3.8/site-packages/airflow/example_dags/tutorial.py took 0.035 seconds
[2021-10-21 12:16:28,412] {processor.py:163} INFO - Started process (PID=23511) to work on /opt/anaconda3/envs/af2/lib/python3.8/site-packages/airflow/example_dags/tutorial.py
[2021-10-21 12:16:28,413] {processor.py:620} INFO - Processing file /opt/anaconda3/envs/af2/lib/python3.8/site-packages/airflow/example_dags/tutorial.py for tasks to queue
[2021-10-21 12:16:28,413] {logging_mixin.py:109} INFO - [2021-10-21 12:16:28,413] {dagbag.py:500} INFO - Filling up the DagBag from /opt/anaconda3/envs/af2/lib/python3.8/site-packages/airflow/example_dags/tutorial.py
[2021-10-21 12:16:28,429] {processor.py:632} INFO - DAG(s) dict_keys(['tutorial']) retrieved from /opt/anaconda3/envs/af2/lib/python3.8/site-packages/airflow/example_dags/tutorial.py
[2021-10-21 12:16:28,438] {logging_mixin.py:109} INFO - [2021-10-21 12:16:28,438] {dag.py:2389} INFO - Sync 1 DAGs
[2021-10-21 12:16:28,442] {logging_mixin.py:109} INFO - [2021-10-21 12:16:28,442] {dag.py:2914} INFO - Setting next_dagrun for tutorial to 2021-10-20T10:16:28.442272+00:00
[2021-10-21 12:16:28,445] {processor.py:171} INFO - Processing /opt/anaconda3/envs/af2/lib/python3.8/site-packages/airflow/example_dags/tutorial.py took 0.034 seconds
[2021-10-21 12:17:42,963] {processor.py:163} INFO - Started process (PID=23613) to work on /opt/anaconda3/envs/af2/lib/python3.8/site-packages/airflow/example_dags/tutorial.py
[2021-10-21 12:17:42,964] {processor.py:620} INFO - Processing file /opt/anaconda3/envs/af2/lib/python3.8/site-packages/airflow/example_dags/tutorial.py for tasks to queue
[2021-10-21 12:17:42,964] {logging_mixin.py:109} INFO - [2021-10-21 12:17:42,964] {dagbag.py:500} INFO - Filling up the DagBag from /opt/anaconda3/envs/af2/lib/python3.8/site-packages/airflow/example_dags/tutorial.py
[2021-10-21 12:17:42,980] {processor.py:632} INFO - DAG(s) dict_keys(['tutorial']) retrieved from /opt/anaconda3/envs/af2/lib/python3.8/site-packages/airflow/example_dags/tutorial.py
[2021-10-21 12:17:42,989] {logging_mixin.py:109} INFO - [2021-10-21 12:17:42,989] {dag.py:2389} INFO - Sync 1 DAGs
[2021-10-21 12:17:42,993] {logging_mixin.py:109} INFO - [2021-10-21 12:17:42,993] {dag.py:2914} INFO - Setting next_dagrun for tutorial to 2021-10-20T10:17:42.993064+00:00
[2021-10-21 12:17:42,996] {processor.py:171} INFO - Processing /opt/anaconda3/envs/af2/lib/python3.8/site-packages/airflow/example_dags/tutorial.py took 0.034 seconds
[2021-10-21 12:18:57,080] {processor.py:163} INFO - Started process (PID=23801) to work on /opt/anaconda3/envs/af2/lib/python3.8/site-packages/airflow/example_dags/tutorial.py
[2021-10-21 12:18:57,082] {processor.py:620} INFO - Processing file /opt/anaconda3/envs/af2/lib/python3.8/site-packages/airflow/example_dags/tutorial.py for tasks to queue
[2021-10-21 12:18:57,082] {logging_mixin.py:109} INFO - [2021-10-21 12:18:57,082] {dagbag.py:500} INFO - Filling up the DagBag from /opt/anaconda3/envs/af2/lib/python3.8/site-packages/airflow/example_dags/tutorial.py
[2021-10-21 12:18:57,098] {processor.py:632} INFO - DAG(s) dict_keys(['tutorial']) retrieved from /opt/anaconda3/envs/af2/lib/python3.8/site-packages/airflow/example_dags/tutorial.py
[2021-10-21 12:18:57,107] {logging_mixin.py:109} INFO - [2021-10-21 12:18:57,107] {dag.py:2389} INFO - Sync 1 DAGs
[2021-10-21 12:18:57,110] {logging_mixin.py:109} INFO - [2021-10-21 12:18:57,110] {dag.py:2914} INFO - Setting next_dagrun for tutorial to 2021-10-20T10:18:57.110733+00:00
[2021-10-21 12:18:57,114] {processor.py:171} INFO - Processing /opt/anaconda3/envs/af2/lib/python3.8/site-packages/airflow/example_dags/tutorial.py took 0.034 seconds
[2021-10-21 12:20:08,577] {processor.py:163} INFO - Started process (PID=23907) to work on /opt/anaconda3/envs/af2/lib/python3.8/site-packages/airflow/example_dags/tutorial.py
[2021-10-21 12:20:08,578] {processor.py:620} INFO - Processing file /opt/anaconda3/envs/af2/lib/python3.8/site-packages/airflow/example_dags/tutorial.py for tasks to queue
[2021-10-21 12:20:08,578] {logging_mixin.py:109} INFO - [2021-10-21 12:20:08,578] {dagbag.py:500} INFO - Filling up the DagBag from /opt/anaconda3/envs/af2/lib/python3.8/site-packages/airflow/example_dags/tutorial.py
[2021-10-21 12:20:08,594] {processor.py:632} INFO - DAG(s) dict_keys(['tutorial']) retrieved from /opt/anaconda3/envs/af2/lib/python3.8/site-packages/airflow/example_dags/tutorial.py
[2021-10-21 12:20:08,604] {logging_mixin.py:109} INFO - [2021-10-21 12:20:08,604] {dag.py:2389} INFO - Sync 1 DAGs
[2021-10-21 12:20:08,607] {logging_mixin.py:109} INFO - [2021-10-21 12:20:08,607] {dag.py:2914} INFO - Setting next_dagrun for tutorial to 2021-10-20T10:20:08.607840+00:00
[2021-10-21 12:20:08,611] {processor.py:171} INFO - Processing /opt/anaconda3/envs/af2/lib/python3.8/site-packages/airflow/example_dags/tutorial.py took 0.034 seconds
[2021-10-21 12:21:21,667] {processor.py:163} INFO - Started process (PID=24081) to work on /opt/anaconda3/envs/af2/lib/python3.8/site-packages/airflow/example_dags/tutorial.py
[2021-10-21 12:21:21,667] {processor.py:620} INFO - Processing file /opt/anaconda3/envs/af2/lib/python3.8/site-packages/airflow/example_dags/tutorial.py for tasks to queue
[2021-10-21 12:21:21,667] {logging_mixin.py:109} INFO - [2021-10-21 12:21:21,667] {dagbag.py:500} INFO - Filling up the DagBag from /opt/anaconda3/envs/af2/lib/python3.8/site-packages/airflow/example_dags/tutorial.py
[2021-10-21 12:21:21,683] {processor.py:632} INFO - DAG(s) dict_keys(['tutorial']) retrieved from /opt/anaconda3/envs/af2/lib/python3.8/site-packages/airflow/example_dags/tutorial.py
[2021-10-21 12:21:21,692] {logging_mixin.py:109} INFO - [2021-10-21 12:21:21,692] {dag.py:2389} INFO - Sync 1 DAGs
[2021-10-21 12:21:21,696] {logging_mixin.py:109} INFO - [2021-10-21 12:21:21,696] {dag.py:2914} INFO - Setting next_dagrun for tutorial to 2021-10-20T10:21:21.696185+00:00
[2021-10-21 12:21:21,699] {processor.py:171} INFO - Processing /opt/anaconda3/envs/af2/lib/python3.8/site-packages/airflow/example_dags/tutorial.py took 0.033 seconds
[2021-10-21 12:22:26,271] {processor.py:163} INFO - Started process (PID=24174) to work on /opt/anaconda3/envs/af2/lib/python3.8/site-packages/airflow/example_dags/tutorial.py
[2021-10-21 12:22:26,271] {processor.py:620} INFO - Processing file /opt/anaconda3/envs/af2/lib/python3.8/site-packages/airflow/example_dags/tutorial.py for tasks to queue
[2021-10-21 12:22:26,271] {logging_mixin.py:109} INFO - [2021-10-21 12:22:26,271] {dagbag.py:500} INFO - Filling up the DagBag from /opt/anaconda3/envs/af2/lib/python3.8/site-packages/airflow/example_dags/tutorial.py
[2021-10-21 12:22:26,289] {processor.py:632} INFO - DAG(s) dict_keys(['tutorial']) retrieved from /opt/anaconda3/envs/af2/lib/python3.8/site-packages/airflow/example_dags/tutorial.py
[2021-10-21 12:22:26,299] {logging_mixin.py:109} INFO - [2021-10-21 12:22:26,299] {dag.py:2389} INFO - Sync 1 DAGs
[2021-10-21 12:22:26,303] {logging_mixin.py:109} INFO - [2021-10-21 12:22:26,303] {dag.py:2914} INFO - Setting next_dagrun for tutorial to 2021-10-20T10:22:26.302976+00:00
[2021-10-21 12:22:26,306] {processor.py:171} INFO - Processing /opt/anaconda3/envs/af2/lib/python3.8/site-packages/airflow/example_dags/tutorial.py took 0.036 seconds
[2021-10-21 12:23:40,361] {processor.py:163} INFO - Started process (PID=24351) to work on /opt/anaconda3/envs/af2/lib/python3.8/site-packages/airflow/example_dags/tutorial.py
[2021-10-21 12:23:40,361] {processor.py:620} INFO - Processing file /opt/anaconda3/envs/af2/lib/python3.8/site-packages/airflow/example_dags/tutorial.py for tasks to queue
[2021-10-21 12:23:40,361] {logging_mixin.py:109} INFO - [2021-10-21 12:23:40,361] {dagbag.py:500} INFO - Filling up the DagBag from /opt/anaconda3/envs/af2/lib/python3.8/site-packages/airflow/example_dags/tutorial.py
[2021-10-21 12:23:40,378] {processor.py:632} INFO - DAG(s) dict_keys(['tutorial']) retrieved from /opt/anaconda3/envs/af2/lib/python3.8/site-packages/airflow/example_dags/tutorial.py
[2021-10-21 12:23:40,388] {logging_mixin.py:109} INFO - [2021-10-21 12:23:40,388] {dag.py:2389} INFO - Sync 1 DAGs
[2021-10-21 12:23:40,392] {logging_mixin.py:109} INFO - [2021-10-21 12:23:40,392] {dag.py:2914} INFO - Setting next_dagrun for tutorial to 2021-10-20T10:23:40.392052+00:00
[2021-10-21 12:23:40,395] {processor.py:171} INFO - Processing /opt/anaconda3/envs/af2/lib/python3.8/site-packages/airflow/example_dags/tutorial.py took 0.035 seconds
[2021-10-21 12:24:54,893] {processor.py:163} INFO - Started process (PID=24449) to work on /opt/anaconda3/envs/af2/lib/python3.8/site-packages/airflow/example_dags/tutorial.py
[2021-10-21 12:24:54,894] {processor.py:620} INFO - Processing file /opt/anaconda3/envs/af2/lib/python3.8/site-packages/airflow/example_dags/tutorial.py for tasks to queue
[2021-10-21 12:24:54,894] {logging_mixin.py:109} INFO - [2021-10-21 12:24:54,894] {dagbag.py:500} INFO - Filling up the DagBag from /opt/anaconda3/envs/af2/lib/python3.8/site-packages/airflow/example_dags/tutorial.py
[2021-10-21 12:24:54,910] {processor.py:632} INFO - DAG(s) dict_keys(['tutorial']) retrieved from /opt/anaconda3/envs/af2/lib/python3.8/site-packages/airflow/example_dags/tutorial.py
[2021-10-21 12:24:54,919] {logging_mixin.py:109} INFO - [2021-10-21 12:24:54,919] {dag.py:2389} INFO - Sync 1 DAGs
[2021-10-21 12:24:54,923] {logging_mixin.py:109} INFO - [2021-10-21 12:24:54,923] {dag.py:2914} INFO - Setting next_dagrun for tutorial to 2021-10-20T10:24:54.922975+00:00
[2021-10-21 12:24:54,926] {processor.py:171} INFO - Processing /opt/anaconda3/envs/af2/lib/python3.8/site-packages/airflow/example_dags/tutorial.py took 0.033 seconds
[2021-10-21 12:26:06,424] {processor.py:163} INFO - Started process (PID=24671) to work on /opt/anaconda3/envs/af2/lib/python3.8/site-packages/airflow/example_dags/tutorial.py
[2021-10-21 12:26:06,425] {processor.py:620} INFO - Processing file /opt/anaconda3/envs/af2/lib/python3.8/site-packages/airflow/example_dags/tutorial.py for tasks to queue
[2021-10-21 12:26:06,425] {logging_mixin.py:109} INFO - [2021-10-21 12:26:06,425] {dagbag.py:500} INFO - Filling up the DagBag from /opt/anaconda3/envs/af2/lib/python3.8/site-packages/airflow/example_dags/tutorial.py
[2021-10-21 12:26:06,441] {processor.py:632} INFO - DAG(s) dict_keys(['tutorial']) retrieved from /opt/anaconda3/envs/af2/lib/python3.8/site-packages/airflow/example_dags/tutorial.py
[2021-10-21 12:26:06,450] {logging_mixin.py:109} INFO - [2021-10-21 12:26:06,450] {dag.py:2389} INFO - Sync 1 DAGs
[2021-10-21 12:26:06,454] {logging_mixin.py:109} INFO - [2021-10-21 12:26:06,454] {dag.py:2914} INFO - Setting next_dagrun for tutorial to 2021-10-20T10:26:06.454088+00:00
[2021-10-21 12:26:06,457] {processor.py:171} INFO - Processing /opt/anaconda3/envs/af2/lib/python3.8/site-packages/airflow/example_dags/tutorial.py took 0.033 seconds
[2021-10-21 12:27:20,568] {processor.py:163} INFO - Started process (PID=24811) to work on /opt/anaconda3/envs/af2/lib/python3.8/site-packages/airflow/example_dags/tutorial.py
[2021-10-21 12:27:20,569] {processor.py:620} INFO - Processing file /opt/anaconda3/envs/af2/lib/python3.8/site-packages/airflow/example_dags/tutorial.py for tasks to queue
[2021-10-21 12:27:20,569] {logging_mixin.py:109} INFO - [2021-10-21 12:27:20,569] {dagbag.py:500} INFO - Filling up the DagBag from /opt/anaconda3/envs/af2/lib/python3.8/site-packages/airflow/example_dags/tutorial.py
[2021-10-21 12:27:20,586] {processor.py:632} INFO - DAG(s) dict_keys(['tutorial']) retrieved from /opt/anaconda3/envs/af2/lib/python3.8/site-packages/airflow/example_dags/tutorial.py
[2021-10-21 12:27:20,595] {logging_mixin.py:109} INFO - [2021-10-21 12:27:20,595] {dag.py:2389} INFO - Sync 1 DAGs
[2021-10-21 12:27:20,599] {logging_mixin.py:109} INFO - [2021-10-21 12:27:20,599] {dag.py:2914} INFO - Setting next_dagrun for tutorial to 2021-10-20T10:27:20.599453+00:00
[2021-10-21 12:27:20,603] {processor.py:171} INFO - Processing /opt/anaconda3/envs/af2/lib/python3.8/site-packages/airflow/example_dags/tutorial.py took 0.035 seconds
[2021-10-21 12:28:32,005] {processor.py:163} INFO - Started process (PID=24947) to work on /opt/anaconda3/envs/af2/lib/python3.8/site-packages/airflow/example_dags/tutorial.py
[2021-10-21 12:28:32,006] {processor.py:620} INFO - Processing file /opt/anaconda3/envs/af2/lib/python3.8/site-packages/airflow/example_dags/tutorial.py for tasks to queue
[2021-10-21 12:28:32,006] {logging_mixin.py:109} INFO - [2021-10-21 12:28:32,006] {dagbag.py:500} INFO - Filling up the DagBag from /opt/anaconda3/envs/af2/lib/python3.8/site-packages/airflow/example_dags/tutorial.py
[2021-10-21 12:28:32,022] {processor.py:632} INFO - DAG(s) dict_keys(['tutorial']) retrieved from /opt/anaconda3/envs/af2/lib/python3.8/site-packages/airflow/example_dags/tutorial.py
[2021-10-21 12:28:32,031] {logging_mixin.py:109} INFO - [2021-10-21 12:28:32,031] {dag.py:2389} INFO - Sync 1 DAGs
[2021-10-21 12:28:32,034] {logging_mixin.py:109} INFO - [2021-10-21 12:28:32,034] {dag.py:2914} INFO - Setting next_dagrun for tutorial to 2021-10-20T10:28:32.034771+00:00
[2021-10-21 12:28:32,038] {processor.py:171} INFO - Processing /opt/anaconda3/envs/af2/lib/python3.8/site-packages/airflow/example_dags/tutorial.py took 0.033 seconds
[2021-10-21 12:29:46,012] {processor.py:163} INFO - Started process (PID=25045) to work on /opt/anaconda3/envs/af2/lib/python3.8/site-packages/airflow/example_dags/tutorial.py
[2021-10-21 12:29:46,013] {processor.py:620} INFO - Processing file /opt/anaconda3/envs/af2/lib/python3.8/site-packages/airflow/example_dags/tutorial.py for tasks to queue
[2021-10-21 12:29:46,013] {logging_mixin.py:109} INFO - [2021-10-21 12:29:46,013] {dagbag.py:500} INFO - Filling up the DagBag from /opt/anaconda3/envs/af2/lib/python3.8/site-packages/airflow/example_dags/tutorial.py
[2021-10-21 12:29:46,030] {processor.py:632} INFO - DAG(s) dict_keys(['tutorial']) retrieved from /opt/anaconda3/envs/af2/lib/python3.8/site-packages/airflow/example_dags/tutorial.py
[2021-10-21 12:29:46,039] {logging_mixin.py:109} INFO - [2021-10-21 12:29:46,039] {dag.py:2389} INFO - Sync 1 DAGs
[2021-10-21 12:29:46,043] {logging_mixin.py:109} INFO - [2021-10-21 12:29:46,043] {dag.py:2914} INFO - Setting next_dagrun for tutorial to 2021-10-20T10:29:46.043246+00:00
[2021-10-21 12:29:46,046] {processor.py:171} INFO - Processing /opt/anaconda3/envs/af2/lib/python3.8/site-packages/airflow/example_dags/tutorial.py took 0.035 seconds
[2021-10-21 12:31:08,031] {processor.py:163} INFO - Started process (PID=25224) to work on /opt/anaconda3/envs/af2/lib/python3.8/site-packages/airflow/example_dags/tutorial.py
[2021-10-21 12:31:08,036] {processor.py:620} INFO - Processing file /opt/anaconda3/envs/af2/lib/python3.8/site-packages/airflow/example_dags/tutorial.py for tasks to queue
[2021-10-21 12:31:08,036] {logging_mixin.py:109} INFO - [2021-10-21 12:31:08,036] {dagbag.py:500} INFO - Filling up the DagBag from /opt/anaconda3/envs/af2/lib/python3.8/site-packages/airflow/example_dags/tutorial.py
[2021-10-21 12:31:08,053] {processor.py:632} INFO - DAG(s) dict_keys(['tutorial']) retrieved from /opt/anaconda3/envs/af2/lib/python3.8/site-packages/airflow/example_dags/tutorial.py
[2021-10-21 12:31:08,063] {logging_mixin.py:109} INFO - [2021-10-21 12:31:08,063] {dag.py:2389} INFO - Sync 1 DAGs
[2021-10-21 12:31:08,068] {logging_mixin.py:109} INFO - [2021-10-21 12:31:08,068] {dag.py:2914} INFO - Setting next_dagrun for tutorial to 2021-10-20T10:31:08.068333+00:00
[2021-10-21 12:31:08,072] {processor.py:171} INFO - Processing /opt/anaconda3/envs/af2/lib/python3.8/site-packages/airflow/example_dags/tutorial.py took 0.042 seconds
[2021-10-21 12:32:29,939] {processor.py:163} INFO - Started process (PID=25333) to work on /opt/anaconda3/envs/af2/lib/python3.8/site-packages/airflow/example_dags/tutorial.py
[2021-10-21 12:32:29,940] {processor.py:620} INFO - Processing file /opt/anaconda3/envs/af2/lib/python3.8/site-packages/airflow/example_dags/tutorial.py for tasks to queue
[2021-10-21 12:32:29,940] {logging_mixin.py:109} INFO - [2021-10-21 12:32:29,940] {dagbag.py:500} INFO - Filling up the DagBag from /opt/anaconda3/envs/af2/lib/python3.8/site-packages/airflow/example_dags/tutorial.py
[2021-10-21 12:32:29,957] {processor.py:632} INFO - DAG(s) dict_keys(['tutorial']) retrieved from /opt/anaconda3/envs/af2/lib/python3.8/site-packages/airflow/example_dags/tutorial.py
[2021-10-21 12:32:29,967] {logging_mixin.py:109} INFO - [2021-10-21 12:32:29,966] {dag.py:2389} INFO - Sync 1 DAGs
[2021-10-21 12:32:29,971] {logging_mixin.py:109} INFO - [2021-10-21 12:32:29,971] {dag.py:2914} INFO - Setting next_dagrun for tutorial to 2021-10-20T10:32:29.971324+00:00
[2021-10-21 12:32:29,975] {processor.py:171} INFO - Processing /opt/anaconda3/envs/af2/lib/python3.8/site-packages/airflow/example_dags/tutorial.py took 0.036 seconds
[2021-10-21 12:33:52,657] {processor.py:163} INFO - Started process (PID=25479) to work on /opt/anaconda3/envs/af2/lib/python3.8/site-packages/airflow/example_dags/tutorial.py
[2021-10-21 12:33:52,658] {processor.py:620} INFO - Processing file /opt/anaconda3/envs/af2/lib/python3.8/site-packages/airflow/example_dags/tutorial.py for tasks to queue
[2021-10-21 12:33:52,658] {logging_mixin.py:109} INFO - [2021-10-21 12:33:52,658] {dagbag.py:500} INFO - Filling up the DagBag from /opt/anaconda3/envs/af2/lib/python3.8/site-packages/airflow/example_dags/tutorial.py
[2021-10-21 12:33:52,675] {processor.py:632} INFO - DAG(s) dict_keys(['tutorial']) retrieved from /opt/anaconda3/envs/af2/lib/python3.8/site-packages/airflow/example_dags/tutorial.py
[2021-10-21 12:33:52,684] {logging_mixin.py:109} INFO - [2021-10-21 12:33:52,683] {dag.py:2389} INFO - Sync 1 DAGs
[2021-10-21 12:33:52,688] {logging_mixin.py:109} INFO - [2021-10-21 12:33:52,688] {dag.py:2914} INFO - Setting next_dagrun for tutorial to 2021-10-20T10:33:52.688192+00:00
[2021-10-21 12:33:52,691] {processor.py:171} INFO - Processing /opt/anaconda3/envs/af2/lib/python3.8/site-packages/airflow/example_dags/tutorial.py took 0.035 seconds
[2021-10-21 12:35:19,353] {processor.py:163} INFO - Started process (PID=25590) to work on /opt/anaconda3/envs/af2/lib/python3.8/site-packages/airflow/example_dags/tutorial.py
[2021-10-21 12:35:19,354] {processor.py:620} INFO - Processing file /opt/anaconda3/envs/af2/lib/python3.8/site-packages/airflow/example_dags/tutorial.py for tasks to queue
[2021-10-21 12:35:19,354] {logging_mixin.py:109} INFO - [2021-10-21 12:35:19,354] {dagbag.py:500} INFO - Filling up the DagBag from /opt/anaconda3/envs/af2/lib/python3.8/site-packages/airflow/example_dags/tutorial.py
[2021-10-21 12:35:19,370] {processor.py:632} INFO - DAG(s) dict_keys(['tutorial']) retrieved from /opt/anaconda3/envs/af2/lib/python3.8/site-packages/airflow/example_dags/tutorial.py
[2021-10-21 12:35:19,379] {logging_mixin.py:109} INFO - [2021-10-21 12:35:19,378] {dag.py:2389} INFO - Sync 1 DAGs
[2021-10-21 12:35:19,383] {logging_mixin.py:109} INFO - [2021-10-21 12:35:19,383] {dag.py:2914} INFO - Setting next_dagrun for tutorial to 2021-10-20T10:35:19.383095+00:00
[2021-10-21 12:35:19,386] {processor.py:171} INFO - Processing /opt/anaconda3/envs/af2/lib/python3.8/site-packages/airflow/example_dags/tutorial.py took 0.034 seconds
[2021-10-21 12:36:46,227] {processor.py:163} INFO - Started process (PID=25695) to work on /opt/anaconda3/envs/af2/lib/python3.8/site-packages/airflow/example_dags/tutorial.py
[2021-10-21 12:36:46,228] {processor.py:620} INFO - Processing file /opt/anaconda3/envs/af2/lib/python3.8/site-packages/airflow/example_dags/tutorial.py for tasks to queue
[2021-10-21 12:36:46,229] {logging_mixin.py:109} INFO - [2021-10-21 12:36:46,229] {dagbag.py:500} INFO - Filling up the DagBag from /opt/anaconda3/envs/af2/lib/python3.8/site-packages/airflow/example_dags/tutorial.py
[2021-10-21 12:36:46,245] {processor.py:632} INFO - DAG(s) dict_keys(['tutorial']) retrieved from /opt/anaconda3/envs/af2/lib/python3.8/site-packages/airflow/example_dags/tutorial.py
[2021-10-21 12:36:46,255] {logging_mixin.py:109} INFO - [2021-10-21 12:36:46,255] {dag.py:2389} INFO - Sync 1 DAGs
[2021-10-21 12:36:46,260] {logging_mixin.py:109} INFO - [2021-10-21 12:36:46,259] {dag.py:2914} INFO - Setting next_dagrun for tutorial to 2021-10-20T10:36:46.259875+00:00
[2021-10-21 12:36:46,263] {processor.py:171} INFO - Processing /opt/anaconda3/envs/af2/lib/python3.8/site-packages/airflow/example_dags/tutorial.py took 0.037 seconds
[2021-10-21 12:38:30,651] {processor.py:163} INFO - Started process (PID=25843) to work on /opt/anaconda3/envs/af2/lib/python3.8/site-packages/airflow/example_dags/tutorial.py
[2021-10-21 12:38:30,651] {processor.py:620} INFO - Processing file /opt/anaconda3/envs/af2/lib/python3.8/site-packages/airflow/example_dags/tutorial.py for tasks to queue
[2021-10-21 12:38:30,652] {logging_mixin.py:109} INFO - [2021-10-21 12:38:30,652] {dagbag.py:500} INFO - Filling up the DagBag from /opt/anaconda3/envs/af2/lib/python3.8/site-packages/airflow/example_dags/tutorial.py
[2021-10-21 12:38:30,678] {processor.py:632} INFO - DAG(s) dict_keys(['tutorial']) retrieved from /opt/anaconda3/envs/af2/lib/python3.8/site-packages/airflow/example_dags/tutorial.py
[2021-10-21 12:38:30,691] {logging_mixin.py:109} INFO - [2021-10-21 12:38:30,691] {dag.py:2389} INFO - Sync 1 DAGs
[2021-10-21 12:38:30,696] {logging_mixin.py:109} INFO - [2021-10-21 12:38:30,696] {dag.py:2914} INFO - Setting next_dagrun for tutorial to 2021-10-20T10:38:30.695931+00:00
[2021-10-21 12:38:30,699] {processor.py:171} INFO - Processing /opt/anaconda3/envs/af2/lib/python3.8/site-packages/airflow/example_dags/tutorial.py took 0.050 seconds
[2021-10-21 12:40:04,562] {processor.py:163} INFO - Started process (PID=25939) to work on /opt/anaconda3/envs/af2/lib/python3.8/site-packages/airflow/example_dags/tutorial.py
[2021-10-21 12:40:04,563] {processor.py:620} INFO - Processing file /opt/anaconda3/envs/af2/lib/python3.8/site-packages/airflow/example_dags/tutorial.py for tasks to queue
[2021-10-21 12:40:04,563] {logging_mixin.py:109} INFO - [2021-10-21 12:40:04,563] {dagbag.py:500} INFO - Filling up the DagBag from /opt/anaconda3/envs/af2/lib/python3.8/site-packages/airflow/example_dags/tutorial.py
[2021-10-21 12:40:04,578] {processor.py:632} INFO - DAG(s) dict_keys(['tutorial']) retrieved from /opt/anaconda3/envs/af2/lib/python3.8/site-packages/airflow/example_dags/tutorial.py
[2021-10-21 12:40:04,587] {logging_mixin.py:109} INFO - [2021-10-21 12:40:04,587] {dag.py:2389} INFO - Sync 1 DAGs
[2021-10-21 12:40:04,591] {logging_mixin.py:109} INFO - [2021-10-21 12:40:04,591] {dag.py:2914} INFO - Setting next_dagrun for tutorial to 2021-10-20T10:40:04.591779+00:00
[2021-10-21 12:40:04,595] {processor.py:171} INFO - Processing /opt/anaconda3/envs/af2/lib/python3.8/site-packages/airflow/example_dags/tutorial.py took 0.034 seconds
[2021-10-21 12:41:01,917] {processor.py:163} INFO - Started process (PID=26013) to work on /opt/anaconda3/envs/af2/lib/python3.8/site-packages/airflow/example_dags/tutorial.py
[2021-10-21 12:41:01,918] {processor.py:620} INFO - Processing file /opt/anaconda3/envs/af2/lib/python3.8/site-packages/airflow/example_dags/tutorial.py for tasks to queue
[2021-10-21 12:41:01,918] {logging_mixin.py:109} INFO - [2021-10-21 12:41:01,918] {dagbag.py:500} INFO - Filling up the DagBag from /opt/anaconda3/envs/af2/lib/python3.8/site-packages/airflow/example_dags/tutorial.py
[2021-10-21 12:41:01,934] {processor.py:632} INFO - DAG(s) dict_keys(['tutorial']) retrieved from /opt/anaconda3/envs/af2/lib/python3.8/site-packages/airflow/example_dags/tutorial.py
[2021-10-21 12:41:01,942] {logging_mixin.py:109} INFO - [2021-10-21 12:41:01,942] {dag.py:2389} INFO - Sync 1 DAGs
[2021-10-21 12:41:01,947] {logging_mixin.py:109} INFO - [2021-10-21 12:41:01,947] {dag.py:2914} INFO - Setting next_dagrun for tutorial to 2021-10-20T10:41:01.947024+00:00
[2021-10-21 12:41:01,950] {processor.py:171} INFO - Processing /opt/anaconda3/envs/af2/lib/python3.8/site-packages/airflow/example_dags/tutorial.py took 0.034 seconds
[2021-10-21 12:42:30,021] {processor.py:163} INFO - Started process (PID=26111) to work on /opt/anaconda3/envs/af2/lib/python3.8/site-packages/airflow/example_dags/tutorial.py
[2021-10-21 12:42:30,022] {processor.py:620} INFO - Processing file /opt/anaconda3/envs/af2/lib/python3.8/site-packages/airflow/example_dags/tutorial.py for tasks to queue
[2021-10-21 12:42:30,022] {logging_mixin.py:109} INFO - [2021-10-21 12:42:30,022] {dagbag.py:500} INFO - Filling up the DagBag from /opt/anaconda3/envs/af2/lib/python3.8/site-packages/airflow/example_dags/tutorial.py
[2021-10-21 12:42:30,039] {processor.py:632} INFO - DAG(s) dict_keys(['tutorial']) retrieved from /opt/anaconda3/envs/af2/lib/python3.8/site-packages/airflow/example_dags/tutorial.py
[2021-10-21 12:42:30,049] {logging_mixin.py:109} INFO - [2021-10-21 12:42:30,049] {dag.py:2389} INFO - Sync 1 DAGs
[2021-10-21 12:42:30,053] {logging_mixin.py:109} INFO - [2021-10-21 12:42:30,053] {dag.py:2914} INFO - Setting next_dagrun for tutorial to 2021-10-20T10:42:30.053705+00:00
[2021-10-21 12:42:30,057] {processor.py:171} INFO - Processing /opt/anaconda3/envs/af2/lib/python3.8/site-packages/airflow/example_dags/tutorial.py took 0.037 seconds
[2021-10-21 12:44:20,476] {processor.py:163} INFO - Started process (PID=26268) to work on /opt/anaconda3/envs/af2/lib/python3.8/site-packages/airflow/example_dags/tutorial.py
[2021-10-21 12:44:20,477] {processor.py:620} INFO - Processing file /opt/anaconda3/envs/af2/lib/python3.8/site-packages/airflow/example_dags/tutorial.py for tasks to queue
[2021-10-21 12:44:20,477] {logging_mixin.py:109} INFO - [2021-10-21 12:44:20,477] {dagbag.py:500} INFO - Filling up the DagBag from /opt/anaconda3/envs/af2/lib/python3.8/site-packages/airflow/example_dags/tutorial.py
[2021-10-21 12:44:20,515] {processor.py:632} INFO - DAG(s) dict_keys(['tutorial']) retrieved from /opt/anaconda3/envs/af2/lib/python3.8/site-packages/airflow/example_dags/tutorial.py
[2021-10-21 12:44:20,537] {logging_mixin.py:109} INFO - [2021-10-21 12:44:20,537] {dag.py:2389} INFO - Sync 1 DAGs
[2021-10-21 12:44:20,547] {logging_mixin.py:109} INFO - [2021-10-21 12:44:20,547] {dag.py:2914} INFO - Setting next_dagrun for tutorial to 2021-10-20T10:44:20.547740+00:00
[2021-10-21 12:44:20,553] {processor.py:171} INFO - Processing /opt/anaconda3/envs/af2/lib/python3.8/site-packages/airflow/example_dags/tutorial.py took 0.078 seconds
[2021-10-21 12:46:01,989] {processor.py:163} INFO - Started process (PID=26404) to work on /opt/anaconda3/envs/af2/lib/python3.8/site-packages/airflow/example_dags/tutorial.py
[2021-10-21 12:46:01,990] {processor.py:620} INFO - Processing file /opt/anaconda3/envs/af2/lib/python3.8/site-packages/airflow/example_dags/tutorial.py for tasks to queue
[2021-10-21 12:46:01,990] {logging_mixin.py:109} INFO - [2021-10-21 12:46:01,990] {dagbag.py:500} INFO - Filling up the DagBag from /opt/anaconda3/envs/af2/lib/python3.8/site-packages/airflow/example_dags/tutorial.py
[2021-10-21 12:46:02,007] {processor.py:632} INFO - DAG(s) dict_keys(['tutorial']) retrieved from /opt/anaconda3/envs/af2/lib/python3.8/site-packages/airflow/example_dags/tutorial.py
[2021-10-21 12:46:02,016] {logging_mixin.py:109} INFO - [2021-10-21 12:46:02,016] {dag.py:2389} INFO - Sync 1 DAGs
[2021-10-21 12:46:02,020] {logging_mixin.py:109} INFO - [2021-10-21 12:46:02,020] {dag.py:2914} INFO - Setting next_dagrun for tutorial to 2021-10-20T10:46:02.020683+00:00
[2021-10-21 12:46:02,024] {processor.py:171} INFO - Processing /opt/anaconda3/envs/af2/lib/python3.8/site-packages/airflow/example_dags/tutorial.py took 0.036 seconds
[2021-10-21 12:47:29,132] {processor.py:163} INFO - Started process (PID=26591) to work on /opt/anaconda3/envs/af2/lib/python3.8/site-packages/airflow/example_dags/tutorial.py
[2021-10-21 12:47:29,133] {processor.py:620} INFO - Processing file /opt/anaconda3/envs/af2/lib/python3.8/site-packages/airflow/example_dags/tutorial.py for tasks to queue
[2021-10-21 12:47:29,133] {logging_mixin.py:109} INFO - [2021-10-21 12:47:29,133] {dagbag.py:500} INFO - Filling up the DagBag from /opt/anaconda3/envs/af2/lib/python3.8/site-packages/airflow/example_dags/tutorial.py
[2021-10-21 12:47:29,149] {processor.py:632} INFO - DAG(s) dict_keys(['tutorial']) retrieved from /opt/anaconda3/envs/af2/lib/python3.8/site-packages/airflow/example_dags/tutorial.py
[2021-10-21 12:47:29,158] {logging_mixin.py:109} INFO - [2021-10-21 12:47:29,157] {dag.py:2389} INFO - Sync 1 DAGs
[2021-10-21 12:47:29,162] {logging_mixin.py:109} INFO - [2021-10-21 12:47:29,162] {dag.py:2914} INFO - Setting next_dagrun for tutorial to 2021-10-20T10:47:29.162196+00:00
[2021-10-21 12:47:29,165] {processor.py:171} INFO - Processing /opt/anaconda3/envs/af2/lib/python3.8/site-packages/airflow/example_dags/tutorial.py took 0.034 seconds
[2021-10-21 12:48:47,570] {processor.py:163} INFO - Started process (PID=26734) to work on /opt/anaconda3/envs/af2/lib/python3.8/site-packages/airflow/example_dags/tutorial.py
[2021-10-21 12:48:47,571] {processor.py:620} INFO - Processing file /opt/anaconda3/envs/af2/lib/python3.8/site-packages/airflow/example_dags/tutorial.py for tasks to queue
[2021-10-21 12:48:47,572] {logging_mixin.py:109} INFO - [2021-10-21 12:48:47,572] {dagbag.py:500} INFO - Filling up the DagBag from /opt/anaconda3/envs/af2/lib/python3.8/site-packages/airflow/example_dags/tutorial.py
[2021-10-21 12:48:47,587] {processor.py:632} INFO - DAG(s) dict_keys(['tutorial']) retrieved from /opt/anaconda3/envs/af2/lib/python3.8/site-packages/airflow/example_dags/tutorial.py
[2021-10-21 12:48:47,596] {logging_mixin.py:109} INFO - [2021-10-21 12:48:47,596] {dag.py:2389} INFO - Sync 1 DAGs
[2021-10-21 12:48:47,600] {logging_mixin.py:109} INFO - [2021-10-21 12:48:47,600] {dag.py:2914} INFO - Setting next_dagrun for tutorial to 2021-10-20T10:48:47.600474+00:00
[2021-10-21 12:48:47,621] {processor.py:171} INFO - Processing /opt/anaconda3/envs/af2/lib/python3.8/site-packages/airflow/example_dags/tutorial.py took 0.052 seconds
[2021-10-21 12:50:02,396] {processor.py:163} INFO - Started process (PID=26884) to work on /opt/anaconda3/envs/af2/lib/python3.8/site-packages/airflow/example_dags/tutorial.py
[2021-10-21 12:50:02,397] {processor.py:620} INFO - Processing file /opt/anaconda3/envs/af2/lib/python3.8/site-packages/airflow/example_dags/tutorial.py for tasks to queue
[2021-10-21 12:50:02,397] {logging_mixin.py:109} INFO - [2021-10-21 12:50:02,397] {dagbag.py:500} INFO - Filling up the DagBag from /opt/anaconda3/envs/af2/lib/python3.8/site-packages/airflow/example_dags/tutorial.py
[2021-10-21 12:50:02,412] {processor.py:632} INFO - DAG(s) dict_keys(['tutorial']) retrieved from /opt/anaconda3/envs/af2/lib/python3.8/site-packages/airflow/example_dags/tutorial.py
[2021-10-21 12:50:02,421] {logging_mixin.py:109} INFO - [2021-10-21 12:50:02,421] {dag.py:2389} INFO - Sync 1 DAGs
[2021-10-21 12:50:02,425] {logging_mixin.py:109} INFO - [2021-10-21 12:50:02,425] {dag.py:2914} INFO - Setting next_dagrun for tutorial to 2021-10-20T10:50:02.425583+00:00
[2021-10-21 12:50:02,429] {processor.py:171} INFO - Processing /opt/anaconda3/envs/af2/lib/python3.8/site-packages/airflow/example_dags/tutorial.py took 0.033 seconds
[2021-10-21 12:51:16,434] {processor.py:163} INFO - Started process (PID=26988) to work on /opt/anaconda3/envs/af2/lib/python3.8/site-packages/airflow/example_dags/tutorial.py
[2021-10-21 12:51:16,435] {processor.py:620} INFO - Processing file /opt/anaconda3/envs/af2/lib/python3.8/site-packages/airflow/example_dags/tutorial.py for tasks to queue
[2021-10-21 12:51:16,435] {logging_mixin.py:109} INFO - [2021-10-21 12:51:16,435] {dagbag.py:500} INFO - Filling up the DagBag from /opt/anaconda3/envs/af2/lib/python3.8/site-packages/airflow/example_dags/tutorial.py
[2021-10-21 12:51:16,451] {processor.py:632} INFO - DAG(s) dict_keys(['tutorial']) retrieved from /opt/anaconda3/envs/af2/lib/python3.8/site-packages/airflow/example_dags/tutorial.py
[2021-10-21 12:51:16,460] {logging_mixin.py:109} INFO - [2021-10-21 12:51:16,460] {dag.py:2389} INFO - Sync 1 DAGs
[2021-10-21 12:51:16,465] {logging_mixin.py:109} INFO - [2021-10-21 12:51:16,464] {dag.py:2914} INFO - Setting next_dagrun for tutorial to 2021-10-20T10:51:16.464852+00:00
[2021-10-21 12:51:16,468] {processor.py:171} INFO - Processing /opt/anaconda3/envs/af2/lib/python3.8/site-packages/airflow/example_dags/tutorial.py took 0.035 seconds
[2021-10-21 12:52:18,803] {processor.py:163} INFO - Started process (PID=27066) to work on /opt/anaconda3/envs/af2/lib/python3.8/site-packages/airflow/example_dags/tutorial.py
[2021-10-21 12:52:18,806] {processor.py:620} INFO - Processing file /opt/anaconda3/envs/af2/lib/python3.8/site-packages/airflow/example_dags/tutorial.py for tasks to queue
[2021-10-21 12:52:18,806] {logging_mixin.py:109} INFO - [2021-10-21 12:52:18,806] {dagbag.py:500} INFO - Filling up the DagBag from /opt/anaconda3/envs/af2/lib/python3.8/site-packages/airflow/example_dags/tutorial.py
[2021-10-21 12:52:18,823] {processor.py:632} INFO - DAG(s) dict_keys(['tutorial']) retrieved from /opt/anaconda3/envs/af2/lib/python3.8/site-packages/airflow/example_dags/tutorial.py
[2021-10-21 12:52:18,832] {logging_mixin.py:109} INFO - [2021-10-21 12:52:18,832] {dag.py:2389} INFO - Sync 1 DAGs
[2021-10-21 12:52:18,836] {logging_mixin.py:109} INFO - [2021-10-21 12:52:18,836] {dag.py:2914} INFO - Setting next_dagrun for tutorial to 2021-10-20T10:52:18.836826+00:00
[2021-10-21 12:52:18,840] {processor.py:171} INFO - Processing /opt/anaconda3/envs/af2/lib/python3.8/site-packages/airflow/example_dags/tutorial.py took 0.038 seconds
[2021-10-21 12:53:31,903] {processor.py:163} INFO - Started process (PID=27158) to work on /opt/anaconda3/envs/af2/lib/python3.8/site-packages/airflow/example_dags/tutorial.py
[2021-10-21 12:53:31,903] {processor.py:620} INFO - Processing file /opt/anaconda3/envs/af2/lib/python3.8/site-packages/airflow/example_dags/tutorial.py for tasks to queue
[2021-10-21 12:53:31,904] {logging_mixin.py:109} INFO - [2021-10-21 12:53:31,904] {dagbag.py:500} INFO - Filling up the DagBag from /opt/anaconda3/envs/af2/lib/python3.8/site-packages/airflow/example_dags/tutorial.py
[2021-10-21 12:53:31,920] {processor.py:632} INFO - DAG(s) dict_keys(['tutorial']) retrieved from /opt/anaconda3/envs/af2/lib/python3.8/site-packages/airflow/example_dags/tutorial.py
[2021-10-21 12:53:31,929] {logging_mixin.py:109} INFO - [2021-10-21 12:53:31,929] {dag.py:2389} INFO - Sync 1 DAGs
[2021-10-21 12:53:31,933] {logging_mixin.py:109} INFO - [2021-10-21 12:53:31,933] {dag.py:2914} INFO - Setting next_dagrun for tutorial to 2021-10-20T10:53:31.933414+00:00
[2021-10-21 12:53:31,937] {processor.py:171} INFO - Processing /opt/anaconda3/envs/af2/lib/python3.8/site-packages/airflow/example_dags/tutorial.py took 0.035 seconds
[2021-10-21 12:55:00,254] {processor.py:163} INFO - Started process (PID=27259) to work on /opt/anaconda3/envs/af2/lib/python3.8/site-packages/airflow/example_dags/tutorial.py
[2021-10-21 12:55:00,255] {processor.py:620} INFO - Processing file /opt/anaconda3/envs/af2/lib/python3.8/site-packages/airflow/example_dags/tutorial.py for tasks to queue
[2021-10-21 12:55:00,255] {logging_mixin.py:109} INFO - [2021-10-21 12:55:00,255] {dagbag.py:500} INFO - Filling up the DagBag from /opt/anaconda3/envs/af2/lib/python3.8/site-packages/airflow/example_dags/tutorial.py
[2021-10-21 12:55:00,272] {processor.py:632} INFO - DAG(s) dict_keys(['tutorial']) retrieved from /opt/anaconda3/envs/af2/lib/python3.8/site-packages/airflow/example_dags/tutorial.py
[2021-10-21 12:55:00,281] {logging_mixin.py:109} INFO - [2021-10-21 12:55:00,281] {dag.py:2389} INFO - Sync 1 DAGs
[2021-10-21 12:55:00,285] {logging_mixin.py:109} INFO - [2021-10-21 12:55:00,285] {dag.py:2914} INFO - Setting next_dagrun for tutorial to 2021-10-20T10:55:00.285523+00:00
[2021-10-21 12:55:00,289] {processor.py:171} INFO - Processing /opt/anaconda3/envs/af2/lib/python3.8/site-packages/airflow/example_dags/tutorial.py took 0.036 seconds
[2021-10-21 12:56:26,268] {processor.py:163} INFO - Started process (PID=27358) to work on /opt/anaconda3/envs/af2/lib/python3.8/site-packages/airflow/example_dags/tutorial.py
[2021-10-21 12:56:26,269] {processor.py:620} INFO - Processing file /opt/anaconda3/envs/af2/lib/python3.8/site-packages/airflow/example_dags/tutorial.py for tasks to queue
[2021-10-21 12:56:26,269] {logging_mixin.py:109} INFO - [2021-10-21 12:56:26,269] {dagbag.py:500} INFO - Filling up the DagBag from /opt/anaconda3/envs/af2/lib/python3.8/site-packages/airflow/example_dags/tutorial.py
[2021-10-21 12:56:26,285] {processor.py:632} INFO - DAG(s) dict_keys(['tutorial']) retrieved from /opt/anaconda3/envs/af2/lib/python3.8/site-packages/airflow/example_dags/tutorial.py
[2021-10-21 12:56:26,294] {logging_mixin.py:109} INFO - [2021-10-21 12:56:26,294] {dag.py:2389} INFO - Sync 1 DAGs
[2021-10-21 12:56:26,298] {logging_mixin.py:109} INFO - [2021-10-21 12:56:26,298] {dag.py:2914} INFO - Setting next_dagrun for tutorial to 2021-10-20T10:56:26.298388+00:00
[2021-10-21 12:56:26,302] {processor.py:171} INFO - Processing /opt/anaconda3/envs/af2/lib/python3.8/site-packages/airflow/example_dags/tutorial.py took 0.035 seconds
[2021-10-21 12:57:58,749] {processor.py:163} INFO - Started process (PID=27480) to work on /opt/anaconda3/envs/af2/lib/python3.8/site-packages/airflow/example_dags/tutorial.py
[2021-10-21 12:57:58,750] {processor.py:620} INFO - Processing file /opt/anaconda3/envs/af2/lib/python3.8/site-packages/airflow/example_dags/tutorial.py for tasks to queue
[2021-10-21 12:57:58,750] {logging_mixin.py:109} INFO - [2021-10-21 12:57:58,750] {dagbag.py:500} INFO - Filling up the DagBag from /opt/anaconda3/envs/af2/lib/python3.8/site-packages/airflow/example_dags/tutorial.py
[2021-10-21 12:57:58,766] {processor.py:632} INFO - DAG(s) dict_keys(['tutorial']) retrieved from /opt/anaconda3/envs/af2/lib/python3.8/site-packages/airflow/example_dags/tutorial.py
[2021-10-21 12:57:58,775] {logging_mixin.py:109} INFO - [2021-10-21 12:57:58,775] {dag.py:2389} INFO - Sync 1 DAGs
[2021-10-21 12:57:58,779] {logging_mixin.py:109} INFO - [2021-10-21 12:57:58,779] {dag.py:2914} INFO - Setting next_dagrun for tutorial to 2021-10-20T10:57:58.779161+00:00
[2021-10-21 12:57:58,782] {processor.py:171} INFO - Processing /opt/anaconda3/envs/af2/lib/python3.8/site-packages/airflow/example_dags/tutorial.py took 0.035 seconds
[2021-10-21 12:59:27,845] {processor.py:163} INFO - Started process (PID=27587) to work on /opt/anaconda3/envs/af2/lib/python3.8/site-packages/airflow/example_dags/tutorial.py
[2021-10-21 12:59:27,845] {processor.py:620} INFO - Processing file /opt/anaconda3/envs/af2/lib/python3.8/site-packages/airflow/example_dags/tutorial.py for tasks to queue
[2021-10-21 12:59:27,846] {logging_mixin.py:109} INFO - [2021-10-21 12:59:27,845] {dagbag.py:500} INFO - Filling up the DagBag from /opt/anaconda3/envs/af2/lib/python3.8/site-packages/airflow/example_dags/tutorial.py
[2021-10-21 12:59:27,861] {processor.py:632} INFO - DAG(s) dict_keys(['tutorial']) retrieved from /opt/anaconda3/envs/af2/lib/python3.8/site-packages/airflow/example_dags/tutorial.py
[2021-10-21 12:59:27,869] {logging_mixin.py:109} INFO - [2021-10-21 12:59:27,869] {dag.py:2389} INFO - Sync 1 DAGs
[2021-10-21 12:59:27,874] {logging_mixin.py:109} INFO - [2021-10-21 12:59:27,874] {dag.py:2914} INFO - Setting next_dagrun for tutorial to 2021-10-20T10:59:27.873935+00:00
[2021-10-21 12:59:27,877] {processor.py:171} INFO - Processing /opt/anaconda3/envs/af2/lib/python3.8/site-packages/airflow/example_dags/tutorial.py took 0.033 seconds
[2021-10-21 13:01:00,878] {processor.py:163} INFO - Started process (PID=27685) to work on /opt/anaconda3/envs/af2/lib/python3.8/site-packages/airflow/example_dags/tutorial.py
[2021-10-21 13:01:00,879] {processor.py:620} INFO - Processing file /opt/anaconda3/envs/af2/lib/python3.8/site-packages/airflow/example_dags/tutorial.py for tasks to queue
[2021-10-21 13:01:00,880] {logging_mixin.py:109} INFO - [2021-10-21 13:01:00,880] {dagbag.py:500} INFO - Filling up the DagBag from /opt/anaconda3/envs/af2/lib/python3.8/site-packages/airflow/example_dags/tutorial.py
[2021-10-21 13:01:00,896] {processor.py:632} INFO - DAG(s) dict_keys(['tutorial']) retrieved from /opt/anaconda3/envs/af2/lib/python3.8/site-packages/airflow/example_dags/tutorial.py
[2021-10-21 13:01:00,905] {logging_mixin.py:109} INFO - [2021-10-21 13:01:00,905] {dag.py:2389} INFO - Sync 1 DAGs
[2021-10-21 13:01:00,909] {logging_mixin.py:109} INFO - [2021-10-21 13:01:00,909] {dag.py:2914} INFO - Setting next_dagrun for tutorial to 2021-10-20T11:01:00.909476+00:00
[2021-10-21 13:01:00,913] {processor.py:171} INFO - Processing /opt/anaconda3/envs/af2/lib/python3.8/site-packages/airflow/example_dags/tutorial.py took 0.035 seconds
[2021-10-21 13:02:31,143] {processor.py:163} INFO - Started process (PID=27815) to work on /opt/anaconda3/envs/af2/lib/python3.8/site-packages/airflow/example_dags/tutorial.py
[2021-10-21 13:02:31,144] {processor.py:620} INFO - Processing file /opt/anaconda3/envs/af2/lib/python3.8/site-packages/airflow/example_dags/tutorial.py for tasks to queue
[2021-10-21 13:02:31,144] {logging_mixin.py:109} INFO - [2021-10-21 13:02:31,144] {dagbag.py:500} INFO - Filling up the DagBag from /opt/anaconda3/envs/af2/lib/python3.8/site-packages/airflow/example_dags/tutorial.py
[2021-10-21 13:02:31,159] {processor.py:632} INFO - DAG(s) dict_keys(['tutorial']) retrieved from /opt/anaconda3/envs/af2/lib/python3.8/site-packages/airflow/example_dags/tutorial.py
[2021-10-21 13:02:31,169] {logging_mixin.py:109} INFO - [2021-10-21 13:02:31,169] {dag.py:2389} INFO - Sync 1 DAGs
[2021-10-21 13:02:31,174] {logging_mixin.py:109} INFO - [2021-10-21 13:02:31,174] {dag.py:2914} INFO - Setting next_dagrun for tutorial to 2021-10-20T11:02:31.173951+00:00
[2021-10-21 13:02:31,177] {processor.py:171} INFO - Processing /opt/anaconda3/envs/af2/lib/python3.8/site-packages/airflow/example_dags/tutorial.py took 0.035 seconds
[2021-10-21 13:03:59,754] {processor.py:163} INFO - Started process (PID=27915) to work on /opt/anaconda3/envs/af2/lib/python3.8/site-packages/airflow/example_dags/tutorial.py
[2021-10-21 13:03:59,755] {processor.py:620} INFO - Processing file /opt/anaconda3/envs/af2/lib/python3.8/site-packages/airflow/example_dags/tutorial.py for tasks to queue
[2021-10-21 13:03:59,755] {logging_mixin.py:109} INFO - [2021-10-21 13:03:59,755] {dagbag.py:500} INFO - Filling up the DagBag from /opt/anaconda3/envs/af2/lib/python3.8/site-packages/airflow/example_dags/tutorial.py
[2021-10-21 13:03:59,773] {processor.py:632} INFO - DAG(s) dict_keys(['tutorial']) retrieved from /opt/anaconda3/envs/af2/lib/python3.8/site-packages/airflow/example_dags/tutorial.py
[2021-10-21 13:03:59,783] {logging_mixin.py:109} INFO - [2021-10-21 13:03:59,783] {dag.py:2389} INFO - Sync 1 DAGs
[2021-10-21 13:03:59,787] {logging_mixin.py:109} INFO - [2021-10-21 13:03:59,787] {dag.py:2914} INFO - Setting next_dagrun for tutorial to 2021-10-20T11:03:59.787638+00:00
[2021-10-21 13:03:59,791] {processor.py:171} INFO - Processing /opt/anaconda3/envs/af2/lib/python3.8/site-packages/airflow/example_dags/tutorial.py took 0.038 seconds
[2021-10-21 13:05:31,083] {processor.py:163} INFO - Started process (PID=28018) to work on /opt/anaconda3/envs/af2/lib/python3.8/site-packages/airflow/example_dags/tutorial.py
[2021-10-21 13:05:31,083] {processor.py:620} INFO - Processing file /opt/anaconda3/envs/af2/lib/python3.8/site-packages/airflow/example_dags/tutorial.py for tasks to queue
[2021-10-21 13:05:31,083] {logging_mixin.py:109} INFO - [2021-10-21 13:05:31,083] {dagbag.py:500} INFO - Filling up the DagBag from /opt/anaconda3/envs/af2/lib/python3.8/site-packages/airflow/example_dags/tutorial.py
[2021-10-21 13:05:31,101] {processor.py:632} INFO - DAG(s) dict_keys(['tutorial']) retrieved from /opt/anaconda3/envs/af2/lib/python3.8/site-packages/airflow/example_dags/tutorial.py
[2021-10-21 13:05:31,110] {logging_mixin.py:109} INFO - [2021-10-21 13:05:31,110] {dag.py:2389} INFO - Sync 1 DAGs
[2021-10-21 13:05:31,115] {logging_mixin.py:109} INFO - [2021-10-21 13:05:31,115] {dag.py:2914} INFO - Setting next_dagrun for tutorial to 2021-10-20T11:05:31.114934+00:00
[2021-10-21 13:05:31,118] {processor.py:171} INFO - Processing /opt/anaconda3/envs/af2/lib/python3.8/site-packages/airflow/example_dags/tutorial.py took 0.037 seconds
[2021-10-21 13:07:00,877] {processor.py:163} INFO - Started process (PID=28183) to work on /opt/anaconda3/envs/af2/lib/python3.8/site-packages/airflow/example_dags/tutorial.py
[2021-10-21 13:07:00,877] {processor.py:620} INFO - Processing file /opt/anaconda3/envs/af2/lib/python3.8/site-packages/airflow/example_dags/tutorial.py for tasks to queue
[2021-10-21 13:07:00,878] {logging_mixin.py:109} INFO - [2021-10-21 13:07:00,878] {dagbag.py:500} INFO - Filling up the DagBag from /opt/anaconda3/envs/af2/lib/python3.8/site-packages/airflow/example_dags/tutorial.py
[2021-10-21 13:07:00,895] {processor.py:632} INFO - DAG(s) dict_keys(['tutorial']) retrieved from /opt/anaconda3/envs/af2/lib/python3.8/site-packages/airflow/example_dags/tutorial.py
[2021-10-21 13:07:00,907] {logging_mixin.py:109} INFO - [2021-10-21 13:07:00,907] {dag.py:2389} INFO - Sync 1 DAGs
[2021-10-21 13:07:00,912] {logging_mixin.py:109} INFO - [2021-10-21 13:07:00,912] {dag.py:2914} INFO - Setting next_dagrun for tutorial to 2021-10-20T11:07:00.912671+00:00
[2021-10-21 13:07:00,917] {processor.py:171} INFO - Processing /opt/anaconda3/envs/af2/lib/python3.8/site-packages/airflow/example_dags/tutorial.py took 0.041 seconds
[2021-10-21 13:08:29,988] {processor.py:163} INFO - Started process (PID=28307) to work on /opt/anaconda3/envs/af2/lib/python3.8/site-packages/airflow/example_dags/tutorial.py
[2021-10-21 13:08:29,989] {processor.py:620} INFO - Processing file /opt/anaconda3/envs/af2/lib/python3.8/site-packages/airflow/example_dags/tutorial.py for tasks to queue
[2021-10-21 13:08:29,989] {logging_mixin.py:109} INFO - [2021-10-21 13:08:29,989] {dagbag.py:500} INFO - Filling up the DagBag from /opt/anaconda3/envs/af2/lib/python3.8/site-packages/airflow/example_dags/tutorial.py
[2021-10-21 13:08:30,006] {processor.py:632} INFO - DAG(s) dict_keys(['tutorial']) retrieved from /opt/anaconda3/envs/af2/lib/python3.8/site-packages/airflow/example_dags/tutorial.py
[2021-10-21 13:08:30,016] {logging_mixin.py:109} INFO - [2021-10-21 13:08:30,016] {dag.py:2389} INFO - Sync 1 DAGs
[2021-10-21 13:08:30,020] {logging_mixin.py:109} INFO - [2021-10-21 13:08:30,020] {dag.py:2914} INFO - Setting next_dagrun for tutorial to 2021-10-20T11:08:30.020392+00:00
[2021-10-21 13:08:30,024] {processor.py:171} INFO - Processing /opt/anaconda3/envs/af2/lib/python3.8/site-packages/airflow/example_dags/tutorial.py took 0.037 seconds
